[0.056s] Invoking command in '/home/yeap/APC_2022_Prac/airsimversion/autoware.ai/build/freespace_planner': CMAKE_PREFIX_PATH=/home/yeap/APC_2022_Prac/airsimversion/autoware.ai/install/astar_search:/home/yeap/APC_2022_Prac/airsimversion/autoware.ai/install/autoware_msgs:/home/yeap/APC_2022_Prac/airsimversion/autoware.ai/install/autoware_build_flags:${CMAKE_PREFIX_PATH} LD_LIBRARY_PATH=/home/yeap/APC_2022_Prac/airsimversion/autoware.ai/install/astar_search/lib:${LD_LIBRARY_PATH} PKG_CONFIG_PATH=/home/yeap/APC_2022_Prac/airsimversion/autoware.ai/install/astar_search/lib/x86_64-linux-gnu/pkgconfig:/home/yeap/APC_2022_Prac/airsimversion/autoware.ai/install/astar_search/lib/pkgconfig:/home/yeap/APC_2022_Prac/airsimversion/autoware.ai/install/autoware_msgs/lib/x86_64-linux-gnu/pkgconfig:/home/yeap/APC_2022_Prac/airsimversion/autoware.ai/install/autoware_msgs/lib/pkgconfig:/home/yeap/APC_2022_Prac/airsimversion/autoware.ai/install/autoware_build_flags/lib/x86_64-linux-gnu/pkgconfig:/home/yeap/APC_2022_Prac/airsimversion/autoware.ai/install/autoware_build_flags/lib/pkgconfig:${PKG_CONFIG_PATH} PYTHONPATH=/home/yeap/APC_2022_Prac/airsimversion/autoware.ai/install/autoware_msgs/lib/python2.7/dist-packages:${PYTHONPATH} ROS_PACKAGE_PATH=/home/yeap/APC_2022_Prac/airsimversion/autoware.ai/install/astar_search/share:/home/yeap/APC_2022_Prac/airsimversion/autoware.ai/install/autoware_msgs/share:/home/yeap/APC_2022_Prac/airsimversion/autoware.ai/install/autoware_build_flags/share:${ROS_PACKAGE_PATH} /usr/bin/cmake --build /home/yeap/APC_2022_Prac/airsimversion/autoware.ai/build/freespace_planner -- -j6 -l6
[0.139s] [  0%] Built target visualization_msgs_generate_messages_eus
[0.161s] [  0%] Built target roscpp_generate_messages_cpp
[0.184s] [  0%] Built target actionlib_generate_messages_cpp
[0.216s] [  0%] Built target pcl_msgs_generate_messages_eus
[0.244s] [  0%] Built target rosgraph_msgs_generate_messages_eus
[0.266s] [  0%] Built target jsk_recognition_msgs_generate_messages_lisp
[0.294s] [  0%] Built target jsk_recognition_msgs_generate_messages_eus
[0.323s] [  0%] Built target tf2_msgs_generate_messages_cpp
[0.348s] [  0%] Built target std_msgs_generate_messages_py
[0.374s] [  0%] Built target autoware_msgs_generate_messages_py
[0.396s] [  0%] Built target std_msgs_generate_messages_nodejs
[0.425s] [  0%] Built target sensor_msgs_generate_messages_eus
[0.453s] [  0%] Built target _catkin_empty_exported_target
[0.469s] [  0%] Built target sensor_msgs_generate_messages_cpp
[0.491s] [  0%] Built target autoware_msgs_generate_messages_cpp
[0.519s] [  0%] Built target rosgraph_msgs_generate_messages_cpp
[0.543s] [  0%] Built target jsk_recognition_msgs_generate_messages_py
[0.569s] [  0%] Built target sensor_msgs_generate_messages_py
[0.592s] [  0%] Built target tf_generate_messages_py
[0.624s] [  0%] Built target std_msgs_generate_messages_cpp
[0.656s] [  0%] Built target jsk_footstep_msgs_generate_messages_py
[0.688s] [  0%] Built target actionlib_msgs_generate_messages_nodejs
[0.710s] [  0%] Built target nav_msgs_generate_messages_nodejs
[0.731s] [  0%] Built target geometry_msgs_generate_messages_eus
[0.755s] [  0%] Built target std_msgs_generate_messages_lisp
[0.779s] [  0%] Built target roscpp_generate_messages_nodejs
[0.808s] [  0%] Built target geometry_msgs_generate_messages_nodejs
[0.835s] [  0%] Built target geometry_msgs_generate_messages_lisp
[0.857s] [  0%] Built target pcl_msgs_generate_messages_cpp
[0.879s] [  0%] Built target jsk_recognition_msgs_generate_messages_cpp
[0.905s] [  0%] Built target autoware_msgs_generate_messages_eus
[0.930s] [  0%] Built target autoware_msgs_generate_messages_lisp
[0.956s] [  0%] Built target visualization_msgs_generate_messages_lisp
[0.980s] [  0%] Built target std_msgs_generate_messages_eus
[1.002s] [  0%] Built target autoware_msgs_generate_messages_nodejs
[1.024s] [  0%] Built target jsk_footstep_msgs_generate_messages_eus
[1.046s] [  0%] Built target actionlib_msgs_generate_messages_py
[1.072s] [  0%] Built target jsk_footstep_msgs_generate_messages_lisp
[1.095s] [  0%] Built target jsk_footstep_msgs_generate_messages_nodejs
[1.118s] [  0%] Built target actionlib_msgs_generate_messages_lisp
[1.143s] [  0%] Built target sensor_msgs_generate_messages_lisp
[1.172s] [  0%] Built target nav_msgs_generate_messages_cpp
[1.196s] [  0%] Built target pcl_msgs_generate_messages_nodejs
[1.222s] [  0%] Built target nav_msgs_generate_messages_lisp
[1.245s] [  0%] Built target jsk_recognition_msgs_generate_messages_nodejs
[1.276s] [  0%] Built target roscpp_generate_messages_lisp
[1.298s] [  0%] Built target roscpp_generate_messages_py
[1.328s] [  0%] Built target rosgraph_msgs_generate_messages_lisp
[1.351s] [  0%] Built target rosgraph_msgs_generate_messages_nodejs
[1.373s] [  0%] Built target roscpp_generate_messages_eus
[1.399s] [  0%] Built target actionlib_msgs_generate_messages_eus
[1.428s] [  0%] Built target rosgraph_msgs_generate_messages_py
[1.459s] [  0%] Built target jsk_footstep_msgs_generate_messages_cpp
[1.482s] [  0%] Built target actionlib_msgs_generate_messages_cpp
[1.509s] [  0%] Built target tf_generate_messages_eus
[1.531s] [  0%] Built target tf_generate_messages_lisp
[1.557s] [  0%] Built target tf_generate_messages_nodejs
[1.579s] [  0%] Built target pcl_msgs_generate_messages_py
[1.600s] [  0%] Built target actionlib_generate_messages_eus
[1.628s] [  0%] Built target geometry_msgs_generate_messages_cpp
[1.654s] [  0%] Built target actionlib_generate_messages_lisp
[1.676s] [  0%] Built target pcl_msgs_generate_messages_lisp
[1.706s] [  0%] Built target tf_generate_messages_cpp
[1.735s] [  0%] Built target actionlib_generate_messages_nodejs
[1.761s] [  0%] Built target nav_msgs_generate_messages_py
[1.783s] [  0%] Built target tf2_msgs_generate_messages_lisp
[1.807s] [  0%] Built target actionlib_generate_messages_py
[1.831s] [  0%] Built target tf2_msgs_generate_messages_py
[1.856s] [  0%] Built target tf2_msgs_generate_messages_nodejs
[1.877s] [  0%] Built target nav_msgs_generate_messages_eus
[1.902s] [  0%] Built target tf2_msgs_generate_messages_eus
[1.924s] [  0%] Built target visualization_msgs_generate_messages_cpp
[1.949s] [  0%] Built target sensor_msgs_generate_messages_nodejs
[1.981s] [  0%] Built target geometry_msgs_generate_messages_py
[2.012s] [  0%] Built target visualization_msgs_generate_messages_nodejs
[2.034s] [  0%] Built target visualization_msgs_generate_messages_py
[2.073s] [100%] Built target astar_navi
[2.089s] Invoked command in '/home/yeap/APC_2022_Prac/airsimversion/autoware.ai/build/freespace_planner' returned '0': CMAKE_PREFIX_PATH=/home/yeap/APC_2022_Prac/airsimversion/autoware.ai/install/astar_search:/home/yeap/APC_2022_Prac/airsimversion/autoware.ai/install/autoware_msgs:/home/yeap/APC_2022_Prac/airsimversion/autoware.ai/install/autoware_build_flags:${CMAKE_PREFIX_PATH} LD_LIBRARY_PATH=/home/yeap/APC_2022_Prac/airsimversion/autoware.ai/install/astar_search/lib:${LD_LIBRARY_PATH} PKG_CONFIG_PATH=/home/yeap/APC_2022_Prac/airsimversion/autoware.ai/install/astar_search/lib/x86_64-linux-gnu/pkgconfig:/home/yeap/APC_2022_Prac/airsimversion/autoware.ai/install/astar_search/lib/pkgconfig:/home/yeap/APC_2022_Prac/airsimversion/autoware.ai/install/autoware_msgs/lib/x86_64-linux-gnu/pkgconfig:/home/yeap/APC_2022_Prac/airsimversion/autoware.ai/install/autoware_msgs/lib/pkgconfig:/home/yeap/APC_2022_Prac/airsimversion/autoware.ai/install/autoware_build_flags/lib/x86_64-linux-gnu/pkgconfig:/home/yeap/APC_2022_Prac/airsimversion/autoware.ai/install/autoware_build_flags/lib/pkgconfig:${PKG_CONFIG_PATH} PYTHONPATH=/home/yeap/APC_2022_Prac/airsimversion/autoware.ai/install/autoware_msgs/lib/python2.7/dist-packages:${PYTHONPATH} ROS_PACKAGE_PATH=/home/yeap/APC_2022_Prac/airsimversion/autoware.ai/install/astar_search/share:/home/yeap/APC_2022_Prac/airsimversion/autoware.ai/install/autoware_msgs/share:/home/yeap/APC_2022_Prac/airsimversion/autoware.ai/install/autoware_build_flags/share:${ROS_PACKAGE_PATH} /usr/bin/cmake --build /home/yeap/APC_2022_Prac/airsimversion/autoware.ai/build/freespace_planner -- -j6 -l6
[2.210s] Invoking command in '/home/yeap/APC_2022_Prac/airsimversion/autoware.ai/build/freespace_planner': CMAKE_PREFIX_PATH=/home/yeap/APC_2022_Prac/airsimversion/autoware.ai/install/astar_search:/home/yeap/APC_2022_Prac/airsimversion/autoware.ai/install/autoware_msgs:/home/yeap/APC_2022_Prac/airsimversion/autoware.ai/install/autoware_build_flags:${CMAKE_PREFIX_PATH} LD_LIBRARY_PATH=/home/yeap/APC_2022_Prac/airsimversion/autoware.ai/install/astar_search/lib:${LD_LIBRARY_PATH} PKG_CONFIG_PATH=/home/yeap/APC_2022_Prac/airsimversion/autoware.ai/install/astar_search/lib/x86_64-linux-gnu/pkgconfig:/home/yeap/APC_2022_Prac/airsimversion/autoware.ai/install/astar_search/lib/pkgconfig:/home/yeap/APC_2022_Prac/airsimversion/autoware.ai/install/autoware_msgs/lib/x86_64-linux-gnu/pkgconfig:/home/yeap/APC_2022_Prac/airsimversion/autoware.ai/install/autoware_msgs/lib/pkgconfig:/home/yeap/APC_2022_Prac/airsimversion/autoware.ai/install/autoware_build_flags/lib/x86_64-linux-gnu/pkgconfig:/home/yeap/APC_2022_Prac/airsimversion/autoware.ai/install/autoware_build_flags/lib/pkgconfig:${PKG_CONFIG_PATH} PYTHONPATH=/home/yeap/APC_2022_Prac/airsimversion/autoware.ai/install/autoware_msgs/lib/python2.7/dist-packages:${PYTHONPATH} ROS_PACKAGE_PATH=/home/yeap/APC_2022_Prac/airsimversion/autoware.ai/install/astar_search/share:/home/yeap/APC_2022_Prac/airsimversion/autoware.ai/install/autoware_msgs/share:/home/yeap/APC_2022_Prac/airsimversion/autoware.ai/install/autoware_build_flags/share:${ROS_PACKAGE_PATH} /usr/bin/cmake --build /home/yeap/APC_2022_Prac/airsimversion/autoware.ai/build/freespace_planner --target tests -- -j6 -l6
[2.286s] Built target tests
[2.302s] Invoked command in '/home/yeap/APC_2022_Prac/airsimversion/autoware.ai/build/freespace_planner' returned '0': CMAKE_PREFIX_PATH=/home/yeap/APC_2022_Prac/airsimversion/autoware.ai/install/astar_search:/home/yeap/APC_2022_Prac/airsimversion/autoware.ai/install/autoware_msgs:/home/yeap/APC_2022_Prac/airsimversion/autoware.ai/install/autoware_build_flags:${CMAKE_PREFIX_PATH} LD_LIBRARY_PATH=/home/yeap/APC_2022_Prac/airsimversion/autoware.ai/install/astar_search/lib:${LD_LIBRARY_PATH} PKG_CONFIG_PATH=/home/yeap/APC_2022_Prac/airsimversion/autoware.ai/install/astar_search/lib/x86_64-linux-gnu/pkgconfig:/home/yeap/APC_2022_Prac/airsimversion/autoware.ai/install/astar_search/lib/pkgconfig:/home/yeap/APC_2022_Prac/airsimversion/autoware.ai/install/autoware_msgs/lib/x86_64-linux-gnu/pkgconfig:/home/yeap/APC_2022_Prac/airsimversion/autoware.ai/install/autoware_msgs/lib/pkgconfig:/home/yeap/APC_2022_Prac/airsimversion/autoware.ai/install/autoware_build_flags/lib/x86_64-linux-gnu/pkgconfig:/home/yeap/APC_2022_Prac/airsimversion/autoware.ai/install/autoware_build_flags/lib/pkgconfig:${PKG_CONFIG_PATH} PYTHONPATH=/home/yeap/APC_2022_Prac/airsimversion/autoware.ai/install/autoware_msgs/lib/python2.7/dist-packages:${PYTHONPATH} ROS_PACKAGE_PATH=/home/yeap/APC_2022_Prac/airsimversion/autoware.ai/install/astar_search/share:/home/yeap/APC_2022_Prac/airsimversion/autoware.ai/install/autoware_msgs/share:/home/yeap/APC_2022_Prac/airsimversion/autoware.ai/install/autoware_build_flags/share:${ROS_PACKAGE_PATH} /usr/bin/cmake --build /home/yeap/APC_2022_Prac/airsimversion/autoware.ai/build/freespace_planner --target tests -- -j6 -l6
[2.408s] Invoking command in '/home/yeap/APC_2022_Prac/airsimversion/autoware.ai/build/freespace_planner': CMAKE_PREFIX_PATH=/home/yeap/APC_2022_Prac/airsimversion/autoware.ai/install/astar_search:/home/yeap/APC_2022_Prac/airsimversion/autoware.ai/install/autoware_msgs:/home/yeap/APC_2022_Prac/airsimversion/autoware.ai/install/autoware_build_flags:${CMAKE_PREFIX_PATH} LD_LIBRARY_PATH=/home/yeap/APC_2022_Prac/airsimversion/autoware.ai/install/astar_search/lib:${LD_LIBRARY_PATH} PKG_CONFIG_PATH=/home/yeap/APC_2022_Prac/airsimversion/autoware.ai/install/astar_search/lib/x86_64-linux-gnu/pkgconfig:/home/yeap/APC_2022_Prac/airsimversion/autoware.ai/install/astar_search/lib/pkgconfig:/home/yeap/APC_2022_Prac/airsimversion/autoware.ai/install/autoware_msgs/lib/x86_64-linux-gnu/pkgconfig:/home/yeap/APC_2022_Prac/airsimversion/autoware.ai/install/autoware_msgs/lib/pkgconfig:/home/yeap/APC_2022_Prac/airsimversion/autoware.ai/install/autoware_build_flags/lib/x86_64-linux-gnu/pkgconfig:/home/yeap/APC_2022_Prac/airsimversion/autoware.ai/install/autoware_build_flags/lib/pkgconfig:${PKG_CONFIG_PATH} PYTHONPATH=/home/yeap/APC_2022_Prac/airsimversion/autoware.ai/install/autoware_msgs/lib/python2.7/dist-packages:${PYTHONPATH} ROS_PACKAGE_PATH=/home/yeap/APC_2022_Prac/airsimversion/autoware.ai/install/astar_search/share:/home/yeap/APC_2022_Prac/airsimversion/autoware.ai/install/autoware_msgs/share:/home/yeap/APC_2022_Prac/airsimversion/autoware.ai/install/autoware_build_flags/share:${ROS_PACKAGE_PATH} /usr/bin/cmake --build /home/yeap/APC_2022_Prac/airsimversion/autoware.ai/build/freespace_planner --target install -- -j6 -l6
[2.467s] [  0%] Built target visualization_msgs_generate_messages_eus
[2.492s] [  0%] Built target roscpp_generate_messages_cpp
[2.516s] [  0%] Built target actionlib_generate_messages_cpp
[2.536s] [  0%] Built target pcl_msgs_generate_messages_eus
[2.558s] [  0%] Built target rosgraph_msgs_generate_messages_eus
[2.577s] [  0%] Built target jsk_recognition_msgs_generate_messages_lisp
[2.611s] [  0%] Built target jsk_recognition_msgs_generate_messages_eus
[2.633s] [  0%] Built target tf2_msgs_generate_messages_cpp
[2.657s] [  0%] Built target std_msgs_generate_messages_py
[2.683s] [  0%] Built target autoware_msgs_generate_messages_py
[2.708s] [  0%] Built target std_msgs_generate_messages_nodejs
[2.731s] [  0%] Built target sensor_msgs_generate_messages_eus
[2.753s] [  0%] Built target _catkin_empty_exported_target
[2.777s] [  0%] Built target sensor_msgs_generate_messages_cpp
[2.804s] [  0%] Built target autoware_msgs_generate_messages_cpp
[2.825s] [  0%] Built target rosgraph_msgs_generate_messages_cpp
[2.844s] [  0%] Built target jsk_recognition_msgs_generate_messages_py
[2.864s] [  0%] Built target sensor_msgs_generate_messages_py
[2.885s] [  0%] Built target tf_generate_messages_py
[2.907s] [  0%] Built target std_msgs_generate_messages_cpp
[2.936s] [  0%] Built target jsk_footstep_msgs_generate_messages_py
[2.963s] [  0%] Built target actionlib_msgs_generate_messages_nodejs
[2.984s] [  0%] Built target nav_msgs_generate_messages_nodejs
[3.007s] [  0%] Built target geometry_msgs_generate_messages_eus
[3.029s] [  0%] Built target std_msgs_generate_messages_lisp
[3.051s] [  0%] Built target roscpp_generate_messages_nodejs
[3.074s] [  0%] Built target geometry_msgs_generate_messages_nodejs
[3.099s] [  0%] Built target geometry_msgs_generate_messages_lisp
[3.123s] [  0%] Built target pcl_msgs_generate_messages_cpp
[3.144s] [  0%] Built target jsk_recognition_msgs_generate_messages_cpp
[3.165s] [  0%] Built target autoware_msgs_generate_messages_eus
[3.184s] [  0%] Built target autoware_msgs_generate_messages_lisp
[3.203s] [  0%] Built target visualization_msgs_generate_messages_lisp
[3.231s] [  0%] Built target std_msgs_generate_messages_eus
[3.261s] [  0%] Built target autoware_msgs_generate_messages_nodejs
[3.290s] [  0%] Built target jsk_footstep_msgs_generate_messages_eus
[3.314s] [  0%] Built target actionlib_msgs_generate_messages_py
[3.344s] [  0%] Built target jsk_footstep_msgs_generate_messages_lisp
[3.374s] [  0%] Built target jsk_footstep_msgs_generate_messages_nodejs
[3.407s] [  0%] Built target actionlib_msgs_generate_messages_lisp
[3.430s] [  0%] Built target sensor_msgs_generate_messages_lisp
[3.450s] [  0%] Built target nav_msgs_generate_messages_cpp
[3.470s] [  0%] Built target pcl_msgs_generate_messages_nodejs
[3.494s] [  0%] Built target nav_msgs_generate_messages_lisp
[3.515s] [  0%] Built target jsk_recognition_msgs_generate_messages_nodejs
[3.538s] [  0%] Built target roscpp_generate_messages_lisp
[3.561s] [  0%] Built target roscpp_generate_messages_py
[3.585s] [  0%] Built target rosgraph_msgs_generate_messages_lisp
[3.605s] [  0%] Built target rosgraph_msgs_generate_messages_nodejs
[3.639s] [  0%] Built target roscpp_generate_messages_eus
[3.660s] [  0%] Built target actionlib_msgs_generate_messages_eus
[3.686s] [  0%] Built target rosgraph_msgs_generate_messages_py
[3.709s] [  0%] Built target jsk_footstep_msgs_generate_messages_cpp
[3.730s] [  0%] Built target actionlib_msgs_generate_messages_cpp
[3.751s] [  0%] Built target tf_generate_messages_eus
[3.776s] [  0%] Built target tf_generate_messages_lisp
[3.797s] [  0%] Built target tf_generate_messages_nodejs
[3.824s] [  0%] Built target pcl_msgs_generate_messages_py
[3.846s] [  0%] Built target actionlib_generate_messages_eus
[3.874s] [  0%] Built target geometry_msgs_generate_messages_cpp
[3.900s] [  0%] Built target actionlib_generate_messages_lisp
[3.923s] [  0%] Built target pcl_msgs_generate_messages_lisp
[3.948s] [  0%] Built target tf_generate_messages_cpp
[3.969s] [  0%] Built target actionlib_generate_messages_nodejs
[3.992s] [  0%] Built target nav_msgs_generate_messages_py
[4.017s] [  0%] Built target tf2_msgs_generate_messages_lisp
[4.032s] [  0%] Built target actionlib_generate_messages_py
[4.054s] [  0%] Built target tf2_msgs_generate_messages_py
[4.074s] [  0%] Built target tf2_msgs_generate_messages_nodejs
[4.096s] [  0%] Built target nav_msgs_generate_messages_eus
[4.119s] [  0%] Built target tf2_msgs_generate_messages_eus
[4.146s] [  0%] Built target visualization_msgs_generate_messages_cpp
[4.172s] [  0%] Built target sensor_msgs_generate_messages_nodejs
[4.192s] [  0%] Built target geometry_msgs_generate_messages_py
[4.217s] [  0%] Built target visualization_msgs_generate_messages_nodejs
[4.243s] [  0%] Built target visualization_msgs_generate_messages_py
[4.274s] [100%] Built target astar_navi
[4.295s] [36mInstall the project...[0m
[4.305s] -- Install configuration: "Release"
[4.305s] -- Up-to-date: /home/yeap/APC_2022_Prac/airsimversion/autoware.ai/install/freespace_planner/lib/pkgconfig/freespace_planner.pc
[4.306s] -- Up-to-date: /home/yeap/APC_2022_Prac/airsimversion/autoware.ai/install/freespace_planner/share/freespace_planner/cmake/freespace_plannerConfig.cmake
[4.306s] -- Up-to-date: /home/yeap/APC_2022_Prac/airsimversion/autoware.ai/install/freespace_planner/share/freespace_planner/cmake/freespace_plannerConfig-version.cmake
[4.306s] -- Up-to-date: /home/yeap/APC_2022_Prac/airsimversion/autoware.ai/install/freespace_planner/share/freespace_planner/package.xml
[4.307s] -- Up-to-date: /home/yeap/APC_2022_Prac/airsimversion/autoware.ai/install/freespace_planner/lib/freespace_planner/astar_navi
[4.307s] -- Up-to-date: /home/yeap/APC_2022_Prac/airsimversion/autoware.ai/install/freespace_planner/share/freespace_planner/launch
[4.307s] -- Up-to-date: /home/yeap/APC_2022_Prac/airsimversion/autoware.ai/install/freespace_planner/share/freespace_planner/launch/astar_navi.launch
[4.314s] Invoked command in '/home/yeap/APC_2022_Prac/airsimversion/autoware.ai/build/freespace_planner' returned '0': CMAKE_PREFIX_PATH=/home/yeap/APC_2022_Prac/airsimversion/autoware.ai/install/astar_search:/home/yeap/APC_2022_Prac/airsimversion/autoware.ai/install/autoware_msgs:/home/yeap/APC_2022_Prac/airsimversion/autoware.ai/install/autoware_build_flags:${CMAKE_PREFIX_PATH} LD_LIBRARY_PATH=/home/yeap/APC_2022_Prac/airsimversion/autoware.ai/install/astar_search/lib:${LD_LIBRARY_PATH} PKG_CONFIG_PATH=/home/yeap/APC_2022_Prac/airsimversion/autoware.ai/install/astar_search/lib/x86_64-linux-gnu/pkgconfig:/home/yeap/APC_2022_Prac/airsimversion/autoware.ai/install/astar_search/lib/pkgconfig:/home/yeap/APC_2022_Prac/airsimversion/autoware.ai/install/autoware_msgs/lib/x86_64-linux-gnu/pkgconfig:/home/yeap/APC_2022_Prac/airsimversion/autoware.ai/install/autoware_msgs/lib/pkgconfig:/home/yeap/APC_2022_Prac/airsimversion/autoware.ai/install/autoware_build_flags/lib/x86_64-linux-gnu/pkgconfig:/home/yeap/APC_2022_Prac/airsimversion/autoware.ai/install/autoware_build_flags/lib/pkgconfig:${PKG_CONFIG_PATH} PYTHONPATH=/home/yeap/APC_2022_Prac/airsimversion/autoware.ai/install/autoware_msgs/lib/python2.7/dist-packages:${PYTHONPATH} ROS_PACKAGE_PATH=/home/yeap/APC_2022_Prac/airsimversion/autoware.ai/install/astar_search/share:/home/yeap/APC_2022_Prac/airsimversion/autoware.ai/install/autoware_msgs/share:/home/yeap/APC_2022_Prac/airsimversion/autoware.ai/install/autoware_build_flags/share:${ROS_PACKAGE_PATH} /usr/bin/cmake --build /home/yeap/APC_2022_Prac/airsimversion/autoware.ai/build/freespace_planner --target install -- -j6 -l6
