[0.067s] Invoking command in '/home/yeap/APC_2022_Prac/airsimversion/autoware.ai/build/emergency_handler': CMAKE_PREFIX_PATH=/home/yeap/APC_2022_Prac/airsimversion/autoware.ai/install/autoware_health_checker:/home/yeap/APC_2022_Prac/airsimversion/autoware.ai/install/ros_observer:/home/yeap/APC_2022_Prac/airsimversion/autoware.ai/install/autoware_system_msgs:/home/yeap/APC_2022_Prac/airsimversion/autoware.ai/install/autoware_msgs:${CMAKE_PREFIX_PATH} LD_LIBRARY_PATH=/home/yeap/APC_2022_Prac/airsimversion/autoware.ai/install/autoware_health_checker/lib:/home/yeap/APC_2022_Prac/airsimversion/autoware.ai/install/ros_observer/lib:${LD_LIBRARY_PATH} PKG_CONFIG_PATH=/home/yeap/APC_2022_Prac/airsimversion/autoware.ai/install/autoware_health_checker/lib/x86_64-linux-gnu/pkgconfig:/home/yeap/APC_2022_Prac/airsimversion/autoware.ai/install/autoware_health_checker/lib/pkgconfig:/home/yeap/APC_2022_Prac/airsimversion/autoware.ai/install/ros_observer/lib/x86_64-linux-gnu/pkgconfig:/home/yeap/APC_2022_Prac/airsimversion/autoware.ai/install/ros_observer/lib/pkgconfig:/home/yeap/APC_2022_Prac/airsimversion/autoware.ai/install/autoware_system_msgs/lib/x86_64-linux-gnu/pkgconfig:/home/yeap/APC_2022_Prac/airsimversion/autoware.ai/install/autoware_system_msgs/lib/pkgconfig:/home/yeap/APC_2022_Prac/airsimversion/autoware.ai/install/autoware_msgs/lib/x86_64-linux-gnu/pkgconfig:/home/yeap/APC_2022_Prac/airsimversion/autoware.ai/install/autoware_msgs/lib/pkgconfig:${PKG_CONFIG_PATH} PYTHONPATH=/home/yeap/APC_2022_Prac/airsimversion/autoware.ai/install/autoware_system_msgs/lib/python2.7/dist-packages:/home/yeap/APC_2022_Prac/airsimversion/autoware.ai/install/autoware_msgs/lib/python2.7/dist-packages:${PYTHONPATH} ROS_PACKAGE_PATH=/home/yeap/APC_2022_Prac/airsimversion/autoware.ai/install/autoware_health_checker/share:/home/yeap/APC_2022_Prac/airsimversion/autoware.ai/install/ros_observer/share:/home/yeap/APC_2022_Prac/airsimversion/autoware.ai/install/autoware_system_msgs/share:/home/yeap/APC_2022_Prac/airsimversion/autoware.ai/install/autoware_msgs/share:${ROS_PACKAGE_PATH} /usr/bin/cmake --build /home/yeap/APC_2022_Prac/airsimversion/autoware.ai/build/emergency_handler -- -j6 -l6
[0.155s] [  0%] Built target std_msgs_generate_messages_eus
[0.182s] [  0%] Built target geometry_msgs_generate_messages_cpp
[0.204s] [  0%] Built target geometry_msgs_generate_messages_eus
[0.232s] [  0%] Built target autoware_system_msgs_generate_messages_cpp
[0.256s] [  0%] Built target autoware_msgs_generate_messages_lisp
[0.286s] [  0%] Built target jsk_recognition_msgs_generate_messages_cpp
[0.310s] [  0%] Built target autoware_msgs_generate_messages_eus
[0.344s] [  0%] Built target autoware_msgs_generate_messages_cpp
[0.366s] [  0%] Built target std_msgs_generate_messages_py
[0.393s] [  0%] Built target jsk_recognition_msgs_generate_messages_py
[0.425s] [  0%] Built target sensor_msgs_generate_messages_lisp
[0.446s] [  0%] Built target std_msgs_generate_messages_nodejs
[0.469s] [  0%] Built target actionlib_msgs_generate_messages_nodejs
[0.498s] [  0%] Built target std_msgs_generate_messages_cpp
[0.520s] [  0%] Built target jsk_footstep_msgs_generate_messages_py
[0.546s] [  0%] Built target autoware_system_msgs_generate_messages_lisp
[0.572s] [  0%] Built target geometry_msgs_generate_messages_nodejs
[0.594s] [  0%] Built target autoware_system_msgs_generate_messages_eus
[0.629s] [  0%] Built target sensor_msgs_generate_messages_cpp
[0.652s] [  0%] Built target roscpp_generate_messages_nodejs
[0.681s] [  0%] Built target std_msgs_generate_messages_lisp
[0.702s] [  0%] Built target rosgraph_msgs_generate_messages_lisp
[0.732s] [  0%] Built target jsk_recognition_msgs_generate_messages_eus
[0.758s] [  0%] Built target autoware_msgs_generate_messages_nodejs
[0.785s] [  0%] Built target roscpp_generate_messages_eus
[0.812s] [  0%] Built target actionlib_msgs_generate_messages_eus
[0.833s] [  0%] Built target rosgraph_msgs_generate_messages_py
[0.858s] [  0%] Built target rosgraph_msgs_generate_messages_nodejs
[0.879s] [  0%] Built target sensor_msgs_generate_messages_eus
[0.906s] [  0%] Built target autoware_msgs_generate_messages_py
[0.929s] [  0%] Built target autoware_system_msgs_generate_messages_py
[0.953s] [  0%] Built target sensor_msgs_generate_messages_nodejs
[0.981s] [  0%] Built target roscpp_generate_messages_cpp
[1.004s] [  0%] Built target sensor_msgs_generate_messages_py
[1.039s] [  0%] Built target pcl_msgs_generate_messages_cpp
[1.067s] [  0%] Built target pcl_msgs_generate_messages_eus
[1.090s] [  0%] Built target pcl_msgs_generate_messages_lisp
[1.112s] [  0%] Built target pcl_msgs_generate_messages_nodejs
[1.134s] [  0%] Built target pcl_msgs_generate_messages_py
[1.162s] [  0%] Built target jsk_footstep_msgs_generate_messages_eus
[1.190s] [  0%] Built target jsk_footstep_msgs_generate_messages_lisp
[1.214s] [  0%] Built target jsk_footstep_msgs_generate_messages_nodejs
[1.240s] [  0%] Built target jsk_footstep_msgs_generate_messages_cpp
[1.269s] [  0%] Built target actionlib_msgs_generate_messages_cpp
[1.292s] [  0%] Built target autoware_system_msgs_generate_messages_nodejs
[1.313s] [  0%] Built target actionlib_msgs_generate_messages_lisp
[1.345s] [  0%] Built target jsk_recognition_msgs_generate_messages_nodejs
[1.366s] [  0%] Built target roscpp_generate_messages_lisp
[1.396s] [  0%] Built target roscpp_generate_messages_py
[1.423s] [  0%] Built target actionlib_msgs_generate_messages_py
[1.447s] [  0%] Built target rosgraph_msgs_generate_messages_cpp
[1.469s] [  0%] Built target geometry_msgs_generate_messages_lisp
[1.504s] [  0%] Built target geometry_msgs_generate_messages_py
[1.531s] [  0%] Built target jsk_recognition_msgs_generate_messages_lisp
[1.568s] [  0%] Built target rosgraph_msgs_generate_messages_eus
[1.602s] [ 37%] Built target system_status_filter
[1.640s] [100%] Built target emergency_handler
[1.657s] Invoked command in '/home/yeap/APC_2022_Prac/airsimversion/autoware.ai/build/emergency_handler' returned '0': CMAKE_PREFIX_PATH=/home/yeap/APC_2022_Prac/airsimversion/autoware.ai/install/autoware_health_checker:/home/yeap/APC_2022_Prac/airsimversion/autoware.ai/install/ros_observer:/home/yeap/APC_2022_Prac/airsimversion/autoware.ai/install/autoware_system_msgs:/home/yeap/APC_2022_Prac/airsimversion/autoware.ai/install/autoware_msgs:${CMAKE_PREFIX_PATH} LD_LIBRARY_PATH=/home/yeap/APC_2022_Prac/airsimversion/autoware.ai/install/autoware_health_checker/lib:/home/yeap/APC_2022_Prac/airsimversion/autoware.ai/install/ros_observer/lib:${LD_LIBRARY_PATH} PKG_CONFIG_PATH=/home/yeap/APC_2022_Prac/airsimversion/autoware.ai/install/autoware_health_checker/lib/x86_64-linux-gnu/pkgconfig:/home/yeap/APC_2022_Prac/airsimversion/autoware.ai/install/autoware_health_checker/lib/pkgconfig:/home/yeap/APC_2022_Prac/airsimversion/autoware.ai/install/ros_observer/lib/x86_64-linux-gnu/pkgconfig:/home/yeap/APC_2022_Prac/airsimversion/autoware.ai/install/ros_observer/lib/pkgconfig:/home/yeap/APC_2022_Prac/airsimversion/autoware.ai/install/autoware_system_msgs/lib/x86_64-linux-gnu/pkgconfig:/home/yeap/APC_2022_Prac/airsimversion/autoware.ai/install/autoware_system_msgs/lib/pkgconfig:/home/yeap/APC_2022_Prac/airsimversion/autoware.ai/install/autoware_msgs/lib/x86_64-linux-gnu/pkgconfig:/home/yeap/APC_2022_Prac/airsimversion/autoware.ai/install/autoware_msgs/lib/pkgconfig:${PKG_CONFIG_PATH} PYTHONPATH=/home/yeap/APC_2022_Prac/airsimversion/autoware.ai/install/autoware_system_msgs/lib/python2.7/dist-packages:/home/yeap/APC_2022_Prac/airsimversion/autoware.ai/install/autoware_msgs/lib/python2.7/dist-packages:${PYTHONPATH} ROS_PACKAGE_PATH=/home/yeap/APC_2022_Prac/airsimversion/autoware.ai/install/autoware_health_checker/share:/home/yeap/APC_2022_Prac/airsimversion/autoware.ai/install/ros_observer/share:/home/yeap/APC_2022_Prac/airsimversion/autoware.ai/install/autoware_system_msgs/share:/home/yeap/APC_2022_Prac/airsimversion/autoware.ai/install/autoware_msgs/share:${ROS_PACKAGE_PATH} /usr/bin/cmake --build /home/yeap/APC_2022_Prac/airsimversion/autoware.ai/build/emergency_handler -- -j6 -l6
[1.838s] Invoking command in '/home/yeap/APC_2022_Prac/airsimversion/autoware.ai/build/emergency_handler': CMAKE_PREFIX_PATH=/home/yeap/APC_2022_Prac/airsimversion/autoware.ai/install/autoware_health_checker:/home/yeap/APC_2022_Prac/airsimversion/autoware.ai/install/ros_observer:/home/yeap/APC_2022_Prac/airsimversion/autoware.ai/install/autoware_system_msgs:/home/yeap/APC_2022_Prac/airsimversion/autoware.ai/install/autoware_msgs:${CMAKE_PREFIX_PATH} LD_LIBRARY_PATH=/home/yeap/APC_2022_Prac/airsimversion/autoware.ai/install/autoware_health_checker/lib:/home/yeap/APC_2022_Prac/airsimversion/autoware.ai/install/ros_observer/lib:${LD_LIBRARY_PATH} PKG_CONFIG_PATH=/home/yeap/APC_2022_Prac/airsimversion/autoware.ai/install/autoware_health_checker/lib/x86_64-linux-gnu/pkgconfig:/home/yeap/APC_2022_Prac/airsimversion/autoware.ai/install/autoware_health_checker/lib/pkgconfig:/home/yeap/APC_2022_Prac/airsimversion/autoware.ai/install/ros_observer/lib/x86_64-linux-gnu/pkgconfig:/home/yeap/APC_2022_Prac/airsimversion/autoware.ai/install/ros_observer/lib/pkgconfig:/home/yeap/APC_2022_Prac/airsimversion/autoware.ai/install/autoware_system_msgs/lib/x86_64-linux-gnu/pkgconfig:/home/yeap/APC_2022_Prac/airsimversion/autoware.ai/install/autoware_system_msgs/lib/pkgconfig:/home/yeap/APC_2022_Prac/airsimversion/autoware.ai/install/autoware_msgs/lib/x86_64-linux-gnu/pkgconfig:/home/yeap/APC_2022_Prac/airsimversion/autoware.ai/install/autoware_msgs/lib/pkgconfig:${PKG_CONFIG_PATH} PYTHONPATH=/home/yeap/APC_2022_Prac/airsimversion/autoware.ai/install/autoware_system_msgs/lib/python2.7/dist-packages:/home/yeap/APC_2022_Prac/airsimversion/autoware.ai/install/autoware_msgs/lib/python2.7/dist-packages:${PYTHONPATH} ROS_PACKAGE_PATH=/home/yeap/APC_2022_Prac/airsimversion/autoware.ai/install/autoware_health_checker/share:/home/yeap/APC_2022_Prac/airsimversion/autoware.ai/install/ros_observer/share:/home/yeap/APC_2022_Prac/airsimversion/autoware.ai/install/autoware_system_msgs/share:/home/yeap/APC_2022_Prac/airsimversion/autoware.ai/install/autoware_msgs/share:${ROS_PACKAGE_PATH} /usr/bin/cmake --build /home/yeap/APC_2022_Prac/airsimversion/autoware.ai/build/emergency_handler --target tests -- -j6 -l6
[1.933s] [ 20%] Built target gtest
[1.956s] [ 20%] Built target geometry_msgs_generate_messages_lisp
[1.976s] [ 20%] Built target geometry_msgs_generate_messages_cpp
[2.000s] [ 20%] Built target geometry_msgs_generate_messages_eus
[2.023s] [ 20%] Built target autoware_system_msgs_generate_messages_cpp
[2.045s] [ 20%] Built target autoware_msgs_generate_messages_lisp
[2.066s] [ 20%] Built target jsk_recognition_msgs_generate_messages_cpp
[2.088s] [ 20%] Built target autoware_msgs_generate_messages_eus
[2.110s] [ 20%] Built target autoware_msgs_generate_messages_cpp
[2.133s] [ 20%] Built target std_msgs_generate_messages_py
[2.154s] [ 20%] Built target jsk_recognition_msgs_generate_messages_py
[2.185s] [ 20%] Built target sensor_msgs_generate_messages_lisp
[2.210s] [ 20%] Built target std_msgs_generate_messages_nodejs
[2.244s] [ 20%] Built target actionlib_msgs_generate_messages_nodejs
[2.266s] [ 20%] Built target std_msgs_generate_messages_cpp
[2.289s] [ 20%] Built target jsk_footstep_msgs_generate_messages_py
[2.314s] [ 20%] Built target autoware_system_msgs_generate_messages_lisp
[2.339s] [ 20%] Built target geometry_msgs_generate_messages_nodejs
[2.363s] [ 20%] Built target autoware_system_msgs_generate_messages_eus
[2.384s] [ 20%] Built target sensor_msgs_generate_messages_cpp
[2.406s] [ 20%] Built target roscpp_generate_messages_nodejs
[2.429s] [ 20%] Built target std_msgs_generate_messages_lisp
[2.450s] [ 20%] Built target rosgraph_msgs_generate_messages_lisp
[2.475s] [ 20%] Built target jsk_recognition_msgs_generate_messages_eus
[2.499s] [ 20%] Built target autoware_msgs_generate_messages_nodejs
[2.524s] [ 20%] Built target roscpp_generate_messages_eus
[2.550s] [ 20%] Built target actionlib_msgs_generate_messages_eus
[2.576s] [ 20%] Built target rosgraph_msgs_generate_messages_py
[2.605s] [ 20%] Built target rosgraph_msgs_generate_messages_nodejs
[2.627s] [ 20%] Built target sensor_msgs_generate_messages_eus
[2.648s] [ 20%] Built target autoware_msgs_generate_messages_py
[2.671s] [ 20%] Built target autoware_system_msgs_generate_messages_py
[2.693s] [ 20%] Built target sensor_msgs_generate_messages_nodejs
[2.715s] [ 20%] Built target roscpp_generate_messages_cpp
[2.739s] [ 20%] Built target sensor_msgs_generate_messages_py
[2.761s] [ 20%] Built target pcl_msgs_generate_messages_cpp
[2.785s] [ 20%] Built target pcl_msgs_generate_messages_eus
[2.806s] [ 20%] Built target pcl_msgs_generate_messages_lisp
[2.834s] [ 20%] Built target pcl_msgs_generate_messages_nodejs
[2.857s] [ 20%] Built target pcl_msgs_generate_messages_py
[2.883s] [ 20%] Built target jsk_footstep_msgs_generate_messages_eus
[2.911s] [ 20%] Built target jsk_footstep_msgs_generate_messages_lisp
[2.936s] [ 20%] Built target jsk_footstep_msgs_generate_messages_nodejs
[2.958s] [ 20%] Built target jsk_footstep_msgs_generate_messages_cpp
[2.983s] [ 20%] Built target actionlib_msgs_generate_messages_cpp
[3.005s] [ 20%] Built target autoware_system_msgs_generate_messages_nodejs
[3.031s] [ 20%] Built target actionlib_msgs_generate_messages_lisp
[3.051s] [ 20%] Built target jsk_recognition_msgs_generate_messages_nodejs
[3.075s] [ 20%] Built target roscpp_generate_messages_lisp
[3.097s] [ 20%] Built target roscpp_generate_messages_py
[3.120s] [ 20%] Built target actionlib_msgs_generate_messages_py
[3.147s] [ 20%] Built target rosgraph_msgs_generate_messages_cpp
[3.170s] [ 20%] Built target geometry_msgs_generate_messages_py
[3.196s] [ 20%] Built target jsk_recognition_msgs_generate_messages_lisp
[3.227s] [ 20%] Built target rosgraph_msgs_generate_messages_eus
[3.268s] [ 20%] Built target std_msgs_generate_messages_eus
[3.302s] [ 50%] Built target system_status_filter
[3.341s] [100%] Built target test_emergency_handler
[3.365s] [100%] Built target tests
[3.377s] Invoked command in '/home/yeap/APC_2022_Prac/airsimversion/autoware.ai/build/emergency_handler' returned '0': CMAKE_PREFIX_PATH=/home/yeap/APC_2022_Prac/airsimversion/autoware.ai/install/autoware_health_checker:/home/yeap/APC_2022_Prac/airsimversion/autoware.ai/install/ros_observer:/home/yeap/APC_2022_Prac/airsimversion/autoware.ai/install/autoware_system_msgs:/home/yeap/APC_2022_Prac/airsimversion/autoware.ai/install/autoware_msgs:${CMAKE_PREFIX_PATH} LD_LIBRARY_PATH=/home/yeap/APC_2022_Prac/airsimversion/autoware.ai/install/autoware_health_checker/lib:/home/yeap/APC_2022_Prac/airsimversion/autoware.ai/install/ros_observer/lib:${LD_LIBRARY_PATH} PKG_CONFIG_PATH=/home/yeap/APC_2022_Prac/airsimversion/autoware.ai/install/autoware_health_checker/lib/x86_64-linux-gnu/pkgconfig:/home/yeap/APC_2022_Prac/airsimversion/autoware.ai/install/autoware_health_checker/lib/pkgconfig:/home/yeap/APC_2022_Prac/airsimversion/autoware.ai/install/ros_observer/lib/x86_64-linux-gnu/pkgconfig:/home/yeap/APC_2022_Prac/airsimversion/autoware.ai/install/ros_observer/lib/pkgconfig:/home/yeap/APC_2022_Prac/airsimversion/autoware.ai/install/autoware_system_msgs/lib/x86_64-linux-gnu/pkgconfig:/home/yeap/APC_2022_Prac/airsimversion/autoware.ai/install/autoware_system_msgs/lib/pkgconfig:/home/yeap/APC_2022_Prac/airsimversion/autoware.ai/install/autoware_msgs/lib/x86_64-linux-gnu/pkgconfig:/home/yeap/APC_2022_Prac/airsimversion/autoware.ai/install/autoware_msgs/lib/pkgconfig:${PKG_CONFIG_PATH} PYTHONPATH=/home/yeap/APC_2022_Prac/airsimversion/autoware.ai/install/autoware_system_msgs/lib/python2.7/dist-packages:/home/yeap/APC_2022_Prac/airsimversion/autoware.ai/install/autoware_msgs/lib/python2.7/dist-packages:${PYTHONPATH} ROS_PACKAGE_PATH=/home/yeap/APC_2022_Prac/airsimversion/autoware.ai/install/autoware_health_checker/share:/home/yeap/APC_2022_Prac/airsimversion/autoware.ai/install/ros_observer/share:/home/yeap/APC_2022_Prac/airsimversion/autoware.ai/install/autoware_system_msgs/share:/home/yeap/APC_2022_Prac/airsimversion/autoware.ai/install/autoware_msgs/share:${ROS_PACKAGE_PATH} /usr/bin/cmake --build /home/yeap/APC_2022_Prac/airsimversion/autoware.ai/build/emergency_handler --target tests -- -j6 -l6
[3.499s] Invoking command in '/home/yeap/APC_2022_Prac/airsimversion/autoware.ai/build/emergency_handler': CMAKE_PREFIX_PATH=/home/yeap/APC_2022_Prac/airsimversion/autoware.ai/install/autoware_health_checker:/home/yeap/APC_2022_Prac/airsimversion/autoware.ai/install/ros_observer:/home/yeap/APC_2022_Prac/airsimversion/autoware.ai/install/autoware_system_msgs:/home/yeap/APC_2022_Prac/airsimversion/autoware.ai/install/autoware_msgs:${CMAKE_PREFIX_PATH} LD_LIBRARY_PATH=/home/yeap/APC_2022_Prac/airsimversion/autoware.ai/install/autoware_health_checker/lib:/home/yeap/APC_2022_Prac/airsimversion/autoware.ai/install/ros_observer/lib:${LD_LIBRARY_PATH} PKG_CONFIG_PATH=/home/yeap/APC_2022_Prac/airsimversion/autoware.ai/install/autoware_health_checker/lib/x86_64-linux-gnu/pkgconfig:/home/yeap/APC_2022_Prac/airsimversion/autoware.ai/install/autoware_health_checker/lib/pkgconfig:/home/yeap/APC_2022_Prac/airsimversion/autoware.ai/install/ros_observer/lib/x86_64-linux-gnu/pkgconfig:/home/yeap/APC_2022_Prac/airsimversion/autoware.ai/install/ros_observer/lib/pkgconfig:/home/yeap/APC_2022_Prac/airsimversion/autoware.ai/install/autoware_system_msgs/lib/x86_64-linux-gnu/pkgconfig:/home/yeap/APC_2022_Prac/airsimversion/autoware.ai/install/autoware_system_msgs/lib/pkgconfig:/home/yeap/APC_2022_Prac/airsimversion/autoware.ai/install/autoware_msgs/lib/x86_64-linux-gnu/pkgconfig:/home/yeap/APC_2022_Prac/airsimversion/autoware.ai/install/autoware_msgs/lib/pkgconfig:${PKG_CONFIG_PATH} PYTHONPATH=/home/yeap/APC_2022_Prac/airsimversion/autoware.ai/install/autoware_system_msgs/lib/python2.7/dist-packages:/home/yeap/APC_2022_Prac/airsimversion/autoware.ai/install/autoware_msgs/lib/python2.7/dist-packages:${PYTHONPATH} ROS_PACKAGE_PATH=/home/yeap/APC_2022_Prac/airsimversion/autoware.ai/install/autoware_health_checker/share:/home/yeap/APC_2022_Prac/airsimversion/autoware.ai/install/ros_observer/share:/home/yeap/APC_2022_Prac/airsimversion/autoware.ai/install/autoware_system_msgs/share:/home/yeap/APC_2022_Prac/airsimversion/autoware.ai/install/autoware_msgs/share:${ROS_PACKAGE_PATH} /usr/bin/cmake --build /home/yeap/APC_2022_Prac/airsimversion/autoware.ai/build/emergency_handler --target install -- -j6 -l6
[3.560s] [  0%] Built target std_msgs_generate_messages_eus
[3.586s] [  0%] Built target geometry_msgs_generate_messages_cpp
[3.608s] [  0%] Built target geometry_msgs_generate_messages_eus
[3.631s] [  0%] Built target autoware_system_msgs_generate_messages_cpp
[3.654s] [  0%] Built target autoware_msgs_generate_messages_lisp
[3.675s] [  0%] Built target jsk_recognition_msgs_generate_messages_cpp
[3.701s] [  0%] Built target autoware_msgs_generate_messages_eus
[3.726s] [  0%] Built target autoware_msgs_generate_messages_cpp
[3.752s] [  0%] Built target std_msgs_generate_messages_py
[3.782s] [  0%] Built target jsk_recognition_msgs_generate_messages_py
[3.806s] [  0%] Built target sensor_msgs_generate_messages_lisp
[3.830s] [  0%] Built target std_msgs_generate_messages_nodejs
[3.852s] [  0%] Built target actionlib_msgs_generate_messages_nodejs
[3.876s] [  0%] Built target std_msgs_generate_messages_cpp
[3.905s] [  0%] Built target jsk_footstep_msgs_generate_messages_py
[3.929s] [  0%] Built target autoware_system_msgs_generate_messages_lisp
[3.949s] [  0%] Built target geometry_msgs_generate_messages_nodejs
[3.975s] [  0%] Built target autoware_system_msgs_generate_messages_eus
[3.996s] [  0%] Built target sensor_msgs_generate_messages_cpp
[4.023s] [  0%] Built target roscpp_generate_messages_nodejs
[4.047s] [  0%] Built target std_msgs_generate_messages_lisp
[4.073s] [  0%] Built target rosgraph_msgs_generate_messages_lisp
[4.096s] [  0%] Built target jsk_recognition_msgs_generate_messages_eus
[4.119s] [  0%] Built target autoware_msgs_generate_messages_nodejs
[4.143s] [  0%] Built target roscpp_generate_messages_eus
[4.165s] [  0%] Built target actionlib_msgs_generate_messages_eus
[4.187s] [  0%] Built target rosgraph_msgs_generate_messages_py
[4.210s] [  0%] Built target rosgraph_msgs_generate_messages_nodejs
[4.231s] [  0%] Built target sensor_msgs_generate_messages_eus
[4.252s] [  0%] Built target autoware_msgs_generate_messages_py
[4.275s] [  0%] Built target autoware_system_msgs_generate_messages_py
[4.299s] [  0%] Built target sensor_msgs_generate_messages_nodejs
[4.321s] [  0%] Built target roscpp_generate_messages_cpp
[4.344s] [  0%] Built target sensor_msgs_generate_messages_py
[4.369s] [  0%] Built target pcl_msgs_generate_messages_cpp
[4.390s] [  0%] Built target pcl_msgs_generate_messages_eus
[4.414s] [  0%] Built target pcl_msgs_generate_messages_lisp
[4.435s] [  0%] Built target pcl_msgs_generate_messages_nodejs
[4.461s] [  0%] Built target pcl_msgs_generate_messages_py
[4.487s] [  0%] Built target jsk_footstep_msgs_generate_messages_eus
[4.511s] [  0%] Built target jsk_footstep_msgs_generate_messages_lisp
[4.535s] [  0%] Built target jsk_footstep_msgs_generate_messages_nodejs
[4.556s] [  0%] Built target jsk_footstep_msgs_generate_messages_cpp
[4.577s] [  0%] Built target actionlib_msgs_generate_messages_cpp
[4.599s] [  0%] Built target autoware_system_msgs_generate_messages_nodejs
[4.628s] [  0%] Built target actionlib_msgs_generate_messages_lisp
[4.651s] [  0%] Built target jsk_recognition_msgs_generate_messages_nodejs
[4.681s] [  0%] Built target roscpp_generate_messages_lisp
[4.703s] [  0%] Built target roscpp_generate_messages_py
[4.724s] [  0%] Built target actionlib_msgs_generate_messages_py
[4.745s] [  0%] Built target rosgraph_msgs_generate_messages_cpp
[4.774s] [  0%] Built target geometry_msgs_generate_messages_lisp
[4.795s] [  0%] Built target geometry_msgs_generate_messages_py
[4.819s] [  0%] Built target jsk_recognition_msgs_generate_messages_lisp
[4.846s] [  0%] Built target rosgraph_msgs_generate_messages_eus
[4.876s] [ 37%] Built target system_status_filter
[4.910s] [100%] Built target emergency_handler
[4.932s] [36mInstall the project...[0m
[4.941s] -- Install configuration: "Release"
[4.941s] -- Up-to-date: /home/yeap/APC_2022_Prac/airsimversion/autoware.ai/install/emergency_handler/lib/pkgconfig/emergency_handler.pc
[4.943s] -- Up-to-date: /home/yeap/APC_2022_Prac/airsimversion/autoware.ai/install/emergency_handler/share/emergency_handler/cmake/emergency_handlerConfig.cmake
[4.943s] -- Up-to-date: /home/yeap/APC_2022_Prac/airsimversion/autoware.ai/install/emergency_handler/share/emergency_handler/cmake/emergency_handlerConfig-version.cmake
[4.943s] -- Up-to-date: /home/yeap/APC_2022_Prac/airsimversion/autoware.ai/install/emergency_handler/share/emergency_handler/package.xml
[4.944s] -- Up-to-date: /home/yeap/APC_2022_Prac/airsimversion/autoware.ai/install/emergency_handler/lib/emergency_handler/emergency_handler
[4.944s] -- Up-to-date: /home/yeap/APC_2022_Prac/airsimversion/autoware.ai/install/emergency_handler/lib/libsystem_status_filter.so
[4.945s] -- Up-to-date: /home/yeap/APC_2022_Prac/airsimversion/autoware.ai/install/emergency_handler/include/emergency_handler
[4.945s] -- Up-to-date: /home/yeap/APC_2022_Prac/airsimversion/autoware.ai/install/emergency_handler/include/emergency_handler/libsystem_status_filter.h
[4.945s] -- Up-to-date: /home/yeap/APC_2022_Prac/airsimversion/autoware.ai/install/emergency_handler/include/emergency_handler/emergency_planner.h
[4.945s] -- Up-to-date: /home/yeap/APC_2022_Prac/airsimversion/autoware.ai/install/emergency_handler/include/emergency_handler/emergency_handler.h
[4.945s] -- Up-to-date: /home/yeap/APC_2022_Prac/airsimversion/autoware.ai/install/emergency_handler/include/emergency_handler/system_status_filter.h
[4.946s] -- Up-to-date: /home/yeap/APC_2022_Prac/airsimversion/autoware.ai/install/emergency_handler/include/emergency_handler/libvital_monitor.h
[4.946s] -- Up-to-date: /home/yeap/APC_2022_Prac/airsimversion/autoware.ai/install/emergency_handler/include/emergency_handler/emergency_stop_planner.h
[4.946s] -- Up-to-date: /home/yeap/APC_2022_Prac/airsimversion/autoware.ai/install/emergency_handler/share/emergency_handler/launch
[4.946s] -- Up-to-date: /home/yeap/APC_2022_Prac/airsimversion/autoware.ai/install/emergency_handler/share/emergency_handler/launch/emergency_handler.launch
[4.946s] -- Up-to-date: /home/yeap/APC_2022_Prac/airsimversion/autoware.ai/install/emergency_handler/share/emergency_handler/config
[4.946s] -- Up-to-date: /home/yeap/APC_2022_Prac/airsimversion/autoware.ai/install/emergency_handler/share/emergency_handler/config/emergency_handler.yaml
[4.946s] -- Up-to-date: /home/yeap/APC_2022_Prac/airsimversion/autoware.ai/install/emergency_handler/share/emergency_handler/config/README.md
[4.953s] Invoked command in '/home/yeap/APC_2022_Prac/airsimversion/autoware.ai/build/emergency_handler' returned '0': CMAKE_PREFIX_PATH=/home/yeap/APC_2022_Prac/airsimversion/autoware.ai/install/autoware_health_checker:/home/yeap/APC_2022_Prac/airsimversion/autoware.ai/install/ros_observer:/home/yeap/APC_2022_Prac/airsimversion/autoware.ai/install/autoware_system_msgs:/home/yeap/APC_2022_Prac/airsimversion/autoware.ai/install/autoware_msgs:${CMAKE_PREFIX_PATH} LD_LIBRARY_PATH=/home/yeap/APC_2022_Prac/airsimversion/autoware.ai/install/autoware_health_checker/lib:/home/yeap/APC_2022_Prac/airsimversion/autoware.ai/install/ros_observer/lib:${LD_LIBRARY_PATH} PKG_CONFIG_PATH=/home/yeap/APC_2022_Prac/airsimversion/autoware.ai/install/autoware_health_checker/lib/x86_64-linux-gnu/pkgconfig:/home/yeap/APC_2022_Prac/airsimversion/autoware.ai/install/autoware_health_checker/lib/pkgconfig:/home/yeap/APC_2022_Prac/airsimversion/autoware.ai/install/ros_observer/lib/x86_64-linux-gnu/pkgconfig:/home/yeap/APC_2022_Prac/airsimversion/autoware.ai/install/ros_observer/lib/pkgconfig:/home/yeap/APC_2022_Prac/airsimversion/autoware.ai/install/autoware_system_msgs/lib/x86_64-linux-gnu/pkgconfig:/home/yeap/APC_2022_Prac/airsimversion/autoware.ai/install/autoware_system_msgs/lib/pkgconfig:/home/yeap/APC_2022_Prac/airsimversion/autoware.ai/install/autoware_msgs/lib/x86_64-linux-gnu/pkgconfig:/home/yeap/APC_2022_Prac/airsimversion/autoware.ai/install/autoware_msgs/lib/pkgconfig:${PKG_CONFIG_PATH} PYTHONPATH=/home/yeap/APC_2022_Prac/airsimversion/autoware.ai/install/autoware_system_msgs/lib/python2.7/dist-packages:/home/yeap/APC_2022_Prac/airsimversion/autoware.ai/install/autoware_msgs/lib/python2.7/dist-packages:${PYTHONPATH} ROS_PACKAGE_PATH=/home/yeap/APC_2022_Prac/airsimversion/autoware.ai/install/autoware_health_checker/share:/home/yeap/APC_2022_Prac/airsimversion/autoware.ai/install/ros_observer/share:/home/yeap/APC_2022_Prac/airsimversion/autoware.ai/install/autoware_system_msgs/share:/home/yeap/APC_2022_Prac/airsimversion/autoware.ai/install/autoware_msgs/share:${ROS_PACKAGE_PATH} /usr/bin/cmake --build /home/yeap/APC_2022_Prac/airsimversion/autoware.ai/build/emergency_handler --target install -- -j6 -l6
