[0.013s] Invoking command in '/home/yeap/APC_2022_Prac/airsimversion/autoware.ai/build/image_processor': CMAKE_PREFIX_PATH=/home/yeap/APC_2022_Prac/airsimversion/autoware.ai/install/autoware_build_flags:${CMAKE_PREFIX_PATH} PKG_CONFIG_PATH=/home/yeap/APC_2022_Prac/airsimversion/autoware.ai/install/autoware_build_flags/lib/x86_64-linux-gnu/pkgconfig:/home/yeap/APC_2022_Prac/airsimversion/autoware.ai/install/autoware_build_flags/lib/pkgconfig:${PKG_CONFIG_PATH} ROS_PACKAGE_PATH=/home/yeap/APC_2022_Prac/airsimversion/autoware.ai/install/autoware_build_flags/share:${ROS_PACKAGE_PATH} /usr/bin/cmake --build /home/yeap/APC_2022_Prac/airsimversion/autoware.ai/build/image_processor -- -j6 -l6
[0.087s] [ 50%] Built target image_rotator
[0.090s] [100%] Built target image_rectifier
[0.119s] Invoked command in '/home/yeap/APC_2022_Prac/airsimversion/autoware.ai/build/image_processor' returned '0': CMAKE_PREFIX_PATH=/home/yeap/APC_2022_Prac/airsimversion/autoware.ai/install/autoware_build_flags:${CMAKE_PREFIX_PATH} PKG_CONFIG_PATH=/home/yeap/APC_2022_Prac/airsimversion/autoware.ai/install/autoware_build_flags/lib/x86_64-linux-gnu/pkgconfig:/home/yeap/APC_2022_Prac/airsimversion/autoware.ai/install/autoware_build_flags/lib/pkgconfig:${PKG_CONFIG_PATH} ROS_PACKAGE_PATH=/home/yeap/APC_2022_Prac/airsimversion/autoware.ai/install/autoware_build_flags/share:${ROS_PACKAGE_PATH} /usr/bin/cmake --build /home/yeap/APC_2022_Prac/airsimversion/autoware.ai/build/image_processor -- -j6 -l6
[0.340s] Invoking command in '/home/yeap/APC_2022_Prac/airsimversion/autoware.ai/build/image_processor': CMAKE_PREFIX_PATH=/home/yeap/APC_2022_Prac/airsimversion/autoware.ai/install/autoware_build_flags:${CMAKE_PREFIX_PATH} PKG_CONFIG_PATH=/home/yeap/APC_2022_Prac/airsimversion/autoware.ai/install/autoware_build_flags/lib/x86_64-linux-gnu/pkgconfig:/home/yeap/APC_2022_Prac/airsimversion/autoware.ai/install/autoware_build_flags/lib/pkgconfig:${PKG_CONFIG_PATH} ROS_PACKAGE_PATH=/home/yeap/APC_2022_Prac/airsimversion/autoware.ai/install/autoware_build_flags/share:${ROS_PACKAGE_PATH} /usr/bin/cmake --build /home/yeap/APC_2022_Prac/airsimversion/autoware.ai/build/image_processor --target tests -- -j6 -l6
[0.483s] Built target tests
[0.509s] Invoked command in '/home/yeap/APC_2022_Prac/airsimversion/autoware.ai/build/image_processor' returned '0': CMAKE_PREFIX_PATH=/home/yeap/APC_2022_Prac/airsimversion/autoware.ai/install/autoware_build_flags:${CMAKE_PREFIX_PATH} PKG_CONFIG_PATH=/home/yeap/APC_2022_Prac/airsimversion/autoware.ai/install/autoware_build_flags/lib/x86_64-linux-gnu/pkgconfig:/home/yeap/APC_2022_Prac/airsimversion/autoware.ai/install/autoware_build_flags/lib/pkgconfig:${PKG_CONFIG_PATH} ROS_PACKAGE_PATH=/home/yeap/APC_2022_Prac/airsimversion/autoware.ai/install/autoware_build_flags/share:${ROS_PACKAGE_PATH} /usr/bin/cmake --build /home/yeap/APC_2022_Prac/airsimversion/autoware.ai/build/image_processor --target tests -- -j6 -l6
[0.835s] Invoking command in '/home/yeap/APC_2022_Prac/airsimversion/autoware.ai/build/image_processor': CMAKE_PREFIX_PATH=/home/yeap/APC_2022_Prac/airsimversion/autoware.ai/install/autoware_build_flags:${CMAKE_PREFIX_PATH} PKG_CONFIG_PATH=/home/yeap/APC_2022_Prac/airsimversion/autoware.ai/install/autoware_build_flags/lib/x86_64-linux-gnu/pkgconfig:/home/yeap/APC_2022_Prac/airsimversion/autoware.ai/install/autoware_build_flags/lib/pkgconfig:${PKG_CONFIG_PATH} ROS_PACKAGE_PATH=/home/yeap/APC_2022_Prac/airsimversion/autoware.ai/install/autoware_build_flags/share:${ROS_PACKAGE_PATH} /usr/bin/cmake --build /home/yeap/APC_2022_Prac/airsimversion/autoware.ai/build/image_processor --target install -- -j6 -l6
[0.969s] [ 50%] Built target image_rotator
[0.997s] [100%] Built target image_rectifier
[1.026s] [36mInstall the project...[0m
[1.038s] -- Install configuration: "Release"
[1.039s] -- Up-to-date: /home/yeap/APC_2022_Prac/airsimversion/autoware.ai/install/image_processor/lib/pkgconfig/image_processor.pc
[1.039s] -- Up-to-date: /home/yeap/APC_2022_Prac/airsimversion/autoware.ai/install/image_processor/share/image_processor/cmake/image_processorConfig.cmake
[1.040s] -- Up-to-date: /home/yeap/APC_2022_Prac/airsimversion/autoware.ai/install/image_processor/share/image_processor/cmake/image_processorConfig-version.cmake
[1.040s] -- Up-to-date: /home/yeap/APC_2022_Prac/airsimversion/autoware.ai/install/image_processor/share/image_processor/package.xml
[1.040s] -- Up-to-date: /home/yeap/APC_2022_Prac/airsimversion/autoware.ai/install/image_processor/lib/image_processor/image_rotator
[1.041s] -- Up-to-date: /home/yeap/APC_2022_Prac/airsimversion/autoware.ai/install/image_processor/lib/image_processor/image_rectifier
[1.041s] -- Up-to-date: /home/yeap/APC_2022_Prac/airsimversion/autoware.ai/install/image_processor/share/image_processor/launch/launch
[1.042s] -- Up-to-date: /home/yeap/APC_2022_Prac/airsimversion/autoware.ai/install/image_processor/share/image_processor/launch/launch/image_rectifier_ladybug.launch
[1.042s] -- Up-to-date: /home/yeap/APC_2022_Prac/airsimversion/autoware.ai/install/image_processor/share/image_processor/launch/launch/image_rotator_ladybug.launch
[1.042s] -- Up-to-date: /home/yeap/APC_2022_Prac/airsimversion/autoware.ai/install/image_processor/share/image_processor/launch/launch/image_rectifier.launch
[1.042s] -- Up-to-date: /home/yeap/APC_2022_Prac/airsimversion/autoware.ai/install/image_processor/share/image_processor/launch/launch/image_rotator.launch
[1.049s] Invoked command in '/home/yeap/APC_2022_Prac/airsimversion/autoware.ai/build/image_processor' returned '0': CMAKE_PREFIX_PATH=/home/yeap/APC_2022_Prac/airsimversion/autoware.ai/install/autoware_build_flags:${CMAKE_PREFIX_PATH} PKG_CONFIG_PATH=/home/yeap/APC_2022_Prac/airsimversion/autoware.ai/install/autoware_build_flags/lib/x86_64-linux-gnu/pkgconfig:/home/yeap/APC_2022_Prac/airsimversion/autoware.ai/install/autoware_build_flags/lib/pkgconfig:${PKG_CONFIG_PATH} ROS_PACKAGE_PATH=/home/yeap/APC_2022_Prac/airsimversion/autoware.ai/install/autoware_build_flags/share:${ROS_PACKAGE_PATH} /usr/bin/cmake --build /home/yeap/APC_2022_Prac/airsimversion/autoware.ai/build/image_processor --target install -- -j6 -l6
