[0.054s] Invoking command in '/home/yeap/APC_2022_Prac/airsimversion/autoware.ai/build/autoware_build_flags': /usr/bin/cmake /home/yeap/APC_2022_Prac/airsimversion/autoware.ai/src/autoware/common/autoware_build_flags -DCMAKE_BUILD_TYPE=Release -DCATKIN_INSTALL_INTO_PREFIX_ROOT=0 -DCMAKE_INSTALL_PREFIX=/home/yeap/APC_2022_Prac/airsimversion/autoware.ai/install/autoware_build_flags
[0.222s] -- The C compiler identification is GNU 7.5.0
[0.333s] -- The CXX compiler identification is GNU 7.5.0
[0.345s] -- Check for working C compiler: /usr/bin/cc
[0.416s] -- Check for working C compiler: /usr/bin/cc -- works
[0.418s] -- Detecting C compiler ABI info
[0.484s] -- Detecting C compiler ABI info - done
[0.492s] -- Detecting C compile features
[0.709s] -- Detecting C compile features - done
[0.712s] -- Check for working CXX compiler: /usr/bin/c++
[0.811s] -- Check for working CXX compiler: /usr/bin/c++ -- works
[0.812s] -- Detecting CXX compiler ABI info
[0.901s] -- Detecting CXX compiler ABI info - done
[0.909s] -- Detecting CXX compile features
[1.249s] -- Detecting CXX compile features - done
[1.250s] -- Using CATKIN_DEVEL_PREFIX: /home/yeap/APC_2022_Prac/airsimversion/autoware.ai/build/autoware_build_flags/devel
[1.251s] -- Using CMAKE_PREFIX_PATH: /opt/ros/melodic
[1.251s] -- This workspace overlays: /opt/ros/melodic
[1.265s] -- Found PythonInterp: /usr/bin/python2 (found suitable version "2.7.17", minimum required is "2") 
[1.265s] -- Using PYTHON_EXECUTABLE: /usr/bin/python2
[1.266s] -- Using Debian Python package layout
[1.266s] -- Using empy: /usr/bin/empy
[1.414s] -- Using CATKIN_ENABLE_TESTING: ON
[1.414s] -- Call enable_testing()
[1.415s] -- Using CATKIN_TEST_RESULTS_DIR: /home/yeap/APC_2022_Prac/airsimversion/autoware.ai/build/autoware_build_flags/test_results
[1.435s] -- Found gtest sources under '/usr/src/googletest': gtests will be built
[1.435s] -- Found gmock sources under '/usr/src/googletest': gmock will be built
[1.451s] -- Found PythonInterp: /usr/bin/python2 (found version "2.7.17") 
[1.452s] -- Looking for pthread.h
[1.535s] -- Looking for pthread.h - found
[1.535s] -- Looking for pthread_create
[1.606s] -- Looking for pthread_create - not found
[1.606s] -- Looking for pthread_create in pthreads
[1.667s] -- Looking for pthread_create in pthreads - not found
[1.667s] -- Looking for pthread_create in pthread
[1.743s] -- Looking for pthread_create in pthread - found
[1.743s] -- Found Threads: TRUE  
[1.745s] -- Using Python nosetests: /usr/bin/nosetests-2.7
[1.785s] -- catkin 0.7.29
[1.786s] -- BUILD_SHARED_LIBS is on
[1.975s] -- Configuring done
[1.985s] -- Generating done
[1.986s] -- Build files have been written to: /home/yeap/APC_2022_Prac/airsimversion/autoware.ai/build/autoware_build_flags
[1.991s] Invoked command in '/home/yeap/APC_2022_Prac/airsimversion/autoware.ai/build/autoware_build_flags' returned '0': /usr/bin/cmake /home/yeap/APC_2022_Prac/airsimversion/autoware.ai/src/autoware/common/autoware_build_flags -DCMAKE_BUILD_TYPE=Release -DCATKIN_INSTALL_INTO_PREFIX_ROOT=0 -DCMAKE_INSTALL_PREFIX=/home/yeap/APC_2022_Prac/airsimversion/autoware.ai/install/autoware_build_flags
[1.994s] Invoking command in '/home/yeap/APC_2022_Prac/airsimversion/autoware.ai/build/autoware_build_flags': /usr/bin/cmake --build /home/yeap/APC_2022_Prac/airsimversion/autoware.ai/build/autoware_build_flags -- -j6 -l6
[2.032s] Invoked command in '/home/yeap/APC_2022_Prac/airsimversion/autoware.ai/build/autoware_build_flags' returned '0': /usr/bin/cmake --build /home/yeap/APC_2022_Prac/airsimversion/autoware.ai/build/autoware_build_flags -- -j6 -l6
[2.060s] Invoking command in '/home/yeap/APC_2022_Prac/airsimversion/autoware.ai/build/autoware_build_flags': /usr/bin/cmake --build /home/yeap/APC_2022_Prac/airsimversion/autoware.ai/build/autoware_build_flags --target tests -- -j6 -l6
[2.106s] [35m[1mScanning dependencies of target tests[0m
[2.115s] Built target tests
[2.128s] Invoked command in '/home/yeap/APC_2022_Prac/airsimversion/autoware.ai/build/autoware_build_flags' returned '0': /usr/bin/cmake --build /home/yeap/APC_2022_Prac/airsimversion/autoware.ai/build/autoware_build_flags --target tests -- -j6 -l6
[2.165s] Invoking command in '/home/yeap/APC_2022_Prac/airsimversion/autoware.ai/build/autoware_build_flags': /usr/bin/cmake --build /home/yeap/APC_2022_Prac/airsimversion/autoware.ai/build/autoware_build_flags --target install -- -j6 -l6
[2.220s] [36mInstall the project...[0m
[2.229s] -- Install configuration: "Release"
[2.229s] -- Installing: /home/yeap/APC_2022_Prac/airsimversion/autoware.ai/install/autoware_build_flags/lib/pkgconfig/autoware_build_flags.pc
[2.229s] -- Installing: /home/yeap/APC_2022_Prac/airsimversion/autoware.ai/install/autoware_build_flags/share/autoware_build_flags/cmake/autoware_build_flags-extras.cmake
[2.229s] -- Installing: /home/yeap/APC_2022_Prac/airsimversion/autoware.ai/install/autoware_build_flags/share/autoware_build_flags/cmake/autoware_build_flagsConfig.cmake
[2.229s] -- Installing: /home/yeap/APC_2022_Prac/airsimversion/autoware.ai/install/autoware_build_flags/share/autoware_build_flags/cmake/autoware_build_flagsConfig-version.cmake
[2.229s] -- Installing: /home/yeap/APC_2022_Prac/airsimversion/autoware.ai/install/autoware_build_flags/share/autoware_build_flags/package.xml
[2.235s] Invoked command in '/home/yeap/APC_2022_Prac/airsimversion/autoware.ai/build/autoware_build_flags' returned '0': /usr/bin/cmake --build /home/yeap/APC_2022_Prac/airsimversion/autoware.ai/build/autoware_build_flags --target install -- -j6 -l6
