[0.051s] Invoking command in '/home/yeap/APC_2022_Prac/airsimversion/autoware.ai/build/autoware_lanelet2_msgs': /usr/bin/cmake /home/yeap/APC_2022_Prac/airsimversion/autoware.ai/src/autoware/messages/autoware_lanelet2_msgs -DCMAKE_BUILD_TYPE=Release -DCATKIN_INSTALL_INTO_PREFIX_ROOT=0 -DCMAKE_INSTALL_PREFIX=/home/yeap/APC_2022_Prac/airsimversion/autoware.ai/install/autoware_lanelet2_msgs
[0.187s] -- The C compiler identification is GNU 7.5.0
[0.316s] -- The CXX compiler identification is GNU 7.5.0
[0.321s] -- Check for working C compiler: /usr/bin/cc
[0.394s] -- Check for working C compiler: /usr/bin/cc -- works
[0.395s] -- Detecting C compiler ABI info
[0.467s] -- Detecting C compiler ABI info - done
[0.475s] -- Detecting C compile features
[0.697s] -- Detecting C compile features - done
[0.700s] -- Check for working CXX compiler: /usr/bin/c++
[0.780s] -- Check for working CXX compiler: /usr/bin/c++ -- works
[0.782s] -- Detecting CXX compiler ABI info
[0.859s] -- Detecting CXX compiler ABI info - done
[0.867s] -- Detecting CXX compile features
[1.208s] -- Detecting CXX compile features - done
[1.210s] -- Using CATKIN_DEVEL_PREFIX: /home/yeap/APC_2022_Prac/airsimversion/autoware.ai/build/autoware_lanelet2_msgs/devel
[1.210s] -- Using CMAKE_PREFIX_PATH: /opt/ros/melodic
[1.210s] -- This workspace overlays: /opt/ros/melodic
[1.228s] -- Found PythonInterp: /usr/bin/python2 (found suitable version "2.7.17", minimum required is "2") 
[1.229s] -- Using PYTHON_EXECUTABLE: /usr/bin/python2
[1.229s] -- Using Debian Python package layout
[1.229s] -- Using empy: /usr/bin/empy
[1.380s] -- Using CATKIN_ENABLE_TESTING: ON
[1.381s] -- Call enable_testing()
[1.385s] -- Using CATKIN_TEST_RESULTS_DIR: /home/yeap/APC_2022_Prac/airsimversion/autoware.ai/build/autoware_lanelet2_msgs/test_results
[1.403s] -- Found gtest sources under '/usr/src/googletest': gtests will be built
[1.403s] -- Found gmock sources under '/usr/src/googletest': gmock will be built
[1.421s] -- Found PythonInterp: /usr/bin/python2 (found version "2.7.17") 
[1.421s] -- Looking for pthread.h
[1.495s] -- Looking for pthread.h - found
[1.495s] -- Looking for pthread_create
[1.569s] -- Looking for pthread_create - not found
[1.570s] -- Looking for pthread_create in pthreads
[1.636s] -- Looking for pthread_create in pthreads - not found
[1.637s] -- Looking for pthread_create in pthread
[1.717s] -- Looking for pthread_create in pthread - found
[1.718s] -- Found Threads: TRUE  
[1.720s] -- Using Python nosetests: /usr/bin/nosetests-2.7
[1.761s] -- catkin 0.7.29
[1.762s] -- BUILD_SHARED_LIBS is on
[1.869s] -- Using these message generators: gencpp;geneus;genlisp;gennodejs;genpy
[2.097s] -- autoware_lanelet2_msgs: 1 messages, 0 services
[2.212s] -- Configuring done
[2.229s] -- Generating done
[2.232s] -- Build files have been written to: /home/yeap/APC_2022_Prac/airsimversion/autoware.ai/build/autoware_lanelet2_msgs
[2.242s] Invoked command in '/home/yeap/APC_2022_Prac/airsimversion/autoware.ai/build/autoware_lanelet2_msgs' returned '0': /usr/bin/cmake /home/yeap/APC_2022_Prac/airsimversion/autoware.ai/src/autoware/messages/autoware_lanelet2_msgs -DCMAKE_BUILD_TYPE=Release -DCATKIN_INSTALL_INTO_PREFIX_ROOT=0 -DCMAKE_INSTALL_PREFIX=/home/yeap/APC_2022_Prac/airsimversion/autoware.ai/install/autoware_lanelet2_msgs
[2.243s] Invoking command in '/home/yeap/APC_2022_Prac/airsimversion/autoware.ai/build/autoware_lanelet2_msgs': /usr/bin/cmake --build /home/yeap/APC_2022_Prac/airsimversion/autoware.ai/build/autoware_lanelet2_msgs -- -j6 -l6
[2.315s] [35m[1mScanning dependencies of target _autoware_lanelet2_msgs_generate_messages_check_deps_MapBin[0m
[2.321s] [35m[1mScanning dependencies of target std_msgs_generate_messages_eus[0m
[2.326s] [35m[1mScanning dependencies of target std_msgs_generate_messages_lisp[0m
[2.328s] [35m[1mScanning dependencies of target std_msgs_generate_messages_nodejs[0m
[2.330s] [35m[1mScanning dependencies of target std_msgs_generate_messages_cpp[0m
[2.337s] [35m[1mScanning dependencies of target std_msgs_generate_messages_py[0m
[2.344s] [  0%] Built target std_msgs_generate_messages_py
[2.344s] [  0%] Built target std_msgs_generate_messages_lisp
[2.350s] [  0%] Built target std_msgs_generate_messages_eus
[2.350s] [  0%] Built target std_msgs_generate_messages_nodejs
[2.351s] [  0%] Built target std_msgs_generate_messages_cpp
[2.366s] [  0%] Built target _autoware_lanelet2_msgs_generate_messages_check_deps_MapBin
[2.375s] [35m[1mScanning dependencies of target autoware_lanelet2_msgs_generate_messages_nodejs[0m
[2.381s] [35m[1mScanning dependencies of target autoware_lanelet2_msgs_generate_messages_eus[0m
[2.385s] [35m[1mScanning dependencies of target autoware_lanelet2_msgs_generate_messages_lisp[0m
[2.396s] [35m[1mScanning dependencies of target autoware_lanelet2_msgs_generate_messages_cpp[0m
[2.396s] [35m[1mScanning dependencies of target autoware_lanelet2_msgs_generate_messages_py[0m
[2.410s] [ 14%] [34m[1mGenerating C++ code from autoware_lanelet2_msgs/MapBin.msg[0m
[2.410s] [ 28%] [34m[1mGenerating Python from MSG autoware_lanelet2_msgs/MapBin[0m
[2.413s] [ 57%] [34m[1mGenerating EusLisp manifest code for autoware_lanelet2_msgs[0m
[2.414s] [ 42%] [34m[1mGenerating Javascript code from autoware_lanelet2_msgs/MapBin.msg[0m
[2.422s] [ 71%] [34m[1mGenerating EusLisp code from autoware_lanelet2_msgs/MapBin.msg[0m
[2.449s] [ 85%] [34m[1mGenerating Lisp code from autoware_lanelet2_msgs/MapBin.msg[0m
[2.532s] [ 85%] Built target autoware_lanelet2_msgs_generate_messages_nodejs
[2.589s] [ 85%] Built target autoware_lanelet2_msgs_generate_messages_cpp
[2.639s] [ 85%] Built target autoware_lanelet2_msgs_generate_messages_lisp
[2.705s] [100%] [34m[1mGenerating Python msg __init__.py for autoware_lanelet2_msgs[0m
[3.172s] [100%] Built target autoware_lanelet2_msgs_generate_messages_py
[3.431s] [100%] Built target autoware_lanelet2_msgs_generate_messages_eus
[3.474s] [35m[1mScanning dependencies of target autoware_lanelet2_msgs_generate_messages[0m
[3.527s] [100%] Built target autoware_lanelet2_msgs_generate_messages
[3.556s] Invoked command in '/home/yeap/APC_2022_Prac/airsimversion/autoware.ai/build/autoware_lanelet2_msgs' returned '0': /usr/bin/cmake --build /home/yeap/APC_2022_Prac/airsimversion/autoware.ai/build/autoware_lanelet2_msgs -- -j6 -l6
[4.101s] Invoking command in '/home/yeap/APC_2022_Prac/airsimversion/autoware.ai/build/autoware_lanelet2_msgs': /usr/bin/cmake --build /home/yeap/APC_2022_Prac/airsimversion/autoware.ai/build/autoware_lanelet2_msgs --target tests -- -j6 -l6
[4.450s] [35m[1mScanning dependencies of target tests[0m
[4.535s] Built target tests
[4.566s] Invoked command in '/home/yeap/APC_2022_Prac/airsimversion/autoware.ai/build/autoware_lanelet2_msgs' returned '0': /usr/bin/cmake --build /home/yeap/APC_2022_Prac/airsimversion/autoware.ai/build/autoware_lanelet2_msgs --target tests -- -j6 -l6
[5.011s] Invoking command in '/home/yeap/APC_2022_Prac/airsimversion/autoware.ai/build/autoware_lanelet2_msgs': /usr/bin/cmake --build /home/yeap/APC_2022_Prac/airsimversion/autoware.ai/build/autoware_lanelet2_msgs --target install -- -j6 -l6
[5.287s] [  0%] Built target std_msgs_generate_messages_cpp
[5.322s] [  0%] Built target std_msgs_generate_messages_py
[5.330s] [  0%] Built target std_msgs_generate_messages_nodejs
[5.330s] [  0%] Built target std_msgs_generate_messages_eus
[5.348s] [  0%] Built target std_msgs_generate_messages_lisp
[5.375s] [  0%] Built target _autoware_lanelet2_msgs_generate_messages_check_deps_MapBin
[5.479s] [ 14%] Built target autoware_lanelet2_msgs_generate_messages_nodejs
[5.522s] [ 42%] Built target autoware_lanelet2_msgs_generate_messages_py
[5.536s] [ 71%] Built target autoware_lanelet2_msgs_generate_messages_eus
[5.558s] [ 85%] Built target autoware_lanelet2_msgs_generate_messages_cpp
[5.567s] [100%] Built target autoware_lanelet2_msgs_generate_messages_lisp
[5.689s] [100%] Built target autoware_lanelet2_msgs_generate_messages
[5.826s] [36mInstall the project...[0m
[5.885s] -- Install configuration: "Release"
[5.885s] -- Installing: /home/yeap/APC_2022_Prac/airsimversion/autoware.ai/install/autoware_lanelet2_msgs/share/autoware_lanelet2_msgs/msg/MapBin.msg
[5.885s] -- Installing: /home/yeap/APC_2022_Prac/airsimversion/autoware.ai/install/autoware_lanelet2_msgs/share/autoware_lanelet2_msgs/cmake/autoware_lanelet2_msgs-msg-paths.cmake
[5.886s] -- Installing: /home/yeap/APC_2022_Prac/airsimversion/autoware.ai/install/autoware_lanelet2_msgs/include/autoware_lanelet2_msgs
[5.886s] -- Installing: /home/yeap/APC_2022_Prac/airsimversion/autoware.ai/install/autoware_lanelet2_msgs/include/autoware_lanelet2_msgs/MapBin.h
[5.886s] -- Installing: /home/yeap/APC_2022_Prac/airsimversion/autoware.ai/install/autoware_lanelet2_msgs/share/roseus/ros/autoware_lanelet2_msgs
[5.886s] -- Installing: /home/yeap/APC_2022_Prac/airsimversion/autoware.ai/install/autoware_lanelet2_msgs/share/roseus/ros/autoware_lanelet2_msgs/msg
[5.886s] -- Installing: /home/yeap/APC_2022_Prac/airsimversion/autoware.ai/install/autoware_lanelet2_msgs/share/roseus/ros/autoware_lanelet2_msgs/msg/MapBin.l
[5.886s] -- Installing: /home/yeap/APC_2022_Prac/airsimversion/autoware.ai/install/autoware_lanelet2_msgs/share/roseus/ros/autoware_lanelet2_msgs/manifest.l
[5.886s] -- Installing: /home/yeap/APC_2022_Prac/airsimversion/autoware.ai/install/autoware_lanelet2_msgs/share/common-lisp/ros/autoware_lanelet2_msgs
[5.886s] -- Installing: /home/yeap/APC_2022_Prac/airsimversion/autoware.ai/install/autoware_lanelet2_msgs/share/common-lisp/ros/autoware_lanelet2_msgs/msg
[5.895s] -- Installing: /home/yeap/APC_2022_Prac/airsimversion/autoware.ai/install/autoware_lanelet2_msgs/share/common-lisp/ros/autoware_lanelet2_msgs/msg/_package.lisp
[5.895s] -- Installing: /home/yeap/APC_2022_Prac/airsimversion/autoware.ai/install/autoware_lanelet2_msgs/share/common-lisp/ros/autoware_lanelet2_msgs/msg/MapBin.lisp
[5.895s] -- Installing: /home/yeap/APC_2022_Prac/airsimversion/autoware.ai/install/autoware_lanelet2_msgs/share/common-lisp/ros/autoware_lanelet2_msgs/msg/_package_MapBin.lisp
[5.895s] -- Installing: /home/yeap/APC_2022_Prac/airsimversion/autoware.ai/install/autoware_lanelet2_msgs/share/common-lisp/ros/autoware_lanelet2_msgs/msg/autoware_lanelet2_msgs-msg.asd
[5.895s] -- Installing: /home/yeap/APC_2022_Prac/airsimversion/autoware.ai/install/autoware_lanelet2_msgs/share/gennodejs/ros/autoware_lanelet2_msgs
[5.895s] -- Installing: /home/yeap/APC_2022_Prac/airsimversion/autoware.ai/install/autoware_lanelet2_msgs/share/gennodejs/ros/autoware_lanelet2_msgs/msg
[5.895s] -- Installing: /home/yeap/APC_2022_Prac/airsimversion/autoware.ai/install/autoware_lanelet2_msgs/share/gennodejs/ros/autoware_lanelet2_msgs/msg/_index.js
[5.895s] -- Installing: /home/yeap/APC_2022_Prac/airsimversion/autoware.ai/install/autoware_lanelet2_msgs/share/gennodejs/ros/autoware_lanelet2_msgs/msg/MapBin.js
[5.895s] -- Installing: /home/yeap/APC_2022_Prac/airsimversion/autoware.ai/install/autoware_lanelet2_msgs/share/gennodejs/ros/autoware_lanelet2_msgs/_index.js
[5.968s] Listing /home/yeap/APC_2022_Prac/airsimversion/autoware.ai/build/autoware_lanelet2_msgs/devel/lib/python2.7/dist-packages/autoware_lanelet2_msgs ...
[5.968s] Compiling /home/yeap/APC_2022_Prac/airsimversion/autoware.ai/build/autoware_lanelet2_msgs/devel/lib/python2.7/dist-packages/autoware_lanelet2_msgs/__init__.py ...
[5.968s] Listing /home/yeap/APC_2022_Prac/airsimversion/autoware.ai/build/autoware_lanelet2_msgs/devel/lib/python2.7/dist-packages/autoware_lanelet2_msgs/msg ...
[5.968s] Compiling /home/yeap/APC_2022_Prac/airsimversion/autoware.ai/build/autoware_lanelet2_msgs/devel/lib/python2.7/dist-packages/autoware_lanelet2_msgs/msg/_MapBin.py ...
[5.968s] Compiling /home/yeap/APC_2022_Prac/airsimversion/autoware.ai/build/autoware_lanelet2_msgs/devel/lib/python2.7/dist-packages/autoware_lanelet2_msgs/msg/__init__.py ...
[5.970s] -- Installing: /home/yeap/APC_2022_Prac/airsimversion/autoware.ai/install/autoware_lanelet2_msgs/lib/python2.7/dist-packages/autoware_lanelet2_msgs
[5.970s] -- Installing: /home/yeap/APC_2022_Prac/airsimversion/autoware.ai/install/autoware_lanelet2_msgs/lib/python2.7/dist-packages/autoware_lanelet2_msgs/msg
[5.970s] -- Installing: /home/yeap/APC_2022_Prac/airsimversion/autoware.ai/install/autoware_lanelet2_msgs/lib/python2.7/dist-packages/autoware_lanelet2_msgs/msg/_MapBin.pyc
[5.970s] -- Installing: /home/yeap/APC_2022_Prac/airsimversion/autoware.ai/install/autoware_lanelet2_msgs/lib/python2.7/dist-packages/autoware_lanelet2_msgs/msg/__init__.pyc
[5.970s] -- Installing: /home/yeap/APC_2022_Prac/airsimversion/autoware.ai/install/autoware_lanelet2_msgs/lib/python2.7/dist-packages/autoware_lanelet2_msgs/msg/_MapBin.py
[5.970s] -- Installing: /home/yeap/APC_2022_Prac/airsimversion/autoware.ai/install/autoware_lanelet2_msgs/lib/python2.7/dist-packages/autoware_lanelet2_msgs/msg/__init__.py
[5.970s] -- Installing: /home/yeap/APC_2022_Prac/airsimversion/autoware.ai/install/autoware_lanelet2_msgs/lib/python2.7/dist-packages/autoware_lanelet2_msgs/__init__.pyc
[5.970s] -- Installing: /home/yeap/APC_2022_Prac/airsimversion/autoware.ai/install/autoware_lanelet2_msgs/lib/python2.7/dist-packages/autoware_lanelet2_msgs/__init__.py
[5.971s] -- Installing: /home/yeap/APC_2022_Prac/airsimversion/autoware.ai/install/autoware_lanelet2_msgs/lib/pkgconfig/autoware_lanelet2_msgs.pc
[5.971s] -- Installing: /home/yeap/APC_2022_Prac/airsimversion/autoware.ai/install/autoware_lanelet2_msgs/share/autoware_lanelet2_msgs/cmake/autoware_lanelet2_msgs-msg-extras.cmake
[5.971s] -- Installing: /home/yeap/APC_2022_Prac/airsimversion/autoware.ai/install/autoware_lanelet2_msgs/share/autoware_lanelet2_msgs/cmake/autoware_lanelet2_msgsConfig.cmake
[5.971s] -- Installing: /home/yeap/APC_2022_Prac/airsimversion/autoware.ai/install/autoware_lanelet2_msgs/share/autoware_lanelet2_msgs/cmake/autoware_lanelet2_msgsConfig-version.cmake
[5.971s] -- Installing: /home/yeap/APC_2022_Prac/airsimversion/autoware.ai/install/autoware_lanelet2_msgs/share/autoware_lanelet2_msgs/package.xml
[5.974s] Invoked command in '/home/yeap/APC_2022_Prac/airsimversion/autoware.ai/build/autoware_lanelet2_msgs' returned '0': /usr/bin/cmake --build /home/yeap/APC_2022_Prac/airsimversion/autoware.ai/build/autoware_lanelet2_msgs --target install -- -j6 -l6
