[0.020s] Invoking command in '/home/yeap/APC_2022_Prac/airsimversion/autoware.ai/build/map_tf_generator': CMAKE_PREFIX_PATH=/home/yeap/APC_2022_Prac/airsimversion/autoware.ai/install/autoware_build_flags:${CMAKE_PREFIX_PATH} PKG_CONFIG_PATH=/home/yeap/APC_2022_Prac/airsimversion/autoware.ai/install/autoware_build_flags/lib/x86_64-linux-gnu/pkgconfig:/home/yeap/APC_2022_Prac/airsimversion/autoware.ai/install/autoware_build_flags/lib/pkgconfig:${PKG_CONFIG_PATH} ROS_PACKAGE_PATH=/home/yeap/APC_2022_Prac/airsimversion/autoware.ai/install/autoware_build_flags/share:${ROS_PACKAGE_PATH} /usr/bin/cmake /home/yeap/APC_2022_Prac/airsimversion/autoware.ai/src/autoware/utilities/map_tf_generator -DCMAKE_BUILD_TYPE=Release -DCATKIN_INSTALL_INTO_PREFIX_ROOT=0 -DCMAKE_INSTALL_PREFIX=/home/yeap/APC_2022_Prac/airsimversion/autoware.ai/install/map_tf_generator
[0.096s] -- The C compiler identification is GNU 7.5.0
[0.165s] -- The CXX compiler identification is GNU 7.5.0
[0.171s] -- Check for working C compiler: /usr/bin/cc
[0.244s] -- Check for working C compiler: /usr/bin/cc -- works
[0.245s] -- Detecting C compiler ABI info
[0.323s] -- Detecting C compiler ABI info - done
[0.332s] -- Detecting C compile features
[0.562s] -- Detecting C compile features - done
[0.567s] -- Check for working CXX compiler: /usr/bin/c++
[0.653s] -- Check for working CXX compiler: /usr/bin/c++ -- works
[0.654s] -- Detecting CXX compiler ABI info
[0.746s] -- Detecting CXX compiler ABI info - done
[0.760s] -- Detecting CXX compile features
[1.136s] -- Detecting CXX compile features - done
[1.138s] -- CUDA compilation status: .
[1.139s] -- Using CATKIN_DEVEL_PREFIX: /home/yeap/APC_2022_Prac/airsimversion/autoware.ai/build/map_tf_generator/devel
[1.139s] -- Using CMAKE_PREFIX_PATH: /home/yeap/APC_2022_Prac/airsimversion/autoware.ai/install/autoware_build_flags;/opt/ros/melodic
[1.140s] -- This workspace overlays: /home/yeap/APC_2022_Prac/airsimversion/autoware.ai/install/autoware_build_flags;/opt/ros/melodic
[1.154s] -- Found PythonInterp: /usr/bin/python2 (found suitable version "2.7.17", minimum required is "2") 
[1.155s] -- Using PYTHON_EXECUTABLE: /usr/bin/python2
[1.155s] -- Using Debian Python package layout
[1.155s] -- Using empy: /usr/bin/empy
[1.330s] -- Using CATKIN_ENABLE_TESTING: ON
[1.331s] -- Call enable_testing()
[1.333s] -- Using CATKIN_TEST_RESULTS_DIR: /home/yeap/APC_2022_Prac/airsimversion/autoware.ai/build/map_tf_generator/test_results
[1.356s] -- Found gtest sources under '/usr/src/googletest': gtests will be built
[1.357s] -- Found gmock sources under '/usr/src/googletest': gmock will be built
[1.371s] -- Found PythonInterp: /usr/bin/python2 (found version "2.7.17") 
[1.372s] -- Looking for pthread.h
[1.449s] -- Looking for pthread.h - found
[1.449s] -- Looking for pthread_create
[1.525s] -- Looking for pthread_create - not found
[1.526s] -- Looking for pthread_create in pthreads
[1.590s] -- Looking for pthread_create in pthreads - not found
[1.590s] -- Looking for pthread_create in pthread
[1.666s] -- Looking for pthread_create in pthread - found
[1.667s] -- Found Threads: TRUE  
[1.672s] -- Using Python nosetests: /usr/bin/nosetests-2.7
[1.720s] -- catkin 0.7.29
[1.720s] -- BUILD_SHARED_LIBS is on
[2.486s] -- Using these message generators: gencpp;geneus;genlisp;gennodejs;genpy
[2.987s] -- Configuring done
[3.041s] -- Generating done
[3.053s] -- Build files have been written to: /home/yeap/APC_2022_Prac/airsimversion/autoware.ai/build/map_tf_generator
[3.062s] Invoked command in '/home/yeap/APC_2022_Prac/airsimversion/autoware.ai/build/map_tf_generator' returned '0': CMAKE_PREFIX_PATH=/home/yeap/APC_2022_Prac/airsimversion/autoware.ai/install/autoware_build_flags:${CMAKE_PREFIX_PATH} PKG_CONFIG_PATH=/home/yeap/APC_2022_Prac/airsimversion/autoware.ai/install/autoware_build_flags/lib/x86_64-linux-gnu/pkgconfig:/home/yeap/APC_2022_Prac/airsimversion/autoware.ai/install/autoware_build_flags/lib/pkgconfig:${PKG_CONFIG_PATH} ROS_PACKAGE_PATH=/home/yeap/APC_2022_Prac/airsimversion/autoware.ai/install/autoware_build_flags/share:${ROS_PACKAGE_PATH} /usr/bin/cmake /home/yeap/APC_2022_Prac/airsimversion/autoware.ai/src/autoware/utilities/map_tf_generator -DCMAKE_BUILD_TYPE=Release -DCATKIN_INSTALL_INTO_PREFIX_ROOT=0 -DCMAKE_INSTALL_PREFIX=/home/yeap/APC_2022_Prac/airsimversion/autoware.ai/install/map_tf_generator
[3.063s] Invoking command in '/home/yeap/APC_2022_Prac/airsimversion/autoware.ai/build/map_tf_generator': CMAKE_PREFIX_PATH=/home/yeap/APC_2022_Prac/airsimversion/autoware.ai/install/autoware_build_flags:${CMAKE_PREFIX_PATH} PKG_CONFIG_PATH=/home/yeap/APC_2022_Prac/airsimversion/autoware.ai/install/autoware_build_flags/lib/x86_64-linux-gnu/pkgconfig:/home/yeap/APC_2022_Prac/airsimversion/autoware.ai/install/autoware_build_flags/lib/pkgconfig:${PKG_CONFIG_PATH} ROS_PACKAGE_PATH=/home/yeap/APC_2022_Prac/airsimversion/autoware.ai/install/autoware_build_flags/share:${ROS_PACKAGE_PATH} /usr/bin/cmake --build /home/yeap/APC_2022_Prac/airsimversion/autoware.ai/build/map_tf_generator -- -j6 -l6
[3.113s] [35m[1mScanning dependencies of target map_tf_generator[0m
[3.181s] [ 50%] [32mBuilding CXX object CMakeFiles/map_tf_generator.dir/nodes/map_tf_generator.cpp.o[0m
[10.901s] [100%] [32m[1mLinking CXX executable devel/lib/map_tf_generator/map_tf_generator[0m
[11.388s] [100%] Built target map_tf_generator
[11.403s] Invoked command in '/home/yeap/APC_2022_Prac/airsimversion/autoware.ai/build/map_tf_generator' returned '0': CMAKE_PREFIX_PATH=/home/yeap/APC_2022_Prac/airsimversion/autoware.ai/install/autoware_build_flags:${CMAKE_PREFIX_PATH} PKG_CONFIG_PATH=/home/yeap/APC_2022_Prac/airsimversion/autoware.ai/install/autoware_build_flags/lib/x86_64-linux-gnu/pkgconfig:/home/yeap/APC_2022_Prac/airsimversion/autoware.ai/install/autoware_build_flags/lib/pkgconfig:${PKG_CONFIG_PATH} ROS_PACKAGE_PATH=/home/yeap/APC_2022_Prac/airsimversion/autoware.ai/install/autoware_build_flags/share:${ROS_PACKAGE_PATH} /usr/bin/cmake --build /home/yeap/APC_2022_Prac/airsimversion/autoware.ai/build/map_tf_generator -- -j6 -l6
[11.505s] Invoking command in '/home/yeap/APC_2022_Prac/airsimversion/autoware.ai/build/map_tf_generator': CMAKE_PREFIX_PATH=/home/yeap/APC_2022_Prac/airsimversion/autoware.ai/install/autoware_build_flags:${CMAKE_PREFIX_PATH} PKG_CONFIG_PATH=/home/yeap/APC_2022_Prac/airsimversion/autoware.ai/install/autoware_build_flags/lib/x86_64-linux-gnu/pkgconfig:/home/yeap/APC_2022_Prac/airsimversion/autoware.ai/install/autoware_build_flags/lib/pkgconfig:${PKG_CONFIG_PATH} ROS_PACKAGE_PATH=/home/yeap/APC_2022_Prac/airsimversion/autoware.ai/install/autoware_build_flags/share:${ROS_PACKAGE_PATH} /usr/bin/cmake --build /home/yeap/APC_2022_Prac/airsimversion/autoware.ai/build/map_tf_generator --target tests -- -j6 -l6
[11.574s] [35m[1mScanning dependencies of target tests[0m
[11.586s] Built target tests
[11.602s] Invoked command in '/home/yeap/APC_2022_Prac/airsimversion/autoware.ai/build/map_tf_generator' returned '0': CMAKE_PREFIX_PATH=/home/yeap/APC_2022_Prac/airsimversion/autoware.ai/install/autoware_build_flags:${CMAKE_PREFIX_PATH} PKG_CONFIG_PATH=/home/yeap/APC_2022_Prac/airsimversion/autoware.ai/install/autoware_build_flags/lib/x86_64-linux-gnu/pkgconfig:/home/yeap/APC_2022_Prac/airsimversion/autoware.ai/install/autoware_build_flags/lib/pkgconfig:${PKG_CONFIG_PATH} ROS_PACKAGE_PATH=/home/yeap/APC_2022_Prac/airsimversion/autoware.ai/install/autoware_build_flags/share:${ROS_PACKAGE_PATH} /usr/bin/cmake --build /home/yeap/APC_2022_Prac/airsimversion/autoware.ai/build/map_tf_generator --target tests -- -j6 -l6
[11.705s] Invoking command in '/home/yeap/APC_2022_Prac/airsimversion/autoware.ai/build/map_tf_generator': CMAKE_PREFIX_PATH=/home/yeap/APC_2022_Prac/airsimversion/autoware.ai/install/autoware_build_flags:${CMAKE_PREFIX_PATH} PKG_CONFIG_PATH=/home/yeap/APC_2022_Prac/airsimversion/autoware.ai/install/autoware_build_flags/lib/x86_64-linux-gnu/pkgconfig:/home/yeap/APC_2022_Prac/airsimversion/autoware.ai/install/autoware_build_flags/lib/pkgconfig:${PKG_CONFIG_PATH} ROS_PACKAGE_PATH=/home/yeap/APC_2022_Prac/airsimversion/autoware.ai/install/autoware_build_flags/share:${ROS_PACKAGE_PATH} /usr/bin/cmake --build /home/yeap/APC_2022_Prac/airsimversion/autoware.ai/build/map_tf_generator --target install -- -j6 -l6
[11.783s] [100%] Built target map_tf_generator
[11.807s] [36mInstall the project...[0m
[11.817s] -- Install configuration: "Release"
[11.818s] -- Installing: /home/yeap/APC_2022_Prac/airsimversion/autoware.ai/install/map_tf_generator/lib/pkgconfig/map_tf_generator.pc
[11.819s] -- Installing: /home/yeap/APC_2022_Prac/airsimversion/autoware.ai/install/map_tf_generator/share/map_tf_generator/cmake/map_tf_generatorConfig.cmake
[11.819s] -- Installing: /home/yeap/APC_2022_Prac/airsimversion/autoware.ai/install/map_tf_generator/share/map_tf_generator/cmake/map_tf_generatorConfig-version.cmake
[11.819s] -- Installing: /home/yeap/APC_2022_Prac/airsimversion/autoware.ai/install/map_tf_generator/share/map_tf_generator/package.xml
[11.820s] -- Installing: /home/yeap/APC_2022_Prac/airsimversion/autoware.ai/install/map_tf_generator/lib/map_tf_generator/map_tf_generator
[11.821s] -- Set runtime path of "/home/yeap/APC_2022_Prac/airsimversion/autoware.ai/install/map_tf_generator/lib/map_tf_generator/map_tf_generator" to ""
[11.821s] -- Installing: /home/yeap/APC_2022_Prac/airsimversion/autoware.ai/install/map_tf_generator/share/map_tf_generator/launch
[11.821s] -- Installing: /home/yeap/APC_2022_Prac/airsimversion/autoware.ai/install/map_tf_generator/share/map_tf_generator/launch/map_tf_generate.launch
[11.830s] Invoked command in '/home/yeap/APC_2022_Prac/airsimversion/autoware.ai/build/map_tf_generator' returned '0': CMAKE_PREFIX_PATH=/home/yeap/APC_2022_Prac/airsimversion/autoware.ai/install/autoware_build_flags:${CMAKE_PREFIX_PATH} PKG_CONFIG_PATH=/home/yeap/APC_2022_Prac/airsimversion/autoware.ai/install/autoware_build_flags/lib/x86_64-linux-gnu/pkgconfig:/home/yeap/APC_2022_Prac/airsimversion/autoware.ai/install/autoware_build_flags/lib/pkgconfig:${PKG_CONFIG_PATH} ROS_PACKAGE_PATH=/home/yeap/APC_2022_Prac/airsimversion/autoware.ai/install/autoware_build_flags/share:${ROS_PACKAGE_PATH} /usr/bin/cmake --build /home/yeap/APC_2022_Prac/airsimversion/autoware.ai/build/map_tf_generator --target install -- -j6 -l6
