[0.027s] Invoking command in '/home/yeap/APC_2022_Prac/airsimversion/autoware.ai/build/adi_driver': CMAKE_PREFIX_PATH=/home/yeap/APC_2022_Prac/airsimversion/autoware.ai/install/autoware_build_flags:${CMAKE_PREFIX_PATH} PKG_CONFIG_PATH=/home/yeap/APC_2022_Prac/airsimversion/autoware.ai/install/autoware_build_flags/lib/x86_64-linux-gnu/pkgconfig:/home/yeap/APC_2022_Prac/airsimversion/autoware.ai/install/autoware_build_flags/lib/pkgconfig:${PKG_CONFIG_PATH} ROS_PACKAGE_PATH=/home/yeap/APC_2022_Prac/airsimversion/autoware.ai/install/autoware_build_flags/share:${ROS_PACKAGE_PATH} /usr/bin/cmake /home/yeap/APC_2022_Prac/airsimversion/autoware.ai/src/drivers/awf_drivers/analog_devices -DCMAKE_BUILD_TYPE=Release -DCATKIN_INSTALL_INTO_PREFIX_ROOT=0 -DCMAKE_INSTALL_PREFIX=/home/yeap/APC_2022_Prac/airsimversion/autoware.ai/install/adi_driver
[0.116s] -- The C compiler identification is GNU 7.5.0
[0.184s] -- The CXX compiler identification is GNU 7.5.0
[0.190s] -- Check for working C compiler: /usr/bin/cc
[0.261s] -- Check for working C compiler: /usr/bin/cc -- works
[0.262s] -- Detecting C compiler ABI info
[0.338s] -- Detecting C compiler ABI info - done
[0.348s] -- Detecting C compile features
[0.573s] -- Detecting C compile features - done
[0.577s] -- Check for working CXX compiler: /usr/bin/c++
[0.659s] -- Check for working CXX compiler: /usr/bin/c++ -- works
[0.661s] -- Detecting CXX compiler ABI info
[0.746s] -- Detecting CXX compiler ABI info - done
[0.756s] -- Detecting CXX compile features
[1.125s] -- Detecting CXX compile features - done
[1.128s] -- Using CATKIN_DEVEL_PREFIX: /home/yeap/APC_2022_Prac/airsimversion/autoware.ai/build/adi_driver/devel
[1.128s] -- Using CMAKE_PREFIX_PATH: /home/yeap/APC_2022_Prac/airsimversion/autoware.ai/install/autoware_build_flags;/opt/ros/melodic
[1.129s] -- This workspace overlays: /home/yeap/APC_2022_Prac/airsimversion/autoware.ai/install/autoware_build_flags;/opt/ros/melodic
[1.144s] -- Found PythonInterp: /usr/bin/python2 (found suitable version "2.7.17", minimum required is "2") 
[1.144s] -- Using PYTHON_EXECUTABLE: /usr/bin/python2
[1.145s] -- Using Debian Python package layout
[1.145s] -- Using empy: /usr/bin/empy
[1.340s] -- Using CATKIN_ENABLE_TESTING: ON
[1.340s] -- Call enable_testing()
[1.343s] -- Using CATKIN_TEST_RESULTS_DIR: /home/yeap/APC_2022_Prac/airsimversion/autoware.ai/build/adi_driver/test_results
[1.367s] -- Found gtest sources under '/usr/src/googletest': gtests will be built
[1.367s] -- Found gmock sources under '/usr/src/googletest': gmock will be built
[1.383s] -- Found PythonInterp: /usr/bin/python2 (found version "2.7.17") 
[1.384s] -- Looking for pthread.h
[1.460s] -- Looking for pthread.h - found
[1.461s] -- Looking for pthread_create
[1.538s] -- Looking for pthread_create - not found
[1.539s] -- Looking for pthread_create in pthreads
[1.600s] -- Looking for pthread_create in pthreads - not found
[1.601s] -- Looking for pthread_create in pthread
[1.677s] -- Looking for pthread_create in pthread - found
[1.679s] -- Found Threads: TRUE  
[1.684s] -- Using Python nosetests: /usr/bin/nosetests-2.7
[1.734s] -- catkin 0.7.29
[1.734s] -- BUILD_SHARED_LIBS is on
[2.066s] -- Configuring done
[2.092s] -- Generating done
[2.098s] -- Build files have been written to: /home/yeap/APC_2022_Prac/airsimversion/autoware.ai/build/adi_driver
[2.107s] Invoked command in '/home/yeap/APC_2022_Prac/airsimversion/autoware.ai/build/adi_driver' returned '0': CMAKE_PREFIX_PATH=/home/yeap/APC_2022_Prac/airsimversion/autoware.ai/install/autoware_build_flags:${CMAKE_PREFIX_PATH} PKG_CONFIG_PATH=/home/yeap/APC_2022_Prac/airsimversion/autoware.ai/install/autoware_build_flags/lib/x86_64-linux-gnu/pkgconfig:/home/yeap/APC_2022_Prac/airsimversion/autoware.ai/install/autoware_build_flags/lib/pkgconfig:${PKG_CONFIG_PATH} ROS_PACKAGE_PATH=/home/yeap/APC_2022_Prac/airsimversion/autoware.ai/install/autoware_build_flags/share:${ROS_PACKAGE_PATH} /usr/bin/cmake /home/yeap/APC_2022_Prac/airsimversion/autoware.ai/src/drivers/awf_drivers/analog_devices -DCMAKE_BUILD_TYPE=Release -DCATKIN_INSTALL_INTO_PREFIX_ROOT=0 -DCMAKE_INSTALL_PREFIX=/home/yeap/APC_2022_Prac/airsimversion/autoware.ai/install/adi_driver
[2.108s] Invoking command in '/home/yeap/APC_2022_Prac/airsimversion/autoware.ai/build/adi_driver': CMAKE_PREFIX_PATH=/home/yeap/APC_2022_Prac/airsimversion/autoware.ai/install/autoware_build_flags:${CMAKE_PREFIX_PATH} PKG_CONFIG_PATH=/home/yeap/APC_2022_Prac/airsimversion/autoware.ai/install/autoware_build_flags/lib/x86_64-linux-gnu/pkgconfig:/home/yeap/APC_2022_Prac/airsimversion/autoware.ai/install/autoware_build_flags/lib/pkgconfig:${PKG_CONFIG_PATH} ROS_PACKAGE_PATH=/home/yeap/APC_2022_Prac/airsimversion/autoware.ai/install/autoware_build_flags/share:${ROS_PACKAGE_PATH} /usr/bin/cmake --build /home/yeap/APC_2022_Prac/airsimversion/autoware.ai/build/adi_driver -- -j6 -l6
[2.155s] [35m[1mScanning dependencies of target adxl345_node[0m
[2.180s] [ 16%] [32mBuilding CXX object CMakeFiles/adxl345_node.dir/src/adxl345_node.cpp.o[0m
[3.696s] [ 33%] [32mBuilding CXX object CMakeFiles/adxl345_node.dir/src/adxl345.cpp.o[0m
[5.003s] [ 50%] [32m[1mLinking CXX executable devel/lib/adi_driver/adxl345_node[0m
[5.186s] [ 50%] Built target adxl345_node
[5.198s] [35m[1mScanning dependencies of target adis16470_node[0m
[5.222s] [ 66%] [32mBuilding CXX object CMakeFiles/adis16470_node.dir/src/adis16470_node.cpp.o[0m
[6.884s] [ 83%] [32mBuilding CXX object CMakeFiles/adis16470_node.dir/src/adis16470.cpp.o[0m
[7.014s] [01m[K/home/yeap/APC_2022_Prac/airsimversion/autoware.ai/src/drivers/awf_drivers/analog_devices/src/adis16470.cpp:[m[K In member function ‘[01m[Kint Adis16470::read_register(char, int16_t&)[m[K’:
[7.014s] [01m[K/home/yeap/APC_2022_Prac/airsimversion/autoware.ai/src/drivers/awf_drivers/analog_devices/src/adis16470.cpp:201:47:[m[K [01;35m[Kwarning: [m[Knarrowing conversion of ‘[01m[Kaddress[m[K’ from ‘[01m[Kchar[m[K’ to ‘[01m[Kunsigned char[m[K’ inside { } [[01;35m[K-Wnarrowing[m[K]
[7.014s]    unsigned char buff[3] = {0x61, address, 0x00[01;35m[K}[m[K;
[7.015s]                                                [01;35m[K^[m[K
[7.115s] [100%] [32m[1mLinking CXX executable devel/lib/adi_driver/adis16470_node[0m
[7.303s] [100%] Built target adis16470_node
[7.315s] Invoked command in '/home/yeap/APC_2022_Prac/airsimversion/autoware.ai/build/adi_driver' returned '0': CMAKE_PREFIX_PATH=/home/yeap/APC_2022_Prac/airsimversion/autoware.ai/install/autoware_build_flags:${CMAKE_PREFIX_PATH} PKG_CONFIG_PATH=/home/yeap/APC_2022_Prac/airsimversion/autoware.ai/install/autoware_build_flags/lib/x86_64-linux-gnu/pkgconfig:/home/yeap/APC_2022_Prac/airsimversion/autoware.ai/install/autoware_build_flags/lib/pkgconfig:${PKG_CONFIG_PATH} ROS_PACKAGE_PATH=/home/yeap/APC_2022_Prac/airsimversion/autoware.ai/install/autoware_build_flags/share:${ROS_PACKAGE_PATH} /usr/bin/cmake --build /home/yeap/APC_2022_Prac/airsimversion/autoware.ai/build/adi_driver -- -j6 -l6
[7.392s] Invoking command in '/home/yeap/APC_2022_Prac/airsimversion/autoware.ai/build/adi_driver': CMAKE_PREFIX_PATH=/home/yeap/APC_2022_Prac/airsimversion/autoware.ai/install/autoware_build_flags:${CMAKE_PREFIX_PATH} PKG_CONFIG_PATH=/home/yeap/APC_2022_Prac/airsimversion/autoware.ai/install/autoware_build_flags/lib/x86_64-linux-gnu/pkgconfig:/home/yeap/APC_2022_Prac/airsimversion/autoware.ai/install/autoware_build_flags/lib/pkgconfig:${PKG_CONFIG_PATH} ROS_PACKAGE_PATH=/home/yeap/APC_2022_Prac/airsimversion/autoware.ai/install/autoware_build_flags/share:${ROS_PACKAGE_PATH} /usr/bin/cmake --build /home/yeap/APC_2022_Prac/airsimversion/autoware.ai/build/adi_driver --target tests -- -j6 -l6
[7.456s] [35m[1mScanning dependencies of target tests[0m
[7.468s] Built target tests
[7.483s] Invoked command in '/home/yeap/APC_2022_Prac/airsimversion/autoware.ai/build/adi_driver' returned '0': CMAKE_PREFIX_PATH=/home/yeap/APC_2022_Prac/airsimversion/autoware.ai/install/autoware_build_flags:${CMAKE_PREFIX_PATH} PKG_CONFIG_PATH=/home/yeap/APC_2022_Prac/airsimversion/autoware.ai/install/autoware_build_flags/lib/x86_64-linux-gnu/pkgconfig:/home/yeap/APC_2022_Prac/airsimversion/autoware.ai/install/autoware_build_flags/lib/pkgconfig:${PKG_CONFIG_PATH} ROS_PACKAGE_PATH=/home/yeap/APC_2022_Prac/airsimversion/autoware.ai/install/autoware_build_flags/share:${ROS_PACKAGE_PATH} /usr/bin/cmake --build /home/yeap/APC_2022_Prac/airsimversion/autoware.ai/build/adi_driver --target tests -- -j6 -l6
[7.567s] Invoking command in '/home/yeap/APC_2022_Prac/airsimversion/autoware.ai/build/adi_driver': CMAKE_PREFIX_PATH=/home/yeap/APC_2022_Prac/airsimversion/autoware.ai/install/autoware_build_flags:${CMAKE_PREFIX_PATH} PKG_CONFIG_PATH=/home/yeap/APC_2022_Prac/airsimversion/autoware.ai/install/autoware_build_flags/lib/x86_64-linux-gnu/pkgconfig:/home/yeap/APC_2022_Prac/airsimversion/autoware.ai/install/autoware_build_flags/lib/pkgconfig:${PKG_CONFIG_PATH} ROS_PACKAGE_PATH=/home/yeap/APC_2022_Prac/airsimversion/autoware.ai/install/autoware_build_flags/share:${ROS_PACKAGE_PATH} /usr/bin/cmake --build /home/yeap/APC_2022_Prac/airsimversion/autoware.ai/build/adi_driver --target install -- -j6 -l6
[7.629s] [ 50%] Built target adxl345_node
[7.658s] [100%] Built target adis16470_node
[7.681s] [36mInstall the project...[0m
[7.692s] -- Install configuration: "Release"
[7.692s] -- Installing: /home/yeap/APC_2022_Prac/airsimversion/autoware.ai/install/adi_driver/lib/pkgconfig/adi_driver.pc
[7.692s] -- Installing: /home/yeap/APC_2022_Prac/airsimversion/autoware.ai/install/adi_driver/share/adi_driver/cmake/adi_driverConfig.cmake
[7.692s] -- Installing: /home/yeap/APC_2022_Prac/airsimversion/autoware.ai/install/adi_driver/share/adi_driver/cmake/adi_driverConfig-version.cmake
[7.692s] -- Installing: /home/yeap/APC_2022_Prac/airsimversion/autoware.ai/install/adi_driver/share/adi_driver/package.xml
[7.693s] -- Installing: /home/yeap/APC_2022_Prac/airsimversion/autoware.ai/install/adi_driver/lib/adi_driver/adis16470_node
[7.693s] -- Set runtime path of "/home/yeap/APC_2022_Prac/airsimversion/autoware.ai/install/adi_driver/lib/adi_driver/adis16470_node" to ""
[7.693s] -- Installing: /home/yeap/APC_2022_Prac/airsimversion/autoware.ai/install/adi_driver/lib/adi_driver/adxl345_node
[7.693s] -- Set runtime path of "/home/yeap/APC_2022_Prac/airsimversion/autoware.ai/install/adi_driver/lib/adi_driver/adxl345_node" to ""
[7.694s] -- Installing: /home/yeap/APC_2022_Prac/airsimversion/autoware.ai/install/adi_driver/include/adi_driver
[7.694s] -- Installing: /home/yeap/APC_2022_Prac/airsimversion/autoware.ai/install/adi_driver/include/adi_driver/adxl345.h
[7.694s] -- Installing: /home/yeap/APC_2022_Prac/airsimversion/autoware.ai/install/adi_driver/include/adi_driver/adis16470.h
[7.694s] -- Installing: /home/yeap/APC_2022_Prac/airsimversion/autoware.ai/install/adi_driver/share/adi_driver/launch
[7.694s] -- Installing: /home/yeap/APC_2022_Prac/airsimversion/autoware.ai/install/adi_driver/share/adi_driver/launch/imu.rviz
[7.696s] -- Installing: /home/yeap/APC_2022_Prac/airsimversion/autoware.ai/install/adi_driver/share/adi_driver/launch/adxl345.launch
[7.696s] -- Installing: /home/yeap/APC_2022_Prac/airsimversion/autoware.ai/install/adi_driver/share/adi_driver/launch/adis16470.launch
[7.696s] -- Installing: /home/yeap/APC_2022_Prac/airsimversion/autoware.ai/install/adi_driver/share/adi_driver/test
[7.696s] -- Installing: /home/yeap/APC_2022_Prac/airsimversion/autoware.ai/install/adi_driver/share/adi_driver/test/test_adis16470.py
[7.696s] -- Installing: /home/yeap/APC_2022_Prac/airsimversion/autoware.ai/install/adi_driver/share/adi_driver/test/test_adxl345.py
[7.697s] -- Installing: /home/yeap/APC_2022_Prac/airsimversion/autoware.ai/install/adi_driver/share/adi_driver/urdf
[7.701s] -- Installing: /home/yeap/APC_2022_Prac/airsimversion/autoware.ai/install/adi_driver/share/adi_driver/urdf/adis16470_breakout.urdf
[7.703s] Invoked command in '/home/yeap/APC_2022_Prac/airsimversion/autoware.ai/build/adi_driver' returned '0': CMAKE_PREFIX_PATH=/home/yeap/APC_2022_Prac/airsimversion/autoware.ai/install/autoware_build_flags:${CMAKE_PREFIX_PATH} PKG_CONFIG_PATH=/home/yeap/APC_2022_Prac/airsimversion/autoware.ai/install/autoware_build_flags/lib/x86_64-linux-gnu/pkgconfig:/home/yeap/APC_2022_Prac/airsimversion/autoware.ai/install/autoware_build_flags/lib/pkgconfig:${PKG_CONFIG_PATH} ROS_PACKAGE_PATH=/home/yeap/APC_2022_Prac/airsimversion/autoware.ai/install/autoware_build_flags/share:${ROS_PACKAGE_PATH} /usr/bin/cmake --build /home/yeap/APC_2022_Prac/airsimversion/autoware.ai/build/adi_driver --target install -- -j6 -l6
