[0.014s] Invoking command in '/home/yeap/APC_2022_Prac/airsimversion/autoware.ai/build/memsic_imu': /usr/bin/cmake /home/yeap/APC_2022_Prac/airsimversion/autoware.ai/src/drivers/awf_drivers/memsic -DCMAKE_BUILD_TYPE=Release -DCATKIN_INSTALL_INTO_PREFIX_ROOT=0 -DCMAKE_INSTALL_PREFIX=/home/yeap/APC_2022_Prac/airsimversion/autoware.ai/install/memsic_imu
[0.156s] -- The C compiler identification is GNU 7.5.0
[0.223s] -- The CXX compiler identification is GNU 7.5.0
[0.228s] -- Check for working C compiler: /usr/bin/cc
[0.303s] -- Check for working C compiler: /usr/bin/cc -- works
[0.303s] -- Detecting C compiler ABI info
[0.383s] -- Detecting C compiler ABI info - done
[0.383s] -- Detecting C compile features
[0.597s] -- Detecting C compile features - done
[0.601s] -- Check for working CXX compiler: /usr/bin/c++
[0.685s] -- Check for working CXX compiler: /usr/bin/c++ -- works
[0.685s] -- Detecting CXX compiler ABI info
[0.767s] -- Detecting CXX compiler ABI info - done
[0.777s] -- Detecting CXX compile features
[1.194s] -- Detecting CXX compile features - done
[1.196s] -- Using CATKIN_DEVEL_PREFIX: /home/yeap/APC_2022_Prac/airsimversion/autoware.ai/build/memsic_imu/devel
[1.196s] -- Using CMAKE_PREFIX_PATH: /opt/ros/melodic
[1.196s] -- This workspace overlays: /opt/ros/melodic
[1.218s] -- Found PythonInterp: /usr/bin/python2 (found suitable version "2.7.17", minimum required is "2") 
[1.218s] -- Using PYTHON_EXECUTABLE: /usr/bin/python2
[1.218s] -- Using Debian Python package layout
[1.218s] -- Using empy: /usr/bin/empy
[1.435s] -- Using CATKIN_ENABLE_TESTING: ON
[1.436s] -- Call enable_testing()
[1.438s] -- Using CATKIN_TEST_RESULTS_DIR: /home/yeap/APC_2022_Prac/airsimversion/autoware.ai/build/memsic_imu/test_results
[1.460s] -- Found gtest sources under '/usr/src/googletest': gtests will be built
[1.461s] -- Found gmock sources under '/usr/src/googletest': gmock will be built
[1.475s] -- Found PythonInterp: /usr/bin/python2 (found version "2.7.17") 
[1.477s] -- Looking for pthread.h
[1.553s] -- Looking for pthread.h - found
[1.554s] -- Looking for pthread_create
[1.683s] -- Looking for pthread_create - not found
[1.684s] -- Looking for pthread_create in pthreads
[1.746s] -- Looking for pthread_create in pthreads - not found
[1.746s] -- Looking for pthread_create in pthread
[1.818s] -- Looking for pthread_create in pthread - found
[1.819s] -- Found Threads: TRUE  
[1.824s] -- Using Python nosetests: /usr/bin/nosetests-2.7
[1.873s] -- catkin 0.7.29
[1.873s] -- BUILD_SHARED_LIBS is on
[2.081s] -- Using these message generators: gencpp;geneus;genlisp;gennodejs;genpy
[2.360s] -- Configuring done
[2.387s] -- Generating done
[2.395s] -- Build files have been written to: /home/yeap/APC_2022_Prac/airsimversion/autoware.ai/build/memsic_imu
[2.405s] Invoked command in '/home/yeap/APC_2022_Prac/airsimversion/autoware.ai/build/memsic_imu' returned '0': /usr/bin/cmake /home/yeap/APC_2022_Prac/airsimversion/autoware.ai/src/drivers/awf_drivers/memsic -DCMAKE_BUILD_TYPE=Release -DCATKIN_INSTALL_INTO_PREFIX_ROOT=0 -DCMAKE_INSTALL_PREFIX=/home/yeap/APC_2022_Prac/airsimversion/autoware.ai/install/memsic_imu
[2.406s] Invoking command in '/home/yeap/APC_2022_Prac/airsimversion/autoware.ai/build/memsic_imu': /usr/bin/cmake --build /home/yeap/APC_2022_Prac/airsimversion/autoware.ai/build/memsic_imu -- -j6 -l6
[2.517s] [35m[1mScanning dependencies of target vg440_node[0m
[2.542s] [ 50%] [32mBuilding CXX object CMakeFiles/vg440_node.dir/nodes/vg440/vg440_node.cpp.o[0m
[8.362s] [100%] [32m[1mLinking CXX executable devel/lib/memsic_imu/vg440_node[0m
[8.562s] [100%] Built target vg440_node
[8.577s] Invoked command in '/home/yeap/APC_2022_Prac/airsimversion/autoware.ai/build/memsic_imu' returned '0': /usr/bin/cmake --build /home/yeap/APC_2022_Prac/airsimversion/autoware.ai/build/memsic_imu -- -j6 -l6
[8.650s] Invoking command in '/home/yeap/APC_2022_Prac/airsimversion/autoware.ai/build/memsic_imu': /usr/bin/cmake --build /home/yeap/APC_2022_Prac/airsimversion/autoware.ai/build/memsic_imu --target tests -- -j6 -l6
[8.713s] [35m[1mScanning dependencies of target tests[0m
[8.725s] Built target tests
[8.747s] Invoked command in '/home/yeap/APC_2022_Prac/airsimversion/autoware.ai/build/memsic_imu' returned '0': /usr/bin/cmake --build /home/yeap/APC_2022_Prac/airsimversion/autoware.ai/build/memsic_imu --target tests -- -j6 -l6
[8.817s] Invoking command in '/home/yeap/APC_2022_Prac/airsimversion/autoware.ai/build/memsic_imu': /usr/bin/cmake --build /home/yeap/APC_2022_Prac/airsimversion/autoware.ai/build/memsic_imu --target install -- -j6 -l6
[8.896s] [100%] Built target vg440_node
[8.927s] [36mInstall the project...[0m
[8.939s] -- Install configuration: "Release"
[8.939s] -- Installing: /home/yeap/APC_2022_Prac/airsimversion/autoware.ai/install/memsic_imu/lib/pkgconfig/memsic_imu.pc
[8.940s] -- Installing: /home/yeap/APC_2022_Prac/airsimversion/autoware.ai/install/memsic_imu/share/memsic_imu/cmake/memsic_imuConfig.cmake
[8.940s] -- Installing: /home/yeap/APC_2022_Prac/airsimversion/autoware.ai/install/memsic_imu/share/memsic_imu/cmake/memsic_imuConfig-version.cmake
[8.940s] -- Installing: /home/yeap/APC_2022_Prac/airsimversion/autoware.ai/install/memsic_imu/share/memsic_imu/package.xml
[8.941s] -- Installing: /home/yeap/APC_2022_Prac/airsimversion/autoware.ai/install/memsic_imu/lib/memsic_imu/vg440_node
[8.941s] -- Set runtime path of "/home/yeap/APC_2022_Prac/airsimversion/autoware.ai/install/memsic_imu/lib/memsic_imu/vg440_node" to ""
[8.942s] -- Installing: /home/yeap/APC_2022_Prac/airsimversion/autoware.ai/install/memsic_imu/share/memsic_imu/launch
[8.942s] -- Installing: /home/yeap/APC_2022_Prac/airsimversion/autoware.ai/install/memsic_imu/share/memsic_imu/launch/vg440.launch
[8.946s] Invoked command in '/home/yeap/APC_2022_Prac/airsimversion/autoware.ai/build/memsic_imu' returned '0': /usr/bin/cmake --build /home/yeap/APC_2022_Prac/airsimversion/autoware.ai/build/memsic_imu --target install -- -j6 -l6
