[0.013s] Invoking command in '/home/yeap/APC_2022_Prac/airsimversion/autoware.ai/build/ds4_msgs': /usr/bin/cmake /home/yeap/APC_2022_Prac/airsimversion/autoware.ai/src/drivers/ds4/ds4_msgs -DCMAKE_BUILD_TYPE=Release -DCATKIN_INSTALL_INTO_PREFIX_ROOT=0 -DCMAKE_INSTALL_PREFIX=/home/yeap/APC_2022_Prac/airsimversion/autoware.ai/install/ds4_msgs
[0.093s] -- The C compiler identification is GNU 7.5.0
[0.158s] -- The CXX compiler identification is GNU 7.5.0
[0.165s] -- Check for working C compiler: /usr/bin/cc
[0.242s] -- Check for working C compiler: /usr/bin/cc -- works
[0.244s] -- Detecting C compiler ABI info
[0.322s] -- Detecting C compiler ABI info - done
[0.332s] -- Detecting C compile features
[0.549s] -- Detecting C compile features - done
[0.553s] -- Check for working CXX compiler: /usr/bin/c++
[0.638s] -- Check for working CXX compiler: /usr/bin/c++ -- works
[0.639s] -- Detecting CXX compiler ABI info
[0.723s] -- Detecting CXX compiler ABI info - done
[0.733s] -- Detecting CXX compile features
[1.125s] -- Detecting CXX compile features - done
[1.127s] -- Using CATKIN_DEVEL_PREFIX: /home/yeap/APC_2022_Prac/airsimversion/autoware.ai/build/ds4_msgs/devel
[1.128s] -- Using CMAKE_PREFIX_PATH: /opt/ros/melodic
[1.128s] -- This workspace overlays: /opt/ros/melodic
[1.142s] -- Found PythonInterp: /usr/bin/python2 (found suitable version "2.7.17", minimum required is "2") 
[1.142s] -- Using PYTHON_EXECUTABLE: /usr/bin/python2
[1.142s] -- Using Debian Python package layout
[1.142s] -- Using empy: /usr/bin/empy
[1.308s] -- Using CATKIN_ENABLE_TESTING: ON
[1.308s] -- Call enable_testing()
[1.312s] -- Using CATKIN_TEST_RESULTS_DIR: /home/yeap/APC_2022_Prac/airsimversion/autoware.ai/build/ds4_msgs/test_results
[1.336s] -- Found gtest sources under '/usr/src/googletest': gtests will be built
[1.336s] -- Found gmock sources under '/usr/src/googletest': gmock will be built
[1.350s] -- Found PythonInterp: /usr/bin/python2 (found version "2.7.17") 
[1.351s] -- Looking for pthread.h
[1.425s] -- Looking for pthread.h - found
[1.426s] -- Looking for pthread_create
[1.504s] -- Looking for pthread_create - not found
[1.504s] -- Looking for pthread_create in pthreads
[1.563s] -- Looking for pthread_create in pthreads - not found
[1.564s] -- Looking for pthread_create in pthread
[1.639s] -- Looking for pthread_create in pthread - found
[1.640s] -- Found Threads: TRUE  
[1.642s] -- Using Python nosetests: /usr/bin/nosetests-2.7
[1.689s] -- catkin 0.7.29
[1.689s] -- BUILD_SHARED_LIBS is on
[1.787s] -- Using these message generators: gencpp;geneus;genlisp;gennodejs;genpy
[2.024s] -- ds4_msgs: 1 messages, 0 services
[2.164s] -- Configuring done
[2.184s] -- Generating done
[2.189s] -- Build files have been written to: /home/yeap/APC_2022_Prac/airsimversion/autoware.ai/build/ds4_msgs
[2.197s] Invoked command in '/home/yeap/APC_2022_Prac/airsimversion/autoware.ai/build/ds4_msgs' returned '0': /usr/bin/cmake /home/yeap/APC_2022_Prac/airsimversion/autoware.ai/src/drivers/ds4/ds4_msgs -DCMAKE_BUILD_TYPE=Release -DCATKIN_INSTALL_INTO_PREFIX_ROOT=0 -DCMAKE_INSTALL_PREFIX=/home/yeap/APC_2022_Prac/airsimversion/autoware.ai/install/ds4_msgs
[2.198s] Invoking command in '/home/yeap/APC_2022_Prac/airsimversion/autoware.ai/build/ds4_msgs': /usr/bin/cmake --build /home/yeap/APC_2022_Prac/airsimversion/autoware.ai/build/ds4_msgs -- -j6 -l6
[2.245s] [35m[1mScanning dependencies of target _ds4_msgs_generate_messages_check_deps_DS4[0m
[2.282s] [  0%] Built target _ds4_msgs_generate_messages_check_deps_DS4
[2.293s] [35m[1mScanning dependencies of target std_msgs_generate_messages_lisp[0m
[2.305s] [  0%] Built target std_msgs_generate_messages_lisp
[2.317s] [35m[1mScanning dependencies of target std_msgs_generate_messages_eus[0m
[2.328s] [  0%] Built target std_msgs_generate_messages_eus
[2.340s] [35m[1mScanning dependencies of target ds4_msgs_generate_messages_lisp[0m
[2.352s] [ 14%] [34m[1mGenerating Lisp code from ds4_msgs/DS4.msg[0m
[2.394s] [ 14%] Built target ds4_msgs_generate_messages_lisp
[2.406s] [35m[1mScanning dependencies of target ds4_msgs_generate_messages_eus[0m
[2.418s] [ 28%] [34m[1mGenerating EusLisp code from ds4_msgs/DS4.msg[0m
[2.486s] [ 42%] [34m[1mGenerating EusLisp manifest code for ds4_msgs[0m
[3.294s] [ 42%] Built target ds4_msgs_generate_messages_eus
[3.305s] [35m[1mScanning dependencies of target std_msgs_generate_messages_nodejs[0m
[3.316s] [ 42%] Built target std_msgs_generate_messages_nodejs
[3.327s] [35m[1mScanning dependencies of target std_msgs_generate_messages_cpp[0m
[3.338s] [ 42%] Built target std_msgs_generate_messages_cpp
[3.350s] [35m[1mScanning dependencies of target ds4_msgs_generate_messages_nodejs[0m
[3.362s] [ 57%] [34m[1mGenerating Javascript code from ds4_msgs/DS4.msg[0m
[3.407s] [ 57%] Built target ds4_msgs_generate_messages_nodejs
[3.418s] [35m[1mScanning dependencies of target ds4_msgs_generate_messages_cpp[0m
[3.429s] [ 71%] [34m[1mGenerating C++ code from ds4_msgs/DS4.msg[0m
[3.568s] [ 71%] Built target ds4_msgs_generate_messages_cpp
[3.579s] [35m[1mScanning dependencies of target std_msgs_generate_messages_py[0m
[3.591s] [ 71%] Built target std_msgs_generate_messages_py
[3.602s] [35m[1mScanning dependencies of target ds4_msgs_generate_messages_py[0m
[3.614s] [ 85%] [34m[1mGenerating Python from MSG ds4_msgs/DS4[0m
[3.849s] [100%] [34m[1mGenerating Python msg __init__.py for ds4_msgs[0m
[4.069s] [100%] Built target ds4_msgs_generate_messages_py
[4.081s] [35m[1mScanning dependencies of target ds4_msgs_generate_messages[0m
[4.093s] [100%] Built target ds4_msgs_generate_messages
[4.108s] Invoked command in '/home/yeap/APC_2022_Prac/airsimversion/autoware.ai/build/ds4_msgs' returned '0': /usr/bin/cmake --build /home/yeap/APC_2022_Prac/airsimversion/autoware.ai/build/ds4_msgs -- -j6 -l6
[4.165s] Invoking command in '/home/yeap/APC_2022_Prac/airsimversion/autoware.ai/build/ds4_msgs': /usr/bin/cmake --build /home/yeap/APC_2022_Prac/airsimversion/autoware.ai/build/ds4_msgs --target tests -- -j6 -l6
[4.228s] [35m[1mScanning dependencies of target tests[0m
[4.239s] Built target tests
[4.255s] Invoked command in '/home/yeap/APC_2022_Prac/airsimversion/autoware.ai/build/ds4_msgs' returned '0': /usr/bin/cmake --build /home/yeap/APC_2022_Prac/airsimversion/autoware.ai/build/ds4_msgs --target tests -- -j6 -l6
[4.318s] Invoking command in '/home/yeap/APC_2022_Prac/airsimversion/autoware.ai/build/ds4_msgs': /usr/bin/cmake --build /home/yeap/APC_2022_Prac/airsimversion/autoware.ai/build/ds4_msgs --target install -- -j6 -l6
[4.403s] [  0%] Built target _ds4_msgs_generate_messages_check_deps_DS4
[4.425s] [  0%] Built target std_msgs_generate_messages_lisp
[4.449s] [  0%] Built target std_msgs_generate_messages_eus
[4.472s] [ 14%] Built target ds4_msgs_generate_messages_lisp
[4.495s] [ 42%] Built target ds4_msgs_generate_messages_eus
[4.518s] [ 42%] Built target std_msgs_generate_messages_nodejs
[4.541s] [ 42%] Built target std_msgs_generate_messages_cpp
[4.565s] [ 57%] Built target ds4_msgs_generate_messages_nodejs
[4.588s] [ 71%] Built target ds4_msgs_generate_messages_cpp
[4.611s] [ 71%] Built target std_msgs_generate_messages_py
[4.634s] [100%] Built target ds4_msgs_generate_messages_py
[4.657s] [100%] Built target ds4_msgs_generate_messages
[4.679s] [36mInstall the project...[0m
[4.690s] -- Install configuration: "Release"
[4.690s] -- Installing: /home/yeap/APC_2022_Prac/airsimversion/autoware.ai/install/ds4_msgs/share/ds4_msgs/msg/DS4.msg
[4.691s] -- Installing: /home/yeap/APC_2022_Prac/airsimversion/autoware.ai/install/ds4_msgs/share/ds4_msgs/cmake/ds4_msgs-msg-paths.cmake
[4.691s] -- Installing: /home/yeap/APC_2022_Prac/airsimversion/autoware.ai/install/ds4_msgs/include/ds4_msgs
[4.691s] -- Installing: /home/yeap/APC_2022_Prac/airsimversion/autoware.ai/install/ds4_msgs/include/ds4_msgs/DS4.h
[4.692s] -- Installing: /home/yeap/APC_2022_Prac/airsimversion/autoware.ai/install/ds4_msgs/share/roseus/ros/ds4_msgs
[4.692s] -- Installing: /home/yeap/APC_2022_Prac/airsimversion/autoware.ai/install/ds4_msgs/share/roseus/ros/ds4_msgs/msg
[4.692s] -- Installing: /home/yeap/APC_2022_Prac/airsimversion/autoware.ai/install/ds4_msgs/share/roseus/ros/ds4_msgs/msg/DS4.l
[4.693s] -- Installing: /home/yeap/APC_2022_Prac/airsimversion/autoware.ai/install/ds4_msgs/share/roseus/ros/ds4_msgs/manifest.l
[4.693s] -- Installing: /home/yeap/APC_2022_Prac/airsimversion/autoware.ai/install/ds4_msgs/share/common-lisp/ros/ds4_msgs
[4.693s] -- Installing: /home/yeap/APC_2022_Prac/airsimversion/autoware.ai/install/ds4_msgs/share/common-lisp/ros/ds4_msgs/msg
[4.694s] -- Installing: /home/yeap/APC_2022_Prac/airsimversion/autoware.ai/install/ds4_msgs/share/common-lisp/ros/ds4_msgs/msg/ds4_msgs-msg.asd
[4.694s] -- Installing: /home/yeap/APC_2022_Prac/airsimversion/autoware.ai/install/ds4_msgs/share/common-lisp/ros/ds4_msgs/msg/_package.lisp
[4.694s] -- Installing: /home/yeap/APC_2022_Prac/airsimversion/autoware.ai/install/ds4_msgs/share/common-lisp/ros/ds4_msgs/msg/_package_DS4.lisp
[4.695s] -- Installing: /home/yeap/APC_2022_Prac/airsimversion/autoware.ai/install/ds4_msgs/share/common-lisp/ros/ds4_msgs/msg/DS4.lisp
[4.695s] -- Installing: /home/yeap/APC_2022_Prac/airsimversion/autoware.ai/install/ds4_msgs/share/gennodejs/ros/ds4_msgs
[4.695s] -- Installing: /home/yeap/APC_2022_Prac/airsimversion/autoware.ai/install/ds4_msgs/share/gennodejs/ros/ds4_msgs/msg
[4.696s] -- Installing: /home/yeap/APC_2022_Prac/airsimversion/autoware.ai/install/ds4_msgs/share/gennodejs/ros/ds4_msgs/msg/_index.js
[4.696s] -- Installing: /home/yeap/APC_2022_Prac/airsimversion/autoware.ai/install/ds4_msgs/share/gennodejs/ros/ds4_msgs/msg/DS4.js
[4.696s] -- Installing: /home/yeap/APC_2022_Prac/airsimversion/autoware.ai/install/ds4_msgs/share/gennodejs/ros/ds4_msgs/_index.js
[4.711s] Listing /home/yeap/APC_2022_Prac/airsimversion/autoware.ai/build/ds4_msgs/devel/lib/python2.7/dist-packages/ds4_msgs ...
[4.711s] Compiling /home/yeap/APC_2022_Prac/airsimversion/autoware.ai/build/ds4_msgs/devel/lib/python2.7/dist-packages/ds4_msgs/__init__.py ...
[4.711s] Listing /home/yeap/APC_2022_Prac/airsimversion/autoware.ai/build/ds4_msgs/devel/lib/python2.7/dist-packages/ds4_msgs/msg ...
[4.711s] Compiling /home/yeap/APC_2022_Prac/airsimversion/autoware.ai/build/ds4_msgs/devel/lib/python2.7/dist-packages/ds4_msgs/msg/_DS4.py ...
[4.711s] Compiling /home/yeap/APC_2022_Prac/airsimversion/autoware.ai/build/ds4_msgs/devel/lib/python2.7/dist-packages/ds4_msgs/msg/__init__.py ...
[4.714s] -- Installing: /home/yeap/APC_2022_Prac/airsimversion/autoware.ai/install/ds4_msgs/lib/python2.7/dist-packages/ds4_msgs
[4.714s] -- Installing: /home/yeap/APC_2022_Prac/airsimversion/autoware.ai/install/ds4_msgs/lib/python2.7/dist-packages/ds4_msgs/msg
[4.714s] -- Installing: /home/yeap/APC_2022_Prac/airsimversion/autoware.ai/install/ds4_msgs/lib/python2.7/dist-packages/ds4_msgs/msg/_DS4.py
[4.715s] -- Installing: /home/yeap/APC_2022_Prac/airsimversion/autoware.ai/install/ds4_msgs/lib/python2.7/dist-packages/ds4_msgs/msg/__init__.pyc
[4.715s] -- Installing: /home/yeap/APC_2022_Prac/airsimversion/autoware.ai/install/ds4_msgs/lib/python2.7/dist-packages/ds4_msgs/msg/__init__.py
[4.715s] -- Installing: /home/yeap/APC_2022_Prac/airsimversion/autoware.ai/install/ds4_msgs/lib/python2.7/dist-packages/ds4_msgs/msg/_DS4.pyc
[4.716s] -- Installing: /home/yeap/APC_2022_Prac/airsimversion/autoware.ai/install/ds4_msgs/lib/python2.7/dist-packages/ds4_msgs/__init__.pyc
[4.716s] -- Installing: /home/yeap/APC_2022_Prac/airsimversion/autoware.ai/install/ds4_msgs/lib/python2.7/dist-packages/ds4_msgs/__init__.py
[4.716s] -- Installing: /home/yeap/APC_2022_Prac/airsimversion/autoware.ai/install/ds4_msgs/lib/pkgconfig/ds4_msgs.pc
[4.717s] -- Installing: /home/yeap/APC_2022_Prac/airsimversion/autoware.ai/install/ds4_msgs/share/ds4_msgs/cmake/ds4_msgs-msg-extras.cmake
[4.717s] -- Installing: /home/yeap/APC_2022_Prac/airsimversion/autoware.ai/install/ds4_msgs/share/ds4_msgs/cmake/ds4_msgsConfig.cmake
[4.718s] -- Installing: /home/yeap/APC_2022_Prac/airsimversion/autoware.ai/install/ds4_msgs/share/ds4_msgs/cmake/ds4_msgsConfig-version.cmake
[4.724s] -- Installing: /home/yeap/APC_2022_Prac/airsimversion/autoware.ai/install/ds4_msgs/share/ds4_msgs/package.xml
[4.725s] Invoked command in '/home/yeap/APC_2022_Prac/airsimversion/autoware.ai/build/ds4_msgs' returned '0': /usr/bin/cmake --build /home/yeap/APC_2022_Prac/airsimversion/autoware.ai/build/ds4_msgs --target install -- -j6 -l6
