[0.025s] Invoking command in '/home/yeap/APC_2022_Prac/airsimversion/autoware.ai/build/lidar_fake_perception': CMAKE_PREFIX_PATH=/home/yeap/APC_2022_Prac/airsimversion/autoware.ai/install/autoware_msgs:/home/yeap/APC_2022_Prac/airsimversion/autoware.ai/install/autoware_build_flags:${CMAKE_PREFIX_PATH} PKG_CONFIG_PATH=/home/yeap/APC_2022_Prac/airsimversion/autoware.ai/install/autoware_msgs/lib/x86_64-linux-gnu/pkgconfig:/home/yeap/APC_2022_Prac/airsimversion/autoware.ai/install/autoware_msgs/lib/pkgconfig:/home/yeap/APC_2022_Prac/airsimversion/autoware.ai/install/autoware_build_flags/lib/x86_64-linux-gnu/pkgconfig:/home/yeap/APC_2022_Prac/airsimversion/autoware.ai/install/autoware_build_flags/lib/pkgconfig:${PKG_CONFIG_PATH} PYTHONPATH=/home/yeap/APC_2022_Prac/airsimversion/autoware.ai/install/autoware_msgs/lib/python2.7/dist-packages:${PYTHONPATH} ROS_PACKAGE_PATH=/home/yeap/APC_2022_Prac/airsimversion/autoware.ai/install/autoware_msgs/share:/home/yeap/APC_2022_Prac/airsimversion/autoware.ai/install/autoware_build_flags/share:${ROS_PACKAGE_PATH} /usr/bin/cmake /home/yeap/APC_2022_Prac/airsimversion/autoware.ai/src/autoware/core_perception/lidar_fake_perception -DCMAKE_BUILD_TYPE=Release -DCATKIN_INSTALL_INTO_PREFIX_ROOT=0 -DCMAKE_INSTALL_PREFIX=/home/yeap/APC_2022_Prac/airsimversion/autoware.ai/install/lidar_fake_perception
[0.106s] -- The C compiler identification is GNU 7.5.0
[0.178s] -- The CXX compiler identification is GNU 7.5.0
[0.184s] -- Check for working C compiler: /usr/bin/cc
[0.257s] -- Check for working C compiler: /usr/bin/cc -- works
[0.258s] -- Detecting C compiler ABI info
[0.329s] -- Detecting C compiler ABI info - done
[0.340s] -- Detecting C compile features
[0.560s] -- Detecting C compile features - done
[0.564s] -- Check for working CXX compiler: /usr/bin/c++
[0.652s] -- Check for working CXX compiler: /usr/bin/c++ -- works
[0.654s] -- Detecting CXX compiler ABI info
[0.739s] -- Detecting CXX compiler ABI info - done
[0.749s] -- Detecting CXX compile features
[1.131s] -- Detecting CXX compile features - done
[1.135s] -- CUDA compilation status: .
[1.137s] -- Using CATKIN_DEVEL_PREFIX: /home/yeap/APC_2022_Prac/airsimversion/autoware.ai/build/lidar_fake_perception/devel
[1.138s] -- Using CMAKE_PREFIX_PATH: /home/yeap/APC_2022_Prac/airsimversion/autoware.ai/install/autoware_msgs;/home/yeap/APC_2022_Prac/airsimversion/autoware.ai/install/autoware_build_flags;/opt/ros/melodic
[1.138s] -- This workspace overlays: /home/yeap/APC_2022_Prac/airsimversion/autoware.ai/install/autoware_msgs;/home/yeap/APC_2022_Prac/airsimversion/autoware.ai/install/autoware_build_flags;/opt/ros/melodic
[1.156s] -- Found PythonInterp: /usr/bin/python2 (found suitable version "2.7.17", minimum required is "2") 
[1.156s] -- Using PYTHON_EXECUTABLE: /usr/bin/python2
[1.157s] -- Using Debian Python package layout
[1.157s] -- Using empy: /usr/bin/empy
[1.336s] -- Using CATKIN_ENABLE_TESTING: ON
[1.336s] -- Call enable_testing()
[1.339s] -- Using CATKIN_TEST_RESULTS_DIR: /home/yeap/APC_2022_Prac/airsimversion/autoware.ai/build/lidar_fake_perception/test_results
[1.364s] -- Found gtest sources under '/usr/src/googletest': gtests will be built
[1.364s] -- Found gmock sources under '/usr/src/googletest': gmock will be built
[1.380s] -- Found PythonInterp: /usr/bin/python2 (found version "2.7.17") 
[1.381s] -- Looking for pthread.h
[1.458s] -- Looking for pthread.h - found
[1.462s] -- Looking for pthread_create
[1.532s] -- Looking for pthread_create - not found
[1.533s] -- Looking for pthread_create in pthreads
[1.598s] -- Looking for pthread_create in pthreads - not found
[1.599s] -- Looking for pthread_create in pthread
[1.676s] -- Looking for pthread_create in pthread - found
[1.678s] -- Found Threads: TRUE  
[1.683s] -- Using Python nosetests: /usr/bin/nosetests-2.7
[1.734s] -- catkin 0.7.29
[1.734s] -- BUILD_SHARED_LIBS is on
[1.904s] -- Using these message generators: gencpp;geneus;genlisp;gennodejs;genpy
[3.122s] -- Configuring done
[3.179s] -- Generating done
[3.192s] -- Build files have been written to: /home/yeap/APC_2022_Prac/airsimversion/autoware.ai/build/lidar_fake_perception
[3.202s] Invoked command in '/home/yeap/APC_2022_Prac/airsimversion/autoware.ai/build/lidar_fake_perception' returned '0': CMAKE_PREFIX_PATH=/home/yeap/APC_2022_Prac/airsimversion/autoware.ai/install/autoware_msgs:/home/yeap/APC_2022_Prac/airsimversion/autoware.ai/install/autoware_build_flags:${CMAKE_PREFIX_PATH} PKG_CONFIG_PATH=/home/yeap/APC_2022_Prac/airsimversion/autoware.ai/install/autoware_msgs/lib/x86_64-linux-gnu/pkgconfig:/home/yeap/APC_2022_Prac/airsimversion/autoware.ai/install/autoware_msgs/lib/pkgconfig:/home/yeap/APC_2022_Prac/airsimversion/autoware.ai/install/autoware_build_flags/lib/x86_64-linux-gnu/pkgconfig:/home/yeap/APC_2022_Prac/airsimversion/autoware.ai/install/autoware_build_flags/lib/pkgconfig:${PKG_CONFIG_PATH} PYTHONPATH=/home/yeap/APC_2022_Prac/airsimversion/autoware.ai/install/autoware_msgs/lib/python2.7/dist-packages:${PYTHONPATH} ROS_PACKAGE_PATH=/home/yeap/APC_2022_Prac/airsimversion/autoware.ai/install/autoware_msgs/share:/home/yeap/APC_2022_Prac/airsimversion/autoware.ai/install/autoware_build_flags/share:${ROS_PACKAGE_PATH} /usr/bin/cmake /home/yeap/APC_2022_Prac/airsimversion/autoware.ai/src/autoware/core_perception/lidar_fake_perception -DCMAKE_BUILD_TYPE=Release -DCATKIN_INSTALL_INTO_PREFIX_ROOT=0 -DCMAKE_INSTALL_PREFIX=/home/yeap/APC_2022_Prac/airsimversion/autoware.ai/install/lidar_fake_perception
[3.203s] Invoking command in '/home/yeap/APC_2022_Prac/airsimversion/autoware.ai/build/lidar_fake_perception': CMAKE_PREFIX_PATH=/home/yeap/APC_2022_Prac/airsimversion/autoware.ai/install/autoware_msgs:/home/yeap/APC_2022_Prac/airsimversion/autoware.ai/install/autoware_build_flags:${CMAKE_PREFIX_PATH} PKG_CONFIG_PATH=/home/yeap/APC_2022_Prac/airsimversion/autoware.ai/install/autoware_msgs/lib/x86_64-linux-gnu/pkgconfig:/home/yeap/APC_2022_Prac/airsimversion/autoware.ai/install/autoware_msgs/lib/pkgconfig:/home/yeap/APC_2022_Prac/airsimversion/autoware.ai/install/autoware_build_flags/lib/x86_64-linux-gnu/pkgconfig:/home/yeap/APC_2022_Prac/airsimversion/autoware.ai/install/autoware_build_flags/lib/pkgconfig:${PKG_CONFIG_PATH} PYTHONPATH=/home/yeap/APC_2022_Prac/airsimversion/autoware.ai/install/autoware_msgs/lib/python2.7/dist-packages:${PYTHONPATH} ROS_PACKAGE_PATH=/home/yeap/APC_2022_Prac/airsimversion/autoware.ai/install/autoware_msgs/share:/home/yeap/APC_2022_Prac/airsimversion/autoware.ai/install/autoware_build_flags/share:${ROS_PACKAGE_PATH} /usr/bin/cmake --build /home/yeap/APC_2022_Prac/airsimversion/autoware.ai/build/lidar_fake_perception -- -j6 -l6
[3.252s] [35m[1mScanning dependencies of target std_srvs_generate_messages_lisp[0m
[3.265s] [  0%] Built target std_srvs_generate_messages_lisp
[3.284s] [35m[1mScanning dependencies of target sensor_msgs_generate_messages_eus[0m
[3.296s] [  0%] Built target sensor_msgs_generate_messages_eus
[3.307s] [35m[1mScanning dependencies of target sensor_msgs_generate_messages_cpp[0m
[3.319s] [  0%] Built target sensor_msgs_generate_messages_cpp
[3.330s] [35m[1mScanning dependencies of target autoware_msgs_generate_messages_cpp[0m
[3.342s] [  0%] Built target autoware_msgs_generate_messages_cpp
[3.353s] [35m[1mScanning dependencies of target tf_generate_messages_py[0m
[3.364s] [  0%] Built target tf_generate_messages_py
[3.377s] [35m[1mScanning dependencies of target dynamic_reconfigure_generate_messages_cpp[0m
[3.389s] [  0%] Built target dynamic_reconfigure_generate_messages_cpp
[3.401s] [35m[1mScanning dependencies of target rosgraph_msgs_generate_messages_cpp[0m
[3.413s] [  0%] Built target rosgraph_msgs_generate_messages_cpp
[3.426s] [35m[1mScanning dependencies of target pcl_msgs_generate_messages_nodejs[0m
[3.438s] [  0%] Built target pcl_msgs_generate_messages_nodejs
[3.453s] [35m[1mScanning dependencies of target nodelet_generate_messages_nodejs[0m
[3.469s] [  0%] Built target nodelet_generate_messages_nodejs
[3.483s] [35m[1mScanning dependencies of target jsk_recognition_msgs_generate_messages_py[0m
[3.496s] [  0%] Built target jsk_recognition_msgs_generate_messages_py
[3.508s] [35m[1mScanning dependencies of target sensor_msgs_generate_messages_lisp[0m
[3.519s] [  0%] Built target sensor_msgs_generate_messages_lisp
[3.531s] [35m[1mScanning dependencies of target std_msgs_generate_messages_cpp[0m
[3.543s] [  0%] Built target std_msgs_generate_messages_cpp
[3.555s] [35m[1mScanning dependencies of target jsk_footstep_msgs_generate_messages_py[0m
[3.567s] [  0%] Built target jsk_footstep_msgs_generate_messages_py
[3.579s] [35m[1mScanning dependencies of target sensor_msgs_generate_messages_py[0m
[3.592s] [  0%] Built target sensor_msgs_generate_messages_py
[3.606s] [35m[1mScanning dependencies of target nodelet_generate_messages_py[0m
[3.618s] [  0%] Built target nodelet_generate_messages_py
[3.629s] [35m[1mScanning dependencies of target tf2_msgs_generate_messages_nodejs[0m
[3.642s] [  0%] Built target tf2_msgs_generate_messages_nodejs
[3.655s] [35m[1mScanning dependencies of target tf2_msgs_generate_messages_eus[0m
[3.667s] [  0%] Built target tf2_msgs_generate_messages_eus
[3.679s] [35m[1mScanning dependencies of target tf2_msgs_generate_messages_cpp[0m
[3.691s] [  0%] Built target tf2_msgs_generate_messages_cpp
[3.702s] [35m[1mScanning dependencies of target tf2_msgs_generate_messages_py[0m
[3.714s] [  0%] Built target tf2_msgs_generate_messages_py
[3.725s] [35m[1mScanning dependencies of target actionlib_generate_messages_py[0m
[3.738s] [  0%] Built target actionlib_generate_messages_py
[3.749s] [35m[1mScanning dependencies of target actionlib_generate_messages_cpp[0m
[3.765s] [  0%] Built target actionlib_generate_messages_cpp
[3.778s] [35m[1mScanning dependencies of target tf_generate_messages_nodejs[0m
[3.793s] [  0%] Built target tf_generate_messages_nodejs
[3.804s] [35m[1mScanning dependencies of target tf_generate_messages_lisp[0m
[3.816s] [  0%] Built target tf_generate_messages_lisp
[3.827s] [35m[1mScanning dependencies of target topic_tools_generate_messages_nodejs[0m
[3.846s] [  0%] Built target topic_tools_generate_messages_nodejs
[3.858s] [35m[1mScanning dependencies of target topic_tools_generate_messages_eus[0m
[3.870s] [  0%] Built target topic_tools_generate_messages_eus
[3.881s] [35m[1mScanning dependencies of target topic_tools_generate_messages_cpp[0m
[3.892s] [  0%] Built target topic_tools_generate_messages_cpp
[3.903s] [35m[1mScanning dependencies of target std_srvs_generate_messages_py[0m
[3.913s] [  0%] Built target std_srvs_generate_messages_py
[3.926s] [35m[1mScanning dependencies of target geometry_msgs_generate_messages_py[0m
[3.937s] [  0%] Built target geometry_msgs_generate_messages_py
[3.949s] [35m[1mScanning dependencies of target sensor_msgs_generate_messages_nodejs[0m
[3.961s] [  0%] Built target sensor_msgs_generate_messages_nodejs
[3.972s] [35m[1mScanning dependencies of target roscpp_generate_messages_cpp[0m
[3.984s] [  0%] Built target roscpp_generate_messages_cpp
[3.995s] [35m[1mScanning dependencies of target pcl_msgs_generate_messages_eus[0m
[4.006s] [  0%] Built target pcl_msgs_generate_messages_eus
[4.018s] [35m[1mScanning dependencies of target rosgraph_msgs_generate_messages_eus[0m
[4.029s] [  0%] Built target rosgraph_msgs_generate_messages_eus
[4.041s] [35m[1mScanning dependencies of target jsk_recognition_msgs_generate_messages_lisp[0m
[4.053s] [  0%] Built target jsk_recognition_msgs_generate_messages_lisp
[4.065s] [35m[1mScanning dependencies of target geometry_msgs_generate_messages_eus[0m
[4.076s] [  0%] Built target geometry_msgs_generate_messages_eus
[4.087s] [35m[1mScanning dependencies of target std_msgs_generate_messages_lisp[0m
[4.099s] [  0%] Built target std_msgs_generate_messages_lisp
[4.117s] [35m[1mScanning dependencies of target roscpp_generate_messages_nodejs[0m
[4.128s] [  0%] Built target roscpp_generate_messages_nodejs
[4.140s] [35m[1mScanning dependencies of target geometry_msgs_generate_messages_nodejs[0m
[4.154s] [  0%] Built target geometry_msgs_generate_messages_nodejs
[4.165s] [35m[1mScanning dependencies of target actionlib_generate_messages_eus[0m
[4.176s] [  0%] Built target actionlib_generate_messages_eus
[4.189s] [35m[1mScanning dependencies of target pcl_msgs_generate_messages_py[0m
[4.200s] [  0%] Built target pcl_msgs_generate_messages_py
[4.212s] [35m[1mScanning dependencies of target geometry_msgs_generate_messages_lisp[0m
[4.225s] [  0%] Built target geometry_msgs_generate_messages_lisp
[4.244s] [35m[1mScanning dependencies of target actionlib_generate_messages_lisp[0m
[4.257s] [  0%] Built target actionlib_generate_messages_lisp
[4.269s] [35m[1mScanning dependencies of target geometry_msgs_generate_messages_cpp[0m
[4.281s] [  0%] Built target geometry_msgs_generate_messages_cpp
[4.292s] [35m[1mScanning dependencies of target pcl_msgs_generate_messages_cpp[0m
[4.305s] [  0%] Built target pcl_msgs_generate_messages_cpp
[4.314s] [35m[1mScanning dependencies of target dynamic_reconfigure_generate_messages_lisp[0m
[4.326s] [  0%] Built target dynamic_reconfigure_generate_messages_lisp
[4.337s] [35m[1mScanning dependencies of target topic_tools_generate_messages_lisp[0m
[4.348s] [  0%] Built target topic_tools_generate_messages_lisp
[4.359s] [35m[1mScanning dependencies of target jsk_recognition_msgs_generate_messages_cpp[0m
[4.371s] [  0%] Built target jsk_recognition_msgs_generate_messages_cpp
[4.382s] [35m[1mScanning dependencies of target autoware_msgs_generate_messages_eus[0m
[4.394s] [  0%] Built target autoware_msgs_generate_messages_eus
[4.404s] [35m[1mScanning dependencies of target autoware_msgs_generate_messages_lisp[0m
[4.415s] [  0%] Built target autoware_msgs_generate_messages_lisp
[4.427s] [35m[1mScanning dependencies of target autoware_msgs_generate_messages_py[0m
[4.438s] [  0%] Built target autoware_msgs_generate_messages_py
[4.449s] [35m[1mScanning dependencies of target nodelet_generate_messages_lisp[0m
[4.462s] [  0%] Built target nodelet_generate_messages_lisp
[4.473s] [35m[1mScanning dependencies of target actionlib_generate_messages_nodejs[0m
[4.484s] [  0%] Built target actionlib_generate_messages_nodejs
[4.496s] [35m[1mScanning dependencies of target tf_generate_messages_cpp[0m
[4.507s] [  0%] Built target tf_generate_messages_cpp
[4.518s] [35m[1mScanning dependencies of target pcl_msgs_generate_messages_lisp[0m
[4.529s] [  0%] Built target pcl_msgs_generate_messages_lisp
[4.540s] [35m[1mScanning dependencies of target std_msgs_generate_messages_eus[0m
[4.554s] [  0%] Built target std_msgs_generate_messages_eus
[4.566s] [35m[1mScanning dependencies of target autoware_msgs_generate_messages_nodejs[0m
[4.578s] [  0%] Built target autoware_msgs_generate_messages_nodejs
[4.588s] [35m[1mScanning dependencies of target jsk_footstep_msgs_generate_messages_eus[0m
[4.600s] [  0%] Built target jsk_footstep_msgs_generate_messages_eus
[4.611s] [35m[1mScanning dependencies of target actionlib_msgs_generate_messages_py[0m
[4.622s] [  0%] Built target actionlib_msgs_generate_messages_py
[4.634s] [35m[1mScanning dependencies of target jsk_footstep_msgs_generate_messages_lisp[0m
[4.647s] [  0%] Built target jsk_footstep_msgs_generate_messages_lisp
[4.667s] [35m[1mScanning dependencies of target jsk_footstep_msgs_generate_messages_nodejs[0m
[4.679s] [  0%] Built target jsk_footstep_msgs_generate_messages_nodejs
[4.691s] [35m[1mScanning dependencies of target tf_generate_messages_eus[0m
[4.701s] [  0%] Built target tf_generate_messages_eus
[4.712s] [35m[1mScanning dependencies of target jsk_footstep_msgs_generate_messages_cpp[0m
[4.724s] [  0%] Built target jsk_footstep_msgs_generate_messages_cpp
[4.736s] [35m[1mScanning dependencies of target actionlib_msgs_generate_messages_cpp[0m
[4.748s] [  0%] Built target actionlib_msgs_generate_messages_cpp
[4.759s] [35m[1mScanning dependencies of target std_srvs_generate_messages_cpp[0m
[4.772s] [  0%] Built target std_srvs_generate_messages_cpp
[4.785s] [35m[1mScanning dependencies of target actionlib_msgs_generate_messages_lisp[0m
[4.797s] [  0%] Built target actionlib_msgs_generate_messages_lisp
[4.808s] [35m[1mScanning dependencies of target pcl_ros_gencfg[0m
[4.819s] [  0%] Built target pcl_ros_gencfg
[4.831s] [35m[1mScanning dependencies of target dynamic_reconfigure_generate_messages_eus[0m
[4.842s] [  0%] Built target dynamic_reconfigure_generate_messages_eus
[4.854s] [35m[1mScanning dependencies of target dynamic_reconfigure_generate_messages_nodejs[0m
[4.866s] [  0%] Built target dynamic_reconfigure_generate_messages_nodejs
[4.878s] [35m[1mScanning dependencies of target dynamic_reconfigure_generate_messages_py[0m
[4.892s] [  0%] Built target dynamic_reconfigure_generate_messages_py
[4.901s] [35m[1mScanning dependencies of target tf2_msgs_generate_messages_lisp[0m
[4.912s] [  0%] Built target tf2_msgs_generate_messages_lisp
[4.922s] [35m[1mScanning dependencies of target dynamic_reconfigure_gencfg[0m
[4.933s] [  0%] Built target dynamic_reconfigure_gencfg
[4.944s] [35m[1mScanning dependencies of target jsk_recognition_msgs_generate_messages_nodejs[0m
[4.956s] [  0%] Built target jsk_recognition_msgs_generate_messages_nodejs
[4.968s] [35m[1mScanning dependencies of target std_srvs_generate_messages_eus[0m
[4.979s] [  0%] Built target std_srvs_generate_messages_eus
[4.990s] [35m[1mScanning dependencies of target roscpp_generate_messages_lisp[0m
[5.010s] [  0%] Built target roscpp_generate_messages_lisp
[5.021s] [35m[1mScanning dependencies of target bond_generate_messages_eus[0m
[5.034s] [  0%] Built target bond_generate_messages_eus
[5.046s] [35m[1mScanning dependencies of target roscpp_generate_messages_py[0m
[5.058s] [  0%] Built target roscpp_generate_messages_py
[5.069s] [35m[1mScanning dependencies of target rosgraph_msgs_generate_messages_lisp[0m
[5.081s] [  0%] Built target rosgraph_msgs_generate_messages_lisp
[5.093s] [35m[1mScanning dependencies of target rosgraph_msgs_generate_messages_nodejs[0m
[5.105s] [  0%] Built target rosgraph_msgs_generate_messages_nodejs
[5.116s] [35m[1mScanning dependencies of target roscpp_generate_messages_eus[0m
[5.126s] [  0%] Built target roscpp_generate_messages_eus
[5.138s] [35m[1mScanning dependencies of target actionlib_msgs_generate_messages_eus[0m
[5.149s] [  0%] Built target actionlib_msgs_generate_messages_eus
[5.160s] [35m[1mScanning dependencies of target rosgraph_msgs_generate_messages_py[0m
[5.174s] [  0%] Built target rosgraph_msgs_generate_messages_py
[5.183s] [35m[1mScanning dependencies of target nodelet_generate_messages_cpp[0m
[5.196s] [  0%] Built target nodelet_generate_messages_cpp
[5.208s] [35m[1mScanning dependencies of target bond_generate_messages_py[0m
[5.220s] [  0%] Built target bond_generate_messages_py
[5.232s] [35m[1mScanning dependencies of target std_srvs_generate_messages_nodejs[0m
[5.246s] [  0%] Built target std_srvs_generate_messages_nodejs
[5.257s] [35m[1mScanning dependencies of target nodelet_generate_messages_eus[0m
[5.270s] [  0%] Built target nodelet_generate_messages_eus
[5.288s] [35m[1mScanning dependencies of target bond_generate_messages_cpp[0m
[5.307s] [  0%] Built target bond_generate_messages_cpp
[5.326s] [35m[1mScanning dependencies of target bond_generate_messages_nodejs[0m
[5.345s] [  0%] Built target bond_generate_messages_nodejs
[5.365s] [35m[1mScanning dependencies of target topic_tools_generate_messages_py[0m
[5.380s] [  0%] Built target topic_tools_generate_messages_py
[5.391s] [35m[1mScanning dependencies of target actionlib_msgs_generate_messages_nodejs[0m
[5.403s] [  0%] Built target actionlib_msgs_generate_messages_nodejs
[5.415s] [35m[1mScanning dependencies of target nodelet_topic_tools_gencfg[0m
[5.427s] [  0%] Built target nodelet_topic_tools_gencfg
[5.439s] [35m[1mScanning dependencies of target _catkin_empty_exported_target[0m
[5.451s] [  0%] Built target _catkin_empty_exported_target
[5.464s] [35m[1mScanning dependencies of target bond_generate_messages_lisp[0m
[5.474s] [  0%] Built target bond_generate_messages_lisp
[5.486s] [35m[1mScanning dependencies of target std_msgs_generate_messages_nodejs[0m
[5.500s] [  0%] Built target std_msgs_generate_messages_nodejs
[5.523s] [35m[1mScanning dependencies of target std_msgs_generate_messages_py[0m
[5.536s] [  0%] Built target std_msgs_generate_messages_py
[5.549s] [35m[1mScanning dependencies of target jsk_recognition_msgs_generate_messages_eus[0m
[5.563s] [  0%] Built target jsk_recognition_msgs_generate_messages_eus
[5.574s] [35m[1mScanning dependencies of target lidar_fake_perception_node[0m
[5.667s] [ 33%] [32mBuilding CXX object CMakeFiles/lidar_fake_perception_node.dir/nodes/lidar_fake_perception.cpp.o[0m
[19.429s] [ 66%] [32mBuilding CXX object CMakeFiles/lidar_fake_perception_node.dir/nodes/lidar_fake_perception_node.cpp.o[0m
[29.225s] [100%] [32m[1mLinking CXX executable devel/lib/lidar_fake_perception/lidar_fake_perception_node[0m
[29.730s] [100%] Built target lidar_fake_perception_node
[29.742s] Invoked command in '/home/yeap/APC_2022_Prac/airsimversion/autoware.ai/build/lidar_fake_perception' returned '0': CMAKE_PREFIX_PATH=/home/yeap/APC_2022_Prac/airsimversion/autoware.ai/install/autoware_msgs:/home/yeap/APC_2022_Prac/airsimversion/autoware.ai/install/autoware_build_flags:${CMAKE_PREFIX_PATH} PKG_CONFIG_PATH=/home/yeap/APC_2022_Prac/airsimversion/autoware.ai/install/autoware_msgs/lib/x86_64-linux-gnu/pkgconfig:/home/yeap/APC_2022_Prac/airsimversion/autoware.ai/install/autoware_msgs/lib/pkgconfig:/home/yeap/APC_2022_Prac/airsimversion/autoware.ai/install/autoware_build_flags/lib/x86_64-linux-gnu/pkgconfig:/home/yeap/APC_2022_Prac/airsimversion/autoware.ai/install/autoware_build_flags/lib/pkgconfig:${PKG_CONFIG_PATH} PYTHONPATH=/home/yeap/APC_2022_Prac/airsimversion/autoware.ai/install/autoware_msgs/lib/python2.7/dist-packages:${PYTHONPATH} ROS_PACKAGE_PATH=/home/yeap/APC_2022_Prac/airsimversion/autoware.ai/install/autoware_msgs/share:/home/yeap/APC_2022_Prac/airsimversion/autoware.ai/install/autoware_build_flags/share:${ROS_PACKAGE_PATH} /usr/bin/cmake --build /home/yeap/APC_2022_Prac/airsimversion/autoware.ai/build/lidar_fake_perception -- -j6 -l6
[29.893s] Invoking command in '/home/yeap/APC_2022_Prac/airsimversion/autoware.ai/build/lidar_fake_perception': CMAKE_PREFIX_PATH=/home/yeap/APC_2022_Prac/airsimversion/autoware.ai/install/autoware_msgs:/home/yeap/APC_2022_Prac/airsimversion/autoware.ai/install/autoware_build_flags:${CMAKE_PREFIX_PATH} PKG_CONFIG_PATH=/home/yeap/APC_2022_Prac/airsimversion/autoware.ai/install/autoware_msgs/lib/x86_64-linux-gnu/pkgconfig:/home/yeap/APC_2022_Prac/airsimversion/autoware.ai/install/autoware_msgs/lib/pkgconfig:/home/yeap/APC_2022_Prac/airsimversion/autoware.ai/install/autoware_build_flags/lib/x86_64-linux-gnu/pkgconfig:/home/yeap/APC_2022_Prac/airsimversion/autoware.ai/install/autoware_build_flags/lib/pkgconfig:${PKG_CONFIG_PATH} PYTHONPATH=/home/yeap/APC_2022_Prac/airsimversion/autoware.ai/install/autoware_msgs/lib/python2.7/dist-packages:${PYTHONPATH} ROS_PACKAGE_PATH=/home/yeap/APC_2022_Prac/airsimversion/autoware.ai/install/autoware_msgs/share:/home/yeap/APC_2022_Prac/airsimversion/autoware.ai/install/autoware_build_flags/share:${ROS_PACKAGE_PATH} /usr/bin/cmake --build /home/yeap/APC_2022_Prac/airsimversion/autoware.ai/build/lidar_fake_perception --target tests -- -j6 -l6
[29.962s] [35m[1mScanning dependencies of target tests[0m
[29.973s] Built target tests
[29.988s] Invoked command in '/home/yeap/APC_2022_Prac/airsimversion/autoware.ai/build/lidar_fake_perception' returned '0': CMAKE_PREFIX_PATH=/home/yeap/APC_2022_Prac/airsimversion/autoware.ai/install/autoware_msgs:/home/yeap/APC_2022_Prac/airsimversion/autoware.ai/install/autoware_build_flags:${CMAKE_PREFIX_PATH} PKG_CONFIG_PATH=/home/yeap/APC_2022_Prac/airsimversion/autoware.ai/install/autoware_msgs/lib/x86_64-linux-gnu/pkgconfig:/home/yeap/APC_2022_Prac/airsimversion/autoware.ai/install/autoware_msgs/lib/pkgconfig:/home/yeap/APC_2022_Prac/airsimversion/autoware.ai/install/autoware_build_flags/lib/x86_64-linux-gnu/pkgconfig:/home/yeap/APC_2022_Prac/airsimversion/autoware.ai/install/autoware_build_flags/lib/pkgconfig:${PKG_CONFIG_PATH} PYTHONPATH=/home/yeap/APC_2022_Prac/airsimversion/autoware.ai/install/autoware_msgs/lib/python2.7/dist-packages:${PYTHONPATH} ROS_PACKAGE_PATH=/home/yeap/APC_2022_Prac/airsimversion/autoware.ai/install/autoware_msgs/share:/home/yeap/APC_2022_Prac/airsimversion/autoware.ai/install/autoware_build_flags/share:${ROS_PACKAGE_PATH} /usr/bin/cmake --build /home/yeap/APC_2022_Prac/airsimversion/autoware.ai/build/lidar_fake_perception --target tests -- -j6 -l6
[30.109s] Invoking command in '/home/yeap/APC_2022_Prac/airsimversion/autoware.ai/build/lidar_fake_perception': CMAKE_PREFIX_PATH=/home/yeap/APC_2022_Prac/airsimversion/autoware.ai/install/autoware_msgs:/home/yeap/APC_2022_Prac/airsimversion/autoware.ai/install/autoware_build_flags:${CMAKE_PREFIX_PATH} PKG_CONFIG_PATH=/home/yeap/APC_2022_Prac/airsimversion/autoware.ai/install/autoware_msgs/lib/x86_64-linux-gnu/pkgconfig:/home/yeap/APC_2022_Prac/airsimversion/autoware.ai/install/autoware_msgs/lib/pkgconfig:/home/yeap/APC_2022_Prac/airsimversion/autoware.ai/install/autoware_build_flags/lib/x86_64-linux-gnu/pkgconfig:/home/yeap/APC_2022_Prac/airsimversion/autoware.ai/install/autoware_build_flags/lib/pkgconfig:${PKG_CONFIG_PATH} PYTHONPATH=/home/yeap/APC_2022_Prac/airsimversion/autoware.ai/install/autoware_msgs/lib/python2.7/dist-packages:${PYTHONPATH} ROS_PACKAGE_PATH=/home/yeap/APC_2022_Prac/airsimversion/autoware.ai/install/autoware_msgs/share:/home/yeap/APC_2022_Prac/airsimversion/autoware.ai/install/autoware_build_flags/share:${ROS_PACKAGE_PATH} /usr/bin/cmake --build /home/yeap/APC_2022_Prac/airsimversion/autoware.ai/build/lidar_fake_perception --target install -- -j6 -l6
[30.176s] [  0%] Built target std_srvs_generate_messages_lisp
[30.199s] [  0%] Built target sensor_msgs_generate_messages_eus
[30.220s] [  0%] Built target sensor_msgs_generate_messages_cpp
[30.243s] [  0%] Built target autoware_msgs_generate_messages_cpp
[30.277s] [  0%] Built target tf_generate_messages_py
[30.311s] [  0%] Built target dynamic_reconfigure_generate_messages_cpp
[30.334s] [  0%] Built target rosgraph_msgs_generate_messages_cpp
[30.355s] [  0%] Built target pcl_msgs_generate_messages_nodejs
[30.376s] [  0%] Built target nodelet_generate_messages_nodejs
[30.400s] [  0%] Built target jsk_recognition_msgs_generate_messages_py
[30.421s] [  0%] Built target sensor_msgs_generate_messages_lisp
[30.443s] [  0%] Built target std_msgs_generate_messages_cpp
[30.463s] [  0%] Built target jsk_footstep_msgs_generate_messages_py
[30.486s] [  0%] Built target sensor_msgs_generate_messages_py
[30.508s] [  0%] Built target nodelet_generate_messages_py
[30.537s] [  0%] Built target tf2_msgs_generate_messages_nodejs
[30.560s] [  0%] Built target tf2_msgs_generate_messages_eus
[30.582s] [  0%] Built target tf2_msgs_generate_messages_cpp
[30.604s] [  0%] Built target tf2_msgs_generate_messages_py
[30.626s] [  0%] Built target actionlib_generate_messages_py
[30.649s] [  0%] Built target actionlib_generate_messages_cpp
[30.671s] [  0%] Built target tf_generate_messages_nodejs
[30.693s] [  0%] Built target tf_generate_messages_lisp
[30.715s] [  0%] Built target topic_tools_generate_messages_nodejs
[30.737s] [  0%] Built target topic_tools_generate_messages_eus
[30.761s] [  0%] Built target topic_tools_generate_messages_cpp
[30.784s] [  0%] Built target std_srvs_generate_messages_py
[30.806s] [  0%] Built target geometry_msgs_generate_messages_py
[30.828s] [  0%] Built target sensor_msgs_generate_messages_nodejs
[30.849s] [  0%] Built target roscpp_generate_messages_cpp
[30.879s] [  0%] Built target pcl_msgs_generate_messages_eus
[30.901s] [  0%] Built target rosgraph_msgs_generate_messages_eus
[30.925s] [  0%] Built target jsk_recognition_msgs_generate_messages_lisp
[30.948s] [  0%] Built target geometry_msgs_generate_messages_eus
[30.973s] [  0%] Built target std_msgs_generate_messages_lisp
[30.996s] [  0%] Built target roscpp_generate_messages_nodejs
[31.018s] [  0%] Built target geometry_msgs_generate_messages_nodejs
[31.049s] [  0%] Built target actionlib_generate_messages_eus
[31.073s] [  0%] Built target pcl_msgs_generate_messages_py
[31.097s] [  0%] Built target geometry_msgs_generate_messages_lisp
[31.118s] [  0%] Built target actionlib_generate_messages_lisp
[31.151s] [  0%] Built target geometry_msgs_generate_messages_cpp
[31.174s] [  0%] Built target pcl_msgs_generate_messages_cpp
[31.196s] [  0%] Built target dynamic_reconfigure_generate_messages_lisp
[31.217s] [  0%] Built target topic_tools_generate_messages_lisp
[31.238s] [  0%] Built target jsk_recognition_msgs_generate_messages_cpp
[31.261s] [  0%] Built target autoware_msgs_generate_messages_eus
[31.282s] [  0%] Built target autoware_msgs_generate_messages_lisp
[31.303s] [  0%] Built target autoware_msgs_generate_messages_py
[31.324s] [  0%] Built target nodelet_generate_messages_lisp
[31.346s] [  0%] Built target actionlib_generate_messages_nodejs
[31.367s] [  0%] Built target tf_generate_messages_cpp
[31.389s] [  0%] Built target pcl_msgs_generate_messages_lisp
[31.410s] [  0%] Built target std_msgs_generate_messages_eus
[31.448s] [  0%] Built target autoware_msgs_generate_messages_nodejs
[31.469s] [  0%] Built target jsk_footstep_msgs_generate_messages_eus
[31.490s] [  0%] Built target actionlib_msgs_generate_messages_py
[31.511s] [  0%] Built target jsk_footstep_msgs_generate_messages_lisp
[31.533s] [  0%] Built target jsk_footstep_msgs_generate_messages_nodejs
[31.556s] [  0%] Built target tf_generate_messages_eus
[31.577s] [  0%] Built target jsk_footstep_msgs_generate_messages_cpp
[31.598s] [  0%] Built target actionlib_msgs_generate_messages_cpp
[31.620s] [  0%] Built target std_srvs_generate_messages_cpp
[31.643s] [  0%] Built target actionlib_msgs_generate_messages_lisp
[31.665s] [  0%] Built target pcl_ros_gencfg
[31.686s] [  0%] Built target dynamic_reconfigure_generate_messages_eus
[31.707s] [  0%] Built target dynamic_reconfigure_generate_messages_nodejs
[31.730s] [  0%] Built target dynamic_reconfigure_generate_messages_py
[31.752s] [  0%] Built target tf2_msgs_generate_messages_lisp
[31.774s] [  0%] Built target dynamic_reconfigure_gencfg
[31.796s] [  0%] Built target jsk_recognition_msgs_generate_messages_nodejs
[31.818s] [  0%] Built target std_srvs_generate_messages_eus
[31.841s] [  0%] Built target roscpp_generate_messages_lisp
[31.863s] [  0%] Built target bond_generate_messages_eus
[31.885s] [  0%] Built target roscpp_generate_messages_py
[31.906s] [  0%] Built target rosgraph_msgs_generate_messages_lisp
[31.929s] [  0%] Built target rosgraph_msgs_generate_messages_nodejs
[31.951s] [  0%] Built target roscpp_generate_messages_eus
[31.974s] [  0%] Built target actionlib_msgs_generate_messages_eus
[31.996s] [  0%] Built target rosgraph_msgs_generate_messages_py
[32.017s] [  0%] Built target nodelet_generate_messages_cpp
[32.039s] [  0%] Built target bond_generate_messages_py
[32.062s] [  0%] Built target std_srvs_generate_messages_nodejs
[32.084s] [  0%] Built target nodelet_generate_messages_eus
[32.106s] [  0%] Built target bond_generate_messages_cpp
[32.129s] [  0%] Built target bond_generate_messages_nodejs
[32.152s] [  0%] Built target topic_tools_generate_messages_py
[32.174s] [  0%] Built target actionlib_msgs_generate_messages_nodejs
[32.196s] [  0%] Built target nodelet_topic_tools_gencfg
[32.218s] [  0%] Built target _catkin_empty_exported_target
[32.241s] [  0%] Built target bond_generate_messages_lisp
[32.263s] [  0%] Built target std_msgs_generate_messages_nodejs
[32.284s] [  0%] Built target std_msgs_generate_messages_py
[32.309s] [  0%] Built target jsk_recognition_msgs_generate_messages_eus
[32.366s] [100%] Built target lidar_fake_perception_node
[32.390s] [36mInstall the project...[0m
[32.400s] -- Install configuration: "Release"
[32.400s] -- Installing: /home/yeap/APC_2022_Prac/airsimversion/autoware.ai/install/lidar_fake_perception/lib/pkgconfig/lidar_fake_perception.pc
[32.400s] -- Installing: /home/yeap/APC_2022_Prac/airsimversion/autoware.ai/install/lidar_fake_perception/share/lidar_fake_perception/cmake/lidar_fake_perceptionConfig.cmake
[32.401s] -- Installing: /home/yeap/APC_2022_Prac/airsimversion/autoware.ai/install/lidar_fake_perception/share/lidar_fake_perception/cmake/lidar_fake_perceptionConfig-version.cmake
[32.401s] -- Installing: /home/yeap/APC_2022_Prac/airsimversion/autoware.ai/install/lidar_fake_perception/share/lidar_fake_perception/package.xml
[32.401s] -- Installing: /home/yeap/APC_2022_Prac/airsimversion/autoware.ai/install/lidar_fake_perception/lib/lidar_fake_perception/lidar_fake_perception_node
[32.402s] -- Set runtime path of "/home/yeap/APC_2022_Prac/airsimversion/autoware.ai/install/lidar_fake_perception/lib/lidar_fake_perception/lidar_fake_perception_node" to ""
[32.402s] -- Installing: /home/yeap/APC_2022_Prac/airsimversion/autoware.ai/install/lidar_fake_perception/share/lidar_fake_perception/launch
[32.402s] -- Installing: /home/yeap/APC_2022_Prac/airsimversion/autoware.ai/install/lidar_fake_perception/share/lidar_fake_perception/launch/lidar_fake_perception.launch
[32.409s] Invoked command in '/home/yeap/APC_2022_Prac/airsimversion/autoware.ai/build/lidar_fake_perception' returned '0': CMAKE_PREFIX_PATH=/home/yeap/APC_2022_Prac/airsimversion/autoware.ai/install/autoware_msgs:/home/yeap/APC_2022_Prac/airsimversion/autoware.ai/install/autoware_build_flags:${CMAKE_PREFIX_PATH} PKG_CONFIG_PATH=/home/yeap/APC_2022_Prac/airsimversion/autoware.ai/install/autoware_msgs/lib/x86_64-linux-gnu/pkgconfig:/home/yeap/APC_2022_Prac/airsimversion/autoware.ai/install/autoware_msgs/lib/pkgconfig:/home/yeap/APC_2022_Prac/airsimversion/autoware.ai/install/autoware_build_flags/lib/x86_64-linux-gnu/pkgconfig:/home/yeap/APC_2022_Prac/airsimversion/autoware.ai/install/autoware_build_flags/lib/pkgconfig:${PKG_CONFIG_PATH} PYTHONPATH=/home/yeap/APC_2022_Prac/airsimversion/autoware.ai/install/autoware_msgs/lib/python2.7/dist-packages:${PYTHONPATH} ROS_PACKAGE_PATH=/home/yeap/APC_2022_Prac/airsimversion/autoware.ai/install/autoware_msgs/share:/home/yeap/APC_2022_Prac/airsimversion/autoware.ai/install/autoware_build_flags/share:${ROS_PACKAGE_PATH} /usr/bin/cmake --build /home/yeap/APC_2022_Prac/airsimversion/autoware.ai/build/lidar_fake_perception --target install -- -j6 -l6
