[0.047s] Invoking command in '/home/yeap/APC_2022_Prac/airsimversion/autoware.ai/build/wf_simulator': CMAKE_PREFIX_PATH=/home/yeap/APC_2022_Prac/airsimversion/autoware.ai/install/vehicle_sim_model:/home/yeap/APC_2022_Prac/airsimversion/autoware.ai/install/autoware_health_checker:/home/yeap/APC_2022_Prac/airsimversion/autoware.ai/install/amathutils_lib:/home/yeap/APC_2022_Prac/airsimversion/autoware.ai/install/ros_observer:/home/yeap/APC_2022_Prac/airsimversion/autoware.ai/install/autoware_system_msgs:/home/yeap/APC_2022_Prac/airsimversion/autoware.ai/install/autoware_msgs:/home/yeap/APC_2022_Prac/airsimversion/autoware.ai/install/autoware_build_flags:${CMAKE_PREFIX_PATH} LD_LIBRARY_PATH=/home/yeap/APC_2022_Prac/airsimversion/autoware.ai/install/vehicle_sim_model/lib:/home/yeap/APC_2022_Prac/airsimversion/autoware.ai/install/autoware_health_checker/lib:/home/yeap/APC_2022_Prac/airsimversion/autoware.ai/install/amathutils_lib/lib:/home/yeap/APC_2022_Prac/airsimversion/autoware.ai/install/ros_observer/lib:${LD_LIBRARY_PATH} PKG_CONFIG_PATH=/home/yeap/APC_2022_Prac/airsimversion/autoware.ai/install/vehicle_sim_model/lib/x86_64-linux-gnu/pkgconfig:/home/yeap/APC_2022_Prac/airsimversion/autoware.ai/install/vehicle_sim_model/lib/pkgconfig:/home/yeap/APC_2022_Prac/airsimversion/autoware.ai/install/autoware_health_checker/lib/x86_64-linux-gnu/pkgconfig:/home/yeap/APC_2022_Prac/airsimversion/autoware.ai/install/autoware_health_checker/lib/pkgconfig:/home/yeap/APC_2022_Prac/airsimversion/autoware.ai/install/amathutils_lib/lib/x86_64-linux-gnu/pkgconfig:/home/yeap/APC_2022_Prac/airsimversion/autoware.ai/install/amathutils_lib/lib/pkgconfig:/home/yeap/APC_2022_Prac/airsimversion/autoware.ai/install/ros_observer/lib/x86_64-linux-gnu/pkgconfig:/home/yeap/APC_2022_Prac/airsimversion/autoware.ai/install/ros_observer/lib/pkgconfig:/home/yeap/APC_2022_Prac/airsimversion/autoware.ai/install/autoware_system_msgs/lib/x86_64-linux-gnu/pkgconfig:/home/yeap/APC_2022_Prac/airsimversion/autoware.ai/install/autoware_system_msgs/lib/pkgconfig:/home/yeap/APC_2022_Prac/airsimversion/autoware.ai/install/autoware_msgs/lib/x86_64-linux-gnu/pkgconfig:/home/yeap/APC_2022_Prac/airsimversion/autoware.ai/install/autoware_msgs/lib/pkgconfig:/home/yeap/APC_2022_Prac/airsimversion/autoware.ai/install/autoware_build_flags/lib/x86_64-linux-gnu/pkgconfig:/home/yeap/APC_2022_Prac/airsimversion/autoware.ai/install/autoware_build_flags/lib/pkgconfig:${PKG_CONFIG_PATH} PYTHONPATH=/home/yeap/APC_2022_Prac/airsimversion/autoware.ai/install/autoware_system_msgs/lib/python2.7/dist-packages:/home/yeap/APC_2022_Prac/airsimversion/autoware.ai/install/autoware_msgs/lib/python2.7/dist-packages:${PYTHONPATH} ROS_PACKAGE_PATH=/home/yeap/APC_2022_Prac/airsimversion/autoware.ai/install/vehicle_sim_model/share:/home/yeap/APC_2022_Prac/airsimversion/autoware.ai/install/autoware_health_checker/share:/home/yeap/APC_2022_Prac/airsimversion/autoware.ai/install/amathutils_lib/share:/home/yeap/APC_2022_Prac/airsimversion/autoware.ai/install/ros_observer/share:/home/yeap/APC_2022_Prac/airsimversion/autoware.ai/install/autoware_system_msgs/share:/home/yeap/APC_2022_Prac/airsimversion/autoware.ai/install/autoware_msgs/share:/home/yeap/APC_2022_Prac/airsimversion/autoware.ai/install/autoware_build_flags/share:${ROS_PACKAGE_PATH} /usr/bin/cmake /home/yeap/APC_2022_Prac/airsimversion/autoware.ai/src/autoware/simulation/wf_simulator -DCMAKE_BUILD_TYPE=Release -DCATKIN_INSTALL_INTO_PREFIX_ROOT=0 -DCMAKE_INSTALL_PREFIX=/home/yeap/APC_2022_Prac/airsimversion/autoware.ai/install/wf_simulator
[0.126s] -- The C compiler identification is GNU 7.5.0
[0.190s] -- The CXX compiler identification is GNU 7.5.0
[0.196s] -- Check for working C compiler: /usr/bin/cc
[0.269s] -- Check for working C compiler: /usr/bin/cc -- works
[0.270s] -- Detecting C compiler ABI info
[0.343s] -- Detecting C compiler ABI info - done
[0.354s] -- Detecting C compile features
[0.579s] -- Detecting C compile features - done
[0.583s] -- Check for working CXX compiler: /usr/bin/c++
[0.670s] -- Check for working CXX compiler: /usr/bin/c++ -- works
[0.671s] -- Detecting CXX compiler ABI info
[0.757s] -- Detecting CXX compiler ABI info - done
[0.767s] -- Detecting CXX compile features
[1.148s] -- Detecting CXX compile features - done
[1.150s] -- CUDA compilation status: .
[1.153s] -- Using CATKIN_DEVEL_PREFIX: /home/yeap/APC_2022_Prac/airsimversion/autoware.ai/build/wf_simulator/devel
[1.153s] -- Using CMAKE_PREFIX_PATH: /home/yeap/APC_2022_Prac/airsimversion/autoware.ai/install/vehicle_sim_model;/home/yeap/APC_2022_Prac/airsimversion/autoware.ai/install/autoware_health_checker;/home/yeap/APC_2022_Prac/airsimversion/autoware.ai/install/amathutils_lib;/home/yeap/APC_2022_Prac/airsimversion/autoware.ai/install/ros_observer;/home/yeap/APC_2022_Prac/airsimversion/autoware.ai/install/autoware_system_msgs;/home/yeap/APC_2022_Prac/airsimversion/autoware.ai/install/autoware_msgs;/home/yeap/APC_2022_Prac/airsimversion/autoware.ai/install/autoware_build_flags;/opt/ros/melodic
[1.154s] -- This workspace overlays: /home/yeap/APC_2022_Prac/airsimversion/autoware.ai/install/vehicle_sim_model;/home/yeap/APC_2022_Prac/airsimversion/autoware.ai/install/autoware_health_checker;/home/yeap/APC_2022_Prac/airsimversion/autoware.ai/install/amathutils_lib;/home/yeap/APC_2022_Prac/airsimversion/autoware.ai/install/ros_observer;/home/yeap/APC_2022_Prac/airsimversion/autoware.ai/install/autoware_system_msgs;/home/yeap/APC_2022_Prac/airsimversion/autoware.ai/install/autoware_msgs;/home/yeap/APC_2022_Prac/airsimversion/autoware.ai/install/autoware_build_flags;/opt/ros/melodic
[1.171s] -- Found PythonInterp: /usr/bin/python2 (found suitable version "2.7.17", minimum required is "2") 
[1.171s] -- Using PYTHON_EXECUTABLE: /usr/bin/python2
[1.171s] -- Using Debian Python package layout
[1.172s] -- Using empy: /usr/bin/empy
[1.345s] -- Using CATKIN_ENABLE_TESTING: ON
[1.345s] -- Call enable_testing()
[1.348s] -- Using CATKIN_TEST_RESULTS_DIR: /home/yeap/APC_2022_Prac/airsimversion/autoware.ai/build/wf_simulator/test_results
[1.374s] -- Found gtest sources under '/usr/src/googletest': gtests will be built
[1.375s] -- Found gmock sources under '/usr/src/googletest': gmock will be built
[1.389s] -- Found PythonInterp: /usr/bin/python2 (found version "2.7.17") 
[1.391s] -- Looking for pthread.h
[1.466s] -- Looking for pthread.h - found
[1.467s] -- Looking for pthread_create
[1.542s] -- Looking for pthread_create - not found
[1.542s] -- Looking for pthread_create in pthreads
[1.611s] -- Looking for pthread_create in pthreads - not found
[1.611s] -- Looking for pthread_create in pthread
[1.679s] -- Looking for pthread_create in pthread - found
[1.681s] -- Found Threads: TRUE  
[1.686s] -- Using Python nosetests: /usr/bin/nosetests-2.7
[1.737s] -- catkin 0.7.29
[1.737s] -- BUILD_SHARED_LIBS is on
[1.908s] -- Using these message generators: gencpp;geneus;genlisp;gennodejs;genpy
[2.310s] -- Configuring done
[2.358s] -- Generating done
[2.372s] -- Build files have been written to: /home/yeap/APC_2022_Prac/airsimversion/autoware.ai/build/wf_simulator
[2.383s] Invoked command in '/home/yeap/APC_2022_Prac/airsimversion/autoware.ai/build/wf_simulator' returned '0': CMAKE_PREFIX_PATH=/home/yeap/APC_2022_Prac/airsimversion/autoware.ai/install/vehicle_sim_model:/home/yeap/APC_2022_Prac/airsimversion/autoware.ai/install/autoware_health_checker:/home/yeap/APC_2022_Prac/airsimversion/autoware.ai/install/amathutils_lib:/home/yeap/APC_2022_Prac/airsimversion/autoware.ai/install/ros_observer:/home/yeap/APC_2022_Prac/airsimversion/autoware.ai/install/autoware_system_msgs:/home/yeap/APC_2022_Prac/airsimversion/autoware.ai/install/autoware_msgs:/home/yeap/APC_2022_Prac/airsimversion/autoware.ai/install/autoware_build_flags:${CMAKE_PREFIX_PATH} LD_LIBRARY_PATH=/home/yeap/APC_2022_Prac/airsimversion/autoware.ai/install/vehicle_sim_model/lib:/home/yeap/APC_2022_Prac/airsimversion/autoware.ai/install/autoware_health_checker/lib:/home/yeap/APC_2022_Prac/airsimversion/autoware.ai/install/amathutils_lib/lib:/home/yeap/APC_2022_Prac/airsimversion/autoware.ai/install/ros_observer/lib:${LD_LIBRARY_PATH} PKG_CONFIG_PATH=/home/yeap/APC_2022_Prac/airsimversion/autoware.ai/install/vehicle_sim_model/lib/x86_64-linux-gnu/pkgconfig:/home/yeap/APC_2022_Prac/airsimversion/autoware.ai/install/vehicle_sim_model/lib/pkgconfig:/home/yeap/APC_2022_Prac/airsimversion/autoware.ai/install/autoware_health_checker/lib/x86_64-linux-gnu/pkgconfig:/home/yeap/APC_2022_Prac/airsimversion/autoware.ai/install/autoware_health_checker/lib/pkgconfig:/home/yeap/APC_2022_Prac/airsimversion/autoware.ai/install/amathutils_lib/lib/x86_64-linux-gnu/pkgconfig:/home/yeap/APC_2022_Prac/airsimversion/autoware.ai/install/amathutils_lib/lib/pkgconfig:/home/yeap/APC_2022_Prac/airsimversion/autoware.ai/install/ros_observer/lib/x86_64-linux-gnu/pkgconfig:/home/yeap/APC_2022_Prac/airsimversion/autoware.ai/install/ros_observer/lib/pkgconfig:/home/yeap/APC_2022_Prac/airsimversion/autoware.ai/install/autoware_system_msgs/lib/x86_64-linux-gnu/pkgconfig:/home/yeap/APC_2022_Prac/airsimversion/autoware.ai/install/autoware_system_msgs/lib/pkgconfig:/home/yeap/APC_2022_Prac/airsimversion/autoware.ai/install/autoware_msgs/lib/x86_64-linux-gnu/pkgconfig:/home/yeap/APC_2022_Prac/airsimversion/autoware.ai/install/autoware_msgs/lib/pkgconfig:/home/yeap/APC_2022_Prac/airsimversion/autoware.ai/install/autoware_build_flags/lib/x86_64-linux-gnu/pkgconfig:/home/yeap/APC_2022_Prac/airsimversion/autoware.ai/install/autoware_build_flags/lib/pkgconfig:${PKG_CONFIG_PATH} PYTHONPATH=/home/yeap/APC_2022_Prac/airsimversion/autoware.ai/install/autoware_system_msgs/lib/python2.7/dist-packages:/home/yeap/APC_2022_Prac/airsimversion/autoware.ai/install/autoware_msgs/lib/python2.7/dist-packages:${PYTHONPATH} ROS_PACKAGE_PATH=/home/yeap/APC_2022_Prac/airsimversion/autoware.ai/install/vehicle_sim_model/share:/home/yeap/APC_2022_Prac/airsimversion/autoware.ai/install/autoware_health_checker/share:/home/yeap/APC_2022_Prac/airsimversion/autoware.ai/install/amathutils_lib/share:/home/yeap/APC_2022_Prac/airsimversion/autoware.ai/install/ros_observer/share:/home/yeap/APC_2022_Prac/airsimversion/autoware.ai/install/autoware_system_msgs/share:/home/yeap/APC_2022_Prac/airsimversion/autoware.ai/install/autoware_msgs/share:/home/yeap/APC_2022_Prac/airsimversion/autoware.ai/install/autoware_build_flags/share:${ROS_PACKAGE_PATH} /usr/bin/cmake /home/yeap/APC_2022_Prac/airsimversion/autoware.ai/src/autoware/simulation/wf_simulator -DCMAKE_BUILD_TYPE=Release -DCATKIN_INSTALL_INTO_PREFIX_ROOT=0 -DCMAKE_INSTALL_PREFIX=/home/yeap/APC_2022_Prac/airsimversion/autoware.ai/install/wf_simulator
[2.384s] Invoking command in '/home/yeap/APC_2022_Prac/airsimversion/autoware.ai/build/wf_simulator': CMAKE_PREFIX_PATH=/home/yeap/APC_2022_Prac/airsimversion/autoware.ai/install/vehicle_sim_model:/home/yeap/APC_2022_Prac/airsimversion/autoware.ai/install/autoware_health_checker:/home/yeap/APC_2022_Prac/airsimversion/autoware.ai/install/amathutils_lib:/home/yeap/APC_2022_Prac/airsimversion/autoware.ai/install/ros_observer:/home/yeap/APC_2022_Prac/airsimversion/autoware.ai/install/autoware_system_msgs:/home/yeap/APC_2022_Prac/airsimversion/autoware.ai/install/autoware_msgs:/home/yeap/APC_2022_Prac/airsimversion/autoware.ai/install/autoware_build_flags:${CMAKE_PREFIX_PATH} LD_LIBRARY_PATH=/home/yeap/APC_2022_Prac/airsimversion/autoware.ai/install/vehicle_sim_model/lib:/home/yeap/APC_2022_Prac/airsimversion/autoware.ai/install/autoware_health_checker/lib:/home/yeap/APC_2022_Prac/airsimversion/autoware.ai/install/amathutils_lib/lib:/home/yeap/APC_2022_Prac/airsimversion/autoware.ai/install/ros_observer/lib:${LD_LIBRARY_PATH} PKG_CONFIG_PATH=/home/yeap/APC_2022_Prac/airsimversion/autoware.ai/install/vehicle_sim_model/lib/x86_64-linux-gnu/pkgconfig:/home/yeap/APC_2022_Prac/airsimversion/autoware.ai/install/vehicle_sim_model/lib/pkgconfig:/home/yeap/APC_2022_Prac/airsimversion/autoware.ai/install/autoware_health_checker/lib/x86_64-linux-gnu/pkgconfig:/home/yeap/APC_2022_Prac/airsimversion/autoware.ai/install/autoware_health_checker/lib/pkgconfig:/home/yeap/APC_2022_Prac/airsimversion/autoware.ai/install/amathutils_lib/lib/x86_64-linux-gnu/pkgconfig:/home/yeap/APC_2022_Prac/airsimversion/autoware.ai/install/amathutils_lib/lib/pkgconfig:/home/yeap/APC_2022_Prac/airsimversion/autoware.ai/install/ros_observer/lib/x86_64-linux-gnu/pkgconfig:/home/yeap/APC_2022_Prac/airsimversion/autoware.ai/install/ros_observer/lib/pkgconfig:/home/yeap/APC_2022_Prac/airsimversion/autoware.ai/install/autoware_system_msgs/lib/x86_64-linux-gnu/pkgconfig:/home/yeap/APC_2022_Prac/airsimversion/autoware.ai/install/autoware_system_msgs/lib/pkgconfig:/home/yeap/APC_2022_Prac/airsimversion/autoware.ai/install/autoware_msgs/lib/x86_64-linux-gnu/pkgconfig:/home/yeap/APC_2022_Prac/airsimversion/autoware.ai/install/autoware_msgs/lib/pkgconfig:/home/yeap/APC_2022_Prac/airsimversion/autoware.ai/install/autoware_build_flags/lib/x86_64-linux-gnu/pkgconfig:/home/yeap/APC_2022_Prac/airsimversion/autoware.ai/install/autoware_build_flags/lib/pkgconfig:${PKG_CONFIG_PATH} PYTHONPATH=/home/yeap/APC_2022_Prac/airsimversion/autoware.ai/install/autoware_system_msgs/lib/python2.7/dist-packages:/home/yeap/APC_2022_Prac/airsimversion/autoware.ai/install/autoware_msgs/lib/python2.7/dist-packages:${PYTHONPATH} ROS_PACKAGE_PATH=/home/yeap/APC_2022_Prac/airsimversion/autoware.ai/install/vehicle_sim_model/share:/home/yeap/APC_2022_Prac/airsimversion/autoware.ai/install/autoware_health_checker/share:/home/yeap/APC_2022_Prac/airsimversion/autoware.ai/install/amathutils_lib/share:/home/yeap/APC_2022_Prac/airsimversion/autoware.ai/install/ros_observer/share:/home/yeap/APC_2022_Prac/airsimversion/autoware.ai/install/autoware_system_msgs/share:/home/yeap/APC_2022_Prac/airsimversion/autoware.ai/install/autoware_msgs/share:/home/yeap/APC_2022_Prac/airsimversion/autoware.ai/install/autoware_build_flags/share:${ROS_PACKAGE_PATH} /usr/bin/cmake --build /home/yeap/APC_2022_Prac/airsimversion/autoware.ai/build/wf_simulator -- -j6 -l6
[2.447s] [35m[1mScanning dependencies of target wf_simulator[0m
[2.491s] [ 25%] [32mBuilding CXX object CMakeFiles/wf_simulator.dir/src/wf_simulator_node.cpp.o[0m
[7.863s] [ 50%] [32mBuilding CXX object CMakeFiles/wf_simulator.dir/src/vehicle_model_ros.cpp.o[0m
[14.196s] [ 75%] [32mBuilding CXX object CMakeFiles/wf_simulator.dir/src/wf_simulator_core.cpp.o[0m
[22.822s] [100%] [32m[1mLinking CXX executable devel/lib/wf_simulator/wf_simulator[0m
[23.113s] [100%] Built target wf_simulator
[23.134s] Invoked command in '/home/yeap/APC_2022_Prac/airsimversion/autoware.ai/build/wf_simulator' returned '0': CMAKE_PREFIX_PATH=/home/yeap/APC_2022_Prac/airsimversion/autoware.ai/install/vehicle_sim_model:/home/yeap/APC_2022_Prac/airsimversion/autoware.ai/install/autoware_health_checker:/home/yeap/APC_2022_Prac/airsimversion/autoware.ai/install/amathutils_lib:/home/yeap/APC_2022_Prac/airsimversion/autoware.ai/install/ros_observer:/home/yeap/APC_2022_Prac/airsimversion/autoware.ai/install/autoware_system_msgs:/home/yeap/APC_2022_Prac/airsimversion/autoware.ai/install/autoware_msgs:/home/yeap/APC_2022_Prac/airsimversion/autoware.ai/install/autoware_build_flags:${CMAKE_PREFIX_PATH} LD_LIBRARY_PATH=/home/yeap/APC_2022_Prac/airsimversion/autoware.ai/install/vehicle_sim_model/lib:/home/yeap/APC_2022_Prac/airsimversion/autoware.ai/install/autoware_health_checker/lib:/home/yeap/APC_2022_Prac/airsimversion/autoware.ai/install/amathutils_lib/lib:/home/yeap/APC_2022_Prac/airsimversion/autoware.ai/install/ros_observer/lib:${LD_LIBRARY_PATH} PKG_CONFIG_PATH=/home/yeap/APC_2022_Prac/airsimversion/autoware.ai/install/vehicle_sim_model/lib/x86_64-linux-gnu/pkgconfig:/home/yeap/APC_2022_Prac/airsimversion/autoware.ai/install/vehicle_sim_model/lib/pkgconfig:/home/yeap/APC_2022_Prac/airsimversion/autoware.ai/install/autoware_health_checker/lib/x86_64-linux-gnu/pkgconfig:/home/yeap/APC_2022_Prac/airsimversion/autoware.ai/install/autoware_health_checker/lib/pkgconfig:/home/yeap/APC_2022_Prac/airsimversion/autoware.ai/install/amathutils_lib/lib/x86_64-linux-gnu/pkgconfig:/home/yeap/APC_2022_Prac/airsimversion/autoware.ai/install/amathutils_lib/lib/pkgconfig:/home/yeap/APC_2022_Prac/airsimversion/autoware.ai/install/ros_observer/lib/x86_64-linux-gnu/pkgconfig:/home/yeap/APC_2022_Prac/airsimversion/autoware.ai/install/ros_observer/lib/pkgconfig:/home/yeap/APC_2022_Prac/airsimversion/autoware.ai/install/autoware_system_msgs/lib/x86_64-linux-gnu/pkgconfig:/home/yeap/APC_2022_Prac/airsimversion/autoware.ai/install/autoware_system_msgs/lib/pkgconfig:/home/yeap/APC_2022_Prac/airsimversion/autoware.ai/install/autoware_msgs/lib/x86_64-linux-gnu/pkgconfig:/home/yeap/APC_2022_Prac/airsimversion/autoware.ai/install/autoware_msgs/lib/pkgconfig:/home/yeap/APC_2022_Prac/airsimversion/autoware.ai/install/autoware_build_flags/lib/x86_64-linux-gnu/pkgconfig:/home/yeap/APC_2022_Prac/airsimversion/autoware.ai/install/autoware_build_flags/lib/pkgconfig:${PKG_CONFIG_PATH} PYTHONPATH=/home/yeap/APC_2022_Prac/airsimversion/autoware.ai/install/autoware_system_msgs/lib/python2.7/dist-packages:/home/yeap/APC_2022_Prac/airsimversion/autoware.ai/install/autoware_msgs/lib/python2.7/dist-packages:${PYTHONPATH} ROS_PACKAGE_PATH=/home/yeap/APC_2022_Prac/airsimversion/autoware.ai/install/vehicle_sim_model/share:/home/yeap/APC_2022_Prac/airsimversion/autoware.ai/install/autoware_health_checker/share:/home/yeap/APC_2022_Prac/airsimversion/autoware.ai/install/amathutils_lib/share:/home/yeap/APC_2022_Prac/airsimversion/autoware.ai/install/ros_observer/share:/home/yeap/APC_2022_Prac/airsimversion/autoware.ai/install/autoware_system_msgs/share:/home/yeap/APC_2022_Prac/airsimversion/autoware.ai/install/autoware_msgs/share:/home/yeap/APC_2022_Prac/airsimversion/autoware.ai/install/autoware_build_flags/share:${ROS_PACKAGE_PATH} /usr/bin/cmake --build /home/yeap/APC_2022_Prac/airsimversion/autoware.ai/build/wf_simulator -- -j6 -l6
[23.242s] Invoking command in '/home/yeap/APC_2022_Prac/airsimversion/autoware.ai/build/wf_simulator': CMAKE_PREFIX_PATH=/home/yeap/APC_2022_Prac/airsimversion/autoware.ai/install/vehicle_sim_model:/home/yeap/APC_2022_Prac/airsimversion/autoware.ai/install/autoware_health_checker:/home/yeap/APC_2022_Prac/airsimversion/autoware.ai/install/amathutils_lib:/home/yeap/APC_2022_Prac/airsimversion/autoware.ai/install/ros_observer:/home/yeap/APC_2022_Prac/airsimversion/autoware.ai/install/autoware_system_msgs:/home/yeap/APC_2022_Prac/airsimversion/autoware.ai/install/autoware_msgs:/home/yeap/APC_2022_Prac/airsimversion/autoware.ai/install/autoware_build_flags:${CMAKE_PREFIX_PATH} LD_LIBRARY_PATH=/home/yeap/APC_2022_Prac/airsimversion/autoware.ai/install/vehicle_sim_model/lib:/home/yeap/APC_2022_Prac/airsimversion/autoware.ai/install/autoware_health_checker/lib:/home/yeap/APC_2022_Prac/airsimversion/autoware.ai/install/amathutils_lib/lib:/home/yeap/APC_2022_Prac/airsimversion/autoware.ai/install/ros_observer/lib:${LD_LIBRARY_PATH} PKG_CONFIG_PATH=/home/yeap/APC_2022_Prac/airsimversion/autoware.ai/install/vehicle_sim_model/lib/x86_64-linux-gnu/pkgconfig:/home/yeap/APC_2022_Prac/airsimversion/autoware.ai/install/vehicle_sim_model/lib/pkgconfig:/home/yeap/APC_2022_Prac/airsimversion/autoware.ai/install/autoware_health_checker/lib/x86_64-linux-gnu/pkgconfig:/home/yeap/APC_2022_Prac/airsimversion/autoware.ai/install/autoware_health_checker/lib/pkgconfig:/home/yeap/APC_2022_Prac/airsimversion/autoware.ai/install/amathutils_lib/lib/x86_64-linux-gnu/pkgconfig:/home/yeap/APC_2022_Prac/airsimversion/autoware.ai/install/amathutils_lib/lib/pkgconfig:/home/yeap/APC_2022_Prac/airsimversion/autoware.ai/install/ros_observer/lib/x86_64-linux-gnu/pkgconfig:/home/yeap/APC_2022_Prac/airsimversion/autoware.ai/install/ros_observer/lib/pkgconfig:/home/yeap/APC_2022_Prac/airsimversion/autoware.ai/install/autoware_system_msgs/lib/x86_64-linux-gnu/pkgconfig:/home/yeap/APC_2022_Prac/airsimversion/autoware.ai/install/autoware_system_msgs/lib/pkgconfig:/home/yeap/APC_2022_Prac/airsimversion/autoware.ai/install/autoware_msgs/lib/x86_64-linux-gnu/pkgconfig:/home/yeap/APC_2022_Prac/airsimversion/autoware.ai/install/autoware_msgs/lib/pkgconfig:/home/yeap/APC_2022_Prac/airsimversion/autoware.ai/install/autoware_build_flags/lib/x86_64-linux-gnu/pkgconfig:/home/yeap/APC_2022_Prac/airsimversion/autoware.ai/install/autoware_build_flags/lib/pkgconfig:${PKG_CONFIG_PATH} PYTHONPATH=/home/yeap/APC_2022_Prac/airsimversion/autoware.ai/install/autoware_system_msgs/lib/python2.7/dist-packages:/home/yeap/APC_2022_Prac/airsimversion/autoware.ai/install/autoware_msgs/lib/python2.7/dist-packages:${PYTHONPATH} ROS_PACKAGE_PATH=/home/yeap/APC_2022_Prac/airsimversion/autoware.ai/install/vehicle_sim_model/share:/home/yeap/APC_2022_Prac/airsimversion/autoware.ai/install/autoware_health_checker/share:/home/yeap/APC_2022_Prac/airsimversion/autoware.ai/install/amathutils_lib/share:/home/yeap/APC_2022_Prac/airsimversion/autoware.ai/install/ros_observer/share:/home/yeap/APC_2022_Prac/airsimversion/autoware.ai/install/autoware_system_msgs/share:/home/yeap/APC_2022_Prac/airsimversion/autoware.ai/install/autoware_msgs/share:/home/yeap/APC_2022_Prac/airsimversion/autoware.ai/install/autoware_build_flags/share:${ROS_PACKAGE_PATH} /usr/bin/cmake --build /home/yeap/APC_2022_Prac/airsimversion/autoware.ai/build/wf_simulator --target tests -- -j6 -l6
[23.311s] [35m[1mScanning dependencies of target gtest[0m
[23.332s] [ 16%] [32mBuilding CXX object gtest/googlemock/gtest/CMakeFiles/gtest.dir/src/gtest-all.cc.o[0m
[28.633s] [ 33%] [32m[1mLinking CXX shared library libgtest.so[0m
[28.740s] [ 33%] Built target gtest
[28.752s] [35m[1mScanning dependencies of target rosgraph_msgs_generate_messages_eus[0m
[28.764s] [ 33%] Built target rosgraph_msgs_generate_messages_eus
[28.776s] [35m[1mScanning dependencies of target jsk_recognition_msgs_generate_messages_lisp[0m
[28.788s] [ 33%] Built target jsk_recognition_msgs_generate_messages_lisp
[28.799s] [35m[1mScanning dependencies of target jsk_recognition_msgs_generate_messages_eus[0m
[28.811s] [ 33%] Built target jsk_recognition_msgs_generate_messages_eus
[28.823s] [35m[1mScanning dependencies of target tf2_msgs_generate_messages_cpp[0m
[28.835s] [ 33%] Built target tf2_msgs_generate_messages_cpp
[28.848s] [35m[1mScanning dependencies of target std_msgs_generate_messages_py[0m
[28.861s] [ 33%] Built target std_msgs_generate_messages_py
[28.873s] [35m[1mScanning dependencies of target autoware_msgs_generate_messages_py[0m
[28.885s] [ 33%] Built target autoware_msgs_generate_messages_py
[28.898s] [35m[1mScanning dependencies of target std_msgs_generate_messages_nodejs[0m
[28.910s] [ 33%] Built target std_msgs_generate_messages_nodejs
[28.922s] [35m[1mScanning dependencies of target sensor_msgs_generate_messages_eus[0m
[28.935s] [ 33%] Built target sensor_msgs_generate_messages_eus
[28.947s] [35m[1mScanning dependencies of target _catkin_empty_exported_target[0m
[28.960s] [ 33%] Built target _catkin_empty_exported_target
[28.972s] [35m[1mScanning dependencies of target sensor_msgs_generate_messages_cpp[0m
[28.984s] [ 33%] Built target sensor_msgs_generate_messages_cpp
[28.996s] [35m[1mScanning dependencies of target autoware_msgs_generate_messages_cpp[0m
[29.008s] [ 33%] Built target autoware_msgs_generate_messages_cpp
[29.020s] [35m[1mScanning dependencies of target rosgraph_msgs_generate_messages_cpp[0m
[29.031s] [ 33%] Built target rosgraph_msgs_generate_messages_cpp
[29.043s] [35m[1mScanning dependencies of target pcl_msgs_generate_messages_nodejs[0m
[29.056s] [ 33%] Built target pcl_msgs_generate_messages_nodejs
[29.068s] [35m[1mScanning dependencies of target jsk_recognition_msgs_generate_messages_py[0m
[29.081s] [ 33%] Built target jsk_recognition_msgs_generate_messages_py
[29.093s] [35m[1mScanning dependencies of target sensor_msgs_generate_messages_lisp[0m
[29.105s] [ 33%] Built target sensor_msgs_generate_messages_lisp
[29.121s] [35m[1mScanning dependencies of target sensor_msgs_generate_messages_py[0m
[29.133s] [ 33%] Built target sensor_msgs_generate_messages_py
[29.146s] [35m[1mScanning dependencies of target tf_generate_messages_py[0m
[29.159s] [ 33%] Built target tf_generate_messages_py
[29.170s] [35m[1mScanning dependencies of target std_msgs_generate_messages_cpp[0m
[29.183s] [ 33%] Built target std_msgs_generate_messages_cpp
[29.194s] [35m[1mScanning dependencies of target jsk_footstep_msgs_generate_messages_py[0m
[29.207s] [ 33%] Built target jsk_footstep_msgs_generate_messages_py
[29.219s] [35m[1mScanning dependencies of target actionlib_msgs_generate_messages_nodejs[0m
[29.232s] [ 33%] Built target actionlib_msgs_generate_messages_nodejs
[29.244s] [35m[1mScanning dependencies of target geometry_msgs_generate_messages_eus[0m
[29.256s] [ 33%] Built target geometry_msgs_generate_messages_eus
[29.269s] [35m[1mScanning dependencies of target std_msgs_generate_messages_lisp[0m
[29.283s] [ 33%] Built target std_msgs_generate_messages_lisp
[29.295s] [35m[1mScanning dependencies of target roscpp_generate_messages_nodejs[0m
[29.308s] [ 33%] Built target roscpp_generate_messages_nodejs
[29.320s] [35m[1mScanning dependencies of target autoware_system_msgs_generate_messages_cpp[0m
[29.332s] [ 33%] Built target autoware_system_msgs_generate_messages_cpp
[29.344s] [35m[1mScanning dependencies of target geometry_msgs_generate_messages_nodejs[0m
[29.356s] [ 33%] Built target geometry_msgs_generate_messages_nodejs
[29.369s] [35m[1mScanning dependencies of target geometry_msgs_generate_messages_lisp[0m
[29.382s] [ 33%] Built target geometry_msgs_generate_messages_lisp
[29.394s] [35m[1mScanning dependencies of target pcl_msgs_generate_messages_cpp[0m
[29.407s] [ 33%] Built target pcl_msgs_generate_messages_cpp
[29.419s] [35m[1mScanning dependencies of target jsk_recognition_msgs_generate_messages_cpp[0m
[29.432s] [ 33%] Built target jsk_recognition_msgs_generate_messages_cpp
[29.445s] [35m[1mScanning dependencies of target autoware_msgs_generate_messages_eus[0m
[29.457s] [ 33%] Built target autoware_msgs_generate_messages_eus
[29.471s] [35m[1mScanning dependencies of target autoware_msgs_generate_messages_lisp[0m
[29.483s] [ 33%] Built target autoware_msgs_generate_messages_lisp
[29.496s] [35m[1mScanning dependencies of target std_msgs_generate_messages_eus[0m
[29.509s] [ 33%] Built target std_msgs_generate_messages_eus
[29.522s] [35m[1mScanning dependencies of target autoware_msgs_generate_messages_nodejs[0m
[29.535s] [ 33%] Built target autoware_msgs_generate_messages_nodejs
[29.547s] [35m[1mScanning dependencies of target jsk_footstep_msgs_generate_messages_eus[0m
[29.560s] [ 33%] Built target jsk_footstep_msgs_generate_messages_eus
[29.572s] [35m[1mScanning dependencies of target jsk_footstep_msgs_generate_messages_lisp[0m
[29.585s] [ 33%] Built target jsk_footstep_msgs_generate_messages_lisp
[29.598s] [35m[1mScanning dependencies of target jsk_footstep_msgs_generate_messages_nodejs[0m
[29.611s] [ 33%] Built target jsk_footstep_msgs_generate_messages_nodejs
[29.624s] [35m[1mScanning dependencies of target autoware_system_msgs_generate_messages_nodejs[0m
[29.636s] [ 33%] Built target autoware_system_msgs_generate_messages_nodejs
[29.648s] [35m[1mScanning dependencies of target actionlib_msgs_generate_messages_lisp[0m
[29.662s] [ 33%] Built target actionlib_msgs_generate_messages_lisp
[29.674s] [35m[1mScanning dependencies of target jsk_footstep_msgs_generate_messages_cpp[0m
[29.687s] [ 33%] Built target jsk_footstep_msgs_generate_messages_cpp
[29.700s] [35m[1mScanning dependencies of target actionlib_msgs_generate_messages_cpp[0m
[29.712s] [ 33%] Built target actionlib_msgs_generate_messages_cpp
[29.724s] [35m[1mScanning dependencies of target tf_generate_messages_eus[0m
[29.739s] [ 33%] Built target tf_generate_messages_eus
[29.751s] [35m[1mScanning dependencies of target tf_generate_messages_lisp[0m
[29.764s] [ 33%] Built target tf_generate_messages_lisp
[29.777s] [35m[1mScanning dependencies of target tf_generate_messages_nodejs[0m
[29.790s] [ 33%] Built target tf_generate_messages_nodejs
[29.806s] [35m[1mScanning dependencies of target jsk_recognition_msgs_generate_messages_nodejs[0m
[29.819s] [ 33%] Built target jsk_recognition_msgs_generate_messages_nodejs
[29.831s] [35m[1mScanning dependencies of target roscpp_generate_messages_lisp[0m
[29.843s] [ 33%] Built target roscpp_generate_messages_lisp
[29.854s] [35m[1mScanning dependencies of target roscpp_generate_messages_py[0m
[29.867s] [ 33%] Built target roscpp_generate_messages_py
[29.879s] [35m[1mScanning dependencies of target rosgraph_msgs_generate_messages_lisp[0m
[29.891s] [ 33%] Built target rosgraph_msgs_generate_messages_lisp
[29.902s] [35m[1mScanning dependencies of target rosgraph_msgs_generate_messages_nodejs[0m
[29.914s] [ 33%] Built target rosgraph_msgs_generate_messages_nodejs
[29.925s] [35m[1mScanning dependencies of target roscpp_generate_messages_eus[0m
[29.937s] [ 33%] Built target roscpp_generate_messages_eus
[29.948s] [35m[1mScanning dependencies of target actionlib_msgs_generate_messages_eus[0m
[29.960s] [ 33%] Built target actionlib_msgs_generate_messages_eus
[29.972s] [35m[1mScanning dependencies of target rosgraph_msgs_generate_messages_py[0m
[29.984s] [ 33%] Built target rosgraph_msgs_generate_messages_py
[29.996s] [35m[1mScanning dependencies of target pcl_msgs_generate_messages_py[0m
[30.008s] [ 33%] Built target pcl_msgs_generate_messages_py
[30.020s] [35m[1mScanning dependencies of target actionlib_generate_messages_eus[0m
[30.032s] [ 33%] Built target actionlib_generate_messages_eus
[30.044s] [35m[1mScanning dependencies of target geometry_msgs_generate_messages_cpp[0m
[30.056s] [ 33%] Built target geometry_msgs_generate_messages_cpp
[30.068s] [35m[1mScanning dependencies of target actionlib_generate_messages_lisp[0m
[30.080s] [ 33%] Built target actionlib_generate_messages_lisp
[30.092s] [35m[1mScanning dependencies of target pcl_msgs_generate_messages_lisp[0m
[30.104s] [ 33%] Built target pcl_msgs_generate_messages_lisp
[30.116s] [35m[1mScanning dependencies of target tf_generate_messages_cpp[0m
[30.128s] [ 33%] Built target tf_generate_messages_cpp
[30.140s] [35m[1mScanning dependencies of target actionlib_generate_messages_nodejs[0m
[30.151s] [ 33%] Built target actionlib_generate_messages_nodejs
[30.163s] [35m[1mScanning dependencies of target autoware_system_msgs_generate_messages_eus[0m
[30.175s] [ 33%] Built target autoware_system_msgs_generate_messages_eus
[30.188s] [35m[1mScanning dependencies of target actionlib_msgs_generate_messages_py[0m
[30.200s] [ 33%] Built target actionlib_msgs_generate_messages_py
[30.211s] [35m[1mScanning dependencies of target tf2_msgs_generate_messages_eus[0m
[30.223s] [ 33%] Built target tf2_msgs_generate_messages_eus
[30.234s] [35m[1mScanning dependencies of target tf2_msgs_generate_messages_lisp[0m
[30.245s] [ 33%] Built target tf2_msgs_generate_messages_lisp
[30.257s] [35m[1mScanning dependencies of target actionlib_generate_messages_py[0m
[30.268s] [ 33%] Built target actionlib_generate_messages_py
[30.279s] [35m[1mScanning dependencies of target tf2_msgs_generate_messages_py[0m
[30.291s] [ 33%] Built target tf2_msgs_generate_messages_py
[30.303s] [35m[1mScanning dependencies of target autoware_system_msgs_generate_messages_lisp[0m
[30.315s] [ 33%] Built target autoware_system_msgs_generate_messages_lisp
[30.327s] [35m[1mScanning dependencies of target tf2_msgs_generate_messages_nodejs[0m
[30.338s] [ 33%] Built target tf2_msgs_generate_messages_nodejs
[30.350s] [35m[1mScanning dependencies of target sensor_msgs_generate_messages_nodejs[0m
[30.362s] [ 33%] Built target sensor_msgs_generate_messages_nodejs
[30.373s] [35m[1mScanning dependencies of target autoware_system_msgs_generate_messages_py[0m
[30.385s] [ 33%] Built target autoware_system_msgs_generate_messages_py
[30.397s] [35m[1mScanning dependencies of target pcl_msgs_generate_messages_eus[0m
[30.409s] [ 33%] Built target pcl_msgs_generate_messages_eus
[30.421s] [35m[1mScanning dependencies of target actionlib_generate_messages_cpp[0m
[30.438s] [ 33%] Built target actionlib_generate_messages_cpp
[30.447s] [35m[1mScanning dependencies of target roscpp_generate_messages_cpp[0m
[30.460s] [ 33%] Built target roscpp_generate_messages_cpp
[30.472s] [35m[1mScanning dependencies of target geometry_msgs_generate_messages_py[0m
[30.485s] [ 33%] Built target geometry_msgs_generate_messages_py
[30.499s] [35m[1mScanning dependencies of target test-wf_simulator[0m
[30.573s] [ 50%] [32mBuilding CXX object CMakeFiles/test-wf_simulator.dir/test/src/test_wf_simulator.cpp.o[0m
[37.684s] [ 66%] [32mBuilding CXX object CMakeFiles/test-wf_simulator.dir/src/vehicle_model_ros.cpp.o[0m
[44.088s] [ 83%] [32mBuilding CXX object CMakeFiles/test-wf_simulator.dir/src/wf_simulator_core.cpp.o[0m
[52.759s] [100%] [32m[1mLinking CXX executable devel/lib/wf_simulator/test-wf_simulator[0m
[53.064s] [100%] Built target test-wf_simulator
[53.075s] [35m[1mScanning dependencies of target tests[0m
[53.087s] [100%] Built target tests
[53.101s] Invoked command in '/home/yeap/APC_2022_Prac/airsimversion/autoware.ai/build/wf_simulator' returned '0': CMAKE_PREFIX_PATH=/home/yeap/APC_2022_Prac/airsimversion/autoware.ai/install/vehicle_sim_model:/home/yeap/APC_2022_Prac/airsimversion/autoware.ai/install/autoware_health_checker:/home/yeap/APC_2022_Prac/airsimversion/autoware.ai/install/amathutils_lib:/home/yeap/APC_2022_Prac/airsimversion/autoware.ai/install/ros_observer:/home/yeap/APC_2022_Prac/airsimversion/autoware.ai/install/autoware_system_msgs:/home/yeap/APC_2022_Prac/airsimversion/autoware.ai/install/autoware_msgs:/home/yeap/APC_2022_Prac/airsimversion/autoware.ai/install/autoware_build_flags:${CMAKE_PREFIX_PATH} LD_LIBRARY_PATH=/home/yeap/APC_2022_Prac/airsimversion/autoware.ai/install/vehicle_sim_model/lib:/home/yeap/APC_2022_Prac/airsimversion/autoware.ai/install/autoware_health_checker/lib:/home/yeap/APC_2022_Prac/airsimversion/autoware.ai/install/amathutils_lib/lib:/home/yeap/APC_2022_Prac/airsimversion/autoware.ai/install/ros_observer/lib:${LD_LIBRARY_PATH} PKG_CONFIG_PATH=/home/yeap/APC_2022_Prac/airsimversion/autoware.ai/install/vehicle_sim_model/lib/x86_64-linux-gnu/pkgconfig:/home/yeap/APC_2022_Prac/airsimversion/autoware.ai/install/vehicle_sim_model/lib/pkgconfig:/home/yeap/APC_2022_Prac/airsimversion/autoware.ai/install/autoware_health_checker/lib/x86_64-linux-gnu/pkgconfig:/home/yeap/APC_2022_Prac/airsimversion/autoware.ai/install/autoware_health_checker/lib/pkgconfig:/home/yeap/APC_2022_Prac/airsimversion/autoware.ai/install/amathutils_lib/lib/x86_64-linux-gnu/pkgconfig:/home/yeap/APC_2022_Prac/airsimversion/autoware.ai/install/amathutils_lib/lib/pkgconfig:/home/yeap/APC_2022_Prac/airsimversion/autoware.ai/install/ros_observer/lib/x86_64-linux-gnu/pkgconfig:/home/yeap/APC_2022_Prac/airsimversion/autoware.ai/install/ros_observer/lib/pkgconfig:/home/yeap/APC_2022_Prac/airsimversion/autoware.ai/install/autoware_system_msgs/lib/x86_64-linux-gnu/pkgconfig:/home/yeap/APC_2022_Prac/airsimversion/autoware.ai/install/autoware_system_msgs/lib/pkgconfig:/home/yeap/APC_2022_Prac/airsimversion/autoware.ai/install/autoware_msgs/lib/x86_64-linux-gnu/pkgconfig:/home/yeap/APC_2022_Prac/airsimversion/autoware.ai/install/autoware_msgs/lib/pkgconfig:/home/yeap/APC_2022_Prac/airsimversion/autoware.ai/install/autoware_build_flags/lib/x86_64-linux-gnu/pkgconfig:/home/yeap/APC_2022_Prac/airsimversion/autoware.ai/install/autoware_build_flags/lib/pkgconfig:${PKG_CONFIG_PATH} PYTHONPATH=/home/yeap/APC_2022_Prac/airsimversion/autoware.ai/install/autoware_system_msgs/lib/python2.7/dist-packages:/home/yeap/APC_2022_Prac/airsimversion/autoware.ai/install/autoware_msgs/lib/python2.7/dist-packages:${PYTHONPATH} ROS_PACKAGE_PATH=/home/yeap/APC_2022_Prac/airsimversion/autoware.ai/install/vehicle_sim_model/share:/home/yeap/APC_2022_Prac/airsimversion/autoware.ai/install/autoware_health_checker/share:/home/yeap/APC_2022_Prac/airsimversion/autoware.ai/install/amathutils_lib/share:/home/yeap/APC_2022_Prac/airsimversion/autoware.ai/install/ros_observer/share:/home/yeap/APC_2022_Prac/airsimversion/autoware.ai/install/autoware_system_msgs/share:/home/yeap/APC_2022_Prac/airsimversion/autoware.ai/install/autoware_msgs/share:/home/yeap/APC_2022_Prac/airsimversion/autoware.ai/install/autoware_build_flags/share:${ROS_PACKAGE_PATH} /usr/bin/cmake --build /home/yeap/APC_2022_Prac/airsimversion/autoware.ai/build/wf_simulator --target tests -- -j6 -l6
[53.233s] Invoking command in '/home/yeap/APC_2022_Prac/airsimversion/autoware.ai/build/wf_simulator': CMAKE_PREFIX_PATH=/home/yeap/APC_2022_Prac/airsimversion/autoware.ai/install/vehicle_sim_model:/home/yeap/APC_2022_Prac/airsimversion/autoware.ai/install/autoware_health_checker:/home/yeap/APC_2022_Prac/airsimversion/autoware.ai/install/amathutils_lib:/home/yeap/APC_2022_Prac/airsimversion/autoware.ai/install/ros_observer:/home/yeap/APC_2022_Prac/airsimversion/autoware.ai/install/autoware_system_msgs:/home/yeap/APC_2022_Prac/airsimversion/autoware.ai/install/autoware_msgs:/home/yeap/APC_2022_Prac/airsimversion/autoware.ai/install/autoware_build_flags:${CMAKE_PREFIX_PATH} LD_LIBRARY_PATH=/home/yeap/APC_2022_Prac/airsimversion/autoware.ai/install/vehicle_sim_model/lib:/home/yeap/APC_2022_Prac/airsimversion/autoware.ai/install/autoware_health_checker/lib:/home/yeap/APC_2022_Prac/airsimversion/autoware.ai/install/amathutils_lib/lib:/home/yeap/APC_2022_Prac/airsimversion/autoware.ai/install/ros_observer/lib:${LD_LIBRARY_PATH} PKG_CONFIG_PATH=/home/yeap/APC_2022_Prac/airsimversion/autoware.ai/install/vehicle_sim_model/lib/x86_64-linux-gnu/pkgconfig:/home/yeap/APC_2022_Prac/airsimversion/autoware.ai/install/vehicle_sim_model/lib/pkgconfig:/home/yeap/APC_2022_Prac/airsimversion/autoware.ai/install/autoware_health_checker/lib/x86_64-linux-gnu/pkgconfig:/home/yeap/APC_2022_Prac/airsimversion/autoware.ai/install/autoware_health_checker/lib/pkgconfig:/home/yeap/APC_2022_Prac/airsimversion/autoware.ai/install/amathutils_lib/lib/x86_64-linux-gnu/pkgconfig:/home/yeap/APC_2022_Prac/airsimversion/autoware.ai/install/amathutils_lib/lib/pkgconfig:/home/yeap/APC_2022_Prac/airsimversion/autoware.ai/install/ros_observer/lib/x86_64-linux-gnu/pkgconfig:/home/yeap/APC_2022_Prac/airsimversion/autoware.ai/install/ros_observer/lib/pkgconfig:/home/yeap/APC_2022_Prac/airsimversion/autoware.ai/install/autoware_system_msgs/lib/x86_64-linux-gnu/pkgconfig:/home/yeap/APC_2022_Prac/airsimversion/autoware.ai/install/autoware_system_msgs/lib/pkgconfig:/home/yeap/APC_2022_Prac/airsimversion/autoware.ai/install/autoware_msgs/lib/x86_64-linux-gnu/pkgconfig:/home/yeap/APC_2022_Prac/airsimversion/autoware.ai/install/autoware_msgs/lib/pkgconfig:/home/yeap/APC_2022_Prac/airsimversion/autoware.ai/install/autoware_build_flags/lib/x86_64-linux-gnu/pkgconfig:/home/yeap/APC_2022_Prac/airsimversion/autoware.ai/install/autoware_build_flags/lib/pkgconfig:${PKG_CONFIG_PATH} PYTHONPATH=/home/yeap/APC_2022_Prac/airsimversion/autoware.ai/install/autoware_system_msgs/lib/python2.7/dist-packages:/home/yeap/APC_2022_Prac/airsimversion/autoware.ai/install/autoware_msgs/lib/python2.7/dist-packages:${PYTHONPATH} ROS_PACKAGE_PATH=/home/yeap/APC_2022_Prac/airsimversion/autoware.ai/install/vehicle_sim_model/share:/home/yeap/APC_2022_Prac/airsimversion/autoware.ai/install/autoware_health_checker/share:/home/yeap/APC_2022_Prac/airsimversion/autoware.ai/install/amathutils_lib/share:/home/yeap/APC_2022_Prac/airsimversion/autoware.ai/install/ros_observer/share:/home/yeap/APC_2022_Prac/airsimversion/autoware.ai/install/autoware_system_msgs/share:/home/yeap/APC_2022_Prac/airsimversion/autoware.ai/install/autoware_msgs/share:/home/yeap/APC_2022_Prac/airsimversion/autoware.ai/install/autoware_build_flags/share:${ROS_PACKAGE_PATH} /usr/bin/cmake --build /home/yeap/APC_2022_Prac/airsimversion/autoware.ai/build/wf_simulator --target install -- -j6 -l6
[53.305s] [100%] Built target wf_simulator
[53.328s] [36mInstall the project...[0m
[53.339s] -- Install configuration: "Release"
[53.340s] -- Installing: /home/yeap/APC_2022_Prac/airsimversion/autoware.ai/install/wf_simulator/lib/pkgconfig/wf_simulator.pc
[53.340s] -- Installing: /home/yeap/APC_2022_Prac/airsimversion/autoware.ai/install/wf_simulator/share/wf_simulator/cmake/wf_simulatorConfig.cmake
[53.341s] -- Installing: /home/yeap/APC_2022_Prac/airsimversion/autoware.ai/install/wf_simulator/share/wf_simulator/cmake/wf_simulatorConfig-version.cmake
[53.341s] -- Installing: /home/yeap/APC_2022_Prac/airsimversion/autoware.ai/install/wf_simulator/share/wf_simulator/package.xml
[53.341s] -- Installing: /home/yeap/APC_2022_Prac/airsimversion/autoware.ai/install/wf_simulator/lib/wf_simulator/wf_simulator
[53.346s] -- Set runtime path of "/home/yeap/APC_2022_Prac/airsimversion/autoware.ai/install/wf_simulator/lib/wf_simulator/wf_simulator" to ""
[53.346s] -- Installing: /home/yeap/APC_2022_Prac/airsimversion/autoware.ai/install/wf_simulator/include/wf_simulator
[53.346s] -- Installing: /home/yeap/APC_2022_Prac/airsimversion/autoware.ai/install/wf_simulator/include/wf_simulator/wf_simulator_core.h
[53.346s] -- Installing: /home/yeap/APC_2022_Prac/airsimversion/autoware.ai/install/wf_simulator/include/wf_simulator/vehicle_model_ros.h
[53.347s] -- Installing: /home/yeap/APC_2022_Prac/airsimversion/autoware.ai/install/wf_simulator/share/wf_simulator/launch
[53.347s] -- Installing: /home/yeap/APC_2022_Prac/airsimversion/autoware.ai/install/wf_simulator/share/wf_simulator/launch/wf_simulator.launch
[53.355s] Invoked command in '/home/yeap/APC_2022_Prac/airsimversion/autoware.ai/build/wf_simulator' returned '0': CMAKE_PREFIX_PATH=/home/yeap/APC_2022_Prac/airsimversion/autoware.ai/install/vehicle_sim_model:/home/yeap/APC_2022_Prac/airsimversion/autoware.ai/install/autoware_health_checker:/home/yeap/APC_2022_Prac/airsimversion/autoware.ai/install/amathutils_lib:/home/yeap/APC_2022_Prac/airsimversion/autoware.ai/install/ros_observer:/home/yeap/APC_2022_Prac/airsimversion/autoware.ai/install/autoware_system_msgs:/home/yeap/APC_2022_Prac/airsimversion/autoware.ai/install/autoware_msgs:/home/yeap/APC_2022_Prac/airsimversion/autoware.ai/install/autoware_build_flags:${CMAKE_PREFIX_PATH} LD_LIBRARY_PATH=/home/yeap/APC_2022_Prac/airsimversion/autoware.ai/install/vehicle_sim_model/lib:/home/yeap/APC_2022_Prac/airsimversion/autoware.ai/install/autoware_health_checker/lib:/home/yeap/APC_2022_Prac/airsimversion/autoware.ai/install/amathutils_lib/lib:/home/yeap/APC_2022_Prac/airsimversion/autoware.ai/install/ros_observer/lib:${LD_LIBRARY_PATH} PKG_CONFIG_PATH=/home/yeap/APC_2022_Prac/airsimversion/autoware.ai/install/vehicle_sim_model/lib/x86_64-linux-gnu/pkgconfig:/home/yeap/APC_2022_Prac/airsimversion/autoware.ai/install/vehicle_sim_model/lib/pkgconfig:/home/yeap/APC_2022_Prac/airsimversion/autoware.ai/install/autoware_health_checker/lib/x86_64-linux-gnu/pkgconfig:/home/yeap/APC_2022_Prac/airsimversion/autoware.ai/install/autoware_health_checker/lib/pkgconfig:/home/yeap/APC_2022_Prac/airsimversion/autoware.ai/install/amathutils_lib/lib/x86_64-linux-gnu/pkgconfig:/home/yeap/APC_2022_Prac/airsimversion/autoware.ai/install/amathutils_lib/lib/pkgconfig:/home/yeap/APC_2022_Prac/airsimversion/autoware.ai/install/ros_observer/lib/x86_64-linux-gnu/pkgconfig:/home/yeap/APC_2022_Prac/airsimversion/autoware.ai/install/ros_observer/lib/pkgconfig:/home/yeap/APC_2022_Prac/airsimversion/autoware.ai/install/autoware_system_msgs/lib/x86_64-linux-gnu/pkgconfig:/home/yeap/APC_2022_Prac/airsimversion/autoware.ai/install/autoware_system_msgs/lib/pkgconfig:/home/yeap/APC_2022_Prac/airsimversion/autoware.ai/install/autoware_msgs/lib/x86_64-linux-gnu/pkgconfig:/home/yeap/APC_2022_Prac/airsimversion/autoware.ai/install/autoware_msgs/lib/pkgconfig:/home/yeap/APC_2022_Prac/airsimversion/autoware.ai/install/autoware_build_flags/lib/x86_64-linux-gnu/pkgconfig:/home/yeap/APC_2022_Prac/airsimversion/autoware.ai/install/autoware_build_flags/lib/pkgconfig:${PKG_CONFIG_PATH} PYTHONPATH=/home/yeap/APC_2022_Prac/airsimversion/autoware.ai/install/autoware_system_msgs/lib/python2.7/dist-packages:/home/yeap/APC_2022_Prac/airsimversion/autoware.ai/install/autoware_msgs/lib/python2.7/dist-packages:${PYTHONPATH} ROS_PACKAGE_PATH=/home/yeap/APC_2022_Prac/airsimversion/autoware.ai/install/vehicle_sim_model/share:/home/yeap/APC_2022_Prac/airsimversion/autoware.ai/install/autoware_health_checker/share:/home/yeap/APC_2022_Prac/airsimversion/autoware.ai/install/amathutils_lib/share:/home/yeap/APC_2022_Prac/airsimversion/autoware.ai/install/ros_observer/share:/home/yeap/APC_2022_Prac/airsimversion/autoware.ai/install/autoware_system_msgs/share:/home/yeap/APC_2022_Prac/airsimversion/autoware.ai/install/autoware_msgs/share:/home/yeap/APC_2022_Prac/airsimversion/autoware.ai/install/autoware_build_flags/share:${ROS_PACKAGE_PATH} /usr/bin/cmake --build /home/yeap/APC_2022_Prac/airsimversion/autoware.ai/build/wf_simulator --target install -- -j6 -l6
