[0.019s] Invoking command in '/home/yeap/APC_2022_Prac/airsimversion/autoware.ai/build/rosbag_controller': /usr/bin/cmake /home/yeap/APC_2022_Prac/airsimversion/autoware.ai/src/autoware/utilities/rosbag_controller -DCMAKE_BUILD_TYPE=Release -DCATKIN_INSTALL_INTO_PREFIX_ROOT=0 -DCMAKE_INSTALL_PREFIX=/home/yeap/APC_2022_Prac/airsimversion/autoware.ai/install/rosbag_controller
[0.083s] -- The C compiler identification is GNU 7.5.0
[0.151s] -- The CXX compiler identification is GNU 7.5.0
[0.156s] -- Check for working C compiler: /usr/bin/cc
[0.227s] -- Check for working C compiler: /usr/bin/cc -- works
[0.227s] -- Detecting C compiler ABI info
[0.297s] -- Detecting C compiler ABI info - done
[0.306s] -- Detecting C compile features
[0.519s] -- Detecting C compile features - done
[0.522s] -- Check for working CXX compiler: /usr/bin/c++
[0.605s] -- Check for working CXX compiler: /usr/bin/c++ -- works
[0.610s] -- Detecting CXX compiler ABI info
[0.688s] -- Detecting CXX compiler ABI info - done
[0.697s] -- Detecting CXX compile features
[1.082s] -- Detecting CXX compile features - done
[1.084s] -- Using CATKIN_DEVEL_PREFIX: /home/yeap/APC_2022_Prac/airsimversion/autoware.ai/build/rosbag_controller/devel
[1.085s] -- Using CMAKE_PREFIX_PATH: /opt/ros/melodic
[1.085s] -- This workspace overlays: /opt/ros/melodic
[1.100s] -- Found PythonInterp: /usr/bin/python2 (found suitable version "2.7.17", minimum required is "2") 
[1.100s] -- Using PYTHON_EXECUTABLE: /usr/bin/python2
[1.102s] -- Using Debian Python package layout
[1.102s] -- Using empy: /usr/bin/empy
[1.274s] -- Using CATKIN_ENABLE_TESTING: ON
[1.275s] -- Call enable_testing()
[1.281s] -- Using CATKIN_TEST_RESULTS_DIR: /home/yeap/APC_2022_Prac/airsimversion/autoware.ai/build/rosbag_controller/test_results
[1.300s] -- Found gtest sources under '/usr/src/googletest': gtests will be built
[1.300s] -- Found gmock sources under '/usr/src/googletest': gmock will be built
[1.316s] -- Found PythonInterp: /usr/bin/python2 (found version "2.7.17") 
[1.317s] -- Looking for pthread.h
[1.390s] -- Looking for pthread.h - found
[1.393s] -- Looking for pthread_create
[1.467s] -- Looking for pthread_create - not found
[1.467s] -- Looking for pthread_create in pthreads
[1.530s] -- Looking for pthread_create in pthreads - not found
[1.535s] -- Looking for pthread_create in pthread
[1.606s] -- Looking for pthread_create in pthread - found
[1.608s] -- Found Threads: TRUE  
[1.612s] -- Using Python nosetests: /usr/bin/nosetests-2.7
[1.662s] -- catkin 0.7.29
[1.663s] -- BUILD_SHARED_LIBS is on
[1.923s] -- Using these message generators: gencpp;geneus;genlisp;gennodejs;genpy
[2.172s] -- Using Qt5 based on the rviz_QT_VERSION: 5.9.5
[2.272s] -- Boost version: 1.65.1
[2.272s] -- Found the following Boost libraries:
[2.272s] --   date_time
[2.273s] --   filesystem
[2.273s] --   program_options
[2.273s] --   regex
[2.273s] --   thread
[2.273s] --   system
[2.273s] --   chrono
[2.273s] --   atomic
[2.281s] -- Found BZip2: /usr/lib/x86_64-linux-gnu/libbz2.so (found version "1.0.6") 
[2.282s] -- Looking for BZ2_bzCompressInit
[2.363s] -- Looking for BZ2_bzCompressInit - found
[2.515s] -- Checking to see if CXX compiler accepts flag -Wl,--version-script,"/home/yeap/APC_2022_Prac/airsimversion/autoware.ai/build/rosbag_controller/class_loader_hide_library_symbols__rosbag_controller.script"
[2.602s] -- Checking to see if CXX compiler accepts flag -Wl,--version-script,"/home/yeap/APC_2022_Prac/airsimversion/autoware.ai/build/rosbag_controller/class_loader_hide_library_symbols__rosbag_controller.script" - yes
[2.605s] -- Configuring done
[2.647s] -- Generating done
[2.659s] -- Build files have been written to: /home/yeap/APC_2022_Prac/airsimversion/autoware.ai/build/rosbag_controller
[2.669s] Invoked command in '/home/yeap/APC_2022_Prac/airsimversion/autoware.ai/build/rosbag_controller' returned '0': /usr/bin/cmake /home/yeap/APC_2022_Prac/airsimversion/autoware.ai/src/autoware/utilities/rosbag_controller -DCMAKE_BUILD_TYPE=Release -DCATKIN_INSTALL_INTO_PREFIX_ROOT=0 -DCMAKE_INSTALL_PREFIX=/home/yeap/APC_2022_Prac/airsimversion/autoware.ai/install/rosbag_controller
[2.670s] Invoking command in '/home/yeap/APC_2022_Prac/airsimversion/autoware.ai/build/rosbag_controller': /usr/bin/cmake --build /home/yeap/APC_2022_Prac/airsimversion/autoware.ai/build/rosbag_controller -- -j6 -l6
[2.720s] [ 16%] [34m[1mGenerating ui_autoware_rosbag_plugin.h[0m
[2.746s] [ 33%] [34m[1mGenerating src/moc_autoware_rosbag_plugin.cpp[0m
[3.628s] [35m[1mScanning dependencies of target rosbag_controller[0m
[3.693s] [ 50%] [32mBuilding CXX object CMakeFiles/rosbag_controller.dir/src/moc_autoware_rosbag_plugin.cpp.o[0m
[11.637s] [ 66%] [32mBuilding CXX object CMakeFiles/rosbag_controller.dir/src/autoware_rosbag_plugin.cpp.o[0m
[22.403s] [ 83%] [32mBuilding CXX object CMakeFiles/rosbag_controller.dir/src/core/recorder.cpp.o[0m
[33.317s] [100%] [32m[1mLinking CXX shared library devel/lib/librosbag_controller.so[0m
[34.392s] [100%] Built target rosbag_controller
[34.407s] Invoked command in '/home/yeap/APC_2022_Prac/airsimversion/autoware.ai/build/rosbag_controller' returned '0': /usr/bin/cmake --build /home/yeap/APC_2022_Prac/airsimversion/autoware.ai/build/rosbag_controller -- -j6 -l6
[34.558s] Invoking command in '/home/yeap/APC_2022_Prac/airsimversion/autoware.ai/build/rosbag_controller': /usr/bin/cmake --build /home/yeap/APC_2022_Prac/airsimversion/autoware.ai/build/rosbag_controller --target tests -- -j6 -l6
[34.621s] [35m[1mScanning dependencies of target tests[0m
[34.643s] Built target tests
[34.657s] Invoked command in '/home/yeap/APC_2022_Prac/airsimversion/autoware.ai/build/rosbag_controller' returned '0': /usr/bin/cmake --build /home/yeap/APC_2022_Prac/airsimversion/autoware.ai/build/rosbag_controller --target tests -- -j6 -l6
[34.756s] Invoking command in '/home/yeap/APC_2022_Prac/airsimversion/autoware.ai/build/rosbag_controller': /usr/bin/cmake --build /home/yeap/APC_2022_Prac/airsimversion/autoware.ai/build/rosbag_controller --target install -- -j6 -l6
[34.829s] [100%] Built target rosbag_controller
[34.852s] [36mInstall the project...[0m
[34.861s] -- Install configuration: "Release"
[34.862s] -- Installing: /home/yeap/APC_2022_Prac/airsimversion/autoware.ai/install/rosbag_controller/lib/pkgconfig/rosbag_controller.pc
[34.862s] -- Installing: /home/yeap/APC_2022_Prac/airsimversion/autoware.ai/install/rosbag_controller/share/rosbag_controller/cmake/rosbag_controllerConfig.cmake
[34.862s] -- Installing: /home/yeap/APC_2022_Prac/airsimversion/autoware.ai/install/rosbag_controller/share/rosbag_controller/cmake/rosbag_controllerConfig-version.cmake
[34.862s] -- Installing: /home/yeap/APC_2022_Prac/airsimversion/autoware.ai/install/rosbag_controller/share/rosbag_controller/package.xml
[34.862s] -- Installing: /home/yeap/APC_2022_Prac/airsimversion/autoware.ai/install/rosbag_controller/lib/librosbag_controller.so
[34.869s] -- Set runtime path of "/home/yeap/APC_2022_Prac/airsimversion/autoware.ai/install/rosbag_controller/lib/librosbag_controller.so" to ""
[34.869s] -- Installing: /home/yeap/APC_2022_Prac/airsimversion/autoware.ai/install/rosbag_controller/share/rosbag_controller/plugin_description.xml
[34.875s] Invoked command in '/home/yeap/APC_2022_Prac/airsimversion/autoware.ai/build/rosbag_controller' returned '0': /usr/bin/cmake --build /home/yeap/APC_2022_Prac/airsimversion/autoware.ai/build/rosbag_controller --target install -- -j6 -l6
