[0.026s] Invoking command in '/home/yeap/APC_2022_Prac/airsimversion/autoware.ai/build/lidar_naive_l_shape_detect': CMAKE_PREFIX_PATH=/home/yeap/APC_2022_Prac/airsimversion/autoware.ai/install/autoware_msgs:/home/yeap/APC_2022_Prac/airsimversion/autoware.ai/install/autoware_build_flags:${CMAKE_PREFIX_PATH} PKG_CONFIG_PATH=/home/yeap/APC_2022_Prac/airsimversion/autoware.ai/install/autoware_msgs/lib/x86_64-linux-gnu/pkgconfig:/home/yeap/APC_2022_Prac/airsimversion/autoware.ai/install/autoware_msgs/lib/pkgconfig:/home/yeap/APC_2022_Prac/airsimversion/autoware.ai/install/autoware_build_flags/lib/x86_64-linux-gnu/pkgconfig:/home/yeap/APC_2022_Prac/airsimversion/autoware.ai/install/autoware_build_flags/lib/pkgconfig:${PKG_CONFIG_PATH} PYTHONPATH=/home/yeap/APC_2022_Prac/airsimversion/autoware.ai/install/autoware_msgs/lib/python2.7/dist-packages:${PYTHONPATH} ROS_PACKAGE_PATH=/home/yeap/APC_2022_Prac/airsimversion/autoware.ai/install/autoware_msgs/share:/home/yeap/APC_2022_Prac/airsimversion/autoware.ai/install/autoware_build_flags/share:${ROS_PACKAGE_PATH} /usr/bin/cmake /home/yeap/APC_2022_Prac/airsimversion/autoware.ai/src/autoware/core_perception/lidar_naive_l_shape_detect -DCMAKE_BUILD_TYPE=Release -DCATKIN_INSTALL_INTO_PREFIX_ROOT=0 -DCMAKE_INSTALL_PREFIX=/home/yeap/APC_2022_Prac/airsimversion/autoware.ai/install/lidar_naive_l_shape_detect
[0.099s] -- The C compiler identification is GNU 7.5.0
[0.166s] -- The CXX compiler identification is GNU 7.5.0
[0.171s] -- Check for working C compiler: /usr/bin/cc
[0.243s] -- Check for working C compiler: /usr/bin/cc -- works
[0.244s] -- Detecting C compiler ABI info
[0.321s] -- Detecting C compiler ABI info - done
[0.332s] -- Detecting C compile features
[0.568s] -- Detecting C compile features - done
[0.571s] -- Check for working CXX compiler: /usr/bin/c++
[0.657s] -- Check for working CXX compiler: /usr/bin/c++ -- works
[0.658s] -- Detecting CXX compiler ABI info
[0.747s] -- Detecting CXX compiler ABI info - done
[0.756s] -- Detecting CXX compile features
[1.155s] -- Detecting CXX compile features - done
[1.157s] -- CUDA compilation status: .
[1.159s] -- Using CATKIN_DEVEL_PREFIX: /home/yeap/APC_2022_Prac/airsimversion/autoware.ai/build/lidar_naive_l_shape_detect/devel
[1.160s] -- Using CMAKE_PREFIX_PATH: /home/yeap/APC_2022_Prac/airsimversion/autoware.ai/install/autoware_msgs;/home/yeap/APC_2022_Prac/airsimversion/autoware.ai/install/autoware_build_flags;/opt/ros/melodic
[1.160s] -- This workspace overlays: /home/yeap/APC_2022_Prac/airsimversion/autoware.ai/install/autoware_msgs;/home/yeap/APC_2022_Prac/airsimversion/autoware.ai/install/autoware_build_flags;/opt/ros/melodic
[1.176s] -- Found PythonInterp: /usr/bin/python2 (found suitable version "2.7.17", minimum required is "2") 
[1.177s] -- Using PYTHON_EXECUTABLE: /usr/bin/python2
[1.177s] -- Using Debian Python package layout
[1.177s] -- Using empy: /usr/bin/empy
[1.365s] -- Using CATKIN_ENABLE_TESTING: ON
[1.365s] -- Call enable_testing()
[1.368s] -- Using CATKIN_TEST_RESULTS_DIR: /home/yeap/APC_2022_Prac/airsimversion/autoware.ai/build/lidar_naive_l_shape_detect/test_results
[1.395s] -- Found gtest sources under '/usr/src/googletest': gtests will be built
[1.395s] -- Found gmock sources under '/usr/src/googletest': gmock will be built
[1.412s] -- Found PythonInterp: /usr/bin/python2 (found version "2.7.17") 
[1.414s] -- Looking for pthread.h
[1.492s] -- Looking for pthread.h - found
[1.492s] -- Looking for pthread_create
[1.572s] -- Looking for pthread_create - not found
[1.572s] -- Looking for pthread_create in pthreads
[1.635s] -- Looking for pthread_create in pthreads - not found
[1.635s] -- Looking for pthread_create in pthread
[1.713s] -- Looking for pthread_create in pthread - found
[1.716s] -- Found Threads: TRUE  
[1.718s] -- Using Python nosetests: /usr/bin/nosetests-2.7
[1.768s] -- catkin 0.7.29
[1.768s] -- BUILD_SHARED_LIBS is on
[1.925s] -- Using these message generators: gencpp;geneus;genlisp;gennodejs;genpy
[2.873s] -- Found OpenCV: /usr (found version "3.2.0") 
[3.018s] -- Configuring done
[3.095s] -- Generating done
[3.114s] -- Build files have been written to: /home/yeap/APC_2022_Prac/airsimversion/autoware.ai/build/lidar_naive_l_shape_detect
[3.123s] Invoked command in '/home/yeap/APC_2022_Prac/airsimversion/autoware.ai/build/lidar_naive_l_shape_detect' returned '0': CMAKE_PREFIX_PATH=/home/yeap/APC_2022_Prac/airsimversion/autoware.ai/install/autoware_msgs:/home/yeap/APC_2022_Prac/airsimversion/autoware.ai/install/autoware_build_flags:${CMAKE_PREFIX_PATH} PKG_CONFIG_PATH=/home/yeap/APC_2022_Prac/airsimversion/autoware.ai/install/autoware_msgs/lib/x86_64-linux-gnu/pkgconfig:/home/yeap/APC_2022_Prac/airsimversion/autoware.ai/install/autoware_msgs/lib/pkgconfig:/home/yeap/APC_2022_Prac/airsimversion/autoware.ai/install/autoware_build_flags/lib/x86_64-linux-gnu/pkgconfig:/home/yeap/APC_2022_Prac/airsimversion/autoware.ai/install/autoware_build_flags/lib/pkgconfig:${PKG_CONFIG_PATH} PYTHONPATH=/home/yeap/APC_2022_Prac/airsimversion/autoware.ai/install/autoware_msgs/lib/python2.7/dist-packages:${PYTHONPATH} ROS_PACKAGE_PATH=/home/yeap/APC_2022_Prac/airsimversion/autoware.ai/install/autoware_msgs/share:/home/yeap/APC_2022_Prac/airsimversion/autoware.ai/install/autoware_build_flags/share:${ROS_PACKAGE_PATH} /usr/bin/cmake /home/yeap/APC_2022_Prac/airsimversion/autoware.ai/src/autoware/core_perception/lidar_naive_l_shape_detect -DCMAKE_BUILD_TYPE=Release -DCATKIN_INSTALL_INTO_PREFIX_ROOT=0 -DCMAKE_INSTALL_PREFIX=/home/yeap/APC_2022_Prac/airsimversion/autoware.ai/install/lidar_naive_l_shape_detect
[3.124s] Invoking command in '/home/yeap/APC_2022_Prac/airsimversion/autoware.ai/build/lidar_naive_l_shape_detect': CMAKE_PREFIX_PATH=/home/yeap/APC_2022_Prac/airsimversion/autoware.ai/install/autoware_msgs:/home/yeap/APC_2022_Prac/airsimversion/autoware.ai/install/autoware_build_flags:${CMAKE_PREFIX_PATH} PKG_CONFIG_PATH=/home/yeap/APC_2022_Prac/airsimversion/autoware.ai/install/autoware_msgs/lib/x86_64-linux-gnu/pkgconfig:/home/yeap/APC_2022_Prac/airsimversion/autoware.ai/install/autoware_msgs/lib/pkgconfig:/home/yeap/APC_2022_Prac/airsimversion/autoware.ai/install/autoware_build_flags/lib/x86_64-linux-gnu/pkgconfig:/home/yeap/APC_2022_Prac/airsimversion/autoware.ai/install/autoware_build_flags/lib/pkgconfig:${PKG_CONFIG_PATH} PYTHONPATH=/home/yeap/APC_2022_Prac/airsimversion/autoware.ai/install/autoware_msgs/lib/python2.7/dist-packages:${PYTHONPATH} ROS_PACKAGE_PATH=/home/yeap/APC_2022_Prac/airsimversion/autoware.ai/install/autoware_msgs/share:/home/yeap/APC_2022_Prac/airsimversion/autoware.ai/install/autoware_build_flags/share:${ROS_PACKAGE_PATH} /usr/bin/cmake --build /home/yeap/APC_2022_Prac/airsimversion/autoware.ai/build/lidar_naive_l_shape_detect -- -j6 -l6
[3.170s] [35m[1mScanning dependencies of target std_srvs_generate_messages_lisp[0m
[3.181s] [  0%] Built target std_srvs_generate_messages_lisp
[3.192s] [35m[1mScanning dependencies of target actionlib_generate_messages_py[0m
[3.203s] [  0%] Built target actionlib_generate_messages_py
[3.215s] [35m[1mScanning dependencies of target actionlib_generate_messages_cpp[0m
[3.226s] [  0%] Built target actionlib_generate_messages_cpp
[3.237s] [35m[1mScanning dependencies of target tf_generate_messages_nodejs[0m
[3.248s] [  0%] Built target tf_generate_messages_nodejs
[3.259s] [35m[1mScanning dependencies of target tf_generate_messages_lisp[0m
[3.269s] [  0%] Built target tf_generate_messages_lisp
[3.280s] [35m[1mScanning dependencies of target topic_tools_generate_messages_nodejs[0m
[3.291s] [  0%] Built target topic_tools_generate_messages_nodejs
[3.301s] [35m[1mScanning dependencies of target topic_tools_generate_messages_eus[0m
[3.312s] [  0%] Built target topic_tools_generate_messages_eus
[3.323s] [35m[1mScanning dependencies of target topic_tools_generate_messages_cpp[0m
[3.335s] [  0%] Built target topic_tools_generate_messages_cpp
[3.344s] [35m[1mScanning dependencies of target std_srvs_generate_messages_py[0m
[3.356s] [  0%] Built target std_srvs_generate_messages_py
[3.367s] [35m[1mScanning dependencies of target geometry_msgs_generate_messages_py[0m
[3.380s] [  0%] Built target geometry_msgs_generate_messages_py
[3.392s] [35m[1mScanning dependencies of target sensor_msgs_generate_messages_nodejs[0m
[3.404s] [  0%] Built target sensor_msgs_generate_messages_nodejs
[3.416s] [35m[1mScanning dependencies of target roscpp_generate_messages_cpp[0m
[3.428s] [  0%] Built target roscpp_generate_messages_cpp
[3.440s] [35m[1mScanning dependencies of target pcl_msgs_generate_messages_eus[0m
[3.452s] [  0%] Built target pcl_msgs_generate_messages_eus
[3.464s] [35m[1mScanning dependencies of target rosgraph_msgs_generate_messages_eus[0m
[3.475s] [  0%] Built target rosgraph_msgs_generate_messages_eus
[3.487s] [35m[1mScanning dependencies of target jsk_recognition_msgs_generate_messages_lisp[0m
[3.499s] [  0%] Built target jsk_recognition_msgs_generate_messages_lisp
[3.511s] [35m[1mScanning dependencies of target jsk_recognition_msgs_generate_messages_eus[0m
[3.525s] [  0%] Built target jsk_recognition_msgs_generate_messages_eus
[3.534s] [35m[1mScanning dependencies of target std_msgs_generate_messages_py[0m
[3.545s] [  0%] Built target std_msgs_generate_messages_py
[3.556s] [35m[1mScanning dependencies of target std_msgs_generate_messages_nodejs[0m
[3.567s] [  0%] Built target std_msgs_generate_messages_nodejs
[3.579s] [35m[1mScanning dependencies of target bond_generate_messages_lisp[0m
[3.591s] [  0%] Built target bond_generate_messages_lisp
[3.603s] [35m[1mScanning dependencies of target sensor_msgs_generate_messages_eus[0m
[3.615s] [  0%] Built target sensor_msgs_generate_messages_eus
[3.627s] [35m[1mScanning dependencies of target sensor_msgs_generate_messages_cpp[0m
[3.645s] [  0%] Built target sensor_msgs_generate_messages_cpp
[3.656s] [35m[1mScanning dependencies of target autoware_msgs_generate_messages_cpp[0m
[3.668s] [  0%] Built target autoware_msgs_generate_messages_cpp
[3.695s] [35m[1mScanning dependencies of target tf_generate_messages_py[0m
[3.709s] [  0%] Built target tf_generate_messages_py
[3.720s] [35m[1mScanning dependencies of target dynamic_reconfigure_generate_messages_cpp[0m
[3.732s] [  0%] Built target dynamic_reconfigure_generate_messages_cpp
[3.743s] [35m[1mScanning dependencies of target rosgraph_msgs_generate_messages_cpp[0m
[3.755s] [  0%] Built target rosgraph_msgs_generate_messages_cpp
[3.766s] [35m[1mScanning dependencies of target pcl_msgs_generate_messages_nodejs[0m
[3.778s] [  0%] Built target pcl_msgs_generate_messages_nodejs
[3.790s] [35m[1mScanning dependencies of target nodelet_generate_messages_nodejs[0m
[3.801s] [  0%] Built target nodelet_generate_messages_nodejs
[3.816s] [35m[1mScanning dependencies of target jsk_recognition_msgs_generate_messages_py[0m
[3.827s] [  0%] Built target jsk_recognition_msgs_generate_messages_py
[3.838s] [35m[1mScanning dependencies of target sensor_msgs_generate_messages_lisp[0m
[3.852s] [  0%] Built target sensor_msgs_generate_messages_lisp
[3.868s] [35m[1mScanning dependencies of target std_msgs_generate_messages_cpp[0m
[3.879s] [  0%] Built target std_msgs_generate_messages_cpp
[3.897s] [35m[1mScanning dependencies of target jsk_footstep_msgs_generate_messages_py[0m
[3.910s] [  0%] Built target jsk_footstep_msgs_generate_messages_py
[3.922s] [35m[1mScanning dependencies of target sensor_msgs_generate_messages_py[0m
[3.933s] [  0%] Built target sensor_msgs_generate_messages_py
[3.944s] [35m[1mScanning dependencies of target nodelet_generate_messages_py[0m
[3.955s] [  0%] Built target nodelet_generate_messages_py
[3.974s] [35m[1mScanning dependencies of target geometry_msgs_generate_messages_eus[0m
[3.978s] [  0%] Built target geometry_msgs_generate_messages_eus
[3.989s] [35m[1mScanning dependencies of target std_msgs_generate_messages_lisp[0m
[4.001s] [  0%] Built target std_msgs_generate_messages_lisp
[4.013s] [35m[1mScanning dependencies of target roscpp_generate_messages_nodejs[0m
[4.025s] [  0%] Built target roscpp_generate_messages_nodejs
[4.037s] [35m[1mScanning dependencies of target geometry_msgs_generate_messages_nodejs[0m
[4.048s] [  0%] Built target geometry_msgs_generate_messages_nodejs
[4.059s] [35m[1mScanning dependencies of target actionlib_generate_messages_eus[0m
[4.071s] [  0%] Built target actionlib_generate_messages_eus
[4.083s] [35m[1mScanning dependencies of target pcl_msgs_generate_messages_py[0m
[4.094s] [  0%] Built target pcl_msgs_generate_messages_py
[4.106s] [35m[1mScanning dependencies of target geometry_msgs_generate_messages_lisp[0m
[4.118s] [  0%] Built target geometry_msgs_generate_messages_lisp
[4.129s] [35m[1mScanning dependencies of target actionlib_generate_messages_lisp[0m
[4.141s] [  0%] Built target actionlib_generate_messages_lisp
[4.152s] [35m[1mScanning dependencies of target geometry_msgs_generate_messages_cpp[0m
[4.163s] [  0%] Built target geometry_msgs_generate_messages_cpp
[4.173s] [35m[1mScanning dependencies of target pcl_msgs_generate_messages_cpp[0m
[4.192s] [  0%] Built target pcl_msgs_generate_messages_cpp
[4.207s] [35m[1mScanning dependencies of target dynamic_reconfigure_generate_messages_lisp[0m
[4.220s] [  0%] Built target dynamic_reconfigure_generate_messages_lisp
[4.231s] [35m[1mScanning dependencies of target topic_tools_generate_messages_lisp[0m
[4.242s] [  0%] Built target topic_tools_generate_messages_lisp
[4.254s] [35m[1mScanning dependencies of target jsk_recognition_msgs_generate_messages_cpp[0m
[4.265s] [  0%] Built target jsk_recognition_msgs_generate_messages_cpp
[4.276s] [35m[1mScanning dependencies of target autoware_msgs_generate_messages_eus[0m
[4.289s] [  0%] Built target autoware_msgs_generate_messages_eus
[4.300s] [35m[1mScanning dependencies of target autoware_msgs_generate_messages_lisp[0m
[4.312s] [  0%] Built target autoware_msgs_generate_messages_lisp
[4.324s] [35m[1mScanning dependencies of target autoware_msgs_generate_messages_py[0m
[4.336s] [  0%] Built target autoware_msgs_generate_messages_py
[4.347s] [35m[1mScanning dependencies of target nodelet_generate_messages_lisp[0m
[4.360s] [  0%] Built target nodelet_generate_messages_lisp
[4.371s] [35m[1mScanning dependencies of target actionlib_generate_messages_nodejs[0m
[4.382s] [  0%] Built target actionlib_generate_messages_nodejs
[4.394s] [35m[1mScanning dependencies of target tf_generate_messages_cpp[0m
[4.412s] [  0%] Built target tf_generate_messages_cpp
[4.424s] [35m[1mScanning dependencies of target pcl_msgs_generate_messages_lisp[0m
[4.437s] [  0%] Built target pcl_msgs_generate_messages_lisp
[4.449s] [35m[1mScanning dependencies of target std_msgs_generate_messages_eus[0m
[4.460s] [  0%] Built target std_msgs_generate_messages_eus
[4.481s] [35m[1mScanning dependencies of target autoware_msgs_generate_messages_nodejs[0m
[4.492s] [  0%] Built target autoware_msgs_generate_messages_nodejs
[4.503s] [35m[1mScanning dependencies of target jsk_footstep_msgs_generate_messages_eus[0m
[4.515s] [  0%] Built target jsk_footstep_msgs_generate_messages_eus
[4.529s] [35m[1mScanning dependencies of target actionlib_msgs_generate_messages_py[0m
[4.539s] [  0%] Built target actionlib_msgs_generate_messages_py
[4.550s] [35m[1mScanning dependencies of target jsk_footstep_msgs_generate_messages_lisp[0m
[4.562s] [  0%] Built target jsk_footstep_msgs_generate_messages_lisp
[4.574s] [35m[1mScanning dependencies of target jsk_footstep_msgs_generate_messages_nodejs[0m
[4.586s] [  0%] Built target jsk_footstep_msgs_generate_messages_nodejs
[4.598s] [35m[1mScanning dependencies of target tf_generate_messages_eus[0m
[4.612s] [  0%] Built target tf_generate_messages_eus
[4.621s] [35m[1mScanning dependencies of target jsk_footstep_msgs_generate_messages_cpp[0m
[4.632s] [  0%] Built target jsk_footstep_msgs_generate_messages_cpp
[4.643s] [35m[1mScanning dependencies of target actionlib_msgs_generate_messages_cpp[0m
[4.654s] [  0%] Built target actionlib_msgs_generate_messages_cpp
[4.666s] [35m[1mScanning dependencies of target std_srvs_generate_messages_cpp[0m
[4.677s] [  0%] Built target std_srvs_generate_messages_cpp
[4.688s] [35m[1mScanning dependencies of target actionlib_msgs_generate_messages_lisp[0m
[4.700s] [  0%] Built target actionlib_msgs_generate_messages_lisp
[4.711s] [35m[1mScanning dependencies of target pcl_ros_gencfg[0m
[4.723s] [  0%] Built target pcl_ros_gencfg
[4.734s] [35m[1mScanning dependencies of target dynamic_reconfigure_generate_messages_eus[0m
[4.746s] [  0%] Built target dynamic_reconfigure_generate_messages_eus
[4.758s] [35m[1mScanning dependencies of target dynamic_reconfigure_generate_messages_nodejs[0m
[4.769s] [  0%] Built target dynamic_reconfigure_generate_messages_nodejs
[4.780s] [35m[1mScanning dependencies of target dynamic_reconfigure_generate_messages_py[0m
[4.792s] [  0%] Built target dynamic_reconfigure_generate_messages_py
[4.804s] [35m[1mScanning dependencies of target tf2_msgs_generate_messages_lisp[0m
[4.815s] [  0%] Built target tf2_msgs_generate_messages_lisp
[4.826s] [35m[1mScanning dependencies of target dynamic_reconfigure_gencfg[0m
[4.837s] [  0%] Built target dynamic_reconfigure_gencfg
[4.849s] [35m[1mScanning dependencies of target jsk_recognition_msgs_generate_messages_nodejs[0m
[4.860s] [  0%] Built target jsk_recognition_msgs_generate_messages_nodejs
[4.872s] [35m[1mScanning dependencies of target std_srvs_generate_messages_eus[0m
[4.884s] [  0%] Built target std_srvs_generate_messages_eus
[4.898s] [35m[1mScanning dependencies of target roscpp_generate_messages_lisp[0m
[4.907s] [  0%] Built target roscpp_generate_messages_lisp
[4.918s] [35m[1mScanning dependencies of target bond_generate_messages_eus[0m
[4.931s] [  0%] Built target bond_generate_messages_eus
[4.943s] [35m[1mScanning dependencies of target roscpp_generate_messages_py[0m
[4.954s] [  0%] Built target roscpp_generate_messages_py
[4.966s] [35m[1mScanning dependencies of target rosgraph_msgs_generate_messages_lisp[0m
[4.979s] [  0%] Built target rosgraph_msgs_generate_messages_lisp
[4.991s] [35m[1mScanning dependencies of target rosgraph_msgs_generate_messages_nodejs[0m
[5.003s] [  0%] Built target rosgraph_msgs_generate_messages_nodejs
[5.014s] [35m[1mScanning dependencies of target roscpp_generate_messages_eus[0m
[5.026s] [  0%] Built target roscpp_generate_messages_eus
[5.037s] [35m[1mScanning dependencies of target actionlib_msgs_generate_messages_eus[0m
[5.049s] [  0%] Built target actionlib_msgs_generate_messages_eus
[5.061s] [35m[1mScanning dependencies of target rosgraph_msgs_generate_messages_py[0m
[5.072s] [  0%] Built target rosgraph_msgs_generate_messages_py
[5.084s] [35m[1mScanning dependencies of target nodelet_generate_messages_cpp[0m
[5.095s] [  0%] Built target nodelet_generate_messages_cpp
[5.107s] [35m[1mScanning dependencies of target bond_generate_messages_py[0m
[5.118s] [  0%] Built target bond_generate_messages_py
[5.130s] [35m[1mScanning dependencies of target std_srvs_generate_messages_nodejs[0m
[5.142s] [  0%] Built target std_srvs_generate_messages_nodejs
[5.153s] [35m[1mScanning dependencies of target nodelet_generate_messages_eus[0m
[5.165s] [  0%] Built target nodelet_generate_messages_eus
[5.176s] [35m[1mScanning dependencies of target bond_generate_messages_cpp[0m
[5.188s] [  0%] Built target bond_generate_messages_cpp
[5.203s] [35m[1mScanning dependencies of target bond_generate_messages_nodejs[0m
[5.212s] [  0%] Built target bond_generate_messages_nodejs
[5.224s] [35m[1mScanning dependencies of target topic_tools_generate_messages_py[0m
[5.235s] [  0%] Built target topic_tools_generate_messages_py
[5.247s] [35m[1mScanning dependencies of target actionlib_msgs_generate_messages_nodejs[0m
[5.259s] [  0%] Built target actionlib_msgs_generate_messages_nodejs
[5.270s] [35m[1mScanning dependencies of target nodelet_topic_tools_gencfg[0m
[5.282s] [  0%] Built target nodelet_topic_tools_gencfg
[5.293s] [35m[1mScanning dependencies of target _catkin_empty_exported_target[0m
[5.305s] [  0%] Built target _catkin_empty_exported_target
[5.318s] [35m[1mScanning dependencies of target tf2_msgs_generate_messages_py[0m
[5.327s] [  0%] Built target tf2_msgs_generate_messages_py
[5.338s] [35m[1mScanning dependencies of target tf2_msgs_generate_messages_cpp[0m
[5.350s] [  0%] Built target tf2_msgs_generate_messages_cpp
[5.362s] [35m[1mScanning dependencies of target tf2_msgs_generate_messages_eus[0m
[5.373s] [  0%] Built target tf2_msgs_generate_messages_eus
[5.384s] [35m[1mScanning dependencies of target tf2_msgs_generate_messages_nodejs[0m
[5.396s] [  0%] Built target tf2_msgs_generate_messages_nodejs
[5.408s] [35m[1mScanning dependencies of target lidar_naive_l_shape_detect[0m
[5.486s] [ 33%] [32mBuilding CXX object CMakeFiles/lidar_naive_l_shape_detect.dir/nodes/lidar_naive_l_shape_detect/lidar_naive_l_shape_detect_node.cpp.o[0m
[12.836s] [ 66%] [32mBuilding CXX object CMakeFiles/lidar_naive_l_shape_detect.dir/nodes/lidar_naive_l_shape_detect/lidar_naive_l_shape_detect.cpp.o[0m
[22.263s] [100%] [32m[1mLinking CXX executable devel/lib/lidar_naive_l_shape_detect/lidar_naive_l_shape_detect[0m
[22.844s] [100%] Built target lidar_naive_l_shape_detect
[22.859s] Invoked command in '/home/yeap/APC_2022_Prac/airsimversion/autoware.ai/build/lidar_naive_l_shape_detect' returned '0': CMAKE_PREFIX_PATH=/home/yeap/APC_2022_Prac/airsimversion/autoware.ai/install/autoware_msgs:/home/yeap/APC_2022_Prac/airsimversion/autoware.ai/install/autoware_build_flags:${CMAKE_PREFIX_PATH} PKG_CONFIG_PATH=/home/yeap/APC_2022_Prac/airsimversion/autoware.ai/install/autoware_msgs/lib/x86_64-linux-gnu/pkgconfig:/home/yeap/APC_2022_Prac/airsimversion/autoware.ai/install/autoware_msgs/lib/pkgconfig:/home/yeap/APC_2022_Prac/airsimversion/autoware.ai/install/autoware_build_flags/lib/x86_64-linux-gnu/pkgconfig:/home/yeap/APC_2022_Prac/airsimversion/autoware.ai/install/autoware_build_flags/lib/pkgconfig:${PKG_CONFIG_PATH} PYTHONPATH=/home/yeap/APC_2022_Prac/airsimversion/autoware.ai/install/autoware_msgs/lib/python2.7/dist-packages:${PYTHONPATH} ROS_PACKAGE_PATH=/home/yeap/APC_2022_Prac/airsimversion/autoware.ai/install/autoware_msgs/share:/home/yeap/APC_2022_Prac/airsimversion/autoware.ai/install/autoware_build_flags/share:${ROS_PACKAGE_PATH} /usr/bin/cmake --build /home/yeap/APC_2022_Prac/airsimversion/autoware.ai/build/lidar_naive_l_shape_detect -- -j6 -l6
[23.002s] Invoking command in '/home/yeap/APC_2022_Prac/airsimversion/autoware.ai/build/lidar_naive_l_shape_detect': CMAKE_PREFIX_PATH=/home/yeap/APC_2022_Prac/airsimversion/autoware.ai/install/autoware_msgs:/home/yeap/APC_2022_Prac/airsimversion/autoware.ai/install/autoware_build_flags:${CMAKE_PREFIX_PATH} PKG_CONFIG_PATH=/home/yeap/APC_2022_Prac/airsimversion/autoware.ai/install/autoware_msgs/lib/x86_64-linux-gnu/pkgconfig:/home/yeap/APC_2022_Prac/airsimversion/autoware.ai/install/autoware_msgs/lib/pkgconfig:/home/yeap/APC_2022_Prac/airsimversion/autoware.ai/install/autoware_build_flags/lib/x86_64-linux-gnu/pkgconfig:/home/yeap/APC_2022_Prac/airsimversion/autoware.ai/install/autoware_build_flags/lib/pkgconfig:${PKG_CONFIG_PATH} PYTHONPATH=/home/yeap/APC_2022_Prac/airsimversion/autoware.ai/install/autoware_msgs/lib/python2.7/dist-packages:${PYTHONPATH} ROS_PACKAGE_PATH=/home/yeap/APC_2022_Prac/airsimversion/autoware.ai/install/autoware_msgs/share:/home/yeap/APC_2022_Prac/airsimversion/autoware.ai/install/autoware_build_flags/share:${ROS_PACKAGE_PATH} /usr/bin/cmake --build /home/yeap/APC_2022_Prac/airsimversion/autoware.ai/build/lidar_naive_l_shape_detect --target tests -- -j6 -l6
[23.069s] [35m[1mScanning dependencies of target tests[0m
[23.080s] Built target tests
[23.096s] Invoked command in '/home/yeap/APC_2022_Prac/airsimversion/autoware.ai/build/lidar_naive_l_shape_detect' returned '0': CMAKE_PREFIX_PATH=/home/yeap/APC_2022_Prac/airsimversion/autoware.ai/install/autoware_msgs:/home/yeap/APC_2022_Prac/airsimversion/autoware.ai/install/autoware_build_flags:${CMAKE_PREFIX_PATH} PKG_CONFIG_PATH=/home/yeap/APC_2022_Prac/airsimversion/autoware.ai/install/autoware_msgs/lib/x86_64-linux-gnu/pkgconfig:/home/yeap/APC_2022_Prac/airsimversion/autoware.ai/install/autoware_msgs/lib/pkgconfig:/home/yeap/APC_2022_Prac/airsimversion/autoware.ai/install/autoware_build_flags/lib/x86_64-linux-gnu/pkgconfig:/home/yeap/APC_2022_Prac/airsimversion/autoware.ai/install/autoware_build_flags/lib/pkgconfig:${PKG_CONFIG_PATH} PYTHONPATH=/home/yeap/APC_2022_Prac/airsimversion/autoware.ai/install/autoware_msgs/lib/python2.7/dist-packages:${PYTHONPATH} ROS_PACKAGE_PATH=/home/yeap/APC_2022_Prac/airsimversion/autoware.ai/install/autoware_msgs/share:/home/yeap/APC_2022_Prac/airsimversion/autoware.ai/install/autoware_build_flags/share:${ROS_PACKAGE_PATH} /usr/bin/cmake --build /home/yeap/APC_2022_Prac/airsimversion/autoware.ai/build/lidar_naive_l_shape_detect --target tests -- -j6 -l6
[23.210s] Invoking command in '/home/yeap/APC_2022_Prac/airsimversion/autoware.ai/build/lidar_naive_l_shape_detect': CMAKE_PREFIX_PATH=/home/yeap/APC_2022_Prac/airsimversion/autoware.ai/install/autoware_msgs:/home/yeap/APC_2022_Prac/airsimversion/autoware.ai/install/autoware_build_flags:${CMAKE_PREFIX_PATH} PKG_CONFIG_PATH=/home/yeap/APC_2022_Prac/airsimversion/autoware.ai/install/autoware_msgs/lib/x86_64-linux-gnu/pkgconfig:/home/yeap/APC_2022_Prac/airsimversion/autoware.ai/install/autoware_msgs/lib/pkgconfig:/home/yeap/APC_2022_Prac/airsimversion/autoware.ai/install/autoware_build_flags/lib/x86_64-linux-gnu/pkgconfig:/home/yeap/APC_2022_Prac/airsimversion/autoware.ai/install/autoware_build_flags/lib/pkgconfig:${PKG_CONFIG_PATH} PYTHONPATH=/home/yeap/APC_2022_Prac/airsimversion/autoware.ai/install/autoware_msgs/lib/python2.7/dist-packages:${PYTHONPATH} ROS_PACKAGE_PATH=/home/yeap/APC_2022_Prac/airsimversion/autoware.ai/install/autoware_msgs/share:/home/yeap/APC_2022_Prac/airsimversion/autoware.ai/install/autoware_build_flags/share:${ROS_PACKAGE_PATH} /usr/bin/cmake --build /home/yeap/APC_2022_Prac/airsimversion/autoware.ai/build/lidar_naive_l_shape_detect --target install -- -j6 -l6
[23.274s] [  0%] Built target std_srvs_generate_messages_lisp
[23.298s] [  0%] Built target actionlib_generate_messages_py
[23.322s] [  0%] Built target actionlib_generate_messages_cpp
[23.344s] [  0%] Built target tf_generate_messages_nodejs
[23.368s] [  0%] Built target tf_generate_messages_lisp
[23.391s] [  0%] Built target topic_tools_generate_messages_nodejs
[23.414s] [  0%] Built target topic_tools_generate_messages_eus
[23.438s] [  0%] Built target topic_tools_generate_messages_cpp
[23.464s] [  0%] Built target std_srvs_generate_messages_py
[23.490s] [  0%] Built target geometry_msgs_generate_messages_py
[23.513s] [  0%] Built target sensor_msgs_generate_messages_nodejs
[23.535s] [  0%] Built target roscpp_generate_messages_cpp
[23.558s] [  0%] Built target pcl_msgs_generate_messages_eus
[23.580s] [  0%] Built target rosgraph_msgs_generate_messages_eus
[23.605s] [  0%] Built target jsk_recognition_msgs_generate_messages_lisp
[23.627s] [  0%] Built target jsk_recognition_msgs_generate_messages_eus
[23.650s] [  0%] Built target std_msgs_generate_messages_py
[23.673s] [  0%] Built target std_msgs_generate_messages_nodejs
[23.700s] [  0%] Built target bond_generate_messages_lisp
[23.724s] [  0%] Built target sensor_msgs_generate_messages_eus
[23.748s] [  0%] Built target sensor_msgs_generate_messages_cpp
[23.771s] [  0%] Built target autoware_msgs_generate_messages_cpp
[23.795s] [  0%] Built target tf_generate_messages_py
[23.821s] [  0%] Built target dynamic_reconfigure_generate_messages_cpp
[23.843s] [  0%] Built target rosgraph_msgs_generate_messages_cpp
[23.867s] [  0%] Built target pcl_msgs_generate_messages_nodejs
[23.891s] [  0%] Built target nodelet_generate_messages_nodejs
[23.915s] [  0%] Built target jsk_recognition_msgs_generate_messages_py
[23.940s] [  0%] Built target sensor_msgs_generate_messages_lisp
[23.963s] [  0%] Built target std_msgs_generate_messages_cpp
[23.987s] [  0%] Built target jsk_footstep_msgs_generate_messages_py
[24.011s] [  0%] Built target sensor_msgs_generate_messages_py
[24.035s] [  0%] Built target nodelet_generate_messages_py
[24.058s] [  0%] Built target geometry_msgs_generate_messages_eus
[24.082s] [  0%] Built target std_msgs_generate_messages_lisp
[24.104s] [  0%] Built target roscpp_generate_messages_nodejs
[24.126s] [  0%] Built target geometry_msgs_generate_messages_nodejs
[24.149s] [  0%] Built target actionlib_generate_messages_eus
[24.171s] [  0%] Built target pcl_msgs_generate_messages_py
[24.195s] [  0%] Built target geometry_msgs_generate_messages_lisp
[24.218s] [  0%] Built target actionlib_generate_messages_lisp
[24.239s] [  0%] Built target geometry_msgs_generate_messages_cpp
[24.262s] [  0%] Built target pcl_msgs_generate_messages_cpp
[24.287s] [  0%] Built target dynamic_reconfigure_generate_messages_lisp
[24.309s] [  0%] Built target topic_tools_generate_messages_lisp
[24.333s] [  0%] Built target jsk_recognition_msgs_generate_messages_cpp
[24.355s] [  0%] Built target autoware_msgs_generate_messages_eus
[24.377s] [  0%] Built target autoware_msgs_generate_messages_lisp
[24.401s] [  0%] Built target autoware_msgs_generate_messages_py
[24.423s] [  0%] Built target nodelet_generate_messages_lisp
[24.445s] [  0%] Built target actionlib_generate_messages_nodejs
[24.468s] [  0%] Built target tf_generate_messages_cpp
[24.491s] [  0%] Built target pcl_msgs_generate_messages_lisp
[24.515s] [  0%] Built target std_msgs_generate_messages_eus
[24.537s] [  0%] Built target autoware_msgs_generate_messages_nodejs
[24.559s] [  0%] Built target jsk_footstep_msgs_generate_messages_eus
[24.584s] [  0%] Built target actionlib_msgs_generate_messages_py
[24.607s] [  0%] Built target jsk_footstep_msgs_generate_messages_lisp
[24.631s] [  0%] Built target jsk_footstep_msgs_generate_messages_nodejs
[24.653s] [  0%] Built target tf_generate_messages_eus
[24.676s] [  0%] Built target jsk_footstep_msgs_generate_messages_cpp
[24.700s] [  0%] Built target actionlib_msgs_generate_messages_cpp
[24.722s] [  0%] Built target std_srvs_generate_messages_cpp
[24.745s] [  0%] Built target actionlib_msgs_generate_messages_lisp
[24.767s] [  0%] Built target pcl_ros_gencfg
[24.791s] [  0%] Built target dynamic_reconfigure_generate_messages_eus
[24.814s] [  0%] Built target dynamic_reconfigure_generate_messages_nodejs
[24.836s] [  0%] Built target dynamic_reconfigure_generate_messages_py
[24.858s] [  0%] Built target tf2_msgs_generate_messages_lisp
[24.880s] [  0%] Built target dynamic_reconfigure_gencfg
[24.904s] [  0%] Built target jsk_recognition_msgs_generate_messages_nodejs
[24.926s] [  0%] Built target std_srvs_generate_messages_eus
[24.949s] [  0%] Built target roscpp_generate_messages_lisp
[24.977s] [  0%] Built target bond_generate_messages_eus
[25.006s] [  0%] Built target roscpp_generate_messages_py
[25.029s] [  0%] Built target rosgraph_msgs_generate_messages_lisp
[25.052s] [  0%] Built target rosgraph_msgs_generate_messages_nodejs
[25.075s] [  0%] Built target roscpp_generate_messages_eus
[25.099s] [  0%] Built target actionlib_msgs_generate_messages_eus
[25.122s] [  0%] Built target rosgraph_msgs_generate_messages_py
[25.145s] [  0%] Built target nodelet_generate_messages_cpp
[25.167s] [  0%] Built target bond_generate_messages_py
[25.190s] [  0%] Built target std_srvs_generate_messages_nodejs
[25.217s] [  0%] Built target nodelet_generate_messages_eus
[25.241s] [  0%] Built target bond_generate_messages_cpp
[25.264s] [  0%] Built target bond_generate_messages_nodejs
[25.287s] [  0%] Built target topic_tools_generate_messages_py
[25.310s] [  0%] Built target actionlib_msgs_generate_messages_nodejs
[25.334s] [  0%] Built target nodelet_topic_tools_gencfg
[25.357s] [  0%] Built target _catkin_empty_exported_target
[25.380s] [  0%] Built target tf2_msgs_generate_messages_py
[25.404s] [  0%] Built target tf2_msgs_generate_messages_cpp
[25.427s] [  0%] Built target tf2_msgs_generate_messages_eus
[25.451s] [  0%] Built target tf2_msgs_generate_messages_nodejs
[25.499s] [100%] Built target lidar_naive_l_shape_detect
[25.532s] [36mInstall the project...[0m
[25.543s] -- Install configuration: "Release"
[25.543s] -- Installing: /home/yeap/APC_2022_Prac/airsimversion/autoware.ai/install/lidar_naive_l_shape_detect/lib/pkgconfig/lidar_naive_l_shape_detect.pc
[25.543s] -- Installing: /home/yeap/APC_2022_Prac/airsimversion/autoware.ai/install/lidar_naive_l_shape_detect/share/lidar_naive_l_shape_detect/cmake/lidar_naive_l_shape_detectConfig.cmake
[25.544s] -- Installing: /home/yeap/APC_2022_Prac/airsimversion/autoware.ai/install/lidar_naive_l_shape_detect/share/lidar_naive_l_shape_detect/cmake/lidar_naive_l_shape_detectConfig-version.cmake
[25.544s] -- Installing: /home/yeap/APC_2022_Prac/airsimversion/autoware.ai/install/lidar_naive_l_shape_detect/share/lidar_naive_l_shape_detect/package.xml
[25.545s] -- Installing: /home/yeap/APC_2022_Prac/airsimversion/autoware.ai/install/lidar_naive_l_shape_detect/lib/lidar_naive_l_shape_detect/lidar_naive_l_shape_detect
[25.546s] -- Set runtime path of "/home/yeap/APC_2022_Prac/airsimversion/autoware.ai/install/lidar_naive_l_shape_detect/lib/lidar_naive_l_shape_detect/lidar_naive_l_shape_detect" to ""
[25.546s] -- Installing: /home/yeap/APC_2022_Prac/airsimversion/autoware.ai/install/lidar_naive_l_shape_detect/share/lidar_naive_l_shape_detect/launch
[25.546s] -- Installing: /home/yeap/APC_2022_Prac/airsimversion/autoware.ai/install/lidar_naive_l_shape_detect/share/lidar_naive_l_shape_detect/launch/lidar_naive_l_shape_detect.launch
[25.554s] Invoked command in '/home/yeap/APC_2022_Prac/airsimversion/autoware.ai/build/lidar_naive_l_shape_detect' returned '0': CMAKE_PREFIX_PATH=/home/yeap/APC_2022_Prac/airsimversion/autoware.ai/install/autoware_msgs:/home/yeap/APC_2022_Prac/airsimversion/autoware.ai/install/autoware_build_flags:${CMAKE_PREFIX_PATH} PKG_CONFIG_PATH=/home/yeap/APC_2022_Prac/airsimversion/autoware.ai/install/autoware_msgs/lib/x86_64-linux-gnu/pkgconfig:/home/yeap/APC_2022_Prac/airsimversion/autoware.ai/install/autoware_msgs/lib/pkgconfig:/home/yeap/APC_2022_Prac/airsimversion/autoware.ai/install/autoware_build_flags/lib/x86_64-linux-gnu/pkgconfig:/home/yeap/APC_2022_Prac/airsimversion/autoware.ai/install/autoware_build_flags/lib/pkgconfig:${PKG_CONFIG_PATH} PYTHONPATH=/home/yeap/APC_2022_Prac/airsimversion/autoware.ai/install/autoware_msgs/lib/python2.7/dist-packages:${PYTHONPATH} ROS_PACKAGE_PATH=/home/yeap/APC_2022_Prac/airsimversion/autoware.ai/install/autoware_msgs/share:/home/yeap/APC_2022_Prac/airsimversion/autoware.ai/install/autoware_build_flags/share:${ROS_PACKAGE_PATH} /usr/bin/cmake --build /home/yeap/APC_2022_Prac/airsimversion/autoware.ai/build/lidar_naive_l_shape_detect --target install -- -j6 -l6
