[0.026s] Invoking command in '/home/yeap/APC_2022_Prac/airsimversion/autoware.ai/build/vision_beyond_track': CMAKE_PREFIX_PATH=/home/yeap/APC_2022_Prac/airsimversion/autoware.ai/install/autoware_msgs:/home/yeap/APC_2022_Prac/airsimversion/autoware.ai/install/autoware_build_flags:${CMAKE_PREFIX_PATH} PKG_CONFIG_PATH=/home/yeap/APC_2022_Prac/airsimversion/autoware.ai/install/autoware_msgs/lib/x86_64-linux-gnu/pkgconfig:/home/yeap/APC_2022_Prac/airsimversion/autoware.ai/install/autoware_msgs/lib/pkgconfig:/home/yeap/APC_2022_Prac/airsimversion/autoware.ai/install/autoware_build_flags/lib/x86_64-linux-gnu/pkgconfig:/home/yeap/APC_2022_Prac/airsimversion/autoware.ai/install/autoware_build_flags/lib/pkgconfig:${PKG_CONFIG_PATH} PYTHONPATH=/home/yeap/APC_2022_Prac/airsimversion/autoware.ai/install/autoware_msgs/lib/python2.7/dist-packages:${PYTHONPATH} ROS_PACKAGE_PATH=/home/yeap/APC_2022_Prac/airsimversion/autoware.ai/install/autoware_msgs/share:/home/yeap/APC_2022_Prac/airsimversion/autoware.ai/install/autoware_build_flags/share:${ROS_PACKAGE_PATH} /usr/bin/cmake --build /home/yeap/APC_2022_Prac/airsimversion/autoware.ai/build/vision_beyond_track -- -j6 -l6
[0.116s] [  0%] Built target geometry_msgs_generate_messages_py
[0.131s] [  0%] Built target autoware_msgs_generate_messages_cpp
[0.147s] [  0%] Built target pcl_msgs_generate_messages_eus
[0.182s] [  0%] Built target jsk_recognition_msgs_generate_messages_lisp
[0.186s] [  0%] Built target rosgraph_msgs_generate_messages_eus
[0.217s] [  0%] Built target jsk_recognition_msgs_generate_messages_eus
[0.225s] [  0%] Built target tf2_msgs_generate_messages_cpp
[0.244s] [  0%] Built target std_msgs_generate_messages_py
[0.252s] [  0%] Built target autoware_msgs_generate_messages_py
[0.291s] [  0%] Built target std_msgs_generate_messages_nodejs
[0.292s] [  0%] Built target sensor_msgs_generate_messages_eus
[0.323s] [  0%] Built target sensor_msgs_generate_messages_cpp
[0.335s] [  0%] Built target _catkin_empty_exported_target
[0.355s] [  0%] Built target rosgraph_msgs_generate_messages_cpp
[0.381s] [  0%] Built target pcl_msgs_generate_messages_nodejs
[0.402s] [  0%] Built target jsk_recognition_msgs_generate_messages_py
[0.416s] [  0%] Built target sensor_msgs_generate_messages_lisp
[0.437s] [  0%] Built target sensor_msgs_generate_messages_py
[0.453s] [  0%] Built target tf_generate_messages_py
[0.467s] [  0%] Built target std_msgs_generate_messages_cpp
[0.484s] [  0%] Built target jsk_footstep_msgs_generate_messages_py
[0.508s] [  0%] Built target geometry_msgs_generate_messages_eus
[0.516s] [  0%] Built target std_msgs_generate_messages_lisp
[0.539s] [  0%] Built target geometry_msgs_generate_messages_nodejs
[0.544s] [  0%] Built target roscpp_generate_messages_nodejs
[0.566s] [  0%] Built target geometry_msgs_generate_messages_lisp
[0.580s] [  0%] Built target pcl_msgs_generate_messages_cpp
[0.601s] [  0%] Built target jsk_recognition_msgs_generate_messages_cpp
[0.607s] [  0%] Built target autoware_msgs_generate_messages_eus
[0.633s] [  0%] Built target autoware_msgs_generate_messages_lisp
[0.633s] [  0%] Built target autoware_msgs_generate_messages_nodejs
[0.657s] [  0%] Built target jsk_footstep_msgs_generate_messages_eus
[0.657s] [  0%] Built target actionlib_msgs_generate_messages_py
[0.681s] [  0%] Built target jsk_footstep_msgs_generate_messages_lisp
[0.683s] [  0%] Built target jsk_footstep_msgs_generate_messages_nodejs
[0.708s] [  0%] Built target actionlib_msgs_generate_messages_lisp
[0.716s] [  0%] Built target jsk_recognition_msgs_generate_messages_nodejs
[0.737s] [  0%] Built target roscpp_generate_messages_lisp
[0.741s] [  0%] Built target roscpp_generate_messages_py
[0.762s] [  0%] Built target rosgraph_msgs_generate_messages_lisp
[0.768s] [  0%] Built target rosgraph_msgs_generate_messages_nodejs
[0.792s] [  0%] Built target roscpp_generate_messages_eus
[0.805s] [  0%] Built target actionlib_msgs_generate_messages_eus
[0.826s] [  0%] Built target rosgraph_msgs_generate_messages_py
[0.835s] [  0%] Built target jsk_footstep_msgs_generate_messages_cpp
[0.859s] [  0%] Built target actionlib_msgs_generate_messages_cpp
[0.868s] [  0%] Built target tf_generate_messages_eus
[0.895s] [  0%] Built target tf_generate_messages_lisp
[0.895s] [  0%] Built target tf_generate_messages_nodejs
[0.925s] [  0%] Built target pcl_msgs_generate_messages_py
[0.955s] [  0%] Built target geometry_msgs_generate_messages_cpp
[0.978s] [  0%] Built target actionlib_generate_messages_lisp
[1.007s] [  0%] Built target pcl_msgs_generate_messages_lisp
[1.027s] [  0%] Built target tf_generate_messages_cpp
[1.053s] [  0%] Built target actionlib_generate_messages_nodejs
[1.080s] [  0%] Built target tf2_msgs_generate_messages_eus
[1.112s] [  0%] Built target tf2_msgs_generate_messages_lisp
[1.137s] [  0%] Built target actionlib_generate_messages_py
[1.162s] [  0%] Built target tf2_msgs_generate_messages_py
[1.189s] [  0%] Built target tf2_msgs_generate_messages_nodejs
[1.224s] [  0%] Built target actionlib_msgs_generate_messages_nodejs
[1.257s] [ 50%] Built target beyond_track_lib
[1.280s] [ 50%] Built target std_msgs_generate_messages_eus
[1.316s] [ 50%] Built target actionlib_generate_messages_eus
[1.342s] [ 50%] Built target actionlib_generate_messages_cpp
[1.375s] [ 50%] Built target roscpp_generate_messages_cpp
[1.407s] [ 50%] Built target sensor_msgs_generate_messages_nodejs
[1.449s] [100%] Built target vision_beyond_track
[1.470s] Invoked command in '/home/yeap/APC_2022_Prac/airsimversion/autoware.ai/build/vision_beyond_track' returned '0': CMAKE_PREFIX_PATH=/home/yeap/APC_2022_Prac/airsimversion/autoware.ai/install/autoware_msgs:/home/yeap/APC_2022_Prac/airsimversion/autoware.ai/install/autoware_build_flags:${CMAKE_PREFIX_PATH} PKG_CONFIG_PATH=/home/yeap/APC_2022_Prac/airsimversion/autoware.ai/install/autoware_msgs/lib/x86_64-linux-gnu/pkgconfig:/home/yeap/APC_2022_Prac/airsimversion/autoware.ai/install/autoware_msgs/lib/pkgconfig:/home/yeap/APC_2022_Prac/airsimversion/autoware.ai/install/autoware_build_flags/lib/x86_64-linux-gnu/pkgconfig:/home/yeap/APC_2022_Prac/airsimversion/autoware.ai/install/autoware_build_flags/lib/pkgconfig:${PKG_CONFIG_PATH} PYTHONPATH=/home/yeap/APC_2022_Prac/airsimversion/autoware.ai/install/autoware_msgs/lib/python2.7/dist-packages:${PYTHONPATH} ROS_PACKAGE_PATH=/home/yeap/APC_2022_Prac/airsimversion/autoware.ai/install/autoware_msgs/share:/home/yeap/APC_2022_Prac/airsimversion/autoware.ai/install/autoware_build_flags/share:${ROS_PACKAGE_PATH} /usr/bin/cmake --build /home/yeap/APC_2022_Prac/airsimversion/autoware.ai/build/vision_beyond_track -- -j6 -l6
[1.580s] Invoking command in '/home/yeap/APC_2022_Prac/airsimversion/autoware.ai/build/vision_beyond_track': CMAKE_PREFIX_PATH=/home/yeap/APC_2022_Prac/airsimversion/autoware.ai/install/autoware_msgs:/home/yeap/APC_2022_Prac/airsimversion/autoware.ai/install/autoware_build_flags:${CMAKE_PREFIX_PATH} PKG_CONFIG_PATH=/home/yeap/APC_2022_Prac/airsimversion/autoware.ai/install/autoware_msgs/lib/x86_64-linux-gnu/pkgconfig:/home/yeap/APC_2022_Prac/airsimversion/autoware.ai/install/autoware_msgs/lib/pkgconfig:/home/yeap/APC_2022_Prac/airsimversion/autoware.ai/install/autoware_build_flags/lib/x86_64-linux-gnu/pkgconfig:/home/yeap/APC_2022_Prac/airsimversion/autoware.ai/install/autoware_build_flags/lib/pkgconfig:${PKG_CONFIG_PATH} PYTHONPATH=/home/yeap/APC_2022_Prac/airsimversion/autoware.ai/install/autoware_msgs/lib/python2.7/dist-packages:${PYTHONPATH} ROS_PACKAGE_PATH=/home/yeap/APC_2022_Prac/airsimversion/autoware.ai/install/autoware_msgs/share:/home/yeap/APC_2022_Prac/airsimversion/autoware.ai/install/autoware_build_flags/share:${ROS_PACKAGE_PATH} /usr/bin/cmake --build /home/yeap/APC_2022_Prac/airsimversion/autoware.ai/build/vision_beyond_track --target tests -- -j6 -l6
[1.667s] Built target tests
[1.680s] Invoked command in '/home/yeap/APC_2022_Prac/airsimversion/autoware.ai/build/vision_beyond_track' returned '0': CMAKE_PREFIX_PATH=/home/yeap/APC_2022_Prac/airsimversion/autoware.ai/install/autoware_msgs:/home/yeap/APC_2022_Prac/airsimversion/autoware.ai/install/autoware_build_flags:${CMAKE_PREFIX_PATH} PKG_CONFIG_PATH=/home/yeap/APC_2022_Prac/airsimversion/autoware.ai/install/autoware_msgs/lib/x86_64-linux-gnu/pkgconfig:/home/yeap/APC_2022_Prac/airsimversion/autoware.ai/install/autoware_msgs/lib/pkgconfig:/home/yeap/APC_2022_Prac/airsimversion/autoware.ai/install/autoware_build_flags/lib/x86_64-linux-gnu/pkgconfig:/home/yeap/APC_2022_Prac/airsimversion/autoware.ai/install/autoware_build_flags/lib/pkgconfig:${PKG_CONFIG_PATH} PYTHONPATH=/home/yeap/APC_2022_Prac/airsimversion/autoware.ai/install/autoware_msgs/lib/python2.7/dist-packages:${PYTHONPATH} ROS_PACKAGE_PATH=/home/yeap/APC_2022_Prac/airsimversion/autoware.ai/install/autoware_msgs/share:/home/yeap/APC_2022_Prac/airsimversion/autoware.ai/install/autoware_build_flags/share:${ROS_PACKAGE_PATH} /usr/bin/cmake --build /home/yeap/APC_2022_Prac/airsimversion/autoware.ai/build/vision_beyond_track --target tests -- -j6 -l6
[1.804s] Invoking command in '/home/yeap/APC_2022_Prac/airsimversion/autoware.ai/build/vision_beyond_track': CMAKE_PREFIX_PATH=/home/yeap/APC_2022_Prac/airsimversion/autoware.ai/install/autoware_msgs:/home/yeap/APC_2022_Prac/airsimversion/autoware.ai/install/autoware_build_flags:${CMAKE_PREFIX_PATH} PKG_CONFIG_PATH=/home/yeap/APC_2022_Prac/airsimversion/autoware.ai/install/autoware_msgs/lib/x86_64-linux-gnu/pkgconfig:/home/yeap/APC_2022_Prac/airsimversion/autoware.ai/install/autoware_msgs/lib/pkgconfig:/home/yeap/APC_2022_Prac/airsimversion/autoware.ai/install/autoware_build_flags/lib/x86_64-linux-gnu/pkgconfig:/home/yeap/APC_2022_Prac/airsimversion/autoware.ai/install/autoware_build_flags/lib/pkgconfig:${PKG_CONFIG_PATH} PYTHONPATH=/home/yeap/APC_2022_Prac/airsimversion/autoware.ai/install/autoware_msgs/lib/python2.7/dist-packages:${PYTHONPATH} ROS_PACKAGE_PATH=/home/yeap/APC_2022_Prac/airsimversion/autoware.ai/install/autoware_msgs/share:/home/yeap/APC_2022_Prac/airsimversion/autoware.ai/install/autoware_build_flags/share:${ROS_PACKAGE_PATH} /usr/bin/cmake --build /home/yeap/APC_2022_Prac/airsimversion/autoware.ai/build/vision_beyond_track --target install -- -j6 -l6
[1.860s] [  0%] Built target autoware_msgs_generate_messages_cpp
[1.886s] [  0%] Built target pcl_msgs_generate_messages_eus
[1.906s] [  0%] Built target rosgraph_msgs_generate_messages_eus
[1.932s] [  0%] Built target jsk_recognition_msgs_generate_messages_lisp
[1.952s] [  0%] Built target jsk_recognition_msgs_generate_messages_eus
[1.973s] [  0%] Built target tf2_msgs_generate_messages_cpp
[1.999s] [  0%] Built target std_msgs_generate_messages_py
[2.027s] [  0%] Built target autoware_msgs_generate_messages_py
[2.058s] [  0%] Built target std_msgs_generate_messages_nodejs
[2.095s] [  0%] Built target sensor_msgs_generate_messages_eus
[2.116s] [  0%] Built target _catkin_empty_exported_target
[2.136s] [  0%] Built target sensor_msgs_generate_messages_cpp
[2.163s] [  0%] Built target rosgraph_msgs_generate_messages_cpp
[2.185s] [  0%] Built target pcl_msgs_generate_messages_nodejs
[2.208s] [  0%] Built target jsk_recognition_msgs_generate_messages_py
[2.228s] [  0%] Built target sensor_msgs_generate_messages_lisp
[2.251s] [  0%] Built target sensor_msgs_generate_messages_py
[2.275s] [  0%] Built target tf_generate_messages_py
[2.303s] [  0%] Built target std_msgs_generate_messages_cpp
[2.324s] [  0%] Built target jsk_footstep_msgs_generate_messages_py
[2.345s] [  0%] Built target geometry_msgs_generate_messages_eus
[2.372s] [  0%] Built target std_msgs_generate_messages_lisp
[2.394s] [  0%] Built target roscpp_generate_messages_nodejs
[2.415s] [  0%] Built target geometry_msgs_generate_messages_nodejs
[2.437s] [  0%] Built target geometry_msgs_generate_messages_lisp
[2.463s] [  0%] Built target pcl_msgs_generate_messages_cpp
[2.482s] [  0%] Built target jsk_recognition_msgs_generate_messages_cpp
[2.505s] [  0%] Built target autoware_msgs_generate_messages_eus
[2.527s] [  0%] Built target autoware_msgs_generate_messages_lisp
[2.549s] [  0%] Built target autoware_msgs_generate_messages_nodejs
[2.574s] [  0%] Built target jsk_footstep_msgs_generate_messages_eus
[2.599s] [  0%] Built target actionlib_msgs_generate_messages_py
[2.626s] [  0%] Built target jsk_footstep_msgs_generate_messages_lisp
[2.648s] [  0%] Built target jsk_footstep_msgs_generate_messages_nodejs
[2.672s] [  0%] Built target actionlib_msgs_generate_messages_lisp
[2.691s] [  0%] Built target jsk_recognition_msgs_generate_messages_nodejs
[2.714s] [  0%] Built target roscpp_generate_messages_lisp
[2.739s] [  0%] Built target roscpp_generate_messages_py
[2.759s] [  0%] Built target rosgraph_msgs_generate_messages_lisp
[2.786s] [  0%] Built target rosgraph_msgs_generate_messages_nodejs
[2.815s] [  0%] Built target roscpp_generate_messages_eus
[2.836s] [  0%] Built target actionlib_msgs_generate_messages_eus
[2.855s] [  0%] Built target rosgraph_msgs_generate_messages_py
[2.879s] [  0%] Built target jsk_footstep_msgs_generate_messages_cpp
[2.901s] [  0%] Built target actionlib_msgs_generate_messages_cpp
[2.924s] [  0%] Built target tf_generate_messages_eus
[2.947s] [  0%] Built target tf_generate_messages_lisp
[2.973s] [  0%] Built target tf_generate_messages_nodejs
[2.996s] [  0%] Built target pcl_msgs_generate_messages_py
[3.015s] [  0%] Built target actionlib_generate_messages_eus
[3.035s] [  0%] Built target geometry_msgs_generate_messages_cpp
[3.063s] [  0%] Built target actionlib_generate_messages_lisp
[3.088s] [  0%] Built target pcl_msgs_generate_messages_lisp
[3.109s] [  0%] Built target tf_generate_messages_cpp
[3.129s] [  0%] Built target actionlib_generate_messages_nodejs
[3.150s] [  0%] Built target tf2_msgs_generate_messages_eus
[3.173s] [  0%] Built target tf2_msgs_generate_messages_lisp
[3.195s] [  0%] Built target actionlib_generate_messages_py
[3.218s] [  0%] Built target tf2_msgs_generate_messages_py
[3.242s] [  0%] Built target tf2_msgs_generate_messages_nodejs
[3.274s] [  0%] Built target actionlib_msgs_generate_messages_nodejs
[3.300s] [ 50%] Built target beyond_track_lib
[3.334s] [ 50%] Built target std_msgs_generate_messages_eus
[3.354s] [ 50%] Built target actionlib_generate_messages_cpp
[3.379s] [ 50%] Built target roscpp_generate_messages_cpp
[3.409s] [ 50%] Built target sensor_msgs_generate_messages_nodejs
[3.427s] [ 50%] Built target geometry_msgs_generate_messages_py
[3.465s] [100%] Built target vision_beyond_track
[3.489s] [36mInstall the project...[0m
[3.497s] -- Install configuration: "Release"
[3.497s] -- Up-to-date: /home/yeap/APC_2022_Prac/airsimversion/autoware.ai/install/vision_beyond_track/lib/pkgconfig/vision_beyond_track.pc
[3.498s] -- Up-to-date: /home/yeap/APC_2022_Prac/airsimversion/autoware.ai/install/vision_beyond_track/share/vision_beyond_track/cmake/vision_beyond_trackConfig.cmake
[3.498s] -- Up-to-date: /home/yeap/APC_2022_Prac/airsimversion/autoware.ai/install/vision_beyond_track/share/vision_beyond_track/cmake/vision_beyond_trackConfig-version.cmake
[3.499s] -- Up-to-date: /home/yeap/APC_2022_Prac/airsimversion/autoware.ai/install/vision_beyond_track/share/vision_beyond_track/package.xml
[3.499s] -- Up-to-date: /home/yeap/APC_2022_Prac/airsimversion/autoware.ai/install/vision_beyond_track/lib/libbeyond_track_lib.a
[3.499s] -- Up-to-date: /home/yeap/APC_2022_Prac/airsimversion/autoware.ai/install/vision_beyond_track/lib/vision_beyond_track/vision_beyond_track
[3.500s] -- Up-to-date: /home/yeap/APC_2022_Prac/airsimversion/autoware.ai/install/vision_beyond_track/share/vision_beyond_track/launch
[3.500s] -- Up-to-date: /home/yeap/APC_2022_Prac/airsimversion/autoware.ai/install/vision_beyond_track/share/vision_beyond_track/launch/vision_beyond_track.launch
[3.506s] Invoked command in '/home/yeap/APC_2022_Prac/airsimversion/autoware.ai/build/vision_beyond_track' returned '0': CMAKE_PREFIX_PATH=/home/yeap/APC_2022_Prac/airsimversion/autoware.ai/install/autoware_msgs:/home/yeap/APC_2022_Prac/airsimversion/autoware.ai/install/autoware_build_flags:${CMAKE_PREFIX_PATH} PKG_CONFIG_PATH=/home/yeap/APC_2022_Prac/airsimversion/autoware.ai/install/autoware_msgs/lib/x86_64-linux-gnu/pkgconfig:/home/yeap/APC_2022_Prac/airsimversion/autoware.ai/install/autoware_msgs/lib/pkgconfig:/home/yeap/APC_2022_Prac/airsimversion/autoware.ai/install/autoware_build_flags/lib/x86_64-linux-gnu/pkgconfig:/home/yeap/APC_2022_Prac/airsimversion/autoware.ai/install/autoware_build_flags/lib/pkgconfig:${PKG_CONFIG_PATH} PYTHONPATH=/home/yeap/APC_2022_Prac/airsimversion/autoware.ai/install/autoware_msgs/lib/python2.7/dist-packages:${PYTHONPATH} ROS_PACKAGE_PATH=/home/yeap/APC_2022_Prac/airsimversion/autoware.ai/install/autoware_msgs/share:/home/yeap/APC_2022_Prac/airsimversion/autoware.ai/install/autoware_build_flags/share:${ROS_PACKAGE_PATH} /usr/bin/cmake --build /home/yeap/APC_2022_Prac/airsimversion/autoware.ai/build/vision_beyond_track --target install -- -j6 -l6
