[0.041s] Invoking command in '/home/yeap/APC_2022_Prac/airsimversion/autoware.ai/build/adi_driver': CMAKE_PREFIX_PATH=/home/yeap/APC_2022_Prac/airsimversion/autoware.ai/install/autoware_build_flags:${CMAKE_PREFIX_PATH} PKG_CONFIG_PATH=/home/yeap/APC_2022_Prac/airsimversion/autoware.ai/install/autoware_build_flags/lib/x86_64-linux-gnu/pkgconfig:/home/yeap/APC_2022_Prac/airsimversion/autoware.ai/install/autoware_build_flags/lib/pkgconfig:${PKG_CONFIG_PATH} ROS_PACKAGE_PATH=/home/yeap/APC_2022_Prac/airsimversion/autoware.ai/install/autoware_build_flags/share:${ROS_PACKAGE_PATH} /usr/bin/cmake --build /home/yeap/APC_2022_Prac/airsimversion/autoware.ai/build/adi_driver -- -j6 -l6
[0.109s] [ 50%] Built target adxl345_node
[0.116s] [100%] Built target adis16470_node
[0.134s] Invoked command in '/home/yeap/APC_2022_Prac/airsimversion/autoware.ai/build/adi_driver' returned '0': CMAKE_PREFIX_PATH=/home/yeap/APC_2022_Prac/airsimversion/autoware.ai/install/autoware_build_flags:${CMAKE_PREFIX_PATH} PKG_CONFIG_PATH=/home/yeap/APC_2022_Prac/airsimversion/autoware.ai/install/autoware_build_flags/lib/x86_64-linux-gnu/pkgconfig:/home/yeap/APC_2022_Prac/airsimversion/autoware.ai/install/autoware_build_flags/lib/pkgconfig:${PKG_CONFIG_PATH} ROS_PACKAGE_PATH=/home/yeap/APC_2022_Prac/airsimversion/autoware.ai/install/autoware_build_flags/share:${ROS_PACKAGE_PATH} /usr/bin/cmake --build /home/yeap/APC_2022_Prac/airsimversion/autoware.ai/build/adi_driver -- -j6 -l6
[0.222s] Invoking command in '/home/yeap/APC_2022_Prac/airsimversion/autoware.ai/build/adi_driver': CMAKE_PREFIX_PATH=/home/yeap/APC_2022_Prac/airsimversion/autoware.ai/install/autoware_build_flags:${CMAKE_PREFIX_PATH} PKG_CONFIG_PATH=/home/yeap/APC_2022_Prac/airsimversion/autoware.ai/install/autoware_build_flags/lib/x86_64-linux-gnu/pkgconfig:/home/yeap/APC_2022_Prac/airsimversion/autoware.ai/install/autoware_build_flags/lib/pkgconfig:${PKG_CONFIG_PATH} ROS_PACKAGE_PATH=/home/yeap/APC_2022_Prac/airsimversion/autoware.ai/install/autoware_build_flags/share:${ROS_PACKAGE_PATH} /usr/bin/cmake --build /home/yeap/APC_2022_Prac/airsimversion/autoware.ai/build/adi_driver --target tests -- -j6 -l6
[0.350s] Built target tests
[0.364s] Invoked command in '/home/yeap/APC_2022_Prac/airsimversion/autoware.ai/build/adi_driver' returned '0': CMAKE_PREFIX_PATH=/home/yeap/APC_2022_Prac/airsimversion/autoware.ai/install/autoware_build_flags:${CMAKE_PREFIX_PATH} PKG_CONFIG_PATH=/home/yeap/APC_2022_Prac/airsimversion/autoware.ai/install/autoware_build_flags/lib/x86_64-linux-gnu/pkgconfig:/home/yeap/APC_2022_Prac/airsimversion/autoware.ai/install/autoware_build_flags/lib/pkgconfig:${PKG_CONFIG_PATH} ROS_PACKAGE_PATH=/home/yeap/APC_2022_Prac/airsimversion/autoware.ai/install/autoware_build_flags/share:${ROS_PACKAGE_PATH} /usr/bin/cmake --build /home/yeap/APC_2022_Prac/airsimversion/autoware.ai/build/adi_driver --target tests -- -j6 -l6
[0.661s] Invoking command in '/home/yeap/APC_2022_Prac/airsimversion/autoware.ai/build/adi_driver': CMAKE_PREFIX_PATH=/home/yeap/APC_2022_Prac/airsimversion/autoware.ai/install/autoware_build_flags:${CMAKE_PREFIX_PATH} PKG_CONFIG_PATH=/home/yeap/APC_2022_Prac/airsimversion/autoware.ai/install/autoware_build_flags/lib/x86_64-linux-gnu/pkgconfig:/home/yeap/APC_2022_Prac/airsimversion/autoware.ai/install/autoware_build_flags/lib/pkgconfig:${PKG_CONFIG_PATH} ROS_PACKAGE_PATH=/home/yeap/APC_2022_Prac/airsimversion/autoware.ai/install/autoware_build_flags/share:${ROS_PACKAGE_PATH} /usr/bin/cmake --build /home/yeap/APC_2022_Prac/airsimversion/autoware.ai/build/adi_driver --target install -- -j6 -l6
[0.773s] [ 50%] Built target adxl345_node
[0.776s] [100%] Built target adis16470_node
[0.815s] [36mInstall the project...[0m
[0.830s] -- Install configuration: "Release"
[0.831s] -- Up-to-date: /home/yeap/APC_2022_Prac/airsimversion/autoware.ai/install/adi_driver/lib/pkgconfig/adi_driver.pc
[0.832s] -- Up-to-date: /home/yeap/APC_2022_Prac/airsimversion/autoware.ai/install/adi_driver/share/adi_driver/cmake/adi_driverConfig.cmake
[0.832s] -- Up-to-date: /home/yeap/APC_2022_Prac/airsimversion/autoware.ai/install/adi_driver/share/adi_driver/cmake/adi_driverConfig-version.cmake
[0.832s] -- Up-to-date: /home/yeap/APC_2022_Prac/airsimversion/autoware.ai/install/adi_driver/share/adi_driver/package.xml
[0.834s] -- Up-to-date: /home/yeap/APC_2022_Prac/airsimversion/autoware.ai/install/adi_driver/lib/adi_driver/adis16470_node
[0.834s] -- Up-to-date: /home/yeap/APC_2022_Prac/airsimversion/autoware.ai/install/adi_driver/lib/adi_driver/adxl345_node
[0.835s] -- Up-to-date: /home/yeap/APC_2022_Prac/airsimversion/autoware.ai/install/adi_driver/include/adi_driver
[0.835s] -- Up-to-date: /home/yeap/APC_2022_Prac/airsimversion/autoware.ai/install/adi_driver/include/adi_driver/adxl345.h
[0.835s] -- Up-to-date: /home/yeap/APC_2022_Prac/airsimversion/autoware.ai/install/adi_driver/include/adi_driver/adis16470.h
[0.835s] -- Up-to-date: /home/yeap/APC_2022_Prac/airsimversion/autoware.ai/install/adi_driver/share/adi_driver/launch
[0.835s] -- Up-to-date: /home/yeap/APC_2022_Prac/airsimversion/autoware.ai/install/adi_driver/share/adi_driver/launch/imu.rviz
[0.836s] -- Up-to-date: /home/yeap/APC_2022_Prac/airsimversion/autoware.ai/install/adi_driver/share/adi_driver/launch/adxl345.launch
[0.836s] -- Up-to-date: /home/yeap/APC_2022_Prac/airsimversion/autoware.ai/install/adi_driver/share/adi_driver/launch/adis16470.launch
[0.836s] -- Up-to-date: /home/yeap/APC_2022_Prac/airsimversion/autoware.ai/install/adi_driver/share/adi_driver/test
[0.836s] -- Up-to-date: /home/yeap/APC_2022_Prac/airsimversion/autoware.ai/install/adi_driver/share/adi_driver/test/test_adis16470.py
[0.836s] -- Up-to-date: /home/yeap/APC_2022_Prac/airsimversion/autoware.ai/install/adi_driver/share/adi_driver/test/test_adxl345.py
[0.836s] -- Up-to-date: /home/yeap/APC_2022_Prac/airsimversion/autoware.ai/install/adi_driver/share/adi_driver/urdf
[0.836s] -- Up-to-date: /home/yeap/APC_2022_Prac/airsimversion/autoware.ai/install/adi_driver/share/adi_driver/urdf/adis16470_breakout.urdf
[0.843s] Invoked command in '/home/yeap/APC_2022_Prac/airsimversion/autoware.ai/build/adi_driver' returned '0': CMAKE_PREFIX_PATH=/home/yeap/APC_2022_Prac/airsimversion/autoware.ai/install/autoware_build_flags:${CMAKE_PREFIX_PATH} PKG_CONFIG_PATH=/home/yeap/APC_2022_Prac/airsimversion/autoware.ai/install/autoware_build_flags/lib/x86_64-linux-gnu/pkgconfig:/home/yeap/APC_2022_Prac/airsimversion/autoware.ai/install/autoware_build_flags/lib/pkgconfig:${PKG_CONFIG_PATH} ROS_PACKAGE_PATH=/home/yeap/APC_2022_Prac/airsimversion/autoware.ai/install/autoware_build_flags/share:${ROS_PACKAGE_PATH} /usr/bin/cmake --build /home/yeap/APC_2022_Prac/airsimversion/autoware.ai/build/adi_driver --target install -- -j6 -l6
