[0.014s] Invoking command in '/home/yeap/APC_2022_Prac/airsimversion/autoware.ai/build/carla_autoware_bridge': CMAKE_PREFIX_PATH=/home/yeap/APC_2022_Prac/airsimversion/autoware.ai/install/autoware_msgs:${CMAKE_PREFIX_PATH} PKG_CONFIG_PATH=/home/yeap/APC_2022_Prac/airsimversion/autoware.ai/install/autoware_msgs/lib/x86_64-linux-gnu/pkgconfig:/home/yeap/APC_2022_Prac/airsimversion/autoware.ai/install/autoware_msgs/lib/pkgconfig:${PKG_CONFIG_PATH} PYTHONPATH=/home/yeap/APC_2022_Prac/airsimversion/autoware.ai/install/autoware_msgs/lib/python2.7/dist-packages:${PYTHONPATH} ROS_PACKAGE_PATH=/home/yeap/APC_2022_Prac/airsimversion/autoware.ai/install/autoware_msgs/share:${ROS_PACKAGE_PATH} /usr/bin/cmake /home/yeap/APC_2022_Prac/airsimversion/autoware.ai/src/autoware/simulation/carla_simulator_bridge/carla_autoware_bridge -DCMAKE_BUILD_TYPE=Release -DCATKIN_INSTALL_INTO_PREFIX_ROOT=0 -DCMAKE_INSTALL_PREFIX=/home/yeap/APC_2022_Prac/airsimversion/autoware.ai/install/carla_autoware_bridge
[0.090s] -- The C compiler identification is GNU 7.5.0
[0.167s] -- The CXX compiler identification is GNU 7.5.0
[0.171s] -- Check for working C compiler: /usr/bin/cc
[0.250s] -- Check for working C compiler: /usr/bin/cc -- works
[0.253s] -- Detecting C compiler ABI info
[0.322s] -- Detecting C compiler ABI info - done
[0.331s] -- Detecting C compile features
[0.561s] -- Detecting C compile features - done
[0.564s] -- Check for working CXX compiler: /usr/bin/c++
[0.658s] -- Check for working CXX compiler: /usr/bin/c++ -- works
[0.659s] -- Detecting CXX compiler ABI info
[0.743s] -- Detecting CXX compiler ABI info - done
[0.751s] -- Detecting CXX compile features
[1.147s] -- Detecting CXX compile features - done
[1.150s] -- Using CATKIN_DEVEL_PREFIX: /home/yeap/APC_2022_Prac/airsimversion/autoware.ai/build/carla_autoware_bridge/devel
[1.150s] -- Using CMAKE_PREFIX_PATH: /home/yeap/APC_2022_Prac/airsimversion/autoware.ai/install/autoware_msgs;/opt/ros/melodic
[1.150s] -- This workspace overlays: /home/yeap/APC_2022_Prac/airsimversion/autoware.ai/install/autoware_msgs;/opt/ros/melodic
[1.166s] -- Found PythonInterp: /usr/bin/python2 (found suitable version "2.7.17", minimum required is "2") 
[1.166s] -- Using PYTHON_EXECUTABLE: /usr/bin/python2
[1.166s] -- Using Debian Python package layout
[1.166s] -- Using empy: /usr/bin/empy
[1.336s] -- Using CATKIN_ENABLE_TESTING: ON
[1.336s] -- Call enable_testing()
[1.344s] -- Using CATKIN_TEST_RESULTS_DIR: /home/yeap/APC_2022_Prac/airsimversion/autoware.ai/build/carla_autoware_bridge/test_results
[1.360s] -- Found gtest sources under '/usr/src/googletest': gtests will be built
[1.360s] -- Found gmock sources under '/usr/src/googletest': gmock will be built
[1.384s] -- Found PythonInterp: /usr/bin/python2 (found version "2.7.17") 
[1.384s] -- Looking for pthread.h
[1.464s] -- Looking for pthread.h - found
[1.465s] -- Looking for pthread_create
[1.548s] -- Looking for pthread_create - not found
[1.548s] -- Looking for pthread_create in pthreads
[1.614s] -- Looking for pthread_create in pthreads - not found
[1.614s] -- Looking for pthread_create in pthread
[1.687s] -- Looking for pthread_create in pthread - found
[1.688s] -- Found Threads: TRUE  
[1.693s] -- Using Python nosetests: /usr/bin/nosetests-2.7
[1.754s] -- catkin 0.7.29
[1.755s] -- BUILD_SHARED_LIBS is on
[1.926s] -- Using these message generators: gencpp;geneus;genlisp;gennodejs;genpy
[2.518s] -- Configuring done
[2.542s] -- Generating done
[2.549s] -- Build files have been written to: /home/yeap/APC_2022_Prac/airsimversion/autoware.ai/build/carla_autoware_bridge
[2.556s] Invoked command in '/home/yeap/APC_2022_Prac/airsimversion/autoware.ai/build/carla_autoware_bridge' returned '0': CMAKE_PREFIX_PATH=/home/yeap/APC_2022_Prac/airsimversion/autoware.ai/install/autoware_msgs:${CMAKE_PREFIX_PATH} PKG_CONFIG_PATH=/home/yeap/APC_2022_Prac/airsimversion/autoware.ai/install/autoware_msgs/lib/x86_64-linux-gnu/pkgconfig:/home/yeap/APC_2022_Prac/airsimversion/autoware.ai/install/autoware_msgs/lib/pkgconfig:${PKG_CONFIG_PATH} PYTHONPATH=/home/yeap/APC_2022_Prac/airsimversion/autoware.ai/install/autoware_msgs/lib/python2.7/dist-packages:${PYTHONPATH} ROS_PACKAGE_PATH=/home/yeap/APC_2022_Prac/airsimversion/autoware.ai/install/autoware_msgs/share:${ROS_PACKAGE_PATH} /usr/bin/cmake /home/yeap/APC_2022_Prac/airsimversion/autoware.ai/src/autoware/simulation/carla_simulator_bridge/carla_autoware_bridge -DCMAKE_BUILD_TYPE=Release -DCATKIN_INSTALL_INTO_PREFIX_ROOT=0 -DCMAKE_INSTALL_PREFIX=/home/yeap/APC_2022_Prac/airsimversion/autoware.ai/install/carla_autoware_bridge
[2.557s] Invoking command in '/home/yeap/APC_2022_Prac/airsimversion/autoware.ai/build/carla_autoware_bridge': CMAKE_PREFIX_PATH=/home/yeap/APC_2022_Prac/airsimversion/autoware.ai/install/autoware_msgs:${CMAKE_PREFIX_PATH} PKG_CONFIG_PATH=/home/yeap/APC_2022_Prac/airsimversion/autoware.ai/install/autoware_msgs/lib/x86_64-linux-gnu/pkgconfig:/home/yeap/APC_2022_Prac/airsimversion/autoware.ai/install/autoware_msgs/lib/pkgconfig:${PKG_CONFIG_PATH} PYTHONPATH=/home/yeap/APC_2022_Prac/airsimversion/autoware.ai/install/autoware_msgs/lib/python2.7/dist-packages:${PYTHONPATH} ROS_PACKAGE_PATH=/home/yeap/APC_2022_Prac/airsimversion/autoware.ai/install/autoware_msgs/share:${ROS_PACKAGE_PATH} /usr/bin/cmake --build /home/yeap/APC_2022_Prac/airsimversion/autoware.ai/build/carla_autoware_bridge -- -j6 -l6
[2.606s] Invoked command in '/home/yeap/APC_2022_Prac/airsimversion/autoware.ai/build/carla_autoware_bridge' returned '0': CMAKE_PREFIX_PATH=/home/yeap/APC_2022_Prac/airsimversion/autoware.ai/install/autoware_msgs:${CMAKE_PREFIX_PATH} PKG_CONFIG_PATH=/home/yeap/APC_2022_Prac/airsimversion/autoware.ai/install/autoware_msgs/lib/x86_64-linux-gnu/pkgconfig:/home/yeap/APC_2022_Prac/airsimversion/autoware.ai/install/autoware_msgs/lib/pkgconfig:${PKG_CONFIG_PATH} PYTHONPATH=/home/yeap/APC_2022_Prac/airsimversion/autoware.ai/install/autoware_msgs/lib/python2.7/dist-packages:${PYTHONPATH} ROS_PACKAGE_PATH=/home/yeap/APC_2022_Prac/airsimversion/autoware.ai/install/autoware_msgs/share:${ROS_PACKAGE_PATH} /usr/bin/cmake --build /home/yeap/APC_2022_Prac/airsimversion/autoware.ai/build/carla_autoware_bridge -- -j6 -l6
[2.691s] Invoking command in '/home/yeap/APC_2022_Prac/airsimversion/autoware.ai/build/carla_autoware_bridge': CMAKE_PREFIX_PATH=/home/yeap/APC_2022_Prac/airsimversion/autoware.ai/install/autoware_msgs:${CMAKE_PREFIX_PATH} PKG_CONFIG_PATH=/home/yeap/APC_2022_Prac/airsimversion/autoware.ai/install/autoware_msgs/lib/x86_64-linux-gnu/pkgconfig:/home/yeap/APC_2022_Prac/airsimversion/autoware.ai/install/autoware_msgs/lib/pkgconfig:${PKG_CONFIG_PATH} PYTHONPATH=/home/yeap/APC_2022_Prac/airsimversion/autoware.ai/install/autoware_msgs/lib/python2.7/dist-packages:${PYTHONPATH} ROS_PACKAGE_PATH=/home/yeap/APC_2022_Prac/airsimversion/autoware.ai/install/autoware_msgs/share:${ROS_PACKAGE_PATH} /usr/bin/cmake --build /home/yeap/APC_2022_Prac/airsimversion/autoware.ai/build/carla_autoware_bridge --target tests -- -j6 -l6
[2.754s] [35m[1mScanning dependencies of target tests[0m
[2.765s] Built target tests
[2.779s] Invoked command in '/home/yeap/APC_2022_Prac/airsimversion/autoware.ai/build/carla_autoware_bridge' returned '0': CMAKE_PREFIX_PATH=/home/yeap/APC_2022_Prac/airsimversion/autoware.ai/install/autoware_msgs:${CMAKE_PREFIX_PATH} PKG_CONFIG_PATH=/home/yeap/APC_2022_Prac/airsimversion/autoware.ai/install/autoware_msgs/lib/x86_64-linux-gnu/pkgconfig:/home/yeap/APC_2022_Prac/airsimversion/autoware.ai/install/autoware_msgs/lib/pkgconfig:${PKG_CONFIG_PATH} PYTHONPATH=/home/yeap/APC_2022_Prac/airsimversion/autoware.ai/install/autoware_msgs/lib/python2.7/dist-packages:${PYTHONPATH} ROS_PACKAGE_PATH=/home/yeap/APC_2022_Prac/airsimversion/autoware.ai/install/autoware_msgs/share:${ROS_PACKAGE_PATH} /usr/bin/cmake --build /home/yeap/APC_2022_Prac/airsimversion/autoware.ai/build/carla_autoware_bridge --target tests -- -j6 -l6
[2.841s] Invoking command in '/home/yeap/APC_2022_Prac/airsimversion/autoware.ai/build/carla_autoware_bridge': CMAKE_PREFIX_PATH=/home/yeap/APC_2022_Prac/airsimversion/autoware.ai/install/autoware_msgs:${CMAKE_PREFIX_PATH} PKG_CONFIG_PATH=/home/yeap/APC_2022_Prac/airsimversion/autoware.ai/install/autoware_msgs/lib/x86_64-linux-gnu/pkgconfig:/home/yeap/APC_2022_Prac/airsimversion/autoware.ai/install/autoware_msgs/lib/pkgconfig:${PKG_CONFIG_PATH} PYTHONPATH=/home/yeap/APC_2022_Prac/airsimversion/autoware.ai/install/autoware_msgs/lib/python2.7/dist-packages:${PYTHONPATH} ROS_PACKAGE_PATH=/home/yeap/APC_2022_Prac/airsimversion/autoware.ai/install/autoware_msgs/share:${ROS_PACKAGE_PATH} /usr/bin/cmake --build /home/yeap/APC_2022_Prac/airsimversion/autoware.ai/build/carla_autoware_bridge --target install -- -j6 -l6
[2.894s] [36mInstall the project...[0m
[2.905s] -- Install configuration: "Release"
[2.907s] + cd /home/yeap/APC_2022_Prac/airsimversion/autoware.ai/src/autoware/simulation/carla_simulator_bridge/carla_autoware_bridge
[2.907s] + mkdir -p /home/yeap/APC_2022_Prac/airsimversion/autoware.ai/install/carla_autoware_bridge/lib/python2.7/dist-packages
[2.908s] + /usr/bin/env PYTHONPATH=/home/yeap/APC_2022_Prac/airsimversion/autoware.ai/install/carla_autoware_bridge/lib/python2.7/dist-packages:/home/yeap/APC_2022_Prac/airsimversion/autoware.ai/build/carla_autoware_bridge/lib/python2.7/dist-packages:/home/yeap/APC_2022_Prac/airsimversion/autoware.ai/install/autoware_msgs/lib/python2.7/dist-packages:/opt/ros/melodic/lib/python2.7/dist-packages CATKIN_BINARY_DIR=/home/yeap/APC_2022_Prac/airsimversion/autoware.ai/build/carla_autoware_bridge /usr/bin/python2 /home/yeap/APC_2022_Prac/airsimversion/autoware.ai/src/autoware/simulation/carla_simulator_bridge/carla_autoware_bridge/setup.py build --build-base /home/yeap/APC_2022_Prac/airsimversion/autoware.ai/build/carla_autoware_bridge install --root=/ --install-layout=deb --prefix=/home/yeap/APC_2022_Prac/airsimversion/autoware.ai/install/carla_autoware_bridge --install-scripts=/home/yeap/APC_2022_Prac/airsimversion/autoware.ai/install/carla_autoware_bridge/bin
[2.951s] running build
[2.951s] running build_py
[2.952s] creating /home/yeap/APC_2022_Prac/airsimversion/autoware.ai/build/carla_autoware_bridge/lib.linux-x86_64-2.7
[2.952s] creating /home/yeap/APC_2022_Prac/airsimversion/autoware.ai/build/carla_autoware_bridge/lib.linux-x86_64-2.7/carla_autoware_bridge
[2.953s] copying src/carla_autoware_bridge/__init__.py -> /home/yeap/APC_2022_Prac/airsimversion/autoware.ai/build/carla_autoware_bridge/lib.linux-x86_64-2.7/carla_autoware_bridge
[2.953s] running install
[2.954s] running install_lib
[2.954s] creating /home/yeap/APC_2022_Prac/airsimversion/autoware.ai/install/carla_autoware_bridge/lib/python2.7/dist-packages/carla_autoware_bridge
[2.954s] copying /home/yeap/APC_2022_Prac/airsimversion/autoware.ai/build/carla_autoware_bridge/lib.linux-x86_64-2.7/carla_autoware_bridge/__init__.py -> /home/yeap/APC_2022_Prac/airsimversion/autoware.ai/install/carla_autoware_bridge/lib/python2.7/dist-packages/carla_autoware_bridge
[2.955s] byte-compiling /home/yeap/APC_2022_Prac/airsimversion/autoware.ai/install/carla_autoware_bridge/lib/python2.7/dist-packages/carla_autoware_bridge/__init__.py to __init__.pyc
[2.956s] running install_egg_info
[2.957s] Writing /home/yeap/APC_2022_Prac/airsimversion/autoware.ai/install/carla_autoware_bridge/lib/python2.7/dist-packages/carla_autoware_bridge-0.0.0.egg-info
[2.963s] -- Installing: /home/yeap/APC_2022_Prac/airsimversion/autoware.ai/install/carla_autoware_bridge/lib/pkgconfig/carla_autoware_bridge.pc
[2.964s] -- Installing: /home/yeap/APC_2022_Prac/airsimversion/autoware.ai/install/carla_autoware_bridge/share/carla_autoware_bridge/cmake/carla_autoware_bridgeConfig.cmake
[2.964s] -- Installing: /home/yeap/APC_2022_Prac/airsimversion/autoware.ai/install/carla_autoware_bridge/share/carla_autoware_bridge/cmake/carla_autoware_bridgeConfig-version.cmake
[2.964s] -- Installing: /home/yeap/APC_2022_Prac/airsimversion/autoware.ai/install/carla_autoware_bridge/share/carla_autoware_bridge/package.xml
[2.965s] -- Installing: /home/yeap/APC_2022_Prac/airsimversion/autoware.ai/install/carla_autoware_bridge/lib/carla_autoware_bridge/carla_to_autoware_vehicle_status
[2.965s] -- Installing: /home/yeap/APC_2022_Prac/airsimversion/autoware.ai/install/carla_autoware_bridge/lib/carla_autoware_bridge/carla_to_autoware_waypoints
[2.966s] -- Installing: /home/yeap/APC_2022_Prac/airsimversion/autoware.ai/install/carla_autoware_bridge/lib/carla_autoware_bridge/odometry_to_posestamped
[2.966s] -- Installing: /home/yeap/APC_2022_Prac/airsimversion/autoware.ai/install/carla_autoware_bridge/lib/carla_autoware_bridge/vehiclecmd_to_ackermanndrive
[2.966s] -- Installing: /home/yeap/APC_2022_Prac/airsimversion/autoware.ai/install/carla_autoware_bridge/lib/carla_autoware_bridge/carla_to_autoware_detected_objects
[2.966s] -- Installing: /home/yeap/APC_2022_Prac/airsimversion/autoware.ai/install/carla_autoware_bridge/share/carla_autoware_bridge/launch
[2.966s] -- Installing: /home/yeap/APC_2022_Prac/airsimversion/autoware.ai/install/carla_autoware_bridge/share/carla_autoware_bridge/launch/carla_autoware_bridge_common.launch
[2.966s] -- Installing: /home/yeap/APC_2022_Prac/airsimversion/autoware.ai/install/carla_autoware_bridge/share/carla_autoware_bridge/launch/carla_autoware_bridge.launch
[2.966s] -- Installing: /home/yeap/APC_2022_Prac/airsimversion/autoware.ai/install/carla_autoware_bridge/share/carla_autoware_bridge/launch/carla_autoware_bridge_with_manual_control.launch
[2.967s] -- Installing: /home/yeap/APC_2022_Prac/airsimversion/autoware.ai/install/carla_autoware_bridge/share/carla_autoware_bridge/launch/tf.launch
[2.967s] -- Installing: /home/yeap/APC_2022_Prac/airsimversion/autoware.ai/install/carla_autoware_bridge/share/carla_autoware_bridge/config
[2.967s] -- Installing: /home/yeap/APC_2022_Prac/airsimversion/autoware.ai/install/carla_autoware_bridge/share/carla_autoware_bridge/config/sensors.json
[2.974s] Invoked command in '/home/yeap/APC_2022_Prac/airsimversion/autoware.ai/build/carla_autoware_bridge' returned '0': CMAKE_PREFIX_PATH=/home/yeap/APC_2022_Prac/airsimversion/autoware.ai/install/autoware_msgs:${CMAKE_PREFIX_PATH} PKG_CONFIG_PATH=/home/yeap/APC_2022_Prac/airsimversion/autoware.ai/install/autoware_msgs/lib/x86_64-linux-gnu/pkgconfig:/home/yeap/APC_2022_Prac/airsimversion/autoware.ai/install/autoware_msgs/lib/pkgconfig:${PKG_CONFIG_PATH} PYTHONPATH=/home/yeap/APC_2022_Prac/airsimversion/autoware.ai/install/autoware_msgs/lib/python2.7/dist-packages:${PYTHONPATH} ROS_PACKAGE_PATH=/home/yeap/APC_2022_Prac/airsimversion/autoware.ai/install/autoware_msgs/share:${ROS_PACKAGE_PATH} /usr/bin/cmake --build /home/yeap/APC_2022_Prac/airsimversion/autoware.ai/build/carla_autoware_bridge --target install -- -j6 -l6
