[0.013s] Invoking command in '/home/yeap/APC_2022_Prac/airsimversion/autoware.ai/build/autoware_pointgrey_drivers': CMAKE_PREFIX_PATH=/home/yeap/APC_2022_Prac/airsimversion/autoware.ai/install/autoware_build_flags:${CMAKE_PREFIX_PATH} PKG_CONFIG_PATH=/home/yeap/APC_2022_Prac/airsimversion/autoware.ai/install/autoware_build_flags/lib/x86_64-linux-gnu/pkgconfig:/home/yeap/APC_2022_Prac/airsimversion/autoware.ai/install/autoware_build_flags/lib/pkgconfig:${PKG_CONFIG_PATH} ROS_PACKAGE_PATH=/home/yeap/APC_2022_Prac/airsimversion/autoware.ai/install/autoware_build_flags/share:${ROS_PACKAGE_PATH} /usr/bin/cmake /home/yeap/APC_2022_Prac/airsimversion/autoware.ai/src/drivers/awf_drivers/pointgrey -DCMAKE_BUILD_TYPE=Release -DCATKIN_INSTALL_INTO_PREFIX_ROOT=0 -DCMAKE_INSTALL_PREFIX=/home/yeap/APC_2022_Prac/airsimversion/autoware.ai/install/autoware_pointgrey_drivers
[0.097s] -- The C compiler identification is GNU 7.5.0
[0.166s] -- The CXX compiler identification is GNU 7.5.0
[0.171s] -- Check for working C compiler: /usr/bin/cc
[0.247s] -- Check for working C compiler: /usr/bin/cc -- works
[0.248s] -- Detecting C compiler ABI info
[0.321s] -- Detecting C compiler ABI info - done
[0.330s] -- Detecting C compile features
[0.561s] -- Detecting C compile features - done
[0.565s] -- Check for working CXX compiler: /usr/bin/c++
[0.670s] -- Check for working CXX compiler: /usr/bin/c++ -- works
[0.671s] -- Detecting CXX compiler ABI info
[0.823s] -- Detecting CXX compiler ABI info - done
[0.838s] -- Detecting CXX compile features
[1.565s] -- Detecting CXX compile features - done
[1.567s] -- CUDA compilation status: .
[1.568s] -- Using CATKIN_DEVEL_PREFIX: /home/yeap/APC_2022_Prac/airsimversion/autoware.ai/build/autoware_pointgrey_drivers/devel
[1.568s] -- Using CMAKE_PREFIX_PATH: /home/yeap/APC_2022_Prac/airsimversion/autoware.ai/install/autoware_build_flags;/opt/ros/melodic
[1.569s] -- This workspace overlays: /home/yeap/APC_2022_Prac/airsimversion/autoware.ai/install/autoware_build_flags;/opt/ros/melodic
[1.597s] -- Found PythonInterp: /usr/bin/python2 (found suitable version "2.7.17", minimum required is "2") 
[1.597s] -- Using PYTHON_EXECUTABLE: /usr/bin/python2
[1.597s] -- Using Debian Python package layout
[1.597s] -- Using empy: /usr/bin/empy
[1.760s] -- Using CATKIN_ENABLE_TESTING: ON
[1.761s] -- Call enable_testing()
[1.764s] -- Using CATKIN_TEST_RESULTS_DIR: /home/yeap/APC_2022_Prac/airsimversion/autoware.ai/build/autoware_pointgrey_drivers/test_results
[1.784s] -- Found gtest sources under '/usr/src/googletest': gtests will be built
[1.784s] -- Found gmock sources under '/usr/src/googletest': gmock will be built
[1.798s] -- Found PythonInterp: /usr/bin/python2 (found version "2.7.17") 
[1.799s] -- Looking for pthread.h
[1.879s] -- Looking for pthread.h - found
[1.879s] -- Looking for pthread_create
[1.968s] -- Looking for pthread_create - not found
[1.968s] -- Looking for pthread_create in pthreads
[2.031s] -- Looking for pthread_create in pthreads - not found
[2.032s] -- Looking for pthread_create in pthread
[2.110s] -- Looking for pthread_create in pthread - found
[2.110s] -- Found Threads: TRUE  
[2.114s] -- Using Python nosetests: /usr/bin/nosetests-2.7
[2.160s] -- catkin 0.7.29
[2.160s] -- BUILD_SHARED_LIBS is on
[2.386s] -- Using these message generators: gencpp;geneus;genlisp;gennodejs;genpy
[2.537s] -- Found OpenCV: /usr (found version "3.2.0") 
[2.680s] 'FlyCapture SDK' is not installed. 'grasshopper3_camera' will not be built.
[2.680s] 'SDK for Ladybug' is not installed. 'ladybug_camera' will not be built.
[2.680s] 'SDK for Spinnaker' is not installed. 'spinnaker_camera' will not be built.
[2.683s] -- Configuring done
[2.703s] -- Generating done
[2.710s] -- Build files have been written to: /home/yeap/APC_2022_Prac/airsimversion/autoware.ai/build/autoware_pointgrey_drivers
[2.716s] Invoked command in '/home/yeap/APC_2022_Prac/airsimversion/autoware.ai/build/autoware_pointgrey_drivers' returned '0': CMAKE_PREFIX_PATH=/home/yeap/APC_2022_Prac/airsimversion/autoware.ai/install/autoware_build_flags:${CMAKE_PREFIX_PATH} PKG_CONFIG_PATH=/home/yeap/APC_2022_Prac/airsimversion/autoware.ai/install/autoware_build_flags/lib/x86_64-linux-gnu/pkgconfig:/home/yeap/APC_2022_Prac/airsimversion/autoware.ai/install/autoware_build_flags/lib/pkgconfig:${PKG_CONFIG_PATH} ROS_PACKAGE_PATH=/home/yeap/APC_2022_Prac/airsimversion/autoware.ai/install/autoware_build_flags/share:${ROS_PACKAGE_PATH} /usr/bin/cmake /home/yeap/APC_2022_Prac/airsimversion/autoware.ai/src/drivers/awf_drivers/pointgrey -DCMAKE_BUILD_TYPE=Release -DCATKIN_INSTALL_INTO_PREFIX_ROOT=0 -DCMAKE_INSTALL_PREFIX=/home/yeap/APC_2022_Prac/airsimversion/autoware.ai/install/autoware_pointgrey_drivers
[2.720s] Invoking command in '/home/yeap/APC_2022_Prac/airsimversion/autoware.ai/build/autoware_pointgrey_drivers': CMAKE_PREFIX_PATH=/home/yeap/APC_2022_Prac/airsimversion/autoware.ai/install/autoware_build_flags:${CMAKE_PREFIX_PATH} PKG_CONFIG_PATH=/home/yeap/APC_2022_Prac/airsimversion/autoware.ai/install/autoware_build_flags/lib/x86_64-linux-gnu/pkgconfig:/home/yeap/APC_2022_Prac/airsimversion/autoware.ai/install/autoware_build_flags/lib/pkgconfig:${PKG_CONFIG_PATH} ROS_PACKAGE_PATH=/home/yeap/APC_2022_Prac/airsimversion/autoware.ai/install/autoware_build_flags/share:${ROS_PACKAGE_PATH} /usr/bin/cmake --build /home/yeap/APC_2022_Prac/airsimversion/autoware.ai/build/autoware_pointgrey_drivers -- -j6 -l6
[2.769s] Invoked command in '/home/yeap/APC_2022_Prac/airsimversion/autoware.ai/build/autoware_pointgrey_drivers' returned '0': CMAKE_PREFIX_PATH=/home/yeap/APC_2022_Prac/airsimversion/autoware.ai/install/autoware_build_flags:${CMAKE_PREFIX_PATH} PKG_CONFIG_PATH=/home/yeap/APC_2022_Prac/airsimversion/autoware.ai/install/autoware_build_flags/lib/x86_64-linux-gnu/pkgconfig:/home/yeap/APC_2022_Prac/airsimversion/autoware.ai/install/autoware_build_flags/lib/pkgconfig:${PKG_CONFIG_PATH} ROS_PACKAGE_PATH=/home/yeap/APC_2022_Prac/airsimversion/autoware.ai/install/autoware_build_flags/share:${ROS_PACKAGE_PATH} /usr/bin/cmake --build /home/yeap/APC_2022_Prac/airsimversion/autoware.ai/build/autoware_pointgrey_drivers -- -j6 -l6
[2.867s] Invoking command in '/home/yeap/APC_2022_Prac/airsimversion/autoware.ai/build/autoware_pointgrey_drivers': CMAKE_PREFIX_PATH=/home/yeap/APC_2022_Prac/airsimversion/autoware.ai/install/autoware_build_flags:${CMAKE_PREFIX_PATH} PKG_CONFIG_PATH=/home/yeap/APC_2022_Prac/airsimversion/autoware.ai/install/autoware_build_flags/lib/x86_64-linux-gnu/pkgconfig:/home/yeap/APC_2022_Prac/airsimversion/autoware.ai/install/autoware_build_flags/lib/pkgconfig:${PKG_CONFIG_PATH} ROS_PACKAGE_PATH=/home/yeap/APC_2022_Prac/airsimversion/autoware.ai/install/autoware_build_flags/share:${ROS_PACKAGE_PATH} /usr/bin/cmake --build /home/yeap/APC_2022_Prac/airsimversion/autoware.ai/build/autoware_pointgrey_drivers --target tests -- -j6 -l6
[2.935s] [35m[1mScanning dependencies of target tests[0m
[2.946s] Built target tests
[2.961s] Invoked command in '/home/yeap/APC_2022_Prac/airsimversion/autoware.ai/build/autoware_pointgrey_drivers' returned '0': CMAKE_PREFIX_PATH=/home/yeap/APC_2022_Prac/airsimversion/autoware.ai/install/autoware_build_flags:${CMAKE_PREFIX_PATH} PKG_CONFIG_PATH=/home/yeap/APC_2022_Prac/airsimversion/autoware.ai/install/autoware_build_flags/lib/x86_64-linux-gnu/pkgconfig:/home/yeap/APC_2022_Prac/airsimversion/autoware.ai/install/autoware_build_flags/lib/pkgconfig:${PKG_CONFIG_PATH} ROS_PACKAGE_PATH=/home/yeap/APC_2022_Prac/airsimversion/autoware.ai/install/autoware_build_flags/share:${ROS_PACKAGE_PATH} /usr/bin/cmake --build /home/yeap/APC_2022_Prac/airsimversion/autoware.ai/build/autoware_pointgrey_drivers --target tests -- -j6 -l6
[3.039s] Invoking command in '/home/yeap/APC_2022_Prac/airsimversion/autoware.ai/build/autoware_pointgrey_drivers': CMAKE_PREFIX_PATH=/home/yeap/APC_2022_Prac/airsimversion/autoware.ai/install/autoware_build_flags:${CMAKE_PREFIX_PATH} PKG_CONFIG_PATH=/home/yeap/APC_2022_Prac/airsimversion/autoware.ai/install/autoware_build_flags/lib/x86_64-linux-gnu/pkgconfig:/home/yeap/APC_2022_Prac/airsimversion/autoware.ai/install/autoware_build_flags/lib/pkgconfig:${PKG_CONFIG_PATH} ROS_PACKAGE_PATH=/home/yeap/APC_2022_Prac/airsimversion/autoware.ai/install/autoware_build_flags/share:${ROS_PACKAGE_PATH} /usr/bin/cmake --build /home/yeap/APC_2022_Prac/airsimversion/autoware.ai/build/autoware_pointgrey_drivers --target install -- -j6 -l6
[3.109s] [36mInstall the project...[0m
[3.122s] -- Install configuration: "Release"
[3.122s] -- Installing: /home/yeap/APC_2022_Prac/airsimversion/autoware.ai/install/autoware_pointgrey_drivers/lib/pkgconfig/autoware_pointgrey_drivers.pc
[3.122s] -- Installing: /home/yeap/APC_2022_Prac/airsimversion/autoware.ai/install/autoware_pointgrey_drivers/share/autoware_pointgrey_drivers/cmake/autoware_pointgrey_driversConfig.cmake
[3.122s] -- Installing: /home/yeap/APC_2022_Prac/airsimversion/autoware.ai/install/autoware_pointgrey_drivers/share/autoware_pointgrey_drivers/cmake/autoware_pointgrey_driversConfig-version.cmake
[3.122s] -- Installing: /home/yeap/APC_2022_Prac/airsimversion/autoware.ai/install/autoware_pointgrey_drivers/share/autoware_pointgrey_drivers/package.xml
[3.125s] Invoked command in '/home/yeap/APC_2022_Prac/airsimversion/autoware.ai/build/autoware_pointgrey_drivers' returned '0': CMAKE_PREFIX_PATH=/home/yeap/APC_2022_Prac/airsimversion/autoware.ai/install/autoware_build_flags:${CMAKE_PREFIX_PATH} PKG_CONFIG_PATH=/home/yeap/APC_2022_Prac/airsimversion/autoware.ai/install/autoware_build_flags/lib/x86_64-linux-gnu/pkgconfig:/home/yeap/APC_2022_Prac/airsimversion/autoware.ai/install/autoware_build_flags/lib/pkgconfig:${PKG_CONFIG_PATH} ROS_PACKAGE_PATH=/home/yeap/APC_2022_Prac/airsimversion/autoware.ai/install/autoware_build_flags/share:${ROS_PACKAGE_PATH} /usr/bin/cmake --build /home/yeap/APC_2022_Prac/airsimversion/autoware.ai/build/autoware_pointgrey_drivers --target install -- -j6 -l6
