[0.039s] Invoking command in '/home/yeap/APC_2022_Prac/airsimversion/autoware.ai/build/autoware_system_msgs': /usr/bin/cmake /home/yeap/APC_2022_Prac/airsimversion/autoware.ai/src/autoware/messages/autoware_system_msgs -DCMAKE_BUILD_TYPE=Release -DCATKIN_INSTALL_INTO_PREFIX_ROOT=0 -DCMAKE_INSTALL_PREFIX=/home/yeap/APC_2022_Prac/airsimversion/autoware.ai/install/autoware_system_msgs
[0.242s] -- The C compiler identification is GNU 7.5.0
[0.343s] -- The CXX compiler identification is GNU 7.5.0
[0.347s] -- Check for working C compiler: /usr/bin/cc
[0.691s] -- Check for working C compiler: /usr/bin/cc -- works
[0.692s] -- Detecting C compiler ABI info
[1.133s] -- Detecting C compiler ABI info - done
[1.141s] -- Detecting C compile features
[2.223s] -- Detecting C compile features - done
[2.225s] -- Check for working CXX compiler: /usr/bin/c++
[2.622s] -- Check for working CXX compiler: /usr/bin/c++ -- works
[2.622s] -- Detecting CXX compiler ABI info
[3.126s] -- Detecting CXX compiler ABI info - done
[3.134s] -- Detecting CXX compile features
[5.069s] -- Detecting CXX compile features - done
[5.070s] -- Using CATKIN_DEVEL_PREFIX: /home/yeap/APC_2022_Prac/airsimversion/autoware.ai/build/autoware_system_msgs/devel
[5.071s] -- Using CMAKE_PREFIX_PATH: /opt/ros/melodic
[5.071s] -- This workspace overlays: /opt/ros/melodic
[5.105s] -- Found PythonInterp: /usr/bin/python2 (found suitable version "2.7.17", minimum required is "2") 
[5.105s] -- Using PYTHON_EXECUTABLE: /usr/bin/python2
[5.105s] -- Using Debian Python package layout
[5.105s] -- Using empy: /usr/bin/empy
[5.811s] -- Using CATKIN_ENABLE_TESTING: ON
[5.811s] -- Call enable_testing()
[5.828s] -- Using CATKIN_TEST_RESULTS_DIR: /home/yeap/APC_2022_Prac/airsimversion/autoware.ai/build/autoware_system_msgs/test_results
[5.866s] -- Found gtest sources under '/usr/src/googletest': gtests will be built
[5.866s] -- Found gmock sources under '/usr/src/googletest': gmock will be built
[5.922s] -- Found PythonInterp: /usr/bin/python2 (found version "2.7.17") 
[5.923s] -- Looking for pthread.h
[6.373s] -- Looking for pthread.h - found
[6.373s] -- Looking for pthread_create
[6.667s] -- Looking for pthread_create - not found
[6.667s] -- Looking for pthread_create in pthreads
[7.073s] -- Looking for pthread_create in pthreads - not found
[7.073s] -- Looking for pthread_create in pthread
[7.557s] -- Looking for pthread_create in pthread - found
[7.559s] -- Found Threads: TRUE  
[7.563s] -- Using Python nosetests: /usr/bin/nosetests-2.7
[7.748s] -- catkin 0.7.29
[7.748s] -- BUILD_SHARED_LIBS is on
[8.196s] -- Using these message generators: gencpp;geneus;genlisp;gennodejs;genpy
[9.004s] -- autoware_system_msgs: 5 messages, 0 services
[9.613s] -- Configuring done
[9.677s] -- Generating done
[9.704s] -- Build files have been written to: /home/yeap/APC_2022_Prac/airsimversion/autoware.ai/build/autoware_system_msgs
[9.731s] Invoked command in '/home/yeap/APC_2022_Prac/airsimversion/autoware.ai/build/autoware_system_msgs' returned '0': /usr/bin/cmake /home/yeap/APC_2022_Prac/airsimversion/autoware.ai/src/autoware/messages/autoware_system_msgs -DCMAKE_BUILD_TYPE=Release -DCATKIN_INSTALL_INTO_PREFIX_ROOT=0 -DCMAKE_INSTALL_PREFIX=/home/yeap/APC_2022_Prac/airsimversion/autoware.ai/install/autoware_system_msgs
[9.732s] Invoking command in '/home/yeap/APC_2022_Prac/airsimversion/autoware.ai/build/autoware_system_msgs': /usr/bin/cmake --build /home/yeap/APC_2022_Prac/airsimversion/autoware.ai/build/autoware_system_msgs -- -j6 -l6
[9.926s] [35m[1mScanning dependencies of target rosgraph_msgs_generate_messages_lisp[0m
[9.926s] [35m[1mScanning dependencies of target _autoware_system_msgs_generate_messages_check_deps_HardwareStatus[0m
[9.974s] [35m[1mScanning dependencies of target _autoware_system_msgs_generate_messages_check_deps_NodeStatus[0m
[9.978s] [35m[1mScanning dependencies of target _autoware_system_msgs_generate_messages_check_deps_SystemStatus[0m
[9.986s] [35m[1mScanning dependencies of target std_msgs_generate_messages_lisp[0m
[9.999s] [35m[1mScanning dependencies of target _autoware_system_msgs_generate_messages_check_deps_DiagnosticStatus[0m
[10.026s] [  0%] Built target rosgraph_msgs_generate_messages_lisp
[10.123s] [  0%] Built target std_msgs_generate_messages_lisp
[10.176s] [35m[1mScanning dependencies of target _autoware_system_msgs_generate_messages_check_deps_DiagnosticStatusArray[0m
[10.203s] [  0%] Built target _autoware_system_msgs_generate_messages_check_deps_SystemStatus
[10.213s] [35m[1mScanning dependencies of target rosgraph_msgs_generate_messages_cpp[0m
[10.216s] [  0%] Built target _autoware_system_msgs_generate_messages_check_deps_HardwareStatus
[10.225s] [  0%] Built target _autoware_system_msgs_generate_messages_check_deps_NodeStatus
[10.262s] [  0%] Built target _autoware_system_msgs_generate_messages_check_deps_DiagnosticStatus
[10.298s] [35m[1mScanning dependencies of target std_msgs_generate_messages_cpp[0m
[10.304s] [35m[1mScanning dependencies of target rosgraph_msgs_generate_messages_py[0m
[10.305s] [  0%] Built target rosgraph_msgs_generate_messages_cpp
[10.309s] [35m[1mScanning dependencies of target std_msgs_generate_messages_py[0m
[10.354s] [  0%] Built target std_msgs_generate_messages_py
[10.360s] [35m[1mScanning dependencies of target std_msgs_generate_messages_nodejs[0m
[10.372s] [35m[1mScanning dependencies of target rosgraph_msgs_generate_messages_nodejs[0m
[10.376s] [  0%] Built target rosgraph_msgs_generate_messages_py
[10.411s] [  0%] Built target _autoware_system_msgs_generate_messages_check_deps_DiagnosticStatusArray
[10.438s] [  0%] Built target std_msgs_generate_messages_cpp
[10.451s] [  0%] Built target std_msgs_generate_messages_nodejs
[10.466s] [  0%] Built target rosgraph_msgs_generate_messages_nodejs
[10.472s] [35m[1mScanning dependencies of target std_msgs_generate_messages_eus[0m
[10.486s] [35m[1mScanning dependencies of target rosgraph_msgs_generate_messages_eus[0m
[10.515s] [35m[1mScanning dependencies of target autoware_system_msgs_generate_messages_lisp[0m
[10.525s] [  0%] Built target rosgraph_msgs_generate_messages_eus
[10.526s] [35m[1mScanning dependencies of target autoware_system_msgs_generate_messages_py[0m
[10.528s] [  0%] Built target std_msgs_generate_messages_eus
[10.542s] [35m[1mScanning dependencies of target autoware_system_msgs_generate_messages_cpp[0m
[10.561s] [35m[1mScanning dependencies of target autoware_system_msgs_generate_messages_nodejs[0m
[10.566s] [  3%] [34m[1mGenerating Lisp code from autoware_system_msgs/NodeStatus.msg[0m
[10.582s] [  7%] [34m[1mGenerating Python from MSG autoware_system_msgs/SystemStatus[0m
[10.588s] [ 11%] [34m[1mGenerating C++ code from autoware_system_msgs/NodeStatus.msg[0m
[10.620s] [35m[1mScanning dependencies of target autoware_system_msgs_generate_messages_eus[0m
[10.621s] [ 14%] [34m[1mGenerating Python from MSG autoware_system_msgs/NodeStatus[0m
[10.658s] [ 18%] [34m[1mGenerating Javascript code from autoware_system_msgs/NodeStatus.msg[0m
[10.714s] [ 22%] [34m[1mGenerating Lisp code from autoware_system_msgs/SystemStatus.msg[0m
[10.718s] [ 25%] [34m[1mGenerating EusLisp code from autoware_system_msgs/NodeStatus.msg[0m
[10.894s] [ 29%] [34m[1mGenerating Lisp code from autoware_system_msgs/DiagnosticStatusArray.msg[0m
[10.931s] [ 33%] [34m[1mGenerating Javascript code from autoware_system_msgs/SystemStatus.msg[0m
[10.982s] [ 37%] [34m[1mGenerating EusLisp code from autoware_system_msgs/SystemStatus.msg[0m
[11.033s] [ 40%] [34m[1mGenerating Lisp code from autoware_system_msgs/DiagnosticStatus.msg[0m
[11.070s] [ 44%] [34m[1mGenerating C++ code from autoware_system_msgs/SystemStatus.msg[0m
[11.170s] [ 48%] [34m[1mGenerating Javascript code from autoware_system_msgs/DiagnosticStatusArray.msg[0m
[11.242s] [ 51%] [34m[1mGenerating Lisp code from autoware_system_msgs/HardwareStatus.msg[0m
[11.243s] [ 55%] [34m[1mGenerating EusLisp code from autoware_system_msgs/DiagnosticStatusArray.msg[0m
[11.365s] [ 55%] Built target autoware_system_msgs_generate_messages_lisp
[11.383s] [ 59%] [34m[1mGenerating Javascript code from autoware_system_msgs/DiagnosticStatus.msg[0m
[11.386s] [ 62%] [34m[1mGenerating EusLisp code from autoware_system_msgs/DiagnosticStatus.msg[0m
[11.391s] [ 70%] [34m[1mGenerating C++ code from autoware_system_msgs/DiagnosticStatus.msg[0m
[11.391s] [ 70%] [34m[1mGenerating C++ code from autoware_system_msgs/DiagnosticStatusArray.msg[0m
[11.414s] [ 74%] [34m[1mGenerating Python from MSG autoware_system_msgs/DiagnosticStatusArray[0m
[11.438s] [ 77%] [34m[1mGenerating Javascript code from autoware_system_msgs/HardwareStatus.msg[0m
[11.570s] [ 81%] [34m[1mGenerating EusLisp code from autoware_system_msgs/HardwareStatus.msg[0m
[11.650s] [ 81%] Built target autoware_system_msgs_generate_messages_nodejs
[11.707s] [ 85%] [34m[1mGenerating EusLisp manifest code for autoware_system_msgs[0m
[11.757s] [ 88%] [34m[1mGenerating Python from MSG autoware_system_msgs/DiagnosticStatus[0m
[11.788s] [ 92%] [34m[1mGenerating C++ code from autoware_system_msgs/HardwareStatus.msg[0m
[11.853s] [ 96%] [34m[1mGenerating Python from MSG autoware_system_msgs/HardwareStatus[0m
[12.122s] [ 96%] Built target autoware_system_msgs_generate_messages_cpp
[12.471s] [100%] [34m[1mGenerating Python msg __init__.py for autoware_system_msgs[0m
[12.874s] [100%] Built target autoware_system_msgs_generate_messages_eus
[13.009s] [100%] Built target autoware_system_msgs_generate_messages_py
[13.037s] [35m[1mScanning dependencies of target autoware_system_msgs_generate_messages[0m
[13.100s] [100%] Built target autoware_system_msgs_generate_messages
[13.144s] Invoked command in '/home/yeap/APC_2022_Prac/airsimversion/autoware.ai/build/autoware_system_msgs' returned '0': /usr/bin/cmake --build /home/yeap/APC_2022_Prac/airsimversion/autoware.ai/build/autoware_system_msgs -- -j6 -l6
[13.701s] Invoking command in '/home/yeap/APC_2022_Prac/airsimversion/autoware.ai/build/autoware_system_msgs': /usr/bin/cmake --build /home/yeap/APC_2022_Prac/airsimversion/autoware.ai/build/autoware_system_msgs --target tests -- -j6 -l6
[13.949s] [35m[1mScanning dependencies of target tests[0m
[14.002s] Built target tests
[14.026s] Invoked command in '/home/yeap/APC_2022_Prac/airsimversion/autoware.ai/build/autoware_system_msgs' returned '0': /usr/bin/cmake --build /home/yeap/APC_2022_Prac/airsimversion/autoware.ai/build/autoware_system_msgs --target tests -- -j6 -l6
[14.751s] Invoking command in '/home/yeap/APC_2022_Prac/airsimversion/autoware.ai/build/autoware_system_msgs': /usr/bin/cmake --build /home/yeap/APC_2022_Prac/airsimversion/autoware.ai/build/autoware_system_msgs --target install -- -j6 -l6
[15.050s] [  0%] Built target _autoware_system_msgs_generate_messages_check_deps_HardwareStatus
[15.213s] [  0%] Built target _autoware_system_msgs_generate_messages_check_deps_DiagnosticStatus
[15.337s] [  0%] Built target _autoware_system_msgs_generate_messages_check_deps_DiagnosticStatusArray
[15.411s] [  0%] Built target rosgraph_msgs_generate_messages_cpp
[15.495s] [  0%] Built target std_msgs_generate_messages_cpp
[15.593s] [  0%] Built target std_msgs_generate_messages_py
[15.713s] [  0%] Built target rosgraph_msgs_generate_messages_py
[15.795s] [  0%] Built target std_msgs_generate_messages_nodejs
[15.884s] [  0%] Built target rosgraph_msgs_generate_messages_nodejs
[15.977s] [  0%] Built target rosgraph_msgs_generate_messages_eus
[16.068s] [  0%] Built target std_msgs_generate_messages_eus
[16.210s] [  0%] Built target _autoware_system_msgs_generate_messages_check_deps_NodeStatus
[16.275s] [  0%] Built target rosgraph_msgs_generate_messages_lisp
[16.299s] [  0%] Built target std_msgs_generate_messages_lisp
[16.411s] [  0%] Built target _autoware_system_msgs_generate_messages_check_deps_SystemStatus
[16.501s] [ 18%] Built target autoware_system_msgs_generate_messages_lisp
[16.603s] [ 40%] Built target autoware_system_msgs_generate_messages_eus
[16.696s] [ 59%] Built target autoware_system_msgs_generate_messages_nodejs
[16.805s] [ 81%] Built target autoware_system_msgs_generate_messages_py
[16.921s] [100%] Built target autoware_system_msgs_generate_messages_cpp
[17.004s] [100%] Built target autoware_system_msgs_generate_messages
[17.074s] [36mInstall the project...[0m
[17.084s] -- Install configuration: "Release"
[17.084s] -- Installing: /home/yeap/APC_2022_Prac/airsimversion/autoware.ai/install/autoware_system_msgs/share/autoware_system_msgs/msg/DiagnosticStatus.msg
[17.084s] -- Installing: /home/yeap/APC_2022_Prac/airsimversion/autoware.ai/install/autoware_system_msgs/share/autoware_system_msgs/msg/DiagnosticStatusArray.msg
[17.084s] -- Installing: /home/yeap/APC_2022_Prac/airsimversion/autoware.ai/install/autoware_system_msgs/share/autoware_system_msgs/msg/HardwareStatus.msg
[17.084s] -- Installing: /home/yeap/APC_2022_Prac/airsimversion/autoware.ai/install/autoware_system_msgs/share/autoware_system_msgs/msg/NodeStatus.msg
[17.084s] -- Installing: /home/yeap/APC_2022_Prac/airsimversion/autoware.ai/install/autoware_system_msgs/share/autoware_system_msgs/msg/SystemStatus.msg
[17.085s] -- Installing: /home/yeap/APC_2022_Prac/airsimversion/autoware.ai/install/autoware_system_msgs/share/autoware_system_msgs/cmake/autoware_system_msgs-msg-paths.cmake
[17.085s] -- Installing: /home/yeap/APC_2022_Prac/airsimversion/autoware.ai/install/autoware_system_msgs/include/autoware_system_msgs
[17.085s] -- Installing: /home/yeap/APC_2022_Prac/airsimversion/autoware.ai/install/autoware_system_msgs/include/autoware_system_msgs/SystemStatus.h
[17.085s] -- Installing: /home/yeap/APC_2022_Prac/airsimversion/autoware.ai/install/autoware_system_msgs/include/autoware_system_msgs/DiagnosticStatus.h
[17.085s] -- Installing: /home/yeap/APC_2022_Prac/airsimversion/autoware.ai/install/autoware_system_msgs/include/autoware_system_msgs/NodeStatus.h
[17.085s] -- Installing: /home/yeap/APC_2022_Prac/airsimversion/autoware.ai/install/autoware_system_msgs/include/autoware_system_msgs/HardwareStatus.h
[17.085s] -- Installing: /home/yeap/APC_2022_Prac/airsimversion/autoware.ai/install/autoware_system_msgs/include/autoware_system_msgs/DiagnosticStatusArray.h
[17.085s] -- Installing: /home/yeap/APC_2022_Prac/airsimversion/autoware.ai/install/autoware_system_msgs/share/roseus/ros/autoware_system_msgs
[17.085s] -- Installing: /home/yeap/APC_2022_Prac/airsimversion/autoware.ai/install/autoware_system_msgs/share/roseus/ros/autoware_system_msgs/msg
[17.085s] -- Installing: /home/yeap/APC_2022_Prac/airsimversion/autoware.ai/install/autoware_system_msgs/share/roseus/ros/autoware_system_msgs/msg/NodeStatus.l
[17.085s] -- Installing: /home/yeap/APC_2022_Prac/airsimversion/autoware.ai/install/autoware_system_msgs/share/roseus/ros/autoware_system_msgs/msg/DiagnosticStatus.l
[17.086s] -- Installing: /home/yeap/APC_2022_Prac/airsimversion/autoware.ai/install/autoware_system_msgs/share/roseus/ros/autoware_system_msgs/msg/DiagnosticStatusArray.l
[17.086s] -- Installing: /home/yeap/APC_2022_Prac/airsimversion/autoware.ai/install/autoware_system_msgs/share/roseus/ros/autoware_system_msgs/msg/SystemStatus.l
[17.086s] -- Installing: /home/yeap/APC_2022_Prac/airsimversion/autoware.ai/install/autoware_system_msgs/share/roseus/ros/autoware_system_msgs/msg/HardwareStatus.l
[17.087s] -- Installing: /home/yeap/APC_2022_Prac/airsimversion/autoware.ai/install/autoware_system_msgs/share/roseus/ros/autoware_system_msgs/manifest.l
[17.087s] -- Installing: /home/yeap/APC_2022_Prac/airsimversion/autoware.ai/install/autoware_system_msgs/share/common-lisp/ros/autoware_system_msgs
[17.087s] -- Installing: /home/yeap/APC_2022_Prac/airsimversion/autoware.ai/install/autoware_system_msgs/share/common-lisp/ros/autoware_system_msgs/msg
[17.087s] -- Installing: /home/yeap/APC_2022_Prac/airsimversion/autoware.ai/install/autoware_system_msgs/share/common-lisp/ros/autoware_system_msgs/msg/_package_DiagnosticStatusArray.lisp
[17.087s] -- Installing: /home/yeap/APC_2022_Prac/airsimversion/autoware.ai/install/autoware_system_msgs/share/common-lisp/ros/autoware_system_msgs/msg/SystemStatus.lisp
[17.087s] -- Installing: /home/yeap/APC_2022_Prac/airsimversion/autoware.ai/install/autoware_system_msgs/share/common-lisp/ros/autoware_system_msgs/msg/_package.lisp
[17.087s] -- Installing: /home/yeap/APC_2022_Prac/airsimversion/autoware.ai/install/autoware_system_msgs/share/common-lisp/ros/autoware_system_msgs/msg/DiagnosticStatusArray.lisp
[17.087s] -- Installing: /home/yeap/APC_2022_Prac/airsimversion/autoware.ai/install/autoware_system_msgs/share/common-lisp/ros/autoware_system_msgs/msg/_package_NodeStatus.lisp
[17.087s] -- Installing: /home/yeap/APC_2022_Prac/airsimversion/autoware.ai/install/autoware_system_msgs/share/common-lisp/ros/autoware_system_msgs/msg/_package_DiagnosticStatus.lisp
[17.087s] -- Installing: /home/yeap/APC_2022_Prac/airsimversion/autoware.ai/install/autoware_system_msgs/share/common-lisp/ros/autoware_system_msgs/msg/_package_HardwareStatus.lisp
[17.087s] -- Installing: /home/yeap/APC_2022_Prac/airsimversion/autoware.ai/install/autoware_system_msgs/share/common-lisp/ros/autoware_system_msgs/msg/NodeStatus.lisp
[17.087s] -- Installing: /home/yeap/APC_2022_Prac/airsimversion/autoware.ai/install/autoware_system_msgs/share/common-lisp/ros/autoware_system_msgs/msg/HardwareStatus.lisp
[17.087s] -- Installing: /home/yeap/APC_2022_Prac/airsimversion/autoware.ai/install/autoware_system_msgs/share/common-lisp/ros/autoware_system_msgs/msg/autoware_system_msgs-msg.asd
[17.087s] -- Installing: /home/yeap/APC_2022_Prac/airsimversion/autoware.ai/install/autoware_system_msgs/share/common-lisp/ros/autoware_system_msgs/msg/_package_SystemStatus.lisp
[17.088s] -- Installing: /home/yeap/APC_2022_Prac/airsimversion/autoware.ai/install/autoware_system_msgs/share/common-lisp/ros/autoware_system_msgs/msg/DiagnosticStatus.lisp
[17.088s] -- Installing: /home/yeap/APC_2022_Prac/airsimversion/autoware.ai/install/autoware_system_msgs/share/gennodejs/ros/autoware_system_msgs
[17.088s] -- Installing: /home/yeap/APC_2022_Prac/airsimversion/autoware.ai/install/autoware_system_msgs/share/gennodejs/ros/autoware_system_msgs/msg
[17.088s] -- Installing: /home/yeap/APC_2022_Prac/airsimversion/autoware.ai/install/autoware_system_msgs/share/gennodejs/ros/autoware_system_msgs/msg/DiagnosticStatus.js
[17.088s] -- Installing: /home/yeap/APC_2022_Prac/airsimversion/autoware.ai/install/autoware_system_msgs/share/gennodejs/ros/autoware_system_msgs/msg/_index.js
[17.088s] -- Installing: /home/yeap/APC_2022_Prac/airsimversion/autoware.ai/install/autoware_system_msgs/share/gennodejs/ros/autoware_system_msgs/msg/DiagnosticStatusArray.js
[17.088s] -- Installing: /home/yeap/APC_2022_Prac/airsimversion/autoware.ai/install/autoware_system_msgs/share/gennodejs/ros/autoware_system_msgs/msg/HardwareStatus.js
[17.088s] -- Installing: /home/yeap/APC_2022_Prac/airsimversion/autoware.ai/install/autoware_system_msgs/share/gennodejs/ros/autoware_system_msgs/msg/SystemStatus.js
[17.088s] -- Installing: /home/yeap/APC_2022_Prac/airsimversion/autoware.ai/install/autoware_system_msgs/share/gennodejs/ros/autoware_system_msgs/msg/NodeStatus.js
[17.088s] -- Installing: /home/yeap/APC_2022_Prac/airsimversion/autoware.ai/install/autoware_system_msgs/share/gennodejs/ros/autoware_system_msgs/_index.js
[17.112s] Listing /home/yeap/APC_2022_Prac/airsimversion/autoware.ai/build/autoware_system_msgs/devel/lib/python2.7/dist-packages/autoware_system_msgs ...
[17.112s] Compiling /home/yeap/APC_2022_Prac/airsimversion/autoware.ai/build/autoware_system_msgs/devel/lib/python2.7/dist-packages/autoware_system_msgs/__init__.py ...
[17.112s] Listing /home/yeap/APC_2022_Prac/airsimversion/autoware.ai/build/autoware_system_msgs/devel/lib/python2.7/dist-packages/autoware_system_msgs/msg ...
[17.112s] Compiling /home/yeap/APC_2022_Prac/airsimversion/autoware.ai/build/autoware_system_msgs/devel/lib/python2.7/dist-packages/autoware_system_msgs/msg/_DiagnosticStatus.py ...
[17.112s] Compiling /home/yeap/APC_2022_Prac/airsimversion/autoware.ai/build/autoware_system_msgs/devel/lib/python2.7/dist-packages/autoware_system_msgs/msg/_DiagnosticStatusArray.py ...
[17.112s] Compiling /home/yeap/APC_2022_Prac/airsimversion/autoware.ai/build/autoware_system_msgs/devel/lib/python2.7/dist-packages/autoware_system_msgs/msg/_HardwareStatus.py ...
[17.112s] Compiling /home/yeap/APC_2022_Prac/airsimversion/autoware.ai/build/autoware_system_msgs/devel/lib/python2.7/dist-packages/autoware_system_msgs/msg/_NodeStatus.py ...
[17.112s] Compiling /home/yeap/APC_2022_Prac/airsimversion/autoware.ai/build/autoware_system_msgs/devel/lib/python2.7/dist-packages/autoware_system_msgs/msg/_SystemStatus.py ...
[17.112s] Compiling /home/yeap/APC_2022_Prac/airsimversion/autoware.ai/build/autoware_system_msgs/devel/lib/python2.7/dist-packages/autoware_system_msgs/msg/__init__.py ...
[17.114s] -- Installing: /home/yeap/APC_2022_Prac/airsimversion/autoware.ai/install/autoware_system_msgs/lib/python2.7/dist-packages/autoware_system_msgs
[17.114s] -- Installing: /home/yeap/APC_2022_Prac/airsimversion/autoware.ai/install/autoware_system_msgs/lib/python2.7/dist-packages/autoware_system_msgs/msg
[17.114s] -- Installing: /home/yeap/APC_2022_Prac/airsimversion/autoware.ai/install/autoware_system_msgs/lib/python2.7/dist-packages/autoware_system_msgs/msg/_HardwareStatus.pyc
[17.114s] -- Installing: /home/yeap/APC_2022_Prac/airsimversion/autoware.ai/install/autoware_system_msgs/lib/python2.7/dist-packages/autoware_system_msgs/msg/_DiagnosticStatus.pyc
[17.115s] -- Installing: /home/yeap/APC_2022_Prac/airsimversion/autoware.ai/install/autoware_system_msgs/lib/python2.7/dist-packages/autoware_system_msgs/msg/__init__.pyc
[17.115s] -- Installing: /home/yeap/APC_2022_Prac/airsimversion/autoware.ai/install/autoware_system_msgs/lib/python2.7/dist-packages/autoware_system_msgs/msg/_SystemStatus.pyc
[17.115s] -- Installing: /home/yeap/APC_2022_Prac/airsimversion/autoware.ai/install/autoware_system_msgs/lib/python2.7/dist-packages/autoware_system_msgs/msg/_HardwareStatus.py
[17.115s] -- Installing: /home/yeap/APC_2022_Prac/airsimversion/autoware.ai/install/autoware_system_msgs/lib/python2.7/dist-packages/autoware_system_msgs/msg/_DiagnosticStatusArray.pyc
[17.115s] -- Installing: /home/yeap/APC_2022_Prac/airsimversion/autoware.ai/install/autoware_system_msgs/lib/python2.7/dist-packages/autoware_system_msgs/msg/_SystemStatus.py
[17.115s] -- Installing: /home/yeap/APC_2022_Prac/airsimversion/autoware.ai/install/autoware_system_msgs/lib/python2.7/dist-packages/autoware_system_msgs/msg/_NodeStatus.py
[17.115s] -- Installing: /home/yeap/APC_2022_Prac/airsimversion/autoware.ai/install/autoware_system_msgs/lib/python2.7/dist-packages/autoware_system_msgs/msg/__init__.py
[17.115s] -- Installing: /home/yeap/APC_2022_Prac/airsimversion/autoware.ai/install/autoware_system_msgs/lib/python2.7/dist-packages/autoware_system_msgs/msg/_DiagnosticStatusArray.py
[17.115s] -- Installing: /home/yeap/APC_2022_Prac/airsimversion/autoware.ai/install/autoware_system_msgs/lib/python2.7/dist-packages/autoware_system_msgs/msg/_NodeStatus.pyc
[17.115s] -- Installing: /home/yeap/APC_2022_Prac/airsimversion/autoware.ai/install/autoware_system_msgs/lib/python2.7/dist-packages/autoware_system_msgs/msg/_DiagnosticStatus.py
[17.115s] -- Installing: /home/yeap/APC_2022_Prac/airsimversion/autoware.ai/install/autoware_system_msgs/lib/python2.7/dist-packages/autoware_system_msgs/__init__.pyc
[17.115s] -- Installing: /home/yeap/APC_2022_Prac/airsimversion/autoware.ai/install/autoware_system_msgs/lib/python2.7/dist-packages/autoware_system_msgs/__init__.py
[17.115s] -- Installing: /home/yeap/APC_2022_Prac/airsimversion/autoware.ai/install/autoware_system_msgs/lib/pkgconfig/autoware_system_msgs.pc
[17.116s] -- Installing: /home/yeap/APC_2022_Prac/airsimversion/autoware.ai/install/autoware_system_msgs/share/autoware_system_msgs/cmake/autoware_system_msgs-msg-extras.cmake
[17.116s] -- Installing: /home/yeap/APC_2022_Prac/airsimversion/autoware.ai/install/autoware_system_msgs/share/autoware_system_msgs/cmake/autoware_system_msgsConfig.cmake
[17.116s] -- Installing: /home/yeap/APC_2022_Prac/airsimversion/autoware.ai/install/autoware_system_msgs/share/autoware_system_msgs/cmake/autoware_system_msgsConfig-version.cmake
[17.116s] -- Installing: /home/yeap/APC_2022_Prac/airsimversion/autoware.ai/install/autoware_system_msgs/share/autoware_system_msgs/package.xml
[17.122s] Invoked command in '/home/yeap/APC_2022_Prac/airsimversion/autoware.ai/build/autoware_system_msgs' returned '0': /usr/bin/cmake --build /home/yeap/APC_2022_Prac/airsimversion/autoware.ai/build/autoware_system_msgs --target install -- -j6 -l6
