[0.016s] Invoking command in '/home/yeap/APC_2022_Prac/airsimversion/autoware.ai/build/data_preprocessor': CMAKE_PREFIX_PATH=/home/yeap/APC_2022_Prac/airsimversion/autoware.ai/install/autoware_build_flags:${CMAKE_PREFIX_PATH} PKG_CONFIG_PATH=/home/yeap/APC_2022_Prac/airsimversion/autoware.ai/install/autoware_build_flags/lib/x86_64-linux-gnu/pkgconfig:/home/yeap/APC_2022_Prac/airsimversion/autoware.ai/install/autoware_build_flags/lib/pkgconfig:${PKG_CONFIG_PATH} ROS_PACKAGE_PATH=/home/yeap/APC_2022_Prac/airsimversion/autoware.ai/install/autoware_build_flags/share:${ROS_PACKAGE_PATH} /usr/bin/cmake /home/yeap/APC_2022_Prac/airsimversion/autoware.ai/src/autoware/utilities/data_preprocessor -DCMAKE_BUILD_TYPE=Release -DCATKIN_INSTALL_INTO_PREFIX_ROOT=0 -DCMAKE_INSTALL_PREFIX=/home/yeap/APC_2022_Prac/airsimversion/autoware.ai/install/data_preprocessor
[0.092s] -- The C compiler identification is GNU 7.5.0
[0.163s] -- The CXX compiler identification is GNU 7.5.0
[0.168s] -- Check for working C compiler: /usr/bin/cc
[0.240s] -- Check for working C compiler: /usr/bin/cc -- works
[0.241s] -- Detecting C compiler ABI info
[0.335s] -- Detecting C compiler ABI info - done
[0.339s] -- Detecting C compile features
[0.590s] -- Detecting C compile features - done
[0.594s] -- Check for working CXX compiler: /usr/bin/c++
[0.674s] -- Check for working CXX compiler: /usr/bin/c++ -- works
[0.674s] -- Detecting CXX compiler ABI info
[0.782s] -- Detecting CXX compiler ABI info - done
[0.792s] -- Detecting CXX compile features
[1.190s] -- Detecting CXX compile features - done
[1.191s] -- CUDA compilation status: .
[1.194s] -- Using CATKIN_DEVEL_PREFIX: /home/yeap/APC_2022_Prac/airsimversion/autoware.ai/build/data_preprocessor/devel
[1.194s] -- Using CMAKE_PREFIX_PATH: /home/yeap/APC_2022_Prac/airsimversion/autoware.ai/install/autoware_build_flags;/opt/ros/melodic
[1.195s] -- This workspace overlays: /home/yeap/APC_2022_Prac/airsimversion/autoware.ai/install/autoware_build_flags;/opt/ros/melodic
[1.210s] -- Found PythonInterp: /usr/bin/python2 (found suitable version "2.7.17", minimum required is "2") 
[1.210s] -- Using PYTHON_EXECUTABLE: /usr/bin/python2
[1.211s] -- Using Debian Python package layout
[1.211s] -- Using empy: /usr/bin/empy
[1.388s] -- Using CATKIN_ENABLE_TESTING: ON
[1.388s] -- Call enable_testing()
[1.390s] -- Using CATKIN_TEST_RESULTS_DIR: /home/yeap/APC_2022_Prac/airsimversion/autoware.ai/build/data_preprocessor/test_results
[1.413s] -- Found gtest sources under '/usr/src/googletest': gtests will be built
[1.413s] -- Found gmock sources under '/usr/src/googletest': gmock will be built
[1.428s] -- Found PythonInterp: /usr/bin/python2 (found version "2.7.17") 
[1.429s] -- Looking for pthread.h
[1.503s] -- Looking for pthread.h - found
[1.509s] -- Looking for pthread_create
[1.584s] -- Looking for pthread_create - not found
[1.585s] -- Looking for pthread_create in pthreads
[1.642s] -- Looking for pthread_create in pthreads - not found
[1.644s] -- Looking for pthread_create in pthread
[1.718s] -- Looking for pthread_create in pthread - found
[1.719s] -- Found Threads: TRUE  
[1.724s] -- Using Python nosetests: /usr/bin/nosetests-2.7
[1.766s] -- catkin 0.7.29
[1.766s] -- BUILD_SHARED_LIBS is on
[2.552s] -- Using these message generators: gencpp;geneus;genlisp;gennodejs;genpy
[2.908s] -- Found OpenCV: /usr (found version "3.2.0") 
[3.059s] -- Configuring done
[3.155s] -- Generating done
[3.168s] -- Build files have been written to: /home/yeap/APC_2022_Prac/airsimversion/autoware.ai/build/data_preprocessor
[3.177s] Invoked command in '/home/yeap/APC_2022_Prac/airsimversion/autoware.ai/build/data_preprocessor' returned '0': CMAKE_PREFIX_PATH=/home/yeap/APC_2022_Prac/airsimversion/autoware.ai/install/autoware_build_flags:${CMAKE_PREFIX_PATH} PKG_CONFIG_PATH=/home/yeap/APC_2022_Prac/airsimversion/autoware.ai/install/autoware_build_flags/lib/x86_64-linux-gnu/pkgconfig:/home/yeap/APC_2022_Prac/airsimversion/autoware.ai/install/autoware_build_flags/lib/pkgconfig:${PKG_CONFIG_PATH} ROS_PACKAGE_PATH=/home/yeap/APC_2022_Prac/airsimversion/autoware.ai/install/autoware_build_flags/share:${ROS_PACKAGE_PATH} /usr/bin/cmake /home/yeap/APC_2022_Prac/airsimversion/autoware.ai/src/autoware/utilities/data_preprocessor -DCMAKE_BUILD_TYPE=Release -DCATKIN_INSTALL_INTO_PREFIX_ROOT=0 -DCMAKE_INSTALL_PREFIX=/home/yeap/APC_2022_Prac/airsimversion/autoware.ai/install/data_preprocessor
[3.178s] Invoking command in '/home/yeap/APC_2022_Prac/airsimversion/autoware.ai/build/data_preprocessor': CMAKE_PREFIX_PATH=/home/yeap/APC_2022_Prac/airsimversion/autoware.ai/install/autoware_build_flags:${CMAKE_PREFIX_PATH} PKG_CONFIG_PATH=/home/yeap/APC_2022_Prac/airsimversion/autoware.ai/install/autoware_build_flags/lib/x86_64-linux-gnu/pkgconfig:/home/yeap/APC_2022_Prac/airsimversion/autoware.ai/install/autoware_build_flags/lib/pkgconfig:${PKG_CONFIG_PATH} ROS_PACKAGE_PATH=/home/yeap/APC_2022_Prac/airsimversion/autoware.ai/install/autoware_build_flags/share:${ROS_PACKAGE_PATH} /usr/bin/cmake --build /home/yeap/APC_2022_Prac/airsimversion/autoware.ai/build/data_preprocessor -- -j6 -l6
[3.228s] [35m[1mScanning dependencies of target get_PCD[0m
[3.294s] [ 16%] [32mBuilding CXX object CMakeFiles/get_PCD.dir/nodes/get_PCD/get_PCD.cpp.o[0m
[11.265s] [ 33%] [32m[1mLinking CXX executable devel/lib/data_preprocessor/get_PCD[0m
[12.174s] [ 33%] Built target get_PCD
[12.189s] [35m[1mScanning dependencies of target get_Depth[0m
[12.261s] [ 50%] [32mBuilding CXX object CMakeFiles/get_Depth.dir/nodes/get_Depth/get_Depth.cpp.o[0m
[21.064s] [ 66%] [32m[1mLinking CXX executable devel/lib/data_preprocessor/get_Depth[0m
[21.901s] [ 66%] Built target get_Depth
[21.917s] [35m[1mScanning dependencies of target get_Image[0m
[21.945s] [ 83%] [32mBuilding CXX object CMakeFiles/get_Image.dir/nodes/get_Image/get_Image.cpp.o[0m
[25.417s] [100%] [32m[1mLinking CXX executable devel/lib/data_preprocessor/get_Image[0m
[26.193s] [100%] Built target get_Image
[26.209s] Invoked command in '/home/yeap/APC_2022_Prac/airsimversion/autoware.ai/build/data_preprocessor' returned '0': CMAKE_PREFIX_PATH=/home/yeap/APC_2022_Prac/airsimversion/autoware.ai/install/autoware_build_flags:${CMAKE_PREFIX_PATH} PKG_CONFIG_PATH=/home/yeap/APC_2022_Prac/airsimversion/autoware.ai/install/autoware_build_flags/lib/x86_64-linux-gnu/pkgconfig:/home/yeap/APC_2022_Prac/airsimversion/autoware.ai/install/autoware_build_flags/lib/pkgconfig:${PKG_CONFIG_PATH} ROS_PACKAGE_PATH=/home/yeap/APC_2022_Prac/airsimversion/autoware.ai/install/autoware_build_flags/share:${ROS_PACKAGE_PATH} /usr/bin/cmake --build /home/yeap/APC_2022_Prac/airsimversion/autoware.ai/build/data_preprocessor -- -j6 -l6
[26.297s] Invoking command in '/home/yeap/APC_2022_Prac/airsimversion/autoware.ai/build/data_preprocessor': CMAKE_PREFIX_PATH=/home/yeap/APC_2022_Prac/airsimversion/autoware.ai/install/autoware_build_flags:${CMAKE_PREFIX_PATH} PKG_CONFIG_PATH=/home/yeap/APC_2022_Prac/airsimversion/autoware.ai/install/autoware_build_flags/lib/x86_64-linux-gnu/pkgconfig:/home/yeap/APC_2022_Prac/airsimversion/autoware.ai/install/autoware_build_flags/lib/pkgconfig:${PKG_CONFIG_PATH} ROS_PACKAGE_PATH=/home/yeap/APC_2022_Prac/airsimversion/autoware.ai/install/autoware_build_flags/share:${ROS_PACKAGE_PATH} /usr/bin/cmake --build /home/yeap/APC_2022_Prac/airsimversion/autoware.ai/build/data_preprocessor --target tests -- -j6 -l6
[26.365s] [35m[1mScanning dependencies of target tests[0m
[26.377s] Built target tests
[26.394s] Invoked command in '/home/yeap/APC_2022_Prac/airsimversion/autoware.ai/build/data_preprocessor' returned '0': CMAKE_PREFIX_PATH=/home/yeap/APC_2022_Prac/airsimversion/autoware.ai/install/autoware_build_flags:${CMAKE_PREFIX_PATH} PKG_CONFIG_PATH=/home/yeap/APC_2022_Prac/airsimversion/autoware.ai/install/autoware_build_flags/lib/x86_64-linux-gnu/pkgconfig:/home/yeap/APC_2022_Prac/airsimversion/autoware.ai/install/autoware_build_flags/lib/pkgconfig:${PKG_CONFIG_PATH} ROS_PACKAGE_PATH=/home/yeap/APC_2022_Prac/airsimversion/autoware.ai/install/autoware_build_flags/share:${ROS_PACKAGE_PATH} /usr/bin/cmake --build /home/yeap/APC_2022_Prac/airsimversion/autoware.ai/build/data_preprocessor --target tests -- -j6 -l6
[26.511s] Invoking command in '/home/yeap/APC_2022_Prac/airsimversion/autoware.ai/build/data_preprocessor': CMAKE_PREFIX_PATH=/home/yeap/APC_2022_Prac/airsimversion/autoware.ai/install/autoware_build_flags:${CMAKE_PREFIX_PATH} PKG_CONFIG_PATH=/home/yeap/APC_2022_Prac/airsimversion/autoware.ai/install/autoware_build_flags/lib/x86_64-linux-gnu/pkgconfig:/home/yeap/APC_2022_Prac/airsimversion/autoware.ai/install/autoware_build_flags/lib/pkgconfig:${PKG_CONFIG_PATH} ROS_PACKAGE_PATH=/home/yeap/APC_2022_Prac/airsimversion/autoware.ai/install/autoware_build_flags/share:${ROS_PACKAGE_PATH} /usr/bin/cmake --build /home/yeap/APC_2022_Prac/airsimversion/autoware.ai/build/data_preprocessor --target install -- -j6 -l6
[26.585s] [ 33%] Built target get_PCD
[26.621s] [ 66%] Built target get_Depth
[26.652s] [100%] Built target get_Image
[26.676s] [36mInstall the project...[0m
[26.686s] -- Install configuration: "Release"
[26.686s] -- Installing: /home/yeap/APC_2022_Prac/airsimversion/autoware.ai/install/data_preprocessor/lib/pkgconfig/data_preprocessor.pc
[26.686s] -- Installing: /home/yeap/APC_2022_Prac/airsimversion/autoware.ai/install/data_preprocessor/share/data_preprocessor/cmake/data_preprocessorConfig.cmake
[26.687s] -- Installing: /home/yeap/APC_2022_Prac/airsimversion/autoware.ai/install/data_preprocessor/share/data_preprocessor/cmake/data_preprocessorConfig-version.cmake
[26.687s] -- Installing: /home/yeap/APC_2022_Prac/airsimversion/autoware.ai/install/data_preprocessor/share/data_preprocessor/package.xml
[26.687s] -- Installing: /home/yeap/APC_2022_Prac/airsimversion/autoware.ai/install/data_preprocessor/lib/data_preprocessor/get_Image
[26.687s] -- Set runtime path of "/home/yeap/APC_2022_Prac/airsimversion/autoware.ai/install/data_preprocessor/lib/data_preprocessor/get_Image" to ""
[26.688s] -- Installing: /home/yeap/APC_2022_Prac/airsimversion/autoware.ai/install/data_preprocessor/lib/data_preprocessor/get_PCD
[26.688s] -- Set runtime path of "/home/yeap/APC_2022_Prac/airsimversion/autoware.ai/install/data_preprocessor/lib/data_preprocessor/get_PCD" to ""
[26.688s] -- Installing: /home/yeap/APC_2022_Prac/airsimversion/autoware.ai/install/data_preprocessor/lib/data_preprocessor/get_Depth
[26.689s] -- Set runtime path of "/home/yeap/APC_2022_Prac/airsimversion/autoware.ai/install/data_preprocessor/lib/data_preprocessor/get_Depth" to ""
[26.695s] Invoked command in '/home/yeap/APC_2022_Prac/airsimversion/autoware.ai/build/data_preprocessor' returned '0': CMAKE_PREFIX_PATH=/home/yeap/APC_2022_Prac/airsimversion/autoware.ai/install/autoware_build_flags:${CMAKE_PREFIX_PATH} PKG_CONFIG_PATH=/home/yeap/APC_2022_Prac/airsimversion/autoware.ai/install/autoware_build_flags/lib/x86_64-linux-gnu/pkgconfig:/home/yeap/APC_2022_Prac/airsimversion/autoware.ai/install/autoware_build_flags/lib/pkgconfig:${PKG_CONFIG_PATH} ROS_PACKAGE_PATH=/home/yeap/APC_2022_Prac/airsimversion/autoware.ai/install/autoware_build_flags/share:${ROS_PACKAGE_PATH} /usr/bin/cmake --build /home/yeap/APC_2022_Prac/airsimversion/autoware.ai/build/data_preprocessor --target install -- -j6 -l6
