[  0%] Built target _catkin_empty_exported_target
[ 41%] Built target lanelet2_python-lanelet2-projection-pyapi
[ 50%] Built target lanelet2_python-lanelet2-core-pyapi
[ 50%] Built target lanelet2_python-lanelet2-geometry-pyapi
[ 66%] Built target lanelet2_python-lanelet2-io-pyapi
[ 83%] Built target lanelet2_python-lanelet2-traffic_rules-pyapi
[100%] Built target lanelet2_python-lanelet2-routing-pyapi
Built target tests
[  0%] Built target _catkin_empty_exported_target
[ 16%] Built target lanelet2_python-lanelet2-core-pyapi
[ 33%] Built target lanelet2_python-lanelet2-routing-pyapi
[ 50%] Built target lanelet2_python-lanelet2-projection-pyapi
[ 75%] Built target lanelet2_python-lanelet2-io-pyapi
[ 83%] Built target lanelet2_python-lanelet2-traffic_rules-pyapi
[100%] Built target lanelet2_python-lanelet2-geometry-pyapi
[36mInstall the project...[0m
-- Install configuration: "Release"
running build
running build_py
running install
running install_lib
running install_egg_info
Removing /home/yeap/APC_2022_Prac/airsimversion/autoware.ai/install/lanelet2_python/lib/python2.7/dist-packages/lanelet2_python-0.8.0.egg-info
Writing /home/yeap/APC_2022_Prac/airsimversion/autoware.ai/install/lanelet2_python/lib/python2.7/dist-packages/lanelet2_python-0.8.0.egg-info
Creating $DESTDIR/home/yeap/APC_2022_Prac/airsimversion/autoware.ai/install/lanelet2_python/lib/python2.7/dist-packages
/usr/bin/python2 /home/yeap/APC_2022_Prac/airsimversion/autoware.ai/build/lanelet2_python/setup.py build --build-base /home/yeap/APC_2022_Prac/airsimversion/autoware.ai/build/lanelet2_python install --install-layout=deb --prefix=/home/yeap/APC_2022_Prac/airsimversion/autoware.ai/install/lanelet2_python --install-scripts=/home/yeap/APC_2022_Prac/airsimversion/autoware.ai/install/lanelet2_python/bin
-- Up-to-date: /home/yeap/APC_2022_Prac/airsimversion/autoware.ai/install/lanelet2_python/lib/pkgconfig/lanelet2_python.pc
-- Up-to-date: /home/yeap/APC_2022_Prac/airsimversion/autoware.ai/install/lanelet2_python/share/lanelet2_python/cmake/lanelet2_pythonConfig.cmake
-- Up-to-date: /home/yeap/APC_2022_Prac/airsimversion/autoware.ai/install/lanelet2_python/share/lanelet2_python/cmake/lanelet2_pythonConfig-version.cmake
-- Up-to-date: /home/yeap/APC_2022_Prac/airsimversion/autoware.ai/install/lanelet2_python/share/lanelet2_python/package.xml
-- Up-to-date: /home/yeap/APC_2022_Prac/airsimversion/autoware.ai/install/lanelet2_python/lib/lanelet2_python/create_debug_routing_graph.py
-- Up-to-date: /home/yeap/APC_2022_Prac/airsimversion/autoware.ai/install/lanelet2_python/lib/lanelet2_python/make_ids_positive.py
-- Up-to-date: /home/yeap/APC_2022_Prac/airsimversion/autoware.ai/install/lanelet2_python/lib/lanelet2_python/print_ids.py
