[0.014s] Invoking command in '/home/yeap/APC_2022_Prac/airsimversion/autoware.ai/build/log_tools': CMAKE_PREFIX_PATH=/home/yeap/APC_2022_Prac/airsimversion/autoware.ai/install/autoware_build_flags:${CMAKE_PREFIX_PATH} PKG_CONFIG_PATH=/home/yeap/APC_2022_Prac/airsimversion/autoware.ai/install/autoware_build_flags/lib/x86_64-linux-gnu/pkgconfig:/home/yeap/APC_2022_Prac/airsimversion/autoware.ai/install/autoware_build_flags/lib/pkgconfig:${PKG_CONFIG_PATH} ROS_PACKAGE_PATH=/home/yeap/APC_2022_Prac/airsimversion/autoware.ai/install/autoware_build_flags/share:${ROS_PACKAGE_PATH} /usr/bin/cmake /home/yeap/APC_2022_Prac/airsimversion/autoware.ai/src/autoware/utilities/log_tools -DCMAKE_BUILD_TYPE=Release -DCATKIN_INSTALL_INTO_PREFIX_ROOT=0 -DCMAKE_INSTALL_PREFIX=/home/yeap/APC_2022_Prac/airsimversion/autoware.ai/install/log_tools
[0.091s] -- The C compiler identification is GNU 7.5.0
[0.157s] -- The CXX compiler identification is GNU 7.5.0
[0.162s] -- Check for working C compiler: /usr/bin/cc
[0.239s] -- Check for working C compiler: /usr/bin/cc -- works
[0.240s] -- Detecting C compiler ABI info
[0.317s] -- Detecting C compiler ABI info - done
[0.327s] -- Detecting C compile features
[0.547s] -- Detecting C compile features - done
[0.550s] -- Check for working CXX compiler: /usr/bin/c++
[0.632s] -- Check for working CXX compiler: /usr/bin/c++ -- works
[0.633s] -- Detecting CXX compiler ABI info
[0.719s] -- Detecting CXX compiler ABI info - done
[0.728s] -- Detecting CXX compile features
[1.110s] -- Detecting CXX compile features - done
[1.112s] -- CUDA compilation status: .
[1.114s] -- Using CATKIN_DEVEL_PREFIX: /home/yeap/APC_2022_Prac/airsimversion/autoware.ai/build/log_tools/devel
[1.115s] -- Using CMAKE_PREFIX_PATH: /home/yeap/APC_2022_Prac/airsimversion/autoware.ai/install/autoware_build_flags;/opt/ros/melodic
[1.115s] -- This workspace overlays: /home/yeap/APC_2022_Prac/airsimversion/autoware.ai/install/autoware_build_flags;/opt/ros/melodic
[1.131s] -- Found PythonInterp: /usr/bin/python2 (found suitable version "2.7.17", minimum required is "2") 
[1.132s] -- Using PYTHON_EXECUTABLE: /usr/bin/python2
[1.132s] -- Using Debian Python package layout
[1.133s] -- Using empy: /usr/bin/empy
[1.321s] -- Using CATKIN_ENABLE_TESTING: ON
[1.321s] -- Call enable_testing()
[1.324s] -- Using CATKIN_TEST_RESULTS_DIR: /home/yeap/APC_2022_Prac/airsimversion/autoware.ai/build/log_tools/test_results
[1.347s] -- Found gtest sources under '/usr/src/googletest': gtests will be built
[1.348s] -- Found gmock sources under '/usr/src/googletest': gmock will be built
[1.364s] -- Found PythonInterp: /usr/bin/python2 (found version "2.7.17") 
[1.368s] -- Looking for pthread.h
[1.443s] -- Looking for pthread.h - found
[1.444s] -- Looking for pthread_create
[1.524s] -- Looking for pthread_create - not found
[1.525s] -- Looking for pthread_create in pthreads
[1.587s] -- Looking for pthread_create in pthreads - not found
[1.587s] -- Looking for pthread_create in pthread
[1.717s] -- Looking for pthread_create in pthread - found
[1.719s] -- Found Threads: TRUE  
[1.724s] -- Using Python nosetests: /usr/bin/nosetests-2.7
[1.777s] -- catkin 0.7.29
[1.777s] -- BUILD_SHARED_LIBS is on
[2.009s] -- Configuring done
[2.021s] -- Generating done
[2.023s] -- Build files have been written to: /home/yeap/APC_2022_Prac/airsimversion/autoware.ai/build/log_tools
[2.032s] Invoked command in '/home/yeap/APC_2022_Prac/airsimversion/autoware.ai/build/log_tools' returned '0': CMAKE_PREFIX_PATH=/home/yeap/APC_2022_Prac/airsimversion/autoware.ai/install/autoware_build_flags:${CMAKE_PREFIX_PATH} PKG_CONFIG_PATH=/home/yeap/APC_2022_Prac/airsimversion/autoware.ai/install/autoware_build_flags/lib/x86_64-linux-gnu/pkgconfig:/home/yeap/APC_2022_Prac/airsimversion/autoware.ai/install/autoware_build_flags/lib/pkgconfig:${PKG_CONFIG_PATH} ROS_PACKAGE_PATH=/home/yeap/APC_2022_Prac/airsimversion/autoware.ai/install/autoware_build_flags/share:${ROS_PACKAGE_PATH} /usr/bin/cmake /home/yeap/APC_2022_Prac/airsimversion/autoware.ai/src/autoware/utilities/log_tools -DCMAKE_BUILD_TYPE=Release -DCATKIN_INSTALL_INTO_PREFIX_ROOT=0 -DCMAKE_INSTALL_PREFIX=/home/yeap/APC_2022_Prac/airsimversion/autoware.ai/install/log_tools
[2.033s] Invoking command in '/home/yeap/APC_2022_Prac/airsimversion/autoware.ai/build/log_tools': CMAKE_PREFIX_PATH=/home/yeap/APC_2022_Prac/airsimversion/autoware.ai/install/autoware_build_flags:${CMAKE_PREFIX_PATH} PKG_CONFIG_PATH=/home/yeap/APC_2022_Prac/airsimversion/autoware.ai/install/autoware_build_flags/lib/x86_64-linux-gnu/pkgconfig:/home/yeap/APC_2022_Prac/airsimversion/autoware.ai/install/autoware_build_flags/lib/pkgconfig:${PKG_CONFIG_PATH} ROS_PACKAGE_PATH=/home/yeap/APC_2022_Prac/airsimversion/autoware.ai/install/autoware_build_flags/share:${ROS_PACKAGE_PATH} /usr/bin/cmake --build /home/yeap/APC_2022_Prac/airsimversion/autoware.ai/build/log_tools -- -j6 -l6
[2.089s] Invoked command in '/home/yeap/APC_2022_Prac/airsimversion/autoware.ai/build/log_tools' returned '0': CMAKE_PREFIX_PATH=/home/yeap/APC_2022_Prac/airsimversion/autoware.ai/install/autoware_build_flags:${CMAKE_PREFIX_PATH} PKG_CONFIG_PATH=/home/yeap/APC_2022_Prac/airsimversion/autoware.ai/install/autoware_build_flags/lib/x86_64-linux-gnu/pkgconfig:/home/yeap/APC_2022_Prac/airsimversion/autoware.ai/install/autoware_build_flags/lib/pkgconfig:${PKG_CONFIG_PATH} ROS_PACKAGE_PATH=/home/yeap/APC_2022_Prac/airsimversion/autoware.ai/install/autoware_build_flags/share:${ROS_PACKAGE_PATH} /usr/bin/cmake --build /home/yeap/APC_2022_Prac/airsimversion/autoware.ai/build/log_tools -- -j6 -l6
[2.123s] Invoking command in '/home/yeap/APC_2022_Prac/airsimversion/autoware.ai/build/log_tools': CMAKE_PREFIX_PATH=/home/yeap/APC_2022_Prac/airsimversion/autoware.ai/install/autoware_build_flags:${CMAKE_PREFIX_PATH} PKG_CONFIG_PATH=/home/yeap/APC_2022_Prac/airsimversion/autoware.ai/install/autoware_build_flags/lib/x86_64-linux-gnu/pkgconfig:/home/yeap/APC_2022_Prac/airsimversion/autoware.ai/install/autoware_build_flags/lib/pkgconfig:${PKG_CONFIG_PATH} ROS_PACKAGE_PATH=/home/yeap/APC_2022_Prac/airsimversion/autoware.ai/install/autoware_build_flags/share:${ROS_PACKAGE_PATH} /usr/bin/cmake --build /home/yeap/APC_2022_Prac/airsimversion/autoware.ai/build/log_tools --target tests -- -j6 -l6
[2.181s] [35m[1mScanning dependencies of target tests[0m
[2.193s] Built target tests
[2.209s] Invoked command in '/home/yeap/APC_2022_Prac/airsimversion/autoware.ai/build/log_tools' returned '0': CMAKE_PREFIX_PATH=/home/yeap/APC_2022_Prac/airsimversion/autoware.ai/install/autoware_build_flags:${CMAKE_PREFIX_PATH} PKG_CONFIG_PATH=/home/yeap/APC_2022_Prac/airsimversion/autoware.ai/install/autoware_build_flags/lib/x86_64-linux-gnu/pkgconfig:/home/yeap/APC_2022_Prac/airsimversion/autoware.ai/install/autoware_build_flags/lib/pkgconfig:${PKG_CONFIG_PATH} ROS_PACKAGE_PATH=/home/yeap/APC_2022_Prac/airsimversion/autoware.ai/install/autoware_build_flags/share:${ROS_PACKAGE_PATH} /usr/bin/cmake --build /home/yeap/APC_2022_Prac/airsimversion/autoware.ai/build/log_tools --target tests -- -j6 -l6
[2.242s] Invoking command in '/home/yeap/APC_2022_Prac/airsimversion/autoware.ai/build/log_tools': CMAKE_PREFIX_PATH=/home/yeap/APC_2022_Prac/airsimversion/autoware.ai/install/autoware_build_flags:${CMAKE_PREFIX_PATH} PKG_CONFIG_PATH=/home/yeap/APC_2022_Prac/airsimversion/autoware.ai/install/autoware_build_flags/lib/x86_64-linux-gnu/pkgconfig:/home/yeap/APC_2022_Prac/airsimversion/autoware.ai/install/autoware_build_flags/lib/pkgconfig:${PKG_CONFIG_PATH} ROS_PACKAGE_PATH=/home/yeap/APC_2022_Prac/airsimversion/autoware.ai/install/autoware_build_flags/share:${ROS_PACKAGE_PATH} /usr/bin/cmake --build /home/yeap/APC_2022_Prac/airsimversion/autoware.ai/build/log_tools --target install -- -j6 -l6
[2.297s] [36mInstall the project...[0m
[2.308s] -- Install configuration: "Release"
[2.308s] -- Installing: /home/yeap/APC_2022_Prac/airsimversion/autoware.ai/install/log_tools/lib/pkgconfig/log_tools.pc
[2.309s] -- Installing: /home/yeap/APC_2022_Prac/airsimversion/autoware.ai/install/log_tools/share/log_tools/cmake/log_toolsConfig.cmake
[2.309s] -- Installing: /home/yeap/APC_2022_Prac/airsimversion/autoware.ai/install/log_tools/share/log_tools/cmake/log_toolsConfig-version.cmake
[2.309s] -- Installing: /home/yeap/APC_2022_Prac/airsimversion/autoware.ai/install/log_tools/share/log_tools/package.xml
[2.310s] -- Installing: /home/yeap/APC_2022_Prac/airsimversion/autoware.ai/install/log_tools/lib/log_tools/client.py
[2.310s] -- Installing: /home/yeap/APC_2022_Prac/airsimversion/autoware.ai/install/log_tools/lib/log_tools/common.py
[2.310s] -- Installing: /home/yeap/APC_2022_Prac/airsimversion/autoware.ai/install/log_tools/lib/log_tools/recorder.py
[2.311s] -- Installing: /home/yeap/APC_2022_Prac/airsimversion/autoware.ai/install/log_tools/lib/log_tools/server.py
[2.317s] Invoked command in '/home/yeap/APC_2022_Prac/airsimversion/autoware.ai/build/log_tools' returned '0': CMAKE_PREFIX_PATH=/home/yeap/APC_2022_Prac/airsimversion/autoware.ai/install/autoware_build_flags:${CMAKE_PREFIX_PATH} PKG_CONFIG_PATH=/home/yeap/APC_2022_Prac/airsimversion/autoware.ai/install/autoware_build_flags/lib/x86_64-linux-gnu/pkgconfig:/home/yeap/APC_2022_Prac/airsimversion/autoware.ai/install/autoware_build_flags/lib/pkgconfig:${PKG_CONFIG_PATH} ROS_PACKAGE_PATH=/home/yeap/APC_2022_Prac/airsimversion/autoware.ai/install/autoware_build_flags/share:${ROS_PACKAGE_PATH} /usr/bin/cmake --build /home/yeap/APC_2022_Prac/airsimversion/autoware.ai/build/log_tools --target install -- -j6 -l6
