[0.031s] Invoking command in '/home/yeap/APC_2022_Prac/airsimversion/autoware.ai/build/twist_gate': CMAKE_PREFIX_PATH=/home/yeap/APC_2022_Prac/airsimversion/autoware.ai/install/autoware_health_checker:/home/yeap/APC_2022_Prac/airsimversion/autoware.ai/install/tablet_socket_msgs:/home/yeap/APC_2022_Prac/airsimversion/autoware.ai/install/ros_observer:/home/yeap/APC_2022_Prac/airsimversion/autoware.ai/install/autoware_system_msgs:/home/yeap/APC_2022_Prac/airsimversion/autoware.ai/install/autoware_msgs:/home/yeap/APC_2022_Prac/airsimversion/autoware.ai/install/autoware_config_msgs:/home/yeap/APC_2022_Prac/airsimversion/autoware.ai/install/autoware_build_flags:${CMAKE_PREFIX_PATH} LD_LIBRARY_PATH=/home/yeap/APC_2022_Prac/airsimversion/autoware.ai/install/autoware_health_checker/lib:/home/yeap/APC_2022_Prac/airsimversion/autoware.ai/install/ros_observer/lib:${LD_LIBRARY_PATH} PKG_CONFIG_PATH=/home/yeap/APC_2022_Prac/airsimversion/autoware.ai/install/autoware_health_checker/lib/x86_64-linux-gnu/pkgconfig:/home/yeap/APC_2022_Prac/airsimversion/autoware.ai/install/autoware_health_checker/lib/pkgconfig:/home/yeap/APC_2022_Prac/airsimversion/autoware.ai/install/tablet_socket_msgs/lib/x86_64-linux-gnu/pkgconfig:/home/yeap/APC_2022_Prac/airsimversion/autoware.ai/install/tablet_socket_msgs/lib/pkgconfig:/home/yeap/APC_2022_Prac/airsimversion/autoware.ai/install/ros_observer/lib/x86_64-linux-gnu/pkgconfig:/home/yeap/APC_2022_Prac/airsimversion/autoware.ai/install/ros_observer/lib/pkgconfig:/home/yeap/APC_2022_Prac/airsimversion/autoware.ai/install/autoware_system_msgs/lib/x86_64-linux-gnu/pkgconfig:/home/yeap/APC_2022_Prac/airsimversion/autoware.ai/install/autoware_system_msgs/lib/pkgconfig:/home/yeap/APC_2022_Prac/airsimversion/autoware.ai/install/autoware_msgs/lib/x86_64-linux-gnu/pkgconfig:/home/yeap/APC_2022_Prac/airsimversion/autoware.ai/install/autoware_msgs/lib/pkgconfig:/home/yeap/APC_2022_Prac/airsimversion/autoware.ai/install/autoware_config_msgs/lib/x86_64-linux-gnu/pkgconfig:/home/yeap/APC_2022_Prac/airsimversion/autoware.ai/install/autoware_config_msgs/lib/pkgconfig:/home/yeap/APC_2022_Prac/airsimversion/autoware.ai/install/autoware_build_flags/lib/x86_64-linux-gnu/pkgconfig:/home/yeap/APC_2022_Prac/airsimversion/autoware.ai/install/autoware_build_flags/lib/pkgconfig:${PKG_CONFIG_PATH} PYTHONPATH=/home/yeap/APC_2022_Prac/airsimversion/autoware.ai/install/tablet_socket_msgs/lib/python2.7/dist-packages:/home/yeap/APC_2022_Prac/airsimversion/autoware.ai/install/autoware_system_msgs/lib/python2.7/dist-packages:/home/yeap/APC_2022_Prac/airsimversion/autoware.ai/install/autoware_msgs/lib/python2.7/dist-packages:/home/yeap/APC_2022_Prac/airsimversion/autoware.ai/install/autoware_config_msgs/lib/python2.7/dist-packages:${PYTHONPATH} ROS_PACKAGE_PATH=/home/yeap/APC_2022_Prac/airsimversion/autoware.ai/install/autoware_health_checker/share:/home/yeap/APC_2022_Prac/airsimversion/autoware.ai/install/tablet_socket_msgs/share:/home/yeap/APC_2022_Prac/airsimversion/autoware.ai/install/ros_observer/share:/home/yeap/APC_2022_Prac/airsimversion/autoware.ai/install/autoware_system_msgs/share:/home/yeap/APC_2022_Prac/airsimversion/autoware.ai/install/autoware_msgs/share:/home/yeap/APC_2022_Prac/airsimversion/autoware.ai/install/autoware_config_msgs/share:/home/yeap/APC_2022_Prac/airsimversion/autoware.ai/install/autoware_build_flags/share:${ROS_PACKAGE_PATH} /usr/bin/cmake --build /home/yeap/APC_2022_Prac/airsimversion/autoware.ai/build/twist_gate -- -j6 -l6
[0.113s] [  0%] Built target autoware_msgs_generate_messages_cpp
[0.137s] [  0%] Built target autoware_system_msgs_generate_messages_cpp
[0.160s] [  0%] Built target autoware_config_msgs_generate_messages_nodejs
[0.181s] [  0%] Built target autoware_msgs_generate_messages_lisp
[0.203s] [  0%] Built target jsk_recognition_msgs_generate_messages_cpp
[0.227s] [  0%] Built target autoware_msgs_generate_messages_eus
[0.249s] [  0%] Built target rosgraph_msgs_generate_messages_cpp
[0.271s] [  0%] Built target rosgraph_msgs_generate_messages_lisp
[0.299s] [  0%] Built target autoware_system_msgs_generate_messages_eus
[0.321s] [  0%] Built target jsk_recognition_msgs_generate_messages_eus
[0.345s] [  0%] Built target sensor_msgs_generate_messages_lisp
[0.370s] [  0%] Built target rosgraph_msgs_generate_messages_eus
[0.396s] [  0%] Built target autoware_msgs_generate_messages_py
[0.422s] [  0%] Built target std_msgs_generate_messages_py
[0.444s] [  0%] Built target std_msgs_generate_messages_cpp
[0.467s] [  0%] Built target actionlib_msgs_generate_messages_nodejs
[0.495s] [  0%] Built target autoware_system_msgs_generate_messages_lisp
[0.524s] [  0%] Built target autoware_config_msgs_generate_messages_py
[0.546s] [  0%] Built target roscpp_generate_messages_eus
[0.570s] [  0%] Built target actionlib_msgs_generate_messages_eus
[0.595s] [  0%] Built target rosgraph_msgs_generate_messages_py
[0.619s] [  0%] Built target autoware_msgs_generate_messages_nodejs
[0.643s] [  0%] Built target autoware_config_msgs_generate_messages_cpp
[0.670s] [  0%] Built target rosgraph_msgs_generate_messages_nodejs
[0.693s] [  0%] Built target std_msgs_generate_messages_eus
[0.715s] [  0%] Built target geometry_msgs_generate_messages_nodejs
[0.736s] [  0%] Built target autoware_config_msgs_generate_messages_eus
[0.769s] [  0%] Built target jsk_footstep_msgs_generate_messages_py
[0.794s] [  0%] Built target tablet_socket_msgs_generate_messages_py
[0.828s] [  0%] Built target roscpp_generate_messages_nodejs
[0.850s] [  0%] Built target std_msgs_generate_messages_lisp
[0.872s] [  0%] Built target std_msgs_generate_messages_nodejs
[0.903s] [  0%] Built target jsk_recognition_msgs_generate_messages_lisp
[0.928s] [  0%] Built target jsk_recognition_msgs_generate_messages_py
[0.953s] [  0%] Built target sensor_msgs_generate_messages_cpp
[0.981s] [  0%] Built target sensor_msgs_generate_messages_eus
[1.009s] [  0%] Built target autoware_system_msgs_generate_messages_py
[1.032s] [  0%] Built target sensor_msgs_generate_messages_nodejs
[1.056s] [  0%] Built target roscpp_generate_messages_cpp
[1.079s] [  0%] Built target sensor_msgs_generate_messages_py
[1.100s] [  0%] Built target pcl_msgs_generate_messages_cpp
[1.123s] [  0%] Built target pcl_msgs_generate_messages_eus
[1.146s] [  0%] Built target pcl_msgs_generate_messages_lisp
[1.172s] [  0%] Built target pcl_msgs_generate_messages_nodejs
[1.197s] [  0%] Built target pcl_msgs_generate_messages_py
[1.226s] [  0%] Built target jsk_footstep_msgs_generate_messages_eus
[1.250s] [  0%] Built target actionlib_msgs_generate_messages_py
[1.276s] [  0%] Built target jsk_footstep_msgs_generate_messages_lisp
[1.299s] [  0%] Built target jsk_footstep_msgs_generate_messages_nodejs
[1.325s] [  0%] Built target jsk_footstep_msgs_generate_messages_cpp
[1.354s] [  0%] Built target actionlib_msgs_generate_messages_cpp
[1.383s] [  0%] Built target autoware_system_msgs_generate_messages_nodejs
[1.407s] [  0%] Built target actionlib_msgs_generate_messages_lisp
[1.430s] [  0%] Built target jsk_recognition_msgs_generate_messages_nodejs
[1.459s] [  0%] Built target roscpp_generate_messages_lisp
[1.479s] [  0%] Built target roscpp_generate_messages_py
[1.500s] [  0%] Built target autoware_config_msgs_generate_messages_lisp
[1.532s] [  0%] Built target tablet_socket_msgs_generate_messages_cpp
[1.557s] [  0%] Built target tablet_socket_msgs_generate_messages_eus
[1.589s] [  0%] Built target tablet_socket_msgs_generate_messages_lisp
[1.611s] [  0%] Built target tablet_socket_msgs_generate_messages_nodejs
[1.631s] [  0%] Built target geometry_msgs_generate_messages_eus
[1.659s] [  0%] Built target geometry_msgs_generate_messages_cpp
[1.688s] [  0%] Built target geometry_msgs_generate_messages_lisp
[1.709s] [  0%] Built target geometry_msgs_generate_messages_py
[1.743s] [100%] Built target twist_gate
[1.759s] Invoked command in '/home/yeap/APC_2022_Prac/airsimversion/autoware.ai/build/twist_gate' returned '0': CMAKE_PREFIX_PATH=/home/yeap/APC_2022_Prac/airsimversion/autoware.ai/install/autoware_health_checker:/home/yeap/APC_2022_Prac/airsimversion/autoware.ai/install/tablet_socket_msgs:/home/yeap/APC_2022_Prac/airsimversion/autoware.ai/install/ros_observer:/home/yeap/APC_2022_Prac/airsimversion/autoware.ai/install/autoware_system_msgs:/home/yeap/APC_2022_Prac/airsimversion/autoware.ai/install/autoware_msgs:/home/yeap/APC_2022_Prac/airsimversion/autoware.ai/install/autoware_config_msgs:/home/yeap/APC_2022_Prac/airsimversion/autoware.ai/install/autoware_build_flags:${CMAKE_PREFIX_PATH} LD_LIBRARY_PATH=/home/yeap/APC_2022_Prac/airsimversion/autoware.ai/install/autoware_health_checker/lib:/home/yeap/APC_2022_Prac/airsimversion/autoware.ai/install/ros_observer/lib:${LD_LIBRARY_PATH} PKG_CONFIG_PATH=/home/yeap/APC_2022_Prac/airsimversion/autoware.ai/install/autoware_health_checker/lib/x86_64-linux-gnu/pkgconfig:/home/yeap/APC_2022_Prac/airsimversion/autoware.ai/install/autoware_health_checker/lib/pkgconfig:/home/yeap/APC_2022_Prac/airsimversion/autoware.ai/install/tablet_socket_msgs/lib/x86_64-linux-gnu/pkgconfig:/home/yeap/APC_2022_Prac/airsimversion/autoware.ai/install/tablet_socket_msgs/lib/pkgconfig:/home/yeap/APC_2022_Prac/airsimversion/autoware.ai/install/ros_observer/lib/x86_64-linux-gnu/pkgconfig:/home/yeap/APC_2022_Prac/airsimversion/autoware.ai/install/ros_observer/lib/pkgconfig:/home/yeap/APC_2022_Prac/airsimversion/autoware.ai/install/autoware_system_msgs/lib/x86_64-linux-gnu/pkgconfig:/home/yeap/APC_2022_Prac/airsimversion/autoware.ai/install/autoware_system_msgs/lib/pkgconfig:/home/yeap/APC_2022_Prac/airsimversion/autoware.ai/install/autoware_msgs/lib/x86_64-linux-gnu/pkgconfig:/home/yeap/APC_2022_Prac/airsimversion/autoware.ai/install/autoware_msgs/lib/pkgconfig:/home/yeap/APC_2022_Prac/airsimversion/autoware.ai/install/autoware_config_msgs/lib/x86_64-linux-gnu/pkgconfig:/home/yeap/APC_2022_Prac/airsimversion/autoware.ai/install/autoware_config_msgs/lib/pkgconfig:/home/yeap/APC_2022_Prac/airsimversion/autoware.ai/install/autoware_build_flags/lib/x86_64-linux-gnu/pkgconfig:/home/yeap/APC_2022_Prac/airsimversion/autoware.ai/install/autoware_build_flags/lib/pkgconfig:${PKG_CONFIG_PATH} PYTHONPATH=/home/yeap/APC_2022_Prac/airsimversion/autoware.ai/install/tablet_socket_msgs/lib/python2.7/dist-packages:/home/yeap/APC_2022_Prac/airsimversion/autoware.ai/install/autoware_system_msgs/lib/python2.7/dist-packages:/home/yeap/APC_2022_Prac/airsimversion/autoware.ai/install/autoware_msgs/lib/python2.7/dist-packages:/home/yeap/APC_2022_Prac/airsimversion/autoware.ai/install/autoware_config_msgs/lib/python2.7/dist-packages:${PYTHONPATH} ROS_PACKAGE_PATH=/home/yeap/APC_2022_Prac/airsimversion/autoware.ai/install/autoware_health_checker/share:/home/yeap/APC_2022_Prac/airsimversion/autoware.ai/install/tablet_socket_msgs/share:/home/yeap/APC_2022_Prac/airsimversion/autoware.ai/install/ros_observer/share:/home/yeap/APC_2022_Prac/airsimversion/autoware.ai/install/autoware_system_msgs/share:/home/yeap/APC_2022_Prac/airsimversion/autoware.ai/install/autoware_msgs/share:/home/yeap/APC_2022_Prac/airsimversion/autoware.ai/install/autoware_config_msgs/share:/home/yeap/APC_2022_Prac/airsimversion/autoware.ai/install/autoware_build_flags/share:${ROS_PACKAGE_PATH} /usr/bin/cmake --build /home/yeap/APC_2022_Prac/airsimversion/autoware.ai/build/twist_gate -- -j6 -l6
[1.858s] Invoking command in '/home/yeap/APC_2022_Prac/airsimversion/autoware.ai/build/twist_gate': CMAKE_PREFIX_PATH=/home/yeap/APC_2022_Prac/airsimversion/autoware.ai/install/autoware_health_checker:/home/yeap/APC_2022_Prac/airsimversion/autoware.ai/install/tablet_socket_msgs:/home/yeap/APC_2022_Prac/airsimversion/autoware.ai/install/ros_observer:/home/yeap/APC_2022_Prac/airsimversion/autoware.ai/install/autoware_system_msgs:/home/yeap/APC_2022_Prac/airsimversion/autoware.ai/install/autoware_msgs:/home/yeap/APC_2022_Prac/airsimversion/autoware.ai/install/autoware_config_msgs:/home/yeap/APC_2022_Prac/airsimversion/autoware.ai/install/autoware_build_flags:${CMAKE_PREFIX_PATH} LD_LIBRARY_PATH=/home/yeap/APC_2022_Prac/airsimversion/autoware.ai/install/autoware_health_checker/lib:/home/yeap/APC_2022_Prac/airsimversion/autoware.ai/install/ros_observer/lib:${LD_LIBRARY_PATH} PKG_CONFIG_PATH=/home/yeap/APC_2022_Prac/airsimversion/autoware.ai/install/autoware_health_checker/lib/x86_64-linux-gnu/pkgconfig:/home/yeap/APC_2022_Prac/airsimversion/autoware.ai/install/autoware_health_checker/lib/pkgconfig:/home/yeap/APC_2022_Prac/airsimversion/autoware.ai/install/tablet_socket_msgs/lib/x86_64-linux-gnu/pkgconfig:/home/yeap/APC_2022_Prac/airsimversion/autoware.ai/install/tablet_socket_msgs/lib/pkgconfig:/home/yeap/APC_2022_Prac/airsimversion/autoware.ai/install/ros_observer/lib/x86_64-linux-gnu/pkgconfig:/home/yeap/APC_2022_Prac/airsimversion/autoware.ai/install/ros_observer/lib/pkgconfig:/home/yeap/APC_2022_Prac/airsimversion/autoware.ai/install/autoware_system_msgs/lib/x86_64-linux-gnu/pkgconfig:/home/yeap/APC_2022_Prac/airsimversion/autoware.ai/install/autoware_system_msgs/lib/pkgconfig:/home/yeap/APC_2022_Prac/airsimversion/autoware.ai/install/autoware_msgs/lib/x86_64-linux-gnu/pkgconfig:/home/yeap/APC_2022_Prac/airsimversion/autoware.ai/install/autoware_msgs/lib/pkgconfig:/home/yeap/APC_2022_Prac/airsimversion/autoware.ai/install/autoware_config_msgs/lib/x86_64-linux-gnu/pkgconfig:/home/yeap/APC_2022_Prac/airsimversion/autoware.ai/install/autoware_config_msgs/lib/pkgconfig:/home/yeap/APC_2022_Prac/airsimversion/autoware.ai/install/autoware_build_flags/lib/x86_64-linux-gnu/pkgconfig:/home/yeap/APC_2022_Prac/airsimversion/autoware.ai/install/autoware_build_flags/lib/pkgconfig:${PKG_CONFIG_PATH} PYTHONPATH=/home/yeap/APC_2022_Prac/airsimversion/autoware.ai/install/tablet_socket_msgs/lib/python2.7/dist-packages:/home/yeap/APC_2022_Prac/airsimversion/autoware.ai/install/autoware_system_msgs/lib/python2.7/dist-packages:/home/yeap/APC_2022_Prac/airsimversion/autoware.ai/install/autoware_msgs/lib/python2.7/dist-packages:/home/yeap/APC_2022_Prac/airsimversion/autoware.ai/install/autoware_config_msgs/lib/python2.7/dist-packages:${PYTHONPATH} ROS_PACKAGE_PATH=/home/yeap/APC_2022_Prac/airsimversion/autoware.ai/install/autoware_health_checker/share:/home/yeap/APC_2022_Prac/airsimversion/autoware.ai/install/tablet_socket_msgs/share:/home/yeap/APC_2022_Prac/airsimversion/autoware.ai/install/ros_observer/share:/home/yeap/APC_2022_Prac/airsimversion/autoware.ai/install/autoware_system_msgs/share:/home/yeap/APC_2022_Prac/airsimversion/autoware.ai/install/autoware_msgs/share:/home/yeap/APC_2022_Prac/airsimversion/autoware.ai/install/autoware_config_msgs/share:/home/yeap/APC_2022_Prac/airsimversion/autoware.ai/install/autoware_build_flags/share:${ROS_PACKAGE_PATH} /usr/bin/cmake --build /home/yeap/APC_2022_Prac/airsimversion/autoware.ai/build/twist_gate --target tests -- -j6 -l6
[1.938s] [ 40%] Built target gtest
[1.959s] [ 40%] Built target autoware_system_msgs_generate_messages_cpp
[1.981s] [ 40%] Built target autoware_config_msgs_generate_messages_nodejs
[2.005s] [ 40%] Built target autoware_msgs_generate_messages_lisp
[2.031s] [ 40%] Built target jsk_recognition_msgs_generate_messages_cpp
[2.055s] [ 40%] Built target autoware_msgs_generate_messages_eus
[2.077s] [ 40%] Built target rosgraph_msgs_generate_messages_cpp
[2.105s] [ 40%] Built target rosgraph_msgs_generate_messages_lisp
[2.127s] [ 40%] Built target autoware_system_msgs_generate_messages_eus
[2.151s] [ 40%] Built target jsk_recognition_msgs_generate_messages_eus
[2.173s] [ 40%] Built target sensor_msgs_generate_messages_lisp
[2.199s] [ 40%] Built target rosgraph_msgs_generate_messages_eus
[2.225s] [ 40%] Built target autoware_msgs_generate_messages_py
[2.247s] [ 40%] Built target std_msgs_generate_messages_py
[2.269s] [ 40%] Built target std_msgs_generate_messages_cpp
[2.292s] [ 40%] Built target actionlib_msgs_generate_messages_nodejs
[2.313s] [ 40%] Built target autoware_system_msgs_generate_messages_lisp
[2.334s] [ 40%] Built target autoware_config_msgs_generate_messages_py
[2.356s] [ 40%] Built target roscpp_generate_messages_eus
[2.379s] [ 40%] Built target actionlib_msgs_generate_messages_eus
[2.406s] [ 40%] Built target rosgraph_msgs_generate_messages_py
[2.425s] [ 40%] Built target autoware_msgs_generate_messages_nodejs
[2.446s] [ 40%] Built target autoware_config_msgs_generate_messages_cpp
[2.472s] [ 40%] Built target rosgraph_msgs_generate_messages_nodejs
[2.496s] [ 40%] Built target std_msgs_generate_messages_eus
[2.521s] [ 40%] Built target geometry_msgs_generate_messages_nodejs
[2.544s] [ 40%] Built target autoware_config_msgs_generate_messages_eus
[2.567s] [ 40%] Built target jsk_footstep_msgs_generate_messages_py
[2.588s] [ 40%] Built target tablet_socket_msgs_generate_messages_py
[2.611s] [ 40%] Built target roscpp_generate_messages_nodejs
[2.635s] [ 40%] Built target std_msgs_generate_messages_lisp
[2.658s] [ 40%] Built target std_msgs_generate_messages_nodejs
[2.682s] [ 40%] Built target jsk_recognition_msgs_generate_messages_lisp
[2.711s] [ 40%] Built target jsk_recognition_msgs_generate_messages_py
[2.732s] [ 40%] Built target sensor_msgs_generate_messages_cpp
[2.752s] [ 40%] Built target sensor_msgs_generate_messages_eus
[2.786s] [ 40%] Built target autoware_system_msgs_generate_messages_py
[2.807s] [ 40%] Built target sensor_msgs_generate_messages_nodejs
[2.836s] [ 40%] Built target roscpp_generate_messages_cpp
[2.857s] [ 40%] Built target sensor_msgs_generate_messages_py
[2.878s] [ 40%] Built target pcl_msgs_generate_messages_cpp
[2.899s] [ 40%] Built target pcl_msgs_generate_messages_eus
[2.923s] [ 40%] Built target pcl_msgs_generate_messages_lisp
[2.944s] [ 40%] Built target pcl_msgs_generate_messages_nodejs
[2.971s] [ 40%] Built target pcl_msgs_generate_messages_py
[2.991s] [ 40%] Built target jsk_footstep_msgs_generate_messages_eus
[3.015s] [ 40%] Built target actionlib_msgs_generate_messages_py
[3.037s] [ 40%] Built target jsk_footstep_msgs_generate_messages_lisp
[3.059s] [ 40%] Built target jsk_footstep_msgs_generate_messages_nodejs
[3.083s] [ 40%] Built target jsk_footstep_msgs_generate_messages_cpp
[3.108s] [ 40%] Built target actionlib_msgs_generate_messages_cpp
[3.132s] [ 40%] Built target autoware_system_msgs_generate_messages_nodejs
[3.155s] [ 40%] Built target actionlib_msgs_generate_messages_lisp
[3.186s] [ 40%] Built target jsk_recognition_msgs_generate_messages_nodejs
[3.206s] [ 40%] Built target roscpp_generate_messages_lisp
[3.230s] [ 40%] Built target roscpp_generate_messages_py
[3.262s] [ 40%] Built target autoware_config_msgs_generate_messages_lisp
[3.300s] [ 40%] Built target tablet_socket_msgs_generate_messages_cpp
[3.322s] [ 40%] Built target tablet_socket_msgs_generate_messages_eus
[3.342s] [ 40%] Built target tablet_socket_msgs_generate_messages_lisp
[3.365s] [ 40%] Built target tablet_socket_msgs_generate_messages_nodejs
[3.391s] [ 40%] Built target autoware_msgs_generate_messages_cpp
[3.414s] [ 40%] Built target geometry_msgs_generate_messages_eus
[3.437s] [ 40%] Built target geometry_msgs_generate_messages_cpp
[3.462s] [ 40%] Built target geometry_msgs_generate_messages_lisp
[3.493s] [ 40%] Built target geometry_msgs_generate_messages_py
[3.534s] [100%] Built target test-twist_gate
[3.560s] [100%] Built target tests
[3.582s] Invoked command in '/home/yeap/APC_2022_Prac/airsimversion/autoware.ai/build/twist_gate' returned '0': CMAKE_PREFIX_PATH=/home/yeap/APC_2022_Prac/airsimversion/autoware.ai/install/autoware_health_checker:/home/yeap/APC_2022_Prac/airsimversion/autoware.ai/install/tablet_socket_msgs:/home/yeap/APC_2022_Prac/airsimversion/autoware.ai/install/ros_observer:/home/yeap/APC_2022_Prac/airsimversion/autoware.ai/install/autoware_system_msgs:/home/yeap/APC_2022_Prac/airsimversion/autoware.ai/install/autoware_msgs:/home/yeap/APC_2022_Prac/airsimversion/autoware.ai/install/autoware_config_msgs:/home/yeap/APC_2022_Prac/airsimversion/autoware.ai/install/autoware_build_flags:${CMAKE_PREFIX_PATH} LD_LIBRARY_PATH=/home/yeap/APC_2022_Prac/airsimversion/autoware.ai/install/autoware_health_checker/lib:/home/yeap/APC_2022_Prac/airsimversion/autoware.ai/install/ros_observer/lib:${LD_LIBRARY_PATH} PKG_CONFIG_PATH=/home/yeap/APC_2022_Prac/airsimversion/autoware.ai/install/autoware_health_checker/lib/x86_64-linux-gnu/pkgconfig:/home/yeap/APC_2022_Prac/airsimversion/autoware.ai/install/autoware_health_checker/lib/pkgconfig:/home/yeap/APC_2022_Prac/airsimversion/autoware.ai/install/tablet_socket_msgs/lib/x86_64-linux-gnu/pkgconfig:/home/yeap/APC_2022_Prac/airsimversion/autoware.ai/install/tablet_socket_msgs/lib/pkgconfig:/home/yeap/APC_2022_Prac/airsimversion/autoware.ai/install/ros_observer/lib/x86_64-linux-gnu/pkgconfig:/home/yeap/APC_2022_Prac/airsimversion/autoware.ai/install/ros_observer/lib/pkgconfig:/home/yeap/APC_2022_Prac/airsimversion/autoware.ai/install/autoware_system_msgs/lib/x86_64-linux-gnu/pkgconfig:/home/yeap/APC_2022_Prac/airsimversion/autoware.ai/install/autoware_system_msgs/lib/pkgconfig:/home/yeap/APC_2022_Prac/airsimversion/autoware.ai/install/autoware_msgs/lib/x86_64-linux-gnu/pkgconfig:/home/yeap/APC_2022_Prac/airsimversion/autoware.ai/install/autoware_msgs/lib/pkgconfig:/home/yeap/APC_2022_Prac/airsimversion/autoware.ai/install/autoware_config_msgs/lib/x86_64-linux-gnu/pkgconfig:/home/yeap/APC_2022_Prac/airsimversion/autoware.ai/install/autoware_config_msgs/lib/pkgconfig:/home/yeap/APC_2022_Prac/airsimversion/autoware.ai/install/autoware_build_flags/lib/x86_64-linux-gnu/pkgconfig:/home/yeap/APC_2022_Prac/airsimversion/autoware.ai/install/autoware_build_flags/lib/pkgconfig:${PKG_CONFIG_PATH} PYTHONPATH=/home/yeap/APC_2022_Prac/airsimversion/autoware.ai/install/tablet_socket_msgs/lib/python2.7/dist-packages:/home/yeap/APC_2022_Prac/airsimversion/autoware.ai/install/autoware_system_msgs/lib/python2.7/dist-packages:/home/yeap/APC_2022_Prac/airsimversion/autoware.ai/install/autoware_msgs/lib/python2.7/dist-packages:/home/yeap/APC_2022_Prac/airsimversion/autoware.ai/install/autoware_config_msgs/lib/python2.7/dist-packages:${PYTHONPATH} ROS_PACKAGE_PATH=/home/yeap/APC_2022_Prac/airsimversion/autoware.ai/install/autoware_health_checker/share:/home/yeap/APC_2022_Prac/airsimversion/autoware.ai/install/tablet_socket_msgs/share:/home/yeap/APC_2022_Prac/airsimversion/autoware.ai/install/ros_observer/share:/home/yeap/APC_2022_Prac/airsimversion/autoware.ai/install/autoware_system_msgs/share:/home/yeap/APC_2022_Prac/airsimversion/autoware.ai/install/autoware_msgs/share:/home/yeap/APC_2022_Prac/airsimversion/autoware.ai/install/autoware_config_msgs/share:/home/yeap/APC_2022_Prac/airsimversion/autoware.ai/install/autoware_build_flags/share:${ROS_PACKAGE_PATH} /usr/bin/cmake --build /home/yeap/APC_2022_Prac/airsimversion/autoware.ai/build/twist_gate --target tests -- -j6 -l6
[3.728s] Invoking command in '/home/yeap/APC_2022_Prac/airsimversion/autoware.ai/build/twist_gate': CMAKE_PREFIX_PATH=/home/yeap/APC_2022_Prac/airsimversion/autoware.ai/install/autoware_health_checker:/home/yeap/APC_2022_Prac/airsimversion/autoware.ai/install/tablet_socket_msgs:/home/yeap/APC_2022_Prac/airsimversion/autoware.ai/install/ros_observer:/home/yeap/APC_2022_Prac/airsimversion/autoware.ai/install/autoware_system_msgs:/home/yeap/APC_2022_Prac/airsimversion/autoware.ai/install/autoware_msgs:/home/yeap/APC_2022_Prac/airsimversion/autoware.ai/install/autoware_config_msgs:/home/yeap/APC_2022_Prac/airsimversion/autoware.ai/install/autoware_build_flags:${CMAKE_PREFIX_PATH} LD_LIBRARY_PATH=/home/yeap/APC_2022_Prac/airsimversion/autoware.ai/install/autoware_health_checker/lib:/home/yeap/APC_2022_Prac/airsimversion/autoware.ai/install/ros_observer/lib:${LD_LIBRARY_PATH} PKG_CONFIG_PATH=/home/yeap/APC_2022_Prac/airsimversion/autoware.ai/install/autoware_health_checker/lib/x86_64-linux-gnu/pkgconfig:/home/yeap/APC_2022_Prac/airsimversion/autoware.ai/install/autoware_health_checker/lib/pkgconfig:/home/yeap/APC_2022_Prac/airsimversion/autoware.ai/install/tablet_socket_msgs/lib/x86_64-linux-gnu/pkgconfig:/home/yeap/APC_2022_Prac/airsimversion/autoware.ai/install/tablet_socket_msgs/lib/pkgconfig:/home/yeap/APC_2022_Prac/airsimversion/autoware.ai/install/ros_observer/lib/x86_64-linux-gnu/pkgconfig:/home/yeap/APC_2022_Prac/airsimversion/autoware.ai/install/ros_observer/lib/pkgconfig:/home/yeap/APC_2022_Prac/airsimversion/autoware.ai/install/autoware_system_msgs/lib/x86_64-linux-gnu/pkgconfig:/home/yeap/APC_2022_Prac/airsimversion/autoware.ai/install/autoware_system_msgs/lib/pkgconfig:/home/yeap/APC_2022_Prac/airsimversion/autoware.ai/install/autoware_msgs/lib/x86_64-linux-gnu/pkgconfig:/home/yeap/APC_2022_Prac/airsimversion/autoware.ai/install/autoware_msgs/lib/pkgconfig:/home/yeap/APC_2022_Prac/airsimversion/autoware.ai/install/autoware_config_msgs/lib/x86_64-linux-gnu/pkgconfig:/home/yeap/APC_2022_Prac/airsimversion/autoware.ai/install/autoware_config_msgs/lib/pkgconfig:/home/yeap/APC_2022_Prac/airsimversion/autoware.ai/install/autoware_build_flags/lib/x86_64-linux-gnu/pkgconfig:/home/yeap/APC_2022_Prac/airsimversion/autoware.ai/install/autoware_build_flags/lib/pkgconfig:${PKG_CONFIG_PATH} PYTHONPATH=/home/yeap/APC_2022_Prac/airsimversion/autoware.ai/install/tablet_socket_msgs/lib/python2.7/dist-packages:/home/yeap/APC_2022_Prac/airsimversion/autoware.ai/install/autoware_system_msgs/lib/python2.7/dist-packages:/home/yeap/APC_2022_Prac/airsimversion/autoware.ai/install/autoware_msgs/lib/python2.7/dist-packages:/home/yeap/APC_2022_Prac/airsimversion/autoware.ai/install/autoware_config_msgs/lib/python2.7/dist-packages:${PYTHONPATH} ROS_PACKAGE_PATH=/home/yeap/APC_2022_Prac/airsimversion/autoware.ai/install/autoware_health_checker/share:/home/yeap/APC_2022_Prac/airsimversion/autoware.ai/install/tablet_socket_msgs/share:/home/yeap/APC_2022_Prac/airsimversion/autoware.ai/install/ros_observer/share:/home/yeap/APC_2022_Prac/airsimversion/autoware.ai/install/autoware_system_msgs/share:/home/yeap/APC_2022_Prac/airsimversion/autoware.ai/install/autoware_msgs/share:/home/yeap/APC_2022_Prac/airsimversion/autoware.ai/install/autoware_config_msgs/share:/home/yeap/APC_2022_Prac/airsimversion/autoware.ai/install/autoware_build_flags/share:${ROS_PACKAGE_PATH} /usr/bin/cmake --build /home/yeap/APC_2022_Prac/airsimversion/autoware.ai/build/twist_gate --target install -- -j6 -l6
[3.782s] [  0%] Built target autoware_msgs_generate_messages_cpp
[3.808s] [  0%] Built target autoware_system_msgs_generate_messages_cpp
[3.836s] [  0%] Built target autoware_config_msgs_generate_messages_nodejs
[3.859s] [  0%] Built target autoware_msgs_generate_messages_lisp
[3.885s] [  0%] Built target jsk_recognition_msgs_generate_messages_cpp
[3.914s] [  0%] Built target autoware_msgs_generate_messages_eus
[3.934s] [  0%] Built target rosgraph_msgs_generate_messages_cpp
[3.959s] [  0%] Built target rosgraph_msgs_generate_messages_lisp
[3.981s] [  0%] Built target autoware_system_msgs_generate_messages_eus
[4.015s] [  0%] Built target jsk_recognition_msgs_generate_messages_eus
[4.038s] [  0%] Built target sensor_msgs_generate_messages_lisp
[4.059s] [  0%] Built target rosgraph_msgs_generate_messages_eus
[4.084s] [  0%] Built target autoware_msgs_generate_messages_py
[4.106s] [  0%] Built target std_msgs_generate_messages_py
[4.129s] [  0%] Built target std_msgs_generate_messages_cpp
[4.149s] [  0%] Built target actionlib_msgs_generate_messages_nodejs
[4.170s] [  0%] Built target autoware_system_msgs_generate_messages_lisp
[4.197s] [  0%] Built target autoware_config_msgs_generate_messages_py
[4.216s] [  0%] Built target roscpp_generate_messages_eus
[4.250s] [  0%] Built target actionlib_msgs_generate_messages_eus
[4.274s] [  0%] Built target rosgraph_msgs_generate_messages_py
[4.296s] [  0%] Built target autoware_msgs_generate_messages_nodejs
[4.317s] [  0%] Built target autoware_config_msgs_generate_messages_cpp
[4.337s] [  0%] Built target rosgraph_msgs_generate_messages_nodejs
[4.358s] [  0%] Built target std_msgs_generate_messages_eus
[4.382s] [  0%] Built target geometry_msgs_generate_messages_nodejs
[4.405s] [  0%] Built target autoware_config_msgs_generate_messages_eus
[4.432s] [  0%] Built target jsk_footstep_msgs_generate_messages_py
[4.457s] [  0%] Built target tablet_socket_msgs_generate_messages_py
[4.478s] [  0%] Built target roscpp_generate_messages_nodejs
[4.504s] [  0%] Built target std_msgs_generate_messages_lisp
[4.528s] [  0%] Built target std_msgs_generate_messages_nodejs
[4.559s] [  0%] Built target jsk_recognition_msgs_generate_messages_lisp
[4.590s] [  0%] Built target jsk_recognition_msgs_generate_messages_py
[4.615s] [  0%] Built target sensor_msgs_generate_messages_cpp
[4.644s] [  0%] Built target sensor_msgs_generate_messages_eus
[4.665s] [  0%] Built target autoware_system_msgs_generate_messages_py
[4.692s] [  0%] Built target sensor_msgs_generate_messages_nodejs
[4.715s] [  0%] Built target roscpp_generate_messages_cpp
[4.746s] [  0%] Built target sensor_msgs_generate_messages_py
[4.766s] [  0%] Built target pcl_msgs_generate_messages_cpp
[4.786s] [  0%] Built target pcl_msgs_generate_messages_eus
[4.812s] [  0%] Built target pcl_msgs_generate_messages_lisp
[4.843s] [  0%] Built target pcl_msgs_generate_messages_nodejs
[4.872s] [  0%] Built target pcl_msgs_generate_messages_py
[4.894s] [  0%] Built target jsk_footstep_msgs_generate_messages_eus
[4.915s] [  0%] Built target actionlib_msgs_generate_messages_py
[4.935s] [  0%] Built target jsk_footstep_msgs_generate_messages_lisp
[4.957s] [  0%] Built target jsk_footstep_msgs_generate_messages_nodejs
[4.978s] [  0%] Built target jsk_footstep_msgs_generate_messages_cpp
[5.006s] [  0%] Built target actionlib_msgs_generate_messages_cpp
[5.036s] [  0%] Built target autoware_system_msgs_generate_messages_nodejs
[5.060s] [  0%] Built target actionlib_msgs_generate_messages_lisp
[5.080s] [  0%] Built target jsk_recognition_msgs_generate_messages_nodejs
[5.101s] [  0%] Built target roscpp_generate_messages_lisp
[5.122s] [  0%] Built target roscpp_generate_messages_py
[5.157s] [  0%] Built target autoware_config_msgs_generate_messages_lisp
[5.180s] [  0%] Built target tablet_socket_msgs_generate_messages_cpp
[5.202s] [  0%] Built target tablet_socket_msgs_generate_messages_eus
[5.227s] [  0%] Built target tablet_socket_msgs_generate_messages_lisp
[5.249s] [  0%] Built target tablet_socket_msgs_generate_messages_nodejs
[5.271s] [  0%] Built target geometry_msgs_generate_messages_eus
[5.301s] [  0%] Built target geometry_msgs_generate_messages_cpp
[5.331s] [  0%] Built target geometry_msgs_generate_messages_lisp
[5.354s] [  0%] Built target geometry_msgs_generate_messages_py
[5.385s] [100%] Built target twist_gate
[5.410s] [36mInstall the project...[0m
[5.422s] -- Install configuration: "Release"
[5.422s] -- Up-to-date: /home/yeap/APC_2022_Prac/airsimversion/autoware.ai/install/twist_gate/lib/pkgconfig/twist_gate.pc
[5.422s] -- Up-to-date: /home/yeap/APC_2022_Prac/airsimversion/autoware.ai/install/twist_gate/share/twist_gate/cmake/twist_gateConfig.cmake
[5.422s] -- Up-to-date: /home/yeap/APC_2022_Prac/airsimversion/autoware.ai/install/twist_gate/share/twist_gate/cmake/twist_gateConfig-version.cmake
[5.423s] -- Up-to-date: /home/yeap/APC_2022_Prac/airsimversion/autoware.ai/install/twist_gate/share/twist_gate/package.xml
[5.423s] -- Up-to-date: /home/yeap/APC_2022_Prac/airsimversion/autoware.ai/install/twist_gate/lib/twist_gate/twist_gate
[5.430s] Invoked command in '/home/yeap/APC_2022_Prac/airsimversion/autoware.ai/build/twist_gate' returned '0': CMAKE_PREFIX_PATH=/home/yeap/APC_2022_Prac/airsimversion/autoware.ai/install/autoware_health_checker:/home/yeap/APC_2022_Prac/airsimversion/autoware.ai/install/tablet_socket_msgs:/home/yeap/APC_2022_Prac/airsimversion/autoware.ai/install/ros_observer:/home/yeap/APC_2022_Prac/airsimversion/autoware.ai/install/autoware_system_msgs:/home/yeap/APC_2022_Prac/airsimversion/autoware.ai/install/autoware_msgs:/home/yeap/APC_2022_Prac/airsimversion/autoware.ai/install/autoware_config_msgs:/home/yeap/APC_2022_Prac/airsimversion/autoware.ai/install/autoware_build_flags:${CMAKE_PREFIX_PATH} LD_LIBRARY_PATH=/home/yeap/APC_2022_Prac/airsimversion/autoware.ai/install/autoware_health_checker/lib:/home/yeap/APC_2022_Prac/airsimversion/autoware.ai/install/ros_observer/lib:${LD_LIBRARY_PATH} PKG_CONFIG_PATH=/home/yeap/APC_2022_Prac/airsimversion/autoware.ai/install/autoware_health_checker/lib/x86_64-linux-gnu/pkgconfig:/home/yeap/APC_2022_Prac/airsimversion/autoware.ai/install/autoware_health_checker/lib/pkgconfig:/home/yeap/APC_2022_Prac/airsimversion/autoware.ai/install/tablet_socket_msgs/lib/x86_64-linux-gnu/pkgconfig:/home/yeap/APC_2022_Prac/airsimversion/autoware.ai/install/tablet_socket_msgs/lib/pkgconfig:/home/yeap/APC_2022_Prac/airsimversion/autoware.ai/install/ros_observer/lib/x86_64-linux-gnu/pkgconfig:/home/yeap/APC_2022_Prac/airsimversion/autoware.ai/install/ros_observer/lib/pkgconfig:/home/yeap/APC_2022_Prac/airsimversion/autoware.ai/install/autoware_system_msgs/lib/x86_64-linux-gnu/pkgconfig:/home/yeap/APC_2022_Prac/airsimversion/autoware.ai/install/autoware_system_msgs/lib/pkgconfig:/home/yeap/APC_2022_Prac/airsimversion/autoware.ai/install/autoware_msgs/lib/x86_64-linux-gnu/pkgconfig:/home/yeap/APC_2022_Prac/airsimversion/autoware.ai/install/autoware_msgs/lib/pkgconfig:/home/yeap/APC_2022_Prac/airsimversion/autoware.ai/install/autoware_config_msgs/lib/x86_64-linux-gnu/pkgconfig:/home/yeap/APC_2022_Prac/airsimversion/autoware.ai/install/autoware_config_msgs/lib/pkgconfig:/home/yeap/APC_2022_Prac/airsimversion/autoware.ai/install/autoware_build_flags/lib/x86_64-linux-gnu/pkgconfig:/home/yeap/APC_2022_Prac/airsimversion/autoware.ai/install/autoware_build_flags/lib/pkgconfig:${PKG_CONFIG_PATH} PYTHONPATH=/home/yeap/APC_2022_Prac/airsimversion/autoware.ai/install/tablet_socket_msgs/lib/python2.7/dist-packages:/home/yeap/APC_2022_Prac/airsimversion/autoware.ai/install/autoware_system_msgs/lib/python2.7/dist-packages:/home/yeap/APC_2022_Prac/airsimversion/autoware.ai/install/autoware_msgs/lib/python2.7/dist-packages:/home/yeap/APC_2022_Prac/airsimversion/autoware.ai/install/autoware_config_msgs/lib/python2.7/dist-packages:${PYTHONPATH} ROS_PACKAGE_PATH=/home/yeap/APC_2022_Prac/airsimversion/autoware.ai/install/autoware_health_checker/share:/home/yeap/APC_2022_Prac/airsimversion/autoware.ai/install/tablet_socket_msgs/share:/home/yeap/APC_2022_Prac/airsimversion/autoware.ai/install/ros_observer/share:/home/yeap/APC_2022_Prac/airsimversion/autoware.ai/install/autoware_system_msgs/share:/home/yeap/APC_2022_Prac/airsimversion/autoware.ai/install/autoware_msgs/share:/home/yeap/APC_2022_Prac/airsimversion/autoware.ai/install/autoware_config_msgs/share:/home/yeap/APC_2022_Prac/airsimversion/autoware.ai/install/autoware_build_flags/share:${ROS_PACKAGE_PATH} /usr/bin/cmake --build /home/yeap/APC_2022_Prac/airsimversion/autoware.ai/build/twist_gate --target install -- -j6 -l6
