[0.061s] Invoking command in '/home/yeap/APC_2022_Prac/airsimversion/autoware.ai/build/carla_autoware_bridge': CMAKE_PREFIX_PATH=/home/yeap/APC_2022_Prac/airsimversion/autoware.ai/install/autoware_msgs:${CMAKE_PREFIX_PATH} PKG_CONFIG_PATH=/home/yeap/APC_2022_Prac/airsimversion/autoware.ai/install/autoware_msgs/lib/x86_64-linux-gnu/pkgconfig:/home/yeap/APC_2022_Prac/airsimversion/autoware.ai/install/autoware_msgs/lib/pkgconfig:${PKG_CONFIG_PATH} PYTHONPATH=/home/yeap/APC_2022_Prac/airsimversion/autoware.ai/install/autoware_msgs/lib/python2.7/dist-packages:${PYTHONPATH} ROS_PACKAGE_PATH=/home/yeap/APC_2022_Prac/airsimversion/autoware.ai/install/autoware_msgs/share:${ROS_PACKAGE_PATH} /usr/bin/cmake --build /home/yeap/APC_2022_Prac/airsimversion/autoware.ai/build/carla_autoware_bridge -- -j6 -l6
[0.219s] Invoked command in '/home/yeap/APC_2022_Prac/airsimversion/autoware.ai/build/carla_autoware_bridge' returned '0': CMAKE_PREFIX_PATH=/home/yeap/APC_2022_Prac/airsimversion/autoware.ai/install/autoware_msgs:${CMAKE_PREFIX_PATH} PKG_CONFIG_PATH=/home/yeap/APC_2022_Prac/airsimversion/autoware.ai/install/autoware_msgs/lib/x86_64-linux-gnu/pkgconfig:/home/yeap/APC_2022_Prac/airsimversion/autoware.ai/install/autoware_msgs/lib/pkgconfig:${PKG_CONFIG_PATH} PYTHONPATH=/home/yeap/APC_2022_Prac/airsimversion/autoware.ai/install/autoware_msgs/lib/python2.7/dist-packages:${PYTHONPATH} ROS_PACKAGE_PATH=/home/yeap/APC_2022_Prac/airsimversion/autoware.ai/install/autoware_msgs/share:${ROS_PACKAGE_PATH} /usr/bin/cmake --build /home/yeap/APC_2022_Prac/airsimversion/autoware.ai/build/carla_autoware_bridge -- -j6 -l6
[0.500s] Invoking command in '/home/yeap/APC_2022_Prac/airsimversion/autoware.ai/build/carla_autoware_bridge': CMAKE_PREFIX_PATH=/home/yeap/APC_2022_Prac/airsimversion/autoware.ai/install/autoware_msgs:${CMAKE_PREFIX_PATH} PKG_CONFIG_PATH=/home/yeap/APC_2022_Prac/airsimversion/autoware.ai/install/autoware_msgs/lib/x86_64-linux-gnu/pkgconfig:/home/yeap/APC_2022_Prac/airsimversion/autoware.ai/install/autoware_msgs/lib/pkgconfig:${PKG_CONFIG_PATH} PYTHONPATH=/home/yeap/APC_2022_Prac/airsimversion/autoware.ai/install/autoware_msgs/lib/python2.7/dist-packages:${PYTHONPATH} ROS_PACKAGE_PATH=/home/yeap/APC_2022_Prac/airsimversion/autoware.ai/install/autoware_msgs/share:${ROS_PACKAGE_PATH} /usr/bin/cmake --build /home/yeap/APC_2022_Prac/airsimversion/autoware.ai/build/carla_autoware_bridge --target tests -- -j6 -l6
[0.616s] Built target tests
[0.631s] Invoked command in '/home/yeap/APC_2022_Prac/airsimversion/autoware.ai/build/carla_autoware_bridge' returned '0': CMAKE_PREFIX_PATH=/home/yeap/APC_2022_Prac/airsimversion/autoware.ai/install/autoware_msgs:${CMAKE_PREFIX_PATH} PKG_CONFIG_PATH=/home/yeap/APC_2022_Prac/airsimversion/autoware.ai/install/autoware_msgs/lib/x86_64-linux-gnu/pkgconfig:/home/yeap/APC_2022_Prac/airsimversion/autoware.ai/install/autoware_msgs/lib/pkgconfig:${PKG_CONFIG_PATH} PYTHONPATH=/home/yeap/APC_2022_Prac/airsimversion/autoware.ai/install/autoware_msgs/lib/python2.7/dist-packages:${PYTHONPATH} ROS_PACKAGE_PATH=/home/yeap/APC_2022_Prac/airsimversion/autoware.ai/install/autoware_msgs/share:${ROS_PACKAGE_PATH} /usr/bin/cmake --build /home/yeap/APC_2022_Prac/airsimversion/autoware.ai/build/carla_autoware_bridge --target tests -- -j6 -l6
[0.723s] Invoking command in '/home/yeap/APC_2022_Prac/airsimversion/autoware.ai/build/carla_autoware_bridge': CMAKE_PREFIX_PATH=/home/yeap/APC_2022_Prac/airsimversion/autoware.ai/install/autoware_msgs:${CMAKE_PREFIX_PATH} PKG_CONFIG_PATH=/home/yeap/APC_2022_Prac/airsimversion/autoware.ai/install/autoware_msgs/lib/x86_64-linux-gnu/pkgconfig:/home/yeap/APC_2022_Prac/airsimversion/autoware.ai/install/autoware_msgs/lib/pkgconfig:${PKG_CONFIG_PATH} PYTHONPATH=/home/yeap/APC_2022_Prac/airsimversion/autoware.ai/install/autoware_msgs/lib/python2.7/dist-packages:${PYTHONPATH} ROS_PACKAGE_PATH=/home/yeap/APC_2022_Prac/airsimversion/autoware.ai/install/autoware_msgs/share:${ROS_PACKAGE_PATH} /usr/bin/cmake --build /home/yeap/APC_2022_Prac/airsimversion/autoware.ai/build/carla_autoware_bridge --target install -- -j6 -l6
[0.783s] [36mInstall the project...[0m
[0.790s] -- Install configuration: "Release"
[0.790s] + cd /home/yeap/APC_2022_Prac/airsimversion/autoware.ai/src/autoware/simulation/carla_simulator_bridge/carla_autoware_bridge
[0.790s] + mkdir -p /home/yeap/APC_2022_Prac/airsimversion/autoware.ai/install/carla_autoware_bridge/lib/python2.7/dist-packages
[0.791s] + /usr/bin/env PYTHONPATH=/home/yeap/APC_2022_Prac/airsimversion/autoware.ai/install/carla_autoware_bridge/lib/python2.7/dist-packages:/home/yeap/APC_2022_Prac/airsimversion/autoware.ai/build/carla_autoware_bridge/lib/python2.7/dist-packages:/home/yeap/APC_2022_Prac/airsimversion/autoware.ai/install/autoware_msgs/lib/python2.7/dist-packages:/opt/ros/melodic/lib/python2.7/dist-packages CATKIN_BINARY_DIR=/home/yeap/APC_2022_Prac/airsimversion/autoware.ai/build/carla_autoware_bridge /usr/bin/python2 /home/yeap/APC_2022_Prac/airsimversion/autoware.ai/src/autoware/simulation/carla_simulator_bridge/carla_autoware_bridge/setup.py build --build-base /home/yeap/APC_2022_Prac/airsimversion/autoware.ai/build/carla_autoware_bridge install --root=/ --install-layout=deb --prefix=/home/yeap/APC_2022_Prac/airsimversion/autoware.ai/install/carla_autoware_bridge --install-scripts=/home/yeap/APC_2022_Prac/airsimversion/autoware.ai/install/carla_autoware_bridge/bin
[0.828s] running build
[0.828s] running build_py
[0.828s] running install
[0.828s] running install_lib
[0.828s] running install_egg_info
[0.829s] Removing /home/yeap/APC_2022_Prac/airsimversion/autoware.ai/install/carla_autoware_bridge/lib/python2.7/dist-packages/carla_autoware_bridge-0.0.0.egg-info
[0.829s] Writing /home/yeap/APC_2022_Prac/airsimversion/autoware.ai/install/carla_autoware_bridge/lib/python2.7/dist-packages/carla_autoware_bridge-0.0.0.egg-info
[0.833s] -- Up-to-date: /home/yeap/APC_2022_Prac/airsimversion/autoware.ai/install/carla_autoware_bridge/lib/pkgconfig/carla_autoware_bridge.pc
[0.834s] -- Up-to-date: /home/yeap/APC_2022_Prac/airsimversion/autoware.ai/install/carla_autoware_bridge/share/carla_autoware_bridge/cmake/carla_autoware_bridgeConfig.cmake
[0.834s] -- Up-to-date: /home/yeap/APC_2022_Prac/airsimversion/autoware.ai/install/carla_autoware_bridge/share/carla_autoware_bridge/cmake/carla_autoware_bridgeConfig-version.cmake
[0.834s] -- Up-to-date: /home/yeap/APC_2022_Prac/airsimversion/autoware.ai/install/carla_autoware_bridge/share/carla_autoware_bridge/package.xml
[0.834s] -- Up-to-date: /home/yeap/APC_2022_Prac/airsimversion/autoware.ai/install/carla_autoware_bridge/lib/carla_autoware_bridge/carla_to_autoware_vehicle_status
[0.834s] -- Up-to-date: /home/yeap/APC_2022_Prac/airsimversion/autoware.ai/install/carla_autoware_bridge/lib/carla_autoware_bridge/carla_to_autoware_waypoints
[0.834s] -- Up-to-date: /home/yeap/APC_2022_Prac/airsimversion/autoware.ai/install/carla_autoware_bridge/lib/carla_autoware_bridge/odometry_to_posestamped
[0.834s] -- Up-to-date: /home/yeap/APC_2022_Prac/airsimversion/autoware.ai/install/carla_autoware_bridge/lib/carla_autoware_bridge/vehiclecmd_to_ackermanndrive
[0.834s] -- Up-to-date: /home/yeap/APC_2022_Prac/airsimversion/autoware.ai/install/carla_autoware_bridge/lib/carla_autoware_bridge/carla_to_autoware_detected_objects
[0.834s] -- Up-to-date: /home/yeap/APC_2022_Prac/airsimversion/autoware.ai/install/carla_autoware_bridge/share/carla_autoware_bridge/launch
[0.835s] -- Up-to-date: /home/yeap/APC_2022_Prac/airsimversion/autoware.ai/install/carla_autoware_bridge/share/carla_autoware_bridge/launch/carla_autoware_bridge_common.launch
[0.835s] -- Up-to-date: /home/yeap/APC_2022_Prac/airsimversion/autoware.ai/install/carla_autoware_bridge/share/carla_autoware_bridge/launch/carla_autoware_bridge.launch
[0.835s] -- Up-to-date: /home/yeap/APC_2022_Prac/airsimversion/autoware.ai/install/carla_autoware_bridge/share/carla_autoware_bridge/launch/carla_autoware_bridge_with_manual_control.launch
[0.835s] -- Up-to-date: /home/yeap/APC_2022_Prac/airsimversion/autoware.ai/install/carla_autoware_bridge/share/carla_autoware_bridge/launch/tf.launch
[0.835s] -- Up-to-date: /home/yeap/APC_2022_Prac/airsimversion/autoware.ai/install/carla_autoware_bridge/share/carla_autoware_bridge/config
[0.835s] -- Up-to-date: /home/yeap/APC_2022_Prac/airsimversion/autoware.ai/install/carla_autoware_bridge/share/carla_autoware_bridge/config/sensors.json
[0.840s] Invoked command in '/home/yeap/APC_2022_Prac/airsimversion/autoware.ai/build/carla_autoware_bridge' returned '0': CMAKE_PREFIX_PATH=/home/yeap/APC_2022_Prac/airsimversion/autoware.ai/install/autoware_msgs:${CMAKE_PREFIX_PATH} PKG_CONFIG_PATH=/home/yeap/APC_2022_Prac/airsimversion/autoware.ai/install/autoware_msgs/lib/x86_64-linux-gnu/pkgconfig:/home/yeap/APC_2022_Prac/airsimversion/autoware.ai/install/autoware_msgs/lib/pkgconfig:${PKG_CONFIG_PATH} PYTHONPATH=/home/yeap/APC_2022_Prac/airsimversion/autoware.ai/install/autoware_msgs/lib/python2.7/dist-packages:${PYTHONPATH} ROS_PACKAGE_PATH=/home/yeap/APC_2022_Prac/airsimversion/autoware.ai/install/autoware_msgs/share:${ROS_PACKAGE_PATH} /usr/bin/cmake --build /home/yeap/APC_2022_Prac/airsimversion/autoware.ai/build/carla_autoware_bridge --target install -- -j6 -l6
