[0.045s] Invoking command in '/home/yeap/APC_2022_Prac/airsimversion/autoware.ai/build/gnss': /usr/bin/cmake --build /home/yeap/APC_2022_Prac/airsimversion/autoware.ai/build/gnss -- -j6 -l6
[0.274s] [100%] Built target gnss
[0.301s] Invoked command in '/home/yeap/APC_2022_Prac/airsimversion/autoware.ai/build/gnss' returned '0': /usr/bin/cmake --build /home/yeap/APC_2022_Prac/airsimversion/autoware.ai/build/gnss -- -j6 -l6
[0.820s] Invoking command in '/home/yeap/APC_2022_Prac/airsimversion/autoware.ai/build/gnss': /usr/bin/cmake --build /home/yeap/APC_2022_Prac/airsimversion/autoware.ai/build/gnss --target tests -- -j6 -l6
[1.002s] [  0%] Built target rosgraph_msgs_generate_messages_lisp
[1.010s] [ 40%] Built target gtest
[1.010s] [ 40%] Built target rosgraph_msgs_generate_messages_py
[1.010s] [ 40%] Built target rosgraph_msgs_generate_messages_nodejs
[1.011s] [ 40%] Built target rosgraph_msgs_generate_messages_eus
[1.011s] [ 40%] Built target std_msgs_generate_messages_eus
[1.011s] [ 40%] Built target roscpp_generate_messages_nodejs
[1.011s] [ 40%] Built target roscpp_generate_messages_py
[1.015s] [ 40%] Built target std_msgs_generate_messages_py
[1.022s] [ 40%] Built target rosgraph_msgs_generate_messages_cpp
[1.035s] [ 40%] Built target roscpp_generate_messages_lisp
[1.044s] [ 40%] Built target std_msgs_generate_messages_cpp
[1.051s] [ 40%] Built target roscpp_generate_messages_cpp
[1.060s] [ 40%] Built target roscpp_generate_messages_eus
[1.060s] [ 40%] Built target std_msgs_generate_messages_lisp
[1.065s] [ 40%] Built target std_msgs_generate_messages_nodejs
[1.095s] [100%] Built target test_gnss
[1.123s] [100%] Built target tests
[1.143s] Invoked command in '/home/yeap/APC_2022_Prac/airsimversion/autoware.ai/build/gnss' returned '0': /usr/bin/cmake --build /home/yeap/APC_2022_Prac/airsimversion/autoware.ai/build/gnss --target tests -- -j6 -l6
[1.277s] Invoking command in '/home/yeap/APC_2022_Prac/airsimversion/autoware.ai/build/gnss': /usr/bin/cmake --build /home/yeap/APC_2022_Prac/airsimversion/autoware.ai/build/gnss --target install -- -j6 -l6
[1.378s] [100%] Built target gnss
[1.412s] [36mInstall the project...[0m
[1.428s] -- Install configuration: "Release"
[1.428s] -- Up-to-date: /home/yeap/APC_2022_Prac/airsimversion/autoware.ai/install/gnss/lib/pkgconfig/gnss.pc
[1.429s] -- Up-to-date: /home/yeap/APC_2022_Prac/airsimversion/autoware.ai/install/gnss/share/gnss/cmake/gnssConfig.cmake
[1.429s] -- Up-to-date: /home/yeap/APC_2022_Prac/airsimversion/autoware.ai/install/gnss/share/gnss/cmake/gnssConfig-version.cmake
[1.429s] -- Up-to-date: /home/yeap/APC_2022_Prac/airsimversion/autoware.ai/install/gnss/share/gnss/package.xml
[1.429s] -- Up-to-date: /home/yeap/APC_2022_Prac/airsimversion/autoware.ai/install/gnss/include/gnss
[1.430s] -- Up-to-date: /home/yeap/APC_2022_Prac/airsimversion/autoware.ai/install/gnss/include/gnss/geo_pos_conv.hpp
[1.430s] -- Up-to-date: /home/yeap/APC_2022_Prac/airsimversion/autoware.ai/install/gnss/lib/libgnss.so
[1.441s] Invoked command in '/home/yeap/APC_2022_Prac/airsimversion/autoware.ai/build/gnss' returned '0': /usr/bin/cmake --build /home/yeap/APC_2022_Prac/airsimversion/autoware.ai/build/gnss --target install -- -j6 -l6
