[0.021s] Invoking command in '/home/yeap/APC_2022_Prac/airsimversion/autoware.ai/build/lanelet2_routing': CMAKE_PREFIX_PATH=/home/yeap/APC_2022_Prac/airsimversion/autoware.ai/install/lanelet2_traffic_rules:/home/yeap/APC_2022_Prac/airsimversion/autoware.ai/install/lanelet2_core:/home/yeap/APC_2022_Prac/airsimversion/autoware.ai/install/mrt_cmake_modules:${CMAKE_PREFIX_PATH} LD_LIBRARY_PATH=/home/yeap/APC_2022_Prac/airsimversion/autoware.ai/install/lanelet2_traffic_rules/lib:/home/yeap/APC_2022_Prac/airsimversion/autoware.ai/install/lanelet2_core/lib:${LD_LIBRARY_PATH} PKG_CONFIG_PATH=/home/yeap/APC_2022_Prac/airsimversion/autoware.ai/install/lanelet2_traffic_rules/lib/x86_64-linux-gnu/pkgconfig:/home/yeap/APC_2022_Prac/airsimversion/autoware.ai/install/lanelet2_traffic_rules/lib/pkgconfig:/home/yeap/APC_2022_Prac/airsimversion/autoware.ai/install/lanelet2_core/lib/x86_64-linux-gnu/pkgconfig:/home/yeap/APC_2022_Prac/airsimversion/autoware.ai/install/lanelet2_core/lib/pkgconfig:/home/yeap/APC_2022_Prac/airsimversion/autoware.ai/install/mrt_cmake_modules/lib/x86_64-linux-gnu/pkgconfig:/home/yeap/APC_2022_Prac/airsimversion/autoware.ai/install/mrt_cmake_modules/lib/pkgconfig:${PKG_CONFIG_PATH} PYTHONPATH=/home/yeap/APC_2022_Prac/airsimversion/autoware.ai/install/mrt_cmake_modules/lib/python2.7/dist-packages:${PYTHONPATH} ROS_PACKAGE_PATH=/home/yeap/APC_2022_Prac/airsimversion/autoware.ai/install/lanelet2_traffic_rules/share:/home/yeap/APC_2022_Prac/airsimversion/autoware.ai/install/lanelet2_core/share:/home/yeap/APC_2022_Prac/airsimversion/autoware.ai/install/mrt_cmake_modules/share:${ROS_PACKAGE_PATH} /usr/bin/cmake /home/yeap/APC_2022_Prac/airsimversion/autoware.ai/src/vendor/lanelet2/lanelet2_routing -DCMAKE_BUILD_TYPE=Release -DCATKIN_INSTALL_INTO_PREFIX_ROOT=0 -DCMAKE_INSTALL_PREFIX=/home/yeap/APC_2022_Prac/airsimversion/autoware.ai/install/lanelet2_routing
[0.104s] -- The C compiler identification is GNU 7.5.0
[0.173s] -- The CXX compiler identification is GNU 7.5.0
[0.180s] -- Check for working C compiler: /usr/bin/cc
[0.259s] -- Check for working C compiler: /usr/bin/cc -- works
[0.260s] -- Detecting C compiler ABI info
[0.337s] -- Detecting C compiler ABI info - done
[0.347s] -- Detecting C compile features
[0.582s] -- Detecting C compile features - done
[0.583s] -- Check for working CXX compiler: /usr/bin/c++
[0.674s] -- Check for working CXX compiler: /usr/bin/c++ -- works
[0.674s] -- Detecting CXX compiler ABI info
[0.766s] -- Detecting CXX compiler ABI info - done
[0.775s] -- Detecting CXX compile features
[1.172s] -- Detecting CXX compile features - done
[1.177s] -- MRT_ARCH not set and X86 target detected (x86_64)
[1.177s] -- Setting -march to sandybridge
[1.474s] -- Found OpenMP_C: -fopenmp (found version "4.5") 
[1.573s] -- Found OpenMP_CXX: -fopenmp (found version "4.5") 
[1.580s] -- Found OpenMP: TRUE (found version "4.5")  
[1.580s] -- Performing Test FLAG_AVAILABLE
[1.664s] -- Performing Test FLAG_AVAILABLE - Success
[1.666s] -- Using CATKIN_DEVEL_PREFIX: /home/yeap/APC_2022_Prac/airsimversion/autoware.ai/build/lanelet2_routing/devel
[1.667s] -- Using CMAKE_PREFIX_PATH: /home/yeap/APC_2022_Prac/airsimversion/autoware.ai/install/lanelet2_traffic_rules;/home/yeap/APC_2022_Prac/airsimversion/autoware.ai/install/lanelet2_core;/home/yeap/APC_2022_Prac/airsimversion/autoware.ai/install/mrt_cmake_modules;/opt/ros/melodic
[1.667s] -- This workspace overlays: /home/yeap/APC_2022_Prac/airsimversion/autoware.ai/install/lanelet2_traffic_rules;/home/yeap/APC_2022_Prac/airsimversion/autoware.ai/install/lanelet2_core;/home/yeap/APC_2022_Prac/airsimversion/autoware.ai/install/mrt_cmake_modules;/opt/ros/melodic
[1.683s] -- Found PythonInterp: /usr/bin/python2 (found suitable version "2.7.17", minimum required is "2") 
[1.683s] -- Using PYTHON_EXECUTABLE: /usr/bin/python2
[1.683s] -- Using Debian Python package layout
[1.684s] -- Using empy: /usr/bin/empy
[1.857s] -- Using CATKIN_ENABLE_TESTING: ON
[1.858s] -- Call enable_testing()
[1.860s] -- Using CATKIN_TEST_RESULTS_DIR: /home/yeap/APC_2022_Prac/airsimversion/autoware.ai/build/lanelet2_routing/test_results
[1.880s] -- Found gtest sources under '/usr/src/googletest': gtests will be built
[1.880s] -- Found gmock sources under '/usr/src/googletest': gmock will be built
[1.896s] -- Found PythonInterp: /usr/bin/python2 (found version "2.7.17") 
[1.898s] -- Looking for pthread.h
[1.986s] -- Looking for pthread.h - found
[1.988s] -- Looking for pthread_create
[2.078s] -- Looking for pthread_create - found
[2.079s] -- Found Threads: TRUE  
[2.084s] -- Using Python nosetests: /usr/bin/nosetests-2.7
[2.133s] -- catkin 0.7.29
[2.133s] -- BUILD_SHARED_LIBS is on
[2.721s] -- Boost version: 1.65.1
[2.721s] -- Found the following Boost libraries:
[2.721s] --   wserialization
[2.721s] --   thread
[2.721s] --   random
[2.721s] --   serialization
[2.721s] --   log_setup
[2.722s] --   prg_exec_monitor
[2.722s] --   wave
[2.722s] --   system
[2.722s] --   signals
[2.722s] --   chrono
[2.722s] --   filesystem
[2.722s] --   locale
[2.722s] --   timer
[2.722s] --   date_time
[2.722s] --   regex
[2.722s] --   graph
[2.723s] --   program_options
[2.723s] --   unit_test_framework
[2.723s] --   log
[2.723s] --   atomic
[2.871s] -- Adding library "lanelet2_routing" with source src/LaneletPath.cpp;src/Route.cpp;src/RouteBuilder.cpp;src/RoutingCost.cpp;src/RoutingGraph.cpp;src/RoutingGraphBuilder.cpp
[2.872s] -- Marking targets "lanelet2_routing" of package "lanelet2_routing" for installation
[2.872s] -- Marking HEADER FILES in "include" folder of package "lanelet2_routing" for installation
[2.872s] -- Marking SHARED CONTENT FOLDER "res" of package "lanelet2_routing" for installation
[2.872s] -- Adding gtest unittest "lanelet2_routing-test_relations-test" with working dir /home/yeap/APC_2022_Prac/airsimversion/autoware.ai/src/vendor/lanelet2/lanelet2_routing/test
[2.874s] -- Adding gtest unittest "lanelet2_routing-test_route-test" with working dir /home/yeap/APC_2022_Prac/airsimversion/autoware.ai/src/vendor/lanelet2/lanelet2_routing/test
[2.876s] -- Adding gtest unittest "lanelet2_routing-test_routing-test" with working dir /home/yeap/APC_2022_Prac/airsimversion/autoware.ai/src/vendor/lanelet2/lanelet2_routing/test
[2.877s] -- Adding gtest unittest "lanelet2_routing-test_routing_graph_container-test" with working dir /home/yeap/APC_2022_Prac/airsimversion/autoware.ai/src/vendor/lanelet2/lanelet2_routing/test
[2.879s] -- Adding gtest unittest "lanelet2_routing-test_routing_visualization-test" with working dir /home/yeap/APC_2022_Prac/airsimversion/autoware.ai/src/vendor/lanelet2/lanelet2_routing/test
[2.880s] -- Adding nosetests in folder test
[2.884s] -- Configuring done
[2.935s] -- Generating done
[2.941s] -- Build files have been written to: /home/yeap/APC_2022_Prac/airsimversion/autoware.ai/build/lanelet2_routing
[2.950s] Invoked command in '/home/yeap/APC_2022_Prac/airsimversion/autoware.ai/build/lanelet2_routing' returned '0': CMAKE_PREFIX_PATH=/home/yeap/APC_2022_Prac/airsimversion/autoware.ai/install/lanelet2_traffic_rules:/home/yeap/APC_2022_Prac/airsimversion/autoware.ai/install/lanelet2_core:/home/yeap/APC_2022_Prac/airsimversion/autoware.ai/install/mrt_cmake_modules:${CMAKE_PREFIX_PATH} LD_LIBRARY_PATH=/home/yeap/APC_2022_Prac/airsimversion/autoware.ai/install/lanelet2_traffic_rules/lib:/home/yeap/APC_2022_Prac/airsimversion/autoware.ai/install/lanelet2_core/lib:${LD_LIBRARY_PATH} PKG_CONFIG_PATH=/home/yeap/APC_2022_Prac/airsimversion/autoware.ai/install/lanelet2_traffic_rules/lib/x86_64-linux-gnu/pkgconfig:/home/yeap/APC_2022_Prac/airsimversion/autoware.ai/install/lanelet2_traffic_rules/lib/pkgconfig:/home/yeap/APC_2022_Prac/airsimversion/autoware.ai/install/lanelet2_core/lib/x86_64-linux-gnu/pkgconfig:/home/yeap/APC_2022_Prac/airsimversion/autoware.ai/install/lanelet2_core/lib/pkgconfig:/home/yeap/APC_2022_Prac/airsimversion/autoware.ai/install/mrt_cmake_modules/lib/x86_64-linux-gnu/pkgconfig:/home/yeap/APC_2022_Prac/airsimversion/autoware.ai/install/mrt_cmake_modules/lib/pkgconfig:${PKG_CONFIG_PATH} PYTHONPATH=/home/yeap/APC_2022_Prac/airsimversion/autoware.ai/install/mrt_cmake_modules/lib/python2.7/dist-packages:${PYTHONPATH} ROS_PACKAGE_PATH=/home/yeap/APC_2022_Prac/airsimversion/autoware.ai/install/lanelet2_traffic_rules/share:/home/yeap/APC_2022_Prac/airsimversion/autoware.ai/install/lanelet2_core/share:/home/yeap/APC_2022_Prac/airsimversion/autoware.ai/install/mrt_cmake_modules/share:${ROS_PACKAGE_PATH} /usr/bin/cmake /home/yeap/APC_2022_Prac/airsimversion/autoware.ai/src/vendor/lanelet2/lanelet2_routing -DCMAKE_BUILD_TYPE=Release -DCATKIN_INSTALL_INTO_PREFIX_ROOT=0 -DCMAKE_INSTALL_PREFIX=/home/yeap/APC_2022_Prac/airsimversion/autoware.ai/install/lanelet2_routing
[2.951s] Invoking command in '/home/yeap/APC_2022_Prac/airsimversion/autoware.ai/build/lanelet2_routing': CMAKE_PREFIX_PATH=/home/yeap/APC_2022_Prac/airsimversion/autoware.ai/install/lanelet2_traffic_rules:/home/yeap/APC_2022_Prac/airsimversion/autoware.ai/install/lanelet2_core:/home/yeap/APC_2022_Prac/airsimversion/autoware.ai/install/mrt_cmake_modules:${CMAKE_PREFIX_PATH} LD_LIBRARY_PATH=/home/yeap/APC_2022_Prac/airsimversion/autoware.ai/install/lanelet2_traffic_rules/lib:/home/yeap/APC_2022_Prac/airsimversion/autoware.ai/install/lanelet2_core/lib:${LD_LIBRARY_PATH} PKG_CONFIG_PATH=/home/yeap/APC_2022_Prac/airsimversion/autoware.ai/install/lanelet2_traffic_rules/lib/x86_64-linux-gnu/pkgconfig:/home/yeap/APC_2022_Prac/airsimversion/autoware.ai/install/lanelet2_traffic_rules/lib/pkgconfig:/home/yeap/APC_2022_Prac/airsimversion/autoware.ai/install/lanelet2_core/lib/x86_64-linux-gnu/pkgconfig:/home/yeap/APC_2022_Prac/airsimversion/autoware.ai/install/lanelet2_core/lib/pkgconfig:/home/yeap/APC_2022_Prac/airsimversion/autoware.ai/install/mrt_cmake_modules/lib/x86_64-linux-gnu/pkgconfig:/home/yeap/APC_2022_Prac/airsimversion/autoware.ai/install/mrt_cmake_modules/lib/pkgconfig:${PKG_CONFIG_PATH} PYTHONPATH=/home/yeap/APC_2022_Prac/airsimversion/autoware.ai/install/mrt_cmake_modules/lib/python2.7/dist-packages:${PYTHONPATH} ROS_PACKAGE_PATH=/home/yeap/APC_2022_Prac/airsimversion/autoware.ai/install/lanelet2_traffic_rules/share:/home/yeap/APC_2022_Prac/airsimversion/autoware.ai/install/lanelet2_core/share:/home/yeap/APC_2022_Prac/airsimversion/autoware.ai/install/mrt_cmake_modules/share:${ROS_PACKAGE_PATH} /usr/bin/cmake --build /home/yeap/APC_2022_Prac/airsimversion/autoware.ai/build/lanelet2_routing -- -j6 -l6
[2.998s] [35m[1mScanning dependencies of target _catkin_empty_exported_target[0m
[3.011s] [  0%] Built target _catkin_empty_exported_target
[3.030s] [35m[1mScanning dependencies of target lanelet2_routing[0m
[3.096s] [ 14%] [32mBuilding CXX object CMakeFiles/lanelet2_routing.dir/src/LaneletPath.cpp.o[0m
[8.429s] [ 28%] [32mBuilding CXX object CMakeFiles/lanelet2_routing.dir/src/RoutingGraphBuilder.cpp.o[0m
[21.916s] [ 42%] [32mBuilding CXX object CMakeFiles/lanelet2_routing.dir/src/RoutingGraph.cpp.o[0m
[39.941s] [ 57%] [32mBuilding CXX object CMakeFiles/lanelet2_routing.dir/src/RoutingCost.cpp.o[0m
[45.891s] [ 71%] [32mBuilding CXX object CMakeFiles/lanelet2_routing.dir/src/RouteBuilder.cpp.o[0m
[52.398s] [ 85%] [32mBuilding CXX object CMakeFiles/lanelet2_routing.dir/src/Route.cpp.o[0m
[60.897s] [100%] [32m[1mLinking CXX shared library devel/lib/liblanelet2_routing.so[0m
[60.979s] [100%] Built target lanelet2_routing
[60.996s] Invoked command in '/home/yeap/APC_2022_Prac/airsimversion/autoware.ai/build/lanelet2_routing' returned '0': CMAKE_PREFIX_PATH=/home/yeap/APC_2022_Prac/airsimversion/autoware.ai/install/lanelet2_traffic_rules:/home/yeap/APC_2022_Prac/airsimversion/autoware.ai/install/lanelet2_core:/home/yeap/APC_2022_Prac/airsimversion/autoware.ai/install/mrt_cmake_modules:${CMAKE_PREFIX_PATH} LD_LIBRARY_PATH=/home/yeap/APC_2022_Prac/airsimversion/autoware.ai/install/lanelet2_traffic_rules/lib:/home/yeap/APC_2022_Prac/airsimversion/autoware.ai/install/lanelet2_core/lib:${LD_LIBRARY_PATH} PKG_CONFIG_PATH=/home/yeap/APC_2022_Prac/airsimversion/autoware.ai/install/lanelet2_traffic_rules/lib/x86_64-linux-gnu/pkgconfig:/home/yeap/APC_2022_Prac/airsimversion/autoware.ai/install/lanelet2_traffic_rules/lib/pkgconfig:/home/yeap/APC_2022_Prac/airsimversion/autoware.ai/install/lanelet2_core/lib/x86_64-linux-gnu/pkgconfig:/home/yeap/APC_2022_Prac/airsimversion/autoware.ai/install/lanelet2_core/lib/pkgconfig:/home/yeap/APC_2022_Prac/airsimversion/autoware.ai/install/mrt_cmake_modules/lib/x86_64-linux-gnu/pkgconfig:/home/yeap/APC_2022_Prac/airsimversion/autoware.ai/install/mrt_cmake_modules/lib/pkgconfig:${PKG_CONFIG_PATH} PYTHONPATH=/home/yeap/APC_2022_Prac/airsimversion/autoware.ai/install/mrt_cmake_modules/lib/python2.7/dist-packages:${PYTHONPATH} ROS_PACKAGE_PATH=/home/yeap/APC_2022_Prac/airsimversion/autoware.ai/install/lanelet2_traffic_rules/share:/home/yeap/APC_2022_Prac/airsimversion/autoware.ai/install/lanelet2_core/share:/home/yeap/APC_2022_Prac/airsimversion/autoware.ai/install/mrt_cmake_modules/share:${ROS_PACKAGE_PATH} /usr/bin/cmake --build /home/yeap/APC_2022_Prac/airsimversion/autoware.ai/build/lanelet2_routing -- -j6 -l6
[61.077s] Invoking command in '/home/yeap/APC_2022_Prac/airsimversion/autoware.ai/build/lanelet2_routing': CMAKE_PREFIX_PATH=/home/yeap/APC_2022_Prac/airsimversion/autoware.ai/install/lanelet2_traffic_rules:/home/yeap/APC_2022_Prac/airsimversion/autoware.ai/install/lanelet2_core:/home/yeap/APC_2022_Prac/airsimversion/autoware.ai/install/mrt_cmake_modules:${CMAKE_PREFIX_PATH} LD_LIBRARY_PATH=/home/yeap/APC_2022_Prac/airsimversion/autoware.ai/install/lanelet2_traffic_rules/lib:/home/yeap/APC_2022_Prac/airsimversion/autoware.ai/install/lanelet2_core/lib:${LD_LIBRARY_PATH} PKG_CONFIG_PATH=/home/yeap/APC_2022_Prac/airsimversion/autoware.ai/install/lanelet2_traffic_rules/lib/x86_64-linux-gnu/pkgconfig:/home/yeap/APC_2022_Prac/airsimversion/autoware.ai/install/lanelet2_traffic_rules/lib/pkgconfig:/home/yeap/APC_2022_Prac/airsimversion/autoware.ai/install/lanelet2_core/lib/x86_64-linux-gnu/pkgconfig:/home/yeap/APC_2022_Prac/airsimversion/autoware.ai/install/lanelet2_core/lib/pkgconfig:/home/yeap/APC_2022_Prac/airsimversion/autoware.ai/install/mrt_cmake_modules/lib/x86_64-linux-gnu/pkgconfig:/home/yeap/APC_2022_Prac/airsimversion/autoware.ai/install/mrt_cmake_modules/lib/pkgconfig:${PKG_CONFIG_PATH} PYTHONPATH=/home/yeap/APC_2022_Prac/airsimversion/autoware.ai/install/mrt_cmake_modules/lib/python2.7/dist-packages:${PYTHONPATH} ROS_PACKAGE_PATH=/home/yeap/APC_2022_Prac/airsimversion/autoware.ai/install/lanelet2_traffic_rules/share:/home/yeap/APC_2022_Prac/airsimversion/autoware.ai/install/lanelet2_core/share:/home/yeap/APC_2022_Prac/airsimversion/autoware.ai/install/mrt_cmake_modules/share:${ROS_PACKAGE_PATH} /usr/bin/cmake --build /home/yeap/APC_2022_Prac/airsimversion/autoware.ai/build/lanelet2_routing --target tests -- -j6 -l6
[61.144s] [35m[1mScanning dependencies of target gtest[0m
[61.165s] [  4%] [32mBuilding CXX object gtest/googlemock/gtest/CMakeFiles/gtest.dir/src/gtest-all.cc.o[0m
[66.851s] [  9%] [32m[1mLinking CXX shared library libgtest.so[0m
[66.908s] [  9%] Built target gtest
[66.932s] [  9%] Built target _catkin_empty_exported_target
[66.945s] [35m[1mScanning dependencies of target gtest_main[0m
[66.962s] [ 14%] [32mBuilding CXX object gtest/googlemock/gtest/CMakeFiles/gtest_main.dir/src/gtest_main.cc.o[0m
[67.580s] [ 19%] [32m[1mLinking CXX shared library libgtest_main.so[0m
[67.630s] [ 19%] Built target gtest_main
[67.671s] [ 52%] Built target lanelet2_routing
[67.682s] [35m[1mScanning dependencies of target lanelet2_routing-test_routing_graph_container-test[0m
[67.740s] [ 57%] [32mBuilding CXX object CMakeFiles/lanelet2_routing-test_routing_graph_container-test.dir/test/test_routing_graph_container.cpp.o[0m
[81.415s] [ 61%] [32m[1mLinking CXX executable devel/lib/lanelet2_routing/lanelet2_routing-test_routing_graph_container-test[0m
[81.539s] [ 61%] Built target lanelet2_routing-test_routing_graph_container-test
[81.553s] [35m[1mScanning dependencies of target lanelet2_routing-test_routing_visualization-test[0m
[81.632s] [ 66%] [32mBuilding CXX object CMakeFiles/lanelet2_routing-test_routing_visualization-test.dir/test/test_routing_visualization.cpp.o[0m
[89.904s] [ 71%] [32m[1mLinking CXX executable devel/lib/lanelet2_routing/lanelet2_routing-test_routing_visualization-test[0m
[90.014s] [ 71%] Built target lanelet2_routing-test_routing_visualization-test
[90.032s] [35m[1mScanning dependencies of target lanelet2_routing-test_routing-test[0m
[90.112s] [ 76%] [32mBuilding CXX object CMakeFiles/lanelet2_routing-test_routing-test.dir/test/test_routing.cpp.o[0m
[99.545s] [ 80%] [32m[1mLinking CXX executable devel/lib/lanelet2_routing/lanelet2_routing-test_routing-test[0m
[99.630s] [ 80%] Built target lanelet2_routing-test_routing-test
[99.649s] [35m[1mScanning dependencies of target lanelet2_routing-test_relations-test[0m
[99.703s] [ 85%] [32mBuilding CXX object CMakeFiles/lanelet2_routing-test_relations-test.dir/test/test_relations.cpp.o[0m
[109.765s] [ 90%] [32m[1mLinking CXX executable devel/lib/lanelet2_routing/lanelet2_routing-test_relations-test[0m
[109.863s] [ 90%] Built target lanelet2_routing-test_relations-test
[109.881s] [35m[1mScanning dependencies of target lanelet2_routing-test_route-test[0m
[109.938s] [ 95%] [32mBuilding CXX object CMakeFiles/lanelet2_routing-test_route-test.dir/test/test_route.cpp.o[0m
[122.237s] [100%] [32m[1mLinking CXX executable devel/lib/lanelet2_routing/lanelet2_routing-test_route-test[0m
[122.318s] [100%] Built target lanelet2_routing-test_route-test
[122.338s] [35m[1mScanning dependencies of target tests[0m
[122.353s] [100%] Built target tests
[122.377s] Invoked command in '/home/yeap/APC_2022_Prac/airsimversion/autoware.ai/build/lanelet2_routing' returned '0': CMAKE_PREFIX_PATH=/home/yeap/APC_2022_Prac/airsimversion/autoware.ai/install/lanelet2_traffic_rules:/home/yeap/APC_2022_Prac/airsimversion/autoware.ai/install/lanelet2_core:/home/yeap/APC_2022_Prac/airsimversion/autoware.ai/install/mrt_cmake_modules:${CMAKE_PREFIX_PATH} LD_LIBRARY_PATH=/home/yeap/APC_2022_Prac/airsimversion/autoware.ai/install/lanelet2_traffic_rules/lib:/home/yeap/APC_2022_Prac/airsimversion/autoware.ai/install/lanelet2_core/lib:${LD_LIBRARY_PATH} PKG_CONFIG_PATH=/home/yeap/APC_2022_Prac/airsimversion/autoware.ai/install/lanelet2_traffic_rules/lib/x86_64-linux-gnu/pkgconfig:/home/yeap/APC_2022_Prac/airsimversion/autoware.ai/install/lanelet2_traffic_rules/lib/pkgconfig:/home/yeap/APC_2022_Prac/airsimversion/autoware.ai/install/lanelet2_core/lib/x86_64-linux-gnu/pkgconfig:/home/yeap/APC_2022_Prac/airsimversion/autoware.ai/install/lanelet2_core/lib/pkgconfig:/home/yeap/APC_2022_Prac/airsimversion/autoware.ai/install/mrt_cmake_modules/lib/x86_64-linux-gnu/pkgconfig:/home/yeap/APC_2022_Prac/airsimversion/autoware.ai/install/mrt_cmake_modules/lib/pkgconfig:${PKG_CONFIG_PATH} PYTHONPATH=/home/yeap/APC_2022_Prac/airsimversion/autoware.ai/install/mrt_cmake_modules/lib/python2.7/dist-packages:${PYTHONPATH} ROS_PACKAGE_PATH=/home/yeap/APC_2022_Prac/airsimversion/autoware.ai/install/lanelet2_traffic_rules/share:/home/yeap/APC_2022_Prac/airsimversion/autoware.ai/install/lanelet2_core/share:/home/yeap/APC_2022_Prac/airsimversion/autoware.ai/install/mrt_cmake_modules/share:${ROS_PACKAGE_PATH} /usr/bin/cmake --build /home/yeap/APC_2022_Prac/airsimversion/autoware.ai/build/lanelet2_routing --target tests -- -j6 -l6
[122.456s] Invoking command in '/home/yeap/APC_2022_Prac/airsimversion/autoware.ai/build/lanelet2_routing': CMAKE_PREFIX_PATH=/home/yeap/APC_2022_Prac/airsimversion/autoware.ai/install/lanelet2_traffic_rules:/home/yeap/APC_2022_Prac/airsimversion/autoware.ai/install/lanelet2_core:/home/yeap/APC_2022_Prac/airsimversion/autoware.ai/install/mrt_cmake_modules:${CMAKE_PREFIX_PATH} LD_LIBRARY_PATH=/home/yeap/APC_2022_Prac/airsimversion/autoware.ai/install/lanelet2_traffic_rules/lib:/home/yeap/APC_2022_Prac/airsimversion/autoware.ai/install/lanelet2_core/lib:${LD_LIBRARY_PATH} PKG_CONFIG_PATH=/home/yeap/APC_2022_Prac/airsimversion/autoware.ai/install/lanelet2_traffic_rules/lib/x86_64-linux-gnu/pkgconfig:/home/yeap/APC_2022_Prac/airsimversion/autoware.ai/install/lanelet2_traffic_rules/lib/pkgconfig:/home/yeap/APC_2022_Prac/airsimversion/autoware.ai/install/lanelet2_core/lib/x86_64-linux-gnu/pkgconfig:/home/yeap/APC_2022_Prac/airsimversion/autoware.ai/install/lanelet2_core/lib/pkgconfig:/home/yeap/APC_2022_Prac/airsimversion/autoware.ai/install/mrt_cmake_modules/lib/x86_64-linux-gnu/pkgconfig:/home/yeap/APC_2022_Prac/airsimversion/autoware.ai/install/mrt_cmake_modules/lib/pkgconfig:${PKG_CONFIG_PATH} PYTHONPATH=/home/yeap/APC_2022_Prac/airsimversion/autoware.ai/install/mrt_cmake_modules/lib/python2.7/dist-packages:${PYTHONPATH} ROS_PACKAGE_PATH=/home/yeap/APC_2022_Prac/airsimversion/autoware.ai/install/lanelet2_traffic_rules/share:/home/yeap/APC_2022_Prac/airsimversion/autoware.ai/install/lanelet2_core/share:/home/yeap/APC_2022_Prac/airsimversion/autoware.ai/install/mrt_cmake_modules/share:${ROS_PACKAGE_PATH} /usr/bin/cmake --build /home/yeap/APC_2022_Prac/airsimversion/autoware.ai/build/lanelet2_routing --target install -- -j6 -l6
[122.548s] [  0%] Built target _catkin_empty_exported_target
[122.603s] [100%] Built target lanelet2_routing
[122.633s] [36mInstall the project...[0m
[122.645s] -- Install configuration: "Release"
[122.645s] -- Installing: /home/yeap/APC_2022_Prac/airsimversion/autoware.ai/install/lanelet2_routing/lib/pkgconfig/lanelet2_routing.pc
[122.646s] -- Installing: /home/yeap/APC_2022_Prac/airsimversion/autoware.ai/install/lanelet2_routing/share/lanelet2_routing/cmake/lanelet2_routingConfig.cmake
[122.647s] -- Installing: /home/yeap/APC_2022_Prac/airsimversion/autoware.ai/install/lanelet2_routing/share/lanelet2_routing/cmake/lanelet2_routingConfig-version.cmake
[122.647s] -- Installing: /home/yeap/APC_2022_Prac/airsimversion/autoware.ai/install/lanelet2_routing/share/lanelet2_routing/package.xml
[122.648s] -- Installing: /home/yeap/APC_2022_Prac/airsimversion/autoware.ai/install/lanelet2_routing/lib/liblanelet2_routing.so
[122.651s] -- Set runtime path of "/home/yeap/APC_2022_Prac/airsimversion/autoware.ai/install/lanelet2_routing/lib/liblanelet2_routing.so" to ""
[122.651s] -- Installing: /home/yeap/APC_2022_Prac/airsimversion/autoware.ai/install/lanelet2_routing/include/lanelet2_routing
[122.652s] -- Installing: /home/yeap/APC_2022_Prac/airsimversion/autoware.ai/install/lanelet2_routing/include/lanelet2_routing/internal
[122.652s] -- Installing: /home/yeap/APC_2022_Prac/airsimversion/autoware.ai/install/lanelet2_routing/include/lanelet2_routing/internal/RouteBuilder.h
[122.652s] -- Installing: /home/yeap/APC_2022_Prac/airsimversion/autoware.ai/install/lanelet2_routing/include/lanelet2_routing/internal/RoutingGraphBuilder.h
[122.653s] -- Installing: /home/yeap/APC_2022_Prac/airsimversion/autoware.ai/install/lanelet2_routing/include/lanelet2_routing/RouteElement.h
[122.653s] -- Installing: /home/yeap/APC_2022_Prac/airsimversion/autoware.ai/install/lanelet2_routing/include/lanelet2_routing/Exceptions.h
[122.654s] -- Installing: /home/yeap/APC_2022_Prac/airsimversion/autoware.ai/install/lanelet2_routing/include/lanelet2_routing/RoutingGraphVisualization.h
[122.654s] -- Installing: /home/yeap/APC_2022_Prac/airsimversion/autoware.ai/install/lanelet2_routing/include/lanelet2_routing/RoutingGraphContainer.h
[122.658s] -- Installing: /home/yeap/APC_2022_Prac/airsimversion/autoware.ai/install/lanelet2_routing/include/lanelet2_routing/ShortestPath.h
[122.661s] -- Installing: /home/yeap/APC_2022_Prac/airsimversion/autoware.ai/install/lanelet2_routing/include/lanelet2_routing/RoutingGraph.h
[122.661s] -- Installing: /home/yeap/APC_2022_Prac/airsimversion/autoware.ai/install/lanelet2_routing/include/lanelet2_routing/Forward.h
[122.662s] -- Installing: /home/yeap/APC_2022_Prac/airsimversion/autoware.ai/install/lanelet2_routing/include/lanelet2_routing/Graph.h
[122.665s] -- Installing: /home/yeap/APC_2022_Prac/airsimversion/autoware.ai/install/lanelet2_routing/include/lanelet2_routing/RoutingCost.h
[122.665s] -- Installing: /home/yeap/APC_2022_Prac/airsimversion/autoware.ai/install/lanelet2_routing/include/lanelet2_routing/LaneletPath.h
[122.666s] -- Installing: /home/yeap/APC_2022_Prac/airsimversion/autoware.ai/install/lanelet2_routing/include/lanelet2_routing/Route.h
[122.667s] -- Installing: /home/yeap/APC_2022_Prac/airsimversion/autoware.ai/install/lanelet2_routing/share/lanelet2_routing/res
[122.667s] -- Installing: /home/yeap/APC_2022_Prac/airsimversion/autoware.ai/install/lanelet2_routing/share/lanelet2_routing/res/routing.mapcss
[122.676s] Invoked command in '/home/yeap/APC_2022_Prac/airsimversion/autoware.ai/build/lanelet2_routing' returned '0': CMAKE_PREFIX_PATH=/home/yeap/APC_2022_Prac/airsimversion/autoware.ai/install/lanelet2_traffic_rules:/home/yeap/APC_2022_Prac/airsimversion/autoware.ai/install/lanelet2_core:/home/yeap/APC_2022_Prac/airsimversion/autoware.ai/install/mrt_cmake_modules:${CMAKE_PREFIX_PATH} LD_LIBRARY_PATH=/home/yeap/APC_2022_Prac/airsimversion/autoware.ai/install/lanelet2_traffic_rules/lib:/home/yeap/APC_2022_Prac/airsimversion/autoware.ai/install/lanelet2_core/lib:${LD_LIBRARY_PATH} PKG_CONFIG_PATH=/home/yeap/APC_2022_Prac/airsimversion/autoware.ai/install/lanelet2_traffic_rules/lib/x86_64-linux-gnu/pkgconfig:/home/yeap/APC_2022_Prac/airsimversion/autoware.ai/install/lanelet2_traffic_rules/lib/pkgconfig:/home/yeap/APC_2022_Prac/airsimversion/autoware.ai/install/lanelet2_core/lib/x86_64-linux-gnu/pkgconfig:/home/yeap/APC_2022_Prac/airsimversion/autoware.ai/install/lanelet2_core/lib/pkgconfig:/home/yeap/APC_2022_Prac/airsimversion/autoware.ai/install/mrt_cmake_modules/lib/x86_64-linux-gnu/pkgconfig:/home/yeap/APC_2022_Prac/airsimversion/autoware.ai/install/mrt_cmake_modules/lib/pkgconfig:${PKG_CONFIG_PATH} PYTHONPATH=/home/yeap/APC_2022_Prac/airsimversion/autoware.ai/install/mrt_cmake_modules/lib/python2.7/dist-packages:${PYTHONPATH} ROS_PACKAGE_PATH=/home/yeap/APC_2022_Prac/airsimversion/autoware.ai/install/lanelet2_traffic_rules/share:/home/yeap/APC_2022_Prac/airsimversion/autoware.ai/install/lanelet2_core/share:/home/yeap/APC_2022_Prac/airsimversion/autoware.ai/install/mrt_cmake_modules/share:${ROS_PACKAGE_PATH} /usr/bin/cmake --build /home/yeap/APC_2022_Prac/airsimversion/autoware.ai/build/lanelet2_routing --target install -- -j6 -l6
