[0.045s] Invoking command in '/home/yeap/APC_2022_Prac/airsimversion/autoware.ai/build/integrated_viewer': CMAKE_PREFIX_PATH=/home/yeap/APC_2022_Prac/airsimversion/autoware.ai/install/autoware_msgs:/home/yeap/APC_2022_Prac/airsimversion/autoware.ai/install/autoware_build_flags:${CMAKE_PREFIX_PATH} PKG_CONFIG_PATH=/home/yeap/APC_2022_Prac/airsimversion/autoware.ai/install/autoware_msgs/lib/x86_64-linux-gnu/pkgconfig:/home/yeap/APC_2022_Prac/airsimversion/autoware.ai/install/autoware_msgs/lib/pkgconfig:/home/yeap/APC_2022_Prac/airsimversion/autoware.ai/install/autoware_build_flags/lib/x86_64-linux-gnu/pkgconfig:/home/yeap/APC_2022_Prac/airsimversion/autoware.ai/install/autoware_build_flags/lib/pkgconfig:${PKG_CONFIG_PATH} PYTHONPATH=/home/yeap/APC_2022_Prac/airsimversion/autoware.ai/install/autoware_msgs/lib/python2.7/dist-packages:${PYTHONPATH} ROS_PACKAGE_PATH=/home/yeap/APC_2022_Prac/airsimversion/autoware.ai/install/autoware_msgs/share:/home/yeap/APC_2022_Prac/airsimversion/autoware.ai/install/autoware_build_flags/share:${ROS_PACKAGE_PATH} /usr/bin/cmake --build /home/yeap/APC_2022_Prac/airsimversion/autoware.ai/build/integrated_viewer -- -j6 -l6
[0.127s] [  0%] Built target std_srvs_generate_messages_nodejs
[0.136s] [  0%] Built target visualization_msgs_generate_messages_eus
[0.146s] [  0%] Built target std_srvs_generate_messages_py
[0.158s] [  0%] Built target nav_msgs_generate_messages_nodejs
[0.188s] [  0%] Built target visualization_msgs_generate_messages_nodejs
[0.188s] [  0%] Built target map_msgs_generate_messages_eus
[0.194s] [  0%] Built target map_msgs_generate_messages_lisp
[0.200s] [  0%] Built target visualization_msgs_generate_messages_py
[0.246s] [  0%] Built target roscpp_generate_messages_cpp
[0.246s] [  0%] Built target geometry_msgs_generate_messages_py
[0.252s] [  0%] Built target sensor_msgs_generate_messages_nodejs
[0.258s] [  0%] Built target actionlib_generate_messages_cpp
[0.325s] [  0%] Built target jsk_recognition_msgs_generate_messages_lisp
[0.333s] [  0%] Built target pcl_msgs_generate_messages_eus
[0.335s] [  0%] Built target rosgraph_msgs_generate_messages_eus
[0.356s] [  0%] Built target jsk_recognition_msgs_generate_messages_eus
[0.376s] [  0%] Built target autoware_msgs_generate_messages_py
[0.391s] [  0%] Built target std_msgs_generate_messages_py
[0.398s] [  0%] Built target tf2_msgs_generate_messages_cpp
[0.404s] [  0%] Built target std_msgs_generate_messages_nodejs
[0.443s] [  0%] Built target std_srvs_generate_messages_lisp
[0.461s] [  0%] Built target sensor_msgs_generate_messages_eus
[0.461s] [  0%] Built target _catkin_empty_exported_target
[0.463s] [  0%] Built target sensor_msgs_generate_messages_cpp
[0.513s] [  0%] Built target rosgraph_msgs_generate_messages_cpp
[0.516s] [  0%] Built target autoware_msgs_generate_messages_cpp
[0.528s] [  0%] Built target nav_msgs_generate_messages_lisp
[0.542s] [  0%] Built target pcl_msgs_generate_messages_nodejs
[0.569s] [  0%] Built target jsk_recognition_msgs_generate_messages_py
[0.576s] [  0%] Built target sensor_msgs_generate_messages_lisp
[0.583s] [  0%] Built target std_srvs_generate_messages_cpp
[0.598s] [  0%] Built target nav_msgs_generate_messages_cpp
[0.624s] [  0%] Built target jsk_footstep_msgs_generate_messages_py
[0.634s] [  0%] Built target tf_generate_messages_py
[0.634s] [  0%] Built target std_msgs_generate_messages_cpp
[0.644s] [  0%] Built target sensor_msgs_generate_messages_py
[0.680s] [  0%] Built target map_msgs_generate_messages_py
[0.690s] [  0%] Built target map_msgs_generate_messages_nodejs
[0.700s] [  0%] Built target actionlib_msgs_generate_messages_nodejs
[0.702s] [  0%] Built target geometry_msgs_generate_messages_eus
[0.705s] [  0%] Built target std_msgs_generate_messages_lisp
[0.750s] [  0%] Built target geometry_msgs_generate_messages_lisp
[0.762s] [  0%] Built target roscpp_generate_messages_nodejs
[0.764s] [  0%] Built target jsk_recognition_msgs_generate_messages_cpp
[0.770s] [  0%] Built target pcl_msgs_generate_messages_cpp
[0.794s] [  0%] Built target geometry_msgs_generate_messages_nodejs
[0.818s] [  0%] Built target autoware_msgs_generate_messages_lisp
[0.818s] [  0%] Built target visualization_msgs_generate_messages_lisp
[0.822s] [  0%] Built target autoware_msgs_generate_messages_eus
[0.830s] [  0%] Built target rviz_generate_messages_cpp
[0.832s] [  0%] Built target std_msgs_generate_messages_eus
[0.863s] [  0%] Built target autoware_msgs_generate_messages_nodejs
[0.879s] [  0%] Built target actionlib_msgs_generate_messages_py
[0.879s] [  0%] Built target rviz_generate_messages_nodejs
[0.887s] [  0%] Built target jsk_footstep_msgs_generate_messages_eus
[0.907s] [  0%] Built target jsk_footstep_msgs_generate_messages_lisp
[0.919s] [  0%] Built target std_srvs_generate_messages_eus
[0.937s] [  0%] Built target jsk_footstep_msgs_generate_messages_nodejs
[0.942s] [  0%] Built target jsk_recognition_msgs_generate_messages_nodejs
[0.942s] [  0%] Built target actionlib_msgs_generate_messages_lisp
[0.951s] [  0%] Built target roscpp_generate_messages_lisp
[0.961s] [  0%] Built target roscpp_generate_messages_py
[0.977s] [  0%] Built target rosgraph_msgs_generate_messages_lisp
[0.979s] [  0%] Built target rosgraph_msgs_generate_messages_nodejs
[0.980s] [  0%] Built target roscpp_generate_messages_eus
[0.987s] [  0%] Built target actionlib_msgs_generate_messages_eus
[1.004s] [  0%] Built target rosgraph_msgs_generate_messages_py
[1.011s] [  0%] Built target actionlib_generate_messages_lisp
[1.021s] [  0%] Built target rviz_generate_messages_lisp
[1.021s] [  0%] Built target geometry_msgs_generate_messages_cpp
[1.023s] [  0%] Built target rviz_generate_messages_eus
[1.038s] [  0%] Built target rviz_generate_messages_py
[1.045s] [  0%] Built target tf2_msgs_generate_messages_nodejs
[1.047s] [  0%] Built target jsk_footstep_msgs_generate_messages_cpp
[1.047s] [  0%] Built target actionlib_msgs_generate_messages_cpp
[1.055s] [  0%] Built target tf_generate_messages_eus
[1.066s] [  0%] Built target tf_generate_messages_lisp
[1.069s] [  0%] Built target actionlib_generate_messages_eus
[1.069s] [  0%] Built target tf_generate_messages_nodejs
[1.069s] [  0%] Built target pcl_msgs_generate_messages_py
[1.091s] [  0%] Built target pcl_msgs_generate_messages_lisp
[1.093s] [  0%] Built target actionlib_generate_messages_nodejs
[1.096s] [  0%] Built target tf2_msgs_generate_messages_lisp
[1.097s] [  0%] Built target tf_generate_messages_cpp
[1.103s] [  0%] Built target nav_msgs_generate_messages_py
[1.115s] [  0%] Built target map_msgs_generate_messages_cpp
[1.123s] [  0%] Built target nav_msgs_generate_messages_eus
[1.123s] [  0%] Built target actionlib_generate_messages_py
[1.126s] [  0%] Built target tf2_msgs_generate_messages_py
[1.139s] [  0%] Built target tf2_msgs_generate_messages_eus
[1.146s] [  0%] Built target visualization_msgs_generate_messages_cpp
[1.214s] [100%] Built target integrated_viewer
[1.240s] Invoked command in '/home/yeap/APC_2022_Prac/airsimversion/autoware.ai/build/integrated_viewer' returned '0': CMAKE_PREFIX_PATH=/home/yeap/APC_2022_Prac/airsimversion/autoware.ai/install/autoware_msgs:/home/yeap/APC_2022_Prac/airsimversion/autoware.ai/install/autoware_build_flags:${CMAKE_PREFIX_PATH} PKG_CONFIG_PATH=/home/yeap/APC_2022_Prac/airsimversion/autoware.ai/install/autoware_msgs/lib/x86_64-linux-gnu/pkgconfig:/home/yeap/APC_2022_Prac/airsimversion/autoware.ai/install/autoware_msgs/lib/pkgconfig:/home/yeap/APC_2022_Prac/airsimversion/autoware.ai/install/autoware_build_flags/lib/x86_64-linux-gnu/pkgconfig:/home/yeap/APC_2022_Prac/airsimversion/autoware.ai/install/autoware_build_flags/lib/pkgconfig:${PKG_CONFIG_PATH} PYTHONPATH=/home/yeap/APC_2022_Prac/airsimversion/autoware.ai/install/autoware_msgs/lib/python2.7/dist-packages:${PYTHONPATH} ROS_PACKAGE_PATH=/home/yeap/APC_2022_Prac/airsimversion/autoware.ai/install/autoware_msgs/share:/home/yeap/APC_2022_Prac/airsimversion/autoware.ai/install/autoware_build_flags/share:${ROS_PACKAGE_PATH} /usr/bin/cmake --build /home/yeap/APC_2022_Prac/airsimversion/autoware.ai/build/integrated_viewer -- -j6 -l6
[1.632s] Invoking command in '/home/yeap/APC_2022_Prac/airsimversion/autoware.ai/build/integrated_viewer': CMAKE_PREFIX_PATH=/home/yeap/APC_2022_Prac/airsimversion/autoware.ai/install/autoware_msgs:/home/yeap/APC_2022_Prac/airsimversion/autoware.ai/install/autoware_build_flags:${CMAKE_PREFIX_PATH} PKG_CONFIG_PATH=/home/yeap/APC_2022_Prac/airsimversion/autoware.ai/install/autoware_msgs/lib/x86_64-linux-gnu/pkgconfig:/home/yeap/APC_2022_Prac/airsimversion/autoware.ai/install/autoware_msgs/lib/pkgconfig:/home/yeap/APC_2022_Prac/airsimversion/autoware.ai/install/autoware_build_flags/lib/x86_64-linux-gnu/pkgconfig:/home/yeap/APC_2022_Prac/airsimversion/autoware.ai/install/autoware_build_flags/lib/pkgconfig:${PKG_CONFIG_PATH} PYTHONPATH=/home/yeap/APC_2022_Prac/airsimversion/autoware.ai/install/autoware_msgs/lib/python2.7/dist-packages:${PYTHONPATH} ROS_PACKAGE_PATH=/home/yeap/APC_2022_Prac/airsimversion/autoware.ai/install/autoware_msgs/share:/home/yeap/APC_2022_Prac/airsimversion/autoware.ai/install/autoware_build_flags/share:${ROS_PACKAGE_PATH} /usr/bin/cmake --build /home/yeap/APC_2022_Prac/airsimversion/autoware.ai/build/integrated_viewer --target tests -- -j6 -l6
[1.711s] Built target tests
[1.795s] Invoked command in '/home/yeap/APC_2022_Prac/airsimversion/autoware.ai/build/integrated_viewer' returned '0': CMAKE_PREFIX_PATH=/home/yeap/APC_2022_Prac/airsimversion/autoware.ai/install/autoware_msgs:/home/yeap/APC_2022_Prac/airsimversion/autoware.ai/install/autoware_build_flags:${CMAKE_PREFIX_PATH} PKG_CONFIG_PATH=/home/yeap/APC_2022_Prac/airsimversion/autoware.ai/install/autoware_msgs/lib/x86_64-linux-gnu/pkgconfig:/home/yeap/APC_2022_Prac/airsimversion/autoware.ai/install/autoware_msgs/lib/pkgconfig:/home/yeap/APC_2022_Prac/airsimversion/autoware.ai/install/autoware_build_flags/lib/x86_64-linux-gnu/pkgconfig:/home/yeap/APC_2022_Prac/airsimversion/autoware.ai/install/autoware_build_flags/lib/pkgconfig:${PKG_CONFIG_PATH} PYTHONPATH=/home/yeap/APC_2022_Prac/airsimversion/autoware.ai/install/autoware_msgs/lib/python2.7/dist-packages:${PYTHONPATH} ROS_PACKAGE_PATH=/home/yeap/APC_2022_Prac/airsimversion/autoware.ai/install/autoware_msgs/share:/home/yeap/APC_2022_Prac/airsimversion/autoware.ai/install/autoware_build_flags/share:${ROS_PACKAGE_PATH} /usr/bin/cmake --build /home/yeap/APC_2022_Prac/airsimversion/autoware.ai/build/integrated_viewer --target tests -- -j6 -l6
[2.285s] Invoking command in '/home/yeap/APC_2022_Prac/airsimversion/autoware.ai/build/integrated_viewer': CMAKE_PREFIX_PATH=/home/yeap/APC_2022_Prac/airsimversion/autoware.ai/install/autoware_msgs:/home/yeap/APC_2022_Prac/airsimversion/autoware.ai/install/autoware_build_flags:${CMAKE_PREFIX_PATH} PKG_CONFIG_PATH=/home/yeap/APC_2022_Prac/airsimversion/autoware.ai/install/autoware_msgs/lib/x86_64-linux-gnu/pkgconfig:/home/yeap/APC_2022_Prac/airsimversion/autoware.ai/install/autoware_msgs/lib/pkgconfig:/home/yeap/APC_2022_Prac/airsimversion/autoware.ai/install/autoware_build_flags/lib/x86_64-linux-gnu/pkgconfig:/home/yeap/APC_2022_Prac/airsimversion/autoware.ai/install/autoware_build_flags/lib/pkgconfig:${PKG_CONFIG_PATH} PYTHONPATH=/home/yeap/APC_2022_Prac/airsimversion/autoware.ai/install/autoware_msgs/lib/python2.7/dist-packages:${PYTHONPATH} ROS_PACKAGE_PATH=/home/yeap/APC_2022_Prac/airsimversion/autoware.ai/install/autoware_msgs/share:/home/yeap/APC_2022_Prac/airsimversion/autoware.ai/install/autoware_build_flags/share:${ROS_PACKAGE_PATH} /usr/bin/cmake --build /home/yeap/APC_2022_Prac/airsimversion/autoware.ai/build/integrated_viewer --target install -- -j6 -l6
[2.400s] [  0%] Built target visualization_msgs_generate_messages_eus
[2.404s] [  0%] Built target nav_msgs_generate_messages_nodejs
[2.405s] [  0%] Built target std_srvs_generate_messages_nodejs
[2.430s] [  0%] Built target std_srvs_generate_messages_py
[2.450s] [  0%] Built target map_msgs_generate_messages_lisp
[2.455s] [  0%] Built target map_msgs_generate_messages_eus
[2.466s] [  0%] Built target visualization_msgs_generate_messages_py
[2.481s] [  0%] Built target visualization_msgs_generate_messages_nodejs
[2.498s] [  0%] Built target geometry_msgs_generate_messages_py
[2.515s] [  0%] Built target sensor_msgs_generate_messages_nodejs
[2.523s] [  0%] Built target roscpp_generate_messages_cpp
[2.550s] [  0%] Built target actionlib_generate_messages_cpp
[2.559s] [  0%] Built target jsk_recognition_msgs_generate_messages_lisp
[2.564s] [  0%] Built target pcl_msgs_generate_messages_eus
[2.570s] [  0%] Built target rosgraph_msgs_generate_messages_eus
[2.584s] [  0%] Built target jsk_recognition_msgs_generate_messages_eus
[2.601s] [  0%] Built target tf2_msgs_generate_messages_cpp
[2.618s] [  0%] Built target std_msgs_generate_messages_nodejs
[2.618s] [  0%] Built target autoware_msgs_generate_messages_py
[2.621s] [  0%] Built target std_msgs_generate_messages_py
[2.670s] [  0%] Built target std_srvs_generate_messages_lisp
[2.688s] [  0%] Built target sensor_msgs_generate_messages_cpp
[2.694s] [  0%] Built target map_msgs_generate_messages_py
[2.703s] [  0%] Built target sensor_msgs_generate_messages_eus
[2.721s] [  0%] Built target rosgraph_msgs_generate_messages_cpp
[2.722s] [  0%] Built target nav_msgs_generate_messages_lisp
[2.723s] [  0%] Built target _catkin_empty_exported_target
[2.726s] [  0%] Built target autoware_msgs_generate_messages_cpp
[2.770s] [  0%] Built target jsk_recognition_msgs_generate_messages_py
[2.770s] [  0%] Built target sensor_msgs_generate_messages_lisp
[2.774s] [  0%] Built target pcl_msgs_generate_messages_nodejs
[2.788s] [  0%] Built target std_srvs_generate_messages_cpp
[2.796s] [  0%] Built target nav_msgs_generate_messages_cpp
[2.828s] [  0%] Built target sensor_msgs_generate_messages_py
[2.828s] [  0%] Built target std_msgs_generate_messages_cpp
[2.843s] [  0%] Built target jsk_footstep_msgs_generate_messages_py
[2.850s] [  0%] Built target map_msgs_generate_messages_nodejs
[2.864s] [  0%] Built target tf_generate_messages_py
[2.871s] [  0%] Built target actionlib_msgs_generate_messages_nodejs
[2.899s] [  0%] Built target geometry_msgs_generate_messages_eus
[2.902s] [  0%] Built target std_msgs_generate_messages_lisp
[2.909s] [  0%] Built target geometry_msgs_generate_messages_nodejs
[2.909s] [  0%] Built target geometry_msgs_generate_messages_lisp
[2.914s] [  0%] Built target roscpp_generate_messages_nodejs
[2.964s] [  0%] Built target pcl_msgs_generate_messages_cpp
[2.967s] [  0%] Built target autoware_msgs_generate_messages_lisp
[2.969s] [  0%] Built target autoware_msgs_generate_messages_eus
[2.973s] [  0%] Built target jsk_recognition_msgs_generate_messages_cpp
[2.976s] [  0%] Built target rviz_generate_messages_cpp
[3.025s] [  0%] Built target rviz_generate_messages_nodejs
[3.031s] [  0%] Built target jsk_footstep_msgs_generate_messages_eus
[3.036s] [  0%] Built target autoware_msgs_generate_messages_nodejs
[3.061s] [  0%] Built target visualization_msgs_generate_messages_lisp
[3.069s] [  0%] Built target std_msgs_generate_messages_eus
[3.079s] [  0%] Built target actionlib_msgs_generate_messages_py
[3.081s] [  0%] Built target jsk_footstep_msgs_generate_messages_lisp
[3.093s] [  0%] Built target jsk_footstep_msgs_generate_messages_nodejs
[3.133s] [  0%] Built target roscpp_generate_messages_py
[3.136s] [  0%] Built target std_srvs_generate_messages_eus
[3.136s] [  0%] Built target jsk_recognition_msgs_generate_messages_nodejs
[3.149s] [  0%] Built target actionlib_msgs_generate_messages_lisp
[3.150s] [  0%] Built target roscpp_generate_messages_lisp
[3.176s] [  0%] Built target rosgraph_msgs_generate_messages_py
[3.180s] [  0%] Built target rosgraph_msgs_generate_messages_lisp
[3.184s] [  0%] Built target rosgraph_msgs_generate_messages_nodejs
[3.194s] [  0%] Built target actionlib_msgs_generate_messages_eus
[3.195s] [  0%] Built target roscpp_generate_messages_eus
[3.215s] [  0%] Built target rviz_generate_messages_eus
[3.229s] [  0%] Built target actionlib_generate_messages_lisp
[3.236s] [  0%] Built target rviz_generate_messages_py
[3.247s] [  0%] Built target geometry_msgs_generate_messages_cpp
[3.273s] [  0%] Built target jsk_footstep_msgs_generate_messages_cpp
[3.273s] [  0%] Built target rviz_generate_messages_lisp
[3.278s] [  0%] Built target tf2_msgs_generate_messages_nodejs
[3.290s] [  0%] Built target actionlib_msgs_generate_messages_cpp
[3.303s] [  0%] Built target tf_generate_messages_eus
[3.310s] [  0%] Built target tf_generate_messages_nodejs
[3.316s] [  0%] Built target pcl_msgs_generate_messages_py
[3.326s] [  0%] Built target tf_generate_messages_lisp
[3.331s] [  0%] Built target pcl_msgs_generate_messages_lisp
[3.335s] [  0%] Built target actionlib_generate_messages_eus
[3.347s] [  0%] Built target tf_generate_messages_cpp
[3.357s] [  0%] Built target actionlib_generate_messages_nodejs
[3.363s] [  0%] Built target nav_msgs_generate_messages_py
[3.377s] [  0%] Built target map_msgs_generate_messages_cpp
[3.387s] [  0%] Built target nav_msgs_generate_messages_eus
[3.390s] [  0%] Built target tf2_msgs_generate_messages_lisp
[3.392s] [  0%] Built target actionlib_generate_messages_py
[3.395s] [  0%] Built target tf2_msgs_generate_messages_py
[3.422s] [  0%] Built target visualization_msgs_generate_messages_cpp
[3.429s] [  0%] Built target tf2_msgs_generate_messages_eus
[3.480s] [100%] Built target integrated_viewer
[3.508s] [36mInstall the project...[0m
[3.513s] -- Install configuration: "Release"
[3.513s] -- Up-to-date: /home/yeap/APC_2022_Prac/airsimversion/autoware.ai/install/integrated_viewer/lib/pkgconfig/integrated_viewer.pc
[3.514s] -- Up-to-date: /home/yeap/APC_2022_Prac/airsimversion/autoware.ai/install/integrated_viewer/share/integrated_viewer/cmake/integrated_viewerConfig.cmake
[3.514s] -- Up-to-date: /home/yeap/APC_2022_Prac/airsimversion/autoware.ai/install/integrated_viewer/share/integrated_viewer/cmake/integrated_viewerConfig-version.cmake
[3.514s] -- Up-to-date: /home/yeap/APC_2022_Prac/airsimversion/autoware.ai/install/integrated_viewer/share/integrated_viewer/package.xml
[3.515s] -- Up-to-date: /home/yeap/APC_2022_Prac/airsimversion/autoware.ai/install/integrated_viewer/lib/libintegrated_viewer.so
[3.515s] -- Up-to-date: /home/yeap/APC_2022_Prac/airsimversion/autoware.ai/install/integrated_viewer/share/integrated_viewer/rviz_plugin_description.xml
[3.515s] -- Up-to-date: /home/yeap/APC_2022_Prac/airsimversion/autoware.ai/install/integrated_viewer/share/integrated_viewer/node/image_viewer_plugin/autoware_logo.png
[3.516s] -- Up-to-date: /home/yeap/APC_2022_Prac/airsimversion/autoware.ai/install/integrated_viewer/share/integrated_viewer/node/image_viewer_plugin/car.png
[3.516s] -- Up-to-date: /home/yeap/APC_2022_Prac/airsimversion/autoware.ai/install/integrated_viewer/share/integrated_viewer/node/image_viewer_plugin/pedestrian.png
[3.521s] Invoked command in '/home/yeap/APC_2022_Prac/airsimversion/autoware.ai/build/integrated_viewer' returned '0': CMAKE_PREFIX_PATH=/home/yeap/APC_2022_Prac/airsimversion/autoware.ai/install/autoware_msgs:/home/yeap/APC_2022_Prac/airsimversion/autoware.ai/install/autoware_build_flags:${CMAKE_PREFIX_PATH} PKG_CONFIG_PATH=/home/yeap/APC_2022_Prac/airsimversion/autoware.ai/install/autoware_msgs/lib/x86_64-linux-gnu/pkgconfig:/home/yeap/APC_2022_Prac/airsimversion/autoware.ai/install/autoware_msgs/lib/pkgconfig:/home/yeap/APC_2022_Prac/airsimversion/autoware.ai/install/autoware_build_flags/lib/x86_64-linux-gnu/pkgconfig:/home/yeap/APC_2022_Prac/airsimversion/autoware.ai/install/autoware_build_flags/lib/pkgconfig:${PKG_CONFIG_PATH} PYTHONPATH=/home/yeap/APC_2022_Prac/airsimversion/autoware.ai/install/autoware_msgs/lib/python2.7/dist-packages:${PYTHONPATH} ROS_PACKAGE_PATH=/home/yeap/APC_2022_Prac/airsimversion/autoware.ai/install/autoware_msgs/share:/home/yeap/APC_2022_Prac/airsimversion/autoware.ai/install/autoware_build_flags/share:${ROS_PACKAGE_PATH} /usr/bin/cmake --build /home/yeap/APC_2022_Prac/airsimversion/autoware.ai/build/integrated_viewer --target install -- -j6 -l6
