[0.038s] Invoking command in '/home/yeap/APC_2022_Prac/airsimversion/autoware.ai/build/mqtt_socket': CMAKE_PREFIX_PATH=/home/yeap/APC_2022_Prac/airsimversion/autoware.ai/install/tablet_socket_msgs:/home/yeap/APC_2022_Prac/airsimversion/autoware.ai/install/autoware_msgs:/home/yeap/APC_2022_Prac/airsimversion/autoware.ai/install/autoware_can_msgs:/home/yeap/APC_2022_Prac/airsimversion/autoware.ai/install/autoware_build_flags:${CMAKE_PREFIX_PATH} PKG_CONFIG_PATH=/home/yeap/APC_2022_Prac/airsimversion/autoware.ai/install/tablet_socket_msgs/lib/x86_64-linux-gnu/pkgconfig:/home/yeap/APC_2022_Prac/airsimversion/autoware.ai/install/tablet_socket_msgs/lib/pkgconfig:/home/yeap/APC_2022_Prac/airsimversion/autoware.ai/install/autoware_msgs/lib/x86_64-linux-gnu/pkgconfig:/home/yeap/APC_2022_Prac/airsimversion/autoware.ai/install/autoware_msgs/lib/pkgconfig:/home/yeap/APC_2022_Prac/airsimversion/autoware.ai/install/autoware_can_msgs/lib/x86_64-linux-gnu/pkgconfig:/home/yeap/APC_2022_Prac/airsimversion/autoware.ai/install/autoware_can_msgs/lib/pkgconfig:/home/yeap/APC_2022_Prac/airsimversion/autoware.ai/install/autoware_build_flags/lib/x86_64-linux-gnu/pkgconfig:/home/yeap/APC_2022_Prac/airsimversion/autoware.ai/install/autoware_build_flags/lib/pkgconfig:${PKG_CONFIG_PATH} PYTHONPATH=/home/yeap/APC_2022_Prac/airsimversion/autoware.ai/install/tablet_socket_msgs/lib/python2.7/dist-packages:/home/yeap/APC_2022_Prac/airsimversion/autoware.ai/install/autoware_msgs/lib/python2.7/dist-packages:/home/yeap/APC_2022_Prac/airsimversion/autoware.ai/install/autoware_can_msgs/lib/python2.7/dist-packages:${PYTHONPATH} ROS_PACKAGE_PATH=/home/yeap/APC_2022_Prac/airsimversion/autoware.ai/install/tablet_socket_msgs/share:/home/yeap/APC_2022_Prac/airsimversion/autoware.ai/install/autoware_msgs/share:/home/yeap/APC_2022_Prac/airsimversion/autoware.ai/install/autoware_can_msgs/share:/home/yeap/APC_2022_Prac/airsimversion/autoware.ai/install/autoware_build_flags/share:${ROS_PACKAGE_PATH} /usr/bin/cmake --build /home/yeap/APC_2022_Prac/airsimversion/autoware.ai/build/mqtt_socket -- -j6 -l6
[0.138s] [  0%] Built target tablet_socket_msgs_generate_messages_py
[0.144s] [  0%] Built target sensor_msgs_generate_messages_nodejs
[0.180s] [  0%] Built target rosgraph_msgs_generate_messages_nodejs
[0.188s] [  0%] Built target rosgraph_msgs_generate_messages_py
[0.213s] [  0%] Built target rosgraph_msgs_generate_messages_lisp
[0.226s] [  0%] Built target roscpp_generate_messages_py
[0.240s] [  0%] Built target roscpp_generate_messages_lisp
[0.261s] [  0%] Built target actionlib_msgs_generate_messages_lisp
[0.293s] [  0%] Built target jsk_footstep_msgs_generate_messages_nodejs
[0.301s] [  0%] Built target actionlib_msgs_generate_messages_cpp
[0.332s] [  0%] Built target jsk_footstep_msgs_generate_messages_lisp
[0.332s] [  0%] Built target actionlib_msgs_generate_messages_py
[0.363s] [  0%] Built target pcl_msgs_generate_messages_py
[0.386s] [  0%] Built target jsk_footstep_msgs_generate_messages_eus
[0.409s] [  0%] Built target pcl_msgs_generate_messages_nodejs
[0.423s] [  0%] Built target pcl_msgs_generate_messages_lisp
[0.464s] [  0%] Built target pcl_msgs_generate_messages_eus
[0.479s] [  0%] Built target rosgraph_msgs_generate_messages_cpp
[0.520s] [  0%] Built target std_msgs_generate_messages_nodejs
[0.526s] [  0%] Built target autoware_msgs_generate_messages_cpp
[0.572s] [  0%] Built target sensor_msgs_generate_messages_cpp
[0.592s] [  0%] Built target std_msgs_generate_messages_lisp
[0.607s] [  0%] Built target sensor_msgs_generate_messages_eus
[0.635s] [  0%] Built target tablet_socket_msgs_generate_messages_cpp
[0.644s] [  0%] Built target autoware_can_msgs_generate_messages_py
[0.666s] [  0%] Built target jsk_footstep_msgs_generate_messages_cpp
[0.680s] [  0%] Built target geometry_msgs_generate_messages_py
[0.697s] [  0%] Built target std_msgs_generate_messages_eus
[0.723s] [  0%] Built target autoware_msgs_generate_messages_nodejs
[0.725s] [  0%] Built target jsk_footstep_msgs_generate_messages_py
[0.749s] [  0%] Built target std_msgs_generate_messages_cpp
[0.758s] [  0%] Built target actionlib_msgs_generate_messages_nodejs
[0.773s] [  0%] Built target std_msgs_generate_messages_py
[0.795s] [  0%] Built target autoware_msgs_generate_messages_py
[0.804s] [  0%] Built target autoware_can_msgs_generate_messages_eus
[0.824s] [  0%] Built target geometry_msgs_generate_messages_nodejs
[0.833s] [  0%] Built target sensor_msgs_generate_messages_py
[0.853s] [  0%] Built target jsk_recognition_msgs_generate_messages_py
[0.862s] [  0%] Built target autoware_can_msgs_generate_messages_nodejs
[0.906s] [  0%] Built target tablet_socket_msgs_generate_messages_eus
[0.907s] [  0%] Built target autoware_can_msgs_generate_messages_lisp
[0.911s] [  0%] Built target autoware_can_msgs_generate_messages_cpp
[0.927s] [  0%] Built target autoware_msgs_generate_messages_eus
[0.958s] [  0%] Built target pcl_msgs_generate_messages_cpp
[0.958s] [  0%] Built target sensor_msgs_generate_messages_lisp
[1.003s] [  0%] Built target actionlib_msgs_generate_messages_eus
[1.044s] [  0%] Built target roscpp_generate_messages_nodejs
[1.085s] [  0%] Built target roscpp_generate_messages_eus
[1.110s] [  0%] Built target geometry_msgs_generate_messages_eus
[1.144s] [  0%] Built target geometry_msgs_generate_messages_cpp
[1.197s] [  0%] Built target geometry_msgs_generate_messages_lisp
[1.243s] [  0%] Built target jsk_recognition_msgs_generate_messages_eus
[1.290s] [  0%] Built target jsk_recognition_msgs_generate_messages_lisp
[1.343s] [  0%] Built target rosgraph_msgs_generate_messages_eus
[1.383s] [  0%] Built target jsk_recognition_msgs_generate_messages_nodejs
[1.427s] [  0%] Built target roscpp_generate_messages_cpp
[1.457s] [  0%] Built target autoware_msgs_generate_messages_lisp
[1.499s] [  0%] Built target jsk_recognition_msgs_generate_messages_cpp
[1.547s] [  0%] Built target tablet_socket_msgs_generate_messages_lisp
[1.586s] [  0%] Built target tablet_socket_msgs_generate_messages_nodejs
[1.678s] [ 50%] Built target mqtt_receiver
[1.767s] [100%] Built target mqtt_sender
[1.784s] Invoked command in '/home/yeap/APC_2022_Prac/airsimversion/autoware.ai/build/mqtt_socket' returned '0': CMAKE_PREFIX_PATH=/home/yeap/APC_2022_Prac/airsimversion/autoware.ai/install/tablet_socket_msgs:/home/yeap/APC_2022_Prac/airsimversion/autoware.ai/install/autoware_msgs:/home/yeap/APC_2022_Prac/airsimversion/autoware.ai/install/autoware_can_msgs:/home/yeap/APC_2022_Prac/airsimversion/autoware.ai/install/autoware_build_flags:${CMAKE_PREFIX_PATH} PKG_CONFIG_PATH=/home/yeap/APC_2022_Prac/airsimversion/autoware.ai/install/tablet_socket_msgs/lib/x86_64-linux-gnu/pkgconfig:/home/yeap/APC_2022_Prac/airsimversion/autoware.ai/install/tablet_socket_msgs/lib/pkgconfig:/home/yeap/APC_2022_Prac/airsimversion/autoware.ai/install/autoware_msgs/lib/x86_64-linux-gnu/pkgconfig:/home/yeap/APC_2022_Prac/airsimversion/autoware.ai/install/autoware_msgs/lib/pkgconfig:/home/yeap/APC_2022_Prac/airsimversion/autoware.ai/install/autoware_can_msgs/lib/x86_64-linux-gnu/pkgconfig:/home/yeap/APC_2022_Prac/airsimversion/autoware.ai/install/autoware_can_msgs/lib/pkgconfig:/home/yeap/APC_2022_Prac/airsimversion/autoware.ai/install/autoware_build_flags/lib/x86_64-linux-gnu/pkgconfig:/home/yeap/APC_2022_Prac/airsimversion/autoware.ai/install/autoware_build_flags/lib/pkgconfig:${PKG_CONFIG_PATH} PYTHONPATH=/home/yeap/APC_2022_Prac/airsimversion/autoware.ai/install/tablet_socket_msgs/lib/python2.7/dist-packages:/home/yeap/APC_2022_Prac/airsimversion/autoware.ai/install/autoware_msgs/lib/python2.7/dist-packages:/home/yeap/APC_2022_Prac/airsimversion/autoware.ai/install/autoware_can_msgs/lib/python2.7/dist-packages:${PYTHONPATH} ROS_PACKAGE_PATH=/home/yeap/APC_2022_Prac/airsimversion/autoware.ai/install/tablet_socket_msgs/share:/home/yeap/APC_2022_Prac/airsimversion/autoware.ai/install/autoware_msgs/share:/home/yeap/APC_2022_Prac/airsimversion/autoware.ai/install/autoware_can_msgs/share:/home/yeap/APC_2022_Prac/airsimversion/autoware.ai/install/autoware_build_flags/share:${ROS_PACKAGE_PATH} /usr/bin/cmake --build /home/yeap/APC_2022_Prac/airsimversion/autoware.ai/build/mqtt_socket -- -j6 -l6
[1.973s] Invoking command in '/home/yeap/APC_2022_Prac/airsimversion/autoware.ai/build/mqtt_socket': CMAKE_PREFIX_PATH=/home/yeap/APC_2022_Prac/airsimversion/autoware.ai/install/tablet_socket_msgs:/home/yeap/APC_2022_Prac/airsimversion/autoware.ai/install/autoware_msgs:/home/yeap/APC_2022_Prac/airsimversion/autoware.ai/install/autoware_can_msgs:/home/yeap/APC_2022_Prac/airsimversion/autoware.ai/install/autoware_build_flags:${CMAKE_PREFIX_PATH} PKG_CONFIG_PATH=/home/yeap/APC_2022_Prac/airsimversion/autoware.ai/install/tablet_socket_msgs/lib/x86_64-linux-gnu/pkgconfig:/home/yeap/APC_2022_Prac/airsimversion/autoware.ai/install/tablet_socket_msgs/lib/pkgconfig:/home/yeap/APC_2022_Prac/airsimversion/autoware.ai/install/autoware_msgs/lib/x86_64-linux-gnu/pkgconfig:/home/yeap/APC_2022_Prac/airsimversion/autoware.ai/install/autoware_msgs/lib/pkgconfig:/home/yeap/APC_2022_Prac/airsimversion/autoware.ai/install/autoware_can_msgs/lib/x86_64-linux-gnu/pkgconfig:/home/yeap/APC_2022_Prac/airsimversion/autoware.ai/install/autoware_can_msgs/lib/pkgconfig:/home/yeap/APC_2022_Prac/airsimversion/autoware.ai/install/autoware_build_flags/lib/x86_64-linux-gnu/pkgconfig:/home/yeap/APC_2022_Prac/airsimversion/autoware.ai/install/autoware_build_flags/lib/pkgconfig:${PKG_CONFIG_PATH} PYTHONPATH=/home/yeap/APC_2022_Prac/airsimversion/autoware.ai/install/tablet_socket_msgs/lib/python2.7/dist-packages:/home/yeap/APC_2022_Prac/airsimversion/autoware.ai/install/autoware_msgs/lib/python2.7/dist-packages:/home/yeap/APC_2022_Prac/airsimversion/autoware.ai/install/autoware_can_msgs/lib/python2.7/dist-packages:${PYTHONPATH} ROS_PACKAGE_PATH=/home/yeap/APC_2022_Prac/airsimversion/autoware.ai/install/tablet_socket_msgs/share:/home/yeap/APC_2022_Prac/airsimversion/autoware.ai/install/autoware_msgs/share:/home/yeap/APC_2022_Prac/airsimversion/autoware.ai/install/autoware_can_msgs/share:/home/yeap/APC_2022_Prac/airsimversion/autoware.ai/install/autoware_build_flags/share:${ROS_PACKAGE_PATH} /usr/bin/cmake --build /home/yeap/APC_2022_Prac/airsimversion/autoware.ai/build/mqtt_socket --target tests -- -j6 -l6
[2.059s] Built target tests
[2.076s] Invoked command in '/home/yeap/APC_2022_Prac/airsimversion/autoware.ai/build/mqtt_socket' returned '0': CMAKE_PREFIX_PATH=/home/yeap/APC_2022_Prac/airsimversion/autoware.ai/install/tablet_socket_msgs:/home/yeap/APC_2022_Prac/airsimversion/autoware.ai/install/autoware_msgs:/home/yeap/APC_2022_Prac/airsimversion/autoware.ai/install/autoware_can_msgs:/home/yeap/APC_2022_Prac/airsimversion/autoware.ai/install/autoware_build_flags:${CMAKE_PREFIX_PATH} PKG_CONFIG_PATH=/home/yeap/APC_2022_Prac/airsimversion/autoware.ai/install/tablet_socket_msgs/lib/x86_64-linux-gnu/pkgconfig:/home/yeap/APC_2022_Prac/airsimversion/autoware.ai/install/tablet_socket_msgs/lib/pkgconfig:/home/yeap/APC_2022_Prac/airsimversion/autoware.ai/install/autoware_msgs/lib/x86_64-linux-gnu/pkgconfig:/home/yeap/APC_2022_Prac/airsimversion/autoware.ai/install/autoware_msgs/lib/pkgconfig:/home/yeap/APC_2022_Prac/airsimversion/autoware.ai/install/autoware_can_msgs/lib/x86_64-linux-gnu/pkgconfig:/home/yeap/APC_2022_Prac/airsimversion/autoware.ai/install/autoware_can_msgs/lib/pkgconfig:/home/yeap/APC_2022_Prac/airsimversion/autoware.ai/install/autoware_build_flags/lib/x86_64-linux-gnu/pkgconfig:/home/yeap/APC_2022_Prac/airsimversion/autoware.ai/install/autoware_build_flags/lib/pkgconfig:${PKG_CONFIG_PATH} PYTHONPATH=/home/yeap/APC_2022_Prac/airsimversion/autoware.ai/install/tablet_socket_msgs/lib/python2.7/dist-packages:/home/yeap/APC_2022_Prac/airsimversion/autoware.ai/install/autoware_msgs/lib/python2.7/dist-packages:/home/yeap/APC_2022_Prac/airsimversion/autoware.ai/install/autoware_can_msgs/lib/python2.7/dist-packages:${PYTHONPATH} ROS_PACKAGE_PATH=/home/yeap/APC_2022_Prac/airsimversion/autoware.ai/install/tablet_socket_msgs/share:/home/yeap/APC_2022_Prac/airsimversion/autoware.ai/install/autoware_msgs/share:/home/yeap/APC_2022_Prac/airsimversion/autoware.ai/install/autoware_can_msgs/share:/home/yeap/APC_2022_Prac/airsimversion/autoware.ai/install/autoware_build_flags/share:${ROS_PACKAGE_PATH} /usr/bin/cmake --build /home/yeap/APC_2022_Prac/airsimversion/autoware.ai/build/mqtt_socket --target tests -- -j6 -l6
[2.243s] Invoking command in '/home/yeap/APC_2022_Prac/airsimversion/autoware.ai/build/mqtt_socket': CMAKE_PREFIX_PATH=/home/yeap/APC_2022_Prac/airsimversion/autoware.ai/install/tablet_socket_msgs:/home/yeap/APC_2022_Prac/airsimversion/autoware.ai/install/autoware_msgs:/home/yeap/APC_2022_Prac/airsimversion/autoware.ai/install/autoware_can_msgs:/home/yeap/APC_2022_Prac/airsimversion/autoware.ai/install/autoware_build_flags:${CMAKE_PREFIX_PATH} PKG_CONFIG_PATH=/home/yeap/APC_2022_Prac/airsimversion/autoware.ai/install/tablet_socket_msgs/lib/x86_64-linux-gnu/pkgconfig:/home/yeap/APC_2022_Prac/airsimversion/autoware.ai/install/tablet_socket_msgs/lib/pkgconfig:/home/yeap/APC_2022_Prac/airsimversion/autoware.ai/install/autoware_msgs/lib/x86_64-linux-gnu/pkgconfig:/home/yeap/APC_2022_Prac/airsimversion/autoware.ai/install/autoware_msgs/lib/pkgconfig:/home/yeap/APC_2022_Prac/airsimversion/autoware.ai/install/autoware_can_msgs/lib/x86_64-linux-gnu/pkgconfig:/home/yeap/APC_2022_Prac/airsimversion/autoware.ai/install/autoware_can_msgs/lib/pkgconfig:/home/yeap/APC_2022_Prac/airsimversion/autoware.ai/install/autoware_build_flags/lib/x86_64-linux-gnu/pkgconfig:/home/yeap/APC_2022_Prac/airsimversion/autoware.ai/install/autoware_build_flags/lib/pkgconfig:${PKG_CONFIG_PATH} PYTHONPATH=/home/yeap/APC_2022_Prac/airsimversion/autoware.ai/install/tablet_socket_msgs/lib/python2.7/dist-packages:/home/yeap/APC_2022_Prac/airsimversion/autoware.ai/install/autoware_msgs/lib/python2.7/dist-packages:/home/yeap/APC_2022_Prac/airsimversion/autoware.ai/install/autoware_can_msgs/lib/python2.7/dist-packages:${PYTHONPATH} ROS_PACKAGE_PATH=/home/yeap/APC_2022_Prac/airsimversion/autoware.ai/install/tablet_socket_msgs/share:/home/yeap/APC_2022_Prac/airsimversion/autoware.ai/install/autoware_msgs/share:/home/yeap/APC_2022_Prac/airsimversion/autoware.ai/install/autoware_can_msgs/share:/home/yeap/APC_2022_Prac/airsimversion/autoware.ai/install/autoware_build_flags/share:${ROS_PACKAGE_PATH} /usr/bin/cmake --build /home/yeap/APC_2022_Prac/airsimversion/autoware.ai/build/mqtt_socket --target install -- -j6 -l6
[2.321s] [  0%] Built target sensor_msgs_generate_messages_nodejs
[2.334s] [  0%] Built target tablet_socket_msgs_generate_messages_py
[2.360s] [  0%] Built target rosgraph_msgs_generate_messages_nodejs
[2.364s] [  0%] Built target rosgraph_msgs_generate_messages_py
[2.401s] [  0%] Built target roscpp_generate_messages_py
[2.409s] [  0%] Built target rosgraph_msgs_generate_messages_lisp
[2.433s] [  0%] Built target actionlib_msgs_generate_messages_lisp
[2.436s] [  0%] Built target roscpp_generate_messages_lisp
[2.460s] [  0%] Built target jsk_footstep_msgs_generate_messages_nodejs
[2.464s] [  0%] Built target actionlib_msgs_generate_messages_cpp
[2.496s] [  0%] Built target jsk_footstep_msgs_generate_messages_lisp
[2.501s] [  0%] Built target actionlib_msgs_generate_messages_py
[2.529s] [  0%] Built target jsk_footstep_msgs_generate_messages_eus
[2.541s] [  0%] Built target pcl_msgs_generate_messages_py
[2.577s] [  0%] Built target pcl_msgs_generate_messages_nodejs
[2.597s] [  0%] Built target pcl_msgs_generate_messages_lisp
[2.633s] [  0%] Built target rosgraph_msgs_generate_messages_cpp
[2.634s] [  0%] Built target pcl_msgs_generate_messages_eus
[2.667s] [  0%] Built target autoware_msgs_generate_messages_cpp
[2.677s] [  0%] Built target std_msgs_generate_messages_nodejs
[2.696s] [  0%] Built target std_msgs_generate_messages_lisp
[2.723s] [  0%] Built target sensor_msgs_generate_messages_cpp
[2.738s] [  0%] Built target sensor_msgs_generate_messages_eus
[2.770s] [  0%] Built target tablet_socket_msgs_generate_messages_cpp
[2.788s] [  0%] Built target autoware_can_msgs_generate_messages_py
[2.809s] [  0%] Built target jsk_footstep_msgs_generate_messages_cpp
[2.812s] [  0%] Built target geometry_msgs_generate_messages_py
[2.841s] [  0%] Built target std_msgs_generate_messages_eus
[2.853s] [  0%] Built target autoware_msgs_generate_messages_nodejs
[2.871s] [  0%] Built target jsk_footstep_msgs_generate_messages_py
[2.903s] [  0%] Built target std_msgs_generate_messages_cpp
[2.905s] [  0%] Built target actionlib_msgs_generate_messages_nodejs
[2.932s] [  0%] Built target std_msgs_generate_messages_py
[2.949s] [  0%] Built target autoware_msgs_generate_messages_py
[2.971s] [  0%] Built target autoware_can_msgs_generate_messages_eus
[2.982s] [  0%] Built target geometry_msgs_generate_messages_nodejs
[3.009s] [  0%] Built target sensor_msgs_generate_messages_py
[3.011s] [  0%] Built target jsk_recognition_msgs_generate_messages_py
[3.043s] [  0%] Built target autoware_can_msgs_generate_messages_nodejs
[3.053s] [  0%] Built target autoware_can_msgs_generate_messages_lisp
[3.084s] [  0%] Built target autoware_can_msgs_generate_messages_cpp
[3.095s] [  0%] Built target autoware_msgs_generate_messages_eus
[3.124s] [  0%] Built target sensor_msgs_generate_messages_lisp
[3.129s] [  0%] Built target jsk_recognition_msgs_generate_messages_cpp
[3.148s] [  0%] Built target pcl_msgs_generate_messages_cpp
[3.171s] [  0%] Built target actionlib_msgs_generate_messages_eus
[3.185s] [  0%] Built target autoware_msgs_generate_messages_lisp
[3.214s] [  0%] Built target roscpp_generate_messages_nodejs
[3.219s] [  0%] Built target roscpp_generate_messages_eus
[3.267s] [  0%] Built target geometry_msgs_generate_messages_eus
[3.267s] [  0%] Built target geometry_msgs_generate_messages_cpp
[3.299s] [  0%] Built target geometry_msgs_generate_messages_lisp
[3.347s] [  0%] Built target jsk_recognition_msgs_generate_messages_lisp
[3.376s] [  0%] Built target rosgraph_msgs_generate_messages_eus
[3.403s] [  0%] Built target jsk_recognition_msgs_generate_messages_nodejs
[3.428s] [  0%] Built target roscpp_generate_messages_cpp
[3.453s] [  0%] Built target jsk_recognition_msgs_generate_messages_eus
[3.480s] [  0%] Built target tablet_socket_msgs_generate_messages_eus
[3.513s] [  0%] Built target tablet_socket_msgs_generate_messages_lisp
[3.545s] [  0%] Built target tablet_socket_msgs_generate_messages_nodejs
[3.636s] [ 50%] Built target mqtt_receiver
[3.723s] [100%] Built target mqtt_sender
[3.750s] [36mInstall the project...[0m
[3.760s] -- Install configuration: "Release"
[3.760s] -- Up-to-date: /home/yeap/APC_2022_Prac/airsimversion/autoware.ai/install/mqtt_socket/lib/pkgconfig/mqtt_socket.pc
[3.761s] -- Up-to-date: /home/yeap/APC_2022_Prac/airsimversion/autoware.ai/install/mqtt_socket/share/mqtt_socket/cmake/mqtt_socketConfig.cmake
[3.761s] -- Up-to-date: /home/yeap/APC_2022_Prac/airsimversion/autoware.ai/install/mqtt_socket/share/mqtt_socket/cmake/mqtt_socketConfig-version.cmake
[3.762s] -- Up-to-date: /home/yeap/APC_2022_Prac/airsimversion/autoware.ai/install/mqtt_socket/share/mqtt_socket/package.xml
[3.763s] -- Up-to-date: /home/yeap/APC_2022_Prac/airsimversion/autoware.ai/install/mqtt_socket/lib/mqtt_socket/mqtt_receiver
[3.764s] -- Up-to-date: /home/yeap/APC_2022_Prac/airsimversion/autoware.ai/install/mqtt_socket/lib/mqtt_socket/mqtt_sender
[3.772s] Invoked command in '/home/yeap/APC_2022_Prac/airsimversion/autoware.ai/build/mqtt_socket' returned '0': CMAKE_PREFIX_PATH=/home/yeap/APC_2022_Prac/airsimversion/autoware.ai/install/tablet_socket_msgs:/home/yeap/APC_2022_Prac/airsimversion/autoware.ai/install/autoware_msgs:/home/yeap/APC_2022_Prac/airsimversion/autoware.ai/install/autoware_can_msgs:/home/yeap/APC_2022_Prac/airsimversion/autoware.ai/install/autoware_build_flags:${CMAKE_PREFIX_PATH} PKG_CONFIG_PATH=/home/yeap/APC_2022_Prac/airsimversion/autoware.ai/install/tablet_socket_msgs/lib/x86_64-linux-gnu/pkgconfig:/home/yeap/APC_2022_Prac/airsimversion/autoware.ai/install/tablet_socket_msgs/lib/pkgconfig:/home/yeap/APC_2022_Prac/airsimversion/autoware.ai/install/autoware_msgs/lib/x86_64-linux-gnu/pkgconfig:/home/yeap/APC_2022_Prac/airsimversion/autoware.ai/install/autoware_msgs/lib/pkgconfig:/home/yeap/APC_2022_Prac/airsimversion/autoware.ai/install/autoware_can_msgs/lib/x86_64-linux-gnu/pkgconfig:/home/yeap/APC_2022_Prac/airsimversion/autoware.ai/install/autoware_can_msgs/lib/pkgconfig:/home/yeap/APC_2022_Prac/airsimversion/autoware.ai/install/autoware_build_flags/lib/x86_64-linux-gnu/pkgconfig:/home/yeap/APC_2022_Prac/airsimversion/autoware.ai/install/autoware_build_flags/lib/pkgconfig:${PKG_CONFIG_PATH} PYTHONPATH=/home/yeap/APC_2022_Prac/airsimversion/autoware.ai/install/tablet_socket_msgs/lib/python2.7/dist-packages:/home/yeap/APC_2022_Prac/airsimversion/autoware.ai/install/autoware_msgs/lib/python2.7/dist-packages:/home/yeap/APC_2022_Prac/airsimversion/autoware.ai/install/autoware_can_msgs/lib/python2.7/dist-packages:${PYTHONPATH} ROS_PACKAGE_PATH=/home/yeap/APC_2022_Prac/airsimversion/autoware.ai/install/tablet_socket_msgs/share:/home/yeap/APC_2022_Prac/airsimversion/autoware.ai/install/autoware_msgs/share:/home/yeap/APC_2022_Prac/airsimversion/autoware.ai/install/autoware_can_msgs/share:/home/yeap/APC_2022_Prac/airsimversion/autoware.ai/install/autoware_build_flags/share:${ROS_PACKAGE_PATH} /usr/bin/cmake --build /home/yeap/APC_2022_Prac/airsimversion/autoware.ai/build/mqtt_socket --target install -- -j6 -l6
