[0.013s] Invoking command in '/home/yeap/APC_2022_Prac/airsimversion/autoware.ai/build/sound_player': /usr/bin/cmake /home/yeap/APC_2022_Prac/airsimversion/autoware.ai/src/autoware/utilities/sound_player -DCMAKE_BUILD_TYPE=Release -DCATKIN_INSTALL_INTO_PREFIX_ROOT=0 -DCMAKE_INSTALL_PREFIX=/home/yeap/APC_2022_Prac/airsimversion/autoware.ai/install/sound_player
[0.112s] -- The C compiler identification is GNU 7.5.0
[0.186s] -- The CXX compiler identification is GNU 7.5.0
[0.191s] -- Check for working C compiler: /usr/bin/cc
[0.268s] -- Check for working C compiler: /usr/bin/cc -- works
[0.268s] -- Detecting C compiler ABI info
[0.358s] -- Detecting C compiler ABI info - done
[0.367s] -- Detecting C compile features
[0.583s] -- Detecting C compile features - done
[0.586s] -- Check for working CXX compiler: /usr/bin/c++
[0.669s] -- Check for working CXX compiler: /usr/bin/c++ -- works
[0.670s] -- Detecting CXX compiler ABI info
[0.752s] -- Detecting CXX compiler ABI info - done
[0.762s] -- Detecting CXX compile features
[1.202s] -- Detecting CXX compile features - done
[1.204s] -- Using CATKIN_DEVEL_PREFIX: /home/yeap/APC_2022_Prac/airsimversion/autoware.ai/build/sound_player/devel
[1.204s] -- Using CMAKE_PREFIX_PATH: /opt/ros/melodic
[1.204s] -- This workspace overlays: /opt/ros/melodic
[1.221s] -- Found PythonInterp: /usr/bin/python2 (found suitable version "2.7.17", minimum required is "2") 
[1.221s] -- Using PYTHON_EXECUTABLE: /usr/bin/python2
[1.222s] -- Using Debian Python package layout
[1.222s] -- Using empy: /usr/bin/empy
[1.392s] -- Using CATKIN_ENABLE_TESTING: ON
[1.392s] -- Call enable_testing()
[1.395s] -- Using CATKIN_TEST_RESULTS_DIR: /home/yeap/APC_2022_Prac/airsimversion/autoware.ai/build/sound_player/test_results
[1.418s] -- Found gtest sources under '/usr/src/googletest': gtests will be built
[1.418s] -- Found gmock sources under '/usr/src/googletest': gmock will be built
[1.434s] -- Found PythonInterp: /usr/bin/python2 (found version "2.7.17") 
[1.435s] -- Looking for pthread.h
[1.516s] -- Looking for pthread.h - found
[1.517s] -- Looking for pthread_create
[1.612s] -- Looking for pthread_create - not found
[1.612s] -- Looking for pthread_create in pthreads
[1.678s] -- Looking for pthread_create in pthreads - not found
[1.678s] -- Looking for pthread_create in pthread
[1.760s] -- Looking for pthread_create in pthread - found
[1.760s] -- Found Threads: TRUE  
[1.760s] -- Using Python nosetests: /usr/bin/nosetests-2.7
[1.809s] -- catkin 0.7.29
[1.809s] -- BUILD_SHARED_LIBS is on
[1.991s] -- Using these message generators: gencpp;geneus;genlisp;gennodejs;genpy
[2.144s] -- Configuring done
[2.161s] -- Generating done
[2.166s] -- Build files have been written to: /home/yeap/APC_2022_Prac/airsimversion/autoware.ai/build/sound_player
[2.176s] Invoked command in '/home/yeap/APC_2022_Prac/airsimversion/autoware.ai/build/sound_player' returned '0': /usr/bin/cmake /home/yeap/APC_2022_Prac/airsimversion/autoware.ai/src/autoware/utilities/sound_player -DCMAKE_BUILD_TYPE=Release -DCATKIN_INSTALL_INTO_PREFIX_ROOT=0 -DCMAKE_INSTALL_PREFIX=/home/yeap/APC_2022_Prac/airsimversion/autoware.ai/install/sound_player
[2.177s] Invoking command in '/home/yeap/APC_2022_Prac/airsimversion/autoware.ai/build/sound_player': /usr/bin/cmake --build /home/yeap/APC_2022_Prac/airsimversion/autoware.ai/build/sound_player -- -j6 -l6
[2.229s] Invoked command in '/home/yeap/APC_2022_Prac/airsimversion/autoware.ai/build/sound_player' returned '0': /usr/bin/cmake --build /home/yeap/APC_2022_Prac/airsimversion/autoware.ai/build/sound_player -- -j6 -l6
[2.283s] Invoking command in '/home/yeap/APC_2022_Prac/airsimversion/autoware.ai/build/sound_player': /usr/bin/cmake --build /home/yeap/APC_2022_Prac/airsimversion/autoware.ai/build/sound_player --target tests -- -j6 -l6
[2.344s] [35m[1mScanning dependencies of target tests[0m
[2.358s] Built target tests
[2.373s] Invoked command in '/home/yeap/APC_2022_Prac/airsimversion/autoware.ai/build/sound_player' returned '0': /usr/bin/cmake --build /home/yeap/APC_2022_Prac/airsimversion/autoware.ai/build/sound_player --target tests -- -j6 -l6
[2.414s] Invoking command in '/home/yeap/APC_2022_Prac/airsimversion/autoware.ai/build/sound_player': /usr/bin/cmake --build /home/yeap/APC_2022_Prac/airsimversion/autoware.ai/build/sound_player --target install -- -j6 -l6
[2.478s] [36mInstall the project...[0m
[2.490s] -- Install configuration: "Release"
[2.490s] -- Installing: /home/yeap/APC_2022_Prac/airsimversion/autoware.ai/install/sound_player/lib/pkgconfig/sound_player.pc
[2.491s] -- Installing: /home/yeap/APC_2022_Prac/airsimversion/autoware.ai/install/sound_player/share/sound_player/cmake/sound_playerConfig.cmake
[2.491s] -- Installing: /home/yeap/APC_2022_Prac/airsimversion/autoware.ai/install/sound_player/share/sound_player/cmake/sound_playerConfig-version.cmake
[2.492s] -- Installing: /home/yeap/APC_2022_Prac/airsimversion/autoware.ai/install/sound_player/share/sound_player/package.xml
[2.492s] -- Installing: /home/yeap/APC_2022_Prac/airsimversion/autoware.ai/install/sound_player/lib/sound_player/sound_player.py
[2.493s] -- Installing: /home/yeap/APC_2022_Prac/airsimversion/autoware.ai/install/sound_player/lib/sound_player/sound_player.yaml
[2.495s] -- Up-to-date: /home/yeap/APC_2022_Prac/airsimversion/autoware.ai/install/sound_player/share/sound_player
[2.495s] -- Installing: /home/yeap/APC_2022_Prac/airsimversion/autoware.ai/install/sound_player/share/sound_player/beep4.wav
[2.496s] -- Installing: /home/yeap/APC_2022_Prac/airsimversion/autoware.ai/install/sound_player/share/sound_player/deceleration.wav
[2.498s] -- Installing: /home/yeap/APC_2022_Prac/airsimversion/autoware.ai/install/sound_player/share/sound_player/red.wav
[2.499s] -- Installing: /home/yeap/APC_2022_Prac/airsimversion/autoware.ai/install/sound_player/share/sound_player/return_normal.wav
[2.501s] -- Installing: /home/yeap/APC_2022_Prac/airsimversion/autoware.ai/install/sound_player/share/sound_player/pede.wav
[2.502s] -- Installing: /home/yeap/APC_2022_Prac/airsimversion/autoware.ai/install/sound_player/share/sound_player/start.wav
[2.504s] -- Installing: /home/yeap/APC_2022_Prac/airsimversion/autoware.ai/install/sound_player/share/sound_player/green.wav
[2.505s] -- Installing: /home/yeap/APC_2022_Prac/airsimversion/autoware.ai/install/sound_player/share/sound_player/beep2.wav
[2.506s] -- Installing: /home/yeap/APC_2022_Prac/airsimversion/autoware.ai/install/sound_player/share/sound_player/beep1.wav
[2.508s] -- Installing: /home/yeap/APC_2022_Prac/airsimversion/autoware.ai/install/sound_player/share/sound_player/ndt_warning.wav
[2.509s] -- Installing: /home/yeap/APC_2022_Prac/airsimversion/autoware.ai/install/sound_player/share/sound_player/stop.wav
[2.510s] -- Installing: /home/yeap/APC_2022_Prac/airsimversion/autoware.ai/install/sound_player/share/sound_player/beep3.wav
[2.519s] Invoked command in '/home/yeap/APC_2022_Prac/airsimversion/autoware.ai/build/sound_player' returned '0': /usr/bin/cmake --build /home/yeap/APC_2022_Prac/airsimversion/autoware.ai/build/sound_player --target install -- -j6 -l6
