[0.060s] Invoking command in '/home/yeap/APC_2022_Prac/airsimversion/autoware.ai/build/pos_db': CMAKE_PREFIX_PATH=/home/yeap/APC_2022_Prac/airsimversion/autoware.ai/install/gnss:/home/yeap/APC_2022_Prac/airsimversion/autoware.ai/install/autoware_msgs:/home/yeap/APC_2022_Prac/airsimversion/autoware.ai/install/autoware_build_flags:${CMAKE_PREFIX_PATH} LD_LIBRARY_PATH=/home/yeap/APC_2022_Prac/airsimversion/autoware.ai/install/gnss/lib:${LD_LIBRARY_PATH} PKG_CONFIG_PATH=/home/yeap/APC_2022_Prac/airsimversion/autoware.ai/install/gnss/lib/x86_64-linux-gnu/pkgconfig:/home/yeap/APC_2022_Prac/airsimversion/autoware.ai/install/gnss/lib/pkgconfig:/home/yeap/APC_2022_Prac/airsimversion/autoware.ai/install/autoware_msgs/lib/x86_64-linux-gnu/pkgconfig:/home/yeap/APC_2022_Prac/airsimversion/autoware.ai/install/autoware_msgs/lib/pkgconfig:/home/yeap/APC_2022_Prac/airsimversion/autoware.ai/install/autoware_build_flags/lib/x86_64-linux-gnu/pkgconfig:/home/yeap/APC_2022_Prac/airsimversion/autoware.ai/install/autoware_build_flags/lib/pkgconfig:${PKG_CONFIG_PATH} PYTHONPATH=/home/yeap/APC_2022_Prac/airsimversion/autoware.ai/install/autoware_msgs/lib/python2.7/dist-packages:${PYTHONPATH} ROS_PACKAGE_PATH=/home/yeap/APC_2022_Prac/airsimversion/autoware.ai/install/gnss/share:/home/yeap/APC_2022_Prac/airsimversion/autoware.ai/install/autoware_msgs/share:/home/yeap/APC_2022_Prac/airsimversion/autoware.ai/install/autoware_build_flags/share:${ROS_PACKAGE_PATH} /usr/bin/cmake /home/yeap/APC_2022_Prac/airsimversion/autoware.ai/src/autoware/core_perception/pos_db -DCMAKE_BUILD_TYPE=Release -DCATKIN_INSTALL_INTO_PREFIX_ROOT=0 -DCMAKE_INSTALL_PREFIX=/home/yeap/APC_2022_Prac/airsimversion/autoware.ai/install/pos_db
[0.212s] -- The C compiler identification is GNU 7.5.0
[0.302s] -- The CXX compiler identification is GNU 7.5.0
[0.310s] -- Check for working C compiler: /usr/bin/cc
[0.405s] -- Check for working C compiler: /usr/bin/cc -- works
[0.407s] -- Detecting C compiler ABI info
[0.485s] -- Detecting C compiler ABI info - done
[0.496s] -- Detecting C compile features
[0.977s] -- Detecting C compile features - done
[1.060s] -- Check for working CXX compiler: /usr/bin/c++
[1.194s] -- Check for working CXX compiler: /usr/bin/c++ -- works
[1.195s] -- Detecting CXX compiler ABI info
[1.366s] -- Detecting CXX compiler ABI info - done
[1.375s] -- Detecting CXX compile features
[1.749s] -- Detecting CXX compile features - done
[1.753s] -- CUDA compilation status: .
[1.757s] -- Using CATKIN_DEVEL_PREFIX: /home/yeap/APC_2022_Prac/airsimversion/autoware.ai/build/pos_db/devel
[1.758s] -- Using CMAKE_PREFIX_PATH: /home/yeap/APC_2022_Prac/airsimversion/autoware.ai/install/gnss;/home/yeap/APC_2022_Prac/airsimversion/autoware.ai/install/autoware_msgs;/home/yeap/APC_2022_Prac/airsimversion/autoware.ai/install/autoware_build_flags;/opt/ros/melodic
[1.758s] -- This workspace overlays: /home/yeap/APC_2022_Prac/airsimversion/autoware.ai/install/gnss;/home/yeap/APC_2022_Prac/airsimversion/autoware.ai/install/autoware_msgs;/home/yeap/APC_2022_Prac/airsimversion/autoware.ai/install/autoware_build_flags;/opt/ros/melodic
[1.810s] -- Found PythonInterp: /usr/bin/python2 (found suitable version "2.7.17", minimum required is "2") 
[1.811s] -- Using PYTHON_EXECUTABLE: /usr/bin/python2
[1.811s] -- Using Debian Python package layout
[1.812s] -- Using empy: /usr/bin/empy
[2.023s] -- Using CATKIN_ENABLE_TESTING: ON
[2.023s] -- Call enable_testing()
[2.028s] -- Using CATKIN_TEST_RESULTS_DIR: /home/yeap/APC_2022_Prac/airsimversion/autoware.ai/build/pos_db/test_results
[2.059s] -- Found gtest sources under '/usr/src/googletest': gtests will be built
[2.059s] -- Found gmock sources under '/usr/src/googletest': gmock will be built
[2.076s] -- Found PythonInterp: /usr/bin/python2 (found version "2.7.17") 
[2.078s] -- Looking for pthread.h
[2.163s] -- Looking for pthread.h - found
[2.167s] -- Looking for pthread_create
[2.242s] -- Looking for pthread_create - not found
[2.242s] -- Looking for pthread_create in pthreads
[2.306s] -- Looking for pthread_create in pthreads - not found
[2.311s] -- Looking for pthread_create in pthread
[2.394s] -- Looking for pthread_create in pthread - found
[2.395s] -- Found Threads: TRUE  
[2.401s] -- Using Python nosetests: /usr/bin/nosetests-2.7
[2.468s] -- catkin 0.7.29
[2.468s] -- BUILD_SHARED_LIBS is on
[2.673s] -- Using these message generators: gencpp;geneus;genlisp;gennodejs;genpy
[4.158s] -- Found PkgConfig: /usr/bin/pkg-config (found version "0.29.1") 
[4.250s] -- Looking for libssh2...
[4.253s] -- Found LibSsh2: /usr/lib/x86_64-linux-gnu/libssh2.so  
[4.417s] -- Configuring done
[4.545s] -- Generating done
[4.561s] -- Build files have been written to: /home/yeap/APC_2022_Prac/airsimversion/autoware.ai/build/pos_db
[4.573s] Invoked command in '/home/yeap/APC_2022_Prac/airsimversion/autoware.ai/build/pos_db' returned '0': CMAKE_PREFIX_PATH=/home/yeap/APC_2022_Prac/airsimversion/autoware.ai/install/gnss:/home/yeap/APC_2022_Prac/airsimversion/autoware.ai/install/autoware_msgs:/home/yeap/APC_2022_Prac/airsimversion/autoware.ai/install/autoware_build_flags:${CMAKE_PREFIX_PATH} LD_LIBRARY_PATH=/home/yeap/APC_2022_Prac/airsimversion/autoware.ai/install/gnss/lib:${LD_LIBRARY_PATH} PKG_CONFIG_PATH=/home/yeap/APC_2022_Prac/airsimversion/autoware.ai/install/gnss/lib/x86_64-linux-gnu/pkgconfig:/home/yeap/APC_2022_Prac/airsimversion/autoware.ai/install/gnss/lib/pkgconfig:/home/yeap/APC_2022_Prac/airsimversion/autoware.ai/install/autoware_msgs/lib/x86_64-linux-gnu/pkgconfig:/home/yeap/APC_2022_Prac/airsimversion/autoware.ai/install/autoware_msgs/lib/pkgconfig:/home/yeap/APC_2022_Prac/airsimversion/autoware.ai/install/autoware_build_flags/lib/x86_64-linux-gnu/pkgconfig:/home/yeap/APC_2022_Prac/airsimversion/autoware.ai/install/autoware_build_flags/lib/pkgconfig:${PKG_CONFIG_PATH} PYTHONPATH=/home/yeap/APC_2022_Prac/airsimversion/autoware.ai/install/autoware_msgs/lib/python2.7/dist-packages:${PYTHONPATH} ROS_PACKAGE_PATH=/home/yeap/APC_2022_Prac/airsimversion/autoware.ai/install/gnss/share:/home/yeap/APC_2022_Prac/airsimversion/autoware.ai/install/autoware_msgs/share:/home/yeap/APC_2022_Prac/airsimversion/autoware.ai/install/autoware_build_flags/share:${ROS_PACKAGE_PATH} /usr/bin/cmake /home/yeap/APC_2022_Prac/airsimversion/autoware.ai/src/autoware/core_perception/pos_db -DCMAKE_BUILD_TYPE=Release -DCATKIN_INSTALL_INTO_PREFIX_ROOT=0 -DCMAKE_INSTALL_PREFIX=/home/yeap/APC_2022_Prac/airsimversion/autoware.ai/install/pos_db
[4.574s] Invoking command in '/home/yeap/APC_2022_Prac/airsimversion/autoware.ai/build/pos_db': CMAKE_PREFIX_PATH=/home/yeap/APC_2022_Prac/airsimversion/autoware.ai/install/gnss:/home/yeap/APC_2022_Prac/airsimversion/autoware.ai/install/autoware_msgs:/home/yeap/APC_2022_Prac/airsimversion/autoware.ai/install/autoware_build_flags:${CMAKE_PREFIX_PATH} LD_LIBRARY_PATH=/home/yeap/APC_2022_Prac/airsimversion/autoware.ai/install/gnss/lib:${LD_LIBRARY_PATH} PKG_CONFIG_PATH=/home/yeap/APC_2022_Prac/airsimversion/autoware.ai/install/gnss/lib/x86_64-linux-gnu/pkgconfig:/home/yeap/APC_2022_Prac/airsimversion/autoware.ai/install/gnss/lib/pkgconfig:/home/yeap/APC_2022_Prac/airsimversion/autoware.ai/install/autoware_msgs/lib/x86_64-linux-gnu/pkgconfig:/home/yeap/APC_2022_Prac/airsimversion/autoware.ai/install/autoware_msgs/lib/pkgconfig:/home/yeap/APC_2022_Prac/airsimversion/autoware.ai/install/autoware_build_flags/lib/x86_64-linux-gnu/pkgconfig:/home/yeap/APC_2022_Prac/airsimversion/autoware.ai/install/autoware_build_flags/lib/pkgconfig:${PKG_CONFIG_PATH} PYTHONPATH=/home/yeap/APC_2022_Prac/airsimversion/autoware.ai/install/autoware_msgs/lib/python2.7/dist-packages:${PYTHONPATH} ROS_PACKAGE_PATH=/home/yeap/APC_2022_Prac/airsimversion/autoware.ai/install/gnss/share:/home/yeap/APC_2022_Prac/airsimversion/autoware.ai/install/autoware_msgs/share:/home/yeap/APC_2022_Prac/airsimversion/autoware.ai/install/autoware_build_flags/share:${ROS_PACKAGE_PATH} /usr/bin/cmake --build /home/yeap/APC_2022_Prac/airsimversion/autoware.ai/build/pos_db -- -j6 -l6
[4.643s] [35m[1mScanning dependencies of target pos_db[0m
[4.671s] [ 14%] [32mBuilding CXX object CMakeFiles/pos_db.dir/lib/pos_db/SendData.cpp.o[0m
[5.055s] [ 28%] [32mBuilding CXX object CMakeFiles/pos_db.dir/lib/pos_db/util.cpp.o[0m
[5.270s] [ 42%] [32m[1mLinking CXX shared library devel/lib/libpos_db.so[0m
[5.391s] [ 42%] Built target pos_db
[5.403s] [35m[1mScanning dependencies of target rviz_generate_messages_cpp[0m
[5.419s] [ 42%] Built target rviz_generate_messages_cpp
[5.431s] [35m[1mScanning dependencies of target people_msgs_generate_messages_py[0m
[5.444s] [ 42%] Built target people_msgs_generate_messages_py
[5.457s] [35m[1mScanning dependencies of target people_msgs_generate_messages_lisp[0m
[5.472s] [ 42%] Built target people_msgs_generate_messages_lisp
[5.486s] [35m[1mScanning dependencies of target rviz_generate_messages_eus[0m
[5.498s] [ 42%] Built target rviz_generate_messages_eus
[5.512s] [35m[1mScanning dependencies of target people_msgs_generate_messages_eus[0m
[5.526s] [ 42%] Built target people_msgs_generate_messages_eus
[5.539s] [35m[1mScanning dependencies of target people_msgs_generate_messages_cpp[0m
[5.553s] [ 42%] Built target people_msgs_generate_messages_cpp
[5.567s] [35m[1mScanning dependencies of target visualization_msgs_generate_messages_py[0m
[5.585s] [ 42%] Built target visualization_msgs_generate_messages_py
[5.597s] [35m[1mScanning dependencies of target visualization_msgs_generate_messages_nodejs[0m
[5.609s] [ 42%] Built target visualization_msgs_generate_messages_nodejs
[5.621s] [35m[1mScanning dependencies of target visualization_msgs_generate_messages_eus[0m
[5.636s] [ 42%] Built target visualization_msgs_generate_messages_eus
[5.648s] [35m[1mScanning dependencies of target tf2_msgs_generate_messages_nodejs[0m
[5.660s] [ 42%] Built target tf2_msgs_generate_messages_nodejs
[5.672s] [35m[1mScanning dependencies of target nav_msgs_generate_messages_eus[0m
[5.684s] [ 42%] Built target nav_msgs_generate_messages_eus
[5.697s] [35m[1mScanning dependencies of target visualization_msgs_generate_messages_cpp[0m
[5.709s] [ 42%] Built target visualization_msgs_generate_messages_cpp
[5.721s] [35m[1mScanning dependencies of target tf2_msgs_generate_messages_eus[0m
[5.739s] [ 42%] Built target tf2_msgs_generate_messages_eus
[5.762s] [35m[1mScanning dependencies of target tf2_msgs_generate_messages_cpp[0m
[5.774s] [ 42%] Built target tf2_msgs_generate_messages_cpp
[5.786s] [35m[1mScanning dependencies of target map_msgs_generate_messages_cpp[0m
[5.801s] [ 42%] Built target map_msgs_generate_messages_cpp
[5.823s] [35m[1mScanning dependencies of target tf2_msgs_generate_messages_py[0m
[5.836s] [ 42%] Built target tf2_msgs_generate_messages_py
[5.849s] [35m[1mScanning dependencies of target actionlib_generate_messages_py[0m
[5.861s] [ 42%] Built target actionlib_generate_messages_py
[5.874s] [35m[1mScanning dependencies of target actionlib_generate_messages_cpp[0m
[5.887s] [ 42%] Built target actionlib_generate_messages_cpp
[5.900s] [35m[1mScanning dependencies of target tf_generate_messages_nodejs[0m
[5.913s] [ 42%] Built target tf_generate_messages_nodejs
[5.923s] [35m[1mScanning dependencies of target tf_generate_messages_lisp[0m
[5.937s] [ 42%] Built target tf_generate_messages_lisp
[5.962s] [35m[1mScanning dependencies of target topic_tools_generate_messages_nodejs[0m
[5.974s] [ 42%] Built target topic_tools_generate_messages_nodejs
[5.986s] [35m[1mScanning dependencies of target topic_tools_generate_messages_eus[0m
[6.002s] [ 42%] Built target topic_tools_generate_messages_eus
[6.014s] [35m[1mScanning dependencies of target topic_tools_generate_messages_cpp[0m
[6.028s] [ 42%] Built target topic_tools_generate_messages_cpp
[6.041s] [35m[1mScanning dependencies of target std_srvs_generate_messages_py[0m
[6.054s] [ 42%] Built target std_srvs_generate_messages_py
[6.067s] [35m[1mScanning dependencies of target std_srvs_generate_messages_nodejs[0m
[6.079s] [ 42%] Built target std_srvs_generate_messages_nodejs
[6.091s] [35m[1mScanning dependencies of target bond_generate_messages_py[0m
[6.116s] [ 42%] Built target bond_generate_messages_py
[6.129s] [35m[1mScanning dependencies of target bond_generate_messages_nodejs[0m
[6.140s] [ 42%] Built target bond_generate_messages_nodejs
[6.152s] [35m[1mScanning dependencies of target bond_generate_messages_lisp[0m
[6.165s] [ 42%] Built target bond_generate_messages_lisp
[6.177s] [35m[1mScanning dependencies of target bond_generate_messages_eus[0m
[6.195s] [ 42%] Built target bond_generate_messages_eus
[6.209s] [35m[1mScanning dependencies of target bond_generate_messages_cpp[0m
[6.232s] [ 42%] Built target bond_generate_messages_cpp
[6.245s] [35m[1mScanning dependencies of target nodelet_generate_messages_nodejs[0m
[6.258s] [ 42%] Built target nodelet_generate_messages_nodejs
[6.271s] [35m[1mScanning dependencies of target geometry_msgs_generate_messages_py[0m
[6.290s] [ 42%] Built target geometry_msgs_generate_messages_py
[6.303s] [35m[1mScanning dependencies of target sensor_msgs_generate_messages_nodejs[0m
[6.315s] [ 42%] Built target sensor_msgs_generate_messages_nodejs
[6.326s] [35m[1mScanning dependencies of target roscpp_generate_messages_cpp[0m
[6.340s] [ 42%] Built target roscpp_generate_messages_cpp
[6.351s] [35m[1mScanning dependencies of target pcl_msgs_generate_messages_eus[0m
[6.363s] [ 42%] Built target pcl_msgs_generate_messages_eus
[6.375s] [35m[1mScanning dependencies of target rosgraph_msgs_generate_messages_eus[0m
[6.386s] [ 42%] Built target rosgraph_msgs_generate_messages_eus
[6.397s] [35m[1mScanning dependencies of target jsk_recognition_msgs_generate_messages_lisp[0m
[6.409s] [ 42%] Built target jsk_recognition_msgs_generate_messages_lisp
[6.421s] [35m[1mScanning dependencies of target jsk_recognition_msgs_generate_messages_eus[0m
[6.434s] [ 42%] Built target jsk_recognition_msgs_generate_messages_eus
[6.446s] [35m[1mScanning dependencies of target std_msgs_generate_messages_py[0m
[6.464s] [ 42%] Built target std_msgs_generate_messages_py
[6.476s] [35m[1mScanning dependencies of target sensor_msgs_generate_messages_eus[0m
[6.489s] [ 42%] Built target sensor_msgs_generate_messages_eus
[6.502s] [35m[1mScanning dependencies of target std_srvs_generate_messages_lisp[0m
[6.515s] [ 42%] Built target std_srvs_generate_messages_lisp
[6.528s] [35m[1mScanning dependencies of target _catkin_empty_exported_target[0m
[6.541s] [ 42%] Built target _catkin_empty_exported_target
[6.559s] [35m[1mScanning dependencies of target sensor_msgs_generate_messages_cpp[0m
[6.573s] [ 42%] Built target sensor_msgs_generate_messages_cpp
[6.586s] [35m[1mScanning dependencies of target autoware_msgs_generate_messages_cpp[0m
[6.601s] [ 42%] Built target autoware_msgs_generate_messages_cpp
[6.619s] [35m[1mScanning dependencies of target tf_generate_messages_py[0m
[6.641s] [ 42%] Built target tf_generate_messages_py
[6.654s] [35m[1mScanning dependencies of target dynamic_reconfigure_generate_messages_cpp[0m
[6.667s] [ 42%] Built target dynamic_reconfigure_generate_messages_cpp
[6.680s] [35m[1mScanning dependencies of target rosgraph_msgs_generate_messages_cpp[0m
[6.692s] [ 42%] Built target rosgraph_msgs_generate_messages_cpp
[6.706s] [35m[1mScanning dependencies of target nav_msgs_generate_messages_lisp[0m
[6.719s] [ 42%] Built target nav_msgs_generate_messages_lisp
[6.733s] [35m[1mScanning dependencies of target pcl_msgs_generate_messages_nodejs[0m
[6.745s] [ 42%] Built target pcl_msgs_generate_messages_nodejs
[6.759s] [35m[1mScanning dependencies of target jsk_hark_msgs_generate_messages_py[0m
[6.773s] [ 42%] Built target jsk_hark_msgs_generate_messages_py
[6.785s] [35m[1mScanning dependencies of target jsk_recognition_msgs_generate_messages_py[0m
[6.798s] [ 42%] Built target jsk_recognition_msgs_generate_messages_py
[6.811s] [35m[1mScanning dependencies of target std_srvs_generate_messages_cpp[0m
[6.824s] [ 42%] Built target std_srvs_generate_messages_cpp
[6.839s] [35m[1mScanning dependencies of target nav_msgs_generate_messages_cpp[0m
[6.852s] [ 42%] Built target nav_msgs_generate_messages_cpp
[6.864s] [35m[1mScanning dependencies of target sensor_msgs_generate_messages_lisp[0m
[6.876s] [ 42%] Built target sensor_msgs_generate_messages_lisp
[6.888s] [35m[1mScanning dependencies of target nodelet_generate_messages_py[0m
[6.901s] [ 42%] Built target nodelet_generate_messages_py
[6.913s] [35m[1mScanning dependencies of target sensor_msgs_generate_messages_py[0m
[6.928s] [ 42%] Built target sensor_msgs_generate_messages_py
[6.939s] [35m[1mScanning dependencies of target jsk_rviz_plugins_generate_messages_py[0m
[6.952s] [ 42%] Built target jsk_rviz_plugins_generate_messages_py
[6.965s] [35m[1mScanning dependencies of target jsk_hark_msgs_generate_messages_eus[0m
[6.978s] [ 42%] Built target jsk_hark_msgs_generate_messages_eus
[6.990s] [35m[1mScanning dependencies of target std_msgs_generate_messages_cpp[0m
[7.001s] [ 42%] Built target std_msgs_generate_messages_cpp
[7.014s] [35m[1mScanning dependencies of target jsk_footstep_msgs_generate_messages_py[0m
[7.026s] [ 42%] Built target jsk_footstep_msgs_generate_messages_py
[7.038s] [35m[1mScanning dependencies of target map_msgs_generate_messages_nodejs[0m
[7.049s] [ 42%] Built target map_msgs_generate_messages_nodejs
[7.060s] [35m[1mScanning dependencies of target topic_tools_generate_messages_py[0m
[7.072s] [ 42%] Built target topic_tools_generate_messages_py
[7.083s] [35m[1mScanning dependencies of target nodelet_topic_tools_gencfg[0m
[7.096s] [ 42%] Built target nodelet_topic_tools_gencfg
[7.107s] [35m[1mScanning dependencies of target actionlib_msgs_generate_messages_nodejs[0m
[7.119s] [ 42%] Built target actionlib_msgs_generate_messages_nodejs
[7.131s] [35m[1mScanning dependencies of target geometry_msgs_generate_messages_eus[0m
[7.143s] [ 42%] Built target geometry_msgs_generate_messages_eus
[7.155s] [35m[1mScanning dependencies of target geometry_msgs_generate_messages_nodejs[0m
[7.167s] [ 42%] Built target geometry_msgs_generate_messages_nodejs
[7.178s] [35m[1mScanning dependencies of target actionlib_generate_messages_eus[0m
[7.190s] [ 42%] Built target actionlib_generate_messages_eus
[7.201s] [35m[1mScanning dependencies of target jsk_rviz_plugins_generate_messages_eus[0m
[7.213s] [ 42%] Built target jsk_rviz_plugins_generate_messages_eus
[7.225s] [35m[1mScanning dependencies of target pcl_msgs_generate_messages_py[0m
[7.239s] [ 42%] Built target pcl_msgs_generate_messages_py
[7.251s] [35m[1mScanning dependencies of target geometry_msgs_generate_messages_lisp[0m
[7.267s] [ 42%] Built target geometry_msgs_generate_messages_lisp
[7.279s] [35m[1mScanning dependencies of target actionlib_generate_messages_lisp[0m
[7.290s] [ 42%] Built target actionlib_generate_messages_lisp
[7.302s] [35m[1mScanning dependencies of target geometry_msgs_generate_messages_cpp[0m
[7.315s] [ 42%] Built target geometry_msgs_generate_messages_cpp
[7.326s] [35m[1mScanning dependencies of target pcl_msgs_generate_messages_cpp[0m
[7.338s] [ 42%] Built target pcl_msgs_generate_messages_cpp
[7.350s] [35m[1mScanning dependencies of target people_msgs_generate_messages_nodejs[0m
[7.362s] [ 42%] Built target people_msgs_generate_messages_nodejs
[7.373s] [35m[1mScanning dependencies of target dynamic_reconfigure_generate_messages_lisp[0m
[7.384s] [ 42%] Built target dynamic_reconfigure_generate_messages_lisp
[7.396s] [35m[1mScanning dependencies of target topic_tools_generate_messages_lisp[0m
[7.407s] [ 42%] Built target topic_tools_generate_messages_lisp
[7.419s] [35m[1mScanning dependencies of target jsk_recognition_msgs_generate_messages_cpp[0m
[7.431s] [ 42%] Built target jsk_recognition_msgs_generate_messages_cpp
[7.443s] [35m[1mScanning dependencies of target autoware_msgs_generate_messages_eus[0m
[7.455s] [ 42%] Built target autoware_msgs_generate_messages_eus
[7.466s] [35m[1mScanning dependencies of target autoware_msgs_generate_messages_lisp[0m
[7.477s] [ 42%] Built target autoware_msgs_generate_messages_lisp
[7.490s] [35m[1mScanning dependencies of target autoware_msgs_generate_messages_py[0m
[7.502s] [ 42%] Built target autoware_msgs_generate_messages_py
[7.512s] [35m[1mScanning dependencies of target nodelet_generate_messages_lisp[0m
[7.523s] [ 42%] Built target nodelet_generate_messages_lisp
[7.535s] [35m[1mScanning dependencies of target actionlib_generate_messages_nodejs[0m
[7.546s] [ 42%] Built target actionlib_generate_messages_nodejs
[7.557s] [35m[1mScanning dependencies of target tf_generate_messages_cpp[0m
[7.568s] [ 42%] Built target tf_generate_messages_cpp
[7.580s] [35m[1mScanning dependencies of target pcl_msgs_generate_messages_lisp[0m
[7.590s] [ 42%] Built target pcl_msgs_generate_messages_lisp
[7.603s] [35m[1mScanning dependencies of target visualization_msgs_generate_messages_lisp[0m
[7.615s] [ 42%] Built target visualization_msgs_generate_messages_lisp
[7.626s] [35m[1mScanning dependencies of target std_msgs_generate_messages_eus[0m
[7.638s] [ 42%] Built target std_msgs_generate_messages_eus
[7.650s] [35m[1mScanning dependencies of target rviz_generate_messages_lisp[0m
[7.661s] [ 42%] Built target rviz_generate_messages_lisp
[7.672s] [35m[1mScanning dependencies of target jsk_rviz_plugins_gencfg[0m
[7.684s] [ 42%] Built target jsk_rviz_plugins_gencfg
[7.695s] [35m[1mScanning dependencies of target autoware_msgs_generate_messages_nodejs[0m
[7.706s] [ 42%] Built target autoware_msgs_generate_messages_nodejs
[7.718s] [35m[1mScanning dependencies of target jsk_footstep_msgs_generate_messages_eus[0m
[7.729s] [ 42%] Built target jsk_footstep_msgs_generate_messages_eus
[7.740s] [35m[1mScanning dependencies of target actionlib_msgs_generate_messages_py[0m
[7.752s] [ 42%] Built target actionlib_msgs_generate_messages_py
[7.763s] [35m[1mScanning dependencies of target std_msgs_generate_messages_nodejs[0m
[7.774s] [ 42%] Built target std_msgs_generate_messages_nodejs
[7.785s] [35m[1mScanning dependencies of target jsk_hark_msgs_generate_messages_lisp[0m
[7.796s] [ 42%] Built target jsk_hark_msgs_generate_messages_lisp
[7.807s] [35m[1mScanning dependencies of target jsk_footstep_msgs_generate_messages_lisp[0m
[7.818s] [ 42%] Built target jsk_footstep_msgs_generate_messages_lisp
[7.829s] [35m[1mScanning dependencies of target jsk_footstep_msgs_generate_messages_nodejs[0m
[7.841s] [ 42%] Built target jsk_footstep_msgs_generate_messages_nodejs
[7.852s] [35m[1mScanning dependencies of target tf_generate_messages_eus[0m
[7.863s] [ 42%] Built target tf_generate_messages_eus
[7.874s] [35m[1mScanning dependencies of target jsk_footstep_msgs_generate_messages_cpp[0m
[7.885s] [ 42%] Built target jsk_footstep_msgs_generate_messages_cpp
[7.896s] [35m[1mScanning dependencies of target actionlib_msgs_generate_messages_cpp[0m
[7.907s] [ 42%] Built target actionlib_msgs_generate_messages_cpp
[7.921s] [35m[1mScanning dependencies of target actionlib_msgs_generate_messages_lisp[0m
[7.933s] [ 42%] Built target actionlib_msgs_generate_messages_lisp
[7.944s] [35m[1mScanning dependencies of target std_msgs_generate_messages_lisp[0m
[7.955s] [ 42%] Built target std_msgs_generate_messages_lisp
[7.966s] [35m[1mScanning dependencies of target roscpp_generate_messages_nodejs[0m
[7.985s] [ 42%] Built target roscpp_generate_messages_nodejs
[7.999s] [35m[1mScanning dependencies of target jsk_rviz_plugins_generate_messages_cpp[0m
[8.013s] [ 42%] Built target jsk_rviz_plugins_generate_messages_cpp
[8.025s] [35m[1mScanning dependencies of target rviz_generate_messages_nodejs[0m
[8.037s] [ 42%] Built target rviz_generate_messages_nodejs
[8.048s] [35m[1mScanning dependencies of target jsk_hark_msgs_generate_messages_nodejs[0m
[8.061s] [ 42%] Built target jsk_hark_msgs_generate_messages_nodejs
[8.072s] [35m[1mScanning dependencies of target jsk_rviz_plugins_generate_messages_nodejs[0m
[8.083s] [ 42%] Built target jsk_rviz_plugins_generate_messages_nodejs
[8.094s] [35m[1mScanning dependencies of target jsk_hark_msgs_generate_messages_cpp[0m
[8.106s] [ 42%] Built target jsk_hark_msgs_generate_messages_cpp
[8.117s] [35m[1mScanning dependencies of target jsk_rviz_plugins_generate_messages_lisp[0m
[8.128s] [ 42%] Built target jsk_rviz_plugins_generate_messages_lisp
[8.140s] [35m[1mScanning dependencies of target jsk_recognition_utils_gencfg[0m
[8.152s] [ 42%] Built target jsk_recognition_utils_gencfg
[8.164s] [35m[1mScanning dependencies of target roscpp_generate_messages_eus[0m
[8.176s] [ 42%] Built target roscpp_generate_messages_eus
[8.188s] [35m[1mScanning dependencies of target actionlib_msgs_generate_messages_eus[0m
[8.200s] [ 42%] Built target actionlib_msgs_generate_messages_eus
[8.211s] [35m[1mScanning dependencies of target rosgraph_msgs_generate_messages_py[0m
[8.222s] [ 42%] Built target rosgraph_msgs_generate_messages_py
[8.235s] [35m[1mScanning dependencies of target map_msgs_generate_messages_py[0m
[8.250s] [ 42%] Built target map_msgs_generate_messages_py
[8.268s] [35m[1mScanning dependencies of target pcl_ros_gencfg[0m
[8.279s] [ 42%] Built target pcl_ros_gencfg
[8.290s] [35m[1mScanning dependencies of target dynamic_reconfigure_generate_messages_eus[0m
[8.301s] [ 42%] Built target dynamic_reconfigure_generate_messages_eus
[8.312s] [35m[1mScanning dependencies of target dynamic_reconfigure_generate_messages_nodejs[0m
[8.333s] [ 42%] Built target dynamic_reconfigure_generate_messages_nodejs
[8.344s] [35m[1mScanning dependencies of target dynamic_reconfigure_generate_messages_py[0m
[8.357s] [ 42%] Built target dynamic_reconfigure_generate_messages_py
[8.369s] [35m[1mScanning dependencies of target nav_msgs_generate_messages_py[0m
[8.388s] [ 42%] Built target nav_msgs_generate_messages_py
[8.399s] [35m[1mScanning dependencies of target tf2_msgs_generate_messages_lisp[0m
[8.412s] [ 42%] Built target tf2_msgs_generate_messages_lisp
[8.427s] [35m[1mScanning dependencies of target dynamic_reconfigure_gencfg[0m
[8.436s] [ 42%] Built target dynamic_reconfigure_gencfg
[8.448s] [35m[1mScanning dependencies of target std_srvs_generate_messages_eus[0m
[8.460s] [ 42%] Built target std_srvs_generate_messages_eus
[8.472s] [35m[1mScanning dependencies of target jsk_recognition_msgs_generate_messages_nodejs[0m
[8.483s] [ 42%] Built target jsk_recognition_msgs_generate_messages_nodejs
[8.494s] [35m[1mScanning dependencies of target roscpp_generate_messages_lisp[0m
[8.506s] [ 42%] Built target roscpp_generate_messages_lisp
[8.517s] [35m[1mScanning dependencies of target roscpp_generate_messages_py[0m
[8.529s] [ 42%] Built target roscpp_generate_messages_py
[8.541s] [35m[1mScanning dependencies of target rosgraph_msgs_generate_messages_lisp[0m
[8.553s] [ 42%] Built target rosgraph_msgs_generate_messages_lisp
[8.564s] [35m[1mScanning dependencies of target rosgraph_msgs_generate_messages_nodejs[0m
[8.576s] [ 42%] Built target rosgraph_msgs_generate_messages_nodejs
[8.591s] [35m[1mScanning dependencies of target nodelet_generate_messages_cpp[0m
[8.605s] [ 42%] Built target nodelet_generate_messages_cpp
[8.617s] [35m[1mScanning dependencies of target map_msgs_generate_messages_eus[0m
[8.628s] [ 42%] Built target map_msgs_generate_messages_eus
[8.640s] [35m[1mScanning dependencies of target pos_downloader[0m
[8.682s] [ 57%] [32mBuilding CXX object CMakeFiles/pos_downloader.dir/nodes/pos_downloader/pos_downloader.cpp.o[0m
[12.623s] [ 71%] [32m[1mLinking CXX executable devel/lib/pos_db/pos_downloader[0m
[13.120s] [ 71%] Built target pos_downloader
[13.139s] [35m[1mScanning dependencies of target rviz_generate_messages_py[0m
[13.151s] [ 71%] Built target rviz_generate_messages_py
[13.165s] [35m[1mScanning dependencies of target map_msgs_generate_messages_lisp[0m
[13.183s] [ 71%] Built target map_msgs_generate_messages_lisp
[13.194s] [35m[1mScanning dependencies of target nav_msgs_generate_messages_nodejs[0m
[13.210s] [ 71%] Built target nav_msgs_generate_messages_nodejs
[13.221s] [35m[1mScanning dependencies of target nodelet_generate_messages_eus[0m
[13.232s] [ 71%] Built target nodelet_generate_messages_eus
[13.245s] [35m[1mScanning dependencies of target pos_uploader[0m
[13.275s] [ 85%] [32mBuilding CXX object CMakeFiles/pos_uploader.dir/nodes/pos_uploader/pos_uploader.cpp.o[0m
[16.214s] [100%] [32m[1mLinking CXX executable devel/lib/pos_db/pos_uploader[0m
[16.708s] [100%] Built target pos_uploader
[16.722s] Invoked command in '/home/yeap/APC_2022_Prac/airsimversion/autoware.ai/build/pos_db' returned '0': CMAKE_PREFIX_PATH=/home/yeap/APC_2022_Prac/airsimversion/autoware.ai/install/gnss:/home/yeap/APC_2022_Prac/airsimversion/autoware.ai/install/autoware_msgs:/home/yeap/APC_2022_Prac/airsimversion/autoware.ai/install/autoware_build_flags:${CMAKE_PREFIX_PATH} LD_LIBRARY_PATH=/home/yeap/APC_2022_Prac/airsimversion/autoware.ai/install/gnss/lib:${LD_LIBRARY_PATH} PKG_CONFIG_PATH=/home/yeap/APC_2022_Prac/airsimversion/autoware.ai/install/gnss/lib/x86_64-linux-gnu/pkgconfig:/home/yeap/APC_2022_Prac/airsimversion/autoware.ai/install/gnss/lib/pkgconfig:/home/yeap/APC_2022_Prac/airsimversion/autoware.ai/install/autoware_msgs/lib/x86_64-linux-gnu/pkgconfig:/home/yeap/APC_2022_Prac/airsimversion/autoware.ai/install/autoware_msgs/lib/pkgconfig:/home/yeap/APC_2022_Prac/airsimversion/autoware.ai/install/autoware_build_flags/lib/x86_64-linux-gnu/pkgconfig:/home/yeap/APC_2022_Prac/airsimversion/autoware.ai/install/autoware_build_flags/lib/pkgconfig:${PKG_CONFIG_PATH} PYTHONPATH=/home/yeap/APC_2022_Prac/airsimversion/autoware.ai/install/autoware_msgs/lib/python2.7/dist-packages:${PYTHONPATH} ROS_PACKAGE_PATH=/home/yeap/APC_2022_Prac/airsimversion/autoware.ai/install/gnss/share:/home/yeap/APC_2022_Prac/airsimversion/autoware.ai/install/autoware_msgs/share:/home/yeap/APC_2022_Prac/airsimversion/autoware.ai/install/autoware_build_flags/share:${ROS_PACKAGE_PATH} /usr/bin/cmake --build /home/yeap/APC_2022_Prac/airsimversion/autoware.ai/build/pos_db -- -j6 -l6
[16.881s] Invoking command in '/home/yeap/APC_2022_Prac/airsimversion/autoware.ai/build/pos_db': CMAKE_PREFIX_PATH=/home/yeap/APC_2022_Prac/airsimversion/autoware.ai/install/gnss:/home/yeap/APC_2022_Prac/airsimversion/autoware.ai/install/autoware_msgs:/home/yeap/APC_2022_Prac/airsimversion/autoware.ai/install/autoware_build_flags:${CMAKE_PREFIX_PATH} LD_LIBRARY_PATH=/home/yeap/APC_2022_Prac/airsimversion/autoware.ai/install/gnss/lib:${LD_LIBRARY_PATH} PKG_CONFIG_PATH=/home/yeap/APC_2022_Prac/airsimversion/autoware.ai/install/gnss/lib/x86_64-linux-gnu/pkgconfig:/home/yeap/APC_2022_Prac/airsimversion/autoware.ai/install/gnss/lib/pkgconfig:/home/yeap/APC_2022_Prac/airsimversion/autoware.ai/install/autoware_msgs/lib/x86_64-linux-gnu/pkgconfig:/home/yeap/APC_2022_Prac/airsimversion/autoware.ai/install/autoware_msgs/lib/pkgconfig:/home/yeap/APC_2022_Prac/airsimversion/autoware.ai/install/autoware_build_flags/lib/x86_64-linux-gnu/pkgconfig:/home/yeap/APC_2022_Prac/airsimversion/autoware.ai/install/autoware_build_flags/lib/pkgconfig:${PKG_CONFIG_PATH} PYTHONPATH=/home/yeap/APC_2022_Prac/airsimversion/autoware.ai/install/autoware_msgs/lib/python2.7/dist-packages:${PYTHONPATH} ROS_PACKAGE_PATH=/home/yeap/APC_2022_Prac/airsimversion/autoware.ai/install/gnss/share:/home/yeap/APC_2022_Prac/airsimversion/autoware.ai/install/autoware_msgs/share:/home/yeap/APC_2022_Prac/airsimversion/autoware.ai/install/autoware_build_flags/share:${ROS_PACKAGE_PATH} /usr/bin/cmake --build /home/yeap/APC_2022_Prac/airsimversion/autoware.ai/build/pos_db --target tests -- -j6 -l6
[16.956s] [35m[1mScanning dependencies of target tests[0m
[16.968s] Built target tests
[16.983s] Invoked command in '/home/yeap/APC_2022_Prac/airsimversion/autoware.ai/build/pos_db' returned '0': CMAKE_PREFIX_PATH=/home/yeap/APC_2022_Prac/airsimversion/autoware.ai/install/gnss:/home/yeap/APC_2022_Prac/airsimversion/autoware.ai/install/autoware_msgs:/home/yeap/APC_2022_Prac/airsimversion/autoware.ai/install/autoware_build_flags:${CMAKE_PREFIX_PATH} LD_LIBRARY_PATH=/home/yeap/APC_2022_Prac/airsimversion/autoware.ai/install/gnss/lib:${LD_LIBRARY_PATH} PKG_CONFIG_PATH=/home/yeap/APC_2022_Prac/airsimversion/autoware.ai/install/gnss/lib/x86_64-linux-gnu/pkgconfig:/home/yeap/APC_2022_Prac/airsimversion/autoware.ai/install/gnss/lib/pkgconfig:/home/yeap/APC_2022_Prac/airsimversion/autoware.ai/install/autoware_msgs/lib/x86_64-linux-gnu/pkgconfig:/home/yeap/APC_2022_Prac/airsimversion/autoware.ai/install/autoware_msgs/lib/pkgconfig:/home/yeap/APC_2022_Prac/airsimversion/autoware.ai/install/autoware_build_flags/lib/x86_64-linux-gnu/pkgconfig:/home/yeap/APC_2022_Prac/airsimversion/autoware.ai/install/autoware_build_flags/lib/pkgconfig:${PKG_CONFIG_PATH} PYTHONPATH=/home/yeap/APC_2022_Prac/airsimversion/autoware.ai/install/autoware_msgs/lib/python2.7/dist-packages:${PYTHONPATH} ROS_PACKAGE_PATH=/home/yeap/APC_2022_Prac/airsimversion/autoware.ai/install/gnss/share:/home/yeap/APC_2022_Prac/airsimversion/autoware.ai/install/autoware_msgs/share:/home/yeap/APC_2022_Prac/airsimversion/autoware.ai/install/autoware_build_flags/share:${ROS_PACKAGE_PATH} /usr/bin/cmake --build /home/yeap/APC_2022_Prac/airsimversion/autoware.ai/build/pos_db --target tests -- -j6 -l6
[17.136s] Invoking command in '/home/yeap/APC_2022_Prac/airsimversion/autoware.ai/build/pos_db': CMAKE_PREFIX_PATH=/home/yeap/APC_2022_Prac/airsimversion/autoware.ai/install/gnss:/home/yeap/APC_2022_Prac/airsimversion/autoware.ai/install/autoware_msgs:/home/yeap/APC_2022_Prac/airsimversion/autoware.ai/install/autoware_build_flags:${CMAKE_PREFIX_PATH} LD_LIBRARY_PATH=/home/yeap/APC_2022_Prac/airsimversion/autoware.ai/install/gnss/lib:${LD_LIBRARY_PATH} PKG_CONFIG_PATH=/home/yeap/APC_2022_Prac/airsimversion/autoware.ai/install/gnss/lib/x86_64-linux-gnu/pkgconfig:/home/yeap/APC_2022_Prac/airsimversion/autoware.ai/install/gnss/lib/pkgconfig:/home/yeap/APC_2022_Prac/airsimversion/autoware.ai/install/autoware_msgs/lib/x86_64-linux-gnu/pkgconfig:/home/yeap/APC_2022_Prac/airsimversion/autoware.ai/install/autoware_msgs/lib/pkgconfig:/home/yeap/APC_2022_Prac/airsimversion/autoware.ai/install/autoware_build_flags/lib/x86_64-linux-gnu/pkgconfig:/home/yeap/APC_2022_Prac/airsimversion/autoware.ai/install/autoware_build_flags/lib/pkgconfig:${PKG_CONFIG_PATH} PYTHONPATH=/home/yeap/APC_2022_Prac/airsimversion/autoware.ai/install/autoware_msgs/lib/python2.7/dist-packages:${PYTHONPATH} ROS_PACKAGE_PATH=/home/yeap/APC_2022_Prac/airsimversion/autoware.ai/install/gnss/share:/home/yeap/APC_2022_Prac/airsimversion/autoware.ai/install/autoware_msgs/share:/home/yeap/APC_2022_Prac/airsimversion/autoware.ai/install/autoware_build_flags/share:${ROS_PACKAGE_PATH} /usr/bin/cmake --build /home/yeap/APC_2022_Prac/airsimversion/autoware.ai/build/pos_db --target install -- -j6 -l6
[17.211s] [ 42%] Built target pos_db
[17.233s] [ 42%] Built target rviz_generate_messages_cpp
[17.257s] [ 42%] Built target people_msgs_generate_messages_py
[17.282s] [ 42%] Built target people_msgs_generate_messages_lisp
[17.307s] [ 42%] Built target rviz_generate_messages_eus
[17.330s] [ 42%] Built target people_msgs_generate_messages_eus
[17.353s] [ 42%] Built target people_msgs_generate_messages_cpp
[17.378s] [ 42%] Built target visualization_msgs_generate_messages_py
[17.402s] [ 42%] Built target visualization_msgs_generate_messages_nodejs
[17.424s] [ 42%] Built target visualization_msgs_generate_messages_eus
[17.448s] [ 42%] Built target tf2_msgs_generate_messages_nodejs
[17.472s] [ 42%] Built target nav_msgs_generate_messages_eus
[17.497s] [ 42%] Built target visualization_msgs_generate_messages_cpp
[17.520s] [ 42%] Built target tf2_msgs_generate_messages_eus
[17.543s] [ 42%] Built target tf2_msgs_generate_messages_cpp
[17.567s] [ 42%] Built target map_msgs_generate_messages_cpp
[17.591s] [ 42%] Built target tf2_msgs_generate_messages_py
[17.613s] [ 42%] Built target actionlib_generate_messages_py
[17.636s] [ 42%] Built target actionlib_generate_messages_cpp
[17.660s] [ 42%] Built target tf_generate_messages_nodejs
[17.684s] [ 42%] Built target tf_generate_messages_lisp
[17.708s] [ 42%] Built target topic_tools_generate_messages_nodejs
[17.731s] [ 42%] Built target topic_tools_generate_messages_eus
[17.756s] [ 42%] Built target topic_tools_generate_messages_cpp
[17.780s] [ 42%] Built target std_srvs_generate_messages_py
[17.804s] [ 42%] Built target std_srvs_generate_messages_nodejs
[17.828s] [ 42%] Built target bond_generate_messages_py
[17.854s] [ 42%] Built target bond_generate_messages_nodejs
[17.882s] [ 42%] Built target bond_generate_messages_lisp
[17.906s] [ 42%] Built target bond_generate_messages_eus
[17.931s] [ 42%] Built target bond_generate_messages_cpp
[17.955s] [ 42%] Built target nodelet_generate_messages_nodejs
[17.981s] [ 42%] Built target geometry_msgs_generate_messages_py
[18.005s] [ 42%] Built target sensor_msgs_generate_messages_nodejs
[18.029s] [ 42%] Built target roscpp_generate_messages_cpp
[18.055s] [ 42%] Built target pcl_msgs_generate_messages_eus
[18.081s] [ 42%] Built target rosgraph_msgs_generate_messages_eus
[18.106s] [ 42%] Built target jsk_recognition_msgs_generate_messages_lisp
[18.130s] [ 42%] Built target jsk_recognition_msgs_generate_messages_eus
[18.155s] [ 42%] Built target std_msgs_generate_messages_py
[18.182s] [ 42%] Built target sensor_msgs_generate_messages_eus
[18.208s] [ 42%] Built target std_srvs_generate_messages_lisp
[18.233s] [ 42%] Built target _catkin_empty_exported_target
[18.259s] [ 42%] Built target sensor_msgs_generate_messages_cpp
[18.284s] [ 42%] Built target autoware_msgs_generate_messages_cpp
[18.308s] [ 42%] Built target tf_generate_messages_py
[18.332s] [ 42%] Built target dynamic_reconfigure_generate_messages_cpp
[18.357s] [ 42%] Built target rosgraph_msgs_generate_messages_cpp
[18.383s] [ 42%] Built target nav_msgs_generate_messages_lisp
[18.406s] [ 42%] Built target pcl_msgs_generate_messages_nodejs
[18.430s] [ 42%] Built target jsk_hark_msgs_generate_messages_py
[18.454s] [ 42%] Built target jsk_recognition_msgs_generate_messages_py
[18.477s] [ 42%] Built target std_srvs_generate_messages_cpp
[18.501s] [ 42%] Built target nav_msgs_generate_messages_cpp
[18.523s] [ 42%] Built target sensor_msgs_generate_messages_lisp
[18.545s] [ 42%] Built target nodelet_generate_messages_py
[18.569s] [ 42%] Built target sensor_msgs_generate_messages_py
[18.594s] [ 42%] Built target jsk_rviz_plugins_generate_messages_py
[18.616s] [ 42%] Built target jsk_hark_msgs_generate_messages_eus
[18.638s] [ 42%] Built target std_msgs_generate_messages_cpp
[18.674s] [ 42%] Built target jsk_footstep_msgs_generate_messages_py
[18.700s] [ 42%] Built target map_msgs_generate_messages_nodejs
[18.723s] [ 42%] Built target topic_tools_generate_messages_py
[18.745s] [ 42%] Built target nodelet_topic_tools_gencfg
[18.769s] [ 42%] Built target actionlib_msgs_generate_messages_nodejs
[18.793s] [ 42%] Built target geometry_msgs_generate_messages_eus
[18.820s] [ 42%] Built target geometry_msgs_generate_messages_nodejs
[18.845s] [ 42%] Built target actionlib_generate_messages_eus
[18.871s] [ 42%] Built target jsk_rviz_plugins_generate_messages_eus
[18.894s] [ 42%] Built target pcl_msgs_generate_messages_py
[18.917s] [ 42%] Built target geometry_msgs_generate_messages_lisp
[18.940s] [ 42%] Built target actionlib_generate_messages_lisp
[18.962s] [ 42%] Built target geometry_msgs_generate_messages_cpp
[18.987s] [ 42%] Built target pcl_msgs_generate_messages_cpp
[19.008s] [ 42%] Built target people_msgs_generate_messages_nodejs
[19.030s] [ 42%] Built target dynamic_reconfigure_generate_messages_lisp
[19.061s] [ 42%] Built target topic_tools_generate_messages_lisp
[19.083s] [ 42%] Built target jsk_recognition_msgs_generate_messages_cpp
[19.104s] [ 42%] Built target autoware_msgs_generate_messages_eus
[19.140s] [ 42%] Built target autoware_msgs_generate_messages_lisp
[19.163s] [ 42%] Built target autoware_msgs_generate_messages_py
[19.185s] [ 42%] Built target nodelet_generate_messages_lisp
[19.217s] [ 42%] Built target actionlib_generate_messages_nodejs
[19.253s] [ 42%] Built target tf_generate_messages_cpp
[19.276s] [ 42%] Built target pcl_msgs_generate_messages_lisp
[19.300s] [ 42%] Built target visualization_msgs_generate_messages_lisp
[19.322s] [ 42%] Built target std_msgs_generate_messages_eus
[19.362s] [ 42%] Built target rviz_generate_messages_lisp
[19.385s] [ 42%] Built target jsk_rviz_plugins_gencfg
[19.407s] [ 42%] Built target autoware_msgs_generate_messages_nodejs
[19.441s] [ 42%] Built target jsk_footstep_msgs_generate_messages_eus
[19.463s] [ 42%] Built target actionlib_msgs_generate_messages_py
[19.498s] [ 42%] Built target std_msgs_generate_messages_nodejs
[19.520s] [ 42%] Built target jsk_hark_msgs_generate_messages_lisp
[19.552s] [ 42%] Built target jsk_footstep_msgs_generate_messages_lisp
[19.582s] [ 42%] Built target jsk_footstep_msgs_generate_messages_nodejs
[19.608s] [ 42%] Built target tf_generate_messages_eus
[19.640s] [ 42%] Built target jsk_footstep_msgs_generate_messages_cpp
[19.661s] [ 42%] Built target actionlib_msgs_generate_messages_cpp
[19.684s] [ 42%] Built target actionlib_msgs_generate_messages_lisp
[19.705s] [ 42%] Built target std_msgs_generate_messages_lisp
[19.738s] [ 42%] Built target roscpp_generate_messages_nodejs
[19.760s] [ 42%] Built target jsk_rviz_plugins_generate_messages_cpp
[19.798s] [ 42%] Built target rviz_generate_messages_nodejs
[19.829s] [ 42%] Built target jsk_hark_msgs_generate_messages_nodejs
[19.861s] [ 42%] Built target jsk_rviz_plugins_generate_messages_nodejs
[19.885s] [ 42%] Built target jsk_hark_msgs_generate_messages_cpp
[19.911s] [ 42%] Built target jsk_rviz_plugins_generate_messages_lisp
[19.932s] [ 42%] Built target jsk_recognition_utils_gencfg
[19.955s] [ 42%] Built target roscpp_generate_messages_eus
[19.978s] [ 42%] Built target actionlib_msgs_generate_messages_eus
[20.007s] [ 42%] Built target rosgraph_msgs_generate_messages_py
[20.031s] [ 42%] Built target map_msgs_generate_messages_py
[20.053s] [ 42%] Built target pcl_ros_gencfg
[20.076s] [ 42%] Built target dynamic_reconfigure_generate_messages_eus
[20.100s] [ 42%] Built target dynamic_reconfigure_generate_messages_nodejs
[20.123s] [ 42%] Built target dynamic_reconfigure_generate_messages_py
[20.147s] [ 42%] Built target nav_msgs_generate_messages_py
[20.169s] [ 42%] Built target tf2_msgs_generate_messages_lisp
[20.191s] [ 42%] Built target dynamic_reconfigure_gencfg
[20.213s] [ 42%] Built target std_srvs_generate_messages_eus
[20.235s] [ 42%] Built target jsk_recognition_msgs_generate_messages_nodejs
[20.260s] [ 42%] Built target roscpp_generate_messages_lisp
[20.288s] [ 42%] Built target roscpp_generate_messages_py
[20.315s] [ 42%] Built target rosgraph_msgs_generate_messages_lisp
[20.337s] [ 42%] Built target rosgraph_msgs_generate_messages_nodejs
[20.363s] [ 42%] Built target nodelet_generate_messages_cpp
[20.386s] [ 42%] Built target map_msgs_generate_messages_eus
[20.421s] [ 71%] Built target pos_downloader
[20.451s] [ 71%] Built target rviz_generate_messages_py
[20.475s] [ 71%] Built target map_msgs_generate_messages_lisp
[20.505s] [ 71%] Built target nav_msgs_generate_messages_nodejs
[20.538s] [ 71%] Built target nodelet_generate_messages_eus
[20.571s] [100%] Built target pos_uploader
[20.597s] [36mInstall the project...[0m
[20.607s] -- Install configuration: "Release"
[20.608s] -- Installing: /home/yeap/APC_2022_Prac/airsimversion/autoware.ai/install/pos_db/lib/pkgconfig/pos_db.pc
[20.608s] -- Installing: /home/yeap/APC_2022_Prac/airsimversion/autoware.ai/install/pos_db/share/pos_db/cmake/pos_dbConfig.cmake
[20.608s] -- Installing: /home/yeap/APC_2022_Prac/airsimversion/autoware.ai/install/pos_db/share/pos_db/cmake/pos_dbConfig-version.cmake
[20.609s] -- Installing: /home/yeap/APC_2022_Prac/airsimversion/autoware.ai/install/pos_db/share/pos_db/package.xml
[20.609s] -- Installing: /home/yeap/APC_2022_Prac/airsimversion/autoware.ai/install/pos_db/lib/pos_db/pos_downloader
[20.610s] -- Set runtime path of "/home/yeap/APC_2022_Prac/airsimversion/autoware.ai/install/pos_db/lib/pos_db/pos_downloader" to ""
[20.610s] -- Installing: /home/yeap/APC_2022_Prac/airsimversion/autoware.ai/install/pos_db/lib/libpos_db.so
[20.611s] -- Installing: /home/yeap/APC_2022_Prac/airsimversion/autoware.ai/install/pos_db/lib/pos_db/pos_uploader
[20.611s] -- Set runtime path of "/home/yeap/APC_2022_Prac/airsimversion/autoware.ai/install/pos_db/lib/pos_db/pos_uploader" to ""
[20.611s] -- Installing: /home/yeap/APC_2022_Prac/airsimversion/autoware.ai/install/pos_db/include/pos_db/include
[20.611s] -- Installing: /home/yeap/APC_2022_Prac/airsimversion/autoware.ai/install/pos_db/include/pos_db/include/pos_db.h
[20.612s] -- Installing: /home/yeap/APC_2022_Prac/airsimversion/autoware.ai/install/pos_db/share/pos_db/model/prius_model.dae
[20.619s] Invoked command in '/home/yeap/APC_2022_Prac/airsimversion/autoware.ai/build/pos_db' returned '0': CMAKE_PREFIX_PATH=/home/yeap/APC_2022_Prac/airsimversion/autoware.ai/install/gnss:/home/yeap/APC_2022_Prac/airsimversion/autoware.ai/install/autoware_msgs:/home/yeap/APC_2022_Prac/airsimversion/autoware.ai/install/autoware_build_flags:${CMAKE_PREFIX_PATH} LD_LIBRARY_PATH=/home/yeap/APC_2022_Prac/airsimversion/autoware.ai/install/gnss/lib:${LD_LIBRARY_PATH} PKG_CONFIG_PATH=/home/yeap/APC_2022_Prac/airsimversion/autoware.ai/install/gnss/lib/x86_64-linux-gnu/pkgconfig:/home/yeap/APC_2022_Prac/airsimversion/autoware.ai/install/gnss/lib/pkgconfig:/home/yeap/APC_2022_Prac/airsimversion/autoware.ai/install/autoware_msgs/lib/x86_64-linux-gnu/pkgconfig:/home/yeap/APC_2022_Prac/airsimversion/autoware.ai/install/autoware_msgs/lib/pkgconfig:/home/yeap/APC_2022_Prac/airsimversion/autoware.ai/install/autoware_build_flags/lib/x86_64-linux-gnu/pkgconfig:/home/yeap/APC_2022_Prac/airsimversion/autoware.ai/install/autoware_build_flags/lib/pkgconfig:${PKG_CONFIG_PATH} PYTHONPATH=/home/yeap/APC_2022_Prac/airsimversion/autoware.ai/install/autoware_msgs/lib/python2.7/dist-packages:${PYTHONPATH} ROS_PACKAGE_PATH=/home/yeap/APC_2022_Prac/airsimversion/autoware.ai/install/gnss/share:/home/yeap/APC_2022_Prac/airsimversion/autoware.ai/install/autoware_msgs/share:/home/yeap/APC_2022_Prac/airsimversion/autoware.ai/install/autoware_build_flags/share:${ROS_PACKAGE_PATH} /usr/bin/cmake --build /home/yeap/APC_2022_Prac/airsimversion/autoware.ai/build/pos_db --target install -- -j6 -l6
