[0.018s] Invoking command in '/home/yeap/APC_2022_Prac/airsimversion/autoware.ai/build/range_vision_fusion': CMAKE_PREFIX_PATH=/home/yeap/APC_2022_Prac/airsimversion/autoware.ai/install/autoware_msgs:/home/yeap/APC_2022_Prac/airsimversion/autoware.ai/install/autoware_build_flags:${CMAKE_PREFIX_PATH} PKG_CONFIG_PATH=/home/yeap/APC_2022_Prac/airsimversion/autoware.ai/install/autoware_msgs/lib/x86_64-linux-gnu/pkgconfig:/home/yeap/APC_2022_Prac/airsimversion/autoware.ai/install/autoware_msgs/lib/pkgconfig:/home/yeap/APC_2022_Prac/airsimversion/autoware.ai/install/autoware_build_flags/lib/x86_64-linux-gnu/pkgconfig:/home/yeap/APC_2022_Prac/airsimversion/autoware.ai/install/autoware_build_flags/lib/pkgconfig:${PKG_CONFIG_PATH} PYTHONPATH=/home/yeap/APC_2022_Prac/airsimversion/autoware.ai/install/autoware_msgs/lib/python2.7/dist-packages:${PYTHONPATH} ROS_PACKAGE_PATH=/home/yeap/APC_2022_Prac/airsimversion/autoware.ai/install/autoware_msgs/share:/home/yeap/APC_2022_Prac/airsimversion/autoware.ai/install/autoware_build_flags/share:${ROS_PACKAGE_PATH} /usr/bin/cmake /home/yeap/APC_2022_Prac/airsimversion/autoware.ai/src/autoware/core_perception/range_vision_fusion -DCMAKE_BUILD_TYPE=Release -DCATKIN_INSTALL_INTO_PREFIX_ROOT=0 -DCMAKE_INSTALL_PREFIX=/home/yeap/APC_2022_Prac/airsimversion/autoware.ai/install/range_vision_fusion
[0.090s] -- The C compiler identification is GNU 7.5.0
[0.159s] -- The CXX compiler identification is GNU 7.5.0
[0.164s] -- Check for working C compiler: /usr/bin/cc
[0.241s] -- Check for working C compiler: /usr/bin/cc -- works
[0.245s] -- Detecting C compiler ABI info
[0.326s] -- Detecting C compiler ABI info - done
[0.340s] -- Detecting C compile features
[0.606s] -- Detecting C compile features - done
[0.610s] -- Check for working CXX compiler: /usr/bin/c++
[0.704s] -- Check for working CXX compiler: /usr/bin/c++ -- works
[0.704s] -- Detecting CXX compiler ABI info
[0.814s] -- Detecting CXX compiler ABI info - done
[0.823s] -- Detecting CXX compile features
[1.258s] -- Detecting CXX compile features - done
[1.261s] -- CUDA compilation status: .
[1.263s] -- Using CATKIN_DEVEL_PREFIX: /home/yeap/APC_2022_Prac/airsimversion/autoware.ai/build/range_vision_fusion/devel
[1.263s] -- Using CMAKE_PREFIX_PATH: /home/yeap/APC_2022_Prac/airsimversion/autoware.ai/install/autoware_msgs;/home/yeap/APC_2022_Prac/airsimversion/autoware.ai/install/autoware_build_flags;/opt/ros/melodic
[1.264s] -- This workspace overlays: /home/yeap/APC_2022_Prac/airsimversion/autoware.ai/install/autoware_msgs;/home/yeap/APC_2022_Prac/airsimversion/autoware.ai/install/autoware_build_flags;/opt/ros/melodic
[1.280s] -- Found PythonInterp: /usr/bin/python2 (found suitable version "2.7.17", minimum required is "2") 
[1.280s] -- Using PYTHON_EXECUTABLE: /usr/bin/python2
[1.281s] -- Using Debian Python package layout
[1.281s] -- Using empy: /usr/bin/empy
[1.473s] -- Using CATKIN_ENABLE_TESTING: ON
[1.473s] -- Call enable_testing()
[1.476s] -- Using CATKIN_TEST_RESULTS_DIR: /home/yeap/APC_2022_Prac/airsimversion/autoware.ai/build/range_vision_fusion/test_results
[1.500s] -- Found gtest sources under '/usr/src/googletest': gtests will be built
[1.500s] -- Found gmock sources under '/usr/src/googletest': gmock will be built
[1.516s] -- Found PythonInterp: /usr/bin/python2 (found version "2.7.17") 
[1.518s] -- Looking for pthread.h
[1.609s] -- Looking for pthread.h - found
[1.610s] -- Looking for pthread_create
[1.695s] -- Looking for pthread_create - not found
[1.696s] -- Looking for pthread_create in pthreads
[1.780s] -- Looking for pthread_create in pthreads - not found
[1.781s] -- Looking for pthread_create in pthread
[1.868s] -- Looking for pthread_create in pthread - found
[1.870s] -- Found Threads: TRUE  
[1.876s] -- Using Python nosetests: /usr/bin/nosetests-2.7
[1.931s] -- catkin 0.7.29
[1.931s] -- BUILD_SHARED_LIBS is on
[2.103s] -- Using these message generators: gencpp;geneus;genlisp;gennodejs;genpy
[3.438s] -- Found OpenCV: /usr (found version "3.2.0") 
[3.451s] -- Found OpenGL: /usr/lib/x86_64-linux-gnu/libOpenGL.so   
[3.459s] -- Found PkgConfig: /usr/bin/pkg-config (found version "0.29.1") 
[3.461s] -- Checking for module 'yaml-cpp'
[3.490s] --   Found yaml-cpp, version 0.5.2
[3.680s] -- Configuring done
[3.794s] -- Generating done
[3.809s] -- Build files have been written to: /home/yeap/APC_2022_Prac/airsimversion/autoware.ai/build/range_vision_fusion
[3.822s] Invoked command in '/home/yeap/APC_2022_Prac/airsimversion/autoware.ai/build/range_vision_fusion' returned '0': CMAKE_PREFIX_PATH=/home/yeap/APC_2022_Prac/airsimversion/autoware.ai/install/autoware_msgs:/home/yeap/APC_2022_Prac/airsimversion/autoware.ai/install/autoware_build_flags:${CMAKE_PREFIX_PATH} PKG_CONFIG_PATH=/home/yeap/APC_2022_Prac/airsimversion/autoware.ai/install/autoware_msgs/lib/x86_64-linux-gnu/pkgconfig:/home/yeap/APC_2022_Prac/airsimversion/autoware.ai/install/autoware_msgs/lib/pkgconfig:/home/yeap/APC_2022_Prac/airsimversion/autoware.ai/install/autoware_build_flags/lib/x86_64-linux-gnu/pkgconfig:/home/yeap/APC_2022_Prac/airsimversion/autoware.ai/install/autoware_build_flags/lib/pkgconfig:${PKG_CONFIG_PATH} PYTHONPATH=/home/yeap/APC_2022_Prac/airsimversion/autoware.ai/install/autoware_msgs/lib/python2.7/dist-packages:${PYTHONPATH} ROS_PACKAGE_PATH=/home/yeap/APC_2022_Prac/airsimversion/autoware.ai/install/autoware_msgs/share:/home/yeap/APC_2022_Prac/airsimversion/autoware.ai/install/autoware_build_flags/share:${ROS_PACKAGE_PATH} /usr/bin/cmake /home/yeap/APC_2022_Prac/airsimversion/autoware.ai/src/autoware/core_perception/range_vision_fusion -DCMAKE_BUILD_TYPE=Release -DCATKIN_INSTALL_INTO_PREFIX_ROOT=0 -DCMAKE_INSTALL_PREFIX=/home/yeap/APC_2022_Prac/airsimversion/autoware.ai/install/range_vision_fusion
[3.823s] Invoking command in '/home/yeap/APC_2022_Prac/airsimversion/autoware.ai/build/range_vision_fusion': CMAKE_PREFIX_PATH=/home/yeap/APC_2022_Prac/airsimversion/autoware.ai/install/autoware_msgs:/home/yeap/APC_2022_Prac/airsimversion/autoware.ai/install/autoware_build_flags:${CMAKE_PREFIX_PATH} PKG_CONFIG_PATH=/home/yeap/APC_2022_Prac/airsimversion/autoware.ai/install/autoware_msgs/lib/x86_64-linux-gnu/pkgconfig:/home/yeap/APC_2022_Prac/airsimversion/autoware.ai/install/autoware_msgs/lib/pkgconfig:/home/yeap/APC_2022_Prac/airsimversion/autoware.ai/install/autoware_build_flags/lib/x86_64-linux-gnu/pkgconfig:/home/yeap/APC_2022_Prac/airsimversion/autoware.ai/install/autoware_build_flags/lib/pkgconfig:${PKG_CONFIG_PATH} PYTHONPATH=/home/yeap/APC_2022_Prac/airsimversion/autoware.ai/install/autoware_msgs/lib/python2.7/dist-packages:${PYTHONPATH} ROS_PACKAGE_PATH=/home/yeap/APC_2022_Prac/airsimversion/autoware.ai/install/autoware_msgs/share:/home/yeap/APC_2022_Prac/airsimversion/autoware.ai/install/autoware_build_flags/share:${ROS_PACKAGE_PATH} /usr/bin/cmake --build /home/yeap/APC_2022_Prac/airsimversion/autoware.ai/build/range_vision_fusion -- -j6 -l6
[3.886s] [35m[1mScanning dependencies of target pcl_msgs_generate_messages_cpp[0m
[3.898s] [  0%] Built target pcl_msgs_generate_messages_cpp
[3.909s] [35m[1mScanning dependencies of target autoware_msgs_generate_messages_lisp[0m
[3.921s] [  0%] Built target autoware_msgs_generate_messages_lisp
[3.932s] [35m[1mScanning dependencies of target autoware_msgs_generate_messages_py[0m
[3.944s] [  0%] Built target autoware_msgs_generate_messages_py
[3.956s] [35m[1mScanning dependencies of target nodelet_generate_messages_lisp[0m
[3.967s] [  0%] Built target nodelet_generate_messages_lisp
[3.983s] [35m[1mScanning dependencies of target actionlib_generate_messages_nodejs[0m
[3.994s] [  0%] Built target actionlib_generate_messages_nodejs
[4.005s] [35m[1mScanning dependencies of target tf_generate_messages_cpp[0m
[4.025s] [  0%] Built target tf_generate_messages_cpp
[4.037s] [35m[1mScanning dependencies of target pcl_msgs_generate_messages_lisp[0m
[4.049s] [  0%] Built target pcl_msgs_generate_messages_lisp
[4.061s] [35m[1mScanning dependencies of target visualization_msgs_generate_messages_lisp[0m
[4.073s] [  0%] Built target visualization_msgs_generate_messages_lisp
[4.084s] [35m[1mScanning dependencies of target std_msgs_generate_messages_eus[0m
[4.095s] [  0%] Built target std_msgs_generate_messages_eus
[4.107s] [35m[1mScanning dependencies of target autoware_msgs_generate_messages_nodejs[0m
[4.118s] [  0%] Built target autoware_msgs_generate_messages_nodejs
[4.130s] [35m[1mScanning dependencies of target jsk_footstep_msgs_generate_messages_eus[0m
[4.142s] [  0%] Built target jsk_footstep_msgs_generate_messages_eus
[4.154s] [35m[1mScanning dependencies of target jsk_topic_tools_generate_messages_eus[0m
[4.165s] [  0%] Built target jsk_topic_tools_generate_messages_eus
[4.176s] [35m[1mScanning dependencies of target actionlib_msgs_generate_messages_py[0m
[4.187s] [  0%] Built target actionlib_msgs_generate_messages_py
[4.208s] [35m[1mScanning dependencies of target jsk_footstep_msgs_generate_messages_lisp[0m
[4.225s] [  0%] Built target jsk_footstep_msgs_generate_messages_lisp
[4.238s] [35m[1mScanning dependencies of target jsk_footstep_msgs_generate_messages_nodejs[0m
[4.250s] [  0%] Built target jsk_footstep_msgs_generate_messages_nodejs
[4.261s] [35m[1mScanning dependencies of target tf_generate_messages_eus[0m
[4.272s] [  0%] Built target tf_generate_messages_eus
[4.284s] [35m[1mScanning dependencies of target jsk_footstep_msgs_generate_messages_cpp[0m
[4.295s] [  0%] Built target jsk_footstep_msgs_generate_messages_cpp
[4.306s] [35m[1mScanning dependencies of target actionlib_msgs_generate_messages_cpp[0m
[4.318s] [  0%] Built target actionlib_msgs_generate_messages_cpp
[4.331s] [35m[1mScanning dependencies of target std_srvs_generate_messages_cpp[0m
[4.342s] [  0%] Built target std_srvs_generate_messages_cpp
[4.354s] [35m[1mScanning dependencies of target actionlib_msgs_generate_messages_lisp[0m
[4.365s] [  0%] Built target actionlib_msgs_generate_messages_lisp
[4.378s] [35m[1mScanning dependencies of target jsk_recognition_msgs_generate_messages_nodejs[0m
[4.389s] [  0%] Built target jsk_recognition_msgs_generate_messages_nodejs
[4.399s] [35m[1mScanning dependencies of target std_srvs_generate_messages_eus[0m
[4.410s] [  0%] Built target std_srvs_generate_messages_eus
[4.422s] [35m[1mScanning dependencies of target roscpp_generate_messages_lisp[0m
[4.435s] [  0%] Built target roscpp_generate_messages_lisp
[4.446s] [35m[1mScanning dependencies of target bond_generate_messages_eus[0m
[4.458s] [  0%] Built target bond_generate_messages_eus
[4.471s] [35m[1mScanning dependencies of target roscpp_generate_messages_py[0m
[4.482s] [  0%] Built target roscpp_generate_messages_py
[4.493s] [35m[1mScanning dependencies of target jsk_topic_tools_generate_messages_nodejs[0m
[4.504s] [  0%] Built target jsk_topic_tools_generate_messages_nodejs
[4.516s] [35m[1mScanning dependencies of target rosgraph_msgs_generate_messages_lisp[0m
[4.528s] [  0%] Built target rosgraph_msgs_generate_messages_lisp
[4.540s] [35m[1mScanning dependencies of target rosgraph_msgs_generate_messages_nodejs[0m
[4.552s] [  0%] Built target rosgraph_msgs_generate_messages_nodejs
[4.564s] [35m[1mScanning dependencies of target roscpp_generate_messages_eus[0m
[4.575s] [  0%] Built target roscpp_generate_messages_eus
[4.586s] [35m[1mScanning dependencies of target actionlib_msgs_generate_messages_eus[0m
[4.597s] [  0%] Built target actionlib_msgs_generate_messages_eus
[4.609s] [35m[1mScanning dependencies of target rosgraph_msgs_generate_messages_py[0m
[4.637s] [  0%] Built target rosgraph_msgs_generate_messages_py
[4.648s] [35m[1mScanning dependencies of target jsk_recognition_utils_gencfg[0m
[4.659s] [  0%] Built target jsk_recognition_utils_gencfg
[4.671s] [35m[1mScanning dependencies of target pcl_ros_gencfg[0m
[4.682s] [  0%] Built target pcl_ros_gencfg
[4.694s] [35m[1mScanning dependencies of target dynamic_reconfigure_generate_messages_eus[0m
[4.705s] [  0%] Built target dynamic_reconfigure_generate_messages_eus
[4.717s] [35m[1mScanning dependencies of target dynamic_reconfigure_generate_messages_nodejs[0m
[4.730s] [  0%] Built target dynamic_reconfigure_generate_messages_nodejs
[4.742s] [35m[1mScanning dependencies of target dynamic_reconfigure_generate_messages_py[0m
[4.755s] [  0%] Built target dynamic_reconfigure_generate_messages_py
[4.766s] [35m[1mScanning dependencies of target tf2_msgs_generate_messages_lisp[0m
[4.778s] [  0%] Built target tf2_msgs_generate_messages_lisp
[4.789s] [35m[1mScanning dependencies of target dynamic_reconfigure_gencfg[0m
[4.800s] [  0%] Built target dynamic_reconfigure_gencfg
[4.811s] [35m[1mScanning dependencies of target nodelet_generate_messages_cpp[0m
[4.824s] [  0%] Built target nodelet_generate_messages_cpp
[4.835s] [35m[1mScanning dependencies of target bond_generate_messages_py[0m
[4.847s] [  0%] Built target bond_generate_messages_py
[4.858s] [35m[1mScanning dependencies of target nodelet_generate_messages_eus[0m
[4.869s] [  0%] Built target nodelet_generate_messages_eus
[4.881s] [35m[1mScanning dependencies of target bond_generate_messages_cpp[0m
[4.893s] [  0%] Built target bond_generate_messages_cpp
[4.904s] [35m[1mScanning dependencies of target bond_generate_messages_nodejs[0m
[4.916s] [  0%] Built target bond_generate_messages_nodejs
[4.928s] [35m[1mScanning dependencies of target topic_tools_generate_messages_py[0m
[4.940s] [  0%] Built target topic_tools_generate_messages_py
[4.952s] [35m[1mScanning dependencies of target actionlib_msgs_generate_messages_nodejs[0m
[4.964s] [  0%] Built target actionlib_msgs_generate_messages_nodejs
[4.976s] [35m[1mScanning dependencies of target nodelet_topic_tools_gencfg[0m
[4.987s] [  0%] Built target nodelet_topic_tools_gencfg
[4.999s] [35m[1mScanning dependencies of target _catkin_empty_exported_target[0m
[5.011s] [  0%] Built target _catkin_empty_exported_target
[5.030s] [35m[1mScanning dependencies of target std_srvs_generate_messages_lisp[0m
[5.042s] [  0%] Built target std_srvs_generate_messages_lisp
[5.055s] [35m[1mScanning dependencies of target jsk_topic_tools_generate_messages_py[0m
[5.067s] [  0%] Built target jsk_topic_tools_generate_messages_py
[5.078s] [35m[1mScanning dependencies of target jsk_topic_tools_generate_messages_lisp[0m
[5.090s] [  0%] Built target jsk_topic_tools_generate_messages_lisp
[5.102s] [35m[1mScanning dependencies of target jsk_topic_tools_generate_messages_cpp[0m
[5.113s] [  0%] Built target jsk_topic_tools_generate_messages_cpp
[5.124s] [35m[1mScanning dependencies of target jsk_topic_tools_gencfg[0m
[5.137s] [  0%] Built target jsk_topic_tools_gencfg
[5.150s] [35m[1mScanning dependencies of target visualization_msgs_generate_messages_py[0m
[5.161s] [  0%] Built target visualization_msgs_generate_messages_py
[5.172s] [35m[1mScanning dependencies of target visualization_msgs_generate_messages_nodejs[0m
[5.183s] [  0%] Built target visualization_msgs_generate_messages_nodejs
[5.195s] [35m[1mScanning dependencies of target visualization_msgs_generate_messages_eus[0m
[5.207s] [  0%] Built target visualization_msgs_generate_messages_eus
[5.218s] [35m[1mScanning dependencies of target tf2_msgs_generate_messages_nodejs[0m
[5.230s] [  0%] Built target tf2_msgs_generate_messages_nodejs
[5.242s] [35m[1mScanning dependencies of target visualization_msgs_generate_messages_cpp[0m
[5.254s] [  0%] Built target visualization_msgs_generate_messages_cpp
[5.266s] [35m[1mScanning dependencies of target tf2_msgs_generate_messages_eus[0m
[5.277s] [  0%] Built target tf2_msgs_generate_messages_eus
[5.288s] [35m[1mScanning dependencies of target tf2_msgs_generate_messages_cpp[0m
[5.299s] [  0%] Built target tf2_msgs_generate_messages_cpp
[5.310s] [35m[1mScanning dependencies of target tf2_msgs_generate_messages_py[0m
[5.321s] [  0%] Built target tf2_msgs_generate_messages_py
[5.334s] [35m[1mScanning dependencies of target actionlib_generate_messages_py[0m
[5.361s] [  0%] Built target actionlib_generate_messages_py
[5.383s] [35m[1mScanning dependencies of target actionlib_generate_messages_cpp[0m
[5.412s] [  0%] Built target actionlib_generate_messages_cpp
[5.467s] [35m[1mScanning dependencies of target tf_generate_messages_nodejs[0m
[5.498s] [  0%] Built target tf_generate_messages_nodejs
[5.512s] [35m[1mScanning dependencies of target tf_generate_messages_lisp[0m
[5.555s] [  0%] Built target tf_generate_messages_lisp
[5.587s] [35m[1mScanning dependencies of target topic_tools_generate_messages_nodejs[0m
[5.601s] [  0%] Built target topic_tools_generate_messages_nodejs
[5.612s] [35m[1mScanning dependencies of target topic_tools_generate_messages_eus[0m
[5.623s] [  0%] Built target topic_tools_generate_messages_eus
[5.634s] [35m[1mScanning dependencies of target topic_tools_generate_messages_cpp[0m
[5.645s] [  0%] Built target topic_tools_generate_messages_cpp
[5.656s] [35m[1mScanning dependencies of target std_srvs_generate_messages_py[0m
[5.667s] [  0%] Built target std_srvs_generate_messages_py
[5.677s] [35m[1mScanning dependencies of target std_srvs_generate_messages_nodejs[0m
[5.695s] [  0%] Built target std_srvs_generate_messages_nodejs
[5.714s] [35m[1mScanning dependencies of target geometry_msgs_generate_messages_py[0m
[5.724s] [  0%] Built target geometry_msgs_generate_messages_py
[5.735s] [35m[1mScanning dependencies of target sensor_msgs_generate_messages_nodejs[0m
[5.745s] [  0%] Built target sensor_msgs_generate_messages_nodejs
[5.757s] [35m[1mScanning dependencies of target roscpp_generate_messages_cpp[0m
[5.767s] [  0%] Built target roscpp_generate_messages_cpp
[5.778s] [35m[1mScanning dependencies of target pcl_msgs_generate_messages_eus[0m
[5.790s] [  0%] Built target pcl_msgs_generate_messages_eus
[5.801s] [35m[1mScanning dependencies of target rosgraph_msgs_generate_messages_eus[0m
[5.813s] [  0%] Built target rosgraph_msgs_generate_messages_eus
[5.824s] [35m[1mScanning dependencies of target jsk_recognition_msgs_generate_messages_lisp[0m
[5.835s] [  0%] Built target jsk_recognition_msgs_generate_messages_lisp
[5.845s] [35m[1mScanning dependencies of target jsk_recognition_msgs_generate_messages_eus[0m
[5.867s] [  0%] Built target jsk_recognition_msgs_generate_messages_eus
[5.880s] [35m[1mScanning dependencies of target std_msgs_generate_messages_py[0m
[5.892s] [  0%] Built target std_msgs_generate_messages_py
[5.903s] [35m[1mScanning dependencies of target std_msgs_generate_messages_nodejs[0m
[5.916s] [  0%] Built target std_msgs_generate_messages_nodejs
[5.927s] [35m[1mScanning dependencies of target bond_generate_messages_lisp[0m
[5.939s] [  0%] Built target bond_generate_messages_lisp
[5.951s] [35m[1mScanning dependencies of target sensor_msgs_generate_messages_eus[0m
[5.963s] [  0%] Built target sensor_msgs_generate_messages_eus
[5.974s] [35m[1mScanning dependencies of target sensor_msgs_generate_messages_cpp[0m
[5.985s] [  0%] Built target sensor_msgs_generate_messages_cpp
[6.009s] [35m[1mScanning dependencies of target autoware_msgs_generate_messages_cpp[0m
[6.019s] [  0%] Built target autoware_msgs_generate_messages_cpp
[6.030s] [35m[1mScanning dependencies of target rosgraph_msgs_generate_messages_cpp[0m
[6.040s] [  0%] Built target rosgraph_msgs_generate_messages_cpp
[6.051s] [35m[1mScanning dependencies of target tf_generate_messages_py[0m
[6.062s] [  0%] Built target tf_generate_messages_py
[6.072s] [35m[1mScanning dependencies of target dynamic_reconfigure_generate_messages_cpp[0m
[6.082s] [  0%] Built target dynamic_reconfigure_generate_messages_cpp
[6.093s] [35m[1mScanning dependencies of target pcl_msgs_generate_messages_nodejs[0m
[6.112s] [  0%] Built target pcl_msgs_generate_messages_nodejs
[6.122s] [35m[1mScanning dependencies of target nodelet_generate_messages_nodejs[0m
[6.132s] [  0%] Built target nodelet_generate_messages_nodejs
[6.144s] [35m[1mScanning dependencies of target jsk_recognition_msgs_generate_messages_py[0m
[6.156s] [  0%] Built target jsk_recognition_msgs_generate_messages_py
[6.171s] [35m[1mScanning dependencies of target sensor_msgs_generate_messages_lisp[0m
[6.181s] [  0%] Built target sensor_msgs_generate_messages_lisp
[6.192s] [35m[1mScanning dependencies of target std_msgs_generate_messages_cpp[0m
[6.204s] [  0%] Built target std_msgs_generate_messages_cpp
[6.214s] [35m[1mScanning dependencies of target jsk_footstep_msgs_generate_messages_py[0m
[6.230s] [  0%] Built target jsk_footstep_msgs_generate_messages_py
[6.242s] [35m[1mScanning dependencies of target sensor_msgs_generate_messages_py[0m
[6.254s] [  0%] Built target sensor_msgs_generate_messages_py
[6.266s] [35m[1mScanning dependencies of target nodelet_generate_messages_py[0m
[6.278s] [  0%] Built target nodelet_generate_messages_py
[6.290s] [35m[1mScanning dependencies of target geometry_msgs_generate_messages_eus[0m
[6.300s] [  0%] Built target geometry_msgs_generate_messages_eus
[6.312s] [35m[1mScanning dependencies of target std_msgs_generate_messages_lisp[0m
[6.327s] [  0%] Built target std_msgs_generate_messages_lisp
[6.339s] [35m[1mScanning dependencies of target roscpp_generate_messages_nodejs[0m
[6.351s] [  0%] Built target roscpp_generate_messages_nodejs
[6.363s] [35m[1mScanning dependencies of target geometry_msgs_generate_messages_nodejs[0m
[6.375s] [  0%] Built target geometry_msgs_generate_messages_nodejs
[6.387s] [35m[1mScanning dependencies of target actionlib_generate_messages_eus[0m
[6.399s] [  0%] Built target actionlib_generate_messages_eus
[6.418s] [35m[1mScanning dependencies of target pcl_msgs_generate_messages_py[0m
[6.430s] [  0%] Built target pcl_msgs_generate_messages_py
[6.442s] [35m[1mScanning dependencies of target geometry_msgs_generate_messages_lisp[0m
[6.454s] [  0%] Built target geometry_msgs_generate_messages_lisp
[6.465s] [35m[1mScanning dependencies of target actionlib_generate_messages_lisp[0m
[6.481s] [  0%] Built target actionlib_generate_messages_lisp
[6.492s] [35m[1mScanning dependencies of target geometry_msgs_generate_messages_cpp[0m
[6.511s] [  0%] Built target geometry_msgs_generate_messages_cpp
[6.522s] [35m[1mScanning dependencies of target autoware_msgs_generate_messages_eus[0m
[6.534s] [  0%] Built target autoware_msgs_generate_messages_eus
[6.545s] [35m[1mScanning dependencies of target jsk_recognition_msgs_generate_messages_cpp[0m
[6.557s] [  0%] Built target jsk_recognition_msgs_generate_messages_cpp
[6.568s] [35m[1mScanning dependencies of target topic_tools_generate_messages_lisp[0m
[6.579s] [  0%] Built target topic_tools_generate_messages_lisp
[6.589s] [35m[1mScanning dependencies of target dynamic_reconfigure_generate_messages_lisp[0m
[6.600s] [  0%] Built target dynamic_reconfigure_generate_messages_lisp
[6.624s] [35m[1mScanning dependencies of target range_vision_fusion_lib[0m
[6.760s] [ 25%] [32mBuilding CXX object CMakeFiles/range_vision_fusion_lib.dir/src/range_vision_fusion.cpp.o[0m
[22.185s] In file included from [01m[K/usr/include/pcl-1.8/pcl/sample_consensus/sac_model.h:52:0[m[K,
[22.185s]                  from [01m[K/usr/include/pcl-1.8/pcl/sample_consensus/sac_model_plane.h:44[m[K,
[22.185s]                  from [01m[K/usr/include/pcl-1.8/pcl/segmentation/extract_polygonal_prism_data.h:42[m[K,
[22.185s]                  from [01m[K/opt/ros/melodic/include/jsk_recognition_utils/geo/convex_polygon.h:40[m[K,
[22.185s]                  from [01m[K/opt/ros/melodic/include/jsk_recognition_utils/geo/cube.h:40[m[K,
[22.185s]                  from [01m[K/home/yeap/APC_2022_Prac/airsimversion/autoware.ai/src/autoware/core_perception/range_vision_fusion/include/range_vision_fusion/range_vision_fusion.h:41[m[K,
[22.185s]                  from [01m[K/home/yeap/APC_2022_Prac/airsimversion/autoware.ai/src/autoware/core_perception/range_vision_fusion/src/range_vision_fusion.cpp:23[m[K:
[22.186s] [01m[K/usr/include/pcl-1.8/pcl/sample_consensus/model_types.h:[m[K In function ‘[01m[Kvoid __static_initialization_and_destruction_0(int, int)[m[K’:
[22.186s] [01m[K/usr/include/pcl-1.8/pcl/sample_consensus/model_types.h:99:3:[m[K [01;35m[Kwarning: [m[K‘[01m[Kpcl::SAC_SAMPLE_SIZE[m[K’ is deprecated: This map is deprecated and is kept only to prevent breaking existing user code. Starting from PCL 1.8.0 model sample size is a protected member of the SampleConsensusModel class [[01;35m[K-Wdeprecated-declarations[m[K]
[22.186s]    [01;35m[KSAC_SAMPLE_SIZE[m[K (sample_size_pairs, sample_size_pairs + sizeof (sample_size_pairs) / sizeof (SampleSizeModel));
[22.186s]    [01;35m[K^~~~~~~~~~~~~~~[m[K
[22.186s] [01m[K/usr/include/pcl-1.8/pcl/sample_consensus/model_types.h:99:3:[m[K [01;36m[Knote: [m[Kdeclared here
[30.225s] [ 50%] [32m[1mLinking CXX shared library devel/lib/librange_vision_fusion_lib.so[0m
[30.965s] [ 50%] Built target range_vision_fusion_lib
[30.978s] [35m[1mScanning dependencies of target range_vision_fusion[0m
[31.075s] [ 75%] [32mBuilding CXX object CMakeFiles/range_vision_fusion.dir/src/range_vision_fusion_node.cpp.o[0m
[45.865s] In file included from [01m[K/usr/include/pcl-1.8/pcl/sample_consensus/sac_model.h:52:0[m[K,
[45.865s]                  from [01m[K/usr/include/pcl-1.8/pcl/sample_consensus/sac_model_plane.h:44[m[K,
[45.865s]                  from [01m[K/usr/include/pcl-1.8/pcl/segmentation/extract_polygonal_prism_data.h:42[m[K,
[45.865s]                  from [01m[K/opt/ros/melodic/include/jsk_recognition_utils/geo/convex_polygon.h:40[m[K,
[45.865s]                  from [01m[K/opt/ros/melodic/include/jsk_recognition_utils/geo/cube.h:40[m[K,
[45.866s]                  from [01m[K/home/yeap/APC_2022_Prac/airsimversion/autoware.ai/src/autoware/core_perception/range_vision_fusion/include/range_vision_fusion/range_vision_fusion.h:41[m[K,
[45.866s]                  from [01m[K/home/yeap/APC_2022_Prac/airsimversion/autoware.ai/src/autoware/core_perception/range_vision_fusion/src/range_vision_fusion_node.cpp:23[m[K:
[45.866s] [01m[K/usr/include/pcl-1.8/pcl/sample_consensus/model_types.h:[m[K In function ‘[01m[Kvoid __static_initialization_and_destruction_0(int, int)[m[K’:
[45.866s] [01m[K/usr/include/pcl-1.8/pcl/sample_consensus/model_types.h:99:3:[m[K [01;35m[Kwarning: [m[K‘[01m[Kpcl::SAC_SAMPLE_SIZE[m[K’ is deprecated: This map is deprecated and is kept only to prevent breaking existing user code. Starting from PCL 1.8.0 model sample size is a protected member of the SampleConsensusModel class [[01;35m[K-Wdeprecated-declarations[m[K]
[45.866s]    [01;35m[KSAC_SAMPLE_SIZE[m[K (sample_size_pairs, sample_size_pairs + sizeof (sample_size_pairs) / sizeof (SampleSizeModel));
[45.866s]    [01;35m[K^~~~~~~~~~~~~~~[m[K
[45.866s] [01m[K/usr/include/pcl-1.8/pcl/sample_consensus/model_types.h:99:3:[m[K [01;36m[Knote: [m[Kdeclared here
[47.854s] [100%] [32m[1mLinking CXX executable devel/lib/range_vision_fusion/range_vision_fusion[0m
[49.425s] [100%] Built target range_vision_fusion
[49.440s] Invoked command in '/home/yeap/APC_2022_Prac/airsimversion/autoware.ai/build/range_vision_fusion' returned '0': CMAKE_PREFIX_PATH=/home/yeap/APC_2022_Prac/airsimversion/autoware.ai/install/autoware_msgs:/home/yeap/APC_2022_Prac/airsimversion/autoware.ai/install/autoware_build_flags:${CMAKE_PREFIX_PATH} PKG_CONFIG_PATH=/home/yeap/APC_2022_Prac/airsimversion/autoware.ai/install/autoware_msgs/lib/x86_64-linux-gnu/pkgconfig:/home/yeap/APC_2022_Prac/airsimversion/autoware.ai/install/autoware_msgs/lib/pkgconfig:/home/yeap/APC_2022_Prac/airsimversion/autoware.ai/install/autoware_build_flags/lib/x86_64-linux-gnu/pkgconfig:/home/yeap/APC_2022_Prac/airsimversion/autoware.ai/install/autoware_build_flags/lib/pkgconfig:${PKG_CONFIG_PATH} PYTHONPATH=/home/yeap/APC_2022_Prac/airsimversion/autoware.ai/install/autoware_msgs/lib/python2.7/dist-packages:${PYTHONPATH} ROS_PACKAGE_PATH=/home/yeap/APC_2022_Prac/airsimversion/autoware.ai/install/autoware_msgs/share:/home/yeap/APC_2022_Prac/airsimversion/autoware.ai/install/autoware_build_flags/share:${ROS_PACKAGE_PATH} /usr/bin/cmake --build /home/yeap/APC_2022_Prac/airsimversion/autoware.ai/build/range_vision_fusion -- -j6 -l6
[49.572s] Invoking command in '/home/yeap/APC_2022_Prac/airsimversion/autoware.ai/build/range_vision_fusion': CMAKE_PREFIX_PATH=/home/yeap/APC_2022_Prac/airsimversion/autoware.ai/install/autoware_msgs:/home/yeap/APC_2022_Prac/airsimversion/autoware.ai/install/autoware_build_flags:${CMAKE_PREFIX_PATH} PKG_CONFIG_PATH=/home/yeap/APC_2022_Prac/airsimversion/autoware.ai/install/autoware_msgs/lib/x86_64-linux-gnu/pkgconfig:/home/yeap/APC_2022_Prac/airsimversion/autoware.ai/install/autoware_msgs/lib/pkgconfig:/home/yeap/APC_2022_Prac/airsimversion/autoware.ai/install/autoware_build_flags/lib/x86_64-linux-gnu/pkgconfig:/home/yeap/APC_2022_Prac/airsimversion/autoware.ai/install/autoware_build_flags/lib/pkgconfig:${PKG_CONFIG_PATH} PYTHONPATH=/home/yeap/APC_2022_Prac/airsimversion/autoware.ai/install/autoware_msgs/lib/python2.7/dist-packages:${PYTHONPATH} ROS_PACKAGE_PATH=/home/yeap/APC_2022_Prac/airsimversion/autoware.ai/install/autoware_msgs/share:/home/yeap/APC_2022_Prac/airsimversion/autoware.ai/install/autoware_build_flags/share:${ROS_PACKAGE_PATH} /usr/bin/cmake --build /home/yeap/APC_2022_Prac/airsimversion/autoware.ai/build/range_vision_fusion --target tests -- -j6 -l6
[49.643s] [35m[1mScanning dependencies of target tests[0m
[49.654s] Built target tests
[49.668s] Invoked command in '/home/yeap/APC_2022_Prac/airsimversion/autoware.ai/build/range_vision_fusion' returned '0': CMAKE_PREFIX_PATH=/home/yeap/APC_2022_Prac/airsimversion/autoware.ai/install/autoware_msgs:/home/yeap/APC_2022_Prac/airsimversion/autoware.ai/install/autoware_build_flags:${CMAKE_PREFIX_PATH} PKG_CONFIG_PATH=/home/yeap/APC_2022_Prac/airsimversion/autoware.ai/install/autoware_msgs/lib/x86_64-linux-gnu/pkgconfig:/home/yeap/APC_2022_Prac/airsimversion/autoware.ai/install/autoware_msgs/lib/pkgconfig:/home/yeap/APC_2022_Prac/airsimversion/autoware.ai/install/autoware_build_flags/lib/x86_64-linux-gnu/pkgconfig:/home/yeap/APC_2022_Prac/airsimversion/autoware.ai/install/autoware_build_flags/lib/pkgconfig:${PKG_CONFIG_PATH} PYTHONPATH=/home/yeap/APC_2022_Prac/airsimversion/autoware.ai/install/autoware_msgs/lib/python2.7/dist-packages:${PYTHONPATH} ROS_PACKAGE_PATH=/home/yeap/APC_2022_Prac/airsimversion/autoware.ai/install/autoware_msgs/share:/home/yeap/APC_2022_Prac/airsimversion/autoware.ai/install/autoware_build_flags/share:${ROS_PACKAGE_PATH} /usr/bin/cmake --build /home/yeap/APC_2022_Prac/airsimversion/autoware.ai/build/range_vision_fusion --target tests -- -j6 -l6
[49.786s] Invoking command in '/home/yeap/APC_2022_Prac/airsimversion/autoware.ai/build/range_vision_fusion': CMAKE_PREFIX_PATH=/home/yeap/APC_2022_Prac/airsimversion/autoware.ai/install/autoware_msgs:/home/yeap/APC_2022_Prac/airsimversion/autoware.ai/install/autoware_build_flags:${CMAKE_PREFIX_PATH} PKG_CONFIG_PATH=/home/yeap/APC_2022_Prac/airsimversion/autoware.ai/install/autoware_msgs/lib/x86_64-linux-gnu/pkgconfig:/home/yeap/APC_2022_Prac/airsimversion/autoware.ai/install/autoware_msgs/lib/pkgconfig:/home/yeap/APC_2022_Prac/airsimversion/autoware.ai/install/autoware_build_flags/lib/x86_64-linux-gnu/pkgconfig:/home/yeap/APC_2022_Prac/airsimversion/autoware.ai/install/autoware_build_flags/lib/pkgconfig:${PKG_CONFIG_PATH} PYTHONPATH=/home/yeap/APC_2022_Prac/airsimversion/autoware.ai/install/autoware_msgs/lib/python2.7/dist-packages:${PYTHONPATH} ROS_PACKAGE_PATH=/home/yeap/APC_2022_Prac/airsimversion/autoware.ai/install/autoware_msgs/share:/home/yeap/APC_2022_Prac/airsimversion/autoware.ai/install/autoware_build_flags/share:${ROS_PACKAGE_PATH} /usr/bin/cmake --build /home/yeap/APC_2022_Prac/airsimversion/autoware.ai/build/range_vision_fusion --target install -- -j6 -l6
[49.848s] [  0%] Built target pcl_msgs_generate_messages_cpp
[49.873s] [  0%] Built target autoware_msgs_generate_messages_lisp
[49.896s] [  0%] Built target autoware_msgs_generate_messages_py
[49.919s] [  0%] Built target nodelet_generate_messages_lisp
[49.942s] [  0%] Built target actionlib_generate_messages_nodejs
[49.964s] [  0%] Built target tf_generate_messages_cpp
[49.987s] [  0%] Built target pcl_msgs_generate_messages_lisp
[50.010s] [  0%] Built target visualization_msgs_generate_messages_lisp
[50.035s] [  0%] Built target std_msgs_generate_messages_eus
[50.057s] [  0%] Built target autoware_msgs_generate_messages_nodejs
[50.081s] [  0%] Built target jsk_footstep_msgs_generate_messages_eus
[50.103s] [  0%] Built target jsk_topic_tools_generate_messages_eus
[50.136s] [  0%] Built target actionlib_msgs_generate_messages_py
[50.160s] [  0%] Built target jsk_footstep_msgs_generate_messages_lisp
[50.184s] [  0%] Built target jsk_footstep_msgs_generate_messages_nodejs
[50.206s] [  0%] Built target tf_generate_messages_eus
[50.230s] [  0%] Built target jsk_footstep_msgs_generate_messages_cpp
[50.252s] [  0%] Built target actionlib_msgs_generate_messages_cpp
[50.277s] [  0%] Built target std_srvs_generate_messages_cpp
[50.299s] [  0%] Built target actionlib_msgs_generate_messages_lisp
[50.323s] [  0%] Built target jsk_recognition_msgs_generate_messages_nodejs
[50.345s] [  0%] Built target std_srvs_generate_messages_eus
[50.368s] [  0%] Built target roscpp_generate_messages_lisp
[50.391s] [  0%] Built target bond_generate_messages_eus
[50.414s] [  0%] Built target roscpp_generate_messages_py
[50.437s] [  0%] Built target jsk_topic_tools_generate_messages_nodejs
[50.461s] [  0%] Built target rosgraph_msgs_generate_messages_lisp
[50.484s] [  0%] Built target rosgraph_msgs_generate_messages_nodejs
[50.506s] [  0%] Built target roscpp_generate_messages_eus
[50.529s] [  0%] Built target actionlib_msgs_generate_messages_eus
[50.552s] [  0%] Built target rosgraph_msgs_generate_messages_py
[50.575s] [  0%] Built target jsk_recognition_utils_gencfg
[50.598s] [  0%] Built target pcl_ros_gencfg
[50.621s] [  0%] Built target dynamic_reconfigure_generate_messages_eus
[50.644s] [  0%] Built target dynamic_reconfigure_generate_messages_nodejs
[50.668s] [  0%] Built target dynamic_reconfigure_generate_messages_py
[50.691s] [  0%] Built target tf2_msgs_generate_messages_lisp
[50.715s] [  0%] Built target dynamic_reconfigure_gencfg
[50.738s] [  0%] Built target nodelet_generate_messages_cpp
[50.762s] [  0%] Built target bond_generate_messages_py
[50.786s] [  0%] Built target nodelet_generate_messages_eus
[50.809s] [  0%] Built target bond_generate_messages_cpp
[50.834s] [  0%] Built target bond_generate_messages_nodejs
[50.857s] [  0%] Built target topic_tools_generate_messages_py
[50.880s] [  0%] Built target actionlib_msgs_generate_messages_nodejs
[50.905s] [  0%] Built target nodelet_topic_tools_gencfg
[50.931s] [  0%] Built target _catkin_empty_exported_target
[50.954s] [  0%] Built target std_srvs_generate_messages_lisp
[50.978s] [  0%] Built target jsk_topic_tools_generate_messages_py
[51.009s] [  0%] Built target jsk_topic_tools_generate_messages_lisp
[51.032s] [  0%] Built target jsk_topic_tools_generate_messages_cpp
[51.055s] [  0%] Built target jsk_topic_tools_gencfg
[51.079s] [  0%] Built target visualization_msgs_generate_messages_py
[51.101s] [  0%] Built target visualization_msgs_generate_messages_nodejs
[51.125s] [  0%] Built target visualization_msgs_generate_messages_eus
[51.149s] [  0%] Built target tf2_msgs_generate_messages_nodejs
[51.173s] [  0%] Built target visualization_msgs_generate_messages_cpp
[51.198s] [  0%] Built target tf2_msgs_generate_messages_eus
[51.221s] [  0%] Built target tf2_msgs_generate_messages_cpp
[51.244s] [  0%] Built target tf2_msgs_generate_messages_py
[51.270s] [  0%] Built target actionlib_generate_messages_py
[51.295s] [  0%] Built target actionlib_generate_messages_cpp
[51.320s] [  0%] Built target tf_generate_messages_nodejs
[51.345s] [  0%] Built target tf_generate_messages_lisp
[51.377s] [  0%] Built target topic_tools_generate_messages_nodejs
[51.399s] [  0%] Built target topic_tools_generate_messages_eus
[51.430s] [  0%] Built target topic_tools_generate_messages_cpp
[51.455s] [  0%] Built target std_srvs_generate_messages_py
[51.478s] [  0%] Built target std_srvs_generate_messages_nodejs
[51.500s] [  0%] Built target geometry_msgs_generate_messages_py
[51.535s] [  0%] Built target sensor_msgs_generate_messages_nodejs
[51.556s] [  0%] Built target roscpp_generate_messages_cpp
[51.580s] [  0%] Built target pcl_msgs_generate_messages_eus
[51.604s] [  0%] Built target rosgraph_msgs_generate_messages_eus
[51.630s] [  0%] Built target jsk_recognition_msgs_generate_messages_lisp
[51.653s] [  0%] Built target jsk_recognition_msgs_generate_messages_eus
[51.677s] [  0%] Built target std_msgs_generate_messages_py
[51.700s] [  0%] Built target std_msgs_generate_messages_nodejs
[51.724s] [  0%] Built target bond_generate_messages_lisp
[51.747s] [  0%] Built target sensor_msgs_generate_messages_eus
[51.771s] [  0%] Built target sensor_msgs_generate_messages_cpp
[51.795s] [  0%] Built target autoware_msgs_generate_messages_cpp
[51.818s] [  0%] Built target rosgraph_msgs_generate_messages_cpp
[51.841s] [  0%] Built target tf_generate_messages_py
[51.865s] [  0%] Built target dynamic_reconfigure_generate_messages_cpp
[51.889s] [  0%] Built target pcl_msgs_generate_messages_nodejs
[51.912s] [  0%] Built target nodelet_generate_messages_nodejs
[51.937s] [  0%] Built target jsk_recognition_msgs_generate_messages_py
[51.960s] [  0%] Built target sensor_msgs_generate_messages_lisp
[51.985s] [  0%] Built target std_msgs_generate_messages_cpp
[52.008s] [  0%] Built target jsk_footstep_msgs_generate_messages_py
[52.030s] [  0%] Built target sensor_msgs_generate_messages_py
[52.053s] [  0%] Built target nodelet_generate_messages_py
[52.075s] [  0%] Built target geometry_msgs_generate_messages_eus
[52.103s] [  0%] Built target std_msgs_generate_messages_lisp
[52.127s] [  0%] Built target roscpp_generate_messages_nodejs
[52.155s] [  0%] Built target geometry_msgs_generate_messages_nodejs
[52.180s] [  0%] Built target actionlib_generate_messages_eus
[52.203s] [  0%] Built target pcl_msgs_generate_messages_py
[52.228s] [  0%] Built target geometry_msgs_generate_messages_lisp
[52.250s] [  0%] Built target actionlib_generate_messages_lisp
[52.273s] [  0%] Built target geometry_msgs_generate_messages_cpp
[52.296s] [  0%] Built target autoware_msgs_generate_messages_eus
[52.320s] [  0%] Built target jsk_recognition_msgs_generate_messages_cpp
[52.343s] [  0%] Built target topic_tools_generate_messages_lisp
[52.367s] [  0%] Built target dynamic_reconfigure_generate_messages_lisp
[52.415s] [ 50%] Built target range_vision_fusion_lib
[52.463s] [100%] Built target range_vision_fusion
[52.490s] [36mInstall the project...[0m
[52.500s] -- Install configuration: "Release"
[52.501s] -- Installing: /home/yeap/APC_2022_Prac/airsimversion/autoware.ai/install/range_vision_fusion/lib/pkgconfig/range_vision_fusion.pc
[52.501s] -- Installing: /home/yeap/APC_2022_Prac/airsimversion/autoware.ai/install/range_vision_fusion/share/range_vision_fusion/cmake/range_vision_fusionConfig.cmake
[52.502s] -- Installing: /home/yeap/APC_2022_Prac/airsimversion/autoware.ai/install/range_vision_fusion/share/range_vision_fusion/cmake/range_vision_fusionConfig-version.cmake
[52.502s] -- Installing: /home/yeap/APC_2022_Prac/airsimversion/autoware.ai/install/range_vision_fusion/share/range_vision_fusion/package.xml
[52.502s] -- Installing: /home/yeap/APC_2022_Prac/airsimversion/autoware.ai/install/range_vision_fusion/lib/range_vision_fusion/range_vision_fusion
[52.503s] -- Set runtime path of "/home/yeap/APC_2022_Prac/airsimversion/autoware.ai/install/range_vision_fusion/lib/range_vision_fusion/range_vision_fusion" to ""
[52.503s] -- Installing: /home/yeap/APC_2022_Prac/airsimversion/autoware.ai/install/range_vision_fusion/lib/librange_vision_fusion_lib.so
[52.505s] -- Set runtime path of "/home/yeap/APC_2022_Prac/airsimversion/autoware.ai/install/range_vision_fusion/lib/librange_vision_fusion_lib.so" to ""
[52.505s] -- Installing: /home/yeap/APC_2022_Prac/airsimversion/autoware.ai/install/range_vision_fusion/include/range_vision_fusion
[52.505s] -- Installing: /home/yeap/APC_2022_Prac/airsimversion/autoware.ai/install/range_vision_fusion/include/range_vision_fusion/range_vision_fusion.h
[52.505s] -- Installing: /home/yeap/APC_2022_Prac/airsimversion/autoware.ai/install/range_vision_fusion/share/range_vision_fusion/launch
[52.507s] -- Installing: /home/yeap/APC_2022_Prac/airsimversion/autoware.ai/install/range_vision_fusion/share/range_vision_fusion/launch/range_vision_fusion.launch
[52.515s] Invoked command in '/home/yeap/APC_2022_Prac/airsimversion/autoware.ai/build/range_vision_fusion' returned '0': CMAKE_PREFIX_PATH=/home/yeap/APC_2022_Prac/airsimversion/autoware.ai/install/autoware_msgs:/home/yeap/APC_2022_Prac/airsimversion/autoware.ai/install/autoware_build_flags:${CMAKE_PREFIX_PATH} PKG_CONFIG_PATH=/home/yeap/APC_2022_Prac/airsimversion/autoware.ai/install/autoware_msgs/lib/x86_64-linux-gnu/pkgconfig:/home/yeap/APC_2022_Prac/airsimversion/autoware.ai/install/autoware_msgs/lib/pkgconfig:/home/yeap/APC_2022_Prac/airsimversion/autoware.ai/install/autoware_build_flags/lib/x86_64-linux-gnu/pkgconfig:/home/yeap/APC_2022_Prac/airsimversion/autoware.ai/install/autoware_build_flags/lib/pkgconfig:${PKG_CONFIG_PATH} PYTHONPATH=/home/yeap/APC_2022_Prac/airsimversion/autoware.ai/install/autoware_msgs/lib/python2.7/dist-packages:${PYTHONPATH} ROS_PACKAGE_PATH=/home/yeap/APC_2022_Prac/airsimversion/autoware.ai/install/autoware_msgs/share:/home/yeap/APC_2022_Prac/airsimversion/autoware.ai/install/autoware_build_flags/share:${ROS_PACKAGE_PATH} /usr/bin/cmake --build /home/yeap/APC_2022_Prac/airsimversion/autoware.ai/build/range_vision_fusion --target install -- -j6 -l6
