[0.035s] Invoking command in '/home/yeap/APC_2022_Prac/airsimversion/autoware.ai/build/state_machine_lib': CMAKE_PREFIX_PATH=/home/yeap/APC_2022_Prac/airsimversion/autoware.ai/install/autoware_msgs:/home/yeap/APC_2022_Prac/airsimversion/autoware.ai/install/autoware_build_flags:${CMAKE_PREFIX_PATH} PKG_CONFIG_PATH=/home/yeap/APC_2022_Prac/airsimversion/autoware.ai/install/autoware_msgs/lib/x86_64-linux-gnu/pkgconfig:/home/yeap/APC_2022_Prac/airsimversion/autoware.ai/install/autoware_msgs/lib/pkgconfig:/home/yeap/APC_2022_Prac/airsimversion/autoware.ai/install/autoware_build_flags/lib/x86_64-linux-gnu/pkgconfig:/home/yeap/APC_2022_Prac/airsimversion/autoware.ai/install/autoware_build_flags/lib/pkgconfig:${PKG_CONFIG_PATH} PYTHONPATH=/home/yeap/APC_2022_Prac/airsimversion/autoware.ai/install/autoware_msgs/lib/python2.7/dist-packages:${PYTHONPATH} ROS_PACKAGE_PATH=/home/yeap/APC_2022_Prac/airsimversion/autoware.ai/install/autoware_msgs/share:/home/yeap/APC_2022_Prac/airsimversion/autoware.ai/install/autoware_build_flags/share:${ROS_PACKAGE_PATH} /usr/bin/cmake --build /home/yeap/APC_2022_Prac/airsimversion/autoware.ai/build/state_machine_lib -- -j6 -l6
[0.148s] [  0%] Built target roscpp_generate_messages_py
[0.148s] [  0%] Built target rosgraph_msgs_generate_messages_lisp
[0.151s] [  0%] Built target rosgraph_msgs_generate_messages_nodejs
[0.159s] [  0%] Built target rosgraph_msgs_generate_messages_py
[0.164s] [  0%] Built target jsk_footstep_msgs_generate_messages_cpp
[0.168s] [  0%] Built target roscpp_generate_messages_lisp
[0.218s] [  0%] Built target actionlib_msgs_generate_messages_py
[0.221s] [  0%] Built target actionlib_msgs_generate_messages_cpp
[0.228s] [  0%] Built target jsk_footstep_msgs_generate_messages_lisp
[0.230s] [  0%] Built target jsk_footstep_msgs_generate_messages_nodejs
[0.235s] [  0%] Built target actionlib_msgs_generate_messages_lisp
[0.236s] [  0%] Built target jsk_footstep_msgs_generate_messages_eus
[0.273s] [  0%] Built target pcl_msgs_generate_messages_lisp
[0.284s] [  0%] Built target actionlib_msgs_generate_messages_eus
[0.284s] [  0%] Built target autoware_msgs_generate_messages_lisp
[0.293s] [  0%] Built target std_msgs_generate_messages_eus
[0.301s] [  0%] Built target autoware_msgs_generate_messages_nodejs
[0.328s] [  0%] Built target autoware_msgs_generate_messages_eus
[0.335s] [  0%] Built target pcl_msgs_generate_messages_cpp
[0.335s] [  0%] Built target geometry_msgs_generate_messages_lisp
[0.341s] [  0%] Built target pcl_msgs_generate_messages_py
[0.341s] [  0%] Built target jsk_recognition_msgs_generate_messages_cpp
[0.349s] [  0%] Built target geometry_msgs_generate_messages_cpp
[0.380s] [  0%] Built target geometry_msgs_generate_messages_eus
[0.383s] [  0%] Built target actionlib_msgs_generate_messages_nodejs
[0.385s] [  0%] Built target roscpp_generate_messages_nodejs
[0.390s] [  0%] Built target roscpp_generate_messages_eus
[0.406s] [  0%] Built target jsk_footstep_msgs_generate_messages_py
[0.414s] [  0%] Built target std_msgs_generate_messages_cpp
[0.418s] [  0%] Built target geometry_msgs_generate_messages_nodejs
[0.424s] [  0%] Built target sensor_msgs_generate_messages_lisp
[0.435s] [  0%] Built target jsk_recognition_msgs_generate_messages_py
[0.443s] [  0%] Built target sensor_msgs_generate_messages_py
[0.446s] [  0%] Built target pcl_msgs_generate_messages_nodejs
[0.450s] [  0%] Built target autoware_msgs_generate_messages_cpp
[0.462s] [  0%] Built target rosgraph_msgs_generate_messages_cpp
[0.469s] [  0%] Built target std_msgs_generate_messages_lisp
[0.469s] [  0%] Built target sensor_msgs_generate_messages_cpp
[0.496s] [  0%] Built target _catkin_empty_exported_target
[0.498s] [  0%] Built target sensor_msgs_generate_messages_eus
[0.502s] [  0%] Built target jsk_recognition_msgs_generate_messages_eus
[0.506s] [  0%] Built target std_msgs_generate_messages_nodejs
[0.511s] [  0%] Built target autoware_msgs_generate_messages_py
[0.523s] [  0%] Built target std_msgs_generate_messages_py
[0.541s] [  0%] Built target rosgraph_msgs_generate_messages_eus
[0.549s] [  0%] Built target jsk_recognition_msgs_generate_messages_nodejs
[0.550s] [  0%] Built target jsk_recognition_msgs_generate_messages_lisp
[0.566s] [  0%] Built target pcl_msgs_generate_messages_eus
[0.569s] [  0%] Built target roscpp_generate_messages_cpp
[0.584s] [  0%] Built target sensor_msgs_generate_messages_nodejs
[0.584s] [  0%] Built target geometry_msgs_generate_messages_py
[0.626s] [100%] Built target state_machine_lib
[0.637s] Invoked command in '/home/yeap/APC_2022_Prac/airsimversion/autoware.ai/build/state_machine_lib' returned '0': CMAKE_PREFIX_PATH=/home/yeap/APC_2022_Prac/airsimversion/autoware.ai/install/autoware_msgs:/home/yeap/APC_2022_Prac/airsimversion/autoware.ai/install/autoware_build_flags:${CMAKE_PREFIX_PATH} PKG_CONFIG_PATH=/home/yeap/APC_2022_Prac/airsimversion/autoware.ai/install/autoware_msgs/lib/x86_64-linux-gnu/pkgconfig:/home/yeap/APC_2022_Prac/airsimversion/autoware.ai/install/autoware_msgs/lib/pkgconfig:/home/yeap/APC_2022_Prac/airsimversion/autoware.ai/install/autoware_build_flags/lib/x86_64-linux-gnu/pkgconfig:/home/yeap/APC_2022_Prac/airsimversion/autoware.ai/install/autoware_build_flags/lib/pkgconfig:${PKG_CONFIG_PATH} PYTHONPATH=/home/yeap/APC_2022_Prac/airsimversion/autoware.ai/install/autoware_msgs/lib/python2.7/dist-packages:${PYTHONPATH} ROS_PACKAGE_PATH=/home/yeap/APC_2022_Prac/airsimversion/autoware.ai/install/autoware_msgs/share:/home/yeap/APC_2022_Prac/airsimversion/autoware.ai/install/autoware_build_flags/share:${ROS_PACKAGE_PATH} /usr/bin/cmake --build /home/yeap/APC_2022_Prac/airsimversion/autoware.ai/build/state_machine_lib -- -j6 -l6
[0.759s] Invoking command in '/home/yeap/APC_2022_Prac/airsimversion/autoware.ai/build/state_machine_lib': CMAKE_PREFIX_PATH=/home/yeap/APC_2022_Prac/airsimversion/autoware.ai/install/autoware_msgs:/home/yeap/APC_2022_Prac/airsimversion/autoware.ai/install/autoware_build_flags:${CMAKE_PREFIX_PATH} PKG_CONFIG_PATH=/home/yeap/APC_2022_Prac/airsimversion/autoware.ai/install/autoware_msgs/lib/x86_64-linux-gnu/pkgconfig:/home/yeap/APC_2022_Prac/airsimversion/autoware.ai/install/autoware_msgs/lib/pkgconfig:/home/yeap/APC_2022_Prac/airsimversion/autoware.ai/install/autoware_build_flags/lib/x86_64-linux-gnu/pkgconfig:/home/yeap/APC_2022_Prac/airsimversion/autoware.ai/install/autoware_build_flags/lib/pkgconfig:${PKG_CONFIG_PATH} PYTHONPATH=/home/yeap/APC_2022_Prac/airsimversion/autoware.ai/install/autoware_msgs/lib/python2.7/dist-packages:${PYTHONPATH} ROS_PACKAGE_PATH=/home/yeap/APC_2022_Prac/airsimversion/autoware.ai/install/autoware_msgs/share:/home/yeap/APC_2022_Prac/airsimversion/autoware.ai/install/autoware_build_flags/share:${ROS_PACKAGE_PATH} /usr/bin/cmake --build /home/yeap/APC_2022_Prac/airsimversion/autoware.ai/build/state_machine_lib --target tests -- -j6 -l6
[0.830s] Built target tests
[0.845s] Invoked command in '/home/yeap/APC_2022_Prac/airsimversion/autoware.ai/build/state_machine_lib' returned '0': CMAKE_PREFIX_PATH=/home/yeap/APC_2022_Prac/airsimversion/autoware.ai/install/autoware_msgs:/home/yeap/APC_2022_Prac/airsimversion/autoware.ai/install/autoware_build_flags:${CMAKE_PREFIX_PATH} PKG_CONFIG_PATH=/home/yeap/APC_2022_Prac/airsimversion/autoware.ai/install/autoware_msgs/lib/x86_64-linux-gnu/pkgconfig:/home/yeap/APC_2022_Prac/airsimversion/autoware.ai/install/autoware_msgs/lib/pkgconfig:/home/yeap/APC_2022_Prac/airsimversion/autoware.ai/install/autoware_build_flags/lib/x86_64-linux-gnu/pkgconfig:/home/yeap/APC_2022_Prac/airsimversion/autoware.ai/install/autoware_build_flags/lib/pkgconfig:${PKG_CONFIG_PATH} PYTHONPATH=/home/yeap/APC_2022_Prac/airsimversion/autoware.ai/install/autoware_msgs/lib/python2.7/dist-packages:${PYTHONPATH} ROS_PACKAGE_PATH=/home/yeap/APC_2022_Prac/airsimversion/autoware.ai/install/autoware_msgs/share:/home/yeap/APC_2022_Prac/airsimversion/autoware.ai/install/autoware_build_flags/share:${ROS_PACKAGE_PATH} /usr/bin/cmake --build /home/yeap/APC_2022_Prac/airsimversion/autoware.ai/build/state_machine_lib --target tests -- -j6 -l6
[0.940s] Invoking command in '/home/yeap/APC_2022_Prac/airsimversion/autoware.ai/build/state_machine_lib': CMAKE_PREFIX_PATH=/home/yeap/APC_2022_Prac/airsimversion/autoware.ai/install/autoware_msgs:/home/yeap/APC_2022_Prac/airsimversion/autoware.ai/install/autoware_build_flags:${CMAKE_PREFIX_PATH} PKG_CONFIG_PATH=/home/yeap/APC_2022_Prac/airsimversion/autoware.ai/install/autoware_msgs/lib/x86_64-linux-gnu/pkgconfig:/home/yeap/APC_2022_Prac/airsimversion/autoware.ai/install/autoware_msgs/lib/pkgconfig:/home/yeap/APC_2022_Prac/airsimversion/autoware.ai/install/autoware_build_flags/lib/x86_64-linux-gnu/pkgconfig:/home/yeap/APC_2022_Prac/airsimversion/autoware.ai/install/autoware_build_flags/lib/pkgconfig:${PKG_CONFIG_PATH} PYTHONPATH=/home/yeap/APC_2022_Prac/airsimversion/autoware.ai/install/autoware_msgs/lib/python2.7/dist-packages:${PYTHONPATH} ROS_PACKAGE_PATH=/home/yeap/APC_2022_Prac/airsimversion/autoware.ai/install/autoware_msgs/share:/home/yeap/APC_2022_Prac/airsimversion/autoware.ai/install/autoware_build_flags/share:${ROS_PACKAGE_PATH} /usr/bin/cmake --build /home/yeap/APC_2022_Prac/airsimversion/autoware.ai/build/state_machine_lib --target install -- -j6 -l6
[1.007s] [  0%] Built target roscpp_generate_messages_py
[1.007s] [  0%] Built target jsk_footstep_msgs_generate_messages_cpp
[1.010s] [  0%] Built target rosgraph_msgs_generate_messages_py
[1.030s] [  0%] Built target rosgraph_msgs_generate_messages_lisp
[1.031s] [  0%] Built target roscpp_generate_messages_lisp
[1.041s] [  0%] Built target actionlib_msgs_generate_messages_cpp
[1.042s] [  0%] Built target rosgraph_msgs_generate_messages_nodejs
[1.042s] [  0%] Built target jsk_footstep_msgs_generate_messages_nodejs
[1.059s] [  0%] Built target jsk_footstep_msgs_generate_messages_lisp
[1.072s] [  0%] Built target actionlib_msgs_generate_messages_py
[1.078s] [  0%] Built target actionlib_msgs_generate_messages_lisp
[1.083s] [  0%] Built target std_msgs_generate_messages_eus
[1.084s] [  0%] Built target jsk_footstep_msgs_generate_messages_eus
[1.090s] [  0%] Built target autoware_msgs_generate_messages_nodejs
[1.101s] [  0%] Built target pcl_msgs_generate_messages_lisp
[1.103s] [  0%] Built target autoware_msgs_generate_messages_lisp
[1.116s] [  0%] Built target autoware_msgs_generate_messages_eus
[1.130s] [  0%] Built target actionlib_msgs_generate_messages_eus
[1.141s] [  0%] Built target pcl_msgs_generate_messages_cpp
[1.149s] [  0%] Built target geometry_msgs_generate_messages_cpp
[1.154s] [  0%] Built target geometry_msgs_generate_messages_lisp
[1.154s] [  0%] Built target jsk_recognition_msgs_generate_messages_cpp
[1.170s] [  0%] Built target pcl_msgs_generate_messages_py
[1.174s] [  0%] Built target roscpp_generate_messages_nodejs
[1.185s] [  0%] Built target geometry_msgs_generate_messages_eus
[1.200s] [  0%] Built target jsk_footstep_msgs_generate_messages_py
[1.206s] [  0%] Built target roscpp_generate_messages_eus
[1.213s] [  0%] Built target sensor_msgs_generate_messages_py
[1.226s] [  0%] Built target actionlib_msgs_generate_messages_nodejs
[1.229s] [  0%] Built target geometry_msgs_generate_messages_nodejs
[1.240s] [  0%] Built target std_msgs_generate_messages_cpp
[1.251s] [  0%] Built target jsk_recognition_msgs_generate_messages_py
[1.258s] [  0%] Built target pcl_msgs_generate_messages_nodejs
[1.258s] [  0%] Built target sensor_msgs_generate_messages_lisp
[1.275s] [  0%] Built target rosgraph_msgs_generate_messages_cpp
[1.281s] [  0%] Built target std_msgs_generate_messages_lisp
[1.296s] [  0%] Built target autoware_msgs_generate_messages_cpp
[1.309s] [  0%] Built target sensor_msgs_generate_messages_eus
[1.310s] [  0%] Built target sensor_msgs_generate_messages_cpp
[1.318s] [  0%] Built target std_msgs_generate_messages_nodejs
[1.318s] [  0%] Built target _catkin_empty_exported_target
[1.353s] [  0%] Built target autoware_msgs_generate_messages_py
[1.366s] [  0%] Built target jsk_recognition_msgs_generate_messages_eus
[1.366s] [  0%] Built target jsk_recognition_msgs_generate_messages_lisp
[1.367s] [  0%] Built target jsk_recognition_msgs_generate_messages_nodejs
[1.377s] [  0%] Built target std_msgs_generate_messages_py
[1.381s] [  0%] Built target rosgraph_msgs_generate_messages_eus
[1.405s] [  0%] Built target pcl_msgs_generate_messages_eus
[1.412s] [  0%] Built target geometry_msgs_generate_messages_py
[1.426s] [  0%] Built target roscpp_generate_messages_cpp
[1.432s] [  0%] Built target sensor_msgs_generate_messages_nodejs
[1.512s] [100%] Built target state_machine_lib
[1.593s] [36mInstall the project...[0m
[1.611s] -- Install configuration: "Release"
[1.611s] -- Up-to-date: /home/yeap/APC_2022_Prac/airsimversion/autoware.ai/install/state_machine_lib/lib/pkgconfig/state_machine_lib.pc
[1.612s] -- Up-to-date: /home/yeap/APC_2022_Prac/airsimversion/autoware.ai/install/state_machine_lib/share/state_machine_lib/cmake/state_machine_libConfig.cmake
[1.613s] -- Up-to-date: /home/yeap/APC_2022_Prac/airsimversion/autoware.ai/install/state_machine_lib/share/state_machine_lib/cmake/state_machine_libConfig-version.cmake
[1.613s] -- Up-to-date: /home/yeap/APC_2022_Prac/airsimversion/autoware.ai/install/state_machine_lib/share/state_machine_lib/package.xml
[1.613s] -- Up-to-date: /home/yeap/APC_2022_Prac/airsimversion/autoware.ai/install/state_machine_lib/include/state_machine_lib
[1.613s] -- Up-to-date: /home/yeap/APC_2022_Prac/airsimversion/autoware.ai/install/state_machine_lib/include/state_machine_lib/state_common.hpp
[1.613s] -- Up-to-date: /home/yeap/APC_2022_Prac/airsimversion/autoware.ai/install/state_machine_lib/include/state_machine_lib/state.hpp
[1.613s] -- Up-to-date: /home/yeap/APC_2022_Prac/airsimversion/autoware.ai/install/state_machine_lib/include/state_machine_lib/state_flags.hpp
[1.613s] -- Up-to-date: /home/yeap/APC_2022_Prac/airsimversion/autoware.ai/install/state_machine_lib/include/state_machine_lib/state_context.hpp
[1.613s] -- Up-to-date: /home/yeap/APC_2022_Prac/airsimversion/autoware.ai/install/state_machine_lib/lib/libstate_machine_lib.so
[1.618s] Invoked command in '/home/yeap/APC_2022_Prac/airsimversion/autoware.ai/build/state_machine_lib' returned '0': CMAKE_PREFIX_PATH=/home/yeap/APC_2022_Prac/airsimversion/autoware.ai/install/autoware_msgs:/home/yeap/APC_2022_Prac/airsimversion/autoware.ai/install/autoware_build_flags:${CMAKE_PREFIX_PATH} PKG_CONFIG_PATH=/home/yeap/APC_2022_Prac/airsimversion/autoware.ai/install/autoware_msgs/lib/x86_64-linux-gnu/pkgconfig:/home/yeap/APC_2022_Prac/airsimversion/autoware.ai/install/autoware_msgs/lib/pkgconfig:/home/yeap/APC_2022_Prac/airsimversion/autoware.ai/install/autoware_build_flags/lib/x86_64-linux-gnu/pkgconfig:/home/yeap/APC_2022_Prac/airsimversion/autoware.ai/install/autoware_build_flags/lib/pkgconfig:${PKG_CONFIG_PATH} PYTHONPATH=/home/yeap/APC_2022_Prac/airsimversion/autoware.ai/install/autoware_msgs/lib/python2.7/dist-packages:${PYTHONPATH} ROS_PACKAGE_PATH=/home/yeap/APC_2022_Prac/airsimversion/autoware.ai/install/autoware_msgs/share:/home/yeap/APC_2022_Prac/airsimversion/autoware.ai/install/autoware_build_flags/share:${ROS_PACKAGE_PATH} /usr/bin/cmake --build /home/yeap/APC_2022_Prac/airsimversion/autoware.ai/build/state_machine_lib --target install -- -j6 -l6
