[0.024s] Invoking command in '/home/yeap/APC_2022_Prac/airsimversion/autoware.ai/build/mrt_cmake_modules': /usr/bin/cmake --build /home/yeap/APC_2022_Prac/airsimversion/autoware.ai/build/mrt_cmake_modules -- -j6 -l6
[0.079s] Invoked command in '/home/yeap/APC_2022_Prac/airsimversion/autoware.ai/build/mrt_cmake_modules' returned '0': /usr/bin/cmake --build /home/yeap/APC_2022_Prac/airsimversion/autoware.ai/build/mrt_cmake_modules -- -j6 -l6
[0.110s] Invoking command in '/home/yeap/APC_2022_Prac/airsimversion/autoware.ai/build/mrt_cmake_modules': /usr/bin/cmake --build /home/yeap/APC_2022_Prac/airsimversion/autoware.ai/build/mrt_cmake_modules --target tests -- -j6 -l6
[0.236s] Built target tests
[0.268s] Invoked command in '/home/yeap/APC_2022_Prac/airsimversion/autoware.ai/build/mrt_cmake_modules' returned '0': /usr/bin/cmake --build /home/yeap/APC_2022_Prac/airsimversion/autoware.ai/build/mrt_cmake_modules --target tests -- -j6 -l6
[0.375s] Invoking command in '/home/yeap/APC_2022_Prac/airsimversion/autoware.ai/build/mrt_cmake_modules': /usr/bin/cmake --build /home/yeap/APC_2022_Prac/airsimversion/autoware.ai/build/mrt_cmake_modules --target install -- -j6 -l6
[0.514s] [36mInstall the project...[0m
[0.524s] -- Install configuration: "Release"
[0.532s] + cd /home/yeap/APC_2022_Prac/airsimversion/autoware.ai/src/vendor/mrt_cmake_modules
[0.532s] + mkdir -p /home/yeap/APC_2022_Prac/airsimversion/autoware.ai/install/mrt_cmake_modules/lib/python2.7/dist-packages
[0.535s] + /usr/bin/env PYTHONPATH=/home/yeap/APC_2022_Prac/airsimversion/autoware.ai/install/mrt_cmake_modules/lib/python2.7/dist-packages:/home/yeap/APC_2022_Prac/airsimversion/autoware.ai/build/mrt_cmake_modules/lib/python2.7/dist-packages:/opt/ros/melodic/lib/python2.7/dist-packages CATKIN_BINARY_DIR=/home/yeap/APC_2022_Prac/airsimversion/autoware.ai/build/mrt_cmake_modules /usr/bin/python2 /home/yeap/APC_2022_Prac/airsimversion/autoware.ai/src/vendor/mrt_cmake_modules/setup.py build --build-base /home/yeap/APC_2022_Prac/airsimversion/autoware.ai/build/mrt_cmake_modules install --root=/ --install-layout=deb --prefix=/home/yeap/APC_2022_Prac/airsimversion/autoware.ai/install/mrt_cmake_modules --install-scripts=/home/yeap/APC_2022_Prac/airsimversion/autoware.ai/install/mrt_cmake_modules/bin
[0.609s] running build
[0.609s] running build_py
[0.611s] running install
[0.611s] running install_lib
[0.612s] running install_egg_info
[0.613s] Removing /home/yeap/APC_2022_Prac/airsimversion/autoware.ai/install/mrt_cmake_modules/lib/python2.7/dist-packages/mrt_cmake_modules-1.0.0.egg-info
[0.616s] Writing /home/yeap/APC_2022_Prac/airsimversion/autoware.ai/install/mrt_cmake_modules/lib/python2.7/dist-packages/mrt_cmake_modules-1.0.0.egg-info
[0.621s] -- Up-to-date: /home/yeap/APC_2022_Prac/airsimversion/autoware.ai/install/mrt_cmake_modules/lib/pkgconfig/mrt_cmake_modules.pc
[0.622s] -- Up-to-date: /home/yeap/APC_2022_Prac/airsimversion/autoware.ai/install/mrt_cmake_modules/share/mrt_cmake_modules/cmake/mrt_cmake_modules-extras.cmake
[0.622s] -- Up-to-date: /home/yeap/APC_2022_Prac/airsimversion/autoware.ai/install/mrt_cmake_modules/share/mrt_cmake_modules/cmake/mrt_cmake_modulesConfig.cmake
[0.622s] -- Up-to-date: /home/yeap/APC_2022_Prac/airsimversion/autoware.ai/install/mrt_cmake_modules/share/mrt_cmake_modules/cmake/mrt_cmake_modulesConfig-version.cmake
[0.622s] -- Up-to-date: /home/yeap/APC_2022_Prac/airsimversion/autoware.ai/install/mrt_cmake_modules/share/mrt_cmake_modules/package.xml
[0.622s] -- Up-to-date: /home/yeap/APC_2022_Prac/airsimversion/autoware.ai/install/mrt_cmake_modules/share/mrt_cmake_modules/cmake/Modules
[0.622s] -- Up-to-date: /home/yeap/APC_2022_Prac/airsimversion/autoware.ai/install/mrt_cmake_modules/share/mrt_cmake_modules/cmake/Modules/FindMrtCeres.cmake
[0.622s] -- Up-to-date: /home/yeap/APC_2022_Prac/airsimversion/autoware.ai/install/mrt_cmake_modules/share/mrt_cmake_modules/cmake/Modules/FindMrtSuiteSparse.cmake
[0.623s] -- Up-to-date: /home/yeap/APC_2022_Prac/airsimversion/autoware.ai/install/mrt_cmake_modules/share/mrt_cmake_modules/cmake/Modules/Findlibgps.cmake
[0.623s] -- Up-to-date: /home/yeap/APC_2022_Prac/airsimversion/autoware.ai/install/mrt_cmake_modules/share/mrt_cmake_modules/cmake/Modules/UseMrtAutoTarget.cmake
[0.623s] -- Up-to-date: /home/yeap/APC_2022_Prac/airsimversion/autoware.ai/install/mrt_cmake_modules/share/mrt_cmake_modules/cmake/Modules/FindMrtLeptonica.cmake
[0.623s] -- Up-to-date: /home/yeap/APC_2022_Prac/airsimversion/autoware.ai/install/mrt_cmake_modules/share/mrt_cmake_modules/cmake/Modules/FindTinyXML.cmake
[0.623s] -- Up-to-date: /home/yeap/APC_2022_Prac/airsimversion/autoware.ai/install/mrt_cmake_modules/share/mrt_cmake_modules/cmake/Modules/Findrange-v3.cmake
[0.623s] -- Up-to-date: /home/yeap/APC_2022_Prac/airsimversion/autoware.ai/install/mrt_cmake_modules/share/mrt_cmake_modules/cmake/Modules/FindMrtCTensorflow.cmake
[0.623s] -- Up-to-date: /home/yeap/APC_2022_Prac/airsimversion/autoware.ai/install/mrt_cmake_modules/share/mrt_cmake_modules/cmake/Modules/Findgtest.cmake
[0.623s] -- Up-to-date: /home/yeap/APC_2022_Prac/airsimversion/autoware.ai/install/mrt_cmake_modules/share/mrt_cmake_modules/cmake/Modules/FindClangTidy.cmake
[0.623s] -- Up-to-date: /home/yeap/APC_2022_Prac/airsimversion/autoware.ai/install/mrt_cmake_modules/share/mrt_cmake_modules/cmake/Modules/CatkinMockForConan.cmake
[0.623s] -- Up-to-date: /home/yeap/APC_2022_Prac/airsimversion/autoware.ai/install/mrt_cmake_modules/share/mrt_cmake_modules/cmake/Modules/FindMrtANN.cmake
[0.623s] -- Up-to-date: /home/yeap/APC_2022_Prac/airsimversion/autoware.ai/install/mrt_cmake_modules/share/mrt_cmake_modules/cmake/Modules/Findpugixml.cmake
[0.623s] -- Up-to-date: /home/yeap/APC_2022_Prac/airsimversion/autoware.ai/install/mrt_cmake_modules/share/mrt_cmake_modules/cmake/Modules/FindIpopt.cmake
[0.623s] -- Up-to-date: /home/yeap/APC_2022_Prac/airsimversion/autoware.ai/install/mrt_cmake_modules/share/mrt_cmake_modules/cmake/Modules/MrtParamGenerator.cmake
[0.623s] -- Up-to-date: /home/yeap/APC_2022_Prac/airsimversion/autoware.ai/install/mrt_cmake_modules/share/mrt_cmake_modules/cmake/Modules/FindCairo.cmake
[0.623s] -- Up-to-date: /home/yeap/APC_2022_Prac/airsimversion/autoware.ai/install/mrt_cmake_modules/share/mrt_cmake_modules/cmake/Modules/FindMrtQt4.cmake
[0.623s] -- Up-to-date: /home/yeap/APC_2022_Prac/airsimversion/autoware.ai/install/mrt_cmake_modules/share/mrt_cmake_modules/cmake/Modules/FindOSG.cmake
[0.624s] -- Up-to-date: /home/yeap/APC_2022_Prac/airsimversion/autoware.ai/install/mrt_cmake_modules/share/mrt_cmake_modules/cmake/Modules/FindGTKMM.cmake
[0.624s] -- Up-to-date: /home/yeap/APC_2022_Prac/airsimversion/autoware.ai/install/mrt_cmake_modules/share/mrt_cmake_modules/cmake/Modules/FindEigen2.cmake
[0.624s] -- Up-to-date: /home/yeap/APC_2022_Prac/airsimversion/autoware.ai/install/mrt_cmake_modules/share/mrt_cmake_modules/cmake/Modules/FindMrtCaffe.cmake
[0.624s] -- Up-to-date: /home/yeap/APC_2022_Prac/airsimversion/autoware.ai/install/mrt_cmake_modules/share/mrt_cmake_modules/cmake/Modules/FindMrtPCL.cmake
[0.624s] -- Up-to-date: /home/yeap/APC_2022_Prac/airsimversion/autoware.ai/install/mrt_cmake_modules/share/mrt_cmake_modules/cmake/Modules/FindG2O.cmake
[0.624s] -- Up-to-date: /home/yeap/APC_2022_Prac/airsimversion/autoware.ai/install/mrt_cmake_modules/share/mrt_cmake_modules/cmake/Modules/FindPoco.cmake
[0.624s] -- Up-to-date: /home/yeap/APC_2022_Prac/airsimversion/autoware.ai/install/mrt_cmake_modules/share/mrt_cmake_modules/cmake/Modules/MRTCoverage.cmake
[0.624s] -- Up-to-date: /home/yeap/APC_2022_Prac/airsimversion/autoware.ai/install/mrt_cmake_modules/share/mrt_cmake_modules/cmake/Modules/FindAravis.cmake
[0.624s] -- Up-to-date: /home/yeap/APC_2022_Prac/airsimversion/autoware.ai/install/mrt_cmake_modules/share/mrt_cmake_modules/cmake/Modules/FindMrtQt5.cmake
[0.624s] -- Up-to-date: /home/yeap/APC_2022_Prac/airsimversion/autoware.ai/install/mrt_cmake_modules/share/mrt_cmake_modules/cmake/Modules/FindMinpack.cmake
[0.624s] -- Up-to-date: /home/yeap/APC_2022_Prac/airsimversion/autoware.ai/install/mrt_cmake_modules/share/mrt_cmake_modules/cmake/Modules/FindMrtCUDA.cmake
[0.624s] -- Up-to-date: /home/yeap/APC_2022_Prac/airsimversion/autoware.ai/install/mrt_cmake_modules/share/mrt_cmake_modules/cmake/Modules/FindFlann.cmake
[0.624s] -- Up-to-date: /home/yeap/APC_2022_Prac/airsimversion/autoware.ai/install/mrt_cmake_modules/share/mrt_cmake_modules/cmake/Modules/FindAutoDeps.cmake
[0.624s] -- Up-to-date: /home/yeap/APC_2022_Prac/airsimversion/autoware.ai/install/mrt_cmake_modules/share/mrt_cmake_modules/cmake/Modules/FindMrtMetis.cmake
[0.624s] -- Up-to-date: /home/yeap/APC_2022_Prac/airsimversion/autoware.ai/install/mrt_cmake_modules/share/mrt_cmake_modules/cmake/Modules/FindGTest-headers.cmake
[0.625s] -- Up-to-date: /home/yeap/APC_2022_Prac/airsimversion/autoware.ai/install/mrt_cmake_modules/share/mrt_cmake_modules/cmake/Modules/UseMrtStdCompilerFlags.cmake
[0.625s] -- Up-to-date: /home/yeap/APC_2022_Prac/airsimversion/autoware.ai/install/mrt_cmake_modules/share/mrt_cmake_modules/cmake/Modules/FindMrtTesseract.cmake
[0.625s] -- Up-to-date: /home/yeap/APC_2022_Prac/airsimversion/autoware.ai/install/mrt_cmake_modules/share/mrt_cmake_modules/cmake/Modules/FindMrtTensorflow.cmake
[0.625s] -- Up-to-date: /home/yeap/APC_2022_Prac/airsimversion/autoware.ai/install/mrt_cmake_modules/share/mrt_cmake_modules/cmake/Modules/FindBoostPython.cmake
[0.625s] -- Up-to-date: /home/yeap/APC_2022_Prac/airsimversion/autoware.ai/install/mrt_cmake_modules/share/mrt_cmake_modules/cmake/Modules/FindMrtebus-sdk.cmake
[0.625s] -- Up-to-date: /home/yeap/APC_2022_Prac/airsimversion/autoware.ai/install/mrt_cmake_modules/share/mrt_cmake_modules/cmake/Modules/FindMrtnlopt.cmake
[0.625s] -- Up-to-date: /home/yeap/APC_2022_Prac/airsimversion/autoware.ai/install/mrt_cmake_modules/share/mrt_cmake_modules/cmake/Modules/Findyaml-cpp.cmake
[0.625s] -- Up-to-date: /home/yeap/APC_2022_Prac/airsimversion/autoware.ai/install/mrt_cmake_modules/share/mrt_cmake_modules/cmake/Modules/FindGlog.cmake
[0.625s] -- Up-to-date: /home/yeap/APC_2022_Prac/airsimversion/autoware.ai/install/mrt_cmake_modules/share/mrt_cmake_modules/cmake/Modules/FindMrtVTK.cmake
[0.625s] -- Up-to-date: /home/yeap/APC_2022_Prac/airsimversion/autoware.ai/install/mrt_cmake_modules/share/mrt_cmake_modules/cmake/Modules/FindPCAP.cmake
[0.625s] -- Up-to-date: /home/yeap/APC_2022_Prac/airsimversion/autoware.ai/install/mrt_cmake_modules/share/mrt_cmake_modules/cmake/Modules/FindMrtbenchmark.cmake
[0.625s] -- Up-to-date: /home/yeap/APC_2022_Prac/airsimversion/autoware.ai/install/mrt_cmake_modules/share/mrt_cmake_modules/cmake/Modules/FindMrtSDL2.cmake
[0.625s] -- Up-to-date: /home/yeap/APC_2022_Prac/airsimversion/autoware.ai/install/mrt_cmake_modules/share/mrt_cmake_modules/cmake/Modules/FindMrtf2c.cmake
[0.625s] -- Up-to-date: /home/yeap/APC_2022_Prac/airsimversion/autoware.ai/install/mrt_cmake_modules/share/mrt_cmake_modules/cmake/Modules/FindGeographicLib.cmake
[0.625s] -- Up-to-date: /home/yeap/APC_2022_Prac/airsimversion/autoware.ai/install/mrt_cmake_modules/share/mrt_cmake_modules/cmake/Modules/FindRapidXML.cmake
[0.626s] -- Up-to-date: /home/yeap/APC_2022_Prac/airsimversion/autoware.ai/install/mrt_cmake_modules/share/mrt_cmake_modules/cmake/Modules/GatherDeps.cmake
[0.626s] -- Up-to-date: /home/yeap/APC_2022_Prac/airsimversion/autoware.ai/install/mrt_cmake_modules/share/mrt_cmake_modules/cmake/Modules/FindIGL.cmake
[0.626s] -- Up-to-date: /home/yeap/APC_2022_Prac/airsimversion/autoware.ai/install/mrt_cmake_modules/share/mrt_cmake_modules/cmake/Modules/FindSqlite3.cmake
[0.626s] -- Up-to-date: /home/yeap/APC_2022_Prac/airsimversion/autoware.ai/install/mrt_cmake_modules/share/mrt_cmake_modules/cmake/Modules/FindQwt.cmake
[0.626s] -- Up-to-date: /home/yeap/APC_2022_Prac/airsimversion/autoware.ai/install/mrt_cmake_modules/share/mrt_cmake_modules/cmake/Modules/FindMrtOpenCV.cmake
[0.626s] -- Up-to-date: /home/yeap/APC_2022_Prac/airsimversion/autoware.ai/install/mrt_cmake_modules/share/mrt_cmake_modules/cmake/Modules/FindTBB.cmake
[0.626s] -- Up-to-date: /home/yeap/APC_2022_Prac/airsimversion/autoware.ai/install/mrt_cmake_modules/share/mrt_cmake_modules/cmake/Modules/FindMrtCereal.cmake
[0.626s] -- Up-to-date: /home/yeap/APC_2022_Prac/airsimversion/autoware.ai/install/mrt_cmake_modules/share/mrt_cmake_modules/cmake/Modules/FindPNG++.cmake
[0.626s] -- Up-to-date: /home/yeap/APC_2022_Prac/airsimversion/autoware.ai/install/mrt_cmake_modules/share/mrt_cmake_modules/scripts/generate_cmake_dependency_file.py
[0.628s] Invoked command in '/home/yeap/APC_2022_Prac/airsimversion/autoware.ai/build/mrt_cmake_modules' returned '0': /usr/bin/cmake --build /home/yeap/APC_2022_Prac/airsimversion/autoware.ai/build/mrt_cmake_modules --target install -- -j6 -l6
