[0.038s] Invoking command in '/home/yeap/APC_2022_Prac/airsimversion/autoware.ai/build/lanelet2_io': CMAKE_PREFIX_PATH=/home/yeap/APC_2022_Prac/airsimversion/autoware.ai/install/lanelet2_core:/home/yeap/APC_2022_Prac/airsimversion/autoware.ai/install/mrt_cmake_modules:${CMAKE_PREFIX_PATH} LD_LIBRARY_PATH=/home/yeap/APC_2022_Prac/airsimversion/autoware.ai/install/lanelet2_core/lib:${LD_LIBRARY_PATH} PKG_CONFIG_PATH=/home/yeap/APC_2022_Prac/airsimversion/autoware.ai/install/lanelet2_core/lib/x86_64-linux-gnu/pkgconfig:/home/yeap/APC_2022_Prac/airsimversion/autoware.ai/install/lanelet2_core/lib/pkgconfig:/home/yeap/APC_2022_Prac/airsimversion/autoware.ai/install/mrt_cmake_modules/lib/x86_64-linux-gnu/pkgconfig:/home/yeap/APC_2022_Prac/airsimversion/autoware.ai/install/mrt_cmake_modules/lib/pkgconfig:${PKG_CONFIG_PATH} PYTHONPATH=/home/yeap/APC_2022_Prac/airsimversion/autoware.ai/install/mrt_cmake_modules/lib/python2.7/dist-packages:${PYTHONPATH} ROS_PACKAGE_PATH=/home/yeap/APC_2022_Prac/airsimversion/autoware.ai/install/lanelet2_core/share:/home/yeap/APC_2022_Prac/airsimversion/autoware.ai/install/mrt_cmake_modules/share:${ROS_PACKAGE_PATH} /usr/bin/cmake /home/yeap/APC_2022_Prac/airsimversion/autoware.ai/src/vendor/lanelet2/lanelet2_io -DCMAKE_BUILD_TYPE=Release -DCATKIN_INSTALL_INTO_PREFIX_ROOT=0 -DCMAKE_INSTALL_PREFIX=/home/yeap/APC_2022_Prac/airsimversion/autoware.ai/install/lanelet2_io
[0.107s] -- The C compiler identification is GNU 7.5.0
[0.188s] -- The CXX compiler identification is GNU 7.5.0
[0.196s] -- Check for working C compiler: /usr/bin/cc
[0.272s] -- Check for working C compiler: /usr/bin/cc -- works
[0.272s] -- Detecting C compiler ABI info
[0.353s] -- Detecting C compiler ABI info - done
[0.357s] -- Detecting C compile features
[0.568s] -- Detecting C compile features - done
[0.571s] -- Check for working CXX compiler: /usr/bin/c++
[0.652s] -- Check for working CXX compiler: /usr/bin/c++ -- works
[0.653s] -- Detecting CXX compiler ABI info
[0.763s] -- Detecting CXX compiler ABI info - done
[0.768s] -- Detecting CXX compile features
[1.142s] -- Detecting CXX compile features - done
[1.147s] -- MRT_ARCH not set and X86 target detected (x86_64)
[1.147s] -- Setting -march to sandybridge
[1.445s] -- Found OpenMP_C: -fopenmp (found version "4.5") 
[1.537s] -- Found OpenMP_CXX: -fopenmp (found version "4.5") 
[1.537s] -- Found OpenMP: TRUE (found version "4.5")  
[1.543s] -- Performing Test FLAG_AVAILABLE
[1.628s] -- Performing Test FLAG_AVAILABLE - Success
[1.630s] -- Using CATKIN_DEVEL_PREFIX: /home/yeap/APC_2022_Prac/airsimversion/autoware.ai/build/lanelet2_io/devel
[1.630s] -- Using CMAKE_PREFIX_PATH: /home/yeap/APC_2022_Prac/airsimversion/autoware.ai/install/lanelet2_core;/home/yeap/APC_2022_Prac/airsimversion/autoware.ai/install/mrt_cmake_modules;/opt/ros/melodic
[1.630s] -- This workspace overlays: /home/yeap/APC_2022_Prac/airsimversion/autoware.ai/install/lanelet2_core;/home/yeap/APC_2022_Prac/airsimversion/autoware.ai/install/mrt_cmake_modules;/opt/ros/melodic
[1.646s] -- Found PythonInterp: /usr/bin/python2 (found suitable version "2.7.17", minimum required is "2") 
[1.647s] -- Using PYTHON_EXECUTABLE: /usr/bin/python2
[1.647s] -- Using Debian Python package layout
[1.648s] -- Using empy: /usr/bin/empy
[1.811s] -- Using CATKIN_ENABLE_TESTING: ON
[1.811s] -- Call enable_testing()
[1.813s] -- Using CATKIN_TEST_RESULTS_DIR: /home/yeap/APC_2022_Prac/airsimversion/autoware.ai/build/lanelet2_io/test_results
[1.832s] -- Found gtest sources under '/usr/src/googletest': gtests will be built
[1.833s] -- Found gmock sources under '/usr/src/googletest': gmock will be built
[1.848s] -- Found PythonInterp: /usr/bin/python2 (found version "2.7.17") 
[1.849s] -- Looking for pthread.h
[1.927s] -- Looking for pthread.h - found
[1.927s] -- Looking for pthread_create
[2.009s] -- Looking for pthread_create - found
[2.011s] -- Found Threads: TRUE  
[2.016s] -- Using Python nosetests: /usr/bin/nosetests-2.7
[2.068s] -- catkin 0.7.29
[2.068s] -- BUILD_SHARED_LIBS is on
[2.533s] -- Found pugixml: /usr/lib/x86_64-linux-gnu/libpugixml.so  
[2.694s] -- Boost version: 1.65.1
[2.694s] -- Found the following Boost libraries:
[2.694s] --   wserialization
[2.694s] --   thread
[2.694s] --   random
[2.694s] --   serialization
[2.694s] --   log_setup
[2.695s] --   prg_exec_monitor
[2.695s] --   wave
[2.695s] --   system
[2.695s] --   signals
[2.695s] --   chrono
[2.695s] --   filesystem
[2.695s] --   locale
[2.695s] --   timer
[2.695s] --   date_time
[2.695s] --   regex
[2.695s] --   graph
[2.696s] --   program_options
[2.696s] --   unit_test_framework
[2.696s] --   log
[2.696s] --   atomic
[2.841s] -- Adding library "lanelet2_io" with source src/BinHandler.cpp;src/Factory.cpp;src/Io.cpp;src/OsmFile.cpp;src/OsmHandlerLoad.cpp;src/OsmHandlerWrite.cpp
[2.842s] -- Marking targets "lanelet2_io" of package "lanelet2_io" for installation
[2.842s] -- Marking HEADER FILES in "include" folder of package "lanelet2_io" for installation
[2.843s] -- Adding gtest unittest "lanelet2_io-TestBinHandler-test" with working dir /home/yeap/APC_2022_Prac/airsimversion/autoware.ai/src/vendor/lanelet2/lanelet2_io/test
[2.845s] -- Adding gtest unittest "lanelet2_io-TestLanelet2Io-test" with working dir /home/yeap/APC_2022_Prac/airsimversion/autoware.ai/src/vendor/lanelet2/lanelet2_io/test
[2.847s] -- Adding gtest unittest "lanelet2_io-TestOsmFile-test" with working dir /home/yeap/APC_2022_Prac/airsimversion/autoware.ai/src/vendor/lanelet2/lanelet2_io/test
[2.848s] -- Adding gtest unittest "lanelet2_io-TestOsmHandler-test" with working dir /home/yeap/APC_2022_Prac/airsimversion/autoware.ai/src/vendor/lanelet2/lanelet2_io/test
[2.850s] -- Adding gtest unittest "lanelet2_io-TestSimpleUsage-test" with working dir /home/yeap/APC_2022_Prac/airsimversion/autoware.ai/src/vendor/lanelet2/lanelet2_io/test
[2.852s] -- Adding nosetests in folder test
[2.858s] -- Configuring done
[2.912s] -- Generating done
[2.918s] -- Build files have been written to: /home/yeap/APC_2022_Prac/airsimversion/autoware.ai/build/lanelet2_io
[2.930s] Invoked command in '/home/yeap/APC_2022_Prac/airsimversion/autoware.ai/build/lanelet2_io' returned '0': CMAKE_PREFIX_PATH=/home/yeap/APC_2022_Prac/airsimversion/autoware.ai/install/lanelet2_core:/home/yeap/APC_2022_Prac/airsimversion/autoware.ai/install/mrt_cmake_modules:${CMAKE_PREFIX_PATH} LD_LIBRARY_PATH=/home/yeap/APC_2022_Prac/airsimversion/autoware.ai/install/lanelet2_core/lib:${LD_LIBRARY_PATH} PKG_CONFIG_PATH=/home/yeap/APC_2022_Prac/airsimversion/autoware.ai/install/lanelet2_core/lib/x86_64-linux-gnu/pkgconfig:/home/yeap/APC_2022_Prac/airsimversion/autoware.ai/install/lanelet2_core/lib/pkgconfig:/home/yeap/APC_2022_Prac/airsimversion/autoware.ai/install/mrt_cmake_modules/lib/x86_64-linux-gnu/pkgconfig:/home/yeap/APC_2022_Prac/airsimversion/autoware.ai/install/mrt_cmake_modules/lib/pkgconfig:${PKG_CONFIG_PATH} PYTHONPATH=/home/yeap/APC_2022_Prac/airsimversion/autoware.ai/install/mrt_cmake_modules/lib/python2.7/dist-packages:${PYTHONPATH} ROS_PACKAGE_PATH=/home/yeap/APC_2022_Prac/airsimversion/autoware.ai/install/lanelet2_core/share:/home/yeap/APC_2022_Prac/airsimversion/autoware.ai/install/mrt_cmake_modules/share:${ROS_PACKAGE_PATH} /usr/bin/cmake /home/yeap/APC_2022_Prac/airsimversion/autoware.ai/src/vendor/lanelet2/lanelet2_io -DCMAKE_BUILD_TYPE=Release -DCATKIN_INSTALL_INTO_PREFIX_ROOT=0 -DCMAKE_INSTALL_PREFIX=/home/yeap/APC_2022_Prac/airsimversion/autoware.ai/install/lanelet2_io
[2.931s] Invoking command in '/home/yeap/APC_2022_Prac/airsimversion/autoware.ai/build/lanelet2_io': CMAKE_PREFIX_PATH=/home/yeap/APC_2022_Prac/airsimversion/autoware.ai/install/lanelet2_core:/home/yeap/APC_2022_Prac/airsimversion/autoware.ai/install/mrt_cmake_modules:${CMAKE_PREFIX_PATH} LD_LIBRARY_PATH=/home/yeap/APC_2022_Prac/airsimversion/autoware.ai/install/lanelet2_core/lib:${LD_LIBRARY_PATH} PKG_CONFIG_PATH=/home/yeap/APC_2022_Prac/airsimversion/autoware.ai/install/lanelet2_core/lib/x86_64-linux-gnu/pkgconfig:/home/yeap/APC_2022_Prac/airsimversion/autoware.ai/install/lanelet2_core/lib/pkgconfig:/home/yeap/APC_2022_Prac/airsimversion/autoware.ai/install/mrt_cmake_modules/lib/x86_64-linux-gnu/pkgconfig:/home/yeap/APC_2022_Prac/airsimversion/autoware.ai/install/mrt_cmake_modules/lib/pkgconfig:${PKG_CONFIG_PATH} PYTHONPATH=/home/yeap/APC_2022_Prac/airsimversion/autoware.ai/install/mrt_cmake_modules/lib/python2.7/dist-packages:${PYTHONPATH} ROS_PACKAGE_PATH=/home/yeap/APC_2022_Prac/airsimversion/autoware.ai/install/lanelet2_core/share:/home/yeap/APC_2022_Prac/airsimversion/autoware.ai/install/mrt_cmake_modules/share:${ROS_PACKAGE_PATH} /usr/bin/cmake --build /home/yeap/APC_2022_Prac/airsimversion/autoware.ai/build/lanelet2_io -- -j6 -l6
[2.982s] [35m[1mScanning dependencies of target _catkin_empty_exported_target[0m
[2.995s] [  0%] Built target _catkin_empty_exported_target
[3.007s] [35m[1mScanning dependencies of target lanelet2_io[0m
[3.086s] [ 14%] [32mBuilding CXX object CMakeFiles/lanelet2_io.dir/src/BinHandler.cpp.o[0m
[15.127s] [ 28%] [32mBuilding CXX object CMakeFiles/lanelet2_io.dir/src/OsmHandlerWrite.cpp.o[0m
[21.113s] [ 42%] [32mBuilding CXX object CMakeFiles/lanelet2_io.dir/src/OsmHandlerLoad.cpp.o[0m
[33.289s] [ 57%] [32mBuilding CXX object CMakeFiles/lanelet2_io.dir/src/OsmFile.cpp.o[0m
[36.812s] [ 71%] [32mBuilding CXX object CMakeFiles/lanelet2_io.dir/src/Io.cpp.o[0m
[40.687s] [ 85%] [32mBuilding CXX object CMakeFiles/lanelet2_io.dir/src/Factory.cpp.o[0m
[44.742s] [100%] [32m[1mLinking CXX shared library devel/lib/liblanelet2_io.so[0m
[44.835s] [100%] Built target lanelet2_io
[44.857s] Invoked command in '/home/yeap/APC_2022_Prac/airsimversion/autoware.ai/build/lanelet2_io' returned '0': CMAKE_PREFIX_PATH=/home/yeap/APC_2022_Prac/airsimversion/autoware.ai/install/lanelet2_core:/home/yeap/APC_2022_Prac/airsimversion/autoware.ai/install/mrt_cmake_modules:${CMAKE_PREFIX_PATH} LD_LIBRARY_PATH=/home/yeap/APC_2022_Prac/airsimversion/autoware.ai/install/lanelet2_core/lib:${LD_LIBRARY_PATH} PKG_CONFIG_PATH=/home/yeap/APC_2022_Prac/airsimversion/autoware.ai/install/lanelet2_core/lib/x86_64-linux-gnu/pkgconfig:/home/yeap/APC_2022_Prac/airsimversion/autoware.ai/install/lanelet2_core/lib/pkgconfig:/home/yeap/APC_2022_Prac/airsimversion/autoware.ai/install/mrt_cmake_modules/lib/x86_64-linux-gnu/pkgconfig:/home/yeap/APC_2022_Prac/airsimversion/autoware.ai/install/mrt_cmake_modules/lib/pkgconfig:${PKG_CONFIG_PATH} PYTHONPATH=/home/yeap/APC_2022_Prac/airsimversion/autoware.ai/install/mrt_cmake_modules/lib/python2.7/dist-packages:${PYTHONPATH} ROS_PACKAGE_PATH=/home/yeap/APC_2022_Prac/airsimversion/autoware.ai/install/lanelet2_core/share:/home/yeap/APC_2022_Prac/airsimversion/autoware.ai/install/mrt_cmake_modules/share:${ROS_PACKAGE_PATH} /usr/bin/cmake --build /home/yeap/APC_2022_Prac/airsimversion/autoware.ai/build/lanelet2_io -- -j6 -l6
[44.918s] Invoking command in '/home/yeap/APC_2022_Prac/airsimversion/autoware.ai/build/lanelet2_io': CMAKE_PREFIX_PATH=/home/yeap/APC_2022_Prac/airsimversion/autoware.ai/install/lanelet2_core:/home/yeap/APC_2022_Prac/airsimversion/autoware.ai/install/mrt_cmake_modules:${CMAKE_PREFIX_PATH} LD_LIBRARY_PATH=/home/yeap/APC_2022_Prac/airsimversion/autoware.ai/install/lanelet2_core/lib:${LD_LIBRARY_PATH} PKG_CONFIG_PATH=/home/yeap/APC_2022_Prac/airsimversion/autoware.ai/install/lanelet2_core/lib/x86_64-linux-gnu/pkgconfig:/home/yeap/APC_2022_Prac/airsimversion/autoware.ai/install/lanelet2_core/lib/pkgconfig:/home/yeap/APC_2022_Prac/airsimversion/autoware.ai/install/mrt_cmake_modules/lib/x86_64-linux-gnu/pkgconfig:/home/yeap/APC_2022_Prac/airsimversion/autoware.ai/install/mrt_cmake_modules/lib/pkgconfig:${PKG_CONFIG_PATH} PYTHONPATH=/home/yeap/APC_2022_Prac/airsimversion/autoware.ai/install/mrt_cmake_modules/lib/python2.7/dist-packages:${PYTHONPATH} ROS_PACKAGE_PATH=/home/yeap/APC_2022_Prac/airsimversion/autoware.ai/install/lanelet2_core/share:/home/yeap/APC_2022_Prac/airsimversion/autoware.ai/install/mrt_cmake_modules/share:${ROS_PACKAGE_PATH} /usr/bin/cmake --build /home/yeap/APC_2022_Prac/airsimversion/autoware.ai/build/lanelet2_io --target tests -- -j6 -l6
[44.975s] [35m[1mScanning dependencies of target gtest[0m
[44.994s] [  4%] [32mBuilding CXX object gtest/googlemock/gtest/CMakeFiles/gtest.dir/src/gtest-all.cc.o[0m
[50.438s] [  9%] [32m[1mLinking CXX shared library libgtest.so[0m
[50.491s] [  9%] Built target gtest
[50.520s] [  9%] Built target _catkin_empty_exported_target
[50.532s] [35m[1mScanning dependencies of target gtest_main[0m
[50.558s] [ 14%] [32mBuilding CXX object gtest/googlemock/gtest/CMakeFiles/gtest_main.dir/src/gtest_main.cc.o[0m
[51.154s] [ 19%] [32m[1mLinking CXX shared library libgtest_main.so[0m
[51.203s] [ 19%] Built target gtest_main
[51.240s] [ 52%] Built target lanelet2_io
[51.254s] [35m[1mScanning dependencies of target lanelet2_io-TestOsmHandler-test[0m
[51.307s] [ 57%] [32mBuilding CXX object CMakeFiles/lanelet2_io-TestOsmHandler-test.dir/test/TestOsmHandler.cpp.o[0m
[58.888s] [ 61%] [32m[1mLinking CXX executable devel/lib/lanelet2_io/lanelet2_io-TestOsmHandler-test[0m
[58.952s] CMakeFiles/lanelet2_io-TestOsmHandler-test.dir/test/TestOsmHandler.cpp.o:TestOsmHandler.cpp:function OsmHandler_writeMapWithLaneletAndAreaToFile_Test::TestBody(): warning: the use of `tmpnam' is dangerous, better use `mkstemp'
[58.964s] [ 61%] Built target lanelet2_io-TestOsmHandler-test
[58.975s] [35m[1mScanning dependencies of target lanelet2_io-TestSimpleUsage-test[0m
[59.027s] [ 66%] [32mBuilding CXX object CMakeFiles/lanelet2_io-TestSimpleUsage-test.dir/test/TestSimpleUsage.cpp.o[0m
[62.606s] [ 71%] [32m[1mLinking CXX executable devel/lib/lanelet2_io/lanelet2_io-TestSimpleUsage-test[0m
[62.669s] CMakeFiles/lanelet2_io-TestSimpleUsage-test.dir/test/TestSimpleUsage.cpp.o:TestSimpleUsage.cpp:function lanelet2_io_exampleUsage_Test::TestBody(): warning: the use of `tmpnam' is dangerous, better use `mkstemp'
[62.681s] [ 71%] Built target lanelet2_io-TestSimpleUsage-test
[62.694s] [35m[1mScanning dependencies of target lanelet2_io-TestLanelet2Io-test[0m
[62.748s] [ 76%] [32mBuilding CXX object CMakeFiles/lanelet2_io-TestLanelet2Io-test.dir/test/TestLanelet2Io.cpp.o[0m
[66.812s] [ 80%] [32m[1mLinking CXX executable devel/lib/lanelet2_io/lanelet2_io-TestLanelet2Io-test[0m
[66.874s] CMakeFiles/lanelet2_io-TestLanelet2Io-test.dir/test/TestLanelet2Io.cpp.o:TestLanelet2Io.cpp:function lanelet2_io_exceptionTest_Test::TestBody(): warning: the use of `tmpnam' is dangerous, better use `mkstemp'
[66.884s] [ 80%] Built target lanelet2_io-TestLanelet2Io-test
[66.916s] [35m[1mScanning dependencies of target lanelet2_io-TestOsmFile-test[0m
[66.938s] [ 85%] [32mBuilding CXX object CMakeFiles/lanelet2_io-TestOsmFile-test.dir/test/TestOsmFile.cpp.o[0m
[69.677s] [ 90%] [32m[1mLinking CXX executable devel/lib/lanelet2_io/lanelet2_io-TestOsmFile-test[0m
[69.759s] [ 90%] Built target lanelet2_io-TestOsmFile-test
[69.771s] [35m[1mScanning dependencies of target lanelet2_io-TestBinHandler-test[0m
[69.822s] [ 95%] [32mBuilding CXX object CMakeFiles/lanelet2_io-TestBinHandler-test.dir/test/TestBinHandler.cpp.o[0m
[83.823s] [100%] [32m[1mLinking CXX executable devel/lib/lanelet2_io/lanelet2_io-TestBinHandler-test[0m
[83.906s] CMakeFiles/lanelet2_io-TestBinHandler-test.dir/test/TestBinHandler.cpp.o:TestBinHandler.cpp:function BinHandler_explicitIO_Test::TestBody(): warning: the use of `tmpnam' is dangerous, better use `mkstemp'
[83.907s] CMakeFiles/lanelet2_io-TestBinHandler-test.dir/test/TestBinHandler.cpp.o:TestBinHandler.cpp:function BinHandler_extension_Test::TestBody(): warning: the use of `tmpnam' is dangerous, better use `mkstemp'
[83.919s] [100%] Built target lanelet2_io-TestBinHandler-test
[83.931s] [35m[1mScanning dependencies of target tests[0m
[83.943s] [100%] Built target tests
[83.957s] Invoked command in '/home/yeap/APC_2022_Prac/airsimversion/autoware.ai/build/lanelet2_io' returned '0': CMAKE_PREFIX_PATH=/home/yeap/APC_2022_Prac/airsimversion/autoware.ai/install/lanelet2_core:/home/yeap/APC_2022_Prac/airsimversion/autoware.ai/install/mrt_cmake_modules:${CMAKE_PREFIX_PATH} LD_LIBRARY_PATH=/home/yeap/APC_2022_Prac/airsimversion/autoware.ai/install/lanelet2_core/lib:${LD_LIBRARY_PATH} PKG_CONFIG_PATH=/home/yeap/APC_2022_Prac/airsimversion/autoware.ai/install/lanelet2_core/lib/x86_64-linux-gnu/pkgconfig:/home/yeap/APC_2022_Prac/airsimversion/autoware.ai/install/lanelet2_core/lib/pkgconfig:/home/yeap/APC_2022_Prac/airsimversion/autoware.ai/install/mrt_cmake_modules/lib/x86_64-linux-gnu/pkgconfig:/home/yeap/APC_2022_Prac/airsimversion/autoware.ai/install/mrt_cmake_modules/lib/pkgconfig:${PKG_CONFIG_PATH} PYTHONPATH=/home/yeap/APC_2022_Prac/airsimversion/autoware.ai/install/mrt_cmake_modules/lib/python2.7/dist-packages:${PYTHONPATH} ROS_PACKAGE_PATH=/home/yeap/APC_2022_Prac/airsimversion/autoware.ai/install/lanelet2_core/share:/home/yeap/APC_2022_Prac/airsimversion/autoware.ai/install/mrt_cmake_modules/share:${ROS_PACKAGE_PATH} /usr/bin/cmake --build /home/yeap/APC_2022_Prac/airsimversion/autoware.ai/build/lanelet2_io --target tests -- -j6 -l6
[84.031s] Invoking command in '/home/yeap/APC_2022_Prac/airsimversion/autoware.ai/build/lanelet2_io': CMAKE_PREFIX_PATH=/home/yeap/APC_2022_Prac/airsimversion/autoware.ai/install/lanelet2_core:/home/yeap/APC_2022_Prac/airsimversion/autoware.ai/install/mrt_cmake_modules:${CMAKE_PREFIX_PATH} LD_LIBRARY_PATH=/home/yeap/APC_2022_Prac/airsimversion/autoware.ai/install/lanelet2_core/lib:${LD_LIBRARY_PATH} PKG_CONFIG_PATH=/home/yeap/APC_2022_Prac/airsimversion/autoware.ai/install/lanelet2_core/lib/x86_64-linux-gnu/pkgconfig:/home/yeap/APC_2022_Prac/airsimversion/autoware.ai/install/lanelet2_core/lib/pkgconfig:/home/yeap/APC_2022_Prac/airsimversion/autoware.ai/install/mrt_cmake_modules/lib/x86_64-linux-gnu/pkgconfig:/home/yeap/APC_2022_Prac/airsimversion/autoware.ai/install/mrt_cmake_modules/lib/pkgconfig:${PKG_CONFIG_PATH} PYTHONPATH=/home/yeap/APC_2022_Prac/airsimversion/autoware.ai/install/mrt_cmake_modules/lib/python2.7/dist-packages:${PYTHONPATH} ROS_PACKAGE_PATH=/home/yeap/APC_2022_Prac/airsimversion/autoware.ai/install/lanelet2_core/share:/home/yeap/APC_2022_Prac/airsimversion/autoware.ai/install/mrt_cmake_modules/share:${ROS_PACKAGE_PATH} /usr/bin/cmake --build /home/yeap/APC_2022_Prac/airsimversion/autoware.ai/build/lanelet2_io --target install -- -j6 -l6
[84.090s] [  0%] Built target _catkin_empty_exported_target
[84.130s] [100%] Built target lanelet2_io
[84.152s] [36mInstall the project...[0m
[84.162s] -- Install configuration: "Release"
[84.163s] -- Installing: /home/yeap/APC_2022_Prac/airsimversion/autoware.ai/install/lanelet2_io/lib/pkgconfig/lanelet2_io.pc
[84.163s] -- Installing: /home/yeap/APC_2022_Prac/airsimversion/autoware.ai/install/lanelet2_io/share/lanelet2_io/cmake/lanelet2_ioConfig.cmake
[84.163s] -- Installing: /home/yeap/APC_2022_Prac/airsimversion/autoware.ai/install/lanelet2_io/share/lanelet2_io/cmake/lanelet2_ioConfig-version.cmake
[84.164s] -- Installing: /home/yeap/APC_2022_Prac/airsimversion/autoware.ai/install/lanelet2_io/share/lanelet2_io/package.xml
[84.164s] -- Installing: /home/yeap/APC_2022_Prac/airsimversion/autoware.ai/install/lanelet2_io/lib/liblanelet2_io.so
[84.166s] -- Set runtime path of "/home/yeap/APC_2022_Prac/airsimversion/autoware.ai/install/lanelet2_io/lib/liblanelet2_io.so" to ""
[84.167s] -- Installing: /home/yeap/APC_2022_Prac/airsimversion/autoware.ai/install/lanelet2_io/include/lanelet2_io
[84.167s] -- Installing: /home/yeap/APC_2022_Prac/airsimversion/autoware.ai/install/lanelet2_io/include/lanelet2_io/internal
[84.167s] -- Installing: /home/yeap/APC_2022_Prac/airsimversion/autoware.ai/install/lanelet2_io/include/lanelet2_io/Projection.h
[84.167s] -- Installing: /home/yeap/APC_2022_Prac/airsimversion/autoware.ai/install/lanelet2_io/include/lanelet2_io/Io.h
[84.168s] -- Installing: /home/yeap/APC_2022_Prac/airsimversion/autoware.ai/install/lanelet2_io/include/lanelet2_io/Exceptions.h
[84.168s] -- Installing: /home/yeap/APC_2022_Prac/airsimversion/autoware.ai/install/lanelet2_io/include/lanelet2_io/io_handlers
[84.168s] -- Installing: /home/yeap/APC_2022_Prac/airsimversion/autoware.ai/install/lanelet2_io/include/lanelet2_io/io_handlers/OsmHandler.h
[84.168s] -- Installing: /home/yeap/APC_2022_Prac/airsimversion/autoware.ai/install/lanelet2_io/include/lanelet2_io/io_handlers/Writer.h
[84.168s] -- Installing: /home/yeap/APC_2022_Prac/airsimversion/autoware.ai/install/lanelet2_io/include/lanelet2_io/io_handlers/BinHandler.h
[84.169s] -- Installing: /home/yeap/APC_2022_Prac/airsimversion/autoware.ai/install/lanelet2_io/include/lanelet2_io/io_handlers/Factory.h
[84.169s] -- Installing: /home/yeap/APC_2022_Prac/airsimversion/autoware.ai/install/lanelet2_io/include/lanelet2_io/io_handlers/IoHandler.h
[84.169s] -- Installing: /home/yeap/APC_2022_Prac/airsimversion/autoware.ai/install/lanelet2_io/include/lanelet2_io/io_handlers/OsmFile.h
[84.169s] -- Installing: /home/yeap/APC_2022_Prac/airsimversion/autoware.ai/install/lanelet2_io/include/lanelet2_io/io_handlers/Serialize.h
[84.169s] -- Installing: /home/yeap/APC_2022_Prac/airsimversion/autoware.ai/install/lanelet2_io/include/lanelet2_io/io_handlers/Parser.h
[84.170s] -- Installing: /home/yeap/APC_2022_Prac/airsimversion/autoware.ai/install/lanelet2_io/include/lanelet2_io/Configuration.h
[84.177s] Invoked command in '/home/yeap/APC_2022_Prac/airsimversion/autoware.ai/build/lanelet2_io' returned '0': CMAKE_PREFIX_PATH=/home/yeap/APC_2022_Prac/airsimversion/autoware.ai/install/lanelet2_core:/home/yeap/APC_2022_Prac/airsimversion/autoware.ai/install/mrt_cmake_modules:${CMAKE_PREFIX_PATH} LD_LIBRARY_PATH=/home/yeap/APC_2022_Prac/airsimversion/autoware.ai/install/lanelet2_core/lib:${LD_LIBRARY_PATH} PKG_CONFIG_PATH=/home/yeap/APC_2022_Prac/airsimversion/autoware.ai/install/lanelet2_core/lib/x86_64-linux-gnu/pkgconfig:/home/yeap/APC_2022_Prac/airsimversion/autoware.ai/install/lanelet2_core/lib/pkgconfig:/home/yeap/APC_2022_Prac/airsimversion/autoware.ai/install/mrt_cmake_modules/lib/x86_64-linux-gnu/pkgconfig:/home/yeap/APC_2022_Prac/airsimversion/autoware.ai/install/mrt_cmake_modules/lib/pkgconfig:${PKG_CONFIG_PATH} PYTHONPATH=/home/yeap/APC_2022_Prac/airsimversion/autoware.ai/install/mrt_cmake_modules/lib/python2.7/dist-packages:${PYTHONPATH} ROS_PACKAGE_PATH=/home/yeap/APC_2022_Prac/airsimversion/autoware.ai/install/lanelet2_core/share:/home/yeap/APC_2022_Prac/airsimversion/autoware.ai/install/mrt_cmake_modules/share:${ROS_PACKAGE_PATH} /usr/bin/cmake --build /home/yeap/APC_2022_Prac/airsimversion/autoware.ai/build/lanelet2_io --target install -- -j6 -l6
