Built target tests
[36mInstall the project...[0m
-- Install configuration: "Release"
+ cd /home/yeap/APC_2022_Prac/airsimversion/autoware.ai/src/autoware/simulation/lgsvl_simulator_bridge
+ mkdir -p /home/yeap/APC_2022_Prac/airsimversion/autoware.ai/install/lgsvl_simulator_bridge/lib/python2.7/dist-packages
+ /usr/bin/env PYTHONPATH=/home/yeap/APC_2022_Prac/airsimversion/autoware.ai/install/lgsvl_simulator_bridge/lib/python2.7/dist-packages:/home/yeap/APC_2022_Prac/airsimversion/autoware.ai/build/lgsvl_simulator_bridge/lib/python2.7/dist-packages:/home/yeap/APC_2022_Prac/airsimversion/autoware.ai/install/autoware_msgs/lib/python2.7/dist-packages:/opt/ros/melodic/lib/python2.7/dist-packages CATKIN_BINARY_DIR=/home/yeap/APC_2022_Prac/airsimversion/autoware.ai/build/lgsvl_simulator_bridge /usr/bin/python2 /home/yeap/APC_2022_Prac/airsimversion/autoware.ai/src/autoware/simulation/lgsvl_simulator_bridge/setup.py build --build-base /home/yeap/APC_2022_Prac/airsimversion/autoware.ai/build/lgsvl_simulator_bridge install --root=/ --install-layout=deb --prefix=/home/yeap/APC_2022_Prac/airsimversion/autoware.ai/install/lgsvl_simulator_bridge --install-scripts=/home/yeap/APC_2022_Prac/airsimversion/autoware.ai/install/lgsvl_simulator_bridge/bin
running build
running build_py
running install
running install_lib
running install_egg_info
Removing /home/yeap/APC_2022_Prac/airsimversion/autoware.ai/install/lgsvl_simulator_bridge/lib/python2.7/dist-packages/lgsvl_simulator_bridge-1.12.0.egg-info
Writing /home/yeap/APC_2022_Prac/airsimversion/autoware.ai/install/lgsvl_simulator_bridge/lib/python2.7/dist-packages/lgsvl_simulator_bridge-1.12.0.egg-info
-- Up-to-date: /home/yeap/APC_2022_Prac/airsimversion/autoware.ai/install/lgsvl_simulator_bridge/lib/pkgconfig/lgsvl_simulator_bridge.pc
-- Up-to-date: /home/yeap/APC_2022_Prac/airsimversion/autoware.ai/install/lgsvl_simulator_bridge/share/lgsvl_simulator_bridge/cmake/lgsvl_simulator_bridgeConfig.cmake
-- Up-to-date: /home/yeap/APC_2022_Prac/airsimversion/autoware.ai/install/lgsvl_simulator_bridge/share/lgsvl_simulator_bridge/cmake/lgsvl_simulator_bridgeConfig-version.cmake
-- Up-to-date: /home/yeap/APC_2022_Prac/airsimversion/autoware.ai/install/lgsvl_simulator_bridge/share/lgsvl_simulator_bridge/package.xml
-- Up-to-date: /home/yeap/APC_2022_Prac/airsimversion/autoware.ai/install/lgsvl_simulator_bridge/share/lgsvl_simulator_bridge/launch
-- Up-to-date: /home/yeap/APC_2022_Prac/airsimversion/autoware.ai/install/lgsvl_simulator_bridge/share/lgsvl_simulator_bridge/launch/lgsvl_simulator.launch
-- Up-to-date: /home/yeap/APC_2022_Prac/airsimversion/autoware.ai/install/lgsvl_simulator_bridge/share/lgsvl_simulator_bridge/launch/bridge.launch
-- Up-to-date: /home/yeap/APC_2022_Prac/airsimversion/autoware.ai/install/lgsvl_simulator_bridge/share/lgsvl_simulator_bridge/rviz
-- Up-to-date: /home/yeap/APC_2022_Prac/airsimversion/autoware.ai/install/lgsvl_simulator_bridge/share/lgsvl_simulator_bridge/rviz/lgsvl_simulator.rviz
-- Up-to-date: /home/yeap/APC_2022_Prac/airsimversion/autoware.ai/install/lgsvl_simulator_bridge/share/lgsvl_simulator_bridge/config
-- Up-to-date: /home/yeap/APC_2022_Prac/airsimversion/autoware.ai/install/lgsvl_simulator_bridge/share/lgsvl_simulator_bridge/config/sample.json
-- Up-to-date: /home/yeap/APC_2022_Prac/airsimversion/autoware.ai/install/lgsvl_simulator_bridge/share/lgsvl_simulator_bridge/media
-- Up-to-date: /home/yeap/APC_2022_Prac/airsimversion/autoware.ai/install/lgsvl_simulator_bridge/share/lgsvl_simulator_bridge/media/lgsvl_simulator_bridge.png
-- Up-to-date: /home/yeap/APC_2022_Prac/airsimversion/autoware.ai/install/lgsvl_simulator_bridge/share/lgsvl_simulator_bridge/media/autoware.png
-- Up-to-date: /home/yeap/APC_2022_Prac/airsimversion/autoware.ai/install/lgsvl_simulator_bridge/share/lgsvl_simulator_bridge/resource
-- Up-to-date: /home/yeap/APC_2022_Prac/airsimversion/autoware.ai/install/lgsvl_simulator_bridge/share/lgsvl_simulator_bridge/resource/LgsvlSimulatorConfigratorPlugin.ui
-- Up-to-date: /home/yeap/APC_2022_Prac/airsimversion/autoware.ai/install/lgsvl_simulator_bridge/lib/lgsvl_simulator_bridge/launch_sim.bash
-- Up-to-date: /home/yeap/APC_2022_Prac/airsimversion/autoware.ai/install/lgsvl_simulator_bridge/lib/lgsvl_simulator_bridge/__init__.py
-- Up-to-date: /home/yeap/APC_2022_Prac/airsimversion/autoware.ai/install/lgsvl_simulator_bridge/lib/lgsvl_simulator_bridge/configurator.py
-- Up-to-date: /home/yeap/APC_2022_Prac/airsimversion/autoware.ai/install/lgsvl_simulator_bridge/share/lgsvl_simulator_bridge/plugin.xml
