[0.019s] Invoking command in '/home/yeap/APC_2022_Prac/airsimversion/autoware.ai/build/pixel_cloud_fusion': CMAKE_PREFIX_PATH=/home/yeap/APC_2022_Prac/airsimversion/autoware.ai/install/autoware_build_flags:${CMAKE_PREFIX_PATH} PKG_CONFIG_PATH=/home/yeap/APC_2022_Prac/airsimversion/autoware.ai/install/autoware_build_flags/lib/x86_64-linux-gnu/pkgconfig:/home/yeap/APC_2022_Prac/airsimversion/autoware.ai/install/autoware_build_flags/lib/pkgconfig:${PKG_CONFIG_PATH} ROS_PACKAGE_PATH=/home/yeap/APC_2022_Prac/airsimversion/autoware.ai/install/autoware_build_flags/share:${ROS_PACKAGE_PATH} /usr/bin/cmake /home/yeap/APC_2022_Prac/airsimversion/autoware.ai/src/autoware/core_perception/pixel_cloud_fusion -DCMAKE_BUILD_TYPE=Release -DCATKIN_INSTALL_INTO_PREFIX_ROOT=0 -DCMAKE_INSTALL_PREFIX=/home/yeap/APC_2022_Prac/airsimversion/autoware.ai/install/pixel_cloud_fusion
[0.090s] -- The C compiler identification is GNU 7.5.0
[0.165s] -- The CXX compiler identification is GNU 7.5.0
[0.170s] -- Check for working C compiler: /usr/bin/cc
[0.246s] -- Check for working C compiler: /usr/bin/cc -- works
[0.247s] -- Detecting C compiler ABI info
[0.312s] -- Detecting C compiler ABI info - done
[0.323s] -- Detecting C compile features
[0.554s] -- Detecting C compile features - done
[0.558s] -- Check for working CXX compiler: /usr/bin/c++
[0.639s] -- Check for working CXX compiler: /usr/bin/c++ -- works
[0.640s] -- Detecting CXX compiler ABI info
[0.722s] -- Detecting CXX compiler ABI info - done
[0.729s] -- Detecting CXX compile features
[1.113s] -- Detecting CXX compile features - done
[1.115s] -- CUDA compilation status: .
[1.117s] -- Using CATKIN_DEVEL_PREFIX: /home/yeap/APC_2022_Prac/airsimversion/autoware.ai/build/pixel_cloud_fusion/devel
[1.117s] -- Using CMAKE_PREFIX_PATH: /home/yeap/APC_2022_Prac/airsimversion/autoware.ai/install/autoware_build_flags;/opt/ros/melodic
[1.118s] -- This workspace overlays: /home/yeap/APC_2022_Prac/airsimversion/autoware.ai/install/autoware_build_flags;/opt/ros/melodic
[1.135s] -- Found PythonInterp: /usr/bin/python2 (found suitable version "2.7.17", minimum required is "2") 
[1.136s] -- Using PYTHON_EXECUTABLE: /usr/bin/python2
[1.136s] -- Using Debian Python package layout
[1.137s] -- Using empy: /usr/bin/empy
[1.304s] -- Using CATKIN_ENABLE_TESTING: ON
[1.304s] -- Call enable_testing()
[1.306s] -- Using CATKIN_TEST_RESULTS_DIR: /home/yeap/APC_2022_Prac/airsimversion/autoware.ai/build/pixel_cloud_fusion/test_results
[1.329s] -- Found gtest sources under '/usr/src/googletest': gtests will be built
[1.329s] -- Found gmock sources under '/usr/src/googletest': gmock will be built
[1.343s] -- Found PythonInterp: /usr/bin/python2 (found version "2.7.17") 
[1.344s] -- Looking for pthread.h
[1.432s] -- Looking for pthread.h - found
[1.432s] -- Looking for pthread_create
[1.529s] -- Looking for pthread_create - not found
[1.530s] -- Looking for pthread_create in pthreads
[1.590s] -- Looking for pthread_create in pthreads - not found
[1.590s] -- Looking for pthread_create in pthread
[1.674s] -- Looking for pthread_create in pthread - found
[1.674s] -- Found Threads: TRUE  
[1.676s] -- Using Python nosetests: /usr/bin/nosetests-2.7
[1.721s] -- catkin 0.7.29
[1.721s] -- BUILD_SHARED_LIBS is on
[2.517s] -- Using these message generators: gencpp;geneus;genlisp;gennodejs;genpy
[2.873s] -- Found OpenCV: /usr (found version "3.2.0") 
[2.882s] -- Checking for module 'eigen3'
[2.899s] --   Found eigen3, version 3.3.4
[2.948s] -- Found eigen: /usr/include/eigen3  
[3.036s] -- Boost version: 1.65.1
[3.036s] -- Found the following Boost libraries:
[3.036s] --   system
[3.036s] --   filesystem
[3.036s] --   thread
[3.037s] --   date_time
[3.037s] --   iostreams
[3.037s] --   serialization
[3.037s] --   chrono
[3.037s] --   atomic
[3.037s] --   regex
[3.040s] -- Checking for module 'libopenni'
[3.059s] --   Found libopenni, version 1.5.4.0
[3.109s] -- Found openni: /usr/lib/libOpenNI.so  
[3.111s] -- Checking for module 'libopenni2'
[3.130s] --   Found libopenni2, version 2.2.0.3
[3.180s] -- Found OpenNI2: /usr/lib/libOpenNI2.so  
[3.185s] -- Could NOT find ensenso (missing: ENSENSO_LIBRARY ENSENSO_INCLUDE_DIR) 
[3.186s] ** WARNING ** io features related to ensenso will be disabled
[3.190s] -- Could NOT find DAVIDSDK (missing: DAVIDSDK_LIBRARY DAVIDSDK_INCLUDE_DIR) 
[3.190s] ** WARNING ** io features related to davidSDK will be disabled
[3.192s] -- Could NOT find DSSDK (missing: _DSSDK_LIBRARIES) 
[3.192s] ** WARNING ** io features related to dssdk will be disabled
[3.192s] ** WARNING ** io features related to pcap will be disabled
[3.193s] ** WARNING ** io features related to png will be disabled
[3.265s] -- The imported target "vtkRenderingPythonTkWidgets" references the file
[3.265s]    "/usr/lib/x86_64-linux-gnu/libvtkRenderingPythonTkWidgets.so"
[3.265s] but this file does not exist.  Possible reasons include:
[3.265s] * The file was deleted, renamed, or moved to another location.
[3.265s] * An install or uninstall procedure did not complete successfully.
[3.265s] * The installation package was faulty and contained
[3.266s]    "/usr/lib/cmake/vtk-6.3/VTKTargets.cmake"
[3.266s] but not all the files it references.
[3.266s] 
[3.267s] -- The imported target "vtk" references the file
[3.267s]    "/usr/bin/vtk"
[3.267s] but this file does not exist.  Possible reasons include:
[3.267s] * The file was deleted, renamed, or moved to another location.
[3.267s] * An install or uninstall procedure did not complete successfully.
[3.267s] * The installation package was faulty and contained
[3.267s]    "/usr/lib/cmake/vtk-6.3/VTKTargets.cmake"
[3.267s] but not all the files it references.
[3.267s] 
[3.338s] -- Found libusb-1.0: /usr/include  
[3.339s] ** WARNING ** io features related to libusb-1.0 will be disabled
[3.340s] -- Checking for module 'flann'
[3.358s] --   Found flann, version 1.9.1
[3.407s] -- Found Flann: /usr/lib/x86_64-linux-gnu/libflann_cpp_s.a  
[3.456s] -- Could NOT find ensenso (missing: ENSENSO_LIBRARY ENSENSO_INCLUDE_DIR) 
[3.457s] ** WARNING ** visualization features related to ensenso will be disabled
[3.460s] -- Could NOT find DAVIDSDK (missing: DAVIDSDK_LIBRARY DAVIDSDK_INCLUDE_DIR) 
[3.461s] ** WARNING ** visualization features related to davidSDK will be disabled
[3.462s] -- Could NOT find DSSDK (missing: _DSSDK_LIBRARIES) 
[3.462s] ** WARNING ** visualization features related to dssdk will be disabled
[3.463s] -- Could NOT find RSSDK (missing: _RSSDK_LIBRARIES) 
[3.464s] ** WARNING ** visualization features related to rssdk will be disabled
[3.520s] -- Found qhull: /usr/lib/x86_64-linux-gnu/libqhull.so  
[3.563s] -- looking for PCL_COMMON
[3.565s] -- Found PCL_COMMON: /usr/lib/x86_64-linux-gnu/libpcl_common.so  
[3.566s] -- looking for PCL_OCTREE
[3.568s] -- Found PCL_OCTREE: /usr/lib/x86_64-linux-gnu/libpcl_octree.so  
[3.569s] -- looking for PCL_IO
[3.571s] -- Found PCL_IO: /usr/lib/x86_64-linux-gnu/libpcl_io.so  
[3.572s] -- looking for PCL_KDTREE
[3.574s] -- Found PCL_KDTREE: /usr/lib/x86_64-linux-gnu/libpcl_kdtree.so  
[3.575s] -- looking for PCL_SEARCH
[3.577s] -- Found PCL_SEARCH: /usr/lib/x86_64-linux-gnu/libpcl_search.so  
[3.578s] -- looking for PCL_SAMPLE_CONSENSUS
[3.580s] -- Found PCL_SAMPLE_CONSENSUS: /usr/lib/x86_64-linux-gnu/libpcl_sample_consensus.so  
[3.581s] -- looking for PCL_FILTERS
[3.583s] -- Found PCL_FILTERS: /usr/lib/x86_64-linux-gnu/libpcl_filters.so  
[3.584s] -- looking for PCL_2D
[3.585s] -- Found PCL_2D: /usr/include/pcl-1.8  
[3.585s] -- looking for PCL_GEOMETRY
[3.586s] -- Found PCL_GEOMETRY: /usr/include/pcl-1.8  
[3.587s] -- looking for PCL_FEATURES
[3.590s] -- Found PCL_FEATURES: /usr/lib/x86_64-linux-gnu/libpcl_features.so  
[3.590s] -- looking for PCL_ML
[3.593s] -- Found PCL_ML: /usr/lib/x86_64-linux-gnu/libpcl_ml.so  
[3.593s] -- looking for PCL_SEGMENTATION
[3.595s] -- Found PCL_SEGMENTATION: /usr/lib/x86_64-linux-gnu/libpcl_segmentation.so  
[3.596s] -- looking for PCL_VISUALIZATION
[3.599s] -- Found PCL_VISUALIZATION: /usr/lib/x86_64-linux-gnu/libpcl_visualization.so  
[3.600s] -- looking for PCL_SURFACE
[3.602s] -- Found PCL_SURFACE: /usr/lib/x86_64-linux-gnu/libpcl_surface.so  
[3.603s] -- looking for PCL_REGISTRATION
[3.605s] -- Found PCL_REGISTRATION: /usr/lib/x86_64-linux-gnu/libpcl_registration.so  
[3.607s] -- looking for PCL_KEYPOINTS
[3.609s] -- Found PCL_KEYPOINTS: /usr/lib/x86_64-linux-gnu/libpcl_keypoints.so  
[3.610s] -- looking for PCL_TRACKING
[3.612s] -- Found PCL_TRACKING: /usr/lib/x86_64-linux-gnu/libpcl_tracking.so  
[3.613s] -- looking for PCL_RECOGNITION
[3.615s] -- Found PCL_RECOGNITION: /usr/lib/x86_64-linux-gnu/libpcl_recognition.so  
[3.617s] -- looking for PCL_STEREO
[3.619s] -- Found PCL_STEREO: /usr/lib/x86_64-linux-gnu/libpcl_stereo.so  
[3.620s] -- looking for PCL_APPS
[3.623s] -- Found PCL_APPS: /usr/lib/x86_64-linux-gnu/libpcl_apps.so  
[3.627s] -- looking for PCL_IN_HAND_SCANNER
[3.628s] -- Found PCL_IN_HAND_SCANNER: /usr/include/pcl-1.8  
[3.628s] -- looking for PCL_MODELER
[3.629s] -- Found PCL_MODELER: /usr/include/pcl-1.8  
[3.630s] -- looking for PCL_POINT_CLOUD_EDITOR
[3.631s] -- Found PCL_POINT_CLOUD_EDITOR: /usr/include/pcl-1.8  
[3.631s] -- looking for PCL_OUTOFCORE
[3.633s] -- Found PCL_OUTOFCORE: /usr/lib/x86_64-linux-gnu/libpcl_outofcore.so  
[3.634s] -- looking for PCL_PEOPLE
[3.636s] -- Found PCL_PEOPLE: /usr/lib/x86_64-linux-gnu/libpcl_people.so  
[3.666s] -- Found PCL: /usr/lib/x86_64-linux-gnu/libboost_system.so;/usr/lib/x86_64-linux-gnu/libboost_filesystem.so;/usr/lib/x86_64-linux-gnu/libboost_thread.so;/usr/lib/x86_64-linux-gnu/libboost_date_time.so;/usr/lib/x86_64-linux-gnu/libboost_iostreams.so;/usr/lib/x86_64-linux-gnu/libboost_serialization.so;/usr/lib/x86_64-linux-gnu/libboost_chrono.so;/usr/lib/x86_64-linux-gnu/libboost_atomic.so;/usr/lib/x86_64-linux-gnu/libboost_regex.so;/usr/lib/x86_64-linux-gnu/libpthread.so;optimized;/usr/lib/x86_64-linux-gnu/libpcl_common.so;debug;/usr/lib/x86_64-linux-gnu/libpcl_common.so;optimized;/usr/lib/x86_64-linux-gnu/libpcl_octree.so;debug;/usr/lib/x86_64-linux-gnu/libpcl_octree.so;/usr/lib/libOpenNI.so;/usr/lib/libOpenNI2.so;vtkChartsCore;vtkCommonColor;vtkCommonDataModel;vtkCommonMath;vtkCommonCore;vtksys;vtkCommonMisc;vtkCommonSystem;vtkCommonTransforms;vtkInfovisCore;vtkFiltersExtraction;vtkCommonExecutionModel;vtkFiltersCore;vtkFiltersGeneral;vtkCommonComputationalGeometry;vtkFiltersStatistics;vtkImagingFourier;vtkImagingCore;vtkalglib;vtkRenderingContext2D;vtkRenderingCore;vtkFiltersGeometry;vtkFiltersSources;vtkRenderingFreeType;/usr/lib/x86_64-linux-gnu/libfreetype.so;/usr/lib/x86_64-linux-gnu/libz.so;vtkftgl;vtkDICOMParser;vtkDomainsChemistry;vtkIOXML;vtkIOGeometry;vtkIOCore;vtkIOXMLParser;/usr/lib/x86_64-linux-gnu/libexpat.so;vtkFiltersAMR;vtkParallelCore;vtkIOLegacy;vtkFiltersFlowPaths;vtkFiltersGeneric;vtkFiltersHybrid;vtkImagingSources;vtkFiltersHyperTree;vtkFiltersImaging;vtkImagingGeneral;vtkFiltersModeling;vtkFiltersParallel;vtkFiltersParallelFlowPaths;vtkParallelMPI;vtkFiltersParallelGeometry;vtkFiltersParallelImaging;vtkFiltersParallelMPI;vtkFiltersParallelStatistics;vtkFiltersProgrammable;vtkFiltersPython;/usr/lib/x86_64-linux-gnu/libpython2.7.so;vtkWrappingPythonCore;vtkWrappingTools;vtkFiltersReebGraph;vtkFiltersSMP;vtkFiltersSelection;vtkFiltersTexture;vtkFiltersVerdict;verdict;vtkGUISupportQt;vtkInteractionStyle;vtkRenderingOpenGL;vtkImagingHybrid;vtkIOImage;vtkmetaio;/usr/lib/x86_64-linux-gnu/libjpeg.so;/usr/lib/x86_64-linux-gnu/libpng.so;/usr/lib/x86_64-linux-gnu/libtiff.so;vtkGUISupportQtOpenGL;vtkGUISupportQtSQL;vtkIOSQL;sqlite3;vtkGUISupportQtWebkit;vtkViewsQt;vtkViewsInfovis;vtkInfovisLayout;vtkInfovisBoostGraphAlgorithms;vtkRenderingLabel;vtkViewsCore;vtkInteractionWidgets;vtkRenderingAnnotation;vtkImagingColor;vtkRenderingVolume;vtkGeovisCore;/usr/lib/x86_64-linux-gnu/libproj.so;vtkIOAMR;/usr/lib/x86_64-linux-gnu/hdf5/openmpi/libhdf5.so;/usr/lib/x86_64-linux-gnu/libsz.so;/usr/lib/x86_64-linux-gnu/libdl.so;/usr/lib/x86_64-linux-gnu/libm.so;/usr/lib/x86_64-linux-gnu/openmpi/lib/libmpi.so;vtkIOEnSight;vtkIOExodus;vtkexoIIc;/usr/lib/x86_64-linux-gnu/libnetcdf_c++.so;/usr/lib/x86_64-linux-gnu/libnetcdf.so;vtkIOExport;vtkRenderingGL2PS;vtkRenderingContextOpenGL;/usr/lib/x86_64-linux-gnu/libgl2ps.so;vtkIOFFMPEG;vtkIOMovie;/usr/lib/x86_64-linux-gnu/libtheoraenc.so;/usr/lib/x86_64-linux-gnu/libtheoradec.so;/usr/lib/x86_64-linux-gnu/libogg.so;vtkIOGDAL;vtkIOGeoJSON;vtkIOImport;vtkIOInfovis;/usr/lib/x86_64-linux-gnu/libxml2.so;vtkIOLSDyna;vtkIOMINC;vtkIOMPIImage;vtkIOMPIParallel;vtkIOParallel;vtkIONetCDF;/usr/lib/x86_64-linux-gnu/libjsoncpp.so;vtkIOMySQL;vtkIOODBC;vtkIOPLY;vtkIOParallelExodus;vtkIOParallelLSDyna;vtkIOParallelNetCDF;vtkIOParallelXML;vtkIOPostgreSQL;vtkIOVPIC;VPIC;vtkIOVideo;vtkIOXdmf2;vtkxdmf2;vtkImagingMath;vtkImagingMorphological;vtkImagingStatistics;vtkImagingStencil;vtkInteractionImage;vtkLocalExample;vtkParallelMPI4Py;vtkPythonInterpreter;vtkRenderingExternal;vtkRenderingFreeTypeFontConfig;vtkRenderingImage;vtkRenderingLIC;vtkRenderingLOD;vtkRenderingMatplotlib;vtkRenderingParallel;vtkRenderingParallelLIC;vtkRenderingQt;vtkRenderingVolumeAMR;vtkRenderingVolumeOpenGL;vtkTestingGenericBridge;vtkTestingIOSQL;vtkTestingRendering;vtkViewsContext2D;vtkViewsGeovis;vtkWrappingJava;optimized;/usr/lib/x86_64-linux-gnu/libpcl_io.so;debug;/usr/lib/x86_64-linux-gnu/libpcl_io.so;optimized;/usr/lib/x86_64-linux-gnu/libflann_cpp_s.a;debug;/usr/lib/x86_64-linux-gnu/libflann_cpp_s.a;optimized;/usr/lib/x86_64-linux-gnu/libpcl_kdtree.so;debug;/usr/lib/x86_64-linux-gnu/libpcl_kdtree.so;optimized;/usr/lib/x86_64-linux-gnu/libpcl_search.so;debug;/usr/lib/x86_64-linux-gnu/libpcl_search.so;optimized;/usr/lib/x86_64-linux-gnu/libpcl_sample_consensus.so;debug;/usr/lib/x86_64-linux-gnu/libpcl_sample_consensus.so;optimized;/usr/lib/x86_64-linux-gnu/libpcl_filters.so;debug;/usr/lib/x86_64-linux-gnu/libpcl_filters.so;optimized;/usr/lib/x86_64-linux-gnu/libpcl_features.so;debug;/usr/lib/x86_64-linux-gnu/libpcl_features.so;optimized;/usr/lib/x86_64-linux-gnu/libpcl_ml.so;debug;/usr/lib/x86_64-linux-gnu/libpcl_ml.so;optimized;/usr/lib/x86_64-linux-gnu/libpcl_segmentation.so;debug;/usr/lib/x86_64-linux-gnu/libpcl_segmentation.so;optimized;/usr/lib/x86_64-linux-gnu/libpcl_visualization.so;debug;/usr/lib/x86_64-linux-gnu/libpcl_visualization.so;optimized;/usr/lib/x86_64-linux-gnu/libqhull.so;debug;/usr/lib/x86_64-linux-gnu/libqhull.so;optimized;/usr/lib/x86_64-linux-gnu/libpcl_surface.so;debug;/usr/lib/x86_64-linux-gnu/libpcl_surface.so;optimized;/usr/lib/x86_64-linux-gnu/libpcl_registration.so;debug;/usr/lib/x86_64-linux-gnu/libpcl_registration.so;optimized;/usr/lib/x86_64-linux-gnu/libpcl_keypoints.so;debug;/usr/lib/x86_64-linux-gnu/libpcl_keypoints.so;optimized;/usr/lib/x86_64-linux-gnu/libpcl_tracking.so;debug;/usr/lib/x86_64-linux-gnu/libpcl_tracking.so;optimized;/usr/lib/x86_64-linux-gnu/libpcl_recognition.so;debug;/usr/lib/x86_64-linux-gnu/libpcl_recognition.so;optimized;/usr/lib/x86_64-linux-gnu/libpcl_stereo.so;debug;/usr/lib/x86_64-linux-gnu/libpcl_stereo.so;optimized;/usr/lib/x86_64-linux-gnu/libpcl_apps.so;debug;/usr/lib/x86_64-linux-gnu/libpcl_apps.so;optimized;/usr/lib/x86_64-linux-gnu/libpcl_outofcore.so;debug;/usr/lib/x86_64-linux-gnu/libpcl_outofcore.so;optimized;/usr/lib/x86_64-linux-gnu/libpcl_people.so;debug;/usr/lib/x86_64-linux-gnu/libpcl_people.so;/usr/lib/x86_64-linux-gnu/libboost_system.so;/usr/lib/x86_64-linux-gnu/libboost_filesystem.so;/usr/lib/x86_64-linux-gnu/libboost_thread.so;/usr/lib/x86_64-linux-gnu/libboost_date_time.so;/usr/lib/x86_64-linux-gnu/libboost_iostreams.so;/usr/lib/x86_64-linux-gnu/libboost_serialization.so;/usr/lib/x86_64-linux-gnu/libboost_chrono.so;/usr/lib/x86_64-linux-gnu/libboost_atomic.so;/usr/lib/x86_64-linux-gnu/libboost_regex.so;/usr/lib/x86_64-linux-gnu/libpthread.so;optimized;/usr/lib/x86_64-linux-gnu/libqhull.so;debug;/usr/lib/x86_64-linux-gnu/libqhull.so;/usr/lib/libOpenNI.so;/usr/lib/libOpenNI2.so;optimized;/usr/lib/x86_64-linux-gnu/libflann_cpp_s.a;debug;/usr/lib/x86_64-linux-gnu/libflann_cpp_s.a;vtkChartsCore;vtkCommonColor;vtkCommonDataModel;vtkCommonMath;vtkCommonCore;vtksys;vtkCommonMisc;vtkCommonSystem;vtkCommonTransforms;vtkInfovisCore;vtkFiltersExtraction;vtkCommonExecutionModel;vtkFiltersCore;vtkFiltersGeneral;vtkCommonComputationalGeometry;vtkFiltersStatistics;vtkImagingFourier;vtkImagingCore;vtkalglib;vtkRenderingContext2D;vtkRenderingCore;vtkFiltersGeometry;vtkFiltersSources;vtkRenderingFreeType;/usr/lib/x86_64-linux-gnu/libfreetype.so;/usr/lib/x86_64-linux-gnu/libz.so;vtkftgl;vtkDICOMParser;vtkDomainsChemistry;vtkIOXML;vtkIOGeometry;vtkIOCore;vtkIOXMLParser;/usr/lib/x86_64-linux-gnu/libexpat.so;vtkFiltersAMR;vtkParallelCore;vtkIOLegacy;vtkFiltersFlowPaths;vtkFiltersGeneric;vtkFiltersHybrid;vtkImagingSources;vtkFiltersHyperTree;vtkFiltersImaging;vtkImagingGeneral;vtkFiltersModeling;vtkFiltersParallel;vtkFiltersParallelFlowPaths;vtkParallelMPI;vtkFiltersParallelGeometry;vtkFiltersParallelImaging;vtkFiltersParallelMPI;vtkFiltersParallelStatistics;vtkFiltersProgrammable;vtkFiltersPython;/usr/lib/x86_64-linux-gnu/libpython2.7.so;vtkWrappingPythonCore;vtkWrappingTools;vtkFiltersReebGraph;vtkFiltersSMP;vtkFiltersSelection;vtkFiltersTexture;vtkFiltersVerdict;verdict;vtkGUISupportQt;vtkInteractionStyle;vtkRenderingOpenGL;vtkImagingHybrid;vtkIOImage;vtkmetaio;/usr/lib/x86_64-linux-gnu/libjpeg.so;/usr/lib/x86_64-linux-gnu/libpng.so;/usr/lib/x86_64-linux-gnu/libtiff.so;vtkGUISupportQtOpenGL;vtkGUISupportQtSQL;vtkIOSQL;sqlite3;vtkGUISupportQtWebkit;vtkViewsQt;vtkViewsInfovis;vtkInfovisLayout;vtkInfovisBoostGraphAlgorithms;vtkRenderingLabel;vtkViewsCore;vtkInteractionWidgets;vtkRenderingAnnotation;vtkImagingColor;vtkRenderingVolume;vtkGeovisCore;/usr/lib/x86_64-linux-gnu/libproj.so;vtkIOAMR;/usr/lib/x86_64-linux-gnu/hdf5/openmpi/libhdf5.so;/usr/lib/x86_64-linux-gnu/libsz.so;/usr/lib/x86_64-linux-gnu/libdl.so;/usr/lib/x86_64-linux-gnu/libm.so;/usr/lib/x86_64-linux-gnu/openmpi/lib/libmpi.so;vtkIOEnSight;vtkIOExodus;vtkexoIIc;/usr/lib/x86_64-linux-gnu/libnetcdf_c++.so;/usr/lib/x86_64-linux-gnu/libnetcdf.so;vtkIOExport;vtkRenderingGL2PS;vtkRenderingContextOpenGL;/usr/lib/x86_64-linux-gnu/libgl2ps.so;vtkIOFFMPEG;vtkIOMovie;/usr/lib/x86_64-linux-gnu/libtheoraenc.so;/usr/lib/x86_64-linux-gnu/libtheoradec.so;/usr/lib/x86_64-linux-gnu/libogg.so;vtkIOGDAL;vtkIOGeoJSON;vtkIOImport;vtkIOInfovis;/usr/lib/x86_64-linux-gnu/libxml2.so;vtkIOLSDyna;vtkIOMINC;vtkIOMPIImage;vtkIOMPIParallel;vtkIOParallel;vtkIONetCDF;/usr/lib/x86_64-linux-gnu/libjsoncpp.so;vtkIOMySQL;vtkIOODBC;vtkIOPLY;vtkIOParallelExodus;vtkIOParallelLSDyna;vtkIOParallelNetCDF;vtkIOParallelXML;vtkIOPostgreSQL;vtkIOVPIC;VPIC;vtkIOVideo;vtkIOXdmf2;vtkxdmf2;vtkImagingMath;vtkImagingMorphological;vtkImagingStatistics;vtkImagingStencil;vtkInteractionImage;vtkLocalExample;vtkParallelMPI4Py;vtkPythonInterpreter;vtkRenderingExternal;vtkRenderingFreeTypeFontConfig;vtkRenderingImage;vtkRenderingLIC;vtkRenderingLOD;vtkRenderingMatplotlib;vtkRenderingParallel;vtkRenderingParallelLIC;vtkRenderingQt;vtkRenderingVolumeAMR;vtkRenderingVolumeOpenGL;vtkTestingGenericBridge;vtkTestingIOSQL;vtkTestingRendering;vtkViewsContext2D;vtkViewsGeovis;vtkWrappingJava  
[3.934s] -- Found OpenMP_C: -fopenmp (found version "4.5") 
[4.023s] -- Found OpenMP_CXX: -fopenmp (found version "4.5") 
[4.024s] -- Found OpenMP: TRUE (found version "4.5")  
[4.171s] -- Configuring done
[4.375s] -- Generating done
[4.387s] -- Build files have been written to: /home/yeap/APC_2022_Prac/airsimversion/autoware.ai/build/pixel_cloud_fusion
[4.402s] Invoked command in '/home/yeap/APC_2022_Prac/airsimversion/autoware.ai/build/pixel_cloud_fusion' returned '0': CMAKE_PREFIX_PATH=/home/yeap/APC_2022_Prac/airsimversion/autoware.ai/install/autoware_build_flags:${CMAKE_PREFIX_PATH} PKG_CONFIG_PATH=/home/yeap/APC_2022_Prac/airsimversion/autoware.ai/install/autoware_build_flags/lib/x86_64-linux-gnu/pkgconfig:/home/yeap/APC_2022_Prac/airsimversion/autoware.ai/install/autoware_build_flags/lib/pkgconfig:${PKG_CONFIG_PATH} ROS_PACKAGE_PATH=/home/yeap/APC_2022_Prac/airsimversion/autoware.ai/install/autoware_build_flags/share:${ROS_PACKAGE_PATH} /usr/bin/cmake /home/yeap/APC_2022_Prac/airsimversion/autoware.ai/src/autoware/core_perception/pixel_cloud_fusion -DCMAKE_BUILD_TYPE=Release -DCATKIN_INSTALL_INTO_PREFIX_ROOT=0 -DCMAKE_INSTALL_PREFIX=/home/yeap/APC_2022_Prac/airsimversion/autoware.ai/install/pixel_cloud_fusion
[4.403s] Invoking command in '/home/yeap/APC_2022_Prac/airsimversion/autoware.ai/build/pixel_cloud_fusion': CMAKE_PREFIX_PATH=/home/yeap/APC_2022_Prac/airsimversion/autoware.ai/install/autoware_build_flags:${CMAKE_PREFIX_PATH} PKG_CONFIG_PATH=/home/yeap/APC_2022_Prac/airsimversion/autoware.ai/install/autoware_build_flags/lib/x86_64-linux-gnu/pkgconfig:/home/yeap/APC_2022_Prac/airsimversion/autoware.ai/install/autoware_build_flags/lib/pkgconfig:${PKG_CONFIG_PATH} ROS_PACKAGE_PATH=/home/yeap/APC_2022_Prac/airsimversion/autoware.ai/install/autoware_build_flags/share:${ROS_PACKAGE_PATH} /usr/bin/cmake --build /home/yeap/APC_2022_Prac/airsimversion/autoware.ai/build/pixel_cloud_fusion -- -j6 -l6
[4.465s] [35m[1mScanning dependencies of target actionlib_msgs_generate_messages_py[0m
[4.485s] [  0%] Built target actionlib_msgs_generate_messages_py
[4.498s] [35m[1mScanning dependencies of target rosgraph_msgs_generate_messages_lisp[0m
[4.510s] [  0%] Built target rosgraph_msgs_generate_messages_lisp
[4.521s] [35m[1mScanning dependencies of target rosgraph_msgs_generate_messages_eus[0m
[4.535s] [  0%] Built target rosgraph_msgs_generate_messages_eus
[4.548s] [35m[1mScanning dependencies of target rosgraph_msgs_generate_messages_cpp[0m
[4.559s] [  0%] Built target rosgraph_msgs_generate_messages_cpp
[4.569s] [35m[1mScanning dependencies of target topic_tools_generate_messages_cpp[0m
[4.581s] [  0%] Built target topic_tools_generate_messages_cpp
[4.592s] [35m[1mScanning dependencies of target geometry_msgs_generate_messages_eus[0m
[4.604s] [  0%] Built target geometry_msgs_generate_messages_eus
[4.615s] [35m[1mScanning dependencies of target std_msgs_generate_messages_py[0m
[4.626s] [  0%] Built target std_msgs_generate_messages_py
[4.637s] [35m[1mScanning dependencies of target std_msgs_generate_messages_nodejs[0m
[4.650s] [  0%] Built target std_msgs_generate_messages_nodejs
[4.662s] [35m[1mScanning dependencies of target bond_generate_messages_lisp[0m
[4.675s] [  0%] Built target bond_generate_messages_lisp
[4.687s] [35m[1mScanning dependencies of target topic_tools_generate_messages_eus[0m
[4.698s] [  0%] Built target topic_tools_generate_messages_eus
[4.710s] [35m[1mScanning dependencies of target rosgraph_msgs_generate_messages_nodejs[0m
[4.722s] [  0%] Built target rosgraph_msgs_generate_messages_nodejs
[4.734s] [35m[1mScanning dependencies of target std_msgs_generate_messages_eus[0m
[4.747s] [  0%] Built target std_msgs_generate_messages_eus
[4.759s] [35m[1mScanning dependencies of target pcl_msgs_generate_messages_nodejs[0m
[4.771s] [  0%] Built target pcl_msgs_generate_messages_nodejs
[4.782s] [35m[1mScanning dependencies of target nodelet_generate_messages_nodejs[0m
[4.794s] [  0%] Built target nodelet_generate_messages_nodejs
[4.807s] [35m[1mScanning dependencies of target sensor_msgs_generate_messages_lisp[0m
[4.818s] [  0%] Built target sensor_msgs_generate_messages_lisp
[4.829s] [35m[1mScanning dependencies of target pcl_msgs_generate_messages_cpp[0m
[4.840s] [  0%] Built target pcl_msgs_generate_messages_cpp
[4.852s] [35m[1mScanning dependencies of target dynamic_reconfigure_generate_messages_lisp[0m
[4.863s] [  0%] Built target dynamic_reconfigure_generate_messages_lisp
[4.886s] [35m[1mScanning dependencies of target std_srvs_generate_messages_eus[0m
[4.898s] [  0%] Built target std_srvs_generate_messages_eus
[4.909s] [35m[1mScanning dependencies of target roscpp_generate_messages_lisp[0m
[4.921s] [  0%] Built target roscpp_generate_messages_lisp
[4.933s] [35m[1mScanning dependencies of target bond_generate_messages_eus[0m
[4.945s] [  0%] Built target bond_generate_messages_eus
[4.956s] [35m[1mScanning dependencies of target std_msgs_generate_messages_cpp[0m
[4.968s] [  0%] Built target std_msgs_generate_messages_cpp
[4.979s] [35m[1mScanning dependencies of target roscpp_generate_messages_py[0m
[4.995s] [  0%] Built target roscpp_generate_messages_py
[5.006s] [35m[1mScanning dependencies of target roscpp_generate_messages_cpp[0m
[5.018s] [  0%] Built target roscpp_generate_messages_cpp
[5.038s] [35m[1mScanning dependencies of target sensor_msgs_generate_messages_nodejs[0m
[5.050s] [  0%] Built target sensor_msgs_generate_messages_nodejs
[5.061s] [35m[1mScanning dependencies of target actionlib_generate_messages_cpp[0m
[5.073s] [  0%] Built target actionlib_generate_messages_cpp
[5.084s] [35m[1mScanning dependencies of target geometry_msgs_generate_messages_nodejs[0m
[5.096s] [  0%] Built target geometry_msgs_generate_messages_nodejs
[5.108s] [35m[1mScanning dependencies of target nodelet_generate_messages_py[0m
[5.120s] [  0%] Built target nodelet_generate_messages_py
[5.132s] [35m[1mScanning dependencies of target sensor_msgs_generate_messages_py[0m
[5.144s] [  0%] Built target sensor_msgs_generate_messages_py
[5.156s] [35m[1mScanning dependencies of target dynamic_reconfigure_generate_messages_cpp[0m
[5.168s] [  0%] Built target dynamic_reconfigure_generate_messages_cpp
[5.180s] [35m[1mScanning dependencies of target tf_generate_messages_py[0m
[5.194s] [  0%] Built target tf_generate_messages_py
[5.206s] [35m[1mScanning dependencies of target geometry_msgs_generate_messages_lisp[0m
[5.219s] [  0%] Built target geometry_msgs_generate_messages_lisp
[5.231s] [35m[1mScanning dependencies of target roscpp_generate_messages_nodejs[0m
[5.242s] [  0%] Built target roscpp_generate_messages_nodejs
[5.264s] [35m[1mScanning dependencies of target std_msgs_generate_messages_lisp[0m
[5.276s] [  0%] Built target std_msgs_generate_messages_lisp
[5.288s] [35m[1mScanning dependencies of target sensor_msgs_generate_messages_cpp[0m
[5.301s] [  0%] Built target sensor_msgs_generate_messages_cpp
[5.312s] [35m[1mScanning dependencies of target sensor_msgs_generate_messages_eus[0m
[5.323s] [  0%] Built target sensor_msgs_generate_messages_eus
[5.335s] [35m[1mScanning dependencies of target pcl_ros_gencfg[0m
[5.356s] [  0%] Built target pcl_ros_gencfg
[5.368s] [35m[1mScanning dependencies of target topic_tools_generate_messages_nodejs[0m
[5.380s] [  0%] Built target topic_tools_generate_messages_nodejs
[5.402s] [35m[1mScanning dependencies of target tf2_msgs_generate_messages_py[0m
[5.412s] [  0%] Built target tf2_msgs_generate_messages_py
[5.423s] [35m[1mScanning dependencies of target actionlib_generate_messages_py[0m
[5.435s] [  0%] Built target actionlib_generate_messages_py
[5.446s] [35m[1mScanning dependencies of target geometry_msgs_generate_messages_py[0m
[5.457s] [  0%] Built target geometry_msgs_generate_messages_py
[5.477s] [35m[1mScanning dependencies of target dynamic_reconfigure_generate_messages_eus[0m
[5.489s] [  0%] Built target dynamic_reconfigure_generate_messages_eus
[5.500s] [35m[1mScanning dependencies of target dynamic_reconfigure_generate_messages_nodejs[0m
[5.510s] [  0%] Built target dynamic_reconfigure_generate_messages_nodejs
[5.521s] [35m[1mScanning dependencies of target dynamic_reconfigure_generate_messages_py[0m
[5.543s] [  0%] Built target dynamic_reconfigure_generate_messages_py
[5.555s] [35m[1mScanning dependencies of target tf2_msgs_generate_messages_lisp[0m
[5.569s] [  0%] Built target tf2_msgs_generate_messages_lisp
[5.580s] [35m[1mScanning dependencies of target dynamic_reconfigure_gencfg[0m
[5.592s] [  0%] Built target dynamic_reconfigure_gencfg
[5.602s] [35m[1mScanning dependencies of target nodelet_generate_messages_cpp[0m
[5.614s] [  0%] Built target nodelet_generate_messages_cpp
[5.624s] [35m[1mScanning dependencies of target bond_generate_messages_py[0m
[5.635s] [  0%] Built target bond_generate_messages_py
[5.649s] [35m[1mScanning dependencies of target std_srvs_generate_messages_nodejs[0m
[5.661s] [  0%] Built target std_srvs_generate_messages_nodejs
[5.671s] [35m[1mScanning dependencies of target geometry_msgs_generate_messages_cpp[0m
[5.683s] [  0%] Built target geometry_msgs_generate_messages_cpp
[5.702s] [35m[1mScanning dependencies of target actionlib_generate_messages_lisp[0m
[5.714s] [  0%] Built target actionlib_generate_messages_lisp
[5.726s] [35m[1mScanning dependencies of target nodelet_generate_messages_eus[0m
[5.739s] [  0%] Built target nodelet_generate_messages_eus
[5.751s] [35m[1mScanning dependencies of target nodelet_generate_messages_lisp[0m
[5.763s] [  0%] Built target nodelet_generate_messages_lisp
[5.776s] [35m[1mScanning dependencies of target roscpp_generate_messages_eus[0m
[5.789s] [  0%] Built target roscpp_generate_messages_eus
[5.800s] [35m[1mScanning dependencies of target rosgraph_msgs_generate_messages_py[0m
[5.821s] [  0%] Built target rosgraph_msgs_generate_messages_py
[5.832s] [35m[1mScanning dependencies of target actionlib_msgs_generate_messages_eus[0m
[5.843s] [  0%] Built target actionlib_msgs_generate_messages_eus
[5.856s] [35m[1mScanning dependencies of target bond_generate_messages_cpp[0m
[5.868s] [  0%] Built target bond_generate_messages_cpp
[5.880s] [35m[1mScanning dependencies of target bond_generate_messages_nodejs[0m
[5.891s] [  0%] Built target bond_generate_messages_nodejs
[5.903s] [35m[1mScanning dependencies of target actionlib_msgs_generate_messages_nodejs[0m
[5.916s] [  0%] Built target actionlib_msgs_generate_messages_nodejs
[5.929s] [35m[1mScanning dependencies of target topic_tools_generate_messages_py[0m
[5.942s] [  0%] Built target topic_tools_generate_messages_py
[5.955s] [35m[1mScanning dependencies of target nodelet_topic_tools_gencfg[0m
[5.967s] [  0%] Built target nodelet_topic_tools_gencfg
[5.979s] [35m[1mScanning dependencies of target std_srvs_generate_messages_lisp[0m
[5.990s] [  0%] Built target std_srvs_generate_messages_lisp
[6.002s] [35m[1mScanning dependencies of target topic_tools_generate_messages_lisp[0m
[6.014s] [  0%] Built target topic_tools_generate_messages_lisp
[6.026s] [35m[1mScanning dependencies of target std_srvs_generate_messages_cpp[0m
[6.038s] [  0%] Built target std_srvs_generate_messages_cpp
[6.051s] [35m[1mScanning dependencies of target tf_generate_messages_eus[0m
[6.067s] [  0%] Built target tf_generate_messages_eus
[6.092s] [35m[1mScanning dependencies of target actionlib_msgs_generate_messages_cpp[0m
[6.105s] [  0%] Built target actionlib_msgs_generate_messages_cpp
[6.117s] [35m[1mScanning dependencies of target std_srvs_generate_messages_py[0m
[6.130s] [  0%] Built target std_srvs_generate_messages_py
[6.143s] [35m[1mScanning dependencies of target tf_generate_messages_lisp[0m
[6.157s] [  0%] Built target tf_generate_messages_lisp
[6.169s] [35m[1mScanning dependencies of target tf_generate_messages_nodejs[0m
[6.182s] [  0%] Built target tf_generate_messages_nodejs
[6.194s] [35m[1mScanning dependencies of target pcl_msgs_generate_messages_py[0m
[6.207s] [  0%] Built target pcl_msgs_generate_messages_py
[6.227s] [35m[1mScanning dependencies of target actionlib_generate_messages_eus[0m
[6.239s] [  0%] Built target actionlib_generate_messages_eus
[6.251s] [35m[1mScanning dependencies of target pcl_msgs_generate_messages_lisp[0m
[6.262s] [  0%] Built target pcl_msgs_generate_messages_lisp
[6.272s] [35m[1mScanning dependencies of target tf_generate_messages_cpp[0m
[6.283s] [  0%] Built target tf_generate_messages_cpp
[6.298s] [35m[1mScanning dependencies of target actionlib_generate_messages_nodejs[0m
[6.313s] [  0%] Built target actionlib_generate_messages_nodejs
[6.323s] [35m[1mScanning dependencies of target actionlib_msgs_generate_messages_lisp[0m
[6.334s] [  0%] Built target actionlib_msgs_generate_messages_lisp
[6.351s] [35m[1mScanning dependencies of target pcl_msgs_generate_messages_eus[0m
[6.363s] [  0%] Built target pcl_msgs_generate_messages_eus
[6.374s] [35m[1mScanning dependencies of target tf2_msgs_generate_messages_cpp[0m
[6.387s] [  0%] Built target tf2_msgs_generate_messages_cpp
[6.400s] [35m[1mScanning dependencies of target tf2_msgs_generate_messages_eus[0m
[6.413s] [  0%] Built target tf2_msgs_generate_messages_eus
[6.429s] [35m[1mScanning dependencies of target tf2_msgs_generate_messages_nodejs[0m
[6.442s] [  0%] Built target tf2_msgs_generate_messages_nodejs
[6.466s] [35m[1mScanning dependencies of target pixel_cloud_fusion_lib[0m
[6.568s] [ 25%] [32mBuilding CXX object CMakeFiles/pixel_cloud_fusion_lib.dir/src/pixel_cloud_fusion.cpp.o[0m
[25.753s] [ 50%] [32m[1mLinking CXX shared library devel/lib/libpixel_cloud_fusion_lib.so[0m
[27.894s] [ 50%] Built target pixel_cloud_fusion_lib
[27.917s] [35m[1mScanning dependencies of target pixel_cloud_fusion[0m
[28.028s] [ 75%] [32mBuilding CXX object CMakeFiles/pixel_cloud_fusion.dir/src/pixel_cloud_fusion_node.cpp.o[0m
[43.542s] [100%] [32m[1mLinking CXX executable devel/lib/pixel_cloud_fusion/pixel_cloud_fusion[0m
[45.169s] [100%] Built target pixel_cloud_fusion
[45.183s] Invoked command in '/home/yeap/APC_2022_Prac/airsimversion/autoware.ai/build/pixel_cloud_fusion' returned '0': CMAKE_PREFIX_PATH=/home/yeap/APC_2022_Prac/airsimversion/autoware.ai/install/autoware_build_flags:${CMAKE_PREFIX_PATH} PKG_CONFIG_PATH=/home/yeap/APC_2022_Prac/airsimversion/autoware.ai/install/autoware_build_flags/lib/x86_64-linux-gnu/pkgconfig:/home/yeap/APC_2022_Prac/airsimversion/autoware.ai/install/autoware_build_flags/lib/pkgconfig:${PKG_CONFIG_PATH} ROS_PACKAGE_PATH=/home/yeap/APC_2022_Prac/airsimversion/autoware.ai/install/autoware_build_flags/share:${ROS_PACKAGE_PATH} /usr/bin/cmake --build /home/yeap/APC_2022_Prac/airsimversion/autoware.ai/build/pixel_cloud_fusion -- -j6 -l6
[45.339s] Invoking command in '/home/yeap/APC_2022_Prac/airsimversion/autoware.ai/build/pixel_cloud_fusion': CMAKE_PREFIX_PATH=/home/yeap/APC_2022_Prac/airsimversion/autoware.ai/install/autoware_build_flags:${CMAKE_PREFIX_PATH} PKG_CONFIG_PATH=/home/yeap/APC_2022_Prac/airsimversion/autoware.ai/install/autoware_build_flags/lib/x86_64-linux-gnu/pkgconfig:/home/yeap/APC_2022_Prac/airsimversion/autoware.ai/install/autoware_build_flags/lib/pkgconfig:${PKG_CONFIG_PATH} ROS_PACKAGE_PATH=/home/yeap/APC_2022_Prac/airsimversion/autoware.ai/install/autoware_build_flags/share:${ROS_PACKAGE_PATH} /usr/bin/cmake --build /home/yeap/APC_2022_Prac/airsimversion/autoware.ai/build/pixel_cloud_fusion --target tests -- -j6 -l6
[45.427s] [35m[1mScanning dependencies of target tests[0m
[45.438s] Built target tests
[45.452s] Invoked command in '/home/yeap/APC_2022_Prac/airsimversion/autoware.ai/build/pixel_cloud_fusion' returned '0': CMAKE_PREFIX_PATH=/home/yeap/APC_2022_Prac/airsimversion/autoware.ai/install/autoware_build_flags:${CMAKE_PREFIX_PATH} PKG_CONFIG_PATH=/home/yeap/APC_2022_Prac/airsimversion/autoware.ai/install/autoware_build_flags/lib/x86_64-linux-gnu/pkgconfig:/home/yeap/APC_2022_Prac/airsimversion/autoware.ai/install/autoware_build_flags/lib/pkgconfig:${PKG_CONFIG_PATH} ROS_PACKAGE_PATH=/home/yeap/APC_2022_Prac/airsimversion/autoware.ai/install/autoware_build_flags/share:${ROS_PACKAGE_PATH} /usr/bin/cmake --build /home/yeap/APC_2022_Prac/airsimversion/autoware.ai/build/pixel_cloud_fusion --target tests -- -j6 -l6
[45.597s] Invoking command in '/home/yeap/APC_2022_Prac/airsimversion/autoware.ai/build/pixel_cloud_fusion': CMAKE_PREFIX_PATH=/home/yeap/APC_2022_Prac/airsimversion/autoware.ai/install/autoware_build_flags:${CMAKE_PREFIX_PATH} PKG_CONFIG_PATH=/home/yeap/APC_2022_Prac/airsimversion/autoware.ai/install/autoware_build_flags/lib/x86_64-linux-gnu/pkgconfig:/home/yeap/APC_2022_Prac/airsimversion/autoware.ai/install/autoware_build_flags/lib/pkgconfig:${PKG_CONFIG_PATH} ROS_PACKAGE_PATH=/home/yeap/APC_2022_Prac/airsimversion/autoware.ai/install/autoware_build_flags/share:${ROS_PACKAGE_PATH} /usr/bin/cmake --build /home/yeap/APC_2022_Prac/airsimversion/autoware.ai/build/pixel_cloud_fusion --target install -- -j6 -l6
[45.665s] [  0%] Built target actionlib_msgs_generate_messages_py
[45.694s] [  0%] Built target rosgraph_msgs_generate_messages_lisp
[45.725s] [  0%] Built target rosgraph_msgs_generate_messages_eus
[45.758s] [  0%] Built target rosgraph_msgs_generate_messages_cpp
[45.798s] [  0%] Built target topic_tools_generate_messages_cpp
[45.827s] [  0%] Built target geometry_msgs_generate_messages_eus
[45.859s] [  0%] Built target std_msgs_generate_messages_py
[45.885s] [  0%] Built target std_msgs_generate_messages_nodejs
[45.913s] [  0%] Built target bond_generate_messages_lisp
[45.943s] [  0%] Built target topic_tools_generate_messages_eus
[45.978s] [  0%] Built target rosgraph_msgs_generate_messages_nodejs
[46.005s] [  0%] Built target std_msgs_generate_messages_eus
[46.032s] [  0%] Built target pcl_msgs_generate_messages_nodejs
[46.070s] [  0%] Built target nodelet_generate_messages_nodejs
[46.099s] [  0%] Built target sensor_msgs_generate_messages_lisp
[46.133s] [  0%] Built target pcl_msgs_generate_messages_cpp
[46.166s] [  0%] Built target dynamic_reconfigure_generate_messages_lisp
[46.197s] [  0%] Built target std_srvs_generate_messages_eus
[46.225s] [  0%] Built target roscpp_generate_messages_lisp
[46.256s] [  0%] Built target bond_generate_messages_eus
[46.281s] [  0%] Built target std_msgs_generate_messages_cpp
[46.309s] [  0%] Built target roscpp_generate_messages_py
[46.342s] [  0%] Built target roscpp_generate_messages_cpp
[46.377s] [  0%] Built target sensor_msgs_generate_messages_nodejs
[46.417s] [  0%] Built target actionlib_generate_messages_cpp
[46.454s] [  0%] Built target geometry_msgs_generate_messages_nodejs
[46.483s] [  0%] Built target nodelet_generate_messages_py
[46.518s] [  0%] Built target sensor_msgs_generate_messages_py
[46.557s] [  0%] Built target dynamic_reconfigure_generate_messages_cpp
[46.586s] [  0%] Built target tf_generate_messages_py
[46.614s] [  0%] Built target geometry_msgs_generate_messages_lisp
[46.654s] [  0%] Built target roscpp_generate_messages_nodejs
[46.686s] [  0%] Built target std_msgs_generate_messages_lisp
[46.713s] [  0%] Built target sensor_msgs_generate_messages_cpp
[46.747s] [  0%] Built target sensor_msgs_generate_messages_eus
[46.777s] [  0%] Built target pcl_ros_gencfg
[46.810s] [  0%] Built target topic_tools_generate_messages_nodejs
[46.841s] [  0%] Built target tf2_msgs_generate_messages_py
[46.874s] [  0%] Built target actionlib_generate_messages_py
[46.906s] [  0%] Built target geometry_msgs_generate_messages_py
[46.936s] [  0%] Built target dynamic_reconfigure_generate_messages_eus
[46.964s] [  0%] Built target dynamic_reconfigure_generate_messages_nodejs
[46.994s] [  0%] Built target dynamic_reconfigure_generate_messages_py
[47.030s] [  0%] Built target tf2_msgs_generate_messages_lisp
[47.063s] [  0%] Built target dynamic_reconfigure_gencfg
[47.093s] [  0%] Built target nodelet_generate_messages_cpp
[47.130s] [  0%] Built target bond_generate_messages_py
[47.166s] [  0%] Built target std_srvs_generate_messages_nodejs
[47.194s] [  0%] Built target geometry_msgs_generate_messages_cpp
[47.225s] [  0%] Built target actionlib_generate_messages_lisp
[47.252s] [  0%] Built target nodelet_generate_messages_eus
[47.280s] [  0%] Built target nodelet_generate_messages_lisp
[47.313s] [  0%] Built target roscpp_generate_messages_eus
[47.350s] [  0%] Built target rosgraph_msgs_generate_messages_py
[47.383s] [  0%] Built target actionlib_msgs_generate_messages_eus
[47.410s] [  0%] Built target bond_generate_messages_cpp
[47.440s] [  0%] Built target bond_generate_messages_nodejs
[47.469s] [  0%] Built target actionlib_msgs_generate_messages_nodejs
[47.499s] [  0%] Built target topic_tools_generate_messages_py
[47.544s] [  0%] Built target nodelet_topic_tools_gencfg
[47.567s] [  0%] Built target std_srvs_generate_messages_lisp
[47.594s] [  0%] Built target topic_tools_generate_messages_lisp
[47.631s] [  0%] Built target std_srvs_generate_messages_cpp
[47.654s] [  0%] Built target tf_generate_messages_eus
[47.688s] [  0%] Built target actionlib_msgs_generate_messages_cpp
[47.716s] [  0%] Built target std_srvs_generate_messages_py
[47.745s] [  0%] Built target tf_generate_messages_lisp
[47.778s] [  0%] Built target tf_generate_messages_nodejs
[47.825s] [  0%] Built target pcl_msgs_generate_messages_py
[47.853s] [  0%] Built target actionlib_generate_messages_eus
[47.884s] [  0%] Built target pcl_msgs_generate_messages_lisp
[47.913s] [  0%] Built target tf_generate_messages_cpp
[47.944s] [  0%] Built target actionlib_generate_messages_nodejs
[47.970s] [  0%] Built target actionlib_msgs_generate_messages_lisp
[48.001s] [  0%] Built target pcl_msgs_generate_messages_eus
[48.037s] [  0%] Built target tf2_msgs_generate_messages_cpp
[48.064s] [  0%] Built target tf2_msgs_generate_messages_eus
[48.092s] [  0%] Built target tf2_msgs_generate_messages_nodejs
[48.144s] [ 50%] Built target pixel_cloud_fusion_lib
[48.190s] [100%] Built target pixel_cloud_fusion
[48.214s] [36mInstall the project...[0m
[48.226s] -- Install configuration: "Release"
[48.226s] -- Installing: /home/yeap/APC_2022_Prac/airsimversion/autoware.ai/install/pixel_cloud_fusion/lib/pkgconfig/pixel_cloud_fusion.pc
[48.227s] -- Installing: /home/yeap/APC_2022_Prac/airsimversion/autoware.ai/install/pixel_cloud_fusion/share/pixel_cloud_fusion/cmake/pixel_cloud_fusionConfig.cmake
[48.227s] -- Installing: /home/yeap/APC_2022_Prac/airsimversion/autoware.ai/install/pixel_cloud_fusion/share/pixel_cloud_fusion/cmake/pixel_cloud_fusionConfig-version.cmake
[48.227s] -- Installing: /home/yeap/APC_2022_Prac/airsimversion/autoware.ai/install/pixel_cloud_fusion/share/pixel_cloud_fusion/package.xml
[48.227s] -- Installing: /home/yeap/APC_2022_Prac/airsimversion/autoware.ai/install/pixel_cloud_fusion/lib/pixel_cloud_fusion/pixel_cloud_fusion
[48.234s] -- Set runtime path of "/home/yeap/APC_2022_Prac/airsimversion/autoware.ai/install/pixel_cloud_fusion/lib/pixel_cloud_fusion/pixel_cloud_fusion" to ""
[48.234s] -- Installing: /home/yeap/APC_2022_Prac/airsimversion/autoware.ai/install/pixel_cloud_fusion/lib/libpixel_cloud_fusion_lib.so
[48.246s] -- Set runtime path of "/home/yeap/APC_2022_Prac/airsimversion/autoware.ai/install/pixel_cloud_fusion/lib/libpixel_cloud_fusion_lib.so" to ""
[48.246s] -- Installing: /home/yeap/APC_2022_Prac/airsimversion/autoware.ai/install/pixel_cloud_fusion/include/pixel_cloud_fusion
[48.246s] -- Installing: /home/yeap/APC_2022_Prac/airsimversion/autoware.ai/install/pixel_cloud_fusion/include/pixel_cloud_fusion/pixel_cloud_fusion.h
[48.246s] -- Installing: /home/yeap/APC_2022_Prac/airsimversion/autoware.ai/install/pixel_cloud_fusion/share/pixel_cloud_fusion/launch
[48.246s] -- Installing: /home/yeap/APC_2022_Prac/airsimversion/autoware.ai/install/pixel_cloud_fusion/share/pixel_cloud_fusion/launch/pixel_cloud_fusion.launch
[48.256s] Invoked command in '/home/yeap/APC_2022_Prac/airsimversion/autoware.ai/build/pixel_cloud_fusion' returned '0': CMAKE_PREFIX_PATH=/home/yeap/APC_2022_Prac/airsimversion/autoware.ai/install/autoware_build_flags:${CMAKE_PREFIX_PATH} PKG_CONFIG_PATH=/home/yeap/APC_2022_Prac/airsimversion/autoware.ai/install/autoware_build_flags/lib/x86_64-linux-gnu/pkgconfig:/home/yeap/APC_2022_Prac/airsimversion/autoware.ai/install/autoware_build_flags/lib/pkgconfig:${PKG_CONFIG_PATH} ROS_PACKAGE_PATH=/home/yeap/APC_2022_Prac/airsimversion/autoware.ai/install/autoware_build_flags/share:${ROS_PACKAGE_PATH} /usr/bin/cmake --build /home/yeap/APC_2022_Prac/airsimversion/autoware.ai/build/pixel_cloud_fusion --target install -- -j6 -l6
