[0.018s] Invoking command in '/home/yeap/APC_2022_Prac/airsimversion/autoware.ai/build/autoware_launcher_rviz': CMAKE_PREFIX_PATH=/home/yeap/APC_2022_Prac/airsimversion/autoware.ai/install/autoware_build_flags:${CMAKE_PREFIX_PATH} PKG_CONFIG_PATH=/home/yeap/APC_2022_Prac/airsimversion/autoware.ai/install/autoware_build_flags/lib/x86_64-linux-gnu/pkgconfig:/home/yeap/APC_2022_Prac/airsimversion/autoware.ai/install/autoware_build_flags/lib/pkgconfig:${PKG_CONFIG_PATH} ROS_PACKAGE_PATH=/home/yeap/APC_2022_Prac/airsimversion/autoware.ai/install/autoware_build_flags/share:${ROS_PACKAGE_PATH} /usr/bin/cmake /home/yeap/APC_2022_Prac/airsimversion/autoware.ai/src/autoware/utilities/autoware_launcher_rviz -DCMAKE_BUILD_TYPE=Release -DCATKIN_INSTALL_INTO_PREFIX_ROOT=0 -DCMAKE_INSTALL_PREFIX=/home/yeap/APC_2022_Prac/airsimversion/autoware.ai/install/autoware_launcher_rviz
[0.091s] -- The C compiler identification is GNU 7.5.0
[0.163s] -- The CXX compiler identification is GNU 7.5.0
[0.169s] -- Check for working C compiler: /usr/bin/cc
[0.243s] -- Check for working C compiler: /usr/bin/cc -- works
[0.244s] -- Detecting C compiler ABI info
[0.328s] -- Detecting C compiler ABI info - done
[0.331s] -- Detecting C compile features
[0.560s] -- Detecting C compile features - done
[0.561s] -- Check for working CXX compiler: /usr/bin/c++
[0.643s] -- Check for working CXX compiler: /usr/bin/c++ -- works
[0.644s] -- Detecting CXX compiler ABI info
[0.744s] -- Detecting CXX compiler ABI info - done
[0.747s] -- Detecting CXX compile features
[1.115s] -- Detecting CXX compile features - done
[1.118s] -- Using CATKIN_DEVEL_PREFIX: /home/yeap/APC_2022_Prac/airsimversion/autoware.ai/build/autoware_launcher_rviz/devel
[1.119s] -- Using CMAKE_PREFIX_PATH: /home/yeap/APC_2022_Prac/airsimversion/autoware.ai/install/autoware_build_flags;/opt/ros/melodic
[1.119s] -- This workspace overlays: /home/yeap/APC_2022_Prac/airsimversion/autoware.ai/install/autoware_build_flags;/opt/ros/melodic
[1.136s] -- Found PythonInterp: /usr/bin/python2 (found suitable version "2.7.17", minimum required is "2") 
[1.137s] -- Using PYTHON_EXECUTABLE: /usr/bin/python2
[1.137s] -- Using Debian Python package layout
[1.138s] -- Using empy: /usr/bin/empy
[1.316s] -- Using CATKIN_ENABLE_TESTING: ON
[1.316s] -- Call enable_testing()
[1.319s] -- Using CATKIN_TEST_RESULTS_DIR: /home/yeap/APC_2022_Prac/airsimversion/autoware.ai/build/autoware_launcher_rviz/test_results
[1.342s] -- Found gtest sources under '/usr/src/googletest': gtests will be built
[1.343s] -- Found gmock sources under '/usr/src/googletest': gmock will be built
[1.360s] -- Found PythonInterp: /usr/bin/python2 (found version "2.7.17") 
[1.360s] -- Looking for pthread.h
[1.440s] -- Looking for pthread.h - found
[1.440s] -- Looking for pthread_create
[1.512s] -- Looking for pthread_create - not found
[1.513s] -- Looking for pthread_create in pthreads
[1.586s] -- Looking for pthread_create in pthreads - not found
[1.586s] -- Looking for pthread_create in pthread
[1.672s] -- Looking for pthread_create in pthread - found
[1.674s] -- Found Threads: TRUE  
[1.680s] -- Using Python nosetests: /usr/bin/nosetests-2.7
[1.746s] -- catkin 0.7.29
[1.747s] -- BUILD_SHARED_LIBS is on
[2.052s] -- Using these message generators: gencpp;geneus;genlisp;gennodejs;genpy
[2.280s] -- CUDA compilation status: .
[2.549s] -- Configuring done
[2.592s] -- Generating done
[2.617s] -- Build files have been written to: /home/yeap/APC_2022_Prac/airsimversion/autoware.ai/build/autoware_launcher_rviz
[2.627s] Invoked command in '/home/yeap/APC_2022_Prac/airsimversion/autoware.ai/build/autoware_launcher_rviz' returned '0': CMAKE_PREFIX_PATH=/home/yeap/APC_2022_Prac/airsimversion/autoware.ai/install/autoware_build_flags:${CMAKE_PREFIX_PATH} PKG_CONFIG_PATH=/home/yeap/APC_2022_Prac/airsimversion/autoware.ai/install/autoware_build_flags/lib/x86_64-linux-gnu/pkgconfig:/home/yeap/APC_2022_Prac/airsimversion/autoware.ai/install/autoware_build_flags/lib/pkgconfig:${PKG_CONFIG_PATH} ROS_PACKAGE_PATH=/home/yeap/APC_2022_Prac/airsimversion/autoware.ai/install/autoware_build_flags/share:${ROS_PACKAGE_PATH} /usr/bin/cmake /home/yeap/APC_2022_Prac/airsimversion/autoware.ai/src/autoware/utilities/autoware_launcher_rviz -DCMAKE_BUILD_TYPE=Release -DCATKIN_INSTALL_INTO_PREFIX_ROOT=0 -DCMAKE_INSTALL_PREFIX=/home/yeap/APC_2022_Prac/airsimversion/autoware.ai/install/autoware_launcher_rviz
[2.632s] Invoking command in '/home/yeap/APC_2022_Prac/airsimversion/autoware.ai/build/autoware_launcher_rviz': CMAKE_PREFIX_PATH=/home/yeap/APC_2022_Prac/airsimversion/autoware.ai/install/autoware_build_flags:${CMAKE_PREFIX_PATH} PKG_CONFIG_PATH=/home/yeap/APC_2022_Prac/airsimversion/autoware.ai/install/autoware_build_flags/lib/x86_64-linux-gnu/pkgconfig:/home/yeap/APC_2022_Prac/airsimversion/autoware.ai/install/autoware_build_flags/lib/pkgconfig:${PKG_CONFIG_PATH} ROS_PACKAGE_PATH=/home/yeap/APC_2022_Prac/airsimversion/autoware.ai/install/autoware_build_flags/share:${ROS_PACKAGE_PATH} /usr/bin/cmake --build /home/yeap/APC_2022_Prac/airsimversion/autoware.ai/build/autoware_launcher_rviz -- -j6 -l6
[2.692s] [ 25%] [34m[1mGenerating src/moc_module_panel.cpp[0m
[2.828s] [35m[1mScanning dependencies of target autoware_launcher_rviz[0m
[2.872s] [ 50%] [32mBuilding CXX object CMakeFiles/autoware_launcher_rviz.dir/src/moc_module_panel.cpp.o[0m
[3.931s] [ 75%] [32mBuilding CXX object CMakeFiles/autoware_launcher_rviz.dir/src/module_panel.cpp.o[0m
[6.131s] [100%] [32m[1mLinking CXX shared library devel/lib/libautoware_launcher_rviz.so[0m
[6.682s] [100%] Built target autoware_launcher_rviz
[6.699s] Invoked command in '/home/yeap/APC_2022_Prac/airsimversion/autoware.ai/build/autoware_launcher_rviz' returned '0': CMAKE_PREFIX_PATH=/home/yeap/APC_2022_Prac/airsimversion/autoware.ai/install/autoware_build_flags:${CMAKE_PREFIX_PATH} PKG_CONFIG_PATH=/home/yeap/APC_2022_Prac/airsimversion/autoware.ai/install/autoware_build_flags/lib/x86_64-linux-gnu/pkgconfig:/home/yeap/APC_2022_Prac/airsimversion/autoware.ai/install/autoware_build_flags/lib/pkgconfig:${PKG_CONFIG_PATH} ROS_PACKAGE_PATH=/home/yeap/APC_2022_Prac/airsimversion/autoware.ai/install/autoware_build_flags/share:${ROS_PACKAGE_PATH} /usr/bin/cmake --build /home/yeap/APC_2022_Prac/airsimversion/autoware.ai/build/autoware_launcher_rviz -- -j6 -l6
[6.798s] Invoking command in '/home/yeap/APC_2022_Prac/airsimversion/autoware.ai/build/autoware_launcher_rviz': CMAKE_PREFIX_PATH=/home/yeap/APC_2022_Prac/airsimversion/autoware.ai/install/autoware_build_flags:${CMAKE_PREFIX_PATH} PKG_CONFIG_PATH=/home/yeap/APC_2022_Prac/airsimversion/autoware.ai/install/autoware_build_flags/lib/x86_64-linux-gnu/pkgconfig:/home/yeap/APC_2022_Prac/airsimversion/autoware.ai/install/autoware_build_flags/lib/pkgconfig:${PKG_CONFIG_PATH} ROS_PACKAGE_PATH=/home/yeap/APC_2022_Prac/airsimversion/autoware.ai/install/autoware_build_flags/share:${ROS_PACKAGE_PATH} /usr/bin/cmake --build /home/yeap/APC_2022_Prac/airsimversion/autoware.ai/build/autoware_launcher_rviz --target tests -- -j6 -l6
[6.886s] [35m[1mScanning dependencies of target tests[0m
[6.898s] Built target tests
[6.913s] Invoked command in '/home/yeap/APC_2022_Prac/airsimversion/autoware.ai/build/autoware_launcher_rviz' returned '0': CMAKE_PREFIX_PATH=/home/yeap/APC_2022_Prac/airsimversion/autoware.ai/install/autoware_build_flags:${CMAKE_PREFIX_PATH} PKG_CONFIG_PATH=/home/yeap/APC_2022_Prac/airsimversion/autoware.ai/install/autoware_build_flags/lib/x86_64-linux-gnu/pkgconfig:/home/yeap/APC_2022_Prac/airsimversion/autoware.ai/install/autoware_build_flags/lib/pkgconfig:${PKG_CONFIG_PATH} ROS_PACKAGE_PATH=/home/yeap/APC_2022_Prac/airsimversion/autoware.ai/install/autoware_build_flags/share:${ROS_PACKAGE_PATH} /usr/bin/cmake --build /home/yeap/APC_2022_Prac/airsimversion/autoware.ai/build/autoware_launcher_rviz --target tests -- -j6 -l6
[7.023s] Invoking command in '/home/yeap/APC_2022_Prac/airsimversion/autoware.ai/build/autoware_launcher_rviz': CMAKE_PREFIX_PATH=/home/yeap/APC_2022_Prac/airsimversion/autoware.ai/install/autoware_build_flags:${CMAKE_PREFIX_PATH} PKG_CONFIG_PATH=/home/yeap/APC_2022_Prac/airsimversion/autoware.ai/install/autoware_build_flags/lib/x86_64-linux-gnu/pkgconfig:/home/yeap/APC_2022_Prac/airsimversion/autoware.ai/install/autoware_build_flags/lib/pkgconfig:${PKG_CONFIG_PATH} ROS_PACKAGE_PATH=/home/yeap/APC_2022_Prac/airsimversion/autoware.ai/install/autoware_build_flags/share:${ROS_PACKAGE_PATH} /usr/bin/cmake --build /home/yeap/APC_2022_Prac/airsimversion/autoware.ai/build/autoware_launcher_rviz --target install -- -j6 -l6
[7.099s] [100%] Built target autoware_launcher_rviz
[7.126s] [36mInstall the project...[0m
[7.137s] -- Install configuration: "Release"
[7.137s] -- Installing: /home/yeap/APC_2022_Prac/airsimversion/autoware.ai/install/autoware_launcher_rviz/lib/pkgconfig/autoware_launcher_rviz.pc
[7.138s] -- Installing: /home/yeap/APC_2022_Prac/airsimversion/autoware.ai/install/autoware_launcher_rviz/share/autoware_launcher_rviz/cmake/autoware_launcher_rvizConfig.cmake
[7.138s] -- Installing: /home/yeap/APC_2022_Prac/airsimversion/autoware.ai/install/autoware_launcher_rviz/share/autoware_launcher_rviz/cmake/autoware_launcher_rvizConfig-version.cmake
[7.138s] -- Installing: /home/yeap/APC_2022_Prac/airsimversion/autoware.ai/install/autoware_launcher_rviz/share/autoware_launcher_rviz/package.xml
[7.139s] -- Installing: /home/yeap/APC_2022_Prac/airsimversion/autoware.ai/install/autoware_launcher_rviz/lib/libautoware_launcher_rviz.so
[7.139s] -- Set runtime path of "/home/yeap/APC_2022_Prac/airsimversion/autoware.ai/install/autoware_launcher_rviz/lib/libautoware_launcher_rviz.so" to ""
[7.139s] -- Installing: /home/yeap/APC_2022_Prac/airsimversion/autoware.ai/install/autoware_launcher_rviz/share/autoware_launcher_rviz/plugin_description.xml
[7.140s] -- Installing: /home/yeap/APC_2022_Prac/airsimversion/autoware.ai/install/autoware_launcher_rviz/share/autoware_launcher_rviz/icons/icons
[7.140s] -- Installing: /home/yeap/APC_2022_Prac/airsimversion/autoware.ai/install/autoware_launcher_rviz/share/autoware_launcher_rviz/icons/icons/classes
[7.140s] -- Installing: /home/yeap/APC_2022_Prac/airsimversion/autoware.ai/install/autoware_launcher_rviz/share/autoware_launcher_rviz/icons/icons/classes/ModulePanel.png
[7.149s] Invoked command in '/home/yeap/APC_2022_Prac/airsimversion/autoware.ai/build/autoware_launcher_rviz' returned '0': CMAKE_PREFIX_PATH=/home/yeap/APC_2022_Prac/airsimversion/autoware.ai/install/autoware_build_flags:${CMAKE_PREFIX_PATH} PKG_CONFIG_PATH=/home/yeap/APC_2022_Prac/airsimversion/autoware.ai/install/autoware_build_flags/lib/x86_64-linux-gnu/pkgconfig:/home/yeap/APC_2022_Prac/airsimversion/autoware.ai/install/autoware_build_flags/lib/pkgconfig:${PKG_CONFIG_PATH} ROS_PACKAGE_PATH=/home/yeap/APC_2022_Prac/airsimversion/autoware.ai/install/autoware_build_flags/share:${ROS_PACKAGE_PATH} /usr/bin/cmake --build /home/yeap/APC_2022_Prac/airsimversion/autoware.ai/build/autoware_launcher_rviz --target install -- -j6 -l6
