[0.024s] Invoking command in '/home/yeap/APC_2022_Prac/airsimversion/autoware.ai/build/vision_darknet_detect': CMAKE_PREFIX_PATH=/home/yeap/APC_2022_Prac/airsimversion/autoware.ai/install/autoware_msgs:/home/yeap/APC_2022_Prac/airsimversion/autoware.ai/install/autoware_config_msgs:/home/yeap/APC_2022_Prac/airsimversion/autoware.ai/install/autoware_build_flags:${CMAKE_PREFIX_PATH} PKG_CONFIG_PATH=/home/yeap/APC_2022_Prac/airsimversion/autoware.ai/install/autoware_msgs/lib/x86_64-linux-gnu/pkgconfig:/home/yeap/APC_2022_Prac/airsimversion/autoware.ai/install/autoware_msgs/lib/pkgconfig:/home/yeap/APC_2022_Prac/airsimversion/autoware.ai/install/autoware_config_msgs/lib/x86_64-linux-gnu/pkgconfig:/home/yeap/APC_2022_Prac/airsimversion/autoware.ai/install/autoware_config_msgs/lib/pkgconfig:/home/yeap/APC_2022_Prac/airsimversion/autoware.ai/install/autoware_build_flags/lib/x86_64-linux-gnu/pkgconfig:/home/yeap/APC_2022_Prac/airsimversion/autoware.ai/install/autoware_build_flags/lib/pkgconfig:${PKG_CONFIG_PATH} PYTHONPATH=/home/yeap/APC_2022_Prac/airsimversion/autoware.ai/install/autoware_msgs/lib/python2.7/dist-packages:/home/yeap/APC_2022_Prac/airsimversion/autoware.ai/install/autoware_config_msgs/lib/python2.7/dist-packages:${PYTHONPATH} ROS_PACKAGE_PATH=/home/yeap/APC_2022_Prac/airsimversion/autoware.ai/install/autoware_msgs/share:/home/yeap/APC_2022_Prac/airsimversion/autoware.ai/install/autoware_config_msgs/share:/home/yeap/APC_2022_Prac/airsimversion/autoware.ai/install/autoware_build_flags/share:${ROS_PACKAGE_PATH} /usr/bin/cmake /home/yeap/APC_2022_Prac/airsimversion/autoware.ai/src/autoware/core_perception/vision_darknet_detect -DCMAKE_BUILD_TYPE=Release -DCATKIN_INSTALL_INTO_PREFIX_ROOT=0 -DCMAKE_INSTALL_PREFIX=/home/yeap/APC_2022_Prac/airsimversion/autoware.ai/install/vision_darknet_detect
[0.118s] -- The C compiler identification is GNU 7.5.0
[0.188s] -- The CXX compiler identification is GNU 7.5.0
[0.195s] -- Check for working C compiler: /usr/bin/cc
[0.272s] -- Check for working C compiler: /usr/bin/cc -- works
[0.273s] -- Detecting C compiler ABI info
[0.351s] -- Detecting C compiler ABI info - done
[0.361s] -- Detecting C compile features
[0.594s] -- Detecting C compile features - done
[0.597s] -- Check for working CXX compiler: /usr/bin/c++
[0.681s] -- Check for working CXX compiler: /usr/bin/c++ -- works
[0.681s] -- Detecting CXX compiler ABI info
[0.779s] -- Detecting CXX compiler ABI info - done
[0.788s] -- Detecting CXX compile features
[1.176s] -- Detecting CXX compile features - done
[1.178s] -- CUDA compilation status: .
[1.180s] -- Using CATKIN_DEVEL_PREFIX: /home/yeap/APC_2022_Prac/airsimversion/autoware.ai/build/vision_darknet_detect/devel
[1.180s] -- Using CMAKE_PREFIX_PATH: /home/yeap/APC_2022_Prac/airsimversion/autoware.ai/install/autoware_msgs;/home/yeap/APC_2022_Prac/airsimversion/autoware.ai/install/autoware_config_msgs;/home/yeap/APC_2022_Prac/airsimversion/autoware.ai/install/autoware_build_flags;/opt/ros/melodic
[1.180s] -- This workspace overlays: /home/yeap/APC_2022_Prac/airsimversion/autoware.ai/install/autoware_msgs;/home/yeap/APC_2022_Prac/airsimversion/autoware.ai/install/autoware_config_msgs;/home/yeap/APC_2022_Prac/airsimversion/autoware.ai/install/autoware_build_flags;/opt/ros/melodic
[1.198s] -- Found PythonInterp: /usr/bin/python2 (found suitable version "2.7.17", minimum required is "2") 
[1.198s] -- Using PYTHON_EXECUTABLE: /usr/bin/python2
[1.198s] -- Using Debian Python package layout
[1.198s] -- Using empy: /usr/bin/empy
[1.373s] -- Using CATKIN_ENABLE_TESTING: ON
[1.374s] -- Call enable_testing()
[1.377s] -- Using CATKIN_TEST_RESULTS_DIR: /home/yeap/APC_2022_Prac/airsimversion/autoware.ai/build/vision_darknet_detect/test_results
[1.402s] -- Found gtest sources under '/usr/src/googletest': gtests will be built
[1.402s] -- Found gmock sources under '/usr/src/googletest': gmock will be built
[1.417s] -- Found PythonInterp: /usr/bin/python2 (found version "2.7.17") 
[1.418s] -- Looking for pthread.h
[1.499s] -- Looking for pthread.h - found
[1.499s] -- Looking for pthread_create
[1.579s] -- Looking for pthread_create - not found
[1.580s] -- Looking for pthread_create in pthreads
[1.641s] -- Looking for pthread_create in pthreads - not found
[1.642s] -- Looking for pthread_create in pthread
[1.717s] -- Looking for pthread_create in pthread - found
[1.718s] -- Found Threads: TRUE  
[1.724s] -- Using Python nosetests: /usr/bin/nosetests-2.7
[1.775s] -- catkin 0.7.29
[1.775s] -- BUILD_SHARED_LIBS is on
[1.942s] -- Using these message generators: gencpp;geneus;genlisp;gennodejs;genpy
[2.111s] CUDA_TOOLKIT_ROOT_DIR not found or specified
[2.121s] -- Could NOT find CUDA (missing: CUDA_TOOLKIT_ROOT_DIR CUDA_NVCC_EXECUTABLE CUDA_INCLUDE_DIRS CUDA_CUDART_LIBRARY) 
[2.143s] -- Found OpenCV: /usr (found version "3.2.0") 
[2.439s] -- Found OpenMP_C: -fopenmp (found version "4.5") 
[2.543s] -- Found OpenMP_CXX: -fopenmp (found version "4.5") 
[2.544s] -- Found OpenMP: TRUE (found version "4.5")  
[2.700s] CMake Warning at /home/yeap/APC_2022_Prac/airsimversion/autoware.ai/install/autoware_build_flags/share/autoware_build_flags/cmake/autoware_build_flags-extras.cmake:36 (message):
[2.700s]   CUDA support is disabled.  Set the AUTOWARE_COMPILE_WITH_CUDA environment
[2.700s]   variable and recompile to enable it
[2.700s] Call Stack (most recent call first):
[2.700s]   CMakeLists.txt:25 (AW_CHECK_CUDA)
[2.700s] 
[2.700s] 
[2.701s] CMake Warning at CMakeLists.txt:158 (message):
[2.701s]   Building vision_darknet_detect without CUDA
[2.701s] 
[2.701s] 
[2.705s] -- Configuring done
[2.773s] -- Generating done
[2.782s] -- Build files have been written to: /home/yeap/APC_2022_Prac/airsimversion/autoware.ai/build/vision_darknet_detect
[2.792s] Invoked command in '/home/yeap/APC_2022_Prac/airsimversion/autoware.ai/build/vision_darknet_detect' returned '0': CMAKE_PREFIX_PATH=/home/yeap/APC_2022_Prac/airsimversion/autoware.ai/install/autoware_msgs:/home/yeap/APC_2022_Prac/airsimversion/autoware.ai/install/autoware_config_msgs:/home/yeap/APC_2022_Prac/airsimversion/autoware.ai/install/autoware_build_flags:${CMAKE_PREFIX_PATH} PKG_CONFIG_PATH=/home/yeap/APC_2022_Prac/airsimversion/autoware.ai/install/autoware_msgs/lib/x86_64-linux-gnu/pkgconfig:/home/yeap/APC_2022_Prac/airsimversion/autoware.ai/install/autoware_msgs/lib/pkgconfig:/home/yeap/APC_2022_Prac/airsimversion/autoware.ai/install/autoware_config_msgs/lib/x86_64-linux-gnu/pkgconfig:/home/yeap/APC_2022_Prac/airsimversion/autoware.ai/install/autoware_config_msgs/lib/pkgconfig:/home/yeap/APC_2022_Prac/airsimversion/autoware.ai/install/autoware_build_flags/lib/x86_64-linux-gnu/pkgconfig:/home/yeap/APC_2022_Prac/airsimversion/autoware.ai/install/autoware_build_flags/lib/pkgconfig:${PKG_CONFIG_PATH} PYTHONPATH=/home/yeap/APC_2022_Prac/airsimversion/autoware.ai/install/autoware_msgs/lib/python2.7/dist-packages:/home/yeap/APC_2022_Prac/airsimversion/autoware.ai/install/autoware_config_msgs/lib/python2.7/dist-packages:${PYTHONPATH} ROS_PACKAGE_PATH=/home/yeap/APC_2022_Prac/airsimversion/autoware.ai/install/autoware_msgs/share:/home/yeap/APC_2022_Prac/airsimversion/autoware.ai/install/autoware_config_msgs/share:/home/yeap/APC_2022_Prac/airsimversion/autoware.ai/install/autoware_build_flags/share:${ROS_PACKAGE_PATH} /usr/bin/cmake /home/yeap/APC_2022_Prac/airsimversion/autoware.ai/src/autoware/core_perception/vision_darknet_detect -DCMAKE_BUILD_TYPE=Release -DCATKIN_INSTALL_INTO_PREFIX_ROOT=0 -DCMAKE_INSTALL_PREFIX=/home/yeap/APC_2022_Prac/airsimversion/autoware.ai/install/vision_darknet_detect
[2.793s] Invoking command in '/home/yeap/APC_2022_Prac/airsimversion/autoware.ai/build/vision_darknet_detect': CMAKE_PREFIX_PATH=/home/yeap/APC_2022_Prac/airsimversion/autoware.ai/install/autoware_msgs:/home/yeap/APC_2022_Prac/airsimversion/autoware.ai/install/autoware_config_msgs:/home/yeap/APC_2022_Prac/airsimversion/autoware.ai/install/autoware_build_flags:${CMAKE_PREFIX_PATH} PKG_CONFIG_PATH=/home/yeap/APC_2022_Prac/airsimversion/autoware.ai/install/autoware_msgs/lib/x86_64-linux-gnu/pkgconfig:/home/yeap/APC_2022_Prac/airsimversion/autoware.ai/install/autoware_msgs/lib/pkgconfig:/home/yeap/APC_2022_Prac/airsimversion/autoware.ai/install/autoware_config_msgs/lib/x86_64-linux-gnu/pkgconfig:/home/yeap/APC_2022_Prac/airsimversion/autoware.ai/install/autoware_config_msgs/lib/pkgconfig:/home/yeap/APC_2022_Prac/airsimversion/autoware.ai/install/autoware_build_flags/lib/x86_64-linux-gnu/pkgconfig:/home/yeap/APC_2022_Prac/airsimversion/autoware.ai/install/autoware_build_flags/lib/pkgconfig:${PKG_CONFIG_PATH} PYTHONPATH=/home/yeap/APC_2022_Prac/airsimversion/autoware.ai/install/autoware_msgs/lib/python2.7/dist-packages:/home/yeap/APC_2022_Prac/airsimversion/autoware.ai/install/autoware_config_msgs/lib/python2.7/dist-packages:${PYTHONPATH} ROS_PACKAGE_PATH=/home/yeap/APC_2022_Prac/airsimversion/autoware.ai/install/autoware_msgs/share:/home/yeap/APC_2022_Prac/airsimversion/autoware.ai/install/autoware_config_msgs/share:/home/yeap/APC_2022_Prac/airsimversion/autoware.ai/install/autoware_build_flags/share:${ROS_PACKAGE_PATH} /usr/bin/cmake --build /home/yeap/APC_2022_Prac/airsimversion/autoware.ai/build/vision_darknet_detect -- -j6 -l6
[2.840s] [35m[1mScanning dependencies of target sensor_msgs_generate_messages_nodejs[0m
[2.852s] [  0%] Built target sensor_msgs_generate_messages_nodejs
[2.863s] [35m[1mScanning dependencies of target actionlib_msgs_generate_messages_lisp[0m
[2.877s] [  0%] Built target actionlib_msgs_generate_messages_lisp
[2.888s] [35m[1mScanning dependencies of target actionlib_msgs_generate_messages_cpp[0m
[2.899s] [  0%] Built target actionlib_msgs_generate_messages_cpp
[2.916s] [35m[1mScanning dependencies of target jsk_footstep_msgs_generate_messages_nodejs[0m
[2.929s] [  0%] Built target jsk_footstep_msgs_generate_messages_nodejs
[2.940s] [35m[1mScanning dependencies of target actionlib_msgs_generate_messages_py[0m
[2.956s] [  0%] Built target actionlib_msgs_generate_messages_py
[2.969s] [35m[1mScanning dependencies of target jsk_footstep_msgs_generate_messages_eus[0m
[2.988s] [  0%] Built target jsk_footstep_msgs_generate_messages_eus
[3.002s] [35m[1mScanning dependencies of target pcl_msgs_generate_messages_py[0m
[3.013s] [  0%] Built target pcl_msgs_generate_messages_py
[3.027s] [35m[1mScanning dependencies of target pcl_msgs_generate_messages_nodejs[0m
[3.039s] [  0%] Built target pcl_msgs_generate_messages_nodejs
[3.049s] [35m[1mScanning dependencies of target pcl_msgs_generate_messages_lisp[0m
[3.072s] [  0%] Built target pcl_msgs_generate_messages_lisp
[3.083s] [35m[1mScanning dependencies of target pcl_msgs_generate_messages_eus[0m
[3.094s] [  0%] Built target pcl_msgs_generate_messages_eus
[3.105s] [35m[1mScanning dependencies of target rosgraph_msgs_generate_messages_cpp[0m
[3.117s] [  0%] Built target rosgraph_msgs_generate_messages_cpp
[3.128s] [35m[1mScanning dependencies of target autoware_msgs_generate_messages_cpp[0m
[3.139s] [  0%] Built target autoware_msgs_generate_messages_cpp
[3.153s] [35m[1mScanning dependencies of target std_msgs_generate_messages_nodejs[0m
[3.168s] [  0%] Built target std_msgs_generate_messages_nodejs
[3.180s] [35m[1mScanning dependencies of target std_msgs_generate_messages_lisp[0m
[3.192s] [  0%] Built target std_msgs_generate_messages_lisp
[3.206s] [35m[1mScanning dependencies of target sensor_msgs_generate_messages_cpp[0m
[3.221s] [  0%] Built target sensor_msgs_generate_messages_cpp
[3.239s] [35m[1mScanning dependencies of target sensor_msgs_generate_messages_eus[0m
[3.251s] [  0%] Built target sensor_msgs_generate_messages_eus
[3.262s] [35m[1mScanning dependencies of target autoware_config_msgs_generate_messages_lisp[0m
[3.273s] [  0%] Built target autoware_config_msgs_generate_messages_lisp
[3.285s] [35m[1mScanning dependencies of target jsk_footstep_msgs_generate_messages_lisp[0m
[3.304s] [  0%] Built target jsk_footstep_msgs_generate_messages_lisp
[3.316s] [35m[1mScanning dependencies of target autoware_config_msgs_generate_messages_eus[0m
[3.329s] [  0%] Built target autoware_config_msgs_generate_messages_eus
[3.342s] [35m[1mScanning dependencies of target std_msgs_generate_messages_eus[0m
[3.354s] [  0%] Built target std_msgs_generate_messages_eus
[3.364s] [35m[1mScanning dependencies of target autoware_msgs_generate_messages_nodejs[0m
[3.376s] [  0%] Built target autoware_msgs_generate_messages_nodejs
[3.387s] [35m[1mScanning dependencies of target rosgraph_msgs_generate_messages_py[0m
[3.399s] [  0%] Built target rosgraph_msgs_generate_messages_py
[3.411s] [35m[1mScanning dependencies of target autoware_config_msgs_generate_messages_py[0m
[3.433s] [  0%] Built target autoware_config_msgs_generate_messages_py
[3.444s] [35m[1mScanning dependencies of target actionlib_msgs_generate_messages_nodejs[0m
[3.455s] [  0%] Built target actionlib_msgs_generate_messages_nodejs
[3.467s] [35m[1mScanning dependencies of target jsk_footstep_msgs_generate_messages_py[0m
[3.479s] [  0%] Built target jsk_footstep_msgs_generate_messages_py
[3.490s] [35m[1mScanning dependencies of target std_msgs_generate_messages_cpp[0m
[3.503s] [  0%] Built target std_msgs_generate_messages_cpp
[3.516s] [35m[1mScanning dependencies of target std_msgs_generate_messages_py[0m
[3.527s] [  0%] Built target std_msgs_generate_messages_py
[3.539s] [35m[1mScanning dependencies of target autoware_msgs_generate_messages_py[0m
[3.550s] [  0%] Built target autoware_msgs_generate_messages_py
[3.560s] [35m[1mScanning dependencies of target sensor_msgs_generate_messages_py[0m
[3.572s] [  0%] Built target sensor_msgs_generate_messages_py
[3.583s] [35m[1mScanning dependencies of target jsk_recognition_msgs_generate_messages_py[0m
[3.596s] [  0%] Built target jsk_recognition_msgs_generate_messages_py
[3.608s] [35m[1mScanning dependencies of target autoware_msgs_generate_messages_eus[0m
[3.623s] [  0%] Built target autoware_msgs_generate_messages_eus
[3.638s] [35m[1mScanning dependencies of target jsk_recognition_msgs_generate_messages_cpp[0m
[3.649s] [  0%] Built target jsk_recognition_msgs_generate_messages_cpp
[3.660s] [35m[1mScanning dependencies of target sensor_msgs_generate_messages_lisp[0m
[3.671s] [  0%] Built target sensor_msgs_generate_messages_lisp
[3.682s] [35m[1mScanning dependencies of target pcl_msgs_generate_messages_cpp[0m
[3.704s] [  0%] Built target pcl_msgs_generate_messages_cpp
[3.715s] [35m[1mScanning dependencies of target actionlib_msgs_generate_messages_eus[0m
[3.726s] [  0%] Built target actionlib_msgs_generate_messages_eus
[3.739s] [35m[1mScanning dependencies of target autoware_msgs_generate_messages_lisp[0m
[3.749s] [  0%] Built target autoware_msgs_generate_messages_lisp
[3.760s] [35m[1mScanning dependencies of target roscpp_generate_messages_nodejs[0m
[3.772s] [  0%] Built target roscpp_generate_messages_nodejs
[3.784s] [35m[1mScanning dependencies of target roscpp_generate_messages_eus[0m
[3.796s] [  0%] Built target roscpp_generate_messages_eus
[3.807s] [35m[1mScanning dependencies of target autoware_config_msgs_generate_messages_nodejs[0m
[3.818s] [  0%] Built target autoware_config_msgs_generate_messages_nodejs
[3.829s] [35m[1mScanning dependencies of target geometry_msgs_generate_messages_eus[0m
[3.840s] [  0%] Built target geometry_msgs_generate_messages_eus
[3.850s] [35m[1mScanning dependencies of target geometry_msgs_generate_messages_cpp[0m
[3.861s] [  0%] Built target geometry_msgs_generate_messages_cpp
[3.872s] [35m[1mScanning dependencies of target geometry_msgs_generate_messages_lisp[0m
[3.883s] [  0%] Built target geometry_msgs_generate_messages_lisp
[3.894s] [35m[1mScanning dependencies of target geometry_msgs_generate_messages_nodejs[0m
[3.905s] [  0%] Built target geometry_msgs_generate_messages_nodejs
[3.916s] [35m[1mScanning dependencies of target jsk_footstep_msgs_generate_messages_cpp[0m
[3.927s] [  0%] Built target jsk_footstep_msgs_generate_messages_cpp
[3.938s] [35m[1mScanning dependencies of target geometry_msgs_generate_messages_py[0m
[3.951s] [  0%] Built target geometry_msgs_generate_messages_py
[3.963s] [35m[1mScanning dependencies of target autoware_config_msgs_generate_messages_cpp[0m
[3.975s] [  0%] Built target autoware_config_msgs_generate_messages_cpp
[3.987s] [35m[1mScanning dependencies of target jsk_recognition_msgs_generate_messages_eus[0m
[3.999s] [  0%] Built target jsk_recognition_msgs_generate_messages_eus
[4.013s] [35m[1mScanning dependencies of target jsk_recognition_msgs_generate_messages_lisp[0m
[4.031s] [  0%] Built target jsk_recognition_msgs_generate_messages_lisp
[4.041s] [35m[1mScanning dependencies of target rosgraph_msgs_generate_messages_eus[0m
[4.053s] [  0%] Built target rosgraph_msgs_generate_messages_eus
[4.065s] [35m[1mScanning dependencies of target jsk_recognition_msgs_generate_messages_nodejs[0m
[4.078s] [  0%] Built target jsk_recognition_msgs_generate_messages_nodejs
[4.091s] [35m[1mScanning dependencies of target roscpp_generate_messages_cpp[0m
[4.100s] [  0%] Built target roscpp_generate_messages_cpp
[4.111s] [35m[1mScanning dependencies of target roscpp_generate_messages_lisp[0m
[4.123s] [  0%] Built target roscpp_generate_messages_lisp
[4.134s] [35m[1mScanning dependencies of target roscpp_generate_messages_py[0m
[4.151s] [  0%] Built target roscpp_generate_messages_py
[4.168s] [35m[1mScanning dependencies of target rosgraph_msgs_generate_messages_lisp[0m
[4.180s] [  0%] Built target rosgraph_msgs_generate_messages_lisp
[4.191s] [35m[1mScanning dependencies of target rosgraph_msgs_generate_messages_nodejs[0m
[4.203s] [  0%] Built target rosgraph_msgs_generate_messages_nodejs
[4.215s] [35m[1mScanning dependencies of target vision_darknet_detect_lib[0m
[4.277s] [  2%] [32mBuilding C object CMakeFiles/vision_darknet_detect_lib.dir/darknet/src/gemm.c.o[0m
[4.468s] [  4%] [32mBuilding C object CMakeFiles/vision_darknet_detect_lib.dir/darknet/src/list.c.o[0m
[4.572s] [  6%] [32mBuilding C object CMakeFiles/vision_darknet_detect_lib.dir/darknet/src/image.c.o[0m
[9.768s] [  8%] [32mBuilding C object CMakeFiles/vision_darknet_detect_lib.dir/darknet/src/activations.c.o[0m
[9.862s] [ 10%] [32mBuilding C object CMakeFiles/vision_darknet_detect_lib.dir/darknet/src/im2col.c.o[0m
[9.961s] [ 12%] [32mBuilding C object CMakeFiles/vision_darknet_detect_lib.dir/darknet/src/col2im.c.o[0m
[10.030s] [ 14%] [32mBuilding C object CMakeFiles/vision_darknet_detect_lib.dir/darknet/src/blas.c.o[0m
[10.393s] [ 17%] [32mBuilding C object CMakeFiles/vision_darknet_detect_lib.dir/darknet/src/crop_layer.c.o[0m
[10.500s] [ 19%] [32mBuilding C object CMakeFiles/vision_darknet_detect_lib.dir/darknet/src/dropout_layer.c.o[0m
[10.564s] [ 21%] [32mBuilding C object CMakeFiles/vision_darknet_detect_lib.dir/darknet/src/maxpool_layer.c.o[0m
[10.653s] [ 23%] [32mBuilding C object CMakeFiles/vision_darknet_detect_lib.dir/darknet/src/softmax_layer.c.o[0m
[10.719s] [ 25%] [32mBuilding C object CMakeFiles/vision_darknet_detect_lib.dir/darknet/src/data.c.o[0m
[10.764s] [01m[K/home/yeap/APC_2022_Prac/airsimversion/autoware.ai/src/autoware/core_perception/vision_darknet_detect/darknet/src/data.c:[m[K In function ‘[01m[Kload_regression_labels_paths[m[K’:
[10.764s] [01m[K/home/yeap/APC_2022_Prac/airsimversion/autoware.ai/src/autoware/core_perception/vision_darknet_detect/darknet/src/data.c:574:13:[m[K [01;35m[Kwarning: [m[Kignoring return value of ‘[01m[Kfscanf[m[K’, declared with attribute warn_unused_result [[01;35m[K-Wunused-result[m[K]
[10.764s]              [01;35m[Kfscanf(file, "%f", &(y.vals[i][j]))[m[K;
[10.764s]              [01;35m[K^~~~~~~~~~~~~~~~~~~~~~~~~~~~~~~~~~~[m[K
[10.767s] [01m[K/home/yeap/APC_2022_Prac/airsimversion/autoware.ai/src/autoware/core_perception/vision_darknet_detect/darknet/src/data.c:[m[K In function ‘[01m[Kload_cifar10_data[m[K’:
[10.767s] [01m[K/home/yeap/APC_2022_Prac/airsimversion/autoware.ai/src/autoware/core_perception/vision_darknet_detect/darknet/src/data.c:1354:9:[m[K [01;35m[Kwarning: [m[Kignoring return value of ‘[01m[Kfread[m[K’, declared with attribute warn_unused_result [[01;35m[K-Wunused-result[m[K]
[10.767s]          [01;35m[Kfread(bytes, 1, 3073, fp)[m[K;
[10.767s]          [01;35m[K^~~~~~~~~~~~~~~~~~~~~~~~~[m[K
[10.768s] [01m[K/home/yeap/APC_2022_Prac/airsimversion/autoware.ai/src/autoware/core_perception/vision_darknet_detect/darknet/src/data.c:[m[K In function ‘[01m[Kload_all_cifar10[m[K’:
[10.768s] [01m[K/home/yeap/APC_2022_Prac/airsimversion/autoware.ai/src/autoware/core_perception/vision_darknet_detect/darknet/src/data.c:1417:13:[m[K [01;35m[Kwarning: [m[Kignoring return value of ‘[01m[Kfread[m[K’, declared with attribute warn_unused_result [[01;35m[K-Wunused-result[m[K]
[10.768s]              [01;35m[Kfread(bytes, 1, 3073, fp)[m[K;
[10.768s]              [01;35m[K^~~~~~~~~~~~~~~~~~~~~~~~~[m[K
[11.403s] [ 27%] [32mBuilding C object CMakeFiles/vision_darknet_detect_lib.dir/darknet/src/matrix.c.o[0m
[11.557s] [ 29%] [32mBuilding C object CMakeFiles/vision_darknet_detect_lib.dir/darknet/src/network.c.o[0m
[11.860s] [ 31%] [32mBuilding C object CMakeFiles/vision_darknet_detect_lib.dir/darknet/src/connected_layer.c.o[0m
[11.966s] [ 34%] [32mBuilding C object CMakeFiles/vision_darknet_detect_lib.dir/darknet/src/cost_layer.c.o[0m
[12.034s] [ 36%] [32mBuilding C object CMakeFiles/vision_darknet_detect_lib.dir/darknet/src/parser.c.o[0m
[12.075s] [01m[K/home/yeap/APC_2022_Prac/airsimversion/autoware.ai/src/autoware/core_perception/vision_darknet_detect/darknet/src/parser.c:[m[K In function ‘[01m[Kload_connected_weights[m[K’:
[12.075s] [01m[K/home/yeap/APC_2022_Prac/airsimversion/autoware.ai/src/autoware/core_perception/vision_darknet_detect/darknet/src/parser.c:1085:5:[m[K [01;35m[Kwarning: [m[Kignoring return value of ‘[01m[Kfread[m[K’, declared with attribute warn_unused_result [[01;35m[K-Wunused-result[m[K]
[12.075s]      [01;35m[Kfread(l.biases, sizeof(float), l.outputs, fp)[m[K;
[12.075s]      [01;35m[K^~~~~~~~~~~~~~~~~~~~~~~~~~~~~~~~~~~~~~~~~~~~~[m[K
[12.075s] [01m[K/home/yeap/APC_2022_Prac/airsimversion/autoware.ai/src/autoware/core_perception/vision_darknet_detect/darknet/src/parser.c:1086:5:[m[K [01;35m[Kwarning: [m[Kignoring return value of ‘[01m[Kfread[m[K’, declared with attribute warn_unused_result [[01;35m[K-Wunused-result[m[K]
[12.075s]      [01;35m[Kfread(l.weights, sizeof(float), l.outputs*l.inputs, fp)[m[K;
[12.075s]      [01;35m[K^~~~~~~~~~~~~~~~~~~~~~~~~~~~~~~~~~~~~~~~~~~~~~~~~~~~~~~[m[K
[12.075s] [01m[K/home/yeap/APC_2022_Prac/airsimversion/autoware.ai/src/autoware/core_perception/vision_darknet_detect/darknet/src/parser.c:1093:9:[m[K [01;35m[Kwarning: [m[Kignoring return value of ‘[01m[Kfread[m[K’, declared with attribute warn_unused_result [[01;35m[K-Wunused-result[m[K]
[12.075s]          [01;35m[Kfread(l.scales, sizeof(float), l.outputs, fp)[m[K;
[12.076s]          [01;35m[K^~~~~~~~~~~~~~~~~~~~~~~~~~~~~~~~~~~~~~~~~~~~~[m[K
[12.076s] [01m[K/home/yeap/APC_2022_Prac/airsimversion/autoware.ai/src/autoware/core_perception/vision_darknet_detect/darknet/src/parser.c:1094:9:[m[K [01;35m[Kwarning: [m[Kignoring return value of ‘[01m[Kfread[m[K’, declared with attribute warn_unused_result [[01;35m[K-Wunused-result[m[K]
[12.076s]          [01;35m[Kfread(l.rolling_mean, sizeof(float), l.outputs, fp)[m[K;
[12.076s]          [01;35m[K^~~~~~~~~~~~~~~~~~~~~~~~~~~~~~~~~~~~~~~~~~~~~~~~~~~[m[K
[12.076s] [01m[K/home/yeap/APC_2022_Prac/airsimversion/autoware.ai/src/autoware/core_perception/vision_darknet_detect/darknet/src/parser.c:1095:9:[m[K [01;35m[Kwarning: [m[Kignoring return value of ‘[01m[Kfread[m[K’, declared with attribute warn_unused_result [[01;35m[K-Wunused-result[m[K]
[12.076s]          [01;35m[Kfread(l.rolling_variance, sizeof(float), l.outputs, fp)[m[K;
[12.076s]          [01;35m[K^~~~~~~~~~~~~~~~~~~~~~~~~~~~~~~~~~~~~~~~~~~~~~~~~~~~~~~[m[K
[12.076s] [01m[K/home/yeap/APC_2022_Prac/airsimversion/autoware.ai/src/autoware/core_perception/vision_darknet_detect/darknet/src/parser.c:[m[K In function ‘[01m[Kload_batchnorm_weights[m[K’:
[12.076s] [01m[K/home/yeap/APC_2022_Prac/airsimversion/autoware.ai/src/autoware/core_perception/vision_darknet_detect/darknet/src/parser.c:1109:5:[m[K [01;35m[Kwarning: [m[Kignoring return value of ‘[01m[Kfread[m[K’, declared with attribute warn_unused_result [[01;35m[K-Wunused-result[m[K]
[12.076s]      [01;35m[Kfread(l.scales, sizeof(float), l.c, fp)[m[K;
[12.076s]      [01;35m[K^~~~~~~~~~~~~~~~~~~~~~~~~~~~~~~~~~~~~~~[m[K
[12.076s] [01m[K/home/yeap/APC_2022_Prac/airsimversion/autoware.ai/src/autoware/core_perception/vision_darknet_detect/darknet/src/parser.c:1110:5:[m[K [01;35m[Kwarning: [m[Kignoring return value of ‘[01m[Kfread[m[K’, declared with attribute warn_unused_result [[01;35m[K-Wunused-result[m[K]
[12.076s]      [01;35m[Kfread(l.rolling_mean, sizeof(float), l.c, fp)[m[K;
[12.076s]      [01;35m[K^~~~~~~~~~~~~~~~~~~~~~~~~~~~~~~~~~~~~~~~~~~~~[m[K
[12.077s] [01m[K/home/yeap/APC_2022_Prac/airsimversion/autoware.ai/src/autoware/core_perception/vision_darknet_detect/darknet/src/parser.c:1111:5:[m[K [01;35m[Kwarning: [m[Kignoring return value of ‘[01m[Kfread[m[K’, declared with attribute warn_unused_result [[01;35m[K-Wunused-result[m[K]
[12.077s]      [01;35m[Kfread(l.rolling_variance, sizeof(float), l.c, fp)[m[K;
[12.077s]      [01;35m[K^~~~~~~~~~~~~~~~~~~~~~~~~~~~~~~~~~~~~~~~~~~~~~~~~[m[K
[12.078s] [01m[K/home/yeap/APC_2022_Prac/airsimversion/autoware.ai/src/autoware/core_perception/vision_darknet_detect/darknet/src/parser.c:[m[K In function ‘[01m[Kload_convolutional_weights_binary[m[K’:
[12.078s] [01m[K/home/yeap/APC_2022_Prac/airsimversion/autoware.ai/src/autoware/core_perception/vision_darknet_detect/darknet/src/parser.c:1121:5:[m[K [01;35m[Kwarning: [m[Kignoring return value of ‘[01m[Kfread[m[K’, declared with attribute warn_unused_result [[01;35m[K-Wunused-result[m[K]
[12.078s]      [01;35m[Kfread(l.biases, sizeof(float), l.n, fp)[m[K;
[12.078s]      [01;35m[K^~~~~~~~~~~~~~~~~~~~~~~~~~~~~~~~~~~~~~~[m[K
[12.078s] [01m[K/home/yeap/APC_2022_Prac/airsimversion/autoware.ai/src/autoware/core_perception/vision_darknet_detect/darknet/src/parser.c:1123:9:[m[K [01;35m[Kwarning: [m[Kignoring return value of ‘[01m[Kfread[m[K’, declared with attribute warn_unused_result [[01;35m[K-Wunused-result[m[K]
[12.078s]          [01;35m[Kfread(l.scales, sizeof(float), l.n, fp)[m[K;
[12.078s]          [01;35m[K^~~~~~~~~~~~~~~~~~~~~~~~~~~~~~~~~~~~~~~[m[K
[12.078s] [01m[K/home/yeap/APC_2022_Prac/airsimversion/autoware.ai/src/autoware/core_perception/vision_darknet_detect/darknet/src/parser.c:1124:9:[m[K [01;35m[Kwarning: [m[Kignoring return value of ‘[01m[Kfread[m[K’, declared with attribute warn_unused_result [[01;35m[K-Wunused-result[m[K]
[12.078s]          [01;35m[Kfread(l.rolling_mean, sizeof(float), l.n, fp)[m[K;
[12.078s]          [01;35m[K^~~~~~~~~~~~~~~~~~~~~~~~~~~~~~~~~~~~~~~~~~~~~[m[K
[12.078s] [01m[K/home/yeap/APC_2022_Prac/airsimversion/autoware.ai/src/autoware/core_perception/vision_darknet_detect/darknet/src/parser.c:1125:9:[m[K [01;35m[Kwarning: [m[Kignoring return value of ‘[01m[Kfread[m[K’, declared with attribute warn_unused_result [[01;35m[K-Wunused-result[m[K]
[12.078s]          [01;35m[Kfread(l.rolling_variance, sizeof(float), l.n, fp)[m[K;
[12.079s]          [01;35m[K^~~~~~~~~~~~~~~~~~~~~~~~~~~~~~~~~~~~~~~~~~~~~~~~~[m[K
[12.079s] [01m[K/home/yeap/APC_2022_Prac/airsimversion/autoware.ai/src/autoware/core_perception/vision_darknet_detect/darknet/src/parser.c:1131:9:[m[K [01;35m[Kwarning: [m[Kignoring return value of ‘[01m[Kfread[m[K’, declared with attribute warn_unused_result [[01;35m[K-Wunused-result[m[K]
[12.079s]          [01;35m[Kfread(&mean, sizeof(float), 1, fp)[m[K;
[12.079s]          [01;35m[K^~~~~~~~~~~~~~~~~~~~~~~~~~~~~~~~~~[m[K
[12.079s] [01m[K/home/yeap/APC_2022_Prac/airsimversion/autoware.ai/src/autoware/core_perception/vision_darknet_detect/darknet/src/parser.c:1135:13:[m[K [01;35m[Kwarning: [m[Kignoring return value of ‘[01m[Kfread[m[K’, declared with attribute warn_unused_result [[01;35m[K-Wunused-result[m[K]
[12.079s]              [01;35m[Kfread(&c, sizeof(char), 1, fp)[m[K;
[12.079s]              [01;35m[K^~~~~~~~~~~~~~~~~~~~~~~~~~~~~~[m[K
[12.079s] [01m[K/home/yeap/APC_2022_Prac/airsimversion/autoware.ai/src/autoware/core_perception/vision_darknet_detect/darknet/src/parser.c:[m[K In function ‘[01m[Kload_convolutional_weights[m[K’:
[12.079s] [01m[K/home/yeap/APC_2022_Prac/airsimversion/autoware.ai/src/autoware/core_perception/vision_darknet_detect/darknet/src/parser.c:1156:5:[m[K [01;35m[Kwarning: [m[Kignoring return value of ‘[01m[Kfread[m[K’, declared with attribute warn_unused_result [[01;35m[K-Wunused-result[m[K]
[12.079s]      [01;35m[Kfread(l.biases, sizeof(float), l.n, fp)[m[K;
[12.079s]      [01;35m[K^~~~~~~~~~~~~~~~~~~~~~~~~~~~~~~~~~~~~~~[m[K
[12.079s] [01m[K/home/yeap/APC_2022_Prac/airsimversion/autoware.ai/src/autoware/core_perception/vision_darknet_detect/darknet/src/parser.c:1158:9:[m[K [01;35m[Kwarning: [m[Kignoring return value of ‘[01m[Kfread[m[K’, declared with attribute warn_unused_result [[01;35m[K-Wunused-result[m[K]
[12.079s]          [01;35m[Kfread(l.scales, sizeof(float), l.n, fp)[m[K;
[12.080s]          [01;35m[K^~~~~~~~~~~~~~~~~~~~~~~~~~~~~~~~~~~~~~~[m[K
[12.080s] [01m[K/home/yeap/APC_2022_Prac/airsimversion/autoware.ai/src/autoware/core_perception/vision_darknet_detect/darknet/src/parser.c:1159:9:[m[K [01;35m[Kwarning: [m[Kignoring return value of ‘[01m[Kfread[m[K’, declared with attribute warn_unused_result [[01;35m[K-Wunused-result[m[K]
[12.080s]          [01;35m[Kfread(l.rolling_mean, sizeof(float), l.n, fp)[m[K;
[12.080s]          [01;35m[K^~~~~~~~~~~~~~~~~~~~~~~~~~~~~~~~~~~~~~~~~~~~~[m[K
[12.080s] [01m[K/home/yeap/APC_2022_Prac/airsimversion/autoware.ai/src/autoware/core_perception/vision_darknet_detect/darknet/src/parser.c:1160:9:[m[K [01;35m[Kwarning: [m[Kignoring return value of ‘[01m[Kfread[m[K’, declared with attribute warn_unused_result [[01;35m[K-Wunused-result[m[K]
[12.080s]          [01;35m[Kfread(l.rolling_variance, sizeof(float), l.n, fp)[m[K;
[12.080s]          [01;35m[K^~~~~~~~~~~~~~~~~~~~~~~~~~~~~~~~~~~~~~~~~~~~~~~~~[m[K
[12.080s] [01m[K/home/yeap/APC_2022_Prac/airsimversion/autoware.ai/src/autoware/core_perception/vision_darknet_detect/darknet/src/parser.c:1188:5:[m[K [01;35m[Kwarning: [m[Kignoring return value of ‘[01m[Kfread[m[K’, declared with attribute warn_unused_result [[01;35m[K-Wunused-result[m[K]
[12.080s]      [01;35m[Kfread(l.weights, sizeof(float), num, fp)[m[K;
[12.080s]      [01;35m[K^~~~~~~~~~~~~~~~~~~~~~~~~~~~~~~~~~~~~~~~[m[K
[12.080s] [01m[K/home/yeap/APC_2022_Prac/airsimversion/autoware.ai/src/autoware/core_perception/vision_darknet_detect/darknet/src/parser.c:[m[K In function ‘[01m[Kload_weights_upto[m[K’:
[12.080s] [01m[K/home/yeap/APC_2022_Prac/airsimversion/autoware.ai/src/autoware/core_perception/vision_darknet_detect/darknet/src/parser.c:1217:5:[m[K [01;35m[Kwarning: [m[Kignoring return value of ‘[01m[Kfread[m[K’, declared with attribute warn_unused_result [[01;35m[K-Wunused-result[m[K]
[12.080s]      [01;35m[Kfread(&major, sizeof(int), 1, fp)[m[K;
[12.081s]      [01;35m[K^~~~~~~~~~~~~~~~~~~~~~~~~~~~~~~~~[m[K
[12.081s] [01m[K/home/yeap/APC_2022_Prac/airsimversion/autoware.ai/src/autoware/core_perception/vision_darknet_detect/darknet/src/parser.c:1218:5:[m[K [01;35m[Kwarning: [m[Kignoring return value of ‘[01m[Kfread[m[K’, declared with attribute warn_unused_result [[01;35m[K-Wunused-result[m[K]
[12.081s]      [01;35m[Kfread(&minor, sizeof(int), 1, fp)[m[K;
[12.081s]      [01;35m[K^~~~~~~~~~~~~~~~~~~~~~~~~~~~~~~~~[m[K
[12.081s] [01m[K/home/yeap/APC_2022_Prac/airsimversion/autoware.ai/src/autoware/core_perception/vision_darknet_detect/darknet/src/parser.c:1219:5:[m[K [01;35m[Kwarning: [m[Kignoring return value of ‘[01m[Kfread[m[K’, declared with attribute warn_unused_result [[01;35m[K-Wunused-result[m[K]
[12.081s]      [01;35m[Kfread(&revision, sizeof(int), 1, fp)[m[K;
[12.081s]      [01;35m[K^~~~~~~~~~~~~~~~~~~~~~~~~~~~~~~~~~~~[m[K
[12.081s] [01m[K/home/yeap/APC_2022_Prac/airsimversion/autoware.ai/src/autoware/core_perception/vision_darknet_detect/darknet/src/parser.c:1221:9:[m[K [01;35m[Kwarning: [m[Kignoring return value of ‘[01m[Kfread[m[K’, declared with attribute warn_unused_result [[01;35m[K-Wunused-result[m[K]
[12.081s]          [01;35m[Kfread(net->seen, sizeof(size_t), 1, fp)[m[K;
[12.081s]          [01;35m[K^~~~~~~~~~~~~~~~~~~~~~~~~~~~~~~~~~~~~~~[m[K
[12.081s] [01m[K/home/yeap/APC_2022_Prac/airsimversion/autoware.ai/src/autoware/core_perception/vision_darknet_detect/darknet/src/parser.c:1224:9:[m[K [01;35m[Kwarning: [m[Kignoring return value of ‘[01m[Kfread[m[K’, declared with attribute warn_unused_result [[01;35m[K-Wunused-result[m[K]
[12.081s]          [01;35m[Kfread(&iseen, sizeof(int), 1, fp)[m[K;
[12.081s]          [01;35m[K^~~~~~~~~~~~~~~~~~~~~~~~~~~~~~~~~[m[K
[12.081s] [01m[K/home/yeap/APC_2022_Prac/airsimversion/autoware.ai/src/autoware/core_perception/vision_darknet_detect/darknet/src/parser.c:1279:13:[m[K [01;35m[Kwarning: [m[Kignoring return value of ‘[01m[Kfread[m[K’, declared with attribute warn_unused_result [[01;35m[K-Wunused-result[m[K]
[12.082s]              [01;35m[Kfread(l.biases, sizeof(float), l.outputs, fp)[m[K;
[12.082s]              [01;35m[K^~~~~~~~~~~~~~~~~~~~~~~~~~~~~~~~~~~~~~~~~~~~~[m[K
[12.082s] [01m[K/home/yeap/APC_2022_Prac/airsimversion/autoware.ai/src/autoware/core_perception/vision_darknet_detect/darknet/src/parser.c:1280:13:[m[K [01;35m[Kwarning: [m[Kignoring return value of ‘[01m[Kfread[m[K’, declared with attribute warn_unused_result [[01;35m[K-Wunused-result[m[K]
[12.082s]              [01;35m[Kfread(l.weights, sizeof(float), size, fp)[m[K;
[12.082s]              [01;35m[K^~~~~~~~~~~~~~~~~~~~~~~~~~~~~~~~~~~~~~~~~[m[K
[12.523s] [ 38%] [32mBuilding C object CMakeFiles/vision_darknet_detect_lib.dir/darknet/src/option_list.c.o[0m
[12.603s] [ 40%] [32mBuilding C object CMakeFiles/vision_darknet_detect_lib.dir/darknet/src/detection_layer.c.o[0m
[12.770s] [ 42%] [32mBuilding C object CMakeFiles/vision_darknet_detect_lib.dir/darknet/src/route_layer.c.o[0m
[12.853s] [ 44%] [32mBuilding C object CMakeFiles/vision_darknet_detect_lib.dir/darknet/src/upsample_layer.c.o[0m
[12.918s] [ 46%] [32mBuilding C object CMakeFiles/vision_darknet_detect_lib.dir/darknet/src/box.c.o[0m
[13.079s] [ 48%] [32mBuilding C object CMakeFiles/vision_darknet_detect_lib.dir/darknet/src/normalization_layer.c.o[0m
[13.162s] [ 51%] [32mBuilding C object CMakeFiles/vision_darknet_detect_lib.dir/darknet/src/avgpool_layer.c.o[0m
[13.244s] [ 53%] [32mBuilding C object CMakeFiles/vision_darknet_detect_lib.dir/darknet/src/layer.c.o[0m
[13.301s] [ 55%] [32mBuilding C object CMakeFiles/vision_darknet_detect_lib.dir/darknet/src/local_layer.c.o[0m
[13.406s] [ 57%] [32mBuilding C object CMakeFiles/vision_darknet_detect_lib.dir/darknet/src/shortcut_layer.c.o[0m
[13.474s] [ 59%] [32mBuilding C object CMakeFiles/vision_darknet_detect_lib.dir/darknet/src/logistic_layer.c.o[0m
[13.530s] [ 61%] [32mBuilding C object CMakeFiles/vision_darknet_detect_lib.dir/darknet/src/activation_layer.c.o[0m
[13.586s] [ 63%] [32mBuilding C object CMakeFiles/vision_darknet_detect_lib.dir/darknet/src/rnn_layer.c.o[0m
[13.692s] [ 65%] [32mBuilding C object CMakeFiles/vision_darknet_detect_lib.dir/darknet/src/gru_layer.c.o[0m
[13.796s] [ 68%] [32mBuilding C object CMakeFiles/vision_darknet_detect_lib.dir/darknet/src/crnn_layer.c.o[0m
[13.912s] [ 70%] [32mBuilding C object CMakeFiles/vision_darknet_detect_lib.dir/darknet/src/batchnorm_layer.c.o[0m
[14.028s] [ 72%] [32mBuilding C object CMakeFiles/vision_darknet_detect_lib.dir/darknet/src/region_layer.c.o[0m
[14.330s] [ 74%] [32mBuilding C object CMakeFiles/vision_darknet_detect_lib.dir/darknet/src/reorg_layer.c.o[0m
[14.403s] [ 76%] [32mBuilding C object CMakeFiles/vision_darknet_detect_lib.dir/darknet/src/tree.c.o[0m
[14.495s] [ 78%] [32mBuilding C object CMakeFiles/vision_darknet_detect_lib.dir/darknet/src/lstm_layer.c.o[0m
[14.690s] [ 80%] [32mBuilding C object CMakeFiles/vision_darknet_detect_lib.dir/darknet/src/l2norm_layer.c.o[0m
[14.748s] [ 82%] [32mBuilding C object CMakeFiles/vision_darknet_detect_lib.dir/darknet/src/yolo_layer.c.o[0m
[14.982s] [ 85%] [32mBuilding C object CMakeFiles/vision_darknet_detect_lib.dir/darknet/src/convolutional_layer.c.o[0m
[15.246s] [ 87%] [32mBuilding C object CMakeFiles/vision_darknet_detect_lib.dir/darknet/src/deconvolutional_layer.c.o[0m
[15.394s] [ 89%] [32mBuilding C object CMakeFiles/vision_darknet_detect_lib.dir/darknet/src/cuda.c.o[0m
[15.419s] [ 91%] [32mBuilding C object CMakeFiles/vision_darknet_detect_lib.dir/darknet/src/utils.c.o[0m
[15.453s] [01m[K/home/yeap/APC_2022_Prac/airsimversion/autoware.ai/src/autoware/core_perception/vision_darknet_detect/darknet/src/utils.c:[m[K In function ‘[01m[Kread_file[m[K’:
[15.453s] [01m[K/home/yeap/APC_2022_Prac/airsimversion/autoware.ai/src/autoware/core_perception/vision_darknet_detect/darknet/src/utils.c:267:5:[m[K [01;35m[Kwarning: [m[Kignoring return value of ‘[01m[Kfread[m[K’, declared with attribute warn_unused_result [[01;35m[K-Wunused-result[m[K]
[15.454s]      [01;35m[Kfread(text, 1, size, fp)[m[K;
[15.454s]      [01;35m[K^~~~~~~~~~~~~~~~~~~~~~~~[m[K
[15.454s] [01m[K/home/yeap/APC_2022_Prac/airsimversion/autoware.ai/src/autoware/core_perception/vision_darknet_detect/darknet/src/utils.c:[m[K In function ‘[01m[Kfgetl[m[K’:
[15.454s] [01m[K/home/yeap/APC_2022_Prac/airsimversion/autoware.ai/src/autoware/core_perception/vision_darknet_detect/darknet/src/utils.c:355:9:[m[K [01;35m[Kwarning: [m[Kignoring return value of ‘[01m[Kfgets[m[K’, declared with attribute warn_unused_result [[01;35m[K-Wunused-result[m[K]
[15.454s]          [01;35m[Kfgets(&line[curr], readsize, fp)[m[K;
[15.454s]          [01;35m[K^~~~~~~~~~~~~~~~~~~~~~~~~~~~~~~~[m[K
[15.724s] [ 93%] [32m[1mLinking C shared library devel/lib/libvision_darknet_detect_lib.so[0m
[15.825s] [ 93%] Built target vision_darknet_detect_lib
[15.837s] [35m[1mScanning dependencies of target vision_darknet_detect[0m
[15.872s] [ 95%] [32mBuilding CXX object CMakeFiles/vision_darknet_detect.dir/src/vision_darknet_detect_node.cpp.o[0m
[18.986s] [ 97%] [32mBuilding CXX object CMakeFiles/vision_darknet_detect.dir/src/vision_darknet_detect.cpp.o[0m
[25.948s] [100%] [32m[1mLinking CXX executable devel/lib/vision_darknet_detect/vision_darknet_detect[0m
[26.590s] [100%] Built target vision_darknet_detect
[26.606s] Invoked command in '/home/yeap/APC_2022_Prac/airsimversion/autoware.ai/build/vision_darknet_detect' returned '0': CMAKE_PREFIX_PATH=/home/yeap/APC_2022_Prac/airsimversion/autoware.ai/install/autoware_msgs:/home/yeap/APC_2022_Prac/airsimversion/autoware.ai/install/autoware_config_msgs:/home/yeap/APC_2022_Prac/airsimversion/autoware.ai/install/autoware_build_flags:${CMAKE_PREFIX_PATH} PKG_CONFIG_PATH=/home/yeap/APC_2022_Prac/airsimversion/autoware.ai/install/autoware_msgs/lib/x86_64-linux-gnu/pkgconfig:/home/yeap/APC_2022_Prac/airsimversion/autoware.ai/install/autoware_msgs/lib/pkgconfig:/home/yeap/APC_2022_Prac/airsimversion/autoware.ai/install/autoware_config_msgs/lib/x86_64-linux-gnu/pkgconfig:/home/yeap/APC_2022_Prac/airsimversion/autoware.ai/install/autoware_config_msgs/lib/pkgconfig:/home/yeap/APC_2022_Prac/airsimversion/autoware.ai/install/autoware_build_flags/lib/x86_64-linux-gnu/pkgconfig:/home/yeap/APC_2022_Prac/airsimversion/autoware.ai/install/autoware_build_flags/lib/pkgconfig:${PKG_CONFIG_PATH} PYTHONPATH=/home/yeap/APC_2022_Prac/airsimversion/autoware.ai/install/autoware_msgs/lib/python2.7/dist-packages:/home/yeap/APC_2022_Prac/airsimversion/autoware.ai/install/autoware_config_msgs/lib/python2.7/dist-packages:${PYTHONPATH} ROS_PACKAGE_PATH=/home/yeap/APC_2022_Prac/airsimversion/autoware.ai/install/autoware_msgs/share:/home/yeap/APC_2022_Prac/airsimversion/autoware.ai/install/autoware_config_msgs/share:/home/yeap/APC_2022_Prac/airsimversion/autoware.ai/install/autoware_build_flags/share:${ROS_PACKAGE_PATH} /usr/bin/cmake --build /home/yeap/APC_2022_Prac/airsimversion/autoware.ai/build/vision_darknet_detect -- -j6 -l6
[26.826s] Invoking command in '/home/yeap/APC_2022_Prac/airsimversion/autoware.ai/build/vision_darknet_detect': CMAKE_PREFIX_PATH=/home/yeap/APC_2022_Prac/airsimversion/autoware.ai/install/autoware_msgs:/home/yeap/APC_2022_Prac/airsimversion/autoware.ai/install/autoware_config_msgs:/home/yeap/APC_2022_Prac/airsimversion/autoware.ai/install/autoware_build_flags:${CMAKE_PREFIX_PATH} PKG_CONFIG_PATH=/home/yeap/APC_2022_Prac/airsimversion/autoware.ai/install/autoware_msgs/lib/x86_64-linux-gnu/pkgconfig:/home/yeap/APC_2022_Prac/airsimversion/autoware.ai/install/autoware_msgs/lib/pkgconfig:/home/yeap/APC_2022_Prac/airsimversion/autoware.ai/install/autoware_config_msgs/lib/x86_64-linux-gnu/pkgconfig:/home/yeap/APC_2022_Prac/airsimversion/autoware.ai/install/autoware_config_msgs/lib/pkgconfig:/home/yeap/APC_2022_Prac/airsimversion/autoware.ai/install/autoware_build_flags/lib/x86_64-linux-gnu/pkgconfig:/home/yeap/APC_2022_Prac/airsimversion/autoware.ai/install/autoware_build_flags/lib/pkgconfig:${PKG_CONFIG_PATH} PYTHONPATH=/home/yeap/APC_2022_Prac/airsimversion/autoware.ai/install/autoware_msgs/lib/python2.7/dist-packages:/home/yeap/APC_2022_Prac/airsimversion/autoware.ai/install/autoware_config_msgs/lib/python2.7/dist-packages:${PYTHONPATH} ROS_PACKAGE_PATH=/home/yeap/APC_2022_Prac/airsimversion/autoware.ai/install/autoware_msgs/share:/home/yeap/APC_2022_Prac/airsimversion/autoware.ai/install/autoware_config_msgs/share:/home/yeap/APC_2022_Prac/airsimversion/autoware.ai/install/autoware_build_flags/share:${ROS_PACKAGE_PATH} /usr/bin/cmake --build /home/yeap/APC_2022_Prac/airsimversion/autoware.ai/build/vision_darknet_detect --target tests -- -j6 -l6
[26.905s] [35m[1mScanning dependencies of target tests[0m
[26.917s] Built target tests
[26.933s] Invoked command in '/home/yeap/APC_2022_Prac/airsimversion/autoware.ai/build/vision_darknet_detect' returned '0': CMAKE_PREFIX_PATH=/home/yeap/APC_2022_Prac/airsimversion/autoware.ai/install/autoware_msgs:/home/yeap/APC_2022_Prac/airsimversion/autoware.ai/install/autoware_config_msgs:/home/yeap/APC_2022_Prac/airsimversion/autoware.ai/install/autoware_build_flags:${CMAKE_PREFIX_PATH} PKG_CONFIG_PATH=/home/yeap/APC_2022_Prac/airsimversion/autoware.ai/install/autoware_msgs/lib/x86_64-linux-gnu/pkgconfig:/home/yeap/APC_2022_Prac/airsimversion/autoware.ai/install/autoware_msgs/lib/pkgconfig:/home/yeap/APC_2022_Prac/airsimversion/autoware.ai/install/autoware_config_msgs/lib/x86_64-linux-gnu/pkgconfig:/home/yeap/APC_2022_Prac/airsimversion/autoware.ai/install/autoware_config_msgs/lib/pkgconfig:/home/yeap/APC_2022_Prac/airsimversion/autoware.ai/install/autoware_build_flags/lib/x86_64-linux-gnu/pkgconfig:/home/yeap/APC_2022_Prac/airsimversion/autoware.ai/install/autoware_build_flags/lib/pkgconfig:${PKG_CONFIG_PATH} PYTHONPATH=/home/yeap/APC_2022_Prac/airsimversion/autoware.ai/install/autoware_msgs/lib/python2.7/dist-packages:/home/yeap/APC_2022_Prac/airsimversion/autoware.ai/install/autoware_config_msgs/lib/python2.7/dist-packages:${PYTHONPATH} ROS_PACKAGE_PATH=/home/yeap/APC_2022_Prac/airsimversion/autoware.ai/install/autoware_msgs/share:/home/yeap/APC_2022_Prac/airsimversion/autoware.ai/install/autoware_config_msgs/share:/home/yeap/APC_2022_Prac/airsimversion/autoware.ai/install/autoware_build_flags/share:${ROS_PACKAGE_PATH} /usr/bin/cmake --build /home/yeap/APC_2022_Prac/airsimversion/autoware.ai/build/vision_darknet_detect --target tests -- -j6 -l6
[27.117s] Invoking command in '/home/yeap/APC_2022_Prac/airsimversion/autoware.ai/build/vision_darknet_detect': CMAKE_PREFIX_PATH=/home/yeap/APC_2022_Prac/airsimversion/autoware.ai/install/autoware_msgs:/home/yeap/APC_2022_Prac/airsimversion/autoware.ai/install/autoware_config_msgs:/home/yeap/APC_2022_Prac/airsimversion/autoware.ai/install/autoware_build_flags:${CMAKE_PREFIX_PATH} PKG_CONFIG_PATH=/home/yeap/APC_2022_Prac/airsimversion/autoware.ai/install/autoware_msgs/lib/x86_64-linux-gnu/pkgconfig:/home/yeap/APC_2022_Prac/airsimversion/autoware.ai/install/autoware_msgs/lib/pkgconfig:/home/yeap/APC_2022_Prac/airsimversion/autoware.ai/install/autoware_config_msgs/lib/x86_64-linux-gnu/pkgconfig:/home/yeap/APC_2022_Prac/airsimversion/autoware.ai/install/autoware_config_msgs/lib/pkgconfig:/home/yeap/APC_2022_Prac/airsimversion/autoware.ai/install/autoware_build_flags/lib/x86_64-linux-gnu/pkgconfig:/home/yeap/APC_2022_Prac/airsimversion/autoware.ai/install/autoware_build_flags/lib/pkgconfig:${PKG_CONFIG_PATH} PYTHONPATH=/home/yeap/APC_2022_Prac/airsimversion/autoware.ai/install/autoware_msgs/lib/python2.7/dist-packages:/home/yeap/APC_2022_Prac/airsimversion/autoware.ai/install/autoware_config_msgs/lib/python2.7/dist-packages:${PYTHONPATH} ROS_PACKAGE_PATH=/home/yeap/APC_2022_Prac/airsimversion/autoware.ai/install/autoware_msgs/share:/home/yeap/APC_2022_Prac/airsimversion/autoware.ai/install/autoware_config_msgs/share:/home/yeap/APC_2022_Prac/airsimversion/autoware.ai/install/autoware_build_flags/share:${ROS_PACKAGE_PATH} /usr/bin/cmake --build /home/yeap/APC_2022_Prac/airsimversion/autoware.ai/build/vision_darknet_detect --target install -- -j6 -l6
[27.177s] [  0%] Built target sensor_msgs_generate_messages_nodejs
[27.212s] [  0%] Built target actionlib_msgs_generate_messages_lisp
[27.235s] [  0%] Built target actionlib_msgs_generate_messages_cpp
[27.262s] [  0%] Built target jsk_footstep_msgs_generate_messages_nodejs
[27.285s] [  0%] Built target actionlib_msgs_generate_messages_py
[27.307s] [  0%] Built target jsk_footstep_msgs_generate_messages_eus
[27.328s] [  0%] Built target pcl_msgs_generate_messages_py
[27.351s] [  0%] Built target pcl_msgs_generate_messages_nodejs
[27.374s] [  0%] Built target pcl_msgs_generate_messages_lisp
[27.397s] [  0%] Built target pcl_msgs_generate_messages_eus
[27.421s] [  0%] Built target rosgraph_msgs_generate_messages_cpp
[27.444s] [  0%] Built target autoware_msgs_generate_messages_cpp
[27.468s] [  0%] Built target std_msgs_generate_messages_nodejs
[27.492s] [  0%] Built target std_msgs_generate_messages_lisp
[27.514s] [  0%] Built target sensor_msgs_generate_messages_cpp
[27.538s] [  0%] Built target sensor_msgs_generate_messages_eus
[27.561s] [  0%] Built target autoware_config_msgs_generate_messages_lisp
[27.584s] [  0%] Built target jsk_footstep_msgs_generate_messages_lisp
[27.606s] [  0%] Built target autoware_config_msgs_generate_messages_eus
[27.629s] [  0%] Built target std_msgs_generate_messages_eus
[27.650s] [  0%] Built target autoware_msgs_generate_messages_nodejs
[27.674s] [  0%] Built target rosgraph_msgs_generate_messages_py
[27.697s] [  0%] Built target autoware_config_msgs_generate_messages_py
[27.721s] [  0%] Built target actionlib_msgs_generate_messages_nodejs
[27.745s] [  0%] Built target jsk_footstep_msgs_generate_messages_py
[27.768s] [  0%] Built target std_msgs_generate_messages_cpp
[27.790s] [  0%] Built target std_msgs_generate_messages_py
[27.814s] [  0%] Built target autoware_msgs_generate_messages_py
[27.837s] [  0%] Built target sensor_msgs_generate_messages_py
[27.861s] [  0%] Built target jsk_recognition_msgs_generate_messages_py
[27.885s] [  0%] Built target autoware_msgs_generate_messages_eus
[27.908s] [  0%] Built target jsk_recognition_msgs_generate_messages_cpp
[27.931s] [  0%] Built target sensor_msgs_generate_messages_lisp
[27.954s] [  0%] Built target pcl_msgs_generate_messages_cpp
[27.977s] [  0%] Built target actionlib_msgs_generate_messages_eus
[28.000s] [  0%] Built target autoware_msgs_generate_messages_lisp
[28.023s] [  0%] Built target roscpp_generate_messages_nodejs
[28.046s] [  0%] Built target roscpp_generate_messages_eus
[28.071s] [  0%] Built target autoware_config_msgs_generate_messages_nodejs
[28.095s] [  0%] Built target geometry_msgs_generate_messages_eus
[28.118s] [  0%] Built target geometry_msgs_generate_messages_cpp
[28.144s] [  0%] Built target geometry_msgs_generate_messages_lisp
[28.169s] [  0%] Built target geometry_msgs_generate_messages_nodejs
[28.192s] [  0%] Built target jsk_footstep_msgs_generate_messages_cpp
[28.214s] [  0%] Built target geometry_msgs_generate_messages_py
[28.236s] [  0%] Built target autoware_config_msgs_generate_messages_cpp
[28.259s] [  0%] Built target jsk_recognition_msgs_generate_messages_eus
[28.283s] [  0%] Built target jsk_recognition_msgs_generate_messages_lisp
[28.306s] [  0%] Built target rosgraph_msgs_generate_messages_eus
[28.329s] [  0%] Built target jsk_recognition_msgs_generate_messages_nodejs
[28.352s] [  0%] Built target roscpp_generate_messages_cpp
[28.375s] [  0%] Built target roscpp_generate_messages_lisp
[28.403s] [  0%] Built target roscpp_generate_messages_py
[28.426s] [  0%] Built target rosgraph_msgs_generate_messages_lisp
[28.449s] [  0%] Built target rosgraph_msgs_generate_messages_nodejs
[28.489s] [ 93%] Built target vision_darknet_detect_lib
[28.520s] [100%] Built target vision_darknet_detect
[28.545s] [36mInstall the project...[0m
[28.555s] -- Install configuration: "Release"
[28.556s] -- Installing: /home/yeap/APC_2022_Prac/airsimversion/autoware.ai/install/vision_darknet_detect/lib/pkgconfig/vision_darknet_detect.pc
[28.557s] -- Installing: /home/yeap/APC_2022_Prac/airsimversion/autoware.ai/install/vision_darknet_detect/share/vision_darknet_detect/cmake/vision_darknet_detectConfig.cmake
[28.557s] -- Installing: /home/yeap/APC_2022_Prac/airsimversion/autoware.ai/install/vision_darknet_detect/share/vision_darknet_detect/cmake/vision_darknet_detectConfig-version.cmake
[28.557s] -- Installing: /home/yeap/APC_2022_Prac/airsimversion/autoware.ai/install/vision_darknet_detect/share/vision_darknet_detect/package.xml
[28.558s] -- Installing: /home/yeap/APC_2022_Prac/airsimversion/autoware.ai/install/vision_darknet_detect/lib/libvision_darknet_detect_lib.so
[28.559s] -- Set runtime path of "/home/yeap/APC_2022_Prac/airsimversion/autoware.ai/install/vision_darknet_detect/lib/libvision_darknet_detect_lib.so" to ""
[28.559s] -- Installing: /home/yeap/APC_2022_Prac/airsimversion/autoware.ai/install/vision_darknet_detect/lib/vision_darknet_detect/vision_darknet_detect
[28.562s] -- Set runtime path of "/home/yeap/APC_2022_Prac/airsimversion/autoware.ai/install/vision_darknet_detect/lib/vision_darknet_detect/vision_darknet_detect" to ""
[28.563s] -- Installing: /home/yeap/APC_2022_Prac/airsimversion/autoware.ai/install/vision_darknet_detect/share/vision_darknet_detect/launch
[28.565s] -- Installing: /home/yeap/APC_2022_Prac/airsimversion/autoware.ai/install/vision_darknet_detect/share/vision_darknet_detect/launch/vision_yolo2_detect.launch
[28.565s] -- Installing: /home/yeap/APC_2022_Prac/airsimversion/autoware.ai/install/vision_darknet_detect/share/vision_darknet_detect/launch/vision_yolo3_detect.launch
[28.566s] -- Installing: /home/yeap/APC_2022_Prac/airsimversion/autoware.ai/install/vision_darknet_detect/share/vision_darknet_detect/darknet/cfg/
[28.566s] -- Installing: /home/yeap/APC_2022_Prac/airsimversion/autoware.ai/install/vision_darknet_detect/share/vision_darknet_detect/darknet/cfg//yolov2.cfg
[28.567s] -- Installing: /home/yeap/APC_2022_Prac/airsimversion/autoware.ai/install/vision_darknet_detect/share/vision_darknet_detect/darknet/cfg//yolov3.cfg
[28.567s] -- Installing: /home/yeap/APC_2022_Prac/airsimversion/autoware.ai/install/vision_darknet_detect/share/vision_darknet_detect/darknet/cfg//yolov2-tiny.cfg
[28.568s] -- Installing: /home/yeap/APC_2022_Prac/airsimversion/autoware.ai/install/vision_darknet_detect/share/vision_darknet_detect/darknet/cfg//coco.names
[28.568s] -- Installing: /home/yeap/APC_2022_Prac/airsimversion/autoware.ai/install/vision_darknet_detect/share/vision_darknet_detect/darknet/cfg//yolov3-voc.cfg
[28.569s] -- Installing: /home/yeap/APC_2022_Prac/airsimversion/autoware.ai/install/vision_darknet_detect/share/vision_darknet_detect/darknet/cfg//voc.names
[28.570s] -- Installing: /home/yeap/APC_2022_Prac/airsimversion/autoware.ai/install/vision_darknet_detect/share/vision_darknet_detect/darknet/cfg//yolov3-tiny.cfg
[28.575s] Invoked command in '/home/yeap/APC_2022_Prac/airsimversion/autoware.ai/build/vision_darknet_detect' returned '0': CMAKE_PREFIX_PATH=/home/yeap/APC_2022_Prac/airsimversion/autoware.ai/install/autoware_msgs:/home/yeap/APC_2022_Prac/airsimversion/autoware.ai/install/autoware_config_msgs:/home/yeap/APC_2022_Prac/airsimversion/autoware.ai/install/autoware_build_flags:${CMAKE_PREFIX_PATH} PKG_CONFIG_PATH=/home/yeap/APC_2022_Prac/airsimversion/autoware.ai/install/autoware_msgs/lib/x86_64-linux-gnu/pkgconfig:/home/yeap/APC_2022_Prac/airsimversion/autoware.ai/install/autoware_msgs/lib/pkgconfig:/home/yeap/APC_2022_Prac/airsimversion/autoware.ai/install/autoware_config_msgs/lib/x86_64-linux-gnu/pkgconfig:/home/yeap/APC_2022_Prac/airsimversion/autoware.ai/install/autoware_config_msgs/lib/pkgconfig:/home/yeap/APC_2022_Prac/airsimversion/autoware.ai/install/autoware_build_flags/lib/x86_64-linux-gnu/pkgconfig:/home/yeap/APC_2022_Prac/airsimversion/autoware.ai/install/autoware_build_flags/lib/pkgconfig:${PKG_CONFIG_PATH} PYTHONPATH=/home/yeap/APC_2022_Prac/airsimversion/autoware.ai/install/autoware_msgs/lib/python2.7/dist-packages:/home/yeap/APC_2022_Prac/airsimversion/autoware.ai/install/autoware_config_msgs/lib/python2.7/dist-packages:${PYTHONPATH} ROS_PACKAGE_PATH=/home/yeap/APC_2022_Prac/airsimversion/autoware.ai/install/autoware_msgs/share:/home/yeap/APC_2022_Prac/airsimversion/autoware.ai/install/autoware_config_msgs/share:/home/yeap/APC_2022_Prac/airsimversion/autoware.ai/install/autoware_build_flags/share:${ROS_PACKAGE_PATH} /usr/bin/cmake --build /home/yeap/APC_2022_Prac/airsimversion/autoware.ai/build/vision_darknet_detect --target install -- -j6 -l6
