[0.069s] Invoking command in '/home/yeap/APC_2022_Prac/airsimversion/autoware.ai/build/ymc': CMAKE_PREFIX_PATH=/home/yeap/APC_2022_Prac/airsimversion/autoware.ai/install/ros_observer:/home/yeap/APC_2022_Prac/airsimversion/autoware.ai/install/ds4_msgs:/home/yeap/APC_2022_Prac/airsimversion/autoware.ai/install/autoware_msgs:/home/yeap/APC_2022_Prac/airsimversion/autoware.ai/install/autoware_build_flags:${CMAKE_PREFIX_PATH} LD_LIBRARY_PATH=/home/yeap/APC_2022_Prac/airsimversion/autoware.ai/install/ros_observer/lib:${LD_LIBRARY_PATH} PKG_CONFIG_PATH=/home/yeap/APC_2022_Prac/airsimversion/autoware.ai/install/ros_observer/lib/x86_64-linux-gnu/pkgconfig:/home/yeap/APC_2022_Prac/airsimversion/autoware.ai/install/ros_observer/lib/pkgconfig:/home/yeap/APC_2022_Prac/airsimversion/autoware.ai/install/ds4_msgs/lib/x86_64-linux-gnu/pkgconfig:/home/yeap/APC_2022_Prac/airsimversion/autoware.ai/install/ds4_msgs/lib/pkgconfig:/home/yeap/APC_2022_Prac/airsimversion/autoware.ai/install/autoware_msgs/lib/x86_64-linux-gnu/pkgconfig:/home/yeap/APC_2022_Prac/airsimversion/autoware.ai/install/autoware_msgs/lib/pkgconfig:/home/yeap/APC_2022_Prac/airsimversion/autoware.ai/install/autoware_build_flags/lib/x86_64-linux-gnu/pkgconfig:/home/yeap/APC_2022_Prac/airsimversion/autoware.ai/install/autoware_build_flags/lib/pkgconfig:${PKG_CONFIG_PATH} PYTHONPATH=/home/yeap/APC_2022_Prac/airsimversion/autoware.ai/install/ds4_msgs/lib/python2.7/dist-packages:/home/yeap/APC_2022_Prac/airsimversion/autoware.ai/install/autoware_msgs/lib/python2.7/dist-packages:${PYTHONPATH} ROS_PACKAGE_PATH=/home/yeap/APC_2022_Prac/airsimversion/autoware.ai/install/ros_observer/share:/home/yeap/APC_2022_Prac/airsimversion/autoware.ai/install/ds4_msgs/share:/home/yeap/APC_2022_Prac/airsimversion/autoware.ai/install/autoware_msgs/share:/home/yeap/APC_2022_Prac/airsimversion/autoware.ai/install/autoware_build_flags/share:${ROS_PACKAGE_PATH} /usr/bin/cmake /home/yeap/APC_2022_Prac/airsimversion/autoware.ai/src/drivers/awf_drivers/ymc -DCMAKE_BUILD_TYPE=Release -DCATKIN_INSTALL_INTO_PREFIX_ROOT=0 -DCMAKE_INSTALL_PREFIX=/home/yeap/APC_2022_Prac/airsimversion/autoware.ai/install/ymc
[0.148s] -- The C compiler identification is GNU 7.5.0
[0.217s] -- The CXX compiler identification is GNU 7.5.0
[0.223s] -- Check for working C compiler: /usr/bin/cc
[0.300s] -- Check for working C compiler: /usr/bin/cc -- works
[0.300s] -- Detecting C compiler ABI info
[0.372s] -- Detecting C compiler ABI info - done
[0.383s] -- Detecting C compile features
[0.612s] -- Detecting C compile features - done
[0.616s] -- Check for working CXX compiler: /usr/bin/c++
[0.711s] -- Check for working CXX compiler: /usr/bin/c++ -- works
[0.712s] -- Detecting CXX compiler ABI info
[0.812s] -- Detecting CXX compiler ABI info - done
[0.820s] -- Detecting CXX compile features
[1.214s] -- Detecting CXX compile features - done
[1.216s] -- CUDA compilation status: .
[1.217s] -- Using CATKIN_DEVEL_PREFIX: /home/yeap/APC_2022_Prac/airsimversion/autoware.ai/build/ymc/devel
[1.218s] -- Using CMAKE_PREFIX_PATH: /home/yeap/APC_2022_Prac/airsimversion/autoware.ai/install/ros_observer;/home/yeap/APC_2022_Prac/airsimversion/autoware.ai/install/ds4_msgs;/home/yeap/APC_2022_Prac/airsimversion/autoware.ai/install/autoware_msgs;/home/yeap/APC_2022_Prac/airsimversion/autoware.ai/install/autoware_build_flags;/opt/ros/melodic
[1.218s] -- This workspace overlays: /home/yeap/APC_2022_Prac/airsimversion/autoware.ai/install/ros_observer;/home/yeap/APC_2022_Prac/airsimversion/autoware.ai/install/ds4_msgs;/home/yeap/APC_2022_Prac/airsimversion/autoware.ai/install/autoware_msgs;/home/yeap/APC_2022_Prac/airsimversion/autoware.ai/install/autoware_build_flags;/opt/ros/melodic
[1.236s] -- Found PythonInterp: /usr/bin/python2 (found suitable version "2.7.17", minimum required is "2") 
[1.236s] -- Using PYTHON_EXECUTABLE: /usr/bin/python2
[1.236s] -- Using Debian Python package layout
[1.237s] -- Using empy: /usr/bin/empy
[1.426s] -- Using CATKIN_ENABLE_TESTING: ON
[1.427s] -- Call enable_testing()
[1.430s] -- Using CATKIN_TEST_RESULTS_DIR: /home/yeap/APC_2022_Prac/airsimversion/autoware.ai/build/ymc/test_results
[1.457s] -- Found gtest sources under '/usr/src/googletest': gtests will be built
[1.458s] -- Found gmock sources under '/usr/src/googletest': gmock will be built
[1.475s] -- Found PythonInterp: /usr/bin/python2 (found version "2.7.17") 
[1.477s] -- Looking for pthread.h
[1.556s] -- Looking for pthread.h - found
[1.557s] -- Looking for pthread_create
[1.642s] -- Looking for pthread_create - not found
[1.642s] -- Looking for pthread_create in pthreads
[1.706s] -- Looking for pthread_create in pthreads - not found
[1.706s] -- Looking for pthread_create in pthread
[1.804s] -- Looking for pthread_create in pthread - found
[1.806s] -- Found Threads: TRUE  
[1.813s] -- Using Python nosetests: /usr/bin/nosetests-2.7
[1.864s] -- catkin 0.7.29
[1.864s] -- BUILD_SHARED_LIBS is on
[2.028s] -- Using these message generators: gencpp;geneus;genlisp;gennodejs;genpy
[2.304s] -- Configuring done
[2.338s] -- Generating done
[2.347s] -- Build files have been written to: /home/yeap/APC_2022_Prac/airsimversion/autoware.ai/build/ymc
[2.357s] Invoked command in '/home/yeap/APC_2022_Prac/airsimversion/autoware.ai/build/ymc' returned '0': CMAKE_PREFIX_PATH=/home/yeap/APC_2022_Prac/airsimversion/autoware.ai/install/ros_observer:/home/yeap/APC_2022_Prac/airsimversion/autoware.ai/install/ds4_msgs:/home/yeap/APC_2022_Prac/airsimversion/autoware.ai/install/autoware_msgs:/home/yeap/APC_2022_Prac/airsimversion/autoware.ai/install/autoware_build_flags:${CMAKE_PREFIX_PATH} LD_LIBRARY_PATH=/home/yeap/APC_2022_Prac/airsimversion/autoware.ai/install/ros_observer/lib:${LD_LIBRARY_PATH} PKG_CONFIG_PATH=/home/yeap/APC_2022_Prac/airsimversion/autoware.ai/install/ros_observer/lib/x86_64-linux-gnu/pkgconfig:/home/yeap/APC_2022_Prac/airsimversion/autoware.ai/install/ros_observer/lib/pkgconfig:/home/yeap/APC_2022_Prac/airsimversion/autoware.ai/install/ds4_msgs/lib/x86_64-linux-gnu/pkgconfig:/home/yeap/APC_2022_Prac/airsimversion/autoware.ai/install/ds4_msgs/lib/pkgconfig:/home/yeap/APC_2022_Prac/airsimversion/autoware.ai/install/autoware_msgs/lib/x86_64-linux-gnu/pkgconfig:/home/yeap/APC_2022_Prac/airsimversion/autoware.ai/install/autoware_msgs/lib/pkgconfig:/home/yeap/APC_2022_Prac/airsimversion/autoware.ai/install/autoware_build_flags/lib/x86_64-linux-gnu/pkgconfig:/home/yeap/APC_2022_Prac/airsimversion/autoware.ai/install/autoware_build_flags/lib/pkgconfig:${PKG_CONFIG_PATH} PYTHONPATH=/home/yeap/APC_2022_Prac/airsimversion/autoware.ai/install/ds4_msgs/lib/python2.7/dist-packages:/home/yeap/APC_2022_Prac/airsimversion/autoware.ai/install/autoware_msgs/lib/python2.7/dist-packages:${PYTHONPATH} ROS_PACKAGE_PATH=/home/yeap/APC_2022_Prac/airsimversion/autoware.ai/install/ros_observer/share:/home/yeap/APC_2022_Prac/airsimversion/autoware.ai/install/ds4_msgs/share:/home/yeap/APC_2022_Prac/airsimversion/autoware.ai/install/autoware_msgs/share:/home/yeap/APC_2022_Prac/airsimversion/autoware.ai/install/autoware_build_flags/share:${ROS_PACKAGE_PATH} /usr/bin/cmake /home/yeap/APC_2022_Prac/airsimversion/autoware.ai/src/drivers/awf_drivers/ymc -DCMAKE_BUILD_TYPE=Release -DCATKIN_INSTALL_INTO_PREFIX_ROOT=0 -DCMAKE_INSTALL_PREFIX=/home/yeap/APC_2022_Prac/airsimversion/autoware.ai/install/ymc
[2.358s] Invoking command in '/home/yeap/APC_2022_Prac/airsimversion/autoware.ai/build/ymc': CMAKE_PREFIX_PATH=/home/yeap/APC_2022_Prac/airsimversion/autoware.ai/install/ros_observer:/home/yeap/APC_2022_Prac/airsimversion/autoware.ai/install/ds4_msgs:/home/yeap/APC_2022_Prac/airsimversion/autoware.ai/install/autoware_msgs:/home/yeap/APC_2022_Prac/airsimversion/autoware.ai/install/autoware_build_flags:${CMAKE_PREFIX_PATH} LD_LIBRARY_PATH=/home/yeap/APC_2022_Prac/airsimversion/autoware.ai/install/ros_observer/lib:${LD_LIBRARY_PATH} PKG_CONFIG_PATH=/home/yeap/APC_2022_Prac/airsimversion/autoware.ai/install/ros_observer/lib/x86_64-linux-gnu/pkgconfig:/home/yeap/APC_2022_Prac/airsimversion/autoware.ai/install/ros_observer/lib/pkgconfig:/home/yeap/APC_2022_Prac/airsimversion/autoware.ai/install/ds4_msgs/lib/x86_64-linux-gnu/pkgconfig:/home/yeap/APC_2022_Prac/airsimversion/autoware.ai/install/ds4_msgs/lib/pkgconfig:/home/yeap/APC_2022_Prac/airsimversion/autoware.ai/install/autoware_msgs/lib/x86_64-linux-gnu/pkgconfig:/home/yeap/APC_2022_Prac/airsimversion/autoware.ai/install/autoware_msgs/lib/pkgconfig:/home/yeap/APC_2022_Prac/airsimversion/autoware.ai/install/autoware_build_flags/lib/x86_64-linux-gnu/pkgconfig:/home/yeap/APC_2022_Prac/airsimversion/autoware.ai/install/autoware_build_flags/lib/pkgconfig:${PKG_CONFIG_PATH} PYTHONPATH=/home/yeap/APC_2022_Prac/airsimversion/autoware.ai/install/ds4_msgs/lib/python2.7/dist-packages:/home/yeap/APC_2022_Prac/airsimversion/autoware.ai/install/autoware_msgs/lib/python2.7/dist-packages:${PYTHONPATH} ROS_PACKAGE_PATH=/home/yeap/APC_2022_Prac/airsimversion/autoware.ai/install/ros_observer/share:/home/yeap/APC_2022_Prac/airsimversion/autoware.ai/install/ds4_msgs/share:/home/yeap/APC_2022_Prac/airsimversion/autoware.ai/install/autoware_msgs/share:/home/yeap/APC_2022_Prac/airsimversion/autoware.ai/install/autoware_build_flags/share:${ROS_PACKAGE_PATH} /usr/bin/cmake --build /home/yeap/APC_2022_Prac/airsimversion/autoware.ai/build/ymc -- -j6 -l6
[2.409s] [35m[1mScanning dependencies of target jsk_footstep_msgs_generate_messages_cpp[0m
[2.431s] [  0%] Built target jsk_footstep_msgs_generate_messages_cpp
[2.444s] [35m[1mScanning dependencies of target roscpp_generate_messages_lisp[0m
[2.455s] [  0%] Built target roscpp_generate_messages_lisp
[2.467s] [35m[1mScanning dependencies of target ds4_msgs_generate_messages_py[0m
[2.479s] [  0%] Built target ds4_msgs_generate_messages_py
[2.494s] [35m[1mScanning dependencies of target ds4_msgs_generate_messages_eus[0m
[2.507s] [  0%] Built target ds4_msgs_generate_messages_eus
[2.519s] [35m[1mScanning dependencies of target ds4_msgs_generate_messages_cpp[0m
[2.531s] [  0%] Built target ds4_msgs_generate_messages_cpp
[2.543s] [35m[1mScanning dependencies of target actionlib_msgs_generate_messages_lisp[0m
[2.555s] [  0%] Built target actionlib_msgs_generate_messages_lisp
[2.568s] [35m[1mScanning dependencies of target actionlib_msgs_generate_messages_cpp[0m
[2.582s] [  0%] Built target actionlib_msgs_generate_messages_cpp
[2.594s] [35m[1mScanning dependencies of target jsk_footstep_msgs_generate_messages_nodejs[0m
[2.606s] [  0%] Built target jsk_footstep_msgs_generate_messages_nodejs
[2.626s] [35m[1mScanning dependencies of target jsk_footstep_msgs_generate_messages_lisp[0m
[2.638s] [  0%] Built target jsk_footstep_msgs_generate_messages_lisp
[2.650s] [35m[1mScanning dependencies of target ds4_msgs_generate_messages_nodejs[0m
[2.661s] [  0%] Built target ds4_msgs_generate_messages_nodejs
[2.674s] [35m[1mScanning dependencies of target actionlib_msgs_generate_messages_py[0m
[2.688s] [  0%] Built target actionlib_msgs_generate_messages_py
[2.700s] [35m[1mScanning dependencies of target jsk_footstep_msgs_generate_messages_eus[0m
[2.712s] [  0%] Built target jsk_footstep_msgs_generate_messages_eus
[2.727s] [35m[1mScanning dependencies of target autoware_msgs_generate_messages_nodejs[0m
[2.739s] [  0%] Built target autoware_msgs_generate_messages_nodejs
[2.752s] [35m[1mScanning dependencies of target ds4_msgs_generate_messages_lisp[0m
[2.763s] [  0%] Built target ds4_msgs_generate_messages_lisp
[2.775s] [35m[1mScanning dependencies of target std_msgs_generate_messages_eus[0m
[2.786s] [  0%] Built target std_msgs_generate_messages_eus
[2.798s] [35m[1mScanning dependencies of target pcl_msgs_generate_messages_lisp[0m
[2.811s] [  0%] Built target pcl_msgs_generate_messages_lisp
[2.825s] [35m[1mScanning dependencies of target actionlib_msgs_generate_messages_eus[0m
[2.837s] [  0%] Built target actionlib_msgs_generate_messages_eus
[2.848s] [35m[1mScanning dependencies of target autoware_msgs_generate_messages_lisp[0m
[2.861s] [  0%] Built target autoware_msgs_generate_messages_lisp
[2.873s] [35m[1mScanning dependencies of target autoware_msgs_generate_messages_eus[0m
[2.887s] [  0%] Built target autoware_msgs_generate_messages_eus
[2.898s] [35m[1mScanning dependencies of target jsk_recognition_msgs_generate_messages_cpp[0m
[2.909s] [  0%] Built target jsk_recognition_msgs_generate_messages_cpp
[2.929s] [35m[1mScanning dependencies of target pcl_msgs_generate_messages_cpp[0m
[2.950s] [  0%] Built target pcl_msgs_generate_messages_cpp
[2.962s] [35m[1mScanning dependencies of target geometry_msgs_generate_messages_cpp[0m
[2.975s] [  0%] Built target geometry_msgs_generate_messages_cpp
[2.987s] [35m[1mScanning dependencies of target geometry_msgs_generate_messages_lisp[0m
[2.999s] [  0%] Built target geometry_msgs_generate_messages_lisp
[3.010s] [35m[1mScanning dependencies of target pcl_msgs_generate_messages_py[0m
[3.023s] [  0%] Built target pcl_msgs_generate_messages_py
[3.034s] [35m[1mScanning dependencies of target roscpp_generate_messages_nodejs[0m
[3.048s] [  0%] Built target roscpp_generate_messages_nodejs
[3.060s] [35m[1mScanning dependencies of target roscpp_generate_messages_eus[0m
[3.071s] [  0%] Built target roscpp_generate_messages_eus
[3.083s] [35m[1mScanning dependencies of target geometry_msgs_generate_messages_eus[0m
[3.095s] [  0%] Built target geometry_msgs_generate_messages_eus
[3.105s] [35m[1mScanning dependencies of target actionlib_msgs_generate_messages_nodejs[0m
[3.116s] [  0%] Built target actionlib_msgs_generate_messages_nodejs
[3.127s] [35m[1mScanning dependencies of target jsk_footstep_msgs_generate_messages_py[0m
[3.138s] [  0%] Built target jsk_footstep_msgs_generate_messages_py
[3.148s] [35m[1mScanning dependencies of target std_msgs_generate_messages_cpp[0m
[3.159s] [  0%] Built target std_msgs_generate_messages_cpp
[3.170s] [35m[1mScanning dependencies of target geometry_msgs_generate_messages_nodejs[0m
[3.182s] [  0%] Built target geometry_msgs_generate_messages_nodejs
[3.193s] [35m[1mScanning dependencies of target sensor_msgs_generate_messages_py[0m
[3.204s] [  0%] Built target sensor_msgs_generate_messages_py
[3.215s] [35m[1mScanning dependencies of target sensor_msgs_generate_messages_lisp[0m
[3.226s] [  0%] Built target sensor_msgs_generate_messages_lisp
[3.240s] [35m[1mScanning dependencies of target jsk_recognition_msgs_generate_messages_py[0m
[3.253s] [  0%] Built target jsk_recognition_msgs_generate_messages_py
[3.266s] [35m[1mScanning dependencies of target pcl_msgs_generate_messages_nodejs[0m
[3.278s] [  0%] Built target pcl_msgs_generate_messages_nodejs
[3.290s] [35m[1mScanning dependencies of target rosgraph_msgs_generate_messages_cpp[0m
[3.302s] [  0%] Built target rosgraph_msgs_generate_messages_cpp
[3.314s] [35m[1mScanning dependencies of target autoware_msgs_generate_messages_cpp[0m
[3.327s] [  0%] Built target autoware_msgs_generate_messages_cpp
[3.338s] [35m[1mScanning dependencies of target std_msgs_generate_messages_lisp[0m
[3.350s] [  0%] Built target std_msgs_generate_messages_lisp
[3.362s] [35m[1mScanning dependencies of target sensor_msgs_generate_messages_cpp[0m
[3.373s] [  0%] Built target sensor_msgs_generate_messages_cpp
[3.386s] [35m[1mScanning dependencies of target _catkin_empty_exported_target[0m
[3.398s] [  0%] Built target _catkin_empty_exported_target
[3.408s] [35m[1mScanning dependencies of target sensor_msgs_generate_messages_eus[0m
[3.428s] [  0%] Built target sensor_msgs_generate_messages_eus
[3.442s] [35m[1mScanning dependencies of target std_msgs_generate_messages_nodejs[0m
[3.454s] [  0%] Built target std_msgs_generate_messages_nodejs
[3.465s] [35m[1mScanning dependencies of target autoware_msgs_generate_messages_py[0m
[3.484s] [  0%] Built target autoware_msgs_generate_messages_py
[3.495s] [35m[1mScanning dependencies of target std_msgs_generate_messages_py[0m
[3.507s] [  0%] Built target std_msgs_generate_messages_py
[3.519s] [35m[1mScanning dependencies of target jsk_recognition_msgs_generate_messages_eus[0m
[3.531s] [  0%] Built target jsk_recognition_msgs_generate_messages_eus
[3.543s] [35m[1mScanning dependencies of target jsk_recognition_msgs_generate_messages_lisp[0m
[3.556s] [  0%] Built target jsk_recognition_msgs_generate_messages_lisp
[3.566s] [35m[1mScanning dependencies of target rosgraph_msgs_generate_messages_eus[0m
[3.577s] [  0%] Built target rosgraph_msgs_generate_messages_eus
[3.589s] [35m[1mScanning dependencies of target jsk_recognition_msgs_generate_messages_nodejs[0m
[3.601s] [  0%] Built target jsk_recognition_msgs_generate_messages_nodejs
[3.613s] [35m[1mScanning dependencies of target pcl_msgs_generate_messages_eus[0m
[3.626s] [  0%] Built target pcl_msgs_generate_messages_eus
[3.637s] [35m[1mScanning dependencies of target roscpp_generate_messages_cpp[0m
[3.649s] [  0%] Built target roscpp_generate_messages_cpp
[3.659s] [35m[1mScanning dependencies of target sensor_msgs_generate_messages_nodejs[0m
[3.670s] [  0%] Built target sensor_msgs_generate_messages_nodejs
[3.680s] [35m[1mScanning dependencies of target geometry_msgs_generate_messages_py[0m
[3.692s] [  0%] Built target geometry_msgs_generate_messages_py
[3.709s] [35m[1mScanning dependencies of target roscpp_generate_messages_py[0m
[3.740s] [  0%] Built target roscpp_generate_messages_py
[3.751s] [35m[1mScanning dependencies of target rosgraph_msgs_generate_messages_lisp[0m
[3.762s] [  0%] Built target rosgraph_msgs_generate_messages_lisp
[3.785s] [35m[1mScanning dependencies of target rosgraph_msgs_generate_messages_nodejs[0m
[3.796s] [  0%] Built target rosgraph_msgs_generate_messages_nodejs
[3.807s] [35m[1mScanning dependencies of target rosgraph_msgs_generate_messages_py[0m
[3.817s] [  0%] Built target rosgraph_msgs_generate_messages_py
[3.828s] [35m[1mScanning dependencies of target g30esli_interface[0m
[3.864s] [ 25%] [32mBuilding CXX object CMakeFiles/g30esli_interface.dir/node/g30esli_interface/g30esli_ros.cpp.o[0m
[5.318s] [ 50%] [32mBuilding CXX object CMakeFiles/g30esli_interface.dir/node/g30esli_interface/g30esli_interface_node.cpp.o[0m
[6.736s] [ 75%] [32mBuilding CXX object CMakeFiles/g30esli_interface.dir/node/g30esli_interface/g30esli_interface.cpp.o[0m
[11.570s] [100%] [32m[1mLinking CXX executable devel/lib/ymc/g30esli_interface[0m
[11.791s] [100%] Built target g30esli_interface
[11.807s] Invoked command in '/home/yeap/APC_2022_Prac/airsimversion/autoware.ai/build/ymc' returned '0': CMAKE_PREFIX_PATH=/home/yeap/APC_2022_Prac/airsimversion/autoware.ai/install/ros_observer:/home/yeap/APC_2022_Prac/airsimversion/autoware.ai/install/ds4_msgs:/home/yeap/APC_2022_Prac/airsimversion/autoware.ai/install/autoware_msgs:/home/yeap/APC_2022_Prac/airsimversion/autoware.ai/install/autoware_build_flags:${CMAKE_PREFIX_PATH} LD_LIBRARY_PATH=/home/yeap/APC_2022_Prac/airsimversion/autoware.ai/install/ros_observer/lib:${LD_LIBRARY_PATH} PKG_CONFIG_PATH=/home/yeap/APC_2022_Prac/airsimversion/autoware.ai/install/ros_observer/lib/x86_64-linux-gnu/pkgconfig:/home/yeap/APC_2022_Prac/airsimversion/autoware.ai/install/ros_observer/lib/pkgconfig:/home/yeap/APC_2022_Prac/airsimversion/autoware.ai/install/ds4_msgs/lib/x86_64-linux-gnu/pkgconfig:/home/yeap/APC_2022_Prac/airsimversion/autoware.ai/install/ds4_msgs/lib/pkgconfig:/home/yeap/APC_2022_Prac/airsimversion/autoware.ai/install/autoware_msgs/lib/x86_64-linux-gnu/pkgconfig:/home/yeap/APC_2022_Prac/airsimversion/autoware.ai/install/autoware_msgs/lib/pkgconfig:/home/yeap/APC_2022_Prac/airsimversion/autoware.ai/install/autoware_build_flags/lib/x86_64-linux-gnu/pkgconfig:/home/yeap/APC_2022_Prac/airsimversion/autoware.ai/install/autoware_build_flags/lib/pkgconfig:${PKG_CONFIG_PATH} PYTHONPATH=/home/yeap/APC_2022_Prac/airsimversion/autoware.ai/install/ds4_msgs/lib/python2.7/dist-packages:/home/yeap/APC_2022_Prac/airsimversion/autoware.ai/install/autoware_msgs/lib/python2.7/dist-packages:${PYTHONPATH} ROS_PACKAGE_PATH=/home/yeap/APC_2022_Prac/airsimversion/autoware.ai/install/ros_observer/share:/home/yeap/APC_2022_Prac/airsimversion/autoware.ai/install/ds4_msgs/share:/home/yeap/APC_2022_Prac/airsimversion/autoware.ai/install/autoware_msgs/share:/home/yeap/APC_2022_Prac/airsimversion/autoware.ai/install/autoware_build_flags/share:${ROS_PACKAGE_PATH} /usr/bin/cmake --build /home/yeap/APC_2022_Prac/airsimversion/autoware.ai/build/ymc -- -j6 -l6
[11.891s] Invoking command in '/home/yeap/APC_2022_Prac/airsimversion/autoware.ai/build/ymc': CMAKE_PREFIX_PATH=/home/yeap/APC_2022_Prac/airsimversion/autoware.ai/install/ros_observer:/home/yeap/APC_2022_Prac/airsimversion/autoware.ai/install/ds4_msgs:/home/yeap/APC_2022_Prac/airsimversion/autoware.ai/install/autoware_msgs:/home/yeap/APC_2022_Prac/airsimversion/autoware.ai/install/autoware_build_flags:${CMAKE_PREFIX_PATH} LD_LIBRARY_PATH=/home/yeap/APC_2022_Prac/airsimversion/autoware.ai/install/ros_observer/lib:${LD_LIBRARY_PATH} PKG_CONFIG_PATH=/home/yeap/APC_2022_Prac/airsimversion/autoware.ai/install/ros_observer/lib/x86_64-linux-gnu/pkgconfig:/home/yeap/APC_2022_Prac/airsimversion/autoware.ai/install/ros_observer/lib/pkgconfig:/home/yeap/APC_2022_Prac/airsimversion/autoware.ai/install/ds4_msgs/lib/x86_64-linux-gnu/pkgconfig:/home/yeap/APC_2022_Prac/airsimversion/autoware.ai/install/ds4_msgs/lib/pkgconfig:/home/yeap/APC_2022_Prac/airsimversion/autoware.ai/install/autoware_msgs/lib/x86_64-linux-gnu/pkgconfig:/home/yeap/APC_2022_Prac/airsimversion/autoware.ai/install/autoware_msgs/lib/pkgconfig:/home/yeap/APC_2022_Prac/airsimversion/autoware.ai/install/autoware_build_flags/lib/x86_64-linux-gnu/pkgconfig:/home/yeap/APC_2022_Prac/airsimversion/autoware.ai/install/autoware_build_flags/lib/pkgconfig:${PKG_CONFIG_PATH} PYTHONPATH=/home/yeap/APC_2022_Prac/airsimversion/autoware.ai/install/ds4_msgs/lib/python2.7/dist-packages:/home/yeap/APC_2022_Prac/airsimversion/autoware.ai/install/autoware_msgs/lib/python2.7/dist-packages:${PYTHONPATH} ROS_PACKAGE_PATH=/home/yeap/APC_2022_Prac/airsimversion/autoware.ai/install/ros_observer/share:/home/yeap/APC_2022_Prac/airsimversion/autoware.ai/install/ds4_msgs/share:/home/yeap/APC_2022_Prac/airsimversion/autoware.ai/install/autoware_msgs/share:/home/yeap/APC_2022_Prac/airsimversion/autoware.ai/install/autoware_build_flags/share:${ROS_PACKAGE_PATH} /usr/bin/cmake --build /home/yeap/APC_2022_Prac/airsimversion/autoware.ai/build/ymc --target tests -- -j6 -l6
[11.953s] [35m[1mScanning dependencies of target tests[0m
[11.965s] Built target tests
[11.982s] Invoked command in '/home/yeap/APC_2022_Prac/airsimversion/autoware.ai/build/ymc' returned '0': CMAKE_PREFIX_PATH=/home/yeap/APC_2022_Prac/airsimversion/autoware.ai/install/ros_observer:/home/yeap/APC_2022_Prac/airsimversion/autoware.ai/install/ds4_msgs:/home/yeap/APC_2022_Prac/airsimversion/autoware.ai/install/autoware_msgs:/home/yeap/APC_2022_Prac/airsimversion/autoware.ai/install/autoware_build_flags:${CMAKE_PREFIX_PATH} LD_LIBRARY_PATH=/home/yeap/APC_2022_Prac/airsimversion/autoware.ai/install/ros_observer/lib:${LD_LIBRARY_PATH} PKG_CONFIG_PATH=/home/yeap/APC_2022_Prac/airsimversion/autoware.ai/install/ros_observer/lib/x86_64-linux-gnu/pkgconfig:/home/yeap/APC_2022_Prac/airsimversion/autoware.ai/install/ros_observer/lib/pkgconfig:/home/yeap/APC_2022_Prac/airsimversion/autoware.ai/install/ds4_msgs/lib/x86_64-linux-gnu/pkgconfig:/home/yeap/APC_2022_Prac/airsimversion/autoware.ai/install/ds4_msgs/lib/pkgconfig:/home/yeap/APC_2022_Prac/airsimversion/autoware.ai/install/autoware_msgs/lib/x86_64-linux-gnu/pkgconfig:/home/yeap/APC_2022_Prac/airsimversion/autoware.ai/install/autoware_msgs/lib/pkgconfig:/home/yeap/APC_2022_Prac/airsimversion/autoware.ai/install/autoware_build_flags/lib/x86_64-linux-gnu/pkgconfig:/home/yeap/APC_2022_Prac/airsimversion/autoware.ai/install/autoware_build_flags/lib/pkgconfig:${PKG_CONFIG_PATH} PYTHONPATH=/home/yeap/APC_2022_Prac/airsimversion/autoware.ai/install/ds4_msgs/lib/python2.7/dist-packages:/home/yeap/APC_2022_Prac/airsimversion/autoware.ai/install/autoware_msgs/lib/python2.7/dist-packages:${PYTHONPATH} ROS_PACKAGE_PATH=/home/yeap/APC_2022_Prac/airsimversion/autoware.ai/install/ros_observer/share:/home/yeap/APC_2022_Prac/airsimversion/autoware.ai/install/ds4_msgs/share:/home/yeap/APC_2022_Prac/airsimversion/autoware.ai/install/autoware_msgs/share:/home/yeap/APC_2022_Prac/airsimversion/autoware.ai/install/autoware_build_flags/share:${ROS_PACKAGE_PATH} /usr/bin/cmake --build /home/yeap/APC_2022_Prac/airsimversion/autoware.ai/build/ymc --target tests -- -j6 -l6
[12.075s] Invoking command in '/home/yeap/APC_2022_Prac/airsimversion/autoware.ai/build/ymc': CMAKE_PREFIX_PATH=/home/yeap/APC_2022_Prac/airsimversion/autoware.ai/install/ros_observer:/home/yeap/APC_2022_Prac/airsimversion/autoware.ai/install/ds4_msgs:/home/yeap/APC_2022_Prac/airsimversion/autoware.ai/install/autoware_msgs:/home/yeap/APC_2022_Prac/airsimversion/autoware.ai/install/autoware_build_flags:${CMAKE_PREFIX_PATH} LD_LIBRARY_PATH=/home/yeap/APC_2022_Prac/airsimversion/autoware.ai/install/ros_observer/lib:${LD_LIBRARY_PATH} PKG_CONFIG_PATH=/home/yeap/APC_2022_Prac/airsimversion/autoware.ai/install/ros_observer/lib/x86_64-linux-gnu/pkgconfig:/home/yeap/APC_2022_Prac/airsimversion/autoware.ai/install/ros_observer/lib/pkgconfig:/home/yeap/APC_2022_Prac/airsimversion/autoware.ai/install/ds4_msgs/lib/x86_64-linux-gnu/pkgconfig:/home/yeap/APC_2022_Prac/airsimversion/autoware.ai/install/ds4_msgs/lib/pkgconfig:/home/yeap/APC_2022_Prac/airsimversion/autoware.ai/install/autoware_msgs/lib/x86_64-linux-gnu/pkgconfig:/home/yeap/APC_2022_Prac/airsimversion/autoware.ai/install/autoware_msgs/lib/pkgconfig:/home/yeap/APC_2022_Prac/airsimversion/autoware.ai/install/autoware_build_flags/lib/x86_64-linux-gnu/pkgconfig:/home/yeap/APC_2022_Prac/airsimversion/autoware.ai/install/autoware_build_flags/lib/pkgconfig:${PKG_CONFIG_PATH} PYTHONPATH=/home/yeap/APC_2022_Prac/airsimversion/autoware.ai/install/ds4_msgs/lib/python2.7/dist-packages:/home/yeap/APC_2022_Prac/airsimversion/autoware.ai/install/autoware_msgs/lib/python2.7/dist-packages:${PYTHONPATH} ROS_PACKAGE_PATH=/home/yeap/APC_2022_Prac/airsimversion/autoware.ai/install/ros_observer/share:/home/yeap/APC_2022_Prac/airsimversion/autoware.ai/install/ds4_msgs/share:/home/yeap/APC_2022_Prac/airsimversion/autoware.ai/install/autoware_msgs/share:/home/yeap/APC_2022_Prac/airsimversion/autoware.ai/install/autoware_build_flags/share:${ROS_PACKAGE_PATH} /usr/bin/cmake --build /home/yeap/APC_2022_Prac/airsimversion/autoware.ai/build/ymc --target install -- -j6 -l6
[12.135s] [  0%] Built target jsk_footstep_msgs_generate_messages_cpp
[12.158s] [  0%] Built target roscpp_generate_messages_lisp
[12.182s] [  0%] Built target ds4_msgs_generate_messages_py
[12.205s] [  0%] Built target ds4_msgs_generate_messages_eus
[12.229s] [  0%] Built target ds4_msgs_generate_messages_cpp
[12.252s] [  0%] Built target actionlib_msgs_generate_messages_lisp
[12.276s] [  0%] Built target actionlib_msgs_generate_messages_cpp
[12.300s] [  0%] Built target jsk_footstep_msgs_generate_messages_nodejs
[12.324s] [  0%] Built target jsk_footstep_msgs_generate_messages_lisp
[12.348s] [  0%] Built target ds4_msgs_generate_messages_nodejs
[12.372s] [  0%] Built target actionlib_msgs_generate_messages_py
[12.396s] [  0%] Built target jsk_footstep_msgs_generate_messages_eus
[12.419s] [  0%] Built target autoware_msgs_generate_messages_nodejs
[12.443s] [  0%] Built target ds4_msgs_generate_messages_lisp
[12.466s] [  0%] Built target std_msgs_generate_messages_eus
[12.490s] [  0%] Built target pcl_msgs_generate_messages_lisp
[12.513s] [  0%] Built target actionlib_msgs_generate_messages_eus
[12.537s] [  0%] Built target autoware_msgs_generate_messages_lisp
[12.561s] [  0%] Built target autoware_msgs_generate_messages_eus
[12.585s] [  0%] Built target jsk_recognition_msgs_generate_messages_cpp
[12.609s] [  0%] Built target pcl_msgs_generate_messages_cpp
[12.632s] [  0%] Built target geometry_msgs_generate_messages_cpp
[12.655s] [  0%] Built target geometry_msgs_generate_messages_lisp
[12.678s] [  0%] Built target pcl_msgs_generate_messages_py
[12.702s] [  0%] Built target roscpp_generate_messages_nodejs
[12.728s] [  0%] Built target roscpp_generate_messages_eus
[12.750s] [  0%] Built target geometry_msgs_generate_messages_eus
[12.773s] [  0%] Built target actionlib_msgs_generate_messages_nodejs
[12.795s] [  0%] Built target jsk_footstep_msgs_generate_messages_py
[12.818s] [  0%] Built target std_msgs_generate_messages_cpp
[12.840s] [  0%] Built target geometry_msgs_generate_messages_nodejs
[12.863s] [  0%] Built target sensor_msgs_generate_messages_py
[12.885s] [  0%] Built target sensor_msgs_generate_messages_lisp
[12.908s] [  0%] Built target jsk_recognition_msgs_generate_messages_py
[12.931s] [  0%] Built target pcl_msgs_generate_messages_nodejs
[12.955s] [  0%] Built target rosgraph_msgs_generate_messages_cpp
[12.979s] [  0%] Built target autoware_msgs_generate_messages_cpp
[13.002s] [  0%] Built target std_msgs_generate_messages_lisp
[13.026s] [  0%] Built target sensor_msgs_generate_messages_cpp
[13.051s] [  0%] Built target _catkin_empty_exported_target
[13.077s] [  0%] Built target sensor_msgs_generate_messages_eus
[13.102s] [  0%] Built target std_msgs_generate_messages_nodejs
[13.127s] [  0%] Built target autoware_msgs_generate_messages_py
[13.152s] [  0%] Built target std_msgs_generate_messages_py
[13.177s] [  0%] Built target jsk_recognition_msgs_generate_messages_eus
[13.205s] [  0%] Built target jsk_recognition_msgs_generate_messages_lisp
[13.228s] [  0%] Built target rosgraph_msgs_generate_messages_eus
[13.251s] [  0%] Built target jsk_recognition_msgs_generate_messages_nodejs
[13.275s] [  0%] Built target pcl_msgs_generate_messages_eus
[13.298s] [  0%] Built target roscpp_generate_messages_cpp
[13.321s] [  0%] Built target sensor_msgs_generate_messages_nodejs
[13.344s] [  0%] Built target geometry_msgs_generate_messages_py
[13.368s] [  0%] Built target roscpp_generate_messages_py
[13.392s] [  0%] Built target rosgraph_msgs_generate_messages_lisp
[13.416s] [  0%] Built target rosgraph_msgs_generate_messages_nodejs
[13.439s] [  0%] Built target rosgraph_msgs_generate_messages_py
[13.469s] [100%] Built target g30esli_interface
[13.493s] [36mInstall the project...[0m
[13.503s] -- Install configuration: "Release"
[13.504s] -- Installing: /home/yeap/APC_2022_Prac/airsimversion/autoware.ai/install/ymc/lib/pkgconfig/ymc.pc
[13.505s] -- Installing: /home/yeap/APC_2022_Prac/airsimversion/autoware.ai/install/ymc/share/ymc/cmake/ymcConfig.cmake
[13.505s] -- Installing: /home/yeap/APC_2022_Prac/airsimversion/autoware.ai/install/ymc/share/ymc/cmake/ymcConfig-version.cmake
[13.505s] -- Installing: /home/yeap/APC_2022_Prac/airsimversion/autoware.ai/install/ymc/share/ymc/package.xml
[13.506s] -- Installing: /home/yeap/APC_2022_Prac/airsimversion/autoware.ai/install/ymc/lib/ymc/g30esli_interface
[13.507s] -- Set runtime path of "/home/yeap/APC_2022_Prac/airsimversion/autoware.ai/install/ymc/lib/ymc/g30esli_interface" to ""
[13.507s] -- Installing: /home/yeap/APC_2022_Prac/airsimversion/autoware.ai/install/ymc/share/ymc/launch
[13.508s] -- Installing: /home/yeap/APC_2022_Prac/airsimversion/autoware.ai/install/ymc/share/ymc/launch/g30esli_interface.launch
[13.509s] -- Installing: /home/yeap/APC_2022_Prac/airsimversion/autoware.ai/install/ymc/share/ymc/scripts
[13.510s] -- Installing: /home/yeap/APC_2022_Prac/airsimversion/autoware.ai/install/ymc/share/ymc/scripts/canset
[13.517s] Invoked command in '/home/yeap/APC_2022_Prac/airsimversion/autoware.ai/build/ymc' returned '0': CMAKE_PREFIX_PATH=/home/yeap/APC_2022_Prac/airsimversion/autoware.ai/install/ros_observer:/home/yeap/APC_2022_Prac/airsimversion/autoware.ai/install/ds4_msgs:/home/yeap/APC_2022_Prac/airsimversion/autoware.ai/install/autoware_msgs:/home/yeap/APC_2022_Prac/airsimversion/autoware.ai/install/autoware_build_flags:${CMAKE_PREFIX_PATH} LD_LIBRARY_PATH=/home/yeap/APC_2022_Prac/airsimversion/autoware.ai/install/ros_observer/lib:${LD_LIBRARY_PATH} PKG_CONFIG_PATH=/home/yeap/APC_2022_Prac/airsimversion/autoware.ai/install/ros_observer/lib/x86_64-linux-gnu/pkgconfig:/home/yeap/APC_2022_Prac/airsimversion/autoware.ai/install/ros_observer/lib/pkgconfig:/home/yeap/APC_2022_Prac/airsimversion/autoware.ai/install/ds4_msgs/lib/x86_64-linux-gnu/pkgconfig:/home/yeap/APC_2022_Prac/airsimversion/autoware.ai/install/ds4_msgs/lib/pkgconfig:/home/yeap/APC_2022_Prac/airsimversion/autoware.ai/install/autoware_msgs/lib/x86_64-linux-gnu/pkgconfig:/home/yeap/APC_2022_Prac/airsimversion/autoware.ai/install/autoware_msgs/lib/pkgconfig:/home/yeap/APC_2022_Prac/airsimversion/autoware.ai/install/autoware_build_flags/lib/x86_64-linux-gnu/pkgconfig:/home/yeap/APC_2022_Prac/airsimversion/autoware.ai/install/autoware_build_flags/lib/pkgconfig:${PKG_CONFIG_PATH} PYTHONPATH=/home/yeap/APC_2022_Prac/airsimversion/autoware.ai/install/ds4_msgs/lib/python2.7/dist-packages:/home/yeap/APC_2022_Prac/airsimversion/autoware.ai/install/autoware_msgs/lib/python2.7/dist-packages:${PYTHONPATH} ROS_PACKAGE_PATH=/home/yeap/APC_2022_Prac/airsimversion/autoware.ai/install/ros_observer/share:/home/yeap/APC_2022_Prac/airsimversion/autoware.ai/install/ds4_msgs/share:/home/yeap/APC_2022_Prac/airsimversion/autoware.ai/install/autoware_msgs/share:/home/yeap/APC_2022_Prac/airsimversion/autoware.ai/install/autoware_build_flags/share:${ROS_PACKAGE_PATH} /usr/bin/cmake --build /home/yeap/APC_2022_Prac/airsimversion/autoware.ai/build/ymc --target install -- -j6 -l6
