[0.016s] Invoking command in '/home/yeap/APC_2022_Prac/airsimversion/autoware.ai/build/sick_ldmrs_driver': CMAKE_PREFIX_PATH=/home/yeap/APC_2022_Prac/airsimversion/autoware.ai/install/sick_ldmrs_msgs:/home/yeap/APC_2022_Prac/airsimversion/autoware.ai/install/sick_ldmrs_description:${CMAKE_PREFIX_PATH} PKG_CONFIG_PATH=/home/yeap/APC_2022_Prac/airsimversion/autoware.ai/install/sick_ldmrs_msgs/lib/x86_64-linux-gnu/pkgconfig:/home/yeap/APC_2022_Prac/airsimversion/autoware.ai/install/sick_ldmrs_msgs/lib/pkgconfig:/home/yeap/APC_2022_Prac/airsimversion/autoware.ai/install/sick_ldmrs_description/lib/x86_64-linux-gnu/pkgconfig:/home/yeap/APC_2022_Prac/airsimversion/autoware.ai/install/sick_ldmrs_description/lib/pkgconfig:${PKG_CONFIG_PATH} PYTHONPATH=/home/yeap/APC_2022_Prac/airsimversion/autoware.ai/install/sick_ldmrs_msgs/lib/python2.7/dist-packages:${PYTHONPATH} ROS_PACKAGE_PATH=/home/yeap/APC_2022_Prac/airsimversion/autoware.ai/install/sick_ldmrs_msgs/share:/home/yeap/APC_2022_Prac/airsimversion/autoware.ai/install/sick_ldmrs_description/share:${ROS_PACKAGE_PATH} /usr/bin/cmake /home/yeap/APC_2022_Prac/airsimversion/autoware.ai/src/drivers/awf_drivers/sick_ldmrs_driver -DCMAKE_BUILD_TYPE=Release -DCATKIN_INSTALL_INTO_PREFIX_ROOT=0 -DCMAKE_INSTALL_PREFIX=/home/yeap/APC_2022_Prac/airsimversion/autoware.ai/install/sick_ldmrs_driver
[0.092s] -- The C compiler identification is GNU 7.5.0
[0.153s] -- The CXX compiler identification is GNU 7.5.0
[0.158s] -- Check for working C compiler: /usr/bin/cc
[0.234s] -- Check for working C compiler: /usr/bin/cc -- works
[0.234s] -- Detecting C compiler ABI info
[0.304s] -- Detecting C compiler ABI info - done
[0.314s] -- Detecting C compile features
[0.548s] -- Detecting C compile features - done
[0.552s] -- Check for working CXX compiler: /usr/bin/c++
[0.640s] -- Check for working CXX compiler: /usr/bin/c++ -- works
[0.641s] -- Detecting CXX compiler ABI info
[0.736s] -- Detecting CXX compiler ABI info - done
[0.746s] -- Detecting CXX compile features
[1.132s] -- Detecting CXX compile features - done
[1.135s] -- Using CATKIN_DEVEL_PREFIX: /home/yeap/APC_2022_Prac/airsimversion/autoware.ai/build/sick_ldmrs_driver/devel
[1.135s] -- Using CMAKE_PREFIX_PATH: /home/yeap/APC_2022_Prac/airsimversion/autoware.ai/install/sick_ldmrs_msgs;/home/yeap/APC_2022_Prac/airsimversion/autoware.ai/install/sick_ldmrs_description;/opt/ros/melodic
[1.135s] -- This workspace overlays: /home/yeap/APC_2022_Prac/airsimversion/autoware.ai/install/sick_ldmrs_msgs;/home/yeap/APC_2022_Prac/airsimversion/autoware.ai/install/sick_ldmrs_description;/opt/ros/melodic
[1.152s] -- Found PythonInterp: /usr/bin/python2 (found suitable version "2.7.17", minimum required is "2") 
[1.153s] -- Using PYTHON_EXECUTABLE: /usr/bin/python2
[1.153s] -- Using Debian Python package layout
[1.154s] -- Using empy: /usr/bin/empy
[1.342s] -- Using CATKIN_ENABLE_TESTING: ON
[1.343s] -- Call enable_testing()
[1.345s] -- Using CATKIN_TEST_RESULTS_DIR: /home/yeap/APC_2022_Prac/airsimversion/autoware.ai/build/sick_ldmrs_driver/test_results
[1.370s] -- Found gtest sources under '/usr/src/googletest': gtests will be built
[1.370s] -- Found gmock sources under '/usr/src/googletest': gmock will be built
[1.387s] -- Found PythonInterp: /usr/bin/python2 (found version "2.7.17") 
[1.391s] -- Looking for pthread.h
[1.464s] -- Looking for pthread.h - found
[1.466s] -- Looking for pthread_create
[1.548s] -- Looking for pthread_create - not found
[1.549s] -- Looking for pthread_create in pthreads
[1.614s] -- Looking for pthread_create in pthreads - not found
[1.615s] -- Looking for pthread_create in pthread
[1.694s] -- Looking for pthread_create in pthread - found
[1.696s] -- Found Threads: TRUE  
[1.701s] -- Using Python nosetests: /usr/bin/nosetests-2.7
[1.752s] -- catkin 0.7.29
[1.753s] -- BUILD_SHARED_LIBS is on
[2.202s] -- Using these message generators: gencpp;geneus;genlisp;gennodejs;genpy
[2.396s] -- Boost version: 1.65.1
[2.396s] -- Found the following Boost libraries:
[2.396s] --   system
[2.571s] -- Configuring done
[2.669s] -- Generating done
[2.682s] -- Build files have been written to: /home/yeap/APC_2022_Prac/airsimversion/autoware.ai/build/sick_ldmrs_driver
[2.690s] Invoked command in '/home/yeap/APC_2022_Prac/airsimversion/autoware.ai/build/sick_ldmrs_driver' returned '0': CMAKE_PREFIX_PATH=/home/yeap/APC_2022_Prac/airsimversion/autoware.ai/install/sick_ldmrs_msgs:/home/yeap/APC_2022_Prac/airsimversion/autoware.ai/install/sick_ldmrs_description:${CMAKE_PREFIX_PATH} PKG_CONFIG_PATH=/home/yeap/APC_2022_Prac/airsimversion/autoware.ai/install/sick_ldmrs_msgs/lib/x86_64-linux-gnu/pkgconfig:/home/yeap/APC_2022_Prac/airsimversion/autoware.ai/install/sick_ldmrs_msgs/lib/pkgconfig:/home/yeap/APC_2022_Prac/airsimversion/autoware.ai/install/sick_ldmrs_description/lib/x86_64-linux-gnu/pkgconfig:/home/yeap/APC_2022_Prac/airsimversion/autoware.ai/install/sick_ldmrs_description/lib/pkgconfig:${PKG_CONFIG_PATH} PYTHONPATH=/home/yeap/APC_2022_Prac/airsimversion/autoware.ai/install/sick_ldmrs_msgs/lib/python2.7/dist-packages:${PYTHONPATH} ROS_PACKAGE_PATH=/home/yeap/APC_2022_Prac/airsimversion/autoware.ai/install/sick_ldmrs_msgs/share:/home/yeap/APC_2022_Prac/airsimversion/autoware.ai/install/sick_ldmrs_description/share:${ROS_PACKAGE_PATH} /usr/bin/cmake /home/yeap/APC_2022_Prac/airsimversion/autoware.ai/src/drivers/awf_drivers/sick_ldmrs_driver -DCMAKE_BUILD_TYPE=Release -DCATKIN_INSTALL_INTO_PREFIX_ROOT=0 -DCMAKE_INSTALL_PREFIX=/home/yeap/APC_2022_Prac/airsimversion/autoware.ai/install/sick_ldmrs_driver
[2.694s] Invoking command in '/home/yeap/APC_2022_Prac/airsimversion/autoware.ai/build/sick_ldmrs_driver': CMAKE_PREFIX_PATH=/home/yeap/APC_2022_Prac/airsimversion/autoware.ai/install/sick_ldmrs_msgs:/home/yeap/APC_2022_Prac/airsimversion/autoware.ai/install/sick_ldmrs_description:${CMAKE_PREFIX_PATH} PKG_CONFIG_PATH=/home/yeap/APC_2022_Prac/airsimversion/autoware.ai/install/sick_ldmrs_msgs/lib/x86_64-linux-gnu/pkgconfig:/home/yeap/APC_2022_Prac/airsimversion/autoware.ai/install/sick_ldmrs_msgs/lib/pkgconfig:/home/yeap/APC_2022_Prac/airsimversion/autoware.ai/install/sick_ldmrs_description/lib/x86_64-linux-gnu/pkgconfig:/home/yeap/APC_2022_Prac/airsimversion/autoware.ai/install/sick_ldmrs_description/lib/pkgconfig:${PKG_CONFIG_PATH} PYTHONPATH=/home/yeap/APC_2022_Prac/airsimversion/autoware.ai/install/sick_ldmrs_msgs/lib/python2.7/dist-packages:${PYTHONPATH} ROS_PACKAGE_PATH=/home/yeap/APC_2022_Prac/airsimversion/autoware.ai/install/sick_ldmrs_msgs/share:/home/yeap/APC_2022_Prac/airsimversion/autoware.ai/install/sick_ldmrs_description/share:${ROS_PACKAGE_PATH} /usr/bin/cmake --build /home/yeap/APC_2022_Prac/airsimversion/autoware.ai/build/sick_ldmrs_driver -- -j6 -l6
[2.750s] [35m[1mScanning dependencies of target sick_ldmrs_driver_gencfg[0m
[2.765s] [  1%] [34m[1mGenerating dynamic reconfigure files from cfg/SickLDMRSDriver.cfg: /home/yeap/APC_2022_Prac/airsimversion/autoware.ai/build/sick_ldmrs_driver/devel/include/sick_ldmrs_driver/SickLDMRSDriverConfig.h /home/yeap/APC_2022_Prac/airsimversion/autoware.ai/build/sick_ldmrs_driver/devel/lib/python2.7/dist-packages/sick_ldmrs_driver/cfg/SickLDMRSDriverConfig.py[0m
[2.820s] Generating reconfiguration files for SickLDMRSDriver in sick_ldmrs_driver
[2.826s] Wrote header file in /home/yeap/APC_2022_Prac/airsimversion/autoware.ai/build/sick_ldmrs_driver/devel/include/sick_ldmrs_driver/SickLDMRSDriverConfig.h
[2.887s] [  1%] Built target sick_ldmrs_driver_gencfg
[2.899s] [35m[1mScanning dependencies of target actionlib_generate_messages_eus[0m
[2.912s] [  1%] Built target actionlib_generate_messages_eus
[2.928s] [35m[1mScanning dependencies of target geometry_msgs_generate_messages_cpp[0m
[2.941s] [  1%] Built target geometry_msgs_generate_messages_cpp
[2.954s] [35m[1mScanning dependencies of target actionlib_generate_messages_lisp[0m
[2.965s] [  1%] Built target actionlib_generate_messages_lisp
[2.978s] [35m[1mScanning dependencies of target pcl_msgs_generate_messages_lisp[0m
[2.991s] [  1%] Built target pcl_msgs_generate_messages_lisp
[3.003s] [35m[1mScanning dependencies of target tf_generate_messages_cpp[0m
[3.015s] [  1%] Built target tf_generate_messages_cpp
[3.027s] [35m[1mScanning dependencies of target actionlib_generate_messages_nodejs[0m
[3.040s] [  1%] Built target actionlib_generate_messages_nodejs
[3.053s] [35m[1mScanning dependencies of target tf2_msgs_generate_messages_py[0m
[3.065s] [  1%] Built target tf2_msgs_generate_messages_py
[3.078s] [35m[1mScanning dependencies of target sick_ldmrs_msgs_generate_messages_py[0m
[3.091s] [  1%] Built target sick_ldmrs_msgs_generate_messages_py
[3.104s] [35m[1mScanning dependencies of target actionlib_generate_messages_py[0m
[3.116s] [  1%] Built target actionlib_generate_messages_py
[3.129s] [35m[1mScanning dependencies of target tf_generate_messages_eus[0m
[3.141s] [  1%] Built target tf_generate_messages_eus
[3.153s] [35m[1mScanning dependencies of target actionlib_msgs_generate_messages_cpp[0m
[3.166s] [  1%] Built target actionlib_msgs_generate_messages_cpp
[3.178s] [35m[1mScanning dependencies of target roscpp_generate_messages_eus[0m
[3.191s] [  1%] Built target roscpp_generate_messages_eus
[3.203s] [35m[1mScanning dependencies of target rosgraph_msgs_generate_messages_py[0m
[3.215s] [  1%] Built target rosgraph_msgs_generate_messages_py
[3.227s] [35m[1mScanning dependencies of target actionlib_msgs_generate_messages_eus[0m
[3.239s] [  1%] Built target actionlib_msgs_generate_messages_eus
[3.251s] [35m[1mScanning dependencies of target actionlib_msgs_generate_messages_py[0m
[3.263s] [  1%] Built target actionlib_msgs_generate_messages_py
[3.275s] [35m[1mScanning dependencies of target tf2_msgs_generate_messages_cpp[0m
[3.288s] [  1%] Built target tf2_msgs_generate_messages_cpp
[3.300s] [35m[1mScanning dependencies of target tf2_msgs_generate_messages_eus[0m
[3.313s] [  1%] Built target tf2_msgs_generate_messages_eus
[3.325s] [35m[1mScanning dependencies of target tf2_msgs_generate_messages_nodejs[0m
[3.337s] [  1%] Built target tf2_msgs_generate_messages_nodejs
[3.349s] [35m[1mScanning dependencies of target std_msgs_generate_messages_eus[0m
[3.361s] [  1%] Built target std_msgs_generate_messages_eus
[3.374s] [35m[1mScanning dependencies of target sick_ldmrs_msgs_generate_messages_lisp[0m
[3.387s] [  1%] Built target sick_ldmrs_msgs_generate_messages_lisp
[3.399s] [35m[1mScanning dependencies of target pcl_msgs_generate_messages_eus[0m
[3.412s] [  1%] Built target pcl_msgs_generate_messages_eus
[3.423s] [35m[1mScanning dependencies of target pcl_msgs_generate_messages_cpp[0m
[3.436s] [  1%] Built target pcl_msgs_generate_messages_cpp
[3.449s] [35m[1mScanning dependencies of target dynamic_reconfigure_generate_messages_lisp[0m
[3.461s] [  1%] Built target dynamic_reconfigure_generate_messages_lisp
[3.473s] [35m[1mScanning dependencies of target dynamic_reconfigure_generate_messages_py[0m
[3.486s] [  1%] Built target dynamic_reconfigure_generate_messages_py
[3.498s] [35m[1mScanning dependencies of target diagnostic_msgs_generate_messages_nodejs[0m
[3.510s] [  1%] Built target diagnostic_msgs_generate_messages_nodejs
[3.522s] [35m[1mScanning dependencies of target rosgraph_msgs_generate_messages_lisp[0m
[3.534s] [  1%] Built target rosgraph_msgs_generate_messages_lisp
[3.546s] [35m[1mScanning dependencies of target rosgraph_msgs_generate_messages_eus[0m
[3.558s] [  1%] Built target rosgraph_msgs_generate_messages_eus
[3.570s] [35m[1mScanning dependencies of target dynamic_reconfigure_generate_messages_nodejs[0m
[3.583s] [  1%] Built target dynamic_reconfigure_generate_messages_nodejs
[3.596s] [35m[1mScanning dependencies of target rosgraph_msgs_generate_messages_cpp[0m
[3.607s] [  1%] Built target rosgraph_msgs_generate_messages_cpp
[3.620s] [35m[1mScanning dependencies of target roscpp_generate_messages_py[0m
[3.632s] [  1%] Built target roscpp_generate_messages_py
[3.645s] [35m[1mScanning dependencies of target roscpp_generate_messages_lisp[0m
[3.657s] [  1%] Built target roscpp_generate_messages_lisp
[3.669s] [35m[1mScanning dependencies of target geometry_msgs_generate_messages_eus[0m
[3.682s] [  1%] Built target geometry_msgs_generate_messages_eus
[3.695s] [35m[1mScanning dependencies of target pcl_msgs_generate_messages_nodejs[0m
[3.707s] [  1%] Built target pcl_msgs_generate_messages_nodejs
[3.719s] [35m[1mScanning dependencies of target sensor_msgs_generate_messages_lisp[0m
[3.731s] [  1%] Built target sensor_msgs_generate_messages_lisp
[3.743s] [35m[1mScanning dependencies of target std_msgs_generate_messages_cpp[0m
[3.755s] [  1%] Built target std_msgs_generate_messages_cpp
[3.774s] [35m[1mScanning dependencies of target actionlib_msgs_generate_messages_nodejs[0m
[3.786s] [  1%] Built target actionlib_msgs_generate_messages_nodejs
[3.797s] [35m[1mScanning dependencies of target rosgraph_msgs_generate_messages_nodejs[0m
[3.809s] [  1%] Built target rosgraph_msgs_generate_messages_nodejs
[3.820s] [35m[1mScanning dependencies of target actionlib_msgs_generate_messages_lisp[0m
[3.831s] [  1%] Built target actionlib_msgs_generate_messages_lisp
[3.842s] [35m[1mScanning dependencies of target diagnostic_msgs_generate_messages_eus[0m
[3.854s] [  1%] Built target diagnostic_msgs_generate_messages_eus
[3.865s] [35m[1mScanning dependencies of target diagnostic_msgs_generate_messages_lisp[0m
[3.877s] [  1%] Built target diagnostic_msgs_generate_messages_lisp
[3.888s] [35m[1mScanning dependencies of target dynamic_reconfigure_generate_messages_eus[0m
[3.900s] [  1%] Built target dynamic_reconfigure_generate_messages_eus
[3.911s] [35m[1mScanning dependencies of target sick_ldmrs_msgs_generate_messages_nodejs[0m
[3.922s] [  1%] Built target sick_ldmrs_msgs_generate_messages_nodejs
[3.933s] [35m[1mScanning dependencies of target diagnostic_msgs_generate_messages_py[0m
[3.944s] [  1%] Built target diagnostic_msgs_generate_messages_py
[3.955s] [35m[1mScanning dependencies of target roscpp_generate_messages_nodejs[0m
[3.967s] [  1%] Built target roscpp_generate_messages_nodejs
[3.980s] [35m[1mScanning dependencies of target std_msgs_generate_messages_lisp[0m
[3.991s] [  1%] Built target std_msgs_generate_messages_lisp
[4.002s] [35m[1mScanning dependencies of target std_msgs_generate_messages_nodejs[0m
[4.012s] [  1%] Built target std_msgs_generate_messages_nodejs
[4.023s] [35m[1mScanning dependencies of target sick_ldmrs_msgs_generate_messages_eus[0m
[4.034s] [  1%] Built target sick_ldmrs_msgs_generate_messages_eus
[4.045s] [35m[1mScanning dependencies of target std_msgs_generate_messages_py[0m
[4.056s] [  1%] Built target std_msgs_generate_messages_py
[4.067s] [35m[1mScanning dependencies of target geometry_msgs_generate_messages_nodejs[0m
[4.079s] [  1%] Built target geometry_msgs_generate_messages_nodejs
[4.090s] [35m[1mScanning dependencies of target sensor_msgs_generate_messages_nodejs[0m
[4.101s] [  1%] Built target sensor_msgs_generate_messages_nodejs
[4.112s] [35m[1mScanning dependencies of target actionlib_generate_messages_cpp[0m
[4.123s] [  1%] Built target actionlib_generate_messages_cpp
[4.134s] [35m[1mScanning dependencies of target sensor_msgs_generate_messages_cpp[0m
[4.147s] [  1%] Built target sensor_msgs_generate_messages_cpp
[4.158s] [35m[1mScanning dependencies of target roscpp_generate_messages_cpp[0m
[4.170s] [  1%] Built target roscpp_generate_messages_cpp
[4.182s] [35m[1mScanning dependencies of target sensor_msgs_generate_messages_eus[0m
[4.194s] [  1%] Built target sensor_msgs_generate_messages_eus
[4.206s] [35m[1mScanning dependencies of target sensor_msgs_generate_messages_py[0m
[4.218s] [  1%] Built target sensor_msgs_generate_messages_py
[4.230s] [35m[1mScanning dependencies of target dynamic_reconfigure_generate_messages_cpp[0m
[4.242s] [  1%] Built target dynamic_reconfigure_generate_messages_cpp
[4.253s] [35m[1mScanning dependencies of target tf_generate_messages_py[0m
[4.265s] [  1%] Built target tf_generate_messages_py
[4.277s] [35m[1mScanning dependencies of target geometry_msgs_generate_messages_lisp[0m
[4.288s] [  1%] Built target geometry_msgs_generate_messages_lisp
[4.299s] [35m[1mScanning dependencies of target geometry_msgs_generate_messages_py[0m
[4.311s] [  1%] Built target geometry_msgs_generate_messages_py
[4.322s] [35m[1mScanning dependencies of target sick_ldmrs_msgs_generate_messages_cpp[0m
[4.334s] [  1%] Built target sick_ldmrs_msgs_generate_messages_cpp
[4.345s] [35m[1mScanning dependencies of target dynamic_reconfigure_gencfg[0m
[4.357s] [  1%] Built target dynamic_reconfigure_gencfg
[4.368s] [35m[1mScanning dependencies of target tf2_msgs_generate_messages_lisp[0m
[4.379s] [  1%] Built target tf2_msgs_generate_messages_lisp
[4.390s] [35m[1mScanning dependencies of target tf_generate_messages_lisp[0m
[4.401s] [  1%] Built target tf_generate_messages_lisp
[4.415s] [35m[1mScanning dependencies of target LDMRS_Example[0m
[4.450s] [  1%] [32mBuilding CXX object src/driver/src/CMakeFiles/LDMRS_Example.dir/application/LdmrsApp.cpp.o[0m
[4.953s] [  2%] [32mBuilding CXX object src/driver/src/CMakeFiles/LDMRS_Example.dir/application/LdmrsFieldApp.cpp.o[0m
[5.717s] [  3%] [32mBuilding CXX object src/driver/src/CMakeFiles/LDMRS_Example.dir/application/LdmrsSectorChangeApp.cpp.o[0m
[6.506s] [  4%] [32mBuilding CXX object src/driver/src/CMakeFiles/LDMRS_Example.dir/application/LdmrsNtpTimeApp.cpp.o[0m
[7.045s] [  5%] [32mBuilding CXX object src/driver/src/CMakeFiles/LDMRS_Example.dir/application/LdmrsScanpointCoordinateApp.cpp.o[0m
[7.632s] [  6%] [32mBuilding CXX object src/driver/src/CMakeFiles/LDMRS_Example.dir/application/BasicApplication.cpp.o[0m
[7.835s] [  6%] [32mBuilding CXX object src/driver/src/CMakeFiles/LDMRS_Example.dir/devices/BasicDevice.cpp.o[0m
[8.040s] [  7%] [32mBuilding CXX object src/driver/src/CMakeFiles/LDMRS_Example.dir/devices/LD_MRS.cpp.o[0m
[8.862s] [  8%] [32mBuilding CXX object src/driver/src/CMakeFiles/LDMRS_Example.dir/devices/LuxBase.cpp.o[0m
[10.609s] [  9%] [32mBuilding CXX object src/driver/src/CMakeFiles/LDMRS_Example.dir/sopas/LdmrsSopasLayer.cpp.o[0m
[12.798s] [ 10%] [32mBuilding CXX object src/driver/src/CMakeFiles/LDMRS_Example.dir/sopas/SopasBase.cpp.o[0m
[14.589s] [ 12%] [32mBuilding CXX object src/driver/src/CMakeFiles/LDMRS_Example.dir/sopas/colaa.cpp.o[0m
[15.111s] [ 13%] [32mBuilding CXX object src/driver/src/CMakeFiles/LDMRS_Example.dir/sopas/colab.cpp.o[0m
[15.338s] [ 13%] [32mBuilding CXX object src/driver/src/CMakeFiles/LDMRS_Example.dir/datatypes/Measurement.cpp.o[0m
[15.537s] [ 14%] [32mBuilding CXX object src/driver/src/CMakeFiles/LDMRS_Example.dir/datatypes/SensorStateInfo.cpp.o[0m
[16.385s] [ 15%] [32mBuilding CXX object src/driver/src/CMakeFiles/LDMRS_Example.dir/datatypes/Fields.cpp.o[0m
[16.927s] [ 16%] [32mBuilding CXX object src/driver/src/CMakeFiles/LDMRS_Example.dir/datatypes/FieldParameter.cpp.o[0m
[17.269s] [ 17%] [32mBuilding CXX object src/driver/src/CMakeFiles/LDMRS_Example.dir/datatypes/FieldDescription.cpp.o[0m
[17.565s] [ 18%] [32mBuilding CXX object src/driver/src/CMakeFiles/LDMRS_Example.dir/datatypes/EvalCase.cpp.o[0m
[17.829s] [ 18%] [32mBuilding CXX object src/driver/src/CMakeFiles/LDMRS_Example.dir/datatypes/EvalCases.cpp.o[0m
[18.053s] [ 19%] [32mBuilding CXX object src/driver/src/CMakeFiles/LDMRS_Example.dir/datatypes/EvalCaseResult.cpp.o[0m
[18.413s] [ 20%] [32mBuilding CXX object src/driver/src/CMakeFiles/LDMRS_Example.dir/datatypes/EvalCaseResults.cpp.o[0m
[18.763s] [ 21%] [32mBuilding CXX object src/driver/src/CMakeFiles/LDMRS_Example.dir/datatypes/Polygon2D.cpp.o[0m
[19.532s] [ 23%] [32mBuilding CXX object src/driver/src/CMakeFiles/LDMRS_Example.dir/datatypes/Polygon3D.cpp.o[0m
[20.104s] [ 24%] [32mBuilding CXX object src/driver/src/CMakeFiles/LDMRS_Example.dir/datatypes/Trigger.cpp.o[0m
[20.383s] [ 25%] [32mBuilding CXX object src/driver/src/CMakeFiles/LDMRS_Example.dir/datatypes/Point2D.cpp.o[0m
[20.672s] [ 25%] [32mBuilding CXX object src/driver/src/CMakeFiles/LDMRS_Example.dir/datatypes/Point3D.cpp.o[0m
[21.040s] [ 26%] [32mBuilding CXX object src/driver/src/CMakeFiles/LDMRS_Example.dir/datatypes/Position3D.cpp.o[0m
[21.434s] [ 27%] [32mBuilding CXX object src/driver/src/CMakeFiles/LDMRS_Example.dir/datatypes/PositionWGS84.cpp.o[0m
[22.000s] [ 28%] [32mBuilding CXX object src/driver/src/CMakeFiles/LDMRS_Example.dir/datatypes/Circle2D.cpp.o[0m
[22.283s] [ 29%] [32mBuilding CXX object src/driver/src/CMakeFiles/LDMRS_Example.dir/datatypes/Ellipse2D.cpp.o[0m
[22.658s] [ 30%] [32mBuilding CXX object src/driver/src/CMakeFiles/LDMRS_Example.dir/datatypes/Box2D.cpp.o[0m
[23.154s] [ 30%] [32mBuilding CXX object src/driver/src/CMakeFiles/LDMRS_Example.dir/datatypes/Line2D.cpp.o[0m
[23.599s] [ 31%] [32mBuilding CXX object src/driver/src/CMakeFiles/LDMRS_Example.dir/datatypes/Msg.cpp.o[0m
[23.861s] [ 32%] [32mBuilding CXX object src/driver/src/CMakeFiles/LDMRS_Example.dir/datatypes/Scan.cpp.o[0m
[24.667s] [ 34%] [32mBuilding CXX object src/driver/src/CMakeFiles/LDMRS_Example.dir/datatypes/ScanPoint.cpp.o[0m
[25.083s] [ 35%] [32mBuilding CXX object src/driver/src/CMakeFiles/LDMRS_Example.dir/datatypes/ScannerInfo.cpp.o[0m
[25.415s] [ 36%] [32mBuilding CXX object src/driver/src/CMakeFiles/LDMRS_Example.dir/datatypes/Object.cpp.o[0m
[26.184s] [ 37%] [32mBuilding CXX object src/driver/src/CMakeFiles/LDMRS_Example.dir/interfaces/tcp.cpp.o[0m
[26.653s] [ 37%] [32mBuilding CXX object src/driver/src/CMakeFiles/LDMRS_Example.dir/interfaces/file.cpp.o[0m
[27.118s] [ 38%] [32mBuilding CXX object src/driver/src/CMakeFiles/LDMRS_Example.dir/tools/errorhandler.cpp.o[0m
[27.312s] [ 39%] [32mBuilding CXX object src/driver/src/CMakeFiles/LDMRS_Example.dir/tools/SickThread.cpp.o[0m
[27.504s] [ 40%] [32mBuilding CXX object src/driver/src/CMakeFiles/LDMRS_Example.dir/tools/Mutex.cpp.o[0m
[27.706s] [ 41%] [32mBuilding CXX object src/driver/src/CMakeFiles/LDMRS_Example.dir/tools/toolbox.cpp.o[0m
[28.467s] [ 42%] [32mBuilding CXX object src/driver/src/CMakeFiles/LDMRS_Example.dir/tools/MathToolbox.cpp.o[0m
[28.739s] [ 42%] [32mBuilding CXX object src/driver/src/CMakeFiles/LDMRS_Example.dir/tools/BasicDataBuffer.cpp.o[0m
[28.971s] [ 43%] [32mBuilding CXX object src/driver/src/CMakeFiles/LDMRS_Example.dir/tools/Timer.cpp.o[0m
[29.213s] [ 45%] [32mBuilding CXX object src/driver/src/CMakeFiles/LDMRS_Example.dir/tools/Time.cpp.o[0m
[29.462s] [ 46%] [32mBuilding CXX object src/driver/src/CMakeFiles/LDMRS_Example.dir/tools/WatchdogTimer.cpp.o[0m
[29.671s] [ 47%] [32mBuilding CXX object src/driver/src/CMakeFiles/LDMRS_Example.dir/manager.cpp.o[0m
[30.792s] [ 48%] [32mBuilding CXX object src/driver/src/CMakeFiles/LDMRS_Example.dir/main.cpp.o[0m
[31.294s] [ 49%] [32m[1mLinking CXX executable LDMRS_Example[0m
[31.451s] [ 49%] Built target LDMRS_Example
[31.464s] [35m[1mScanning dependencies of target diagnostic_msgs_generate_messages_cpp[0m
[31.477s] [ 49%] Built target diagnostic_msgs_generate_messages_cpp
[31.489s] [35m[1mScanning dependencies of target pcl_msgs_generate_messages_py[0m
[31.503s] [ 49%] Built target pcl_msgs_generate_messages_py
[31.516s] [35m[1mScanning dependencies of target tf_generate_messages_nodejs[0m
[31.533s] [ 49%] Built target tf_generate_messages_nodejs
[31.551s] [35m[1mScanning dependencies of target sick_ldmrs[0m
[31.588s] [ 50%] [32mBuilding CXX object src/driver/src/CMakeFiles/sick_ldmrs.dir/application/LdmrsApp.cpp.o[0m
[32.196s] [ 51%] [32mBuilding CXX object src/driver/src/CMakeFiles/sick_ldmrs.dir/application/BasicApplication.cpp.o[0m
[32.541s] [ 52%] [32mBuilding CXX object src/driver/src/CMakeFiles/sick_ldmrs.dir/devices/BasicDevice.cpp.o[0m
[32.788s] [ 53%] [32mBuilding CXX object src/driver/src/CMakeFiles/sick_ldmrs.dir/devices/LD_MRS.cpp.o[0m
[33.782s] [ 54%] [32mBuilding CXX object src/driver/src/CMakeFiles/sick_ldmrs.dir/devices/LuxBase.cpp.o[0m
[35.884s] [ 54%] [32mBuilding CXX object src/driver/src/CMakeFiles/sick_ldmrs.dir/sopas/LdmrsSopasLayer.cpp.o[0m
[38.053s] [ 56%] [32mBuilding CXX object src/driver/src/CMakeFiles/sick_ldmrs.dir/sopas/SopasBase.cpp.o[0m
[39.734s] [ 57%] [32mBuilding CXX object src/driver/src/CMakeFiles/sick_ldmrs.dir/sopas/colaa.cpp.o[0m
[40.124s] [ 58%] [32mBuilding CXX object src/driver/src/CMakeFiles/sick_ldmrs.dir/sopas/colab.cpp.o[0m
[40.351s] [ 59%] [32mBuilding CXX object src/driver/src/CMakeFiles/sick_ldmrs.dir/datatypes/Measurement.cpp.o[0m
[40.546s] [ 60%] [32mBuilding CXX object src/driver/src/CMakeFiles/sick_ldmrs.dir/datatypes/SensorStateInfo.cpp.o[0m
[41.367s] [ 60%] [32mBuilding CXX object src/driver/src/CMakeFiles/sick_ldmrs.dir/datatypes/Fields.cpp.o[0m
[41.886s] [ 61%] [32mBuilding CXX object src/driver/src/CMakeFiles/sick_ldmrs.dir/datatypes/FieldParameter.cpp.o[0m
[42.238s] [ 62%] [32mBuilding CXX object src/driver/src/CMakeFiles/sick_ldmrs.dir/datatypes/FieldDescription.cpp.o[0m
[42.526s] [ 63%] [32mBuilding CXX object src/driver/src/CMakeFiles/sick_ldmrs.dir/datatypes/EvalCase.cpp.o[0m
[42.786s] [ 64%] [32mBuilding CXX object src/driver/src/CMakeFiles/sick_ldmrs.dir/datatypes/EvalCases.cpp.o[0m
[43.012s] [ 65%] [32mBuilding CXX object src/driver/src/CMakeFiles/sick_ldmrs.dir/datatypes/EvalCaseResult.cpp.o[0m
[43.357s] [ 67%] [32mBuilding CXX object src/driver/src/CMakeFiles/sick_ldmrs.dir/datatypes/EvalCaseResults.cpp.o[0m
[43.682s] [ 67%] [32mBuilding CXX object src/driver/src/CMakeFiles/sick_ldmrs.dir/datatypes/Polygon2D.cpp.o[0m
[44.367s] [ 68%] [32mBuilding CXX object src/driver/src/CMakeFiles/sick_ldmrs.dir/datatypes/Polygon3D.cpp.o[0m
[44.934s] [ 69%] [32mBuilding CXX object src/driver/src/CMakeFiles/sick_ldmrs.dir/datatypes/Trigger.cpp.o[0m
[45.215s] [ 70%] [32mBuilding CXX object src/driver/src/CMakeFiles/sick_ldmrs.dir/datatypes/Point2D.cpp.o[0m
[45.496s] [ 71%] [32mBuilding CXX object src/driver/src/CMakeFiles/sick_ldmrs.dir/datatypes/Point3D.cpp.o[0m
[45.861s] [ 72%] [32mBuilding CXX object src/driver/src/CMakeFiles/sick_ldmrs.dir/datatypes/Position3D.cpp.o[0m
[46.256s] [ 72%] [32mBuilding CXX object src/driver/src/CMakeFiles/sick_ldmrs.dir/datatypes/PositionWGS84.cpp.o[0m
[46.778s] [ 73%] [32mBuilding CXX object src/driver/src/CMakeFiles/sick_ldmrs.dir/datatypes/Circle2D.cpp.o[0m
[47.063s] [ 74%] [32mBuilding CXX object src/driver/src/CMakeFiles/sick_ldmrs.dir/datatypes/Ellipse2D.cpp.o[0m
[47.443s] [ 75%] [32mBuilding CXX object src/driver/src/CMakeFiles/sick_ldmrs.dir/datatypes/Box2D.cpp.o[0m
[47.945s] [ 76%] [32mBuilding CXX object src/driver/src/CMakeFiles/sick_ldmrs.dir/datatypes/Line2D.cpp.o[0m
[48.385s] [ 78%] [32mBuilding CXX object src/driver/src/CMakeFiles/sick_ldmrs.dir/datatypes/Msg.cpp.o[0m
[48.646s] [ 79%] [32mBuilding CXX object src/driver/src/CMakeFiles/sick_ldmrs.dir/datatypes/Scan.cpp.o[0m
[49.405s] [ 79%] [32mBuilding CXX object src/driver/src/CMakeFiles/sick_ldmrs.dir/datatypes/ScanPoint.cpp.o[0m
[49.792s] [ 80%] [32mBuilding CXX object src/driver/src/CMakeFiles/sick_ldmrs.dir/datatypes/ScannerInfo.cpp.o[0m
[50.115s] [ 81%] [32mBuilding CXX object src/driver/src/CMakeFiles/sick_ldmrs.dir/datatypes/Object.cpp.o[0m
[50.874s] [ 82%] [32mBuilding CXX object src/driver/src/CMakeFiles/sick_ldmrs.dir/interfaces/tcp.cpp.o[0m
[51.286s] [ 83%] [32mBuilding CXX object src/driver/src/CMakeFiles/sick_ldmrs.dir/interfaces/file.cpp.o[0m
[51.642s] [ 84%] [32mBuilding CXX object src/driver/src/CMakeFiles/sick_ldmrs.dir/tools/errorhandler.cpp.o[0m
[51.829s] [ 84%] [32mBuilding CXX object src/driver/src/CMakeFiles/sick_ldmrs.dir/tools/SickThread.cpp.o[0m
[51.984s] [ 85%] [32mBuilding CXX object src/driver/src/CMakeFiles/sick_ldmrs.dir/tools/Mutex.cpp.o[0m
[52.142s] [ 86%] [32mBuilding CXX object src/driver/src/CMakeFiles/sick_ldmrs.dir/tools/toolbox.cpp.o[0m
[52.755s] [ 87%] [32mBuilding CXX object src/driver/src/CMakeFiles/sick_ldmrs.dir/tools/MathToolbox.cpp.o[0m
[52.951s] [ 89%] [32mBuilding CXX object src/driver/src/CMakeFiles/sick_ldmrs.dir/tools/BasicDataBuffer.cpp.o[0m
[53.173s] [ 90%] [32mBuilding CXX object src/driver/src/CMakeFiles/sick_ldmrs.dir/tools/Timer.cpp.o[0m
[53.353s] [ 91%] [32mBuilding CXX object src/driver/src/CMakeFiles/sick_ldmrs.dir/tools/Time.cpp.o[0m
[53.594s] [ 91%] [32mBuilding CXX object src/driver/src/CMakeFiles/sick_ldmrs.dir/tools/WatchdogTimer.cpp.o[0m
[53.762s] [ 92%] [32mBuilding CXX object src/driver/src/CMakeFiles/sick_ldmrs.dir/manager.cpp.o[0m
[54.650s] [ 93%] [32mBuilding CXX object src/driver/src/CMakeFiles/sick_ldmrs.dir/main.cpp.o[0m
[55.070s] [ 94%] [32mBuilding CXX object src/driver/src/CMakeFiles/sick_ldmrs.dir/application/LdmrsScanpointCoordinateApp.cpp.o[0m
[55.651s] [ 95%] [32mBuilding CXX object src/driver/src/CMakeFiles/sick_ldmrs.dir/application/LdmrsNtpTimeApp.cpp.o[0m
[56.165s] [ 95%] [32mBuilding CXX object src/driver/src/CMakeFiles/sick_ldmrs.dir/application/LdmrsSectorChangeApp.cpp.o[0m
[56.948s] [ 96%] [32mBuilding CXX object src/driver/src/CMakeFiles/sick_ldmrs.dir/application/LdmrsFieldApp.cpp.o[0m
[57.713s] [ 97%] [32m[1mLinking CXX shared library libsick_ldmrs.so[0m
[57.870s] [ 97%] Built target sick_ldmrs
[57.882s] [35m[1mScanning dependencies of target sick_ldmrs_node[0m
[57.973s] [ 98%] [32mBuilding CXX object CMakeFiles/sick_ldmrs_node.dir/src/sick_ldmrs_node.cpp.o[0m
[70.259s] [100%] [32m[1mLinking CXX executable devel/lib/sick_ldmrs_driver/sick_ldmrs_node[0m
[70.594s] [100%] Built target sick_ldmrs_node
[70.611s] Invoked command in '/home/yeap/APC_2022_Prac/airsimversion/autoware.ai/build/sick_ldmrs_driver' returned '0': CMAKE_PREFIX_PATH=/home/yeap/APC_2022_Prac/airsimversion/autoware.ai/install/sick_ldmrs_msgs:/home/yeap/APC_2022_Prac/airsimversion/autoware.ai/install/sick_ldmrs_description:${CMAKE_PREFIX_PATH} PKG_CONFIG_PATH=/home/yeap/APC_2022_Prac/airsimversion/autoware.ai/install/sick_ldmrs_msgs/lib/x86_64-linux-gnu/pkgconfig:/home/yeap/APC_2022_Prac/airsimversion/autoware.ai/install/sick_ldmrs_msgs/lib/pkgconfig:/home/yeap/APC_2022_Prac/airsimversion/autoware.ai/install/sick_ldmrs_description/lib/x86_64-linux-gnu/pkgconfig:/home/yeap/APC_2022_Prac/airsimversion/autoware.ai/install/sick_ldmrs_description/lib/pkgconfig:${PKG_CONFIG_PATH} PYTHONPATH=/home/yeap/APC_2022_Prac/airsimversion/autoware.ai/install/sick_ldmrs_msgs/lib/python2.7/dist-packages:${PYTHONPATH} ROS_PACKAGE_PATH=/home/yeap/APC_2022_Prac/airsimversion/autoware.ai/install/sick_ldmrs_msgs/share:/home/yeap/APC_2022_Prac/airsimversion/autoware.ai/install/sick_ldmrs_description/share:${ROS_PACKAGE_PATH} /usr/bin/cmake --build /home/yeap/APC_2022_Prac/airsimversion/autoware.ai/build/sick_ldmrs_driver -- -j6 -l6
[70.708s] Invoking command in '/home/yeap/APC_2022_Prac/airsimversion/autoware.ai/build/sick_ldmrs_driver': CMAKE_PREFIX_PATH=/home/yeap/APC_2022_Prac/airsimversion/autoware.ai/install/sick_ldmrs_msgs:/home/yeap/APC_2022_Prac/airsimversion/autoware.ai/install/sick_ldmrs_description:${CMAKE_PREFIX_PATH} PKG_CONFIG_PATH=/home/yeap/APC_2022_Prac/airsimversion/autoware.ai/install/sick_ldmrs_msgs/lib/x86_64-linux-gnu/pkgconfig:/home/yeap/APC_2022_Prac/airsimversion/autoware.ai/install/sick_ldmrs_msgs/lib/pkgconfig:/home/yeap/APC_2022_Prac/airsimversion/autoware.ai/install/sick_ldmrs_description/lib/x86_64-linux-gnu/pkgconfig:/home/yeap/APC_2022_Prac/airsimversion/autoware.ai/install/sick_ldmrs_description/lib/pkgconfig:${PKG_CONFIG_PATH} PYTHONPATH=/home/yeap/APC_2022_Prac/airsimversion/autoware.ai/install/sick_ldmrs_msgs/lib/python2.7/dist-packages:${PYTHONPATH} ROS_PACKAGE_PATH=/home/yeap/APC_2022_Prac/airsimversion/autoware.ai/install/sick_ldmrs_msgs/share:/home/yeap/APC_2022_Prac/airsimversion/autoware.ai/install/sick_ldmrs_description/share:${ROS_PACKAGE_PATH} /usr/bin/cmake --build /home/yeap/APC_2022_Prac/airsimversion/autoware.ai/build/sick_ldmrs_driver --target tests -- -j6 -l6
[70.775s] [35m[1mScanning dependencies of target tests[0m
[70.787s] Built target tests
[70.803s] Invoked command in '/home/yeap/APC_2022_Prac/airsimversion/autoware.ai/build/sick_ldmrs_driver' returned '0': CMAKE_PREFIX_PATH=/home/yeap/APC_2022_Prac/airsimversion/autoware.ai/install/sick_ldmrs_msgs:/home/yeap/APC_2022_Prac/airsimversion/autoware.ai/install/sick_ldmrs_description:${CMAKE_PREFIX_PATH} PKG_CONFIG_PATH=/home/yeap/APC_2022_Prac/airsimversion/autoware.ai/install/sick_ldmrs_msgs/lib/x86_64-linux-gnu/pkgconfig:/home/yeap/APC_2022_Prac/airsimversion/autoware.ai/install/sick_ldmrs_msgs/lib/pkgconfig:/home/yeap/APC_2022_Prac/airsimversion/autoware.ai/install/sick_ldmrs_description/lib/x86_64-linux-gnu/pkgconfig:/home/yeap/APC_2022_Prac/airsimversion/autoware.ai/install/sick_ldmrs_description/lib/pkgconfig:${PKG_CONFIG_PATH} PYTHONPATH=/home/yeap/APC_2022_Prac/airsimversion/autoware.ai/install/sick_ldmrs_msgs/lib/python2.7/dist-packages:${PYTHONPATH} ROS_PACKAGE_PATH=/home/yeap/APC_2022_Prac/airsimversion/autoware.ai/install/sick_ldmrs_msgs/share:/home/yeap/APC_2022_Prac/airsimversion/autoware.ai/install/sick_ldmrs_description/share:${ROS_PACKAGE_PATH} /usr/bin/cmake --build /home/yeap/APC_2022_Prac/airsimversion/autoware.ai/build/sick_ldmrs_driver --target tests -- -j6 -l6
[70.900s] Invoking command in '/home/yeap/APC_2022_Prac/airsimversion/autoware.ai/build/sick_ldmrs_driver': CMAKE_PREFIX_PATH=/home/yeap/APC_2022_Prac/airsimversion/autoware.ai/install/sick_ldmrs_msgs:/home/yeap/APC_2022_Prac/airsimversion/autoware.ai/install/sick_ldmrs_description:${CMAKE_PREFIX_PATH} PKG_CONFIG_PATH=/home/yeap/APC_2022_Prac/airsimversion/autoware.ai/install/sick_ldmrs_msgs/lib/x86_64-linux-gnu/pkgconfig:/home/yeap/APC_2022_Prac/airsimversion/autoware.ai/install/sick_ldmrs_msgs/lib/pkgconfig:/home/yeap/APC_2022_Prac/airsimversion/autoware.ai/install/sick_ldmrs_description/lib/x86_64-linux-gnu/pkgconfig:/home/yeap/APC_2022_Prac/airsimversion/autoware.ai/install/sick_ldmrs_description/lib/pkgconfig:${PKG_CONFIG_PATH} PYTHONPATH=/home/yeap/APC_2022_Prac/airsimversion/autoware.ai/install/sick_ldmrs_msgs/lib/python2.7/dist-packages:${PYTHONPATH} ROS_PACKAGE_PATH=/home/yeap/APC_2022_Prac/airsimversion/autoware.ai/install/sick_ldmrs_msgs/share:/home/yeap/APC_2022_Prac/airsimversion/autoware.ai/install/sick_ldmrs_description/share:${ROS_PACKAGE_PATH} /usr/bin/cmake --build /home/yeap/APC_2022_Prac/airsimversion/autoware.ai/build/sick_ldmrs_driver --target install -- -j6 -l6
[70.974s] [  1%] Built target sick_ldmrs_driver_gencfg
[71.000s] [  1%] Built target actionlib_generate_messages_eus
[71.024s] [  1%] Built target geometry_msgs_generate_messages_cpp
[71.047s] [  1%] Built target actionlib_generate_messages_lisp
[71.069s] [  1%] Built target pcl_msgs_generate_messages_lisp
[71.093s] [  1%] Built target tf_generate_messages_cpp
[71.115s] [  1%] Built target actionlib_generate_messages_nodejs
[71.140s] [  1%] Built target tf2_msgs_generate_messages_py
[71.165s] [  1%] Built target sick_ldmrs_msgs_generate_messages_py
[71.192s] [  1%] Built target actionlib_generate_messages_py
[71.215s] [  1%] Built target tf_generate_messages_eus
[71.237s] [  1%] Built target actionlib_msgs_generate_messages_cpp
[71.260s] [  1%] Built target roscpp_generate_messages_eus
[71.282s] [  1%] Built target rosgraph_msgs_generate_messages_py
[71.304s] [  1%] Built target actionlib_msgs_generate_messages_eus
[71.326s] [  1%] Built target actionlib_msgs_generate_messages_py
[71.350s] [  1%] Built target tf2_msgs_generate_messages_cpp
[71.373s] [  1%] Built target tf2_msgs_generate_messages_eus
[71.396s] [  1%] Built target tf2_msgs_generate_messages_nodejs
[71.418s] [  1%] Built target std_msgs_generate_messages_eus
[71.440s] [  1%] Built target sick_ldmrs_msgs_generate_messages_lisp
[71.464s] [  1%] Built target pcl_msgs_generate_messages_eus
[71.487s] [  1%] Built target pcl_msgs_generate_messages_cpp
[71.509s] [  1%] Built target dynamic_reconfigure_generate_messages_lisp
[71.531s] [  1%] Built target dynamic_reconfigure_generate_messages_py
[71.553s] [  1%] Built target diagnostic_msgs_generate_messages_nodejs
[71.577s] [  1%] Built target rosgraph_msgs_generate_messages_lisp
[71.612s] [  1%] Built target rosgraph_msgs_generate_messages_eus
[71.632s] [  1%] Built target dynamic_reconfigure_generate_messages_nodejs
[71.656s] [  1%] Built target rosgraph_msgs_generate_messages_cpp
[71.692s] [  1%] Built target roscpp_generate_messages_py
[71.712s] [  1%] Built target roscpp_generate_messages_lisp
[71.734s] [  1%] Built target geometry_msgs_generate_messages_eus
[71.763s] [  1%] Built target pcl_msgs_generate_messages_nodejs
[71.786s] [  1%] Built target sensor_msgs_generate_messages_lisp
[71.824s] [  1%] Built target std_msgs_generate_messages_cpp
[71.846s] [  1%] Built target actionlib_msgs_generate_messages_nodejs
[71.867s] [  1%] Built target rosgraph_msgs_generate_messages_nodejs
[71.890s] [  1%] Built target actionlib_msgs_generate_messages_lisp
[71.912s] [  1%] Built target diagnostic_msgs_generate_messages_eus
[71.936s] [  1%] Built target diagnostic_msgs_generate_messages_lisp
[71.959s] [  1%] Built target dynamic_reconfigure_generate_messages_eus
[71.989s] [  1%] Built target sick_ldmrs_msgs_generate_messages_nodejs
[72.012s] [  1%] Built target diagnostic_msgs_generate_messages_py
[72.035s] [  1%] Built target roscpp_generate_messages_nodejs
[72.063s] [  1%] Built target std_msgs_generate_messages_lisp
[72.087s] [  1%] Built target std_msgs_generate_messages_nodejs
[72.110s] [  1%] Built target sick_ldmrs_msgs_generate_messages_eus
[72.132s] [  1%] Built target std_msgs_generate_messages_py
[72.155s] [  1%] Built target geometry_msgs_generate_messages_nodejs
[72.179s] [  1%] Built target sensor_msgs_generate_messages_nodejs
[72.201s] [  1%] Built target actionlib_generate_messages_cpp
[72.224s] [  1%] Built target sensor_msgs_generate_messages_cpp
[72.245s] [  1%] Built target roscpp_generate_messages_cpp
[72.269s] [  1%] Built target sensor_msgs_generate_messages_eus
[72.296s] [  1%] Built target sensor_msgs_generate_messages_py
[72.317s] [  1%] Built target dynamic_reconfigure_generate_messages_cpp
[72.339s] [  1%] Built target tf_generate_messages_py
[72.365s] [  1%] Built target geometry_msgs_generate_messages_lisp
[72.390s] [  1%] Built target geometry_msgs_generate_messages_py
[72.425s] [  1%] Built target sick_ldmrs_msgs_generate_messages_cpp
[72.449s] [  1%] Built target dynamic_reconfigure_gencfg
[72.471s] [  1%] Built target tf2_msgs_generate_messages_lisp
[72.494s] [  1%] Built target tf_generate_messages_lisp
[72.530s] [ 49%] Built target LDMRS_Example
[72.552s] [ 49%] Built target diagnostic_msgs_generate_messages_cpp
[72.585s] [ 49%] Built target pcl_msgs_generate_messages_py
[72.606s] [ 49%] Built target tf_generate_messages_nodejs
[72.642s] [ 97%] Built target sick_ldmrs
[72.682s] [100%] Built target sick_ldmrs_node
[72.706s] [36mInstall the project...[0m
[72.714s] -- Install configuration: "Release"
[72.715s] -- Installing: /home/yeap/APC_2022_Prac/airsimversion/autoware.ai/install/sick_ldmrs_driver/include/sick_ldmrs_driver/SickLDMRSDriverConfig.h
[72.715s] -- Installing: /home/yeap/APC_2022_Prac/airsimversion/autoware.ai/install/sick_ldmrs_driver/lib/python2.7/dist-packages/sick_ldmrs_driver/__init__.py
[72.728s] Listing /home/yeap/APC_2022_Prac/airsimversion/autoware.ai/build/sick_ldmrs_driver/devel/lib/python2.7/dist-packages/sick_ldmrs_driver/cfg ...
[72.728s] Compiling /home/yeap/APC_2022_Prac/airsimversion/autoware.ai/build/sick_ldmrs_driver/devel/lib/python2.7/dist-packages/sick_ldmrs_driver/cfg/SickLDMRSDriverConfig.py ...
[72.728s] Compiling /home/yeap/APC_2022_Prac/airsimversion/autoware.ai/build/sick_ldmrs_driver/devel/lib/python2.7/dist-packages/sick_ldmrs_driver/cfg/__init__.py ...
[72.730s] -- Installing: /home/yeap/APC_2022_Prac/airsimversion/autoware.ai/install/sick_ldmrs_driver/lib/python2.7/dist-packages/sick_ldmrs_driver/cfg
[72.731s] -- Installing: /home/yeap/APC_2022_Prac/airsimversion/autoware.ai/install/sick_ldmrs_driver/lib/python2.7/dist-packages/sick_ldmrs_driver/cfg/SickLDMRSDriverConfig.py
[72.731s] -- Installing: /home/yeap/APC_2022_Prac/airsimversion/autoware.ai/install/sick_ldmrs_driver/lib/python2.7/dist-packages/sick_ldmrs_driver/cfg/__init__.pyc
[72.731s] -- Installing: /home/yeap/APC_2022_Prac/airsimversion/autoware.ai/install/sick_ldmrs_driver/lib/python2.7/dist-packages/sick_ldmrs_driver/cfg/SickLDMRSDriverConfig.pyc
[72.731s] -- Installing: /home/yeap/APC_2022_Prac/airsimversion/autoware.ai/install/sick_ldmrs_driver/lib/python2.7/dist-packages/sick_ldmrs_driver/cfg/__init__.py
[72.731s] -- Installing: /home/yeap/APC_2022_Prac/airsimversion/autoware.ai/install/sick_ldmrs_driver/lib/pkgconfig/sick_ldmrs_driver.pc
[72.731s] -- Installing: /home/yeap/APC_2022_Prac/airsimversion/autoware.ai/install/sick_ldmrs_driver/share/sick_ldmrs_driver/cmake/sick_ldmrs_driverConfig.cmake
[72.731s] -- Installing: /home/yeap/APC_2022_Prac/airsimversion/autoware.ai/install/sick_ldmrs_driver/share/sick_ldmrs_driver/cmake/sick_ldmrs_driverConfig-version.cmake
[72.731s] -- Installing: /home/yeap/APC_2022_Prac/airsimversion/autoware.ai/install/sick_ldmrs_driver/share/sick_ldmrs_driver/package.xml
[72.731s] -- Up-to-date: /home/yeap/APC_2022_Prac/airsimversion/autoware.ai/install/sick_ldmrs_driver/include/sick_ldmrs_driver
[72.731s] -- Installing: /home/yeap/APC_2022_Prac/airsimversion/autoware.ai/install/sick_ldmrs_driver/include/sick_ldmrs_driver/sick_ldmrs_node.hpp
[72.732s] -- Installing: /home/yeap/APC_2022_Prac/airsimversion/autoware.ai/install/sick_ldmrs_driver/lib/sick_ldmrs_driver/sick_ldmrs_node
[72.732s] -- Set runtime path of "/home/yeap/APC_2022_Prac/airsimversion/autoware.ai/install/sick_ldmrs_driver/lib/sick_ldmrs_driver/sick_ldmrs_node" to ""
[72.732s] -- Installing: /home/yeap/APC_2022_Prac/airsimversion/autoware.ai/install/sick_ldmrs_driver/share/sick_ldmrs_driver/config
[72.732s] -- Installing: /home/yeap/APC_2022_Prac/airsimversion/autoware.ai/install/sick_ldmrs_driver/share/sick_ldmrs_driver/config/analyzers.yaml
[72.733s] -- Installing: /home/yeap/APC_2022_Prac/airsimversion/autoware.ai/install/sick_ldmrs_driver/share/sick_ldmrs_driver/launch
[72.733s] -- Installing: /home/yeap/APC_2022_Prac/airsimversion/autoware.ai/install/sick_ldmrs_driver/share/sick_ldmrs_driver/launch/sick_ldmrs.launch
[72.733s] -- Installing: /home/yeap/APC_2022_Prac/airsimversion/autoware.ai/install/sick_ldmrs_driver/share/sick_ldmrs_driver/launch/sick_ldmrs_node_with_aggregator.launch
[72.733s] -- Installing: /home/yeap/APC_2022_Prac/airsimversion/autoware.ai/install/sick_ldmrs_driver/share/sick_ldmrs_driver/launch/sick_ldmrs_node.launch
[72.733s] -- Installing: /home/yeap/APC_2022_Prac/airsimversion/autoware.ai/install/sick_ldmrs_driver/lib/cmake/SickLDMRS/SickLDMRSConfig.cmake
[72.733s] -- Installing: /home/yeap/APC_2022_Prac/airsimversion/autoware.ai/install/sick_ldmrs_driver/lib/cmake/SickLDMRS/SickLDMRSConfigVersion.cmake
[72.733s] -- Installing: /home/yeap/APC_2022_Prac/airsimversion/autoware.ai/install/sick_ldmrs_driver/lib/cmake/SickLDMRS/SickLDMRSTargets.cmake
[72.733s] -- Installing: /home/yeap/APC_2022_Prac/airsimversion/autoware.ai/install/sick_ldmrs_driver/lib/cmake/SickLDMRS/SickLDMRSTargets-release.cmake
[72.734s] -- Installing: /home/yeap/APC_2022_Prac/airsimversion/autoware.ai/install/sick_ldmrs_driver/share/sick_ldmrs/package.xml
[72.734s] -- Installing: /home/yeap/APC_2022_Prac/airsimversion/autoware.ai/install/sick_ldmrs_driver/bin/LDMRS_Example
[72.735s] -- Installing: /home/yeap/APC_2022_Prac/airsimversion/autoware.ai/install/sick_ldmrs_driver/lib/libsick_ldmrs.so.0.1.0
[72.736s] -- Installing: /home/yeap/APC_2022_Prac/airsimversion/autoware.ai/install/sick_ldmrs_driver/lib/libsick_ldmrs.so.0
[72.736s] -- Installing: /home/yeap/APC_2022_Prac/airsimversion/autoware.ai/install/sick_ldmrs_driver/lib/libsick_ldmrs.so
[72.736s] -- Installing: /home/yeap/APC_2022_Prac/airsimversion/autoware.ai/install/sick_ldmrs_driver/include/sick_ldmrs/.
[72.736s] -- Installing: /home/yeap/APC_2022_Prac/airsimversion/autoware.ai/install/sick_ldmrs_driver/include/sick_ldmrs/./sopas
[72.737s] -- Installing: /home/yeap/APC_2022_Prac/airsimversion/autoware.ai/install/sick_ldmrs_driver/include/sick_ldmrs/./sopas/colab.hpp
[72.737s] -- Installing: /home/yeap/APC_2022_Prac/airsimversion/autoware.ai/install/sick_ldmrs_driver/include/sick_ldmrs/./sopas/LdmrsSopasLayer.hpp
[72.737s] -- Installing: /home/yeap/APC_2022_Prac/airsimversion/autoware.ai/install/sick_ldmrs_driver/include/sick_ldmrs/./sopas/SopasBase.hpp
[72.737s] -- Installing: /home/yeap/APC_2022_Prac/airsimversion/autoware.ai/install/sick_ldmrs_driver/include/sick_ldmrs/./sopas/colaa.hpp
[72.737s] -- Installing: /home/yeap/APC_2022_Prac/airsimversion/autoware.ai/install/sick_ldmrs_driver/include/sick_ldmrs/./tools
[72.737s] -- Installing: /home/yeap/APC_2022_Prac/airsimversion/autoware.ai/install/sick_ldmrs_driver/include/sick_ldmrs/./tools/BasicDataBuffer.hpp
[72.737s] -- Installing: /home/yeap/APC_2022_Prac/airsimversion/autoware.ai/install/sick_ldmrs_driver/include/sick_ldmrs/./tools/SickThread.hpp
[72.737s] -- Installing: /home/yeap/APC_2022_Prac/airsimversion/autoware.ai/install/sick_ldmrs_driver/include/sick_ldmrs/./tools/toolbox.hpp
[72.737s] -- Installing: /home/yeap/APC_2022_Prac/airsimversion/autoware.ai/install/sick_ldmrs_driver/include/sick_ldmrs/./tools/Timer.hpp
[72.738s] -- Installing: /home/yeap/APC_2022_Prac/airsimversion/autoware.ai/install/sick_ldmrs_driver/include/sick_ldmrs/./tools/Time.hpp
[72.738s] -- Installing: /home/yeap/APC_2022_Prac/airsimversion/autoware.ai/install/sick_ldmrs_driver/include/sick_ldmrs/./tools/MathToolbox.hpp
[72.738s] -- Installing: /home/yeap/APC_2022_Prac/airsimversion/autoware.ai/install/sick_ldmrs_driver/include/sick_ldmrs/./tools/errorhandler.hpp
[72.738s] -- Installing: /home/yeap/APC_2022_Prac/airsimversion/autoware.ai/install/sick_ldmrs_driver/include/sick_ldmrs/./tools/WatchdogTimer.hpp
[72.738s] -- Installing: /home/yeap/APC_2022_Prac/airsimversion/autoware.ai/install/sick_ldmrs_driver/include/sick_ldmrs/./tools/Mutex.hpp
[72.738s] -- Installing: /home/yeap/APC_2022_Prac/airsimversion/autoware.ai/install/sick_ldmrs_driver/include/sick_ldmrs/./devices
[72.738s] -- Installing: /home/yeap/APC_2022_Prac/airsimversion/autoware.ai/install/sick_ldmrs_driver/include/sick_ldmrs/./devices/BasicDevice.hpp
[72.738s] -- Installing: /home/yeap/APC_2022_Prac/airsimversion/autoware.ai/install/sick_ldmrs_driver/include/sick_ldmrs/./devices/LuxBase.hpp
[72.739s] -- Installing: /home/yeap/APC_2022_Prac/airsimversion/autoware.ai/install/sick_ldmrs_driver/include/sick_ldmrs/./devices/LD_MRS.hpp
[72.739s] -- Installing: /home/yeap/APC_2022_Prac/airsimversion/autoware.ai/install/sick_ldmrs_driver/include/sick_ldmrs/./interfaces
[72.739s] -- Installing: /home/yeap/APC_2022_Prac/airsimversion/autoware.ai/install/sick_ldmrs_driver/include/sick_ldmrs/./interfaces/tcp.hpp
[72.739s] -- Installing: /home/yeap/APC_2022_Prac/airsimversion/autoware.ai/install/sick_ldmrs_driver/include/sick_ldmrs/./interfaces/file.hpp
[72.739s] -- Installing: /home/yeap/APC_2022_Prac/airsimversion/autoware.ai/install/sick_ldmrs_driver/include/sick_ldmrs/./application
[72.739s] -- Installing: /home/yeap/APC_2022_Prac/airsimversion/autoware.ai/install/sick_ldmrs_driver/include/sick_ldmrs/./application/LdmrsFieldApp.hpp
[72.739s] -- Installing: /home/yeap/APC_2022_Prac/airsimversion/autoware.ai/install/sick_ldmrs_driver/include/sick_ldmrs/./application/LdmrsApp.hpp
[72.739s] -- Installing: /home/yeap/APC_2022_Prac/airsimversion/autoware.ai/install/sick_ldmrs_driver/include/sick_ldmrs/./application/LdmrsScanpointCoordinateApp.hpp
[72.739s] -- Installing: /home/yeap/APC_2022_Prac/airsimversion/autoware.ai/install/sick_ldmrs_driver/include/sick_ldmrs/./application/LdmrsNtpTimeApp.hpp
[72.739s] -- Installing: /home/yeap/APC_2022_Prac/airsimversion/autoware.ai/install/sick_ldmrs_driver/include/sick_ldmrs/./application/BasicApplication.hpp
[72.739s] -- Installing: /home/yeap/APC_2022_Prac/airsimversion/autoware.ai/install/sick_ldmrs_driver/include/sick_ldmrs/./application/LdmrsSectorChangeApp.hpp
[72.739s] -- Installing: /home/yeap/APC_2022_Prac/airsimversion/autoware.ai/install/sick_ldmrs_driver/include/sick_ldmrs/./manager.hpp
[72.739s] -- Installing: /home/yeap/APC_2022_Prac/airsimversion/autoware.ai/install/sick_ldmrs_driver/include/sick_ldmrs/./datatypes
[72.740s] -- Installing: /home/yeap/APC_2022_Prac/airsimversion/autoware.ai/install/sick_ldmrs_driver/include/sick_ldmrs/./datatypes/EvalCaseResult.hpp
[72.740s] -- Installing: /home/yeap/APC_2022_Prac/airsimversion/autoware.ai/install/sick_ldmrs_driver/include/sick_ldmrs/./datatypes/EvalCaseResults.hpp
[72.740s] -- Installing: /home/yeap/APC_2022_Prac/airsimversion/autoware.ai/install/sick_ldmrs_driver/include/sick_ldmrs/./datatypes/Point2D.hpp
[72.740s] -- Installing: /home/yeap/APC_2022_Prac/airsimversion/autoware.ai/install/sick_ldmrs_driver/include/sick_ldmrs/./datatypes/PositionWGS84.hpp
[72.740s] -- Installing: /home/yeap/APC_2022_Prac/airsimversion/autoware.ai/install/sick_ldmrs_driver/include/sick_ldmrs/./datatypes/Scan.hpp
[72.740s] -- Installing: /home/yeap/APC_2022_Prac/airsimversion/autoware.ai/install/sick_ldmrs_driver/include/sick_ldmrs/./datatypes/FieldDescription.hpp
[72.740s] -- Installing: /home/yeap/APC_2022_Prac/airsimversion/autoware.ai/install/sick_ldmrs_driver/include/sick_ldmrs/./datatypes/Measurement.hpp
[72.740s] -- Installing: /home/yeap/APC_2022_Prac/airsimversion/autoware.ai/install/sick_ldmrs_driver/include/sick_ldmrs/./datatypes/EvalCases.hpp
[72.740s] -- Installing: /home/yeap/APC_2022_Prac/airsimversion/autoware.ai/install/sick_ldmrs_driver/include/sick_ldmrs/./datatypes/Fields.hpp
[72.740s] -- Installing: /home/yeap/APC_2022_Prac/airsimversion/autoware.ai/install/sick_ldmrs_driver/include/sick_ldmrs/./datatypes/Polygon2D.hpp
[72.740s] -- Installing: /home/yeap/APC_2022_Prac/airsimversion/autoware.ai/install/sick_ldmrs_driver/include/sick_ldmrs/./datatypes/SensorStateInfo.hpp
[72.741s] -- Installing: /home/yeap/APC_2022_Prac/airsimversion/autoware.ai/install/sick_ldmrs_driver/include/sick_ldmrs/./datatypes/EvalCase.hpp
[72.741s] -- Installing: /home/yeap/APC_2022_Prac/airsimversion/autoware.ai/install/sick_ldmrs_driver/include/sick_ldmrs/./datatypes/Object.hpp
[72.741s] -- Installing: /home/yeap/APC_2022_Prac/airsimversion/autoware.ai/install/sick_ldmrs_driver/include/sick_ldmrs/./datatypes/Circle2D.hpp
[72.741s] -- Installing: /home/yeap/APC_2022_Prac/airsimversion/autoware.ai/install/sick_ldmrs_driver/include/sick_ldmrs/./datatypes/FieldParameter.hpp
[72.741s] -- Installing: /home/yeap/APC_2022_Prac/airsimversion/autoware.ai/install/sick_ldmrs_driver/include/sick_ldmrs/./datatypes/ScannerInfo.hpp
[72.741s] -- Installing: /home/yeap/APC_2022_Prac/airsimversion/autoware.ai/install/sick_ldmrs_driver/include/sick_ldmrs/./datatypes/Box2D.hpp
[72.741s] -- Installing: /home/yeap/APC_2022_Prac/airsimversion/autoware.ai/install/sick_ldmrs_driver/include/sick_ldmrs/./datatypes/Ellipse2D.hpp
[72.741s] -- Installing: /home/yeap/APC_2022_Prac/airsimversion/autoware.ai/install/sick_ldmrs_driver/include/sick_ldmrs/./datatypes/Position3D.hpp
[72.741s] -- Installing: /home/yeap/APC_2022_Prac/airsimversion/autoware.ai/install/sick_ldmrs_driver/include/sick_ldmrs/./datatypes/Line2D.hpp
[72.741s] -- Installing: /home/yeap/APC_2022_Prac/airsimversion/autoware.ai/install/sick_ldmrs_driver/include/sick_ldmrs/./datatypes/ScanPoint.hpp
[72.741s] -- Installing: /home/yeap/APC_2022_Prac/airsimversion/autoware.ai/install/sick_ldmrs_driver/include/sick_ldmrs/./datatypes/Polygon3D.hpp
[72.741s] -- Installing: /home/yeap/APC_2022_Prac/airsimversion/autoware.ai/install/sick_ldmrs_driver/include/sick_ldmrs/./datatypes/Point3D.hpp
[72.746s] -- Installing: /home/yeap/APC_2022_Prac/airsimversion/autoware.ai/install/sick_ldmrs_driver/include/sick_ldmrs/./datatypes/Msg.hpp
[72.746s] -- Installing: /home/yeap/APC_2022_Prac/airsimversion/autoware.ai/install/sick_ldmrs_driver/include/sick_ldmrs/./datatypes/Trigger.hpp
[72.746s] -- Installing: /home/yeap/APC_2022_Prac/airsimversion/autoware.ai/install/sick_ldmrs_driver/include/sick_ldmrs/./BasicDatatypes.hpp
[72.747s] Invoked command in '/home/yeap/APC_2022_Prac/airsimversion/autoware.ai/build/sick_ldmrs_driver' returned '0': CMAKE_PREFIX_PATH=/home/yeap/APC_2022_Prac/airsimversion/autoware.ai/install/sick_ldmrs_msgs:/home/yeap/APC_2022_Prac/airsimversion/autoware.ai/install/sick_ldmrs_description:${CMAKE_PREFIX_PATH} PKG_CONFIG_PATH=/home/yeap/APC_2022_Prac/airsimversion/autoware.ai/install/sick_ldmrs_msgs/lib/x86_64-linux-gnu/pkgconfig:/home/yeap/APC_2022_Prac/airsimversion/autoware.ai/install/sick_ldmrs_msgs/lib/pkgconfig:/home/yeap/APC_2022_Prac/airsimversion/autoware.ai/install/sick_ldmrs_description/lib/x86_64-linux-gnu/pkgconfig:/home/yeap/APC_2022_Prac/airsimversion/autoware.ai/install/sick_ldmrs_description/lib/pkgconfig:${PKG_CONFIG_PATH} PYTHONPATH=/home/yeap/APC_2022_Prac/airsimversion/autoware.ai/install/sick_ldmrs_msgs/lib/python2.7/dist-packages:${PYTHONPATH} ROS_PACKAGE_PATH=/home/yeap/APC_2022_Prac/airsimversion/autoware.ai/install/sick_ldmrs_msgs/share:/home/yeap/APC_2022_Prac/airsimversion/autoware.ai/install/sick_ldmrs_description/share:${ROS_PACKAGE_PATH} /usr/bin/cmake --build /home/yeap/APC_2022_Prac/airsimversion/autoware.ai/build/sick_ldmrs_driver --target install -- -j6 -l6
