[0.018s] Invoking command in '/home/yeap/APC_2022_Prac/airsimversion/autoware.ai/build/ekf_localizer': CMAKE_PREFIX_PATH=/home/yeap/APC_2022_Prac/airsimversion/autoware.ai/install/amathutils_lib:/home/yeap/APC_2022_Prac/airsimversion/autoware.ai/install/autoware_msgs:/home/yeap/APC_2022_Prac/airsimversion/autoware.ai/install/autoware_build_flags:${CMAKE_PREFIX_PATH} LD_LIBRARY_PATH=/home/yeap/APC_2022_Prac/airsimversion/autoware.ai/install/amathutils_lib/lib:${LD_LIBRARY_PATH} PKG_CONFIG_PATH=/home/yeap/APC_2022_Prac/airsimversion/autoware.ai/install/amathutils_lib/lib/x86_64-linux-gnu/pkgconfig:/home/yeap/APC_2022_Prac/airsimversion/autoware.ai/install/amathutils_lib/lib/pkgconfig:/home/yeap/APC_2022_Prac/airsimversion/autoware.ai/install/autoware_msgs/lib/x86_64-linux-gnu/pkgconfig:/home/yeap/APC_2022_Prac/airsimversion/autoware.ai/install/autoware_msgs/lib/pkgconfig:/home/yeap/APC_2022_Prac/airsimversion/autoware.ai/install/autoware_build_flags/lib/x86_64-linux-gnu/pkgconfig:/home/yeap/APC_2022_Prac/airsimversion/autoware.ai/install/autoware_build_flags/lib/pkgconfig:${PKG_CONFIG_PATH} PYTHONPATH=/home/yeap/APC_2022_Prac/airsimversion/autoware.ai/install/autoware_msgs/lib/python2.7/dist-packages:${PYTHONPATH} ROS_PACKAGE_PATH=/home/yeap/APC_2022_Prac/airsimversion/autoware.ai/install/amathutils_lib/share:/home/yeap/APC_2022_Prac/airsimversion/autoware.ai/install/autoware_msgs/share:/home/yeap/APC_2022_Prac/airsimversion/autoware.ai/install/autoware_build_flags/share:${ROS_PACKAGE_PATH} /usr/bin/cmake /home/yeap/APC_2022_Prac/airsimversion/autoware.ai/src/autoware/core_perception/ekf_localizer -DCMAKE_BUILD_TYPE=Release -DCATKIN_INSTALL_INTO_PREFIX_ROOT=0 -DCMAKE_INSTALL_PREFIX=/home/yeap/APC_2022_Prac/airsimversion/autoware.ai/install/ekf_localizer
[0.103s] -- The C compiler identification is GNU 7.5.0
[0.170s] -- The CXX compiler identification is GNU 7.5.0
[0.176s] -- Check for working C compiler: /usr/bin/cc
[0.253s] -- Check for working C compiler: /usr/bin/cc -- works
[0.257s] -- Detecting C compiler ABI info
[0.330s] -- Detecting C compiler ABI info - done
[0.339s] -- Detecting C compile features
[0.572s] -- Detecting C compile features - done
[0.575s] -- Check for working CXX compiler: /usr/bin/c++
[0.656s] -- Check for working CXX compiler: /usr/bin/c++ -- works
[0.656s] -- Detecting CXX compiler ABI info
[0.739s] -- Detecting CXX compiler ABI info - done
[0.749s] -- Detecting CXX compile features
[1.110s] -- Detecting CXX compile features - done
[1.113s] -- Using CATKIN_DEVEL_PREFIX: /home/yeap/APC_2022_Prac/airsimversion/autoware.ai/build/ekf_localizer/devel
[1.113s] -- Using CMAKE_PREFIX_PATH: /home/yeap/APC_2022_Prac/airsimversion/autoware.ai/install/amathutils_lib;/home/yeap/APC_2022_Prac/airsimversion/autoware.ai/install/autoware_msgs;/home/yeap/APC_2022_Prac/airsimversion/autoware.ai/install/autoware_build_flags;/opt/ros/melodic
[1.114s] -- This workspace overlays: /home/yeap/APC_2022_Prac/airsimversion/autoware.ai/install/amathutils_lib;/home/yeap/APC_2022_Prac/airsimversion/autoware.ai/install/autoware_msgs;/home/yeap/APC_2022_Prac/airsimversion/autoware.ai/install/autoware_build_flags;/opt/ros/melodic
[1.130s] -- Found PythonInterp: /usr/bin/python2 (found suitable version "2.7.17", minimum required is "2") 
[1.130s] -- Using PYTHON_EXECUTABLE: /usr/bin/python2
[1.130s] -- Using Debian Python package layout
[1.131s] -- Using empy: /usr/bin/empy
[1.302s] -- Using CATKIN_ENABLE_TESTING: ON
[1.302s] -- Call enable_testing()
[1.304s] -- Using CATKIN_TEST_RESULTS_DIR: /home/yeap/APC_2022_Prac/airsimversion/autoware.ai/build/ekf_localizer/test_results
[1.328s] -- Found gtest sources under '/usr/src/googletest': gtests will be built
[1.328s] -- Found gmock sources under '/usr/src/googletest': gmock will be built
[1.344s] -- Found PythonInterp: /usr/bin/python2 (found version "2.7.17") 
[1.346s] -- Looking for pthread.h
[1.424s] -- Looking for pthread.h - found
[1.425s] -- Looking for pthread_create
[1.500s] -- Looking for pthread_create - not found
[1.500s] -- Looking for pthread_create in pthreads
[1.562s] -- Looking for pthread_create in pthreads - not found
[1.563s] -- Looking for pthread_create in pthread
[1.639s] -- Looking for pthread_create in pthread - found
[1.641s] -- Found Threads: TRUE  
[1.646s] -- Using Python nosetests: /usr/bin/nosetests-2.7
[1.700s] -- catkin 0.7.29
[1.700s] -- BUILD_SHARED_LIBS is on
[1.874s] -- Using these message generators: gencpp;geneus;genlisp;gennodejs;genpy
[2.009s] -- CUDA compilation status: .
[2.238s] -- Configuring done
[2.279s] -- Generating done
[2.290s] -- Build files have been written to: /home/yeap/APC_2022_Prac/airsimversion/autoware.ai/build/ekf_localizer
[2.299s] Invoked command in '/home/yeap/APC_2022_Prac/airsimversion/autoware.ai/build/ekf_localizer' returned '0': CMAKE_PREFIX_PATH=/home/yeap/APC_2022_Prac/airsimversion/autoware.ai/install/amathutils_lib:/home/yeap/APC_2022_Prac/airsimversion/autoware.ai/install/autoware_msgs:/home/yeap/APC_2022_Prac/airsimversion/autoware.ai/install/autoware_build_flags:${CMAKE_PREFIX_PATH} LD_LIBRARY_PATH=/home/yeap/APC_2022_Prac/airsimversion/autoware.ai/install/amathutils_lib/lib:${LD_LIBRARY_PATH} PKG_CONFIG_PATH=/home/yeap/APC_2022_Prac/airsimversion/autoware.ai/install/amathutils_lib/lib/x86_64-linux-gnu/pkgconfig:/home/yeap/APC_2022_Prac/airsimversion/autoware.ai/install/amathutils_lib/lib/pkgconfig:/home/yeap/APC_2022_Prac/airsimversion/autoware.ai/install/autoware_msgs/lib/x86_64-linux-gnu/pkgconfig:/home/yeap/APC_2022_Prac/airsimversion/autoware.ai/install/autoware_msgs/lib/pkgconfig:/home/yeap/APC_2022_Prac/airsimversion/autoware.ai/install/autoware_build_flags/lib/x86_64-linux-gnu/pkgconfig:/home/yeap/APC_2022_Prac/airsimversion/autoware.ai/install/autoware_build_flags/lib/pkgconfig:${PKG_CONFIG_PATH} PYTHONPATH=/home/yeap/APC_2022_Prac/airsimversion/autoware.ai/install/autoware_msgs/lib/python2.7/dist-packages:${PYTHONPATH} ROS_PACKAGE_PATH=/home/yeap/APC_2022_Prac/airsimversion/autoware.ai/install/amathutils_lib/share:/home/yeap/APC_2022_Prac/airsimversion/autoware.ai/install/autoware_msgs/share:/home/yeap/APC_2022_Prac/airsimversion/autoware.ai/install/autoware_build_flags/share:${ROS_PACKAGE_PATH} /usr/bin/cmake /home/yeap/APC_2022_Prac/airsimversion/autoware.ai/src/autoware/core_perception/ekf_localizer -DCMAKE_BUILD_TYPE=Release -DCATKIN_INSTALL_INTO_PREFIX_ROOT=0 -DCMAKE_INSTALL_PREFIX=/home/yeap/APC_2022_Prac/airsimversion/autoware.ai/install/ekf_localizer
[2.301s] Invoking command in '/home/yeap/APC_2022_Prac/airsimversion/autoware.ai/build/ekf_localizer': CMAKE_PREFIX_PATH=/home/yeap/APC_2022_Prac/airsimversion/autoware.ai/install/amathutils_lib:/home/yeap/APC_2022_Prac/airsimversion/autoware.ai/install/autoware_msgs:/home/yeap/APC_2022_Prac/airsimversion/autoware.ai/install/autoware_build_flags:${CMAKE_PREFIX_PATH} LD_LIBRARY_PATH=/home/yeap/APC_2022_Prac/airsimversion/autoware.ai/install/amathutils_lib/lib:${LD_LIBRARY_PATH} PKG_CONFIG_PATH=/home/yeap/APC_2022_Prac/airsimversion/autoware.ai/install/amathutils_lib/lib/x86_64-linux-gnu/pkgconfig:/home/yeap/APC_2022_Prac/airsimversion/autoware.ai/install/amathutils_lib/lib/pkgconfig:/home/yeap/APC_2022_Prac/airsimversion/autoware.ai/install/autoware_msgs/lib/x86_64-linux-gnu/pkgconfig:/home/yeap/APC_2022_Prac/airsimversion/autoware.ai/install/autoware_msgs/lib/pkgconfig:/home/yeap/APC_2022_Prac/airsimversion/autoware.ai/install/autoware_build_flags/lib/x86_64-linux-gnu/pkgconfig:/home/yeap/APC_2022_Prac/airsimversion/autoware.ai/install/autoware_build_flags/lib/pkgconfig:${PKG_CONFIG_PATH} PYTHONPATH=/home/yeap/APC_2022_Prac/airsimversion/autoware.ai/install/autoware_msgs/lib/python2.7/dist-packages:${PYTHONPATH} ROS_PACKAGE_PATH=/home/yeap/APC_2022_Prac/airsimversion/autoware.ai/install/amathutils_lib/share:/home/yeap/APC_2022_Prac/airsimversion/autoware.ai/install/autoware_msgs/share:/home/yeap/APC_2022_Prac/airsimversion/autoware.ai/install/autoware_build_flags/share:${ROS_PACKAGE_PATH} /usr/bin/cmake --build /home/yeap/APC_2022_Prac/airsimversion/autoware.ai/build/ekf_localizer -- -j6 -l6
[2.349s] [35m[1mScanning dependencies of target tf2_msgs_generate_messages_nodejs[0m
[2.370s] [  0%] Built target tf2_msgs_generate_messages_nodejs
[2.381s] [35m[1mScanning dependencies of target pcl_msgs_generate_messages_eus[0m
[2.392s] [  0%] Built target pcl_msgs_generate_messages_eus
[2.405s] [35m[1mScanning dependencies of target rosgraph_msgs_generate_messages_eus[0m
[2.416s] [  0%] Built target rosgraph_msgs_generate_messages_eus
[2.427s] [35m[1mScanning dependencies of target jsk_recognition_msgs_generate_messages_lisp[0m
[2.438s] [  0%] Built target jsk_recognition_msgs_generate_messages_lisp
[2.448s] [35m[1mScanning dependencies of target jsk_recognition_msgs_generate_messages_eus[0m
[2.459s] [  0%] Built target jsk_recognition_msgs_generate_messages_eus
[2.473s] [35m[1mScanning dependencies of target tf2_msgs_generate_messages_cpp[0m
[2.485s] [  0%] Built target tf2_msgs_generate_messages_cpp
[2.498s] [35m[1mScanning dependencies of target std_msgs_generate_messages_py[0m
[2.510s] [  0%] Built target std_msgs_generate_messages_py
[2.522s] [35m[1mScanning dependencies of target autoware_msgs_generate_messages_py[0m
[2.532s] [  0%] Built target autoware_msgs_generate_messages_py
[2.548s] [35m[1mScanning dependencies of target sensor_msgs_generate_messages_eus[0m
[2.558s] [  0%] Built target sensor_msgs_generate_messages_eus
[2.569s] [35m[1mScanning dependencies of target _catkin_empty_exported_target[0m
[2.580s] [  0%] Built target _catkin_empty_exported_target
[2.591s] [35m[1mScanning dependencies of target sensor_msgs_generate_messages_cpp[0m
[2.603s] [  0%] Built target sensor_msgs_generate_messages_cpp
[2.613s] [35m[1mScanning dependencies of target autoware_msgs_generate_messages_cpp[0m
[2.624s] [  0%] Built target autoware_msgs_generate_messages_cpp
[2.635s] [35m[1mScanning dependencies of target rosgraph_msgs_generate_messages_cpp[0m
[2.646s] [  0%] Built target rosgraph_msgs_generate_messages_cpp
[2.658s] [35m[1mScanning dependencies of target std_msgs_generate_messages_nodejs[0m
[2.669s] [  0%] Built target std_msgs_generate_messages_nodejs
[2.687s] [35m[1mScanning dependencies of target pcl_msgs_generate_messages_nodejs[0m
[2.699s] [  0%] Built target pcl_msgs_generate_messages_nodejs
[2.711s] [35m[1mScanning dependencies of target jsk_recognition_msgs_generate_messages_py[0m
[2.723s] [  0%] Built target jsk_recognition_msgs_generate_messages_py
[2.735s] [35m[1mScanning dependencies of target sensor_msgs_generate_messages_lisp[0m
[2.746s] [  0%] Built target sensor_msgs_generate_messages_lisp
[2.758s] [35m[1mScanning dependencies of target sensor_msgs_generate_messages_py[0m
[2.770s] [  0%] Built target sensor_msgs_generate_messages_py
[2.782s] [35m[1mScanning dependencies of target std_msgs_generate_messages_cpp[0m
[2.794s] [  0%] Built target std_msgs_generate_messages_cpp
[2.806s] [35m[1mScanning dependencies of target jsk_footstep_msgs_generate_messages_py[0m
[2.818s] [  0%] Built target jsk_footstep_msgs_generate_messages_py
[2.829s] [35m[1mScanning dependencies of target actionlib_msgs_generate_messages_nodejs[0m
[2.841s] [  0%] Built target actionlib_msgs_generate_messages_nodejs
[2.852s] [35m[1mScanning dependencies of target geometry_msgs_generate_messages_eus[0m
[2.864s] [  0%] Built target geometry_msgs_generate_messages_eus
[2.876s] [35m[1mScanning dependencies of target std_msgs_generate_messages_lisp[0m
[2.887s] [  0%] Built target std_msgs_generate_messages_lisp
[2.900s] [35m[1mScanning dependencies of target roscpp_generate_messages_nodejs[0m
[2.916s] [  0%] Built target roscpp_generate_messages_nodejs
[2.927s] [35m[1mScanning dependencies of target geometry_msgs_generate_messages_nodejs[0m
[2.938s] [  0%] Built target geometry_msgs_generate_messages_nodejs
[2.950s] [35m[1mScanning dependencies of target geometry_msgs_generate_messages_lisp[0m
[2.962s] [  0%] Built target geometry_msgs_generate_messages_lisp
[2.973s] [35m[1mScanning dependencies of target pcl_msgs_generate_messages_cpp[0m
[2.985s] [  0%] Built target pcl_msgs_generate_messages_cpp
[3.000s] [35m[1mScanning dependencies of target jsk_recognition_msgs_generate_messages_cpp[0m
[3.011s] [  0%] Built target jsk_recognition_msgs_generate_messages_cpp
[3.023s] [35m[1mScanning dependencies of target autoware_msgs_generate_messages_eus[0m
[3.035s] [  0%] Built target autoware_msgs_generate_messages_eus
[3.047s] [35m[1mScanning dependencies of target autoware_msgs_generate_messages_lisp[0m
[3.059s] [  0%] Built target autoware_msgs_generate_messages_lisp
[3.070s] [35m[1mScanning dependencies of target std_msgs_generate_messages_eus[0m
[3.082s] [  0%] Built target std_msgs_generate_messages_eus
[3.095s] [35m[1mScanning dependencies of target autoware_msgs_generate_messages_nodejs[0m
[3.107s] [  0%] Built target autoware_msgs_generate_messages_nodejs
[3.118s] [35m[1mScanning dependencies of target jsk_footstep_msgs_generate_messages_eus[0m
[3.131s] [  0%] Built target jsk_footstep_msgs_generate_messages_eus
[3.142s] [35m[1mScanning dependencies of target actionlib_msgs_generate_messages_py[0m
[3.154s] [  0%] Built target actionlib_msgs_generate_messages_py
[3.166s] [35m[1mScanning dependencies of target jsk_footstep_msgs_generate_messages_lisp[0m
[3.178s] [  0%] Built target jsk_footstep_msgs_generate_messages_lisp
[3.190s] [35m[1mScanning dependencies of target jsk_footstep_msgs_generate_messages_nodejs[0m
[3.202s] [  0%] Built target jsk_footstep_msgs_generate_messages_nodejs
[3.214s] [35m[1mScanning dependencies of target tf_generate_messages_py[0m
[3.226s] [  0%] Built target tf_generate_messages_py
[3.238s] [35m[1mScanning dependencies of target actionlib_msgs_generate_messages_lisp[0m
[3.250s] [  0%] Built target actionlib_msgs_generate_messages_lisp
[3.261s] [35m[1mScanning dependencies of target jsk_footstep_msgs_generate_messages_cpp[0m
[3.273s] [  0%] Built target jsk_footstep_msgs_generate_messages_cpp
[3.285s] [35m[1mScanning dependencies of target actionlib_msgs_generate_messages_cpp[0m
[3.298s] [  0%] Built target actionlib_msgs_generate_messages_cpp
[3.310s] [35m[1mScanning dependencies of target tf_generate_messages_eus[0m
[3.322s] [  0%] Built target tf_generate_messages_eus
[3.334s] [35m[1mScanning dependencies of target tf_generate_messages_lisp[0m
[3.345s] [  0%] Built target tf_generate_messages_lisp
[3.356s] [35m[1mScanning dependencies of target tf_generate_messages_nodejs[0m
[3.368s] [  0%] Built target tf_generate_messages_nodejs
[3.380s] [35m[1mScanning dependencies of target jsk_recognition_msgs_generate_messages_nodejs[0m
[3.392s] [  0%] Built target jsk_recognition_msgs_generate_messages_nodejs
[3.403s] [35m[1mScanning dependencies of target roscpp_generate_messages_lisp[0m
[3.415s] [  0%] Built target roscpp_generate_messages_lisp
[3.427s] [35m[1mScanning dependencies of target roscpp_generate_messages_py[0m
[3.438s] [  0%] Built target roscpp_generate_messages_py
[3.450s] [35m[1mScanning dependencies of target rosgraph_msgs_generate_messages_lisp[0m
[3.461s] [  0%] Built target rosgraph_msgs_generate_messages_lisp
[3.471s] [35m[1mScanning dependencies of target rosgraph_msgs_generate_messages_nodejs[0m
[3.483s] [  0%] Built target rosgraph_msgs_generate_messages_nodejs
[3.494s] [35m[1mScanning dependencies of target roscpp_generate_messages_eus[0m
[3.506s] [  0%] Built target roscpp_generate_messages_eus
[3.517s] [35m[1mScanning dependencies of target actionlib_msgs_generate_messages_eus[0m
[3.528s] [  0%] Built target actionlib_msgs_generate_messages_eus
[3.539s] [35m[1mScanning dependencies of target rosgraph_msgs_generate_messages_py[0m
[3.551s] [  0%] Built target rosgraph_msgs_generate_messages_py
[3.562s] [35m[1mScanning dependencies of target pcl_msgs_generate_messages_py[0m
[3.574s] [  0%] Built target pcl_msgs_generate_messages_py
[3.585s] [35m[1mScanning dependencies of target actionlib_generate_messages_eus[0m
[3.598s] [  0%] Built target actionlib_generate_messages_eus
[3.611s] [35m[1mScanning dependencies of target geometry_msgs_generate_messages_cpp[0m
[3.624s] [  0%] Built target geometry_msgs_generate_messages_cpp
[3.636s] [35m[1mScanning dependencies of target actionlib_generate_messages_lisp[0m
[3.647s] [  0%] Built target actionlib_generate_messages_lisp
[3.659s] [35m[1mScanning dependencies of target pcl_msgs_generate_messages_lisp[0m
[3.671s] [  0%] Built target pcl_msgs_generate_messages_lisp
[3.684s] [35m[1mScanning dependencies of target tf_generate_messages_cpp[0m
[3.710s] [  0%] Built target tf_generate_messages_cpp
[3.744s] [35m[1mScanning dependencies of target actionlib_generate_messages_nodejs[0m
[3.764s] [  0%] Built target actionlib_generate_messages_nodejs
[3.788s] [35m[1mScanning dependencies of target tf2_msgs_generate_messages_eus[0m
[3.803s] [  0%] Built target tf2_msgs_generate_messages_eus
[3.825s] [35m[1mScanning dependencies of target tf2_msgs_generate_messages_lisp[0m
[3.839s] [  0%] Built target tf2_msgs_generate_messages_lisp
[3.851s] [35m[1mScanning dependencies of target actionlib_generate_messages_py[0m
[3.882s] [  0%] Built target actionlib_generate_messages_py
[3.906s] [35m[1mScanning dependencies of target tf2_msgs_generate_messages_py[0m
[3.927s] [  0%] Built target tf2_msgs_generate_messages_py
[3.943s] [35m[1mScanning dependencies of target actionlib_generate_messages_cpp[0m
[3.986s] [  0%] Built target actionlib_generate_messages_cpp
[4.010s] [35m[1mScanning dependencies of target roscpp_generate_messages_cpp[0m
[4.025s] [  0%] Built target roscpp_generate_messages_cpp
[4.038s] [35m[1mScanning dependencies of target sensor_msgs_generate_messages_nodejs[0m
[4.050s] [  0%] Built target sensor_msgs_generate_messages_nodejs
[4.063s] [35m[1mScanning dependencies of target geometry_msgs_generate_messages_py[0m
[4.076s] [  0%] Built target geometry_msgs_generate_messages_py
[4.090s] [35m[1mScanning dependencies of target ekf_localizer[0m
[4.128s] [ 33%] [32mBuilding CXX object CMakeFiles/ekf_localizer.dir/src/ekf_localizer_node.cpp.o[0m
[8.234s] [ 66%] [32mBuilding CXX object CMakeFiles/ekf_localizer.dir/src/ekf_localizer.cpp.o[0m
[18.299s] [100%] [32m[1mLinking CXX executable devel/lib/ekf_localizer/ekf_localizer[0m
[18.517s] [100%] Built target ekf_localizer
[18.537s] Invoked command in '/home/yeap/APC_2022_Prac/airsimversion/autoware.ai/build/ekf_localizer' returned '0': CMAKE_PREFIX_PATH=/home/yeap/APC_2022_Prac/airsimversion/autoware.ai/install/amathutils_lib:/home/yeap/APC_2022_Prac/airsimversion/autoware.ai/install/autoware_msgs:/home/yeap/APC_2022_Prac/airsimversion/autoware.ai/install/autoware_build_flags:${CMAKE_PREFIX_PATH} LD_LIBRARY_PATH=/home/yeap/APC_2022_Prac/airsimversion/autoware.ai/install/amathutils_lib/lib:${LD_LIBRARY_PATH} PKG_CONFIG_PATH=/home/yeap/APC_2022_Prac/airsimversion/autoware.ai/install/amathutils_lib/lib/x86_64-linux-gnu/pkgconfig:/home/yeap/APC_2022_Prac/airsimversion/autoware.ai/install/amathutils_lib/lib/pkgconfig:/home/yeap/APC_2022_Prac/airsimversion/autoware.ai/install/autoware_msgs/lib/x86_64-linux-gnu/pkgconfig:/home/yeap/APC_2022_Prac/airsimversion/autoware.ai/install/autoware_msgs/lib/pkgconfig:/home/yeap/APC_2022_Prac/airsimversion/autoware.ai/install/autoware_build_flags/lib/x86_64-linux-gnu/pkgconfig:/home/yeap/APC_2022_Prac/airsimversion/autoware.ai/install/autoware_build_flags/lib/pkgconfig:${PKG_CONFIG_PATH} PYTHONPATH=/home/yeap/APC_2022_Prac/airsimversion/autoware.ai/install/autoware_msgs/lib/python2.7/dist-packages:${PYTHONPATH} ROS_PACKAGE_PATH=/home/yeap/APC_2022_Prac/airsimversion/autoware.ai/install/amathutils_lib/share:/home/yeap/APC_2022_Prac/airsimversion/autoware.ai/install/autoware_msgs/share:/home/yeap/APC_2022_Prac/airsimversion/autoware.ai/install/autoware_build_flags/share:${ROS_PACKAGE_PATH} /usr/bin/cmake --build /home/yeap/APC_2022_Prac/airsimversion/autoware.ai/build/ekf_localizer -- -j6 -l6
[18.646s] Invoking command in '/home/yeap/APC_2022_Prac/airsimversion/autoware.ai/build/ekf_localizer': CMAKE_PREFIX_PATH=/home/yeap/APC_2022_Prac/airsimversion/autoware.ai/install/amathutils_lib:/home/yeap/APC_2022_Prac/airsimversion/autoware.ai/install/autoware_msgs:/home/yeap/APC_2022_Prac/airsimversion/autoware.ai/install/autoware_build_flags:${CMAKE_PREFIX_PATH} LD_LIBRARY_PATH=/home/yeap/APC_2022_Prac/airsimversion/autoware.ai/install/amathutils_lib/lib:${LD_LIBRARY_PATH} PKG_CONFIG_PATH=/home/yeap/APC_2022_Prac/airsimversion/autoware.ai/install/amathutils_lib/lib/x86_64-linux-gnu/pkgconfig:/home/yeap/APC_2022_Prac/airsimversion/autoware.ai/install/amathutils_lib/lib/pkgconfig:/home/yeap/APC_2022_Prac/airsimversion/autoware.ai/install/autoware_msgs/lib/x86_64-linux-gnu/pkgconfig:/home/yeap/APC_2022_Prac/airsimversion/autoware.ai/install/autoware_msgs/lib/pkgconfig:/home/yeap/APC_2022_Prac/airsimversion/autoware.ai/install/autoware_build_flags/lib/x86_64-linux-gnu/pkgconfig:/home/yeap/APC_2022_Prac/airsimversion/autoware.ai/install/autoware_build_flags/lib/pkgconfig:${PKG_CONFIG_PATH} PYTHONPATH=/home/yeap/APC_2022_Prac/airsimversion/autoware.ai/install/autoware_msgs/lib/python2.7/dist-packages:${PYTHONPATH} ROS_PACKAGE_PATH=/home/yeap/APC_2022_Prac/airsimversion/autoware.ai/install/amathutils_lib/share:/home/yeap/APC_2022_Prac/airsimversion/autoware.ai/install/autoware_msgs/share:/home/yeap/APC_2022_Prac/airsimversion/autoware.ai/install/autoware_build_flags/share:${ROS_PACKAGE_PATH} /usr/bin/cmake --build /home/yeap/APC_2022_Prac/airsimversion/autoware.ai/build/ekf_localizer --target tests -- -j6 -l6
[18.714s] [35m[1mScanning dependencies of target gtest[0m
[18.734s] [ 20%] [32mBuilding CXX object gtest/googlemock/gtest/CMakeFiles/gtest.dir/src/gtest-all.cc.o[0m
[23.944s] [ 40%] [32m[1mLinking CXX shared library libgtest.so[0m
[24.056s] [ 40%] Built target gtest
[24.068s] [35m[1mScanning dependencies of target ekf_localizer-test[0m
[24.106s] [ 60%] [32mBuilding CXX object CMakeFiles/ekf_localizer-test.dir/test/src/test_ekf_localizer.cpp.o[0m
[30.335s] [ 80%] [32mBuilding CXX object CMakeFiles/ekf_localizer-test.dir/src/ekf_localizer.cpp.o[0m
[40.347s] [100%] [32m[1mLinking CXX executable devel/lib/ekf_localizer/ekf_localizer-test[0m
[40.601s] [100%] Built target ekf_localizer-test
[40.623s] [35m[1mScanning dependencies of target tests[0m
[40.634s] [100%] Built target tests
[40.650s] Invoked command in '/home/yeap/APC_2022_Prac/airsimversion/autoware.ai/build/ekf_localizer' returned '0': CMAKE_PREFIX_PATH=/home/yeap/APC_2022_Prac/airsimversion/autoware.ai/install/amathutils_lib:/home/yeap/APC_2022_Prac/airsimversion/autoware.ai/install/autoware_msgs:/home/yeap/APC_2022_Prac/airsimversion/autoware.ai/install/autoware_build_flags:${CMAKE_PREFIX_PATH} LD_LIBRARY_PATH=/home/yeap/APC_2022_Prac/airsimversion/autoware.ai/install/amathutils_lib/lib:${LD_LIBRARY_PATH} PKG_CONFIG_PATH=/home/yeap/APC_2022_Prac/airsimversion/autoware.ai/install/amathutils_lib/lib/x86_64-linux-gnu/pkgconfig:/home/yeap/APC_2022_Prac/airsimversion/autoware.ai/install/amathutils_lib/lib/pkgconfig:/home/yeap/APC_2022_Prac/airsimversion/autoware.ai/install/autoware_msgs/lib/x86_64-linux-gnu/pkgconfig:/home/yeap/APC_2022_Prac/airsimversion/autoware.ai/install/autoware_msgs/lib/pkgconfig:/home/yeap/APC_2022_Prac/airsimversion/autoware.ai/install/autoware_build_flags/lib/x86_64-linux-gnu/pkgconfig:/home/yeap/APC_2022_Prac/airsimversion/autoware.ai/install/autoware_build_flags/lib/pkgconfig:${PKG_CONFIG_PATH} PYTHONPATH=/home/yeap/APC_2022_Prac/airsimversion/autoware.ai/install/autoware_msgs/lib/python2.7/dist-packages:${PYTHONPATH} ROS_PACKAGE_PATH=/home/yeap/APC_2022_Prac/airsimversion/autoware.ai/install/amathutils_lib/share:/home/yeap/APC_2022_Prac/airsimversion/autoware.ai/install/autoware_msgs/share:/home/yeap/APC_2022_Prac/airsimversion/autoware.ai/install/autoware_build_flags/share:${ROS_PACKAGE_PATH} /usr/bin/cmake --build /home/yeap/APC_2022_Prac/airsimversion/autoware.ai/build/ekf_localizer --target tests -- -j6 -l6
[40.748s] Invoking command in '/home/yeap/APC_2022_Prac/airsimversion/autoware.ai/build/ekf_localizer': CMAKE_PREFIX_PATH=/home/yeap/APC_2022_Prac/airsimversion/autoware.ai/install/amathutils_lib:/home/yeap/APC_2022_Prac/airsimversion/autoware.ai/install/autoware_msgs:/home/yeap/APC_2022_Prac/airsimversion/autoware.ai/install/autoware_build_flags:${CMAKE_PREFIX_PATH} LD_LIBRARY_PATH=/home/yeap/APC_2022_Prac/airsimversion/autoware.ai/install/amathutils_lib/lib:${LD_LIBRARY_PATH} PKG_CONFIG_PATH=/home/yeap/APC_2022_Prac/airsimversion/autoware.ai/install/amathutils_lib/lib/x86_64-linux-gnu/pkgconfig:/home/yeap/APC_2022_Prac/airsimversion/autoware.ai/install/amathutils_lib/lib/pkgconfig:/home/yeap/APC_2022_Prac/airsimversion/autoware.ai/install/autoware_msgs/lib/x86_64-linux-gnu/pkgconfig:/home/yeap/APC_2022_Prac/airsimversion/autoware.ai/install/autoware_msgs/lib/pkgconfig:/home/yeap/APC_2022_Prac/airsimversion/autoware.ai/install/autoware_build_flags/lib/x86_64-linux-gnu/pkgconfig:/home/yeap/APC_2022_Prac/airsimversion/autoware.ai/install/autoware_build_flags/lib/pkgconfig:${PKG_CONFIG_PATH} PYTHONPATH=/home/yeap/APC_2022_Prac/airsimversion/autoware.ai/install/autoware_msgs/lib/python2.7/dist-packages:${PYTHONPATH} ROS_PACKAGE_PATH=/home/yeap/APC_2022_Prac/airsimversion/autoware.ai/install/amathutils_lib/share:/home/yeap/APC_2022_Prac/airsimversion/autoware.ai/install/autoware_msgs/share:/home/yeap/APC_2022_Prac/airsimversion/autoware.ai/install/autoware_build_flags/share:${ROS_PACKAGE_PATH} /usr/bin/cmake --build /home/yeap/APC_2022_Prac/airsimversion/autoware.ai/build/ekf_localizer --target install -- -j6 -l6
[40.815s] [  0%] Built target tf2_msgs_generate_messages_nodejs
[40.838s] [  0%] Built target pcl_msgs_generate_messages_eus
[40.862s] [  0%] Built target rosgraph_msgs_generate_messages_eus
[40.886s] [  0%] Built target jsk_recognition_msgs_generate_messages_lisp
[40.918s] [  0%] Built target jsk_recognition_msgs_generate_messages_eus
[40.942s] [  0%] Built target tf2_msgs_generate_messages_cpp
[40.966s] [  0%] Built target std_msgs_generate_messages_py
[40.989s] [  0%] Built target autoware_msgs_generate_messages_py
[41.013s] [  0%] Built target sensor_msgs_generate_messages_eus
[41.038s] [  0%] Built target _catkin_empty_exported_target
[41.069s] [  0%] Built target sensor_msgs_generate_messages_cpp
[41.093s] [  0%] Built target autoware_msgs_generate_messages_cpp
[41.117s] [  0%] Built target rosgraph_msgs_generate_messages_cpp
[41.140s] [  0%] Built target std_msgs_generate_messages_nodejs
[41.164s] [  0%] Built target pcl_msgs_generate_messages_nodejs
[41.191s] [  0%] Built target jsk_recognition_msgs_generate_messages_py
[41.215s] [  0%] Built target sensor_msgs_generate_messages_lisp
[41.241s] [  0%] Built target sensor_msgs_generate_messages_py
[41.267s] [  0%] Built target std_msgs_generate_messages_cpp
[41.290s] [  0%] Built target jsk_footstep_msgs_generate_messages_py
[41.314s] [  0%] Built target actionlib_msgs_generate_messages_nodejs
[41.342s] [  0%] Built target geometry_msgs_generate_messages_eus
[41.374s] [  0%] Built target std_msgs_generate_messages_lisp
[41.397s] [  0%] Built target roscpp_generate_messages_nodejs
[41.420s] [  0%] Built target geometry_msgs_generate_messages_nodejs
[41.445s] [  0%] Built target geometry_msgs_generate_messages_lisp
[41.471s] [  0%] Built target pcl_msgs_generate_messages_cpp
[41.494s] [  0%] Built target jsk_recognition_msgs_generate_messages_cpp
[41.524s] [  0%] Built target autoware_msgs_generate_messages_eus
[41.547s] [  0%] Built target autoware_msgs_generate_messages_lisp
[41.570s] [  0%] Built target std_msgs_generate_messages_eus
[41.595s] [  0%] Built target autoware_msgs_generate_messages_nodejs
[41.628s] [  0%] Built target jsk_footstep_msgs_generate_messages_eus
[41.651s] [  0%] Built target actionlib_msgs_generate_messages_py
[41.675s] [  0%] Built target jsk_footstep_msgs_generate_messages_lisp
[41.698s] [  0%] Built target jsk_footstep_msgs_generate_messages_nodejs
[41.732s] [  0%] Built target tf_generate_messages_py
[41.755s] [  0%] Built target actionlib_msgs_generate_messages_lisp
[41.777s] [  0%] Built target jsk_footstep_msgs_generate_messages_cpp
[41.801s] [  0%] Built target actionlib_msgs_generate_messages_cpp
[41.831s] [  0%] Built target tf_generate_messages_eus
[41.854s] [  0%] Built target tf_generate_messages_lisp
[41.876s] [  0%] Built target tf_generate_messages_nodejs
[41.898s] [  0%] Built target jsk_recognition_msgs_generate_messages_nodejs
[41.921s] [  0%] Built target roscpp_generate_messages_lisp
[41.945s] [  0%] Built target roscpp_generate_messages_py
[41.967s] [  0%] Built target rosgraph_msgs_generate_messages_lisp
[41.990s] [  0%] Built target rosgraph_msgs_generate_messages_nodejs
[42.012s] [  0%] Built target roscpp_generate_messages_eus
[42.036s] [  0%] Built target actionlib_msgs_generate_messages_eus
[42.059s] [  0%] Built target rosgraph_msgs_generate_messages_py
[42.081s] [  0%] Built target pcl_msgs_generate_messages_py
[42.104s] [  0%] Built target actionlib_generate_messages_eus
[42.129s] [  0%] Built target geometry_msgs_generate_messages_cpp
[42.152s] [  0%] Built target actionlib_generate_messages_lisp
[42.174s] [  0%] Built target pcl_msgs_generate_messages_lisp
[42.196s] [  0%] Built target tf_generate_messages_cpp
[42.219s] [  0%] Built target actionlib_generate_messages_nodejs
[42.243s] [  0%] Built target tf2_msgs_generate_messages_eus
[42.265s] [  0%] Built target tf2_msgs_generate_messages_lisp
[42.287s] [  0%] Built target actionlib_generate_messages_py
[42.311s] [  0%] Built target tf2_msgs_generate_messages_py
[42.334s] [  0%] Built target actionlib_generate_messages_cpp
[42.360s] [  0%] Built target roscpp_generate_messages_cpp
[42.383s] [  0%] Built target sensor_msgs_generate_messages_nodejs
[42.405s] [  0%] Built target geometry_msgs_generate_messages_py
[42.437s] [100%] Built target ekf_localizer
[42.460s] [36mInstall the project...[0m
[42.471s] -- Install configuration: "Release"
[42.471s] -- Installing: /home/yeap/APC_2022_Prac/airsimversion/autoware.ai/install/ekf_localizer/lib/pkgconfig/ekf_localizer.pc
[42.480s] -- Installing: /home/yeap/APC_2022_Prac/airsimversion/autoware.ai/install/ekf_localizer/share/ekf_localizer/cmake/ekf_localizerConfig.cmake
[42.480s] -- Installing: /home/yeap/APC_2022_Prac/airsimversion/autoware.ai/install/ekf_localizer/share/ekf_localizer/cmake/ekf_localizerConfig-version.cmake
[42.488s] -- Installing: /home/yeap/APC_2022_Prac/airsimversion/autoware.ai/install/ekf_localizer/share/ekf_localizer/package.xml
[42.488s] -- Installing: /home/yeap/APC_2022_Prac/airsimversion/autoware.ai/install/ekf_localizer/lib/ekf_localizer/ekf_localizer
[42.490s] -- Set runtime path of "/home/yeap/APC_2022_Prac/airsimversion/autoware.ai/install/ekf_localizer/lib/ekf_localizer/ekf_localizer" to ""
[42.490s] -- Installing: /home/yeap/APC_2022_Prac/airsimversion/autoware.ai/install/ekf_localizer/include/ekf_localizer
[42.490s] -- Installing: /home/yeap/APC_2022_Prac/airsimversion/autoware.ai/install/ekf_localizer/include/ekf_localizer/ekf_localizer.h
[42.491s] -- Installing: /home/yeap/APC_2022_Prac/airsimversion/autoware.ai/install/ekf_localizer/share/ekf_localizer/launch
[42.491s] -- Installing: /home/yeap/APC_2022_Prac/airsimversion/autoware.ai/install/ekf_localizer/share/ekf_localizer/launch/ekf_localizer.launch
[42.500s] Invoked command in '/home/yeap/APC_2022_Prac/airsimversion/autoware.ai/build/ekf_localizer' returned '0': CMAKE_PREFIX_PATH=/home/yeap/APC_2022_Prac/airsimversion/autoware.ai/install/amathutils_lib:/home/yeap/APC_2022_Prac/airsimversion/autoware.ai/install/autoware_msgs:/home/yeap/APC_2022_Prac/airsimversion/autoware.ai/install/autoware_build_flags:${CMAKE_PREFIX_PATH} LD_LIBRARY_PATH=/home/yeap/APC_2022_Prac/airsimversion/autoware.ai/install/amathutils_lib/lib:${LD_LIBRARY_PATH} PKG_CONFIG_PATH=/home/yeap/APC_2022_Prac/airsimversion/autoware.ai/install/amathutils_lib/lib/x86_64-linux-gnu/pkgconfig:/home/yeap/APC_2022_Prac/airsimversion/autoware.ai/install/amathutils_lib/lib/pkgconfig:/home/yeap/APC_2022_Prac/airsimversion/autoware.ai/install/autoware_msgs/lib/x86_64-linux-gnu/pkgconfig:/home/yeap/APC_2022_Prac/airsimversion/autoware.ai/install/autoware_msgs/lib/pkgconfig:/home/yeap/APC_2022_Prac/airsimversion/autoware.ai/install/autoware_build_flags/lib/x86_64-linux-gnu/pkgconfig:/home/yeap/APC_2022_Prac/airsimversion/autoware.ai/install/autoware_build_flags/lib/pkgconfig:${PKG_CONFIG_PATH} PYTHONPATH=/home/yeap/APC_2022_Prac/airsimversion/autoware.ai/install/autoware_msgs/lib/python2.7/dist-packages:${PYTHONPATH} ROS_PACKAGE_PATH=/home/yeap/APC_2022_Prac/airsimversion/autoware.ai/install/amathutils_lib/share:/home/yeap/APC_2022_Prac/airsimversion/autoware.ai/install/autoware_msgs/share:/home/yeap/APC_2022_Prac/airsimversion/autoware.ai/install/autoware_build_flags/share:${ROS_PACKAGE_PATH} /usr/bin/cmake --build /home/yeap/APC_2022_Prac/airsimversion/autoware.ai/build/ekf_localizer --target install -- -j6 -l6
