[0.015s] Invoking command in '/home/yeap/APC_2022_Prac/airsimversion/autoware.ai/build/calibration_publisher': CMAKE_PREFIX_PATH=/home/yeap/APC_2022_Prac/airsimversion/autoware.ai/install/autoware_msgs:/home/yeap/APC_2022_Prac/airsimversion/autoware.ai/install/autoware_build_flags:${CMAKE_PREFIX_PATH} PKG_CONFIG_PATH=/home/yeap/APC_2022_Prac/airsimversion/autoware.ai/install/autoware_msgs/lib/x86_64-linux-gnu/pkgconfig:/home/yeap/APC_2022_Prac/airsimversion/autoware.ai/install/autoware_msgs/lib/pkgconfig:/home/yeap/APC_2022_Prac/airsimversion/autoware.ai/install/autoware_build_flags/lib/x86_64-linux-gnu/pkgconfig:/home/yeap/APC_2022_Prac/airsimversion/autoware.ai/install/autoware_build_flags/lib/pkgconfig:${PKG_CONFIG_PATH} PYTHONPATH=/home/yeap/APC_2022_Prac/airsimversion/autoware.ai/install/autoware_msgs/lib/python2.7/dist-packages:${PYTHONPATH} ROS_PACKAGE_PATH=/home/yeap/APC_2022_Prac/airsimversion/autoware.ai/install/autoware_msgs/share:/home/yeap/APC_2022_Prac/airsimversion/autoware.ai/install/autoware_build_flags/share:${ROS_PACKAGE_PATH} /usr/bin/cmake /home/yeap/APC_2022_Prac/airsimversion/autoware.ai/src/autoware/utilities/calibration_publisher -DCMAKE_BUILD_TYPE=Release -DCATKIN_INSTALL_INTO_PREFIX_ROOT=0 -DCMAKE_INSTALL_PREFIX=/home/yeap/APC_2022_Prac/airsimversion/autoware.ai/install/calibration_publisher
[0.093s] -- The C compiler identification is GNU 7.5.0
[0.159s] -- The CXX compiler identification is GNU 7.5.0
[0.166s] -- Check for working C compiler: /usr/bin/cc
[0.263s] -- Check for working C compiler: /usr/bin/cc -- works
[0.264s] -- Detecting C compiler ABI info
[0.341s] -- Detecting C compiler ABI info - done
[0.352s] -- Detecting C compile features
[0.588s] -- Detecting C compile features - done
[0.592s] -- Check for working CXX compiler: /usr/bin/c++
[0.682s] -- Check for working CXX compiler: /usr/bin/c++ -- works
[0.682s] -- Detecting CXX compiler ABI info
[0.768s] -- Detecting CXX compiler ABI info - done
[0.776s] -- Detecting CXX compile features
[1.177s] -- Detecting CXX compile features - done
[1.178s] -- CUDA compilation status: .
[1.180s] -- Using CATKIN_DEVEL_PREFIX: /home/yeap/APC_2022_Prac/airsimversion/autoware.ai/build/calibration_publisher/devel
[1.180s] -- Using CMAKE_PREFIX_PATH: /home/yeap/APC_2022_Prac/airsimversion/autoware.ai/install/autoware_msgs;/home/yeap/APC_2022_Prac/airsimversion/autoware.ai/install/autoware_build_flags;/opt/ros/melodic
[1.180s] -- This workspace overlays: /home/yeap/APC_2022_Prac/airsimversion/autoware.ai/install/autoware_msgs;/home/yeap/APC_2022_Prac/airsimversion/autoware.ai/install/autoware_build_flags;/opt/ros/melodic
[1.197s] -- Found PythonInterp: /usr/bin/python2 (found suitable version "2.7.17", minimum required is "2") 
[1.197s] -- Using PYTHON_EXECUTABLE: /usr/bin/python2
[1.197s] -- Using Debian Python package layout
[1.197s] -- Using empy: /usr/bin/empy
[1.372s] -- Using CATKIN_ENABLE_TESTING: ON
[1.372s] -- Call enable_testing()
[1.374s] -- Using CATKIN_TEST_RESULTS_DIR: /home/yeap/APC_2022_Prac/airsimversion/autoware.ai/build/calibration_publisher/test_results
[1.400s] -- Found gtest sources under '/usr/src/googletest': gtests will be built
[1.400s] -- Found gmock sources under '/usr/src/googletest': gmock will be built
[1.415s] -- Found PythonInterp: /usr/bin/python2 (found version "2.7.17") 
[1.416s] -- Looking for pthread.h
[1.502s] -- Looking for pthread.h - found
[1.504s] -- Looking for pthread_create
[1.583s] -- Looking for pthread_create - not found
[1.583s] -- Looking for pthread_create in pthreads
[1.641s] -- Looking for pthread_create in pthreads - not found
[1.641s] -- Looking for pthread_create in pthread
[1.712s] -- Looking for pthread_create in pthread - found
[1.713s] -- Found Threads: TRUE  
[1.718s] -- Using Python nosetests: /usr/bin/nosetests-2.7
[1.767s] -- catkin 0.7.29
[1.767s] -- BUILD_SHARED_LIBS is on
[1.922s] -- Using these message generators: gencpp;geneus;genlisp;gennodejs;genpy
[2.159s] -- Found OpenCV: /usr (found version "3.2.0") 
[2.295s] -- Configuring done
[2.327s] -- Generating done
[2.337s] -- Build files have been written to: /home/yeap/APC_2022_Prac/airsimversion/autoware.ai/build/calibration_publisher
[2.343s] Invoked command in '/home/yeap/APC_2022_Prac/airsimversion/autoware.ai/build/calibration_publisher' returned '0': CMAKE_PREFIX_PATH=/home/yeap/APC_2022_Prac/airsimversion/autoware.ai/install/autoware_msgs:/home/yeap/APC_2022_Prac/airsimversion/autoware.ai/install/autoware_build_flags:${CMAKE_PREFIX_PATH} PKG_CONFIG_PATH=/home/yeap/APC_2022_Prac/airsimversion/autoware.ai/install/autoware_msgs/lib/x86_64-linux-gnu/pkgconfig:/home/yeap/APC_2022_Prac/airsimversion/autoware.ai/install/autoware_msgs/lib/pkgconfig:/home/yeap/APC_2022_Prac/airsimversion/autoware.ai/install/autoware_build_flags/lib/x86_64-linux-gnu/pkgconfig:/home/yeap/APC_2022_Prac/airsimversion/autoware.ai/install/autoware_build_flags/lib/pkgconfig:${PKG_CONFIG_PATH} PYTHONPATH=/home/yeap/APC_2022_Prac/airsimversion/autoware.ai/install/autoware_msgs/lib/python2.7/dist-packages:${PYTHONPATH} ROS_PACKAGE_PATH=/home/yeap/APC_2022_Prac/airsimversion/autoware.ai/install/autoware_msgs/share:/home/yeap/APC_2022_Prac/airsimversion/autoware.ai/install/autoware_build_flags/share:${ROS_PACKAGE_PATH} /usr/bin/cmake /home/yeap/APC_2022_Prac/airsimversion/autoware.ai/src/autoware/utilities/calibration_publisher -DCMAKE_BUILD_TYPE=Release -DCATKIN_INSTALL_INTO_PREFIX_ROOT=0 -DCMAKE_INSTALL_PREFIX=/home/yeap/APC_2022_Prac/airsimversion/autoware.ai/install/calibration_publisher
[2.346s] Invoking command in '/home/yeap/APC_2022_Prac/airsimversion/autoware.ai/build/calibration_publisher': CMAKE_PREFIX_PATH=/home/yeap/APC_2022_Prac/airsimversion/autoware.ai/install/autoware_msgs:/home/yeap/APC_2022_Prac/airsimversion/autoware.ai/install/autoware_build_flags:${CMAKE_PREFIX_PATH} PKG_CONFIG_PATH=/home/yeap/APC_2022_Prac/airsimversion/autoware.ai/install/autoware_msgs/lib/x86_64-linux-gnu/pkgconfig:/home/yeap/APC_2022_Prac/airsimversion/autoware.ai/install/autoware_msgs/lib/pkgconfig:/home/yeap/APC_2022_Prac/airsimversion/autoware.ai/install/autoware_build_flags/lib/x86_64-linux-gnu/pkgconfig:/home/yeap/APC_2022_Prac/airsimversion/autoware.ai/install/autoware_build_flags/lib/pkgconfig:${PKG_CONFIG_PATH} PYTHONPATH=/home/yeap/APC_2022_Prac/airsimversion/autoware.ai/install/autoware_msgs/lib/python2.7/dist-packages:${PYTHONPATH} ROS_PACKAGE_PATH=/home/yeap/APC_2022_Prac/airsimversion/autoware.ai/install/autoware_msgs/share:/home/yeap/APC_2022_Prac/airsimversion/autoware.ai/install/autoware_build_flags/share:${ROS_PACKAGE_PATH} /usr/bin/cmake --build /home/yeap/APC_2022_Prac/airsimversion/autoware.ai/build/calibration_publisher -- -j6 -l6
[2.401s] [35m[1mScanning dependencies of target autoware_msgs_generate_messages_cpp[0m
[2.413s] [  0%] Built target autoware_msgs_generate_messages_cpp
[2.431s] [35m[1mScanning dependencies of target pcl_msgs_generate_messages_eus[0m
[2.444s] [  0%] Built target pcl_msgs_generate_messages_eus
[2.463s] [35m[1mScanning dependencies of target rosgraph_msgs_generate_messages_eus[0m
[2.475s] [  0%] Built target rosgraph_msgs_generate_messages_eus
[2.486s] [35m[1mScanning dependencies of target jsk_recognition_msgs_generate_messages_lisp[0m
[2.498s] [  0%] Built target jsk_recognition_msgs_generate_messages_lisp
[2.509s] [35m[1mScanning dependencies of target jsk_recognition_msgs_generate_messages_eus[0m
[2.523s] [  0%] Built target jsk_recognition_msgs_generate_messages_eus
[2.533s] [35m[1mScanning dependencies of target tf2_msgs_generate_messages_cpp[0m
[2.545s] [  0%] Built target tf2_msgs_generate_messages_cpp
[2.556s] [35m[1mScanning dependencies of target std_msgs_generate_messages_py[0m
[2.567s] [  0%] Built target std_msgs_generate_messages_py
[2.578s] [35m[1mScanning dependencies of target autoware_msgs_generate_messages_py[0m
[2.589s] [  0%] Built target autoware_msgs_generate_messages_py
[2.600s] [35m[1mScanning dependencies of target std_msgs_generate_messages_nodejs[0m
[2.610s] [  0%] Built target std_msgs_generate_messages_nodejs
[2.621s] [35m[1mScanning dependencies of target sensor_msgs_generate_messages_eus[0m
[2.634s] [  0%] Built target sensor_msgs_generate_messages_eus
[2.654s] [35m[1mScanning dependencies of target _catkin_empty_exported_target[0m
[2.664s] [  0%] Built target _catkin_empty_exported_target
[2.675s] [35m[1mScanning dependencies of target sensor_msgs_generate_messages_cpp[0m
[2.688s] [  0%] Built target sensor_msgs_generate_messages_cpp
[2.700s] [35m[1mScanning dependencies of target rosgraph_msgs_generate_messages_cpp[0m
[2.718s] [  0%] Built target rosgraph_msgs_generate_messages_cpp
[2.730s] [35m[1mScanning dependencies of target pcl_msgs_generate_messages_nodejs[0m
[2.745s] [  0%] Built target pcl_msgs_generate_messages_nodejs
[2.755s] [35m[1mScanning dependencies of target jsk_recognition_msgs_generate_messages_py[0m
[2.766s] [  0%] Built target jsk_recognition_msgs_generate_messages_py
[2.776s] [35m[1mScanning dependencies of target sensor_msgs_generate_messages_lisp[0m
[2.789s] [  0%] Built target sensor_msgs_generate_messages_lisp
[2.809s] [35m[1mScanning dependencies of target sensor_msgs_generate_messages_py[0m
[2.819s] [  0%] Built target sensor_msgs_generate_messages_py
[2.829s] [35m[1mScanning dependencies of target tf_generate_messages_py[0m
[2.841s] [  0%] Built target tf_generate_messages_py
[2.855s] [35m[1mScanning dependencies of target std_msgs_generate_messages_cpp[0m
[2.869s] [  0%] Built target std_msgs_generate_messages_cpp
[2.883s] [35m[1mScanning dependencies of target jsk_footstep_msgs_generate_messages_py[0m
[2.893s] [  0%] Built target jsk_footstep_msgs_generate_messages_py
[2.903s] [35m[1mScanning dependencies of target actionlib_msgs_generate_messages_nodejs[0m
[2.915s] [  0%] Built target actionlib_msgs_generate_messages_nodejs
[2.926s] [35m[1mScanning dependencies of target geometry_msgs_generate_messages_eus[0m
[2.940s] [  0%] Built target geometry_msgs_generate_messages_eus
[2.950s] [35m[1mScanning dependencies of target std_msgs_generate_messages_lisp[0m
[2.962s] [  0%] Built target std_msgs_generate_messages_lisp
[2.973s] [35m[1mScanning dependencies of target roscpp_generate_messages_nodejs[0m
[2.984s] [  0%] Built target roscpp_generate_messages_nodejs
[2.996s] [35m[1mScanning dependencies of target geometry_msgs_generate_messages_nodejs[0m
[3.008s] [  0%] Built target geometry_msgs_generate_messages_nodejs
[3.021s] [35m[1mScanning dependencies of target geometry_msgs_generate_messages_lisp[0m
[3.042s] [  0%] Built target geometry_msgs_generate_messages_lisp
[3.059s] [35m[1mScanning dependencies of target pcl_msgs_generate_messages_cpp[0m
[3.073s] [  0%] Built target pcl_msgs_generate_messages_cpp
[3.084s] [35m[1mScanning dependencies of target jsk_recognition_msgs_generate_messages_cpp[0m
[3.095s] [  0%] Built target jsk_recognition_msgs_generate_messages_cpp
[3.106s] [35m[1mScanning dependencies of target autoware_msgs_generate_messages_eus[0m
[3.117s] [  0%] Built target autoware_msgs_generate_messages_eus
[3.130s] [35m[1mScanning dependencies of target autoware_msgs_generate_messages_lisp[0m
[3.142s] [  0%] Built target autoware_msgs_generate_messages_lisp
[3.155s] [35m[1mScanning dependencies of target autoware_msgs_generate_messages_nodejs[0m
[3.169s] [  0%] Built target autoware_msgs_generate_messages_nodejs
[3.179s] [35m[1mScanning dependencies of target jsk_footstep_msgs_generate_messages_eus[0m
[3.194s] [  0%] Built target jsk_footstep_msgs_generate_messages_eus
[3.206s] [35m[1mScanning dependencies of target actionlib_msgs_generate_messages_py[0m
[3.217s] [  0%] Built target actionlib_msgs_generate_messages_py
[3.229s] [35m[1mScanning dependencies of target jsk_footstep_msgs_generate_messages_lisp[0m
[3.240s] [  0%] Built target jsk_footstep_msgs_generate_messages_lisp
[3.257s] [35m[1mScanning dependencies of target jsk_footstep_msgs_generate_messages_nodejs[0m
[3.268s] [  0%] Built target jsk_footstep_msgs_generate_messages_nodejs
[3.280s] [35m[1mScanning dependencies of target actionlib_msgs_generate_messages_lisp[0m
[3.291s] [  0%] Built target actionlib_msgs_generate_messages_lisp
[3.302s] [35m[1mScanning dependencies of target jsk_recognition_msgs_generate_messages_nodejs[0m
[3.313s] [  0%] Built target jsk_recognition_msgs_generate_messages_nodejs
[3.324s] [35m[1mScanning dependencies of target roscpp_generate_messages_lisp[0m
[3.335s] [  0%] Built target roscpp_generate_messages_lisp
[3.346s] [35m[1mScanning dependencies of target roscpp_generate_messages_py[0m
[3.359s] [  0%] Built target roscpp_generate_messages_py
[3.368s] [35m[1mScanning dependencies of target rosgraph_msgs_generate_messages_lisp[0m
[3.379s] [  0%] Built target rosgraph_msgs_generate_messages_lisp
[3.393s] [35m[1mScanning dependencies of target rosgraph_msgs_generate_messages_nodejs[0m
[3.403s] [  0%] Built target rosgraph_msgs_generate_messages_nodejs
[3.415s] [35m[1mScanning dependencies of target roscpp_generate_messages_eus[0m
[3.426s] [  0%] Built target roscpp_generate_messages_eus
[3.441s] [35m[1mScanning dependencies of target actionlib_msgs_generate_messages_eus[0m
[3.452s] [  0%] Built target actionlib_msgs_generate_messages_eus
[3.463s] [35m[1mScanning dependencies of target rosgraph_msgs_generate_messages_py[0m
[3.484s] [  0%] Built target rosgraph_msgs_generate_messages_py
[3.494s] [35m[1mScanning dependencies of target jsk_footstep_msgs_generate_messages_cpp[0m
[3.505s] [  0%] Built target jsk_footstep_msgs_generate_messages_cpp
[3.516s] [35m[1mScanning dependencies of target actionlib_msgs_generate_messages_cpp[0m
[3.528s] [  0%] Built target actionlib_msgs_generate_messages_cpp
[3.542s] [35m[1mScanning dependencies of target tf_generate_messages_eus[0m
[3.554s] [  0%] Built target tf_generate_messages_eus
[3.565s] [35m[1mScanning dependencies of target tf_generate_messages_lisp[0m
[3.577s] [  0%] Built target tf_generate_messages_lisp
[3.588s] [35m[1mScanning dependencies of target tf_generate_messages_nodejs[0m
[3.599s] [  0%] Built target tf_generate_messages_nodejs
[3.612s] [35m[1mScanning dependencies of target pcl_msgs_generate_messages_py[0m
[3.624s] [  0%] Built target pcl_msgs_generate_messages_py
[3.634s] [35m[1mScanning dependencies of target actionlib_generate_messages_eus[0m
[3.646s] [  0%] Built target actionlib_generate_messages_eus
[3.657s] [35m[1mScanning dependencies of target geometry_msgs_generate_messages_cpp[0m
[3.673s] [  0%] Built target geometry_msgs_generate_messages_cpp
[3.686s] [35m[1mScanning dependencies of target actionlib_generate_messages_lisp[0m
[3.698s] [  0%] Built target actionlib_generate_messages_lisp
[3.709s] [35m[1mScanning dependencies of target pcl_msgs_generate_messages_lisp[0m
[3.721s] [  0%] Built target pcl_msgs_generate_messages_lisp
[3.734s] [35m[1mScanning dependencies of target tf_generate_messages_cpp[0m
[3.746s] [  0%] Built target tf_generate_messages_cpp
[3.757s] [35m[1mScanning dependencies of target actionlib_generate_messages_nodejs[0m
[3.769s] [  0%] Built target actionlib_generate_messages_nodejs
[3.784s] [35m[1mScanning dependencies of target tf2_msgs_generate_messages_eus[0m
[3.796s] [  0%] Built target tf2_msgs_generate_messages_eus
[3.808s] [35m[1mScanning dependencies of target tf2_msgs_generate_messages_lisp[0m
[3.819s] [  0%] Built target tf2_msgs_generate_messages_lisp
[3.831s] [35m[1mScanning dependencies of target actionlib_generate_messages_py[0m
[3.843s] [  0%] Built target actionlib_generate_messages_py
[3.855s] [35m[1mScanning dependencies of target tf2_msgs_generate_messages_py[0m
[3.867s] [  0%] Built target tf2_msgs_generate_messages_py
[3.880s] [35m[1mScanning dependencies of target tf2_msgs_generate_messages_nodejs[0m
[3.890s] [  0%] Built target tf2_msgs_generate_messages_nodejs
[3.902s] [35m[1mScanning dependencies of target std_msgs_generate_messages_eus[0m
[3.913s] [  0%] Built target std_msgs_generate_messages_eus
[3.924s] [35m[1mScanning dependencies of target actionlib_generate_messages_cpp[0m
[3.936s] [  0%] Built target actionlib_generate_messages_cpp
[3.949s] [35m[1mScanning dependencies of target roscpp_generate_messages_cpp[0m
[3.960s] [  0%] Built target roscpp_generate_messages_cpp
[3.973s] [35m[1mScanning dependencies of target sensor_msgs_generate_messages_nodejs[0m
[3.985s] [  0%] Built target sensor_msgs_generate_messages_nodejs
[3.996s] [35m[1mScanning dependencies of target geometry_msgs_generate_messages_py[0m
[4.007s] [  0%] Built target geometry_msgs_generate_messages_py
[4.020s] [35m[1mScanning dependencies of target calibration_publisher[0m
[4.045s] [ 50%] [32mBuilding CXX object CMakeFiles/calibration_publisher.dir/src/calibration_publisher.cpp.o[0m
[8.043s] [100%] [32m[1mLinking CXX executable devel/lib/calibration_publisher/calibration_publisher[0m
[8.264s] [100%] Built target calibration_publisher
[8.279s] Invoked command in '/home/yeap/APC_2022_Prac/airsimversion/autoware.ai/build/calibration_publisher' returned '0': CMAKE_PREFIX_PATH=/home/yeap/APC_2022_Prac/airsimversion/autoware.ai/install/autoware_msgs:/home/yeap/APC_2022_Prac/airsimversion/autoware.ai/install/autoware_build_flags:${CMAKE_PREFIX_PATH} PKG_CONFIG_PATH=/home/yeap/APC_2022_Prac/airsimversion/autoware.ai/install/autoware_msgs/lib/x86_64-linux-gnu/pkgconfig:/home/yeap/APC_2022_Prac/airsimversion/autoware.ai/install/autoware_msgs/lib/pkgconfig:/home/yeap/APC_2022_Prac/airsimversion/autoware.ai/install/autoware_build_flags/lib/x86_64-linux-gnu/pkgconfig:/home/yeap/APC_2022_Prac/airsimversion/autoware.ai/install/autoware_build_flags/lib/pkgconfig:${PKG_CONFIG_PATH} PYTHONPATH=/home/yeap/APC_2022_Prac/airsimversion/autoware.ai/install/autoware_msgs/lib/python2.7/dist-packages:${PYTHONPATH} ROS_PACKAGE_PATH=/home/yeap/APC_2022_Prac/airsimversion/autoware.ai/install/autoware_msgs/share:/home/yeap/APC_2022_Prac/airsimversion/autoware.ai/install/autoware_build_flags/share:${ROS_PACKAGE_PATH} /usr/bin/cmake --build /home/yeap/APC_2022_Prac/airsimversion/autoware.ai/build/calibration_publisher -- -j6 -l6
[8.369s] Invoking command in '/home/yeap/APC_2022_Prac/airsimversion/autoware.ai/build/calibration_publisher': CMAKE_PREFIX_PATH=/home/yeap/APC_2022_Prac/airsimversion/autoware.ai/install/autoware_msgs:/home/yeap/APC_2022_Prac/airsimversion/autoware.ai/install/autoware_build_flags:${CMAKE_PREFIX_PATH} PKG_CONFIG_PATH=/home/yeap/APC_2022_Prac/airsimversion/autoware.ai/install/autoware_msgs/lib/x86_64-linux-gnu/pkgconfig:/home/yeap/APC_2022_Prac/airsimversion/autoware.ai/install/autoware_msgs/lib/pkgconfig:/home/yeap/APC_2022_Prac/airsimversion/autoware.ai/install/autoware_build_flags/lib/x86_64-linux-gnu/pkgconfig:/home/yeap/APC_2022_Prac/airsimversion/autoware.ai/install/autoware_build_flags/lib/pkgconfig:${PKG_CONFIG_PATH} PYTHONPATH=/home/yeap/APC_2022_Prac/airsimversion/autoware.ai/install/autoware_msgs/lib/python2.7/dist-packages:${PYTHONPATH} ROS_PACKAGE_PATH=/home/yeap/APC_2022_Prac/airsimversion/autoware.ai/install/autoware_msgs/share:/home/yeap/APC_2022_Prac/airsimversion/autoware.ai/install/autoware_build_flags/share:${ROS_PACKAGE_PATH} /usr/bin/cmake --build /home/yeap/APC_2022_Prac/airsimversion/autoware.ai/build/calibration_publisher --target tests -- -j6 -l6
[8.433s] [35m[1mScanning dependencies of target tests[0m
[8.444s] Built target tests
[8.461s] Invoked command in '/home/yeap/APC_2022_Prac/airsimversion/autoware.ai/build/calibration_publisher' returned '0': CMAKE_PREFIX_PATH=/home/yeap/APC_2022_Prac/airsimversion/autoware.ai/install/autoware_msgs:/home/yeap/APC_2022_Prac/airsimversion/autoware.ai/install/autoware_build_flags:${CMAKE_PREFIX_PATH} PKG_CONFIG_PATH=/home/yeap/APC_2022_Prac/airsimversion/autoware.ai/install/autoware_msgs/lib/x86_64-linux-gnu/pkgconfig:/home/yeap/APC_2022_Prac/airsimversion/autoware.ai/install/autoware_msgs/lib/pkgconfig:/home/yeap/APC_2022_Prac/airsimversion/autoware.ai/install/autoware_build_flags/lib/x86_64-linux-gnu/pkgconfig:/home/yeap/APC_2022_Prac/airsimversion/autoware.ai/install/autoware_build_flags/lib/pkgconfig:${PKG_CONFIG_PATH} PYTHONPATH=/home/yeap/APC_2022_Prac/airsimversion/autoware.ai/install/autoware_msgs/lib/python2.7/dist-packages:${PYTHONPATH} ROS_PACKAGE_PATH=/home/yeap/APC_2022_Prac/airsimversion/autoware.ai/install/autoware_msgs/share:/home/yeap/APC_2022_Prac/airsimversion/autoware.ai/install/autoware_build_flags/share:${ROS_PACKAGE_PATH} /usr/bin/cmake --build /home/yeap/APC_2022_Prac/airsimversion/autoware.ai/build/calibration_publisher --target tests -- -j6 -l6
[8.549s] Invoking command in '/home/yeap/APC_2022_Prac/airsimversion/autoware.ai/build/calibration_publisher': CMAKE_PREFIX_PATH=/home/yeap/APC_2022_Prac/airsimversion/autoware.ai/install/autoware_msgs:/home/yeap/APC_2022_Prac/airsimversion/autoware.ai/install/autoware_build_flags:${CMAKE_PREFIX_PATH} PKG_CONFIG_PATH=/home/yeap/APC_2022_Prac/airsimversion/autoware.ai/install/autoware_msgs/lib/x86_64-linux-gnu/pkgconfig:/home/yeap/APC_2022_Prac/airsimversion/autoware.ai/install/autoware_msgs/lib/pkgconfig:/home/yeap/APC_2022_Prac/airsimversion/autoware.ai/install/autoware_build_flags/lib/x86_64-linux-gnu/pkgconfig:/home/yeap/APC_2022_Prac/airsimversion/autoware.ai/install/autoware_build_flags/lib/pkgconfig:${PKG_CONFIG_PATH} PYTHONPATH=/home/yeap/APC_2022_Prac/airsimversion/autoware.ai/install/autoware_msgs/lib/python2.7/dist-packages:${PYTHONPATH} ROS_PACKAGE_PATH=/home/yeap/APC_2022_Prac/airsimversion/autoware.ai/install/autoware_msgs/share:/home/yeap/APC_2022_Prac/airsimversion/autoware.ai/install/autoware_build_flags/share:${ROS_PACKAGE_PATH} /usr/bin/cmake --build /home/yeap/APC_2022_Prac/airsimversion/autoware.ai/build/calibration_publisher --target install -- -j6 -l6
[8.613s] [  0%] Built target autoware_msgs_generate_messages_cpp
[8.636s] [  0%] Built target pcl_msgs_generate_messages_eus
[8.657s] [  0%] Built target rosgraph_msgs_generate_messages_eus
[8.682s] [  0%] Built target jsk_recognition_msgs_generate_messages_lisp
[8.705s] [  0%] Built target jsk_recognition_msgs_generate_messages_eus
[8.727s] [  0%] Built target tf2_msgs_generate_messages_cpp
[8.750s] [  0%] Built target std_msgs_generate_messages_py
[8.773s] [  0%] Built target autoware_msgs_generate_messages_py
[8.797s] [  0%] Built target std_msgs_generate_messages_nodejs
[8.819s] [  0%] Built target sensor_msgs_generate_messages_eus
[8.842s] [  0%] Built target _catkin_empty_exported_target
[8.865s] [  0%] Built target sensor_msgs_generate_messages_cpp
[8.889s] [  0%] Built target rosgraph_msgs_generate_messages_cpp
[8.912s] [  0%] Built target pcl_msgs_generate_messages_nodejs
[8.935s] [  0%] Built target jsk_recognition_msgs_generate_messages_py
[8.957s] [  0%] Built target sensor_msgs_generate_messages_lisp
[8.981s] [  0%] Built target sensor_msgs_generate_messages_py
[9.004s] [  0%] Built target tf_generate_messages_py
[9.026s] [  0%] Built target std_msgs_generate_messages_cpp
[9.048s] [  0%] Built target jsk_footstep_msgs_generate_messages_py
[9.071s] [  0%] Built target actionlib_msgs_generate_messages_nodejs
[9.095s] [  0%] Built target geometry_msgs_generate_messages_eus
[9.117s] [  0%] Built target std_msgs_generate_messages_lisp
[9.139s] [  0%] Built target roscpp_generate_messages_nodejs
[9.161s] [  0%] Built target geometry_msgs_generate_messages_nodejs
[9.184s] [  0%] Built target geometry_msgs_generate_messages_lisp
[9.206s] [  0%] Built target pcl_msgs_generate_messages_cpp
[9.228s] [  0%] Built target jsk_recognition_msgs_generate_messages_cpp
[9.250s] [  0%] Built target autoware_msgs_generate_messages_eus
[9.272s] [  0%] Built target autoware_msgs_generate_messages_lisp
[9.294s] [  0%] Built target autoware_msgs_generate_messages_nodejs
[9.315s] [  0%] Built target jsk_footstep_msgs_generate_messages_eus
[9.337s] [  0%] Built target actionlib_msgs_generate_messages_py
[9.359s] [  0%] Built target jsk_footstep_msgs_generate_messages_lisp
[9.382s] [  0%] Built target jsk_footstep_msgs_generate_messages_nodejs
[9.404s] [  0%] Built target actionlib_msgs_generate_messages_lisp
[9.426s] [  0%] Built target jsk_recognition_msgs_generate_messages_nodejs
[9.448s] [  0%] Built target roscpp_generate_messages_lisp
[9.470s] [  0%] Built target roscpp_generate_messages_py
[9.492s] [  0%] Built target rosgraph_msgs_generate_messages_lisp
[9.515s] [  0%] Built target rosgraph_msgs_generate_messages_nodejs
[9.538s] [  0%] Built target roscpp_generate_messages_eus
[9.561s] [  0%] Built target actionlib_msgs_generate_messages_eus
[9.586s] [  0%] Built target rosgraph_msgs_generate_messages_py
[9.608s] [  0%] Built target jsk_footstep_msgs_generate_messages_cpp
[9.632s] [  0%] Built target actionlib_msgs_generate_messages_cpp
[9.655s] [  0%] Built target tf_generate_messages_eus
[9.680s] [  0%] Built target tf_generate_messages_lisp
[9.704s] [  0%] Built target tf_generate_messages_nodejs
[9.727s] [  0%] Built target pcl_msgs_generate_messages_py
[9.749s] [  0%] Built target actionlib_generate_messages_eus
[9.772s] [  0%] Built target geometry_msgs_generate_messages_cpp
[9.797s] [  0%] Built target actionlib_generate_messages_lisp
[9.820s] [  0%] Built target pcl_msgs_generate_messages_lisp
[9.843s] [  0%] Built target tf_generate_messages_cpp
[9.866s] [  0%] Built target actionlib_generate_messages_nodejs
[9.890s] [  0%] Built target tf2_msgs_generate_messages_eus
[9.914s] [  0%] Built target tf2_msgs_generate_messages_lisp
[9.938s] [  0%] Built target actionlib_generate_messages_py
[9.962s] [  0%] Built target tf2_msgs_generate_messages_py
[9.987s] [  0%] Built target tf2_msgs_generate_messages_nodejs
[10.010s] [  0%] Built target std_msgs_generate_messages_eus
[10.034s] [  0%] Built target actionlib_generate_messages_cpp
[10.057s] [  0%] Built target roscpp_generate_messages_cpp
[10.082s] [  0%] Built target sensor_msgs_generate_messages_nodejs
[10.105s] [  0%] Built target geometry_msgs_generate_messages_py
[10.135s] [100%] Built target calibration_publisher
[10.160s] [36mInstall the project...[0m
[10.171s] -- Install configuration: "Release"
[10.171s] -- Installing: /home/yeap/APC_2022_Prac/airsimversion/autoware.ai/install/calibration_publisher/lib/pkgconfig/calibration_publisher.pc
[10.171s] -- Installing: /home/yeap/APC_2022_Prac/airsimversion/autoware.ai/install/calibration_publisher/share/calibration_publisher/cmake/calibration_publisherConfig.cmake
[10.171s] -- Installing: /home/yeap/APC_2022_Prac/airsimversion/autoware.ai/install/calibration_publisher/share/calibration_publisher/cmake/calibration_publisherConfig-version.cmake
[10.171s] -- Installing: /home/yeap/APC_2022_Prac/airsimversion/autoware.ai/install/calibration_publisher/share/calibration_publisher/package.xml
[10.172s] -- Installing: /home/yeap/APC_2022_Prac/airsimversion/autoware.ai/install/calibration_publisher/lib/calibration_publisher/calibration_publisher
[10.172s] -- Set runtime path of "/home/yeap/APC_2022_Prac/airsimversion/autoware.ai/install/calibration_publisher/lib/calibration_publisher/calibration_publisher" to ""
[10.180s] Invoked command in '/home/yeap/APC_2022_Prac/airsimversion/autoware.ai/build/calibration_publisher' returned '0': CMAKE_PREFIX_PATH=/home/yeap/APC_2022_Prac/airsimversion/autoware.ai/install/autoware_msgs:/home/yeap/APC_2022_Prac/airsimversion/autoware.ai/install/autoware_build_flags:${CMAKE_PREFIX_PATH} PKG_CONFIG_PATH=/home/yeap/APC_2022_Prac/airsimversion/autoware.ai/install/autoware_msgs/lib/x86_64-linux-gnu/pkgconfig:/home/yeap/APC_2022_Prac/airsimversion/autoware.ai/install/autoware_msgs/lib/pkgconfig:/home/yeap/APC_2022_Prac/airsimversion/autoware.ai/install/autoware_build_flags/lib/x86_64-linux-gnu/pkgconfig:/home/yeap/APC_2022_Prac/airsimversion/autoware.ai/install/autoware_build_flags/lib/pkgconfig:${PKG_CONFIG_PATH} PYTHONPATH=/home/yeap/APC_2022_Prac/airsimversion/autoware.ai/install/autoware_msgs/lib/python2.7/dist-packages:${PYTHONPATH} ROS_PACKAGE_PATH=/home/yeap/APC_2022_Prac/airsimversion/autoware.ai/install/autoware_msgs/share:/home/yeap/APC_2022_Prac/airsimversion/autoware.ai/install/autoware_build_flags/share:${ROS_PACKAGE_PATH} /usr/bin/cmake --build /home/yeap/APC_2022_Prac/airsimversion/autoware.ai/build/calibration_publisher --target install -- -j6 -l6
