[0.017s] Invoking command in '/home/yeap/APC_2022_Prac/airsimversion/autoware.ai/build/libvectormap': CMAKE_PREFIX_PATH=/home/yeap/APC_2022_Prac/airsimversion/autoware.ai/install/vector_map:/home/yeap/APC_2022_Prac/airsimversion/autoware.ai/install/vector_map_msgs:/home/yeap/APC_2022_Prac/airsimversion/autoware.ai/install/autoware_build_flags:${CMAKE_PREFIX_PATH} LD_LIBRARY_PATH=/home/yeap/APC_2022_Prac/airsimversion/autoware.ai/install/vector_map/lib:${LD_LIBRARY_PATH} PKG_CONFIG_PATH=/home/yeap/APC_2022_Prac/airsimversion/autoware.ai/install/vector_map/lib/x86_64-linux-gnu/pkgconfig:/home/yeap/APC_2022_Prac/airsimversion/autoware.ai/install/vector_map/lib/pkgconfig:/home/yeap/APC_2022_Prac/airsimversion/autoware.ai/install/vector_map_msgs/lib/x86_64-linux-gnu/pkgconfig:/home/yeap/APC_2022_Prac/airsimversion/autoware.ai/install/vector_map_msgs/lib/pkgconfig:/home/yeap/APC_2022_Prac/airsimversion/autoware.ai/install/autoware_build_flags/lib/x86_64-linux-gnu/pkgconfig:/home/yeap/APC_2022_Prac/airsimversion/autoware.ai/install/autoware_build_flags/lib/pkgconfig:${PKG_CONFIG_PATH} PYTHONPATH=/home/yeap/APC_2022_Prac/airsimversion/autoware.ai/install/vector_map_msgs/lib/python2.7/dist-packages:${PYTHONPATH} ROS_PACKAGE_PATH=/home/yeap/APC_2022_Prac/airsimversion/autoware.ai/install/vector_map/share:/home/yeap/APC_2022_Prac/airsimversion/autoware.ai/install/vector_map_msgs/share:/home/yeap/APC_2022_Prac/airsimversion/autoware.ai/install/autoware_build_flags/share:${ROS_PACKAGE_PATH} /usr/bin/cmake /home/yeap/APC_2022_Prac/airsimversion/autoware.ai/src/autoware/common/libvectormap -DCMAKE_BUILD_TYPE=Release -DCATKIN_INSTALL_INTO_PREFIX_ROOT=0 -DCMAKE_INSTALL_PREFIX=/home/yeap/APC_2022_Prac/airsimversion/autoware.ai/install/libvectormap
[0.088s] -- The C compiler identification is GNU 7.5.0
[0.150s] -- The CXX compiler identification is GNU 7.5.0
[0.156s] -- Check for working C compiler: /usr/bin/cc
[0.230s] -- Check for working C compiler: /usr/bin/cc -- works
[0.231s] -- Detecting C compiler ABI info
[0.310s] -- Detecting C compiler ABI info - done
[0.316s] -- Detecting C compile features
[0.581s] -- Detecting C compile features - done
[0.585s] -- Check for working CXX compiler: /usr/bin/c++
[0.668s] -- Check for working CXX compiler: /usr/bin/c++ -- works
[0.669s] -- Detecting CXX compiler ABI info
[0.756s] -- Detecting CXX compiler ABI info - done
[0.765s] -- Detecting CXX compile features
[1.138s] -- Detecting CXX compile features - done
[1.140s] -- CUDA compilation status: .
[1.142s] -- Using CATKIN_DEVEL_PREFIX: /home/yeap/APC_2022_Prac/airsimversion/autoware.ai/build/libvectormap/devel
[1.143s] -- Using CMAKE_PREFIX_PATH: /home/yeap/APC_2022_Prac/airsimversion/autoware.ai/install/vector_map;/home/yeap/APC_2022_Prac/airsimversion/autoware.ai/install/vector_map_msgs;/home/yeap/APC_2022_Prac/airsimversion/autoware.ai/install/autoware_build_flags;/opt/ros/melodic
[1.143s] -- This workspace overlays: /home/yeap/APC_2022_Prac/airsimversion/autoware.ai/install/vector_map;/home/yeap/APC_2022_Prac/airsimversion/autoware.ai/install/vector_map_msgs;/home/yeap/APC_2022_Prac/airsimversion/autoware.ai/install/autoware_build_flags;/opt/ros/melodic
[1.158s] -- Found PythonInterp: /usr/bin/python2 (found suitable version "2.7.17", minimum required is "2") 
[1.158s] -- Using PYTHON_EXECUTABLE: /usr/bin/python2
[1.158s] -- Using Debian Python package layout
[1.159s] -- Using empy: /usr/bin/empy
[1.328s] -- Using CATKIN_ENABLE_TESTING: ON
[1.328s] -- Call enable_testing()
[1.332s] -- Using CATKIN_TEST_RESULTS_DIR: /home/yeap/APC_2022_Prac/airsimversion/autoware.ai/build/libvectormap/test_results
[1.356s] -- Found gtest sources under '/usr/src/googletest': gtests will be built
[1.356s] -- Found gmock sources under '/usr/src/googletest': gmock will be built
[1.372s] -- Found PythonInterp: /usr/bin/python2 (found version "2.7.17") 
[1.373s] -- Looking for pthread.h
[1.451s] -- Looking for pthread.h - found
[1.451s] -- Looking for pthread_create
[1.526s] -- Looking for pthread_create - not found
[1.527s] -- Looking for pthread_create in pthreads
[1.589s] -- Looking for pthread_create in pthreads - not found
[1.589s] -- Looking for pthread_create in pthread
[1.672s] -- Looking for pthread_create in pthread - found
[1.673s] -- Found Threads: TRUE  
[1.678s] -- Using Python nosetests: /usr/bin/nosetests-2.7
[1.729s] -- catkin 0.7.29
[1.729s] -- BUILD_SHARED_LIBS is on
[1.927s] -- Using these message generators: gencpp;geneus;genlisp;gennodejs;genpy
[2.196s] -- Configuring done
[2.228s] -- Generating done
[2.238s] -- Build files have been written to: /home/yeap/APC_2022_Prac/airsimversion/autoware.ai/build/libvectormap
[2.248s] Invoked command in '/home/yeap/APC_2022_Prac/airsimversion/autoware.ai/build/libvectormap' returned '0': CMAKE_PREFIX_PATH=/home/yeap/APC_2022_Prac/airsimversion/autoware.ai/install/vector_map:/home/yeap/APC_2022_Prac/airsimversion/autoware.ai/install/vector_map_msgs:/home/yeap/APC_2022_Prac/airsimversion/autoware.ai/install/autoware_build_flags:${CMAKE_PREFIX_PATH} LD_LIBRARY_PATH=/home/yeap/APC_2022_Prac/airsimversion/autoware.ai/install/vector_map/lib:${LD_LIBRARY_PATH} PKG_CONFIG_PATH=/home/yeap/APC_2022_Prac/airsimversion/autoware.ai/install/vector_map/lib/x86_64-linux-gnu/pkgconfig:/home/yeap/APC_2022_Prac/airsimversion/autoware.ai/install/vector_map/lib/pkgconfig:/home/yeap/APC_2022_Prac/airsimversion/autoware.ai/install/vector_map_msgs/lib/x86_64-linux-gnu/pkgconfig:/home/yeap/APC_2022_Prac/airsimversion/autoware.ai/install/vector_map_msgs/lib/pkgconfig:/home/yeap/APC_2022_Prac/airsimversion/autoware.ai/install/autoware_build_flags/lib/x86_64-linux-gnu/pkgconfig:/home/yeap/APC_2022_Prac/airsimversion/autoware.ai/install/autoware_build_flags/lib/pkgconfig:${PKG_CONFIG_PATH} PYTHONPATH=/home/yeap/APC_2022_Prac/airsimversion/autoware.ai/install/vector_map_msgs/lib/python2.7/dist-packages:${PYTHONPATH} ROS_PACKAGE_PATH=/home/yeap/APC_2022_Prac/airsimversion/autoware.ai/install/vector_map/share:/home/yeap/APC_2022_Prac/airsimversion/autoware.ai/install/vector_map_msgs/share:/home/yeap/APC_2022_Prac/airsimversion/autoware.ai/install/autoware_build_flags/share:${ROS_PACKAGE_PATH} /usr/bin/cmake /home/yeap/APC_2022_Prac/airsimversion/autoware.ai/src/autoware/common/libvectormap -DCMAKE_BUILD_TYPE=Release -DCATKIN_INSTALL_INTO_PREFIX_ROOT=0 -DCMAKE_INSTALL_PREFIX=/home/yeap/APC_2022_Prac/airsimversion/autoware.ai/install/libvectormap
[2.249s] Invoking command in '/home/yeap/APC_2022_Prac/airsimversion/autoware.ai/build/libvectormap': CMAKE_PREFIX_PATH=/home/yeap/APC_2022_Prac/airsimversion/autoware.ai/install/vector_map:/home/yeap/APC_2022_Prac/airsimversion/autoware.ai/install/vector_map_msgs:/home/yeap/APC_2022_Prac/airsimversion/autoware.ai/install/autoware_build_flags:${CMAKE_PREFIX_PATH} LD_LIBRARY_PATH=/home/yeap/APC_2022_Prac/airsimversion/autoware.ai/install/vector_map/lib:${LD_LIBRARY_PATH} PKG_CONFIG_PATH=/home/yeap/APC_2022_Prac/airsimversion/autoware.ai/install/vector_map/lib/x86_64-linux-gnu/pkgconfig:/home/yeap/APC_2022_Prac/airsimversion/autoware.ai/install/vector_map/lib/pkgconfig:/home/yeap/APC_2022_Prac/airsimversion/autoware.ai/install/vector_map_msgs/lib/x86_64-linux-gnu/pkgconfig:/home/yeap/APC_2022_Prac/airsimversion/autoware.ai/install/vector_map_msgs/lib/pkgconfig:/home/yeap/APC_2022_Prac/airsimversion/autoware.ai/install/autoware_build_flags/lib/x86_64-linux-gnu/pkgconfig:/home/yeap/APC_2022_Prac/airsimversion/autoware.ai/install/autoware_build_flags/lib/pkgconfig:${PKG_CONFIG_PATH} PYTHONPATH=/home/yeap/APC_2022_Prac/airsimversion/autoware.ai/install/vector_map_msgs/lib/python2.7/dist-packages:${PYTHONPATH} ROS_PACKAGE_PATH=/home/yeap/APC_2022_Prac/airsimversion/autoware.ai/install/vector_map/share:/home/yeap/APC_2022_Prac/airsimversion/autoware.ai/install/vector_map_msgs/share:/home/yeap/APC_2022_Prac/airsimversion/autoware.ai/install/autoware_build_flags/share:${ROS_PACKAGE_PATH} /usr/bin/cmake --build /home/yeap/APC_2022_Prac/airsimversion/autoware.ai/build/libvectormap -- -j6 -l6
[2.301s] [35m[1mScanning dependencies of target sensor_msgs_generate_messages_nodejs[0m
[2.317s] [  0%] Built target sensor_msgs_generate_messages_nodejs
[2.329s] [35m[1mScanning dependencies of target visualization_msgs_generate_messages_cpp[0m
[2.346s] [  0%] Built target visualization_msgs_generate_messages_cpp
[2.357s] [35m[1mScanning dependencies of target tf2_msgs_generate_messages_nodejs[0m
[2.375s] [  0%] Built target tf2_msgs_generate_messages_nodejs
[2.386s] [35m[1mScanning dependencies of target tf2_msgs_generate_messages_py[0m
[2.399s] [  0%] Built target tf2_msgs_generate_messages_py
[2.411s] [35m[1mScanning dependencies of target tf2_msgs_generate_messages_lisp[0m
[2.431s] [  0%] Built target tf2_msgs_generate_messages_lisp
[2.442s] [35m[1mScanning dependencies of target tf2_msgs_generate_messages_eus[0m
[2.455s] [  0%] Built target tf2_msgs_generate_messages_eus
[2.466s] [35m[1mScanning dependencies of target tf2_msgs_generate_messages_cpp[0m
[2.477s] [  0%] Built target tf2_msgs_generate_messages_cpp
[2.491s] [35m[1mScanning dependencies of target actionlib_msgs_generate_messages_py[0m
[2.502s] [  0%] Built target actionlib_msgs_generate_messages_py
[2.514s] [35m[1mScanning dependencies of target actionlib_msgs_generate_messages_lisp[0m
[2.526s] [  0%] Built target actionlib_msgs_generate_messages_lisp
[2.542s] [35m[1mScanning dependencies of target actionlib_msgs_generate_messages_eus[0m
[2.553s] [  0%] Built target actionlib_msgs_generate_messages_eus
[2.564s] [35m[1mScanning dependencies of target vector_map_msgs_generate_messages_lisp[0m
[2.575s] [  0%] Built target vector_map_msgs_generate_messages_lisp
[2.586s] [35m[1mScanning dependencies of target actionlib_msgs_generate_messages_cpp[0m
[2.598s] [  0%] Built target actionlib_msgs_generate_messages_cpp
[2.609s] [35m[1mScanning dependencies of target actionlib_generate_messages_py[0m
[2.620s] [  0%] Built target actionlib_generate_messages_py
[2.632s] [35m[1mScanning dependencies of target actionlib_generate_messages_nodejs[0m
[2.643s] [  0%] Built target actionlib_generate_messages_nodejs
[2.654s] [35m[1mScanning dependencies of target actionlib_generate_messages_lisp[0m
[2.665s] [  0%] Built target actionlib_generate_messages_lisp
[2.676s] [35m[1mScanning dependencies of target actionlib_generate_messages_eus[0m
[2.686s] [  0%] Built target actionlib_generate_messages_eus
[2.698s] [35m[1mScanning dependencies of target geometry_msgs_generate_messages_py[0m
[2.710s] [  0%] Built target geometry_msgs_generate_messages_py
[2.737s] [35m[1mScanning dependencies of target vector_map_msgs_generate_messages_py[0m
[2.749s] [  0%] Built target vector_map_msgs_generate_messages_py
[2.760s] [35m[1mScanning dependencies of target std_msgs_generate_messages_eus[0m
[2.772s] [  0%] Built target std_msgs_generate_messages_eus
[2.783s] [35m[1mScanning dependencies of target rosgraph_msgs_generate_messages_nodejs[0m
[2.797s] [  0%] Built target rosgraph_msgs_generate_messages_nodejs
[2.811s] [35m[1mScanning dependencies of target rosgraph_msgs_generate_messages_py[0m
[2.828s] [  0%] Built target rosgraph_msgs_generate_messages_py
[2.839s] [35m[1mScanning dependencies of target tf_generate_messages_nodejs[0m
[2.850s] [  0%] Built target tf_generate_messages_nodejs
[2.864s] [35m[1mScanning dependencies of target tf_generate_messages_lisp[0m
[2.881s] [  0%] Built target tf_generate_messages_lisp
[2.893s] [35m[1mScanning dependencies of target roscpp_generate_messages_lisp[0m
[2.907s] [  0%] Built target roscpp_generate_messages_lisp
[2.920s] [35m[1mScanning dependencies of target geometry_msgs_generate_messages_cpp[0m
[2.933s] [  0%] Built target geometry_msgs_generate_messages_cpp
[2.945s] [35m[1mScanning dependencies of target geometry_msgs_generate_messages_lisp[0m
[2.958s] [  0%] Built target geometry_msgs_generate_messages_lisp
[2.969s] [35m[1mScanning dependencies of target roscpp_generate_messages_py[0m
[2.982s] [  0%] Built target roscpp_generate_messages_py
[3.006s] [35m[1mScanning dependencies of target tf_generate_messages_eus[0m
[3.018s] [  0%] Built target tf_generate_messages_eus
[3.030s] [35m[1mScanning dependencies of target rosgraph_msgs_generate_messages_eus[0m
[3.041s] [  0%] Built target rosgraph_msgs_generate_messages_eus
[3.052s] [35m[1mScanning dependencies of target actionlib_msgs_generate_messages_nodejs[0m
[3.064s] [  0%] Built target actionlib_msgs_generate_messages_nodejs
[3.075s] [35m[1mScanning dependencies of target vector_map_msgs_generate_messages_nodejs[0m
[3.086s] [  0%] Built target vector_map_msgs_generate_messages_nodejs
[3.098s] [35m[1mScanning dependencies of target visualization_msgs_generate_messages_nodejs[0m
[3.110s] [  0%] Built target visualization_msgs_generate_messages_nodejs
[3.122s] [35m[1mScanning dependencies of target visualization_msgs_generate_messages_lisp[0m
[3.133s] [  0%] Built target visualization_msgs_generate_messages_lisp
[3.143s] [35m[1mScanning dependencies of target std_msgs_generate_messages_cpp[0m
[3.156s] [  0%] Built target std_msgs_generate_messages_cpp
[3.165s] [35m[1mScanning dependencies of target tf_generate_messages_cpp[0m
[3.176s] [  0%] Built target tf_generate_messages_cpp
[3.187s] [35m[1mScanning dependencies of target std_msgs_generate_messages_lisp[0m
[3.200s] [  0%] Built target std_msgs_generate_messages_lisp
[3.219s] [35m[1mScanning dependencies of target sensor_msgs_generate_messages_cpp[0m
[3.231s] [  0%] Built target sensor_msgs_generate_messages_cpp
[3.241s] [35m[1mScanning dependencies of target _catkin_empty_exported_target[0m
[3.261s] [  0%] Built target _catkin_empty_exported_target
[3.272s] [35m[1mScanning dependencies of target sensor_msgs_generate_messages_eus[0m
[3.288s] [  0%] Built target sensor_msgs_generate_messages_eus
[3.307s] [35m[1mScanning dependencies of target geometry_msgs_generate_messages_nodejs[0m
[3.319s] [  0%] Built target geometry_msgs_generate_messages_nodejs
[3.330s] [35m[1mScanning dependencies of target tf_generate_messages_py[0m
[3.342s] [  0%] Built target tf_generate_messages_py
[3.353s] [35m[1mScanning dependencies of target sensor_msgs_generate_messages_py[0m
[3.364s] [  0%] Built target sensor_msgs_generate_messages_py
[3.376s] [35m[1mScanning dependencies of target std_msgs_generate_messages_nodejs[0m
[3.388s] [  0%] Built target std_msgs_generate_messages_nodejs
[3.399s] [35m[1mScanning dependencies of target std_msgs_generate_messages_py[0m
[3.417s] [  0%] Built target std_msgs_generate_messages_py
[3.428s] [35m[1mScanning dependencies of target geometry_msgs_generate_messages_eus[0m
[3.440s] [  0%] Built target geometry_msgs_generate_messages_eus
[3.451s] [35m[1mScanning dependencies of target roscpp_generate_messages_nodejs[0m
[3.463s] [  0%] Built target roscpp_generate_messages_nodejs
[3.474s] [35m[1mScanning dependencies of target roscpp_generate_messages_eus[0m
[3.485s] [  0%] Built target roscpp_generate_messages_eus
[3.496s] [35m[1mScanning dependencies of target rosgraph_msgs_generate_messages_cpp[0m
[3.508s] [  0%] Built target rosgraph_msgs_generate_messages_cpp
[3.519s] [35m[1mScanning dependencies of target rosgraph_msgs_generate_messages_lisp[0m
[3.531s] [  0%] Built target rosgraph_msgs_generate_messages_lisp
[3.542s] [35m[1mScanning dependencies of target sensor_msgs_generate_messages_lisp[0m
[3.554s] [  0%] Built target sensor_msgs_generate_messages_lisp
[3.565s] [35m[1mScanning dependencies of target roscpp_generate_messages_cpp[0m
[3.577s] [  0%] Built target roscpp_generate_messages_cpp
[3.588s] [35m[1mScanning dependencies of target actionlib_generate_messages_cpp[0m
[3.600s] [  0%] Built target actionlib_generate_messages_cpp
[3.611s] [35m[1mScanning dependencies of target visualization_msgs_generate_messages_eus[0m
[3.623s] [  0%] Built target visualization_msgs_generate_messages_eus
[3.638s] [35m[1mScanning dependencies of target visualization_msgs_generate_messages_py[0m
[3.650s] [  0%] Built target visualization_msgs_generate_messages_py
[3.669s] [35m[1mScanning dependencies of target vector_map_msgs_generate_messages_cpp[0m
[3.681s] [  0%] Built target vector_map_msgs_generate_messages_cpp
[3.692s] [35m[1mScanning dependencies of target vector_map_msgs_generate_messages_eus[0m
[3.711s] [  0%] Built target vector_map_msgs_generate_messages_eus
[3.724s] [35m[1mScanning dependencies of target libvectormap[0m
[3.808s] [ 50%] [32mBuilding CXX object CMakeFiles/libvectormap.dir/src/vector_map.cpp.o[0m
[6.763s] [100%] [32m[1mLinking CXX static library devel/lib/liblibvectormap.a[0m
[6.798s] [100%] Built target libvectormap
[6.814s] Invoked command in '/home/yeap/APC_2022_Prac/airsimversion/autoware.ai/build/libvectormap' returned '0': CMAKE_PREFIX_PATH=/home/yeap/APC_2022_Prac/airsimversion/autoware.ai/install/vector_map:/home/yeap/APC_2022_Prac/airsimversion/autoware.ai/install/vector_map_msgs:/home/yeap/APC_2022_Prac/airsimversion/autoware.ai/install/autoware_build_flags:${CMAKE_PREFIX_PATH} LD_LIBRARY_PATH=/home/yeap/APC_2022_Prac/airsimversion/autoware.ai/install/vector_map/lib:${LD_LIBRARY_PATH} PKG_CONFIG_PATH=/home/yeap/APC_2022_Prac/airsimversion/autoware.ai/install/vector_map/lib/x86_64-linux-gnu/pkgconfig:/home/yeap/APC_2022_Prac/airsimversion/autoware.ai/install/vector_map/lib/pkgconfig:/home/yeap/APC_2022_Prac/airsimversion/autoware.ai/install/vector_map_msgs/lib/x86_64-linux-gnu/pkgconfig:/home/yeap/APC_2022_Prac/airsimversion/autoware.ai/install/vector_map_msgs/lib/pkgconfig:/home/yeap/APC_2022_Prac/airsimversion/autoware.ai/install/autoware_build_flags/lib/x86_64-linux-gnu/pkgconfig:/home/yeap/APC_2022_Prac/airsimversion/autoware.ai/install/autoware_build_flags/lib/pkgconfig:${PKG_CONFIG_PATH} PYTHONPATH=/home/yeap/APC_2022_Prac/airsimversion/autoware.ai/install/vector_map_msgs/lib/python2.7/dist-packages:${PYTHONPATH} ROS_PACKAGE_PATH=/home/yeap/APC_2022_Prac/airsimversion/autoware.ai/install/vector_map/share:/home/yeap/APC_2022_Prac/airsimversion/autoware.ai/install/vector_map_msgs/share:/home/yeap/APC_2022_Prac/airsimversion/autoware.ai/install/autoware_build_flags/share:${ROS_PACKAGE_PATH} /usr/bin/cmake --build /home/yeap/APC_2022_Prac/airsimversion/autoware.ai/build/libvectormap -- -j6 -l6
[6.895s] Invoking command in '/home/yeap/APC_2022_Prac/airsimversion/autoware.ai/build/libvectormap': CMAKE_PREFIX_PATH=/home/yeap/APC_2022_Prac/airsimversion/autoware.ai/install/vector_map:/home/yeap/APC_2022_Prac/airsimversion/autoware.ai/install/vector_map_msgs:/home/yeap/APC_2022_Prac/airsimversion/autoware.ai/install/autoware_build_flags:${CMAKE_PREFIX_PATH} LD_LIBRARY_PATH=/home/yeap/APC_2022_Prac/airsimversion/autoware.ai/install/vector_map/lib:${LD_LIBRARY_PATH} PKG_CONFIG_PATH=/home/yeap/APC_2022_Prac/airsimversion/autoware.ai/install/vector_map/lib/x86_64-linux-gnu/pkgconfig:/home/yeap/APC_2022_Prac/airsimversion/autoware.ai/install/vector_map/lib/pkgconfig:/home/yeap/APC_2022_Prac/airsimversion/autoware.ai/install/vector_map_msgs/lib/x86_64-linux-gnu/pkgconfig:/home/yeap/APC_2022_Prac/airsimversion/autoware.ai/install/vector_map_msgs/lib/pkgconfig:/home/yeap/APC_2022_Prac/airsimversion/autoware.ai/install/autoware_build_flags/lib/x86_64-linux-gnu/pkgconfig:/home/yeap/APC_2022_Prac/airsimversion/autoware.ai/install/autoware_build_flags/lib/pkgconfig:${PKG_CONFIG_PATH} PYTHONPATH=/home/yeap/APC_2022_Prac/airsimversion/autoware.ai/install/vector_map_msgs/lib/python2.7/dist-packages:${PYTHONPATH} ROS_PACKAGE_PATH=/home/yeap/APC_2022_Prac/airsimversion/autoware.ai/install/vector_map/share:/home/yeap/APC_2022_Prac/airsimversion/autoware.ai/install/vector_map_msgs/share:/home/yeap/APC_2022_Prac/airsimversion/autoware.ai/install/autoware_build_flags/share:${ROS_PACKAGE_PATH} /usr/bin/cmake --build /home/yeap/APC_2022_Prac/airsimversion/autoware.ai/build/libvectormap --target tests -- -j6 -l6
[6.957s] [35m[1mScanning dependencies of target tests[0m
[6.969s] Built target tests
[6.983s] Invoked command in '/home/yeap/APC_2022_Prac/airsimversion/autoware.ai/build/libvectormap' returned '0': CMAKE_PREFIX_PATH=/home/yeap/APC_2022_Prac/airsimversion/autoware.ai/install/vector_map:/home/yeap/APC_2022_Prac/airsimversion/autoware.ai/install/vector_map_msgs:/home/yeap/APC_2022_Prac/airsimversion/autoware.ai/install/autoware_build_flags:${CMAKE_PREFIX_PATH} LD_LIBRARY_PATH=/home/yeap/APC_2022_Prac/airsimversion/autoware.ai/install/vector_map/lib:${LD_LIBRARY_PATH} PKG_CONFIG_PATH=/home/yeap/APC_2022_Prac/airsimversion/autoware.ai/install/vector_map/lib/x86_64-linux-gnu/pkgconfig:/home/yeap/APC_2022_Prac/airsimversion/autoware.ai/install/vector_map/lib/pkgconfig:/home/yeap/APC_2022_Prac/airsimversion/autoware.ai/install/vector_map_msgs/lib/x86_64-linux-gnu/pkgconfig:/home/yeap/APC_2022_Prac/airsimversion/autoware.ai/install/vector_map_msgs/lib/pkgconfig:/home/yeap/APC_2022_Prac/airsimversion/autoware.ai/install/autoware_build_flags/lib/x86_64-linux-gnu/pkgconfig:/home/yeap/APC_2022_Prac/airsimversion/autoware.ai/install/autoware_build_flags/lib/pkgconfig:${PKG_CONFIG_PATH} PYTHONPATH=/home/yeap/APC_2022_Prac/airsimversion/autoware.ai/install/vector_map_msgs/lib/python2.7/dist-packages:${PYTHONPATH} ROS_PACKAGE_PATH=/home/yeap/APC_2022_Prac/airsimversion/autoware.ai/install/vector_map/share:/home/yeap/APC_2022_Prac/airsimversion/autoware.ai/install/vector_map_msgs/share:/home/yeap/APC_2022_Prac/airsimversion/autoware.ai/install/autoware_build_flags/share:${ROS_PACKAGE_PATH} /usr/bin/cmake --build /home/yeap/APC_2022_Prac/airsimversion/autoware.ai/build/libvectormap --target tests -- -j6 -l6
[7.068s] Invoking command in '/home/yeap/APC_2022_Prac/airsimversion/autoware.ai/build/libvectormap': CMAKE_PREFIX_PATH=/home/yeap/APC_2022_Prac/airsimversion/autoware.ai/install/vector_map:/home/yeap/APC_2022_Prac/airsimversion/autoware.ai/install/vector_map_msgs:/home/yeap/APC_2022_Prac/airsimversion/autoware.ai/install/autoware_build_flags:${CMAKE_PREFIX_PATH} LD_LIBRARY_PATH=/home/yeap/APC_2022_Prac/airsimversion/autoware.ai/install/vector_map/lib:${LD_LIBRARY_PATH} PKG_CONFIG_PATH=/home/yeap/APC_2022_Prac/airsimversion/autoware.ai/install/vector_map/lib/x86_64-linux-gnu/pkgconfig:/home/yeap/APC_2022_Prac/airsimversion/autoware.ai/install/vector_map/lib/pkgconfig:/home/yeap/APC_2022_Prac/airsimversion/autoware.ai/install/vector_map_msgs/lib/x86_64-linux-gnu/pkgconfig:/home/yeap/APC_2022_Prac/airsimversion/autoware.ai/install/vector_map_msgs/lib/pkgconfig:/home/yeap/APC_2022_Prac/airsimversion/autoware.ai/install/autoware_build_flags/lib/x86_64-linux-gnu/pkgconfig:/home/yeap/APC_2022_Prac/airsimversion/autoware.ai/install/autoware_build_flags/lib/pkgconfig:${PKG_CONFIG_PATH} PYTHONPATH=/home/yeap/APC_2022_Prac/airsimversion/autoware.ai/install/vector_map_msgs/lib/python2.7/dist-packages:${PYTHONPATH} ROS_PACKAGE_PATH=/home/yeap/APC_2022_Prac/airsimversion/autoware.ai/install/vector_map/share:/home/yeap/APC_2022_Prac/airsimversion/autoware.ai/install/vector_map_msgs/share:/home/yeap/APC_2022_Prac/airsimversion/autoware.ai/install/autoware_build_flags/share:${ROS_PACKAGE_PATH} /usr/bin/cmake --build /home/yeap/APC_2022_Prac/airsimversion/autoware.ai/build/libvectormap --target install -- -j6 -l6
[7.132s] [  0%] Built target sensor_msgs_generate_messages_nodejs
[7.157s] [  0%] Built target visualization_msgs_generate_messages_cpp
[7.180s] [  0%] Built target tf2_msgs_generate_messages_nodejs
[7.204s] [  0%] Built target tf2_msgs_generate_messages_py
[7.228s] [  0%] Built target tf2_msgs_generate_messages_lisp
[7.254s] [  0%] Built target tf2_msgs_generate_messages_eus
[7.277s] [  0%] Built target tf2_msgs_generate_messages_cpp
[7.300s] [  0%] Built target actionlib_msgs_generate_messages_py
[7.325s] [  0%] Built target actionlib_msgs_generate_messages_lisp
[7.349s] [  0%] Built target actionlib_msgs_generate_messages_eus
[7.373s] [  0%] Built target vector_map_msgs_generate_messages_lisp
[7.396s] [  0%] Built target actionlib_msgs_generate_messages_cpp
[7.422s] [  0%] Built target actionlib_generate_messages_py
[7.445s] [  0%] Built target actionlib_generate_messages_nodejs
[7.468s] [  0%] Built target actionlib_generate_messages_lisp
[7.490s] [  0%] Built target actionlib_generate_messages_eus
[7.513s] [  0%] Built target geometry_msgs_generate_messages_py
[7.535s] [  0%] Built target vector_map_msgs_generate_messages_py
[7.558s] [  0%] Built target std_msgs_generate_messages_eus
[7.581s] [  0%] Built target rosgraph_msgs_generate_messages_nodejs
[7.604s] [  0%] Built target rosgraph_msgs_generate_messages_py
[7.627s] [  0%] Built target tf_generate_messages_nodejs
[7.649s] [  0%] Built target tf_generate_messages_lisp
[7.672s] [  0%] Built target roscpp_generate_messages_lisp
[7.696s] [  0%] Built target geometry_msgs_generate_messages_cpp
[7.721s] [  0%] Built target geometry_msgs_generate_messages_lisp
[7.744s] [  0%] Built target roscpp_generate_messages_py
[7.767s] [  0%] Built target tf_generate_messages_eus
[7.792s] [  0%] Built target rosgraph_msgs_generate_messages_eus
[7.815s] [  0%] Built target actionlib_msgs_generate_messages_nodejs
[7.839s] [  0%] Built target vector_map_msgs_generate_messages_nodejs
[7.863s] [  0%] Built target visualization_msgs_generate_messages_nodejs
[7.886s] [  0%] Built target visualization_msgs_generate_messages_lisp
[7.910s] [  0%] Built target std_msgs_generate_messages_cpp
[7.935s] [  0%] Built target tf_generate_messages_cpp
[7.958s] [  0%] Built target std_msgs_generate_messages_lisp
[7.980s] [  0%] Built target sensor_msgs_generate_messages_cpp
[8.004s] [  0%] Built target _catkin_empty_exported_target
[8.028s] [  0%] Built target sensor_msgs_generate_messages_eus
[8.052s] [  0%] Built target geometry_msgs_generate_messages_nodejs
[8.075s] [  0%] Built target tf_generate_messages_py
[8.098s] [  0%] Built target sensor_msgs_generate_messages_py
[8.123s] [  0%] Built target std_msgs_generate_messages_nodejs
[8.146s] [  0%] Built target std_msgs_generate_messages_py
[8.171s] [  0%] Built target geometry_msgs_generate_messages_eus
[8.199s] [  0%] Built target roscpp_generate_messages_nodejs
[8.222s] [  0%] Built target roscpp_generate_messages_eus
[8.244s] [  0%] Built target rosgraph_msgs_generate_messages_cpp
[8.263s] [  0%] Built target rosgraph_msgs_generate_messages_lisp
[8.287s] [  0%] Built target sensor_msgs_generate_messages_lisp
[8.310s] [  0%] Built target roscpp_generate_messages_cpp
[8.335s] [  0%] Built target actionlib_generate_messages_cpp
[8.358s] [  0%] Built target visualization_msgs_generate_messages_eus
[8.379s] [  0%] Built target visualization_msgs_generate_messages_py
[8.400s] [  0%] Built target vector_map_msgs_generate_messages_cpp
[8.426s] [  0%] Built target vector_map_msgs_generate_messages_eus
[8.459s] [100%] Built target libvectormap
[8.482s] [36mInstall the project...[0m
[8.496s] -- Install configuration: "Release"
[8.496s] -- Installing: /home/yeap/APC_2022_Prac/airsimversion/autoware.ai/install/libvectormap/lib/pkgconfig/libvectormap.pc
[8.496s] -- Installing: /home/yeap/APC_2022_Prac/airsimversion/autoware.ai/install/libvectormap/share/libvectormap/cmake/libvectormapConfig.cmake
[8.497s] -- Installing: /home/yeap/APC_2022_Prac/airsimversion/autoware.ai/install/libvectormap/share/libvectormap/cmake/libvectormapConfig-version.cmake
[8.497s] -- Installing: /home/yeap/APC_2022_Prac/airsimversion/autoware.ai/install/libvectormap/share/libvectormap/package.xml
[8.497s] -- Installing: /home/yeap/APC_2022_Prac/airsimversion/autoware.ai/install/libvectormap/lib/liblibvectormap.a
[8.497s] -- Installing: /home/yeap/APC_2022_Prac/airsimversion/autoware.ai/install/libvectormap/include/libvectormap
[8.497s] -- Installing: /home/yeap/APC_2022_Prac/airsimversion/autoware.ai/install/libvectormap/include/libvectormap/Math.h
[8.497s] -- Installing: /home/yeap/APC_2022_Prac/airsimversion/autoware.ai/install/libvectormap/include/libvectormap/vector_map.h
[8.503s] Invoked command in '/home/yeap/APC_2022_Prac/airsimversion/autoware.ai/build/libvectormap' returned '0': CMAKE_PREFIX_PATH=/home/yeap/APC_2022_Prac/airsimversion/autoware.ai/install/vector_map:/home/yeap/APC_2022_Prac/airsimversion/autoware.ai/install/vector_map_msgs:/home/yeap/APC_2022_Prac/airsimversion/autoware.ai/install/autoware_build_flags:${CMAKE_PREFIX_PATH} LD_LIBRARY_PATH=/home/yeap/APC_2022_Prac/airsimversion/autoware.ai/install/vector_map/lib:${LD_LIBRARY_PATH} PKG_CONFIG_PATH=/home/yeap/APC_2022_Prac/airsimversion/autoware.ai/install/vector_map/lib/x86_64-linux-gnu/pkgconfig:/home/yeap/APC_2022_Prac/airsimversion/autoware.ai/install/vector_map/lib/pkgconfig:/home/yeap/APC_2022_Prac/airsimversion/autoware.ai/install/vector_map_msgs/lib/x86_64-linux-gnu/pkgconfig:/home/yeap/APC_2022_Prac/airsimversion/autoware.ai/install/vector_map_msgs/lib/pkgconfig:/home/yeap/APC_2022_Prac/airsimversion/autoware.ai/install/autoware_build_flags/lib/x86_64-linux-gnu/pkgconfig:/home/yeap/APC_2022_Prac/airsimversion/autoware.ai/install/autoware_build_flags/lib/pkgconfig:${PKG_CONFIG_PATH} PYTHONPATH=/home/yeap/APC_2022_Prac/airsimversion/autoware.ai/install/vector_map_msgs/lib/python2.7/dist-packages:${PYTHONPATH} ROS_PACKAGE_PATH=/home/yeap/APC_2022_Prac/airsimversion/autoware.ai/install/vector_map/share:/home/yeap/APC_2022_Prac/airsimversion/autoware.ai/install/vector_map_msgs/share:/home/yeap/APC_2022_Prac/airsimversion/autoware.ai/install/autoware_build_flags/share:${ROS_PACKAGE_PATH} /usr/bin/cmake --build /home/yeap/APC_2022_Prac/airsimversion/autoware.ai/build/libvectormap --target install -- -j6 -l6
