[0.023s] Invoking command in '/home/yeap/APC_2022_Prac/airsimversion/autoware.ai/build/road_occupancy_processor': CMAKE_PREFIX_PATH=/home/yeap/APC_2022_Prac/airsimversion/autoware.ai/install/vector_map:/home/yeap/APC_2022_Prac/airsimversion/autoware.ai/install/vector_map_msgs:/home/yeap/APC_2022_Prac/airsimversion/autoware.ai/install/autoware_build_flags:${CMAKE_PREFIX_PATH} LD_LIBRARY_PATH=/home/yeap/APC_2022_Prac/airsimversion/autoware.ai/install/vector_map/lib:${LD_LIBRARY_PATH} PKG_CONFIG_PATH=/home/yeap/APC_2022_Prac/airsimversion/autoware.ai/install/vector_map/lib/x86_64-linux-gnu/pkgconfig:/home/yeap/APC_2022_Prac/airsimversion/autoware.ai/install/vector_map/lib/pkgconfig:/home/yeap/APC_2022_Prac/airsimversion/autoware.ai/install/vector_map_msgs/lib/x86_64-linux-gnu/pkgconfig:/home/yeap/APC_2022_Prac/airsimversion/autoware.ai/install/vector_map_msgs/lib/pkgconfig:/home/yeap/APC_2022_Prac/airsimversion/autoware.ai/install/autoware_build_flags/lib/x86_64-linux-gnu/pkgconfig:/home/yeap/APC_2022_Prac/airsimversion/autoware.ai/install/autoware_build_flags/lib/pkgconfig:${PKG_CONFIG_PATH} PYTHONPATH=/home/yeap/APC_2022_Prac/airsimversion/autoware.ai/install/vector_map_msgs/lib/python2.7/dist-packages:${PYTHONPATH} ROS_PACKAGE_PATH=/home/yeap/APC_2022_Prac/airsimversion/autoware.ai/install/vector_map/share:/home/yeap/APC_2022_Prac/airsimversion/autoware.ai/install/vector_map_msgs/share:/home/yeap/APC_2022_Prac/airsimversion/autoware.ai/install/autoware_build_flags/share:${ROS_PACKAGE_PATH} /usr/bin/cmake /home/yeap/APC_2022_Prac/airsimversion/autoware.ai/src/autoware/core_perception/road_occupancy_processor -DCMAKE_BUILD_TYPE=Release -DCATKIN_INSTALL_INTO_PREFIX_ROOT=0 -DCMAKE_INSTALL_PREFIX=/home/yeap/APC_2022_Prac/airsimversion/autoware.ai/install/road_occupancy_processor
[0.100s] -- The C compiler identification is GNU 7.5.0
[0.171s] -- The CXX compiler identification is GNU 7.5.0
[0.176s] -- Check for working C compiler: /usr/bin/cc
[0.252s] -- Check for working C compiler: /usr/bin/cc -- works
[0.252s] -- Detecting C compiler ABI info
[0.324s] -- Detecting C compiler ABI info - done
[0.333s] -- Detecting C compile features
[0.568s] -- Detecting C compile features - done
[0.572s] -- Check for working CXX compiler: /usr/bin/c++
[0.655s] -- Check for working CXX compiler: /usr/bin/c++ -- works
[0.656s] -- Detecting CXX compiler ABI info
[0.752s] -- Detecting CXX compiler ABI info - done
[0.759s] -- Detecting CXX compile features
[1.159s] -- Detecting CXX compile features - done
[1.161s] -- CUDA compilation status: .
[1.163s] -- Using CATKIN_DEVEL_PREFIX: /home/yeap/APC_2022_Prac/airsimversion/autoware.ai/build/road_occupancy_processor/devel
[1.164s] -- Using CMAKE_PREFIX_PATH: /home/yeap/APC_2022_Prac/airsimversion/autoware.ai/install/vector_map;/home/yeap/APC_2022_Prac/airsimversion/autoware.ai/install/vector_map_msgs;/home/yeap/APC_2022_Prac/airsimversion/autoware.ai/install/autoware_build_flags;/opt/ros/melodic
[1.164s] -- This workspace overlays: /home/yeap/APC_2022_Prac/airsimversion/autoware.ai/install/vector_map;/home/yeap/APC_2022_Prac/airsimversion/autoware.ai/install/vector_map_msgs;/home/yeap/APC_2022_Prac/airsimversion/autoware.ai/install/autoware_build_flags;/opt/ros/melodic
[1.181s] -- Found PythonInterp: /usr/bin/python2 (found suitable version "2.7.17", minimum required is "2") 
[1.181s] -- Using PYTHON_EXECUTABLE: /usr/bin/python2
[1.181s] -- Using Debian Python package layout
[1.182s] -- Using empy: /usr/bin/empy
[1.370s] -- Using CATKIN_ENABLE_TESTING: ON
[1.370s] -- Call enable_testing()
[1.373s] -- Using CATKIN_TEST_RESULTS_DIR: /home/yeap/APC_2022_Prac/airsimversion/autoware.ai/build/road_occupancy_processor/test_results
[1.398s] -- Found gtest sources under '/usr/src/googletest': gtests will be built
[1.399s] -- Found gmock sources under '/usr/src/googletest': gmock will be built
[1.415s] -- Found PythonInterp: /usr/bin/python2 (found version "2.7.17") 
[1.417s] -- Looking for pthread.h
[1.495s] -- Looking for pthread.h - found
[1.497s] -- Looking for pthread_create
[1.583s] -- Looking for pthread_create - not found
[1.583s] -- Looking for pthread_create in pthreads
[1.648s] -- Looking for pthread_create in pthreads - not found
[1.649s] -- Looking for pthread_create in pthread
[1.727s] -- Looking for pthread_create in pthread - found
[1.732s] -- Found Threads: TRUE  
[1.735s] -- Using Python nosetests: /usr/bin/nosetests-2.7
[1.785s] -- catkin 0.7.29
[1.785s] -- BUILD_SHARED_LIBS is on
[2.054s] -- Using these message generators: gencpp;geneus;genlisp;gennodejs;genpy
[3.204s] -- Found OpenCV: /usr (found version "3.2.0") 
[3.214s] -- Checking for module 'eigen3'
[3.235s] --   Found eigen3, version 3.3.4
[3.286s] -- Found eigen: /usr/include/eigen3  
[3.380s] -- Boost version: 1.65.1
[3.380s] -- Found the following Boost libraries:
[3.380s] --   system
[3.380s] --   filesystem
[3.380s] --   thread
[3.381s] --   date_time
[3.381s] --   iostreams
[3.381s] --   serialization
[3.381s] --   chrono
[3.381s] --   atomic
[3.382s] --   regex
[3.385s] -- Checking for module 'libopenni'
[3.403s] --   Found libopenni, version 1.5.4.0
[3.459s] -- Found openni: /usr/lib/libOpenNI.so  
[3.461s] -- Checking for module 'libopenni2'
[3.479s] --   Found libopenni2, version 2.2.0.3
[3.533s] -- Found OpenNI2: /usr/lib/libOpenNI2.so  
[3.540s] -- Could NOT find ensenso (missing: ENSENSO_LIBRARY ENSENSO_INCLUDE_DIR) 
[3.541s] ** WARNING ** io features related to ensenso will be disabled
[3.546s] -- Could NOT find DAVIDSDK (missing: DAVIDSDK_LIBRARY DAVIDSDK_INCLUDE_DIR) 
[3.546s] ** WARNING ** io features related to davidSDK will be disabled
[3.552s] -- Could NOT find DSSDK (missing: _DSSDK_LIBRARIES) 
[3.553s] ** WARNING ** io features related to dssdk will be disabled
[3.553s] ** WARNING ** io features related to pcap will be disabled
[3.554s] ** WARNING ** io features related to png will be disabled
[3.638s] -- The imported target "vtkRenderingPythonTkWidgets" references the file
[3.638s]    "/usr/lib/x86_64-linux-gnu/libvtkRenderingPythonTkWidgets.so"
[3.638s] but this file does not exist.  Possible reasons include:
[3.639s] * The file was deleted, renamed, or moved to another location.
[3.639s] * An install or uninstall procedure did not complete successfully.
[3.639s] * The installation package was faulty and contained
[3.639s]    "/usr/lib/cmake/vtk-6.3/VTKTargets.cmake"
[3.639s] but not all the files it references.
[3.639s] 
[3.639s] -- The imported target "vtk" references the file
[3.639s]    "/usr/bin/vtk"
[3.639s] but this file does not exist.  Possible reasons include:
[3.639s] * The file was deleted, renamed, or moved to another location.
[3.639s] * An install or uninstall procedure did not complete successfully.
[3.639s] * The installation package was faulty and contained
[3.639s]    "/usr/lib/cmake/vtk-6.3/VTKTargets.cmake"
[3.640s] but not all the files it references.
[3.640s] 
[3.711s] -- Found libusb-1.0: /usr/include  
[3.711s] ** WARNING ** io features related to libusb-1.0 will be disabled
[3.712s] -- Checking for module 'flann'
[3.730s] --   Found flann, version 1.9.1
[3.785s] -- Found Flann: /usr/lib/x86_64-linux-gnu/libflann_cpp_s.a  
[3.837s] -- Could NOT find ensenso (missing: ENSENSO_LIBRARY ENSENSO_INCLUDE_DIR) 
[3.837s] ** WARNING ** visualization features related to ensenso will be disabled
[3.841s] -- Could NOT find DAVIDSDK (missing: DAVIDSDK_LIBRARY DAVIDSDK_INCLUDE_DIR) 
[3.842s] ** WARNING ** visualization features related to davidSDK will be disabled
[3.844s] -- Could NOT find DSSDK (missing: _DSSDK_LIBRARIES) 
[3.844s] ** WARNING ** visualization features related to dssdk will be disabled
[3.846s] -- Could NOT find RSSDK (missing: _RSSDK_LIBRARIES) 
[3.847s] ** WARNING ** visualization features related to rssdk will be disabled
[3.888s] -- Found qhull: /usr/lib/x86_64-linux-gnu/libqhull.so  
[3.931s] -- looking for PCL_COMMON
[3.934s] -- Found PCL_COMMON: /usr/lib/x86_64-linux-gnu/libpcl_common.so  
[3.935s] -- looking for PCL_OCTREE
[3.937s] -- Found PCL_OCTREE: /usr/lib/x86_64-linux-gnu/libpcl_octree.so  
[3.938s] -- looking for PCL_IO
[3.940s] -- Found PCL_IO: /usr/lib/x86_64-linux-gnu/libpcl_io.so  
[3.941s] -- looking for PCL_KDTREE
[3.943s] -- Found PCL_KDTREE: /usr/lib/x86_64-linux-gnu/libpcl_kdtree.so  
[3.944s] -- looking for PCL_SEARCH
[3.947s] -- Found PCL_SEARCH: /usr/lib/x86_64-linux-gnu/libpcl_search.so  
[3.948s] -- looking for PCL_SAMPLE_CONSENSUS
[3.950s] -- Found PCL_SAMPLE_CONSENSUS: /usr/lib/x86_64-linux-gnu/libpcl_sample_consensus.so  
[3.950s] -- looking for PCL_FILTERS
[3.953s] -- Found PCL_FILTERS: /usr/lib/x86_64-linux-gnu/libpcl_filters.so  
[3.954s] -- looking for PCL_2D
[3.955s] -- Found PCL_2D: /usr/include/pcl-1.8  
[3.955s] -- looking for PCL_GEOMETRY
[3.957s] -- Found PCL_GEOMETRY: /usr/include/pcl-1.8  
[3.957s] -- looking for PCL_FEATURES
[3.960s] -- Found PCL_FEATURES: /usr/lib/x86_64-linux-gnu/libpcl_features.so  
[3.961s] -- looking for PCL_ML
[3.963s] -- Found PCL_ML: /usr/lib/x86_64-linux-gnu/libpcl_ml.so  
[3.964s] -- looking for PCL_SEGMENTATION
[3.966s] -- Found PCL_SEGMENTATION: /usr/lib/x86_64-linux-gnu/libpcl_segmentation.so  
[3.967s] -- looking for PCL_VISUALIZATION
[3.970s] -- Found PCL_VISUALIZATION: /usr/lib/x86_64-linux-gnu/libpcl_visualization.so  
[3.971s] -- looking for PCL_SURFACE
[3.973s] -- Found PCL_SURFACE: /usr/lib/x86_64-linux-gnu/libpcl_surface.so  
[3.974s] -- looking for PCL_REGISTRATION
[3.976s] -- Found PCL_REGISTRATION: /usr/lib/x86_64-linux-gnu/libpcl_registration.so  
[3.977s] -- looking for PCL_KEYPOINTS
[3.980s] -- Found PCL_KEYPOINTS: /usr/lib/x86_64-linux-gnu/libpcl_keypoints.so  
[3.981s] -- looking for PCL_TRACKING
[3.983s] -- Found PCL_TRACKING: /usr/lib/x86_64-linux-gnu/libpcl_tracking.so  
[3.984s] -- looking for PCL_RECOGNITION
[3.986s] -- Found PCL_RECOGNITION: /usr/lib/x86_64-linux-gnu/libpcl_recognition.so  
[3.988s] -- looking for PCL_STEREO
[3.990s] -- Found PCL_STEREO: /usr/lib/x86_64-linux-gnu/libpcl_stereo.so  
[3.991s] -- looking for PCL_APPS
[3.994s] -- Found PCL_APPS: /usr/lib/x86_64-linux-gnu/libpcl_apps.so  
[3.996s] -- looking for PCL_IN_HAND_SCANNER
[3.998s] -- Found PCL_IN_HAND_SCANNER: /usr/include/pcl-1.8  
[3.998s] -- looking for PCL_MODELER
[3.999s] -- Found PCL_MODELER: /usr/include/pcl-1.8  
[4.000s] -- looking for PCL_POINT_CLOUD_EDITOR
[4.001s] -- Found PCL_POINT_CLOUD_EDITOR: /usr/include/pcl-1.8  
[4.001s] -- looking for PCL_OUTOFCORE
[4.004s] -- Found PCL_OUTOFCORE: /usr/lib/x86_64-linux-gnu/libpcl_outofcore.so  
[4.005s] -- looking for PCL_PEOPLE
[4.008s] -- Found PCL_PEOPLE: /usr/lib/x86_64-linux-gnu/libpcl_people.so  
[4.037s] -- Found PCL: /usr/lib/x86_64-linux-gnu/libboost_system.so;/usr/lib/x86_64-linux-gnu/libboost_filesystem.so;/usr/lib/x86_64-linux-gnu/libboost_thread.so;/usr/lib/x86_64-linux-gnu/libboost_date_time.so;/usr/lib/x86_64-linux-gnu/libboost_iostreams.so;/usr/lib/x86_64-linux-gnu/libboost_serialization.so;/usr/lib/x86_64-linux-gnu/libboost_chrono.so;/usr/lib/x86_64-linux-gnu/libboost_atomic.so;/usr/lib/x86_64-linux-gnu/libboost_regex.so;/usr/lib/x86_64-linux-gnu/libpthread.so;optimized;/usr/lib/x86_64-linux-gnu/libpcl_common.so;debug;/usr/lib/x86_64-linux-gnu/libpcl_common.so;optimized;/usr/lib/x86_64-linux-gnu/libpcl_octree.so;debug;/usr/lib/x86_64-linux-gnu/libpcl_octree.so;/usr/lib/libOpenNI.so;/usr/lib/libOpenNI2.so;vtkChartsCore;vtkCommonColor;vtkCommonDataModel;vtkCommonMath;vtkCommonCore;vtksys;vtkCommonMisc;vtkCommonSystem;vtkCommonTransforms;vtkInfovisCore;vtkFiltersExtraction;vtkCommonExecutionModel;vtkFiltersCore;vtkFiltersGeneral;vtkCommonComputationalGeometry;vtkFiltersStatistics;vtkImagingFourier;vtkImagingCore;vtkalglib;vtkRenderingContext2D;vtkRenderingCore;vtkFiltersGeometry;vtkFiltersSources;vtkRenderingFreeType;/usr/lib/x86_64-linux-gnu/libfreetype.so;/usr/lib/x86_64-linux-gnu/libz.so;vtkftgl;vtkDICOMParser;vtkDomainsChemistry;vtkIOXML;vtkIOGeometry;vtkIOCore;vtkIOXMLParser;/usr/lib/x86_64-linux-gnu/libexpat.so;vtkFiltersAMR;vtkParallelCore;vtkIOLegacy;vtkFiltersFlowPaths;vtkFiltersGeneric;vtkFiltersHybrid;vtkImagingSources;vtkFiltersHyperTree;vtkFiltersImaging;vtkImagingGeneral;vtkFiltersModeling;vtkFiltersParallel;vtkFiltersParallelFlowPaths;vtkParallelMPI;vtkFiltersParallelGeometry;vtkFiltersParallelImaging;vtkFiltersParallelMPI;vtkFiltersParallelStatistics;vtkFiltersProgrammable;vtkFiltersPython;/usr/lib/x86_64-linux-gnu/libpython2.7.so;vtkWrappingPythonCore;vtkWrappingTools;vtkFiltersReebGraph;vtkFiltersSMP;vtkFiltersSelection;vtkFiltersTexture;vtkFiltersVerdict;verdict;vtkGUISupportQt;vtkInteractionStyle;vtkRenderingOpenGL;vtkImagingHybrid;vtkIOImage;vtkmetaio;/usr/lib/x86_64-linux-gnu/libjpeg.so;/usr/lib/x86_64-linux-gnu/libpng.so;/usr/lib/x86_64-linux-gnu/libtiff.so;vtkGUISupportQtOpenGL;vtkGUISupportQtSQL;vtkIOSQL;sqlite3;vtkGUISupportQtWebkit;vtkViewsQt;vtkViewsInfovis;vtkInfovisLayout;vtkInfovisBoostGraphAlgorithms;vtkRenderingLabel;vtkViewsCore;vtkInteractionWidgets;vtkRenderingAnnotation;vtkImagingColor;vtkRenderingVolume;vtkGeovisCore;/usr/lib/x86_64-linux-gnu/libproj.so;vtkIOAMR;/usr/lib/x86_64-linux-gnu/hdf5/openmpi/libhdf5.so;/usr/lib/x86_64-linux-gnu/libsz.so;/usr/lib/x86_64-linux-gnu/libdl.so;/usr/lib/x86_64-linux-gnu/libm.so;/usr/lib/x86_64-linux-gnu/openmpi/lib/libmpi.so;vtkIOEnSight;vtkIOExodus;vtkexoIIc;/usr/lib/x86_64-linux-gnu/libnetcdf_c++.so;/usr/lib/x86_64-linux-gnu/libnetcdf.so;vtkIOExport;vtkRenderingGL2PS;vtkRenderingContextOpenGL;/usr/lib/x86_64-linux-gnu/libgl2ps.so;vtkIOFFMPEG;vtkIOMovie;/usr/lib/x86_64-linux-gnu/libtheoraenc.so;/usr/lib/x86_64-linux-gnu/libtheoradec.so;/usr/lib/x86_64-linux-gnu/libogg.so;vtkIOGDAL;vtkIOGeoJSON;vtkIOImport;vtkIOInfovis;/usr/lib/x86_64-linux-gnu/libxml2.so;vtkIOLSDyna;vtkIOMINC;vtkIOMPIImage;vtkIOMPIParallel;vtkIOParallel;vtkIONetCDF;/usr/lib/x86_64-linux-gnu/libjsoncpp.so;vtkIOMySQL;vtkIOODBC;vtkIOPLY;vtkIOParallelExodus;vtkIOParallelLSDyna;vtkIOParallelNetCDF;vtkIOParallelXML;vtkIOPostgreSQL;vtkIOVPIC;VPIC;vtkIOVideo;vtkIOXdmf2;vtkxdmf2;vtkImagingMath;vtkImagingMorphological;vtkImagingStatistics;vtkImagingStencil;vtkInteractionImage;vtkLocalExample;vtkParallelMPI4Py;vtkPythonInterpreter;vtkRenderingExternal;vtkRenderingFreeTypeFontConfig;vtkRenderingImage;vtkRenderingLIC;vtkRenderingLOD;vtkRenderingMatplotlib;vtkRenderingParallel;vtkRenderingParallelLIC;vtkRenderingQt;vtkRenderingVolumeAMR;vtkRenderingVolumeOpenGL;vtkTestingGenericBridge;vtkTestingIOSQL;vtkTestingRendering;vtkViewsContext2D;vtkViewsGeovis;vtkWrappingJava;optimized;/usr/lib/x86_64-linux-gnu/libpcl_io.so;debug;/usr/lib/x86_64-linux-gnu/libpcl_io.so;optimized;/usr/lib/x86_64-linux-gnu/libflann_cpp_s.a;debug;/usr/lib/x86_64-linux-gnu/libflann_cpp_s.a;optimized;/usr/lib/x86_64-linux-gnu/libpcl_kdtree.so;debug;/usr/lib/x86_64-linux-gnu/libpcl_kdtree.so;optimized;/usr/lib/x86_64-linux-gnu/libpcl_search.so;debug;/usr/lib/x86_64-linux-gnu/libpcl_search.so;optimized;/usr/lib/x86_64-linux-gnu/libpcl_sample_consensus.so;debug;/usr/lib/x86_64-linux-gnu/libpcl_sample_consensus.so;optimized;/usr/lib/x86_64-linux-gnu/libpcl_filters.so;debug;/usr/lib/x86_64-linux-gnu/libpcl_filters.so;optimized;/usr/lib/x86_64-linux-gnu/libpcl_features.so;debug;/usr/lib/x86_64-linux-gnu/libpcl_features.so;optimized;/usr/lib/x86_64-linux-gnu/libpcl_ml.so;debug;/usr/lib/x86_64-linux-gnu/libpcl_ml.so;optimized;/usr/lib/x86_64-linux-gnu/libpcl_segmentation.so;debug;/usr/lib/x86_64-linux-gnu/libpcl_segmentation.so;optimized;/usr/lib/x86_64-linux-gnu/libpcl_visualization.so;debug;/usr/lib/x86_64-linux-gnu/libpcl_visualization.so;optimized;/usr/lib/x86_64-linux-gnu/libqhull.so;debug;/usr/lib/x86_64-linux-gnu/libqhull.so;optimized;/usr/lib/x86_64-linux-gnu/libpcl_surface.so;debug;/usr/lib/x86_64-linux-gnu/libpcl_surface.so;optimized;/usr/lib/x86_64-linux-gnu/libpcl_registration.so;debug;/usr/lib/x86_64-linux-gnu/libpcl_registration.so;optimized;/usr/lib/x86_64-linux-gnu/libpcl_keypoints.so;debug;/usr/lib/x86_64-linux-gnu/libpcl_keypoints.so;optimized;/usr/lib/x86_64-linux-gnu/libpcl_tracking.so;debug;/usr/lib/x86_64-linux-gnu/libpcl_tracking.so;optimized;/usr/lib/x86_64-linux-gnu/libpcl_recognition.so;debug;/usr/lib/x86_64-linux-gnu/libpcl_recognition.so;optimized;/usr/lib/x86_64-linux-gnu/libpcl_stereo.so;debug;/usr/lib/x86_64-linux-gnu/libpcl_stereo.so;optimized;/usr/lib/x86_64-linux-gnu/libpcl_apps.so;debug;/usr/lib/x86_64-linux-gnu/libpcl_apps.so;optimized;/usr/lib/x86_64-linux-gnu/libpcl_outofcore.so;debug;/usr/lib/x86_64-linux-gnu/libpcl_outofcore.so;optimized;/usr/lib/x86_64-linux-gnu/libpcl_people.so;debug;/usr/lib/x86_64-linux-gnu/libpcl_people.so;/usr/lib/x86_64-linux-gnu/libboost_system.so;/usr/lib/x86_64-linux-gnu/libboost_filesystem.so;/usr/lib/x86_64-linux-gnu/libboost_thread.so;/usr/lib/x86_64-linux-gnu/libboost_date_time.so;/usr/lib/x86_64-linux-gnu/libboost_iostreams.so;/usr/lib/x86_64-linux-gnu/libboost_serialization.so;/usr/lib/x86_64-linux-gnu/libboost_chrono.so;/usr/lib/x86_64-linux-gnu/libboost_atomic.so;/usr/lib/x86_64-linux-gnu/libboost_regex.so;/usr/lib/x86_64-linux-gnu/libpthread.so;optimized;/usr/lib/x86_64-linux-gnu/libqhull.so;debug;/usr/lib/x86_64-linux-gnu/libqhull.so;/usr/lib/libOpenNI.so;/usr/lib/libOpenNI2.so;optimized;/usr/lib/x86_64-linux-gnu/libflann_cpp_s.a;debug;/usr/lib/x86_64-linux-gnu/libflann_cpp_s.a;vtkChartsCore;vtkCommonColor;vtkCommonDataModel;vtkCommonMath;vtkCommonCore;vtksys;vtkCommonMisc;vtkCommonSystem;vtkCommonTransforms;vtkInfovisCore;vtkFiltersExtraction;vtkCommonExecutionModel;vtkFiltersCore;vtkFiltersGeneral;vtkCommonComputationalGeometry;vtkFiltersStatistics;vtkImagingFourier;vtkImagingCore;vtkalglib;vtkRenderingContext2D;vtkRenderingCore;vtkFiltersGeometry;vtkFiltersSources;vtkRenderingFreeType;/usr/lib/x86_64-linux-gnu/libfreetype.so;/usr/lib/x86_64-linux-gnu/libz.so;vtkftgl;vtkDICOMParser;vtkDomainsChemistry;vtkIOXML;vtkIOGeometry;vtkIOCore;vtkIOXMLParser;/usr/lib/x86_64-linux-gnu/libexpat.so;vtkFiltersAMR;vtkParallelCore;vtkIOLegacy;vtkFiltersFlowPaths;vtkFiltersGeneric;vtkFiltersHybrid;vtkImagingSources;vtkFiltersHyperTree;vtkFiltersImaging;vtkImagingGeneral;vtkFiltersModeling;vtkFiltersParallel;vtkFiltersParallelFlowPaths;vtkParallelMPI;vtkFiltersParallelGeometry;vtkFiltersParallelImaging;vtkFiltersParallelMPI;vtkFiltersParallelStatistics;vtkFiltersProgrammable;vtkFiltersPython;/usr/lib/x86_64-linux-gnu/libpython2.7.so;vtkWrappingPythonCore;vtkWrappingTools;vtkFiltersReebGraph;vtkFiltersSMP;vtkFiltersSelection;vtkFiltersTexture;vtkFiltersVerdict;verdict;vtkGUISupportQt;vtkInteractionStyle;vtkRenderingOpenGL;vtkImagingHybrid;vtkIOImage;vtkmetaio;/usr/lib/x86_64-linux-gnu/libjpeg.so;/usr/lib/x86_64-linux-gnu/libpng.so;/usr/lib/x86_64-linux-gnu/libtiff.so;vtkGUISupportQtOpenGL;vtkGUISupportQtSQL;vtkIOSQL;sqlite3;vtkGUISupportQtWebkit;vtkViewsQt;vtkViewsInfovis;vtkInfovisLayout;vtkInfovisBoostGraphAlgorithms;vtkRenderingLabel;vtkViewsCore;vtkInteractionWidgets;vtkRenderingAnnotation;vtkImagingColor;vtkRenderingVolume;vtkGeovisCore;/usr/lib/x86_64-linux-gnu/libproj.so;vtkIOAMR;/usr/lib/x86_64-linux-gnu/hdf5/openmpi/libhdf5.so;/usr/lib/x86_64-linux-gnu/libsz.so;/usr/lib/x86_64-linux-gnu/libdl.so;/usr/lib/x86_64-linux-gnu/libm.so;/usr/lib/x86_64-linux-gnu/openmpi/lib/libmpi.so;vtkIOEnSight;vtkIOExodus;vtkexoIIc;/usr/lib/x86_64-linux-gnu/libnetcdf_c++.so;/usr/lib/x86_64-linux-gnu/libnetcdf.so;vtkIOExport;vtkRenderingGL2PS;vtkRenderingContextOpenGL;/usr/lib/x86_64-linux-gnu/libgl2ps.so;vtkIOFFMPEG;vtkIOMovie;/usr/lib/x86_64-linux-gnu/libtheoraenc.so;/usr/lib/x86_64-linux-gnu/libtheoradec.so;/usr/lib/x86_64-linux-gnu/libogg.so;vtkIOGDAL;vtkIOGeoJSON;vtkIOImport;vtkIOInfovis;/usr/lib/x86_64-linux-gnu/libxml2.so;vtkIOLSDyna;vtkIOMINC;vtkIOMPIImage;vtkIOMPIParallel;vtkIOParallel;vtkIONetCDF;/usr/lib/x86_64-linux-gnu/libjsoncpp.so;vtkIOMySQL;vtkIOODBC;vtkIOPLY;vtkIOParallelExodus;vtkIOParallelLSDyna;vtkIOParallelNetCDF;vtkIOParallelXML;vtkIOPostgreSQL;vtkIOVPIC;VPIC;vtkIOVideo;vtkIOXdmf2;vtkxdmf2;vtkImagingMath;vtkImagingMorphological;vtkImagingStatistics;vtkImagingStencil;vtkInteractionImage;vtkLocalExample;vtkParallelMPI4Py;vtkPythonInterpreter;vtkRenderingExternal;vtkRenderingFreeTypeFontConfig;vtkRenderingImage;vtkRenderingLIC;vtkRenderingLOD;vtkRenderingMatplotlib;vtkRenderingParallel;vtkRenderingParallelLIC;vtkRenderingQt;vtkRenderingVolumeAMR;vtkRenderingVolumeOpenGL;vtkTestingGenericBridge;vtkTestingIOSQL;vtkTestingRendering;vtkViewsContext2D;vtkViewsGeovis;vtkWrappingJava  
[4.326s] -- Found OpenMP_C: -fopenmp (found version "4.5") 
[4.423s] -- Found OpenMP_CXX: -fopenmp (found version "4.5") 
[4.423s] -- Found OpenMP: TRUE (found version "4.5")  
[4.580s] -- Configuring done
[4.843s] -- Generating done
[4.859s] -- Build files have been written to: /home/yeap/APC_2022_Prac/airsimversion/autoware.ai/build/road_occupancy_processor
[4.876s] Invoked command in '/home/yeap/APC_2022_Prac/airsimversion/autoware.ai/build/road_occupancy_processor' returned '0': CMAKE_PREFIX_PATH=/home/yeap/APC_2022_Prac/airsimversion/autoware.ai/install/vector_map:/home/yeap/APC_2022_Prac/airsimversion/autoware.ai/install/vector_map_msgs:/home/yeap/APC_2022_Prac/airsimversion/autoware.ai/install/autoware_build_flags:${CMAKE_PREFIX_PATH} LD_LIBRARY_PATH=/home/yeap/APC_2022_Prac/airsimversion/autoware.ai/install/vector_map/lib:${LD_LIBRARY_PATH} PKG_CONFIG_PATH=/home/yeap/APC_2022_Prac/airsimversion/autoware.ai/install/vector_map/lib/x86_64-linux-gnu/pkgconfig:/home/yeap/APC_2022_Prac/airsimversion/autoware.ai/install/vector_map/lib/pkgconfig:/home/yeap/APC_2022_Prac/airsimversion/autoware.ai/install/vector_map_msgs/lib/x86_64-linux-gnu/pkgconfig:/home/yeap/APC_2022_Prac/airsimversion/autoware.ai/install/vector_map_msgs/lib/pkgconfig:/home/yeap/APC_2022_Prac/airsimversion/autoware.ai/install/autoware_build_flags/lib/x86_64-linux-gnu/pkgconfig:/home/yeap/APC_2022_Prac/airsimversion/autoware.ai/install/autoware_build_flags/lib/pkgconfig:${PKG_CONFIG_PATH} PYTHONPATH=/home/yeap/APC_2022_Prac/airsimversion/autoware.ai/install/vector_map_msgs/lib/python2.7/dist-packages:${PYTHONPATH} ROS_PACKAGE_PATH=/home/yeap/APC_2022_Prac/airsimversion/autoware.ai/install/vector_map/share:/home/yeap/APC_2022_Prac/airsimversion/autoware.ai/install/vector_map_msgs/share:/home/yeap/APC_2022_Prac/airsimversion/autoware.ai/install/autoware_build_flags/share:${ROS_PACKAGE_PATH} /usr/bin/cmake /home/yeap/APC_2022_Prac/airsimversion/autoware.ai/src/autoware/core_perception/road_occupancy_processor -DCMAKE_BUILD_TYPE=Release -DCATKIN_INSTALL_INTO_PREFIX_ROOT=0 -DCMAKE_INSTALL_PREFIX=/home/yeap/APC_2022_Prac/airsimversion/autoware.ai/install/road_occupancy_processor
[4.878s] Invoking command in '/home/yeap/APC_2022_Prac/airsimversion/autoware.ai/build/road_occupancy_processor': CMAKE_PREFIX_PATH=/home/yeap/APC_2022_Prac/airsimversion/autoware.ai/install/vector_map:/home/yeap/APC_2022_Prac/airsimversion/autoware.ai/install/vector_map_msgs:/home/yeap/APC_2022_Prac/airsimversion/autoware.ai/install/autoware_build_flags:${CMAKE_PREFIX_PATH} LD_LIBRARY_PATH=/home/yeap/APC_2022_Prac/airsimversion/autoware.ai/install/vector_map/lib:${LD_LIBRARY_PATH} PKG_CONFIG_PATH=/home/yeap/APC_2022_Prac/airsimversion/autoware.ai/install/vector_map/lib/x86_64-linux-gnu/pkgconfig:/home/yeap/APC_2022_Prac/airsimversion/autoware.ai/install/vector_map/lib/pkgconfig:/home/yeap/APC_2022_Prac/airsimversion/autoware.ai/install/vector_map_msgs/lib/x86_64-linux-gnu/pkgconfig:/home/yeap/APC_2022_Prac/airsimversion/autoware.ai/install/vector_map_msgs/lib/pkgconfig:/home/yeap/APC_2022_Prac/airsimversion/autoware.ai/install/autoware_build_flags/lib/x86_64-linux-gnu/pkgconfig:/home/yeap/APC_2022_Prac/airsimversion/autoware.ai/install/autoware_build_flags/lib/pkgconfig:${PKG_CONFIG_PATH} PYTHONPATH=/home/yeap/APC_2022_Prac/airsimversion/autoware.ai/install/vector_map_msgs/lib/python2.7/dist-packages:${PYTHONPATH} ROS_PACKAGE_PATH=/home/yeap/APC_2022_Prac/airsimversion/autoware.ai/install/vector_map/share:/home/yeap/APC_2022_Prac/airsimversion/autoware.ai/install/vector_map_msgs/share:/home/yeap/APC_2022_Prac/airsimversion/autoware.ai/install/autoware_build_flags/share:${ROS_PACKAGE_PATH} /usr/bin/cmake --build /home/yeap/APC_2022_Prac/airsimversion/autoware.ai/build/road_occupancy_processor -- -j6 -l6
[4.934s] [35m[1mScanning dependencies of target pcl_msgs_generate_messages_eus[0m
[4.948s] [  0%] Built target pcl_msgs_generate_messages_eus
[4.970s] [35m[1mScanning dependencies of target vector_map_msgs_generate_messages_nodejs[0m
[4.998s] [  0%] Built target vector_map_msgs_generate_messages_nodejs
[5.009s] [35m[1mScanning dependencies of target bond_generate_messages_py[0m
[5.040s] [  0%] Built target bond_generate_messages_py
[5.052s] [35m[1mScanning dependencies of target bond_generate_messages_nodejs[0m
[5.064s] [  0%] Built target bond_generate_messages_nodejs
[5.077s] [35m[1mScanning dependencies of target bond_generate_messages_lisp[0m
[5.089s] [  0%] Built target bond_generate_messages_lisp
[5.107s] [35m[1mScanning dependencies of target bond_generate_messages_eus[0m
[5.119s] [  0%] Built target bond_generate_messages_eus
[5.144s] [35m[1mScanning dependencies of target bond_generate_messages_cpp[0m
[5.156s] [  0%] Built target bond_generate_messages_cpp
[5.168s] [35m[1mScanning dependencies of target nodelet_generate_messages_nodejs[0m
[5.181s] [  0%] Built target nodelet_generate_messages_nodejs
[5.198s] [35m[1mScanning dependencies of target nodelet_generate_messages_lisp[0m
[5.211s] [  0%] Built target nodelet_generate_messages_lisp
[5.223s] [35m[1mScanning dependencies of target nodelet_generate_messages_eus[0m
[5.247s] [  0%] Built target nodelet_generate_messages_eus
[5.259s] [35m[1mScanning dependencies of target nodelet_generate_messages_cpp[0m
[5.272s] [  0%] Built target nodelet_generate_messages_cpp
[5.284s] [35m[1mScanning dependencies of target dynamic_reconfigure_generate_messages_py[0m
[5.305s] [  0%] Built target dynamic_reconfigure_generate_messages_py
[5.317s] [35m[1mScanning dependencies of target dynamic_reconfigure_generate_messages_nodejs[0m
[5.330s] [  0%] Built target dynamic_reconfigure_generate_messages_nodejs
[5.351s] [35m[1mScanning dependencies of target dynamic_reconfigure_generate_messages_lisp[0m
[5.364s] [  0%] Built target dynamic_reconfigure_generate_messages_lisp
[5.377s] [35m[1mScanning dependencies of target dynamic_reconfigure_generate_messages_eus[0m
[5.389s] [  0%] Built target dynamic_reconfigure_generate_messages_eus
[5.408s] [35m[1mScanning dependencies of target pcl_ros_gencfg[0m
[5.420s] [  0%] Built target pcl_ros_gencfg
[5.433s] [35m[1mScanning dependencies of target grid_map_msgs_generate_messages_nodejs[0m
[5.459s] [  0%] Built target grid_map_msgs_generate_messages_nodejs
[5.471s] [35m[1mScanning dependencies of target grid_map_msgs_generate_messages_eus[0m
[5.484s] [  0%] Built target grid_map_msgs_generate_messages_eus
[5.498s] [35m[1mScanning dependencies of target roscpp_generate_messages_py[0m
[5.509s] [  0%] Built target roscpp_generate_messages_py
[5.522s] [35m[1mScanning dependencies of target grid_map_msgs_generate_messages_cpp[0m
[5.533s] [  0%] Built target grid_map_msgs_generate_messages_cpp
[5.554s] [35m[1mScanning dependencies of target rosgraph_msgs_generate_messages_lisp[0m
[5.566s] [  0%] Built target rosgraph_msgs_generate_messages_lisp
[5.578s] [35m[1mScanning dependencies of target rosgraph_msgs_generate_messages_eus[0m
[5.597s] [  0%] Built target rosgraph_msgs_generate_messages_eus
[5.609s] [35m[1mScanning dependencies of target rosgraph_msgs_generate_messages_cpp[0m
[5.622s] [  0%] Built target rosgraph_msgs_generate_messages_cpp
[5.634s] [35m[1mScanning dependencies of target topic_tools_generate_messages_cpp[0m
[5.654s] [  0%] Built target topic_tools_generate_messages_cpp
[5.666s] [35m[1mScanning dependencies of target geometry_msgs_generate_messages_eus[0m
[5.685s] [  0%] Built target geometry_msgs_generate_messages_eus
[5.697s] [35m[1mScanning dependencies of target std_msgs_generate_messages_py[0m
[5.710s] [  0%] Built target std_msgs_generate_messages_py
[5.749s] [35m[1mScanning dependencies of target std_msgs_generate_messages_nodejs[0m
[5.780s] [  0%] Built target std_msgs_generate_messages_nodejs
[5.793s] [35m[1mScanning dependencies of target grid_map_msgs_generate_messages_lisp[0m
[5.806s] [  0%] Built target grid_map_msgs_generate_messages_lisp
[5.819s] [35m[1mScanning dependencies of target actionlib_msgs_generate_messages_lisp[0m
[5.832s] [  0%] Built target actionlib_msgs_generate_messages_lisp
[5.851s] [35m[1mScanning dependencies of target rosgraph_msgs_generate_messages_nodejs[0m
[5.866s] [  0%] Built target rosgraph_msgs_generate_messages_nodejs
[5.877s] [35m[1mScanning dependencies of target std_srvs_generate_messages_cpp[0m
[5.890s] [  0%] Built target std_srvs_generate_messages_cpp
[5.901s] [35m[1mScanning dependencies of target nav_msgs_generate_messages_cpp[0m
[5.913s] [  0%] Built target nav_msgs_generate_messages_cpp
[5.925s] [35m[1mScanning dependencies of target sensor_msgs_generate_messages_lisp[0m
[5.937s] [  0%] Built target sensor_msgs_generate_messages_lisp
[5.948s] [35m[1mScanning dependencies of target std_srvs_generate_messages_eus[0m
[5.960s] [  0%] Built target std_srvs_generate_messages_eus
[5.972s] [35m[1mScanning dependencies of target roscpp_generate_messages_lisp[0m
[5.984s] [  0%] Built target roscpp_generate_messages_lisp
[5.995s] [35m[1mScanning dependencies of target std_msgs_generate_messages_cpp[0m
[6.007s] [  0%] Built target std_msgs_generate_messages_cpp
[6.019s] [35m[1mScanning dependencies of target std_msgs_generate_messages_eus[0m
[6.032s] [  0%] Built target std_msgs_generate_messages_eus
[6.044s] [35m[1mScanning dependencies of target visualization_msgs_generate_messages_lisp[0m
[6.055s] [  0%] Built target visualization_msgs_generate_messages_lisp
[6.067s] [35m[1mScanning dependencies of target visualization_msgs_generate_messages_nodejs[0m
[6.080s] [  0%] Built target visualization_msgs_generate_messages_nodejs
[6.092s] [35m[1mScanning dependencies of target nav_msgs_generate_messages_nodejs[0m
[6.104s] [  0%] Built target nav_msgs_generate_messages_nodejs
[6.116s] [35m[1mScanning dependencies of target roscpp_generate_messages_cpp[0m
[6.127s] [  0%] Built target roscpp_generate_messages_cpp
[6.140s] [35m[1mScanning dependencies of target sensor_msgs_generate_messages_nodejs[0m
[6.152s] [  0%] Built target sensor_msgs_generate_messages_nodejs
[6.165s] [35m[1mScanning dependencies of target actionlib_generate_messages_cpp[0m
[6.177s] [  0%] Built target actionlib_generate_messages_cpp
[6.190s] [35m[1mScanning dependencies of target geometry_msgs_generate_messages_nodejs[0m
[6.202s] [  0%] Built target geometry_msgs_generate_messages_nodejs
[6.214s] [35m[1mScanning dependencies of target nodelet_generate_messages_py[0m
[6.226s] [  0%] Built target nodelet_generate_messages_py
[6.237s] [35m[1mScanning dependencies of target sensor_msgs_generate_messages_py[0m
[6.250s] [  0%] Built target sensor_msgs_generate_messages_py
[6.263s] [35m[1mScanning dependencies of target dynamic_reconfigure_generate_messages_cpp[0m
[6.275s] [  0%] Built target dynamic_reconfigure_generate_messages_cpp
[6.287s] [35m[1mScanning dependencies of target tf_generate_messages_py[0m
[6.299s] [  0%] Built target tf_generate_messages_py
[6.310s] [35m[1mScanning dependencies of target geometry_msgs_generate_messages_lisp[0m
[6.323s] [  0%] Built target geometry_msgs_generate_messages_lisp
[6.335s] [35m[1mScanning dependencies of target roscpp_generate_messages_nodejs[0m
[6.357s] [  0%] Built target roscpp_generate_messages_nodejs
[6.369s] [35m[1mScanning dependencies of target std_msgs_generate_messages_lisp[0m
[6.382s] [  0%] Built target std_msgs_generate_messages_lisp
[6.394s] [35m[1mScanning dependencies of target sensor_msgs_generate_messages_cpp[0m
[6.407s] [  0%] Built target sensor_msgs_generate_messages_cpp
[6.419s] [35m[1mScanning dependencies of target sensor_msgs_generate_messages_eus[0m
[6.432s] [  0%] Built target sensor_msgs_generate_messages_eus
[6.445s] [35m[1mScanning dependencies of target grid_map_msgs_generate_messages_py[0m
[6.458s] [  0%] Built target grid_map_msgs_generate_messages_py
[6.471s] [35m[1mScanning dependencies of target geometry_msgs_generate_messages_py[0m
[6.484s] [  0%] Built target geometry_msgs_generate_messages_py
[6.495s] [35m[1mScanning dependencies of target pcl_msgs_generate_messages_nodejs[0m
[6.507s] [  0%] Built target pcl_msgs_generate_messages_nodejs
[6.519s] [35m[1mScanning dependencies of target nav_msgs_generate_messages_lisp[0m
[6.531s] [  0%] Built target nav_msgs_generate_messages_lisp
[6.544s] [35m[1mScanning dependencies of target roscpp_generate_messages_eus[0m
[6.557s] [  0%] Built target roscpp_generate_messages_eus
[6.569s] [35m[1mScanning dependencies of target rosgraph_msgs_generate_messages_py[0m
[6.581s] [  0%] Built target rosgraph_msgs_generate_messages_py
[6.593s] [35m[1mScanning dependencies of target actionlib_msgs_generate_messages_eus[0m
[6.605s] [  0%] Built target actionlib_msgs_generate_messages_eus
[6.617s] [35m[1mScanning dependencies of target actionlib_msgs_generate_messages_py[0m
[6.629s] [  0%] Built target actionlib_msgs_generate_messages_py
[6.642s] [35m[1mScanning dependencies of target std_srvs_generate_messages_lisp[0m
[6.655s] [  0%] Built target std_srvs_generate_messages_lisp
[6.666s] [35m[1mScanning dependencies of target topic_tools_generate_messages_lisp[0m
[6.678s] [  0%] Built target topic_tools_generate_messages_lisp
[6.689s] [35m[1mScanning dependencies of target std_srvs_generate_messages_nodejs[0m
[6.701s] [  0%] Built target std_srvs_generate_messages_nodejs
[6.712s] [35m[1mScanning dependencies of target geometry_msgs_generate_messages_cpp[0m
[6.724s] [  0%] Built target geometry_msgs_generate_messages_cpp
[6.736s] [35m[1mScanning dependencies of target actionlib_generate_messages_lisp[0m
[6.749s] [  0%] Built target actionlib_generate_messages_lisp
[6.762s] [35m[1mScanning dependencies of target std_srvs_generate_messages_py[0m
[6.774s] [  0%] Built target std_srvs_generate_messages_py
[6.785s] [35m[1mScanning dependencies of target topic_tools_generate_messages_eus[0m
[6.797s] [  0%] Built target topic_tools_generate_messages_eus
[6.809s] [35m[1mScanning dependencies of target topic_tools_generate_messages_nodejs[0m
[6.822s] [  0%] Built target topic_tools_generate_messages_nodejs
[6.835s] [35m[1mScanning dependencies of target nodelet_topic_tools_gencfg[0m
[6.849s] [  0%] Built target nodelet_topic_tools_gencfg
[6.861s] [35m[1mScanning dependencies of target actionlib_msgs_generate_messages_nodejs[0m
[6.873s] [  0%] Built target actionlib_msgs_generate_messages_nodejs
[6.885s] [35m[1mScanning dependencies of target topic_tools_generate_messages_py[0m
[6.897s] [  0%] Built target topic_tools_generate_messages_py
[6.909s] [35m[1mScanning dependencies of target actionlib_msgs_generate_messages_cpp[0m
[6.921s] [  0%] Built target actionlib_msgs_generate_messages_cpp
[6.932s] [35m[1mScanning dependencies of target tf_generate_messages_eus[0m
[6.945s] [  0%] Built target tf_generate_messages_eus
[6.958s] [35m[1mScanning dependencies of target tf_generate_messages_lisp[0m
[6.971s] [  0%] Built target tf_generate_messages_lisp
[6.983s] [35m[1mScanning dependencies of target tf_generate_messages_nodejs[0m
[6.996s] [  0%] Built target tf_generate_messages_nodejs
[7.008s] [35m[1mScanning dependencies of target pcl_msgs_generate_messages_py[0m
[7.021s] [  0%] Built target pcl_msgs_generate_messages_py
[7.034s] [35m[1mScanning dependencies of target actionlib_generate_messages_eus[0m
[7.047s] [  0%] Built target actionlib_generate_messages_eus
[7.059s] [35m[1mScanning dependencies of target pcl_msgs_generate_messages_lisp[0m
[7.073s] [  0%] Built target pcl_msgs_generate_messages_lisp
[7.085s] [35m[1mScanning dependencies of target tf_generate_messages_cpp[0m
[7.098s] [  0%] Built target tf_generate_messages_cpp
[7.111s] [35m[1mScanning dependencies of target actionlib_generate_messages_nodejs[0m
[7.126s] [  0%] Built target actionlib_generate_messages_nodejs
[7.141s] [35m[1mScanning dependencies of target tf2_msgs_generate_messages_cpp[0m
[7.155s] [  0%] Built target tf2_msgs_generate_messages_cpp
[7.168s] [35m[1mScanning dependencies of target dynamic_reconfigure_gencfg[0m
[7.180s] [  0%] Built target dynamic_reconfigure_gencfg
[7.191s] [35m[1mScanning dependencies of target nav_msgs_generate_messages_py[0m
[7.203s] [  0%] Built target nav_msgs_generate_messages_py
[7.215s] [35m[1mScanning dependencies of target tf2_msgs_generate_messages_lisp[0m
[7.228s] [  0%] Built target tf2_msgs_generate_messages_lisp
[7.242s] [35m[1mScanning dependencies of target actionlib_generate_messages_py[0m
[7.255s] [  0%] Built target actionlib_generate_messages_py
[7.268s] [35m[1mScanning dependencies of target tf2_msgs_generate_messages_py[0m
[7.280s] [  0%] Built target tf2_msgs_generate_messages_py
[7.292s] [35m[1mScanning dependencies of target tf2_msgs_generate_messages_nodejs[0m
[7.304s] [  0%] Built target tf2_msgs_generate_messages_nodejs
[7.317s] [35m[1mScanning dependencies of target nav_msgs_generate_messages_eus[0m
[7.329s] [  0%] Built target nav_msgs_generate_messages_eus
[7.342s] [35m[1mScanning dependencies of target tf2_msgs_generate_messages_eus[0m
[7.355s] [  0%] Built target tf2_msgs_generate_messages_eus
[7.368s] [35m[1mScanning dependencies of target visualization_msgs_generate_messages_cpp[0m
[7.380s] [  0%] Built target visualization_msgs_generate_messages_cpp
[7.392s] [35m[1mScanning dependencies of target visualization_msgs_generate_messages_eus[0m
[7.405s] [  0%] Built target visualization_msgs_generate_messages_eus
[7.417s] [35m[1mScanning dependencies of target visualization_msgs_generate_messages_py[0m
[7.430s] [  0%] Built target visualization_msgs_generate_messages_py
[7.444s] [35m[1mScanning dependencies of target pcl_msgs_generate_messages_cpp[0m
[7.457s] [  0%] Built target pcl_msgs_generate_messages_cpp
[7.469s] [35m[1mScanning dependencies of target vector_map_msgs_generate_messages_cpp[0m
[7.484s] [  0%] Built target vector_map_msgs_generate_messages_cpp
[7.497s] [35m[1mScanning dependencies of target vector_map_msgs_generate_messages_eus[0m
[7.509s] [  0%] Built target vector_map_msgs_generate_messages_eus
[7.521s] [35m[1mScanning dependencies of target vector_map_msgs_generate_messages_lisp[0m
[7.535s] [  0%] Built target vector_map_msgs_generate_messages_lisp
[7.549s] [35m[1mScanning dependencies of target vector_map_msgs_generate_messages_py[0m
[7.562s] [  0%] Built target vector_map_msgs_generate_messages_py
[7.576s] [35m[1mScanning dependencies of target road_occupancy_processor_lib[0m
[7.690s] [ 25%] [32mBuilding CXX object CMakeFiles/road_occupancy_processor_lib.dir/src/road_occupancy_processor.cpp.o[0m
[34.527s] [ 50%] [32m[1mLinking CXX shared library devel/lib/libroad_occupancy_processor_lib.so[0m
[37.486s] [ 50%] Built target road_occupancy_processor_lib
[37.575s] [35m[1mScanning dependencies of target road_occupancy_processor[0m
[37.826s] [ 75%] [32mBuilding CXX object CMakeFiles/road_occupancy_processor.dir/src/road_occupancy_processor_node.cpp.o[0m
[53.804s] [100%] [32m[1mLinking CXX executable devel/lib/road_occupancy_processor/road_occupancy_processor[0m
[55.787s] [100%] Built target road_occupancy_processor
[55.807s] Invoked command in '/home/yeap/APC_2022_Prac/airsimversion/autoware.ai/build/road_occupancy_processor' returned '0': CMAKE_PREFIX_PATH=/home/yeap/APC_2022_Prac/airsimversion/autoware.ai/install/vector_map:/home/yeap/APC_2022_Prac/airsimversion/autoware.ai/install/vector_map_msgs:/home/yeap/APC_2022_Prac/airsimversion/autoware.ai/install/autoware_build_flags:${CMAKE_PREFIX_PATH} LD_LIBRARY_PATH=/home/yeap/APC_2022_Prac/airsimversion/autoware.ai/install/vector_map/lib:${LD_LIBRARY_PATH} PKG_CONFIG_PATH=/home/yeap/APC_2022_Prac/airsimversion/autoware.ai/install/vector_map/lib/x86_64-linux-gnu/pkgconfig:/home/yeap/APC_2022_Prac/airsimversion/autoware.ai/install/vector_map/lib/pkgconfig:/home/yeap/APC_2022_Prac/airsimversion/autoware.ai/install/vector_map_msgs/lib/x86_64-linux-gnu/pkgconfig:/home/yeap/APC_2022_Prac/airsimversion/autoware.ai/install/vector_map_msgs/lib/pkgconfig:/home/yeap/APC_2022_Prac/airsimversion/autoware.ai/install/autoware_build_flags/lib/x86_64-linux-gnu/pkgconfig:/home/yeap/APC_2022_Prac/airsimversion/autoware.ai/install/autoware_build_flags/lib/pkgconfig:${PKG_CONFIG_PATH} PYTHONPATH=/home/yeap/APC_2022_Prac/airsimversion/autoware.ai/install/vector_map_msgs/lib/python2.7/dist-packages:${PYTHONPATH} ROS_PACKAGE_PATH=/home/yeap/APC_2022_Prac/airsimversion/autoware.ai/install/vector_map/share:/home/yeap/APC_2022_Prac/airsimversion/autoware.ai/install/vector_map_msgs/share:/home/yeap/APC_2022_Prac/airsimversion/autoware.ai/install/autoware_build_flags/share:${ROS_PACKAGE_PATH} /usr/bin/cmake --build /home/yeap/APC_2022_Prac/airsimversion/autoware.ai/build/road_occupancy_processor -- -j6 -l6
[55.917s] Invoking command in '/home/yeap/APC_2022_Prac/airsimversion/autoware.ai/build/road_occupancy_processor': CMAKE_PREFIX_PATH=/home/yeap/APC_2022_Prac/airsimversion/autoware.ai/install/vector_map:/home/yeap/APC_2022_Prac/airsimversion/autoware.ai/install/vector_map_msgs:/home/yeap/APC_2022_Prac/airsimversion/autoware.ai/install/autoware_build_flags:${CMAKE_PREFIX_PATH} LD_LIBRARY_PATH=/home/yeap/APC_2022_Prac/airsimversion/autoware.ai/install/vector_map/lib:${LD_LIBRARY_PATH} PKG_CONFIG_PATH=/home/yeap/APC_2022_Prac/airsimversion/autoware.ai/install/vector_map/lib/x86_64-linux-gnu/pkgconfig:/home/yeap/APC_2022_Prac/airsimversion/autoware.ai/install/vector_map/lib/pkgconfig:/home/yeap/APC_2022_Prac/airsimversion/autoware.ai/install/vector_map_msgs/lib/x86_64-linux-gnu/pkgconfig:/home/yeap/APC_2022_Prac/airsimversion/autoware.ai/install/vector_map_msgs/lib/pkgconfig:/home/yeap/APC_2022_Prac/airsimversion/autoware.ai/install/autoware_build_flags/lib/x86_64-linux-gnu/pkgconfig:/home/yeap/APC_2022_Prac/airsimversion/autoware.ai/install/autoware_build_flags/lib/pkgconfig:${PKG_CONFIG_PATH} PYTHONPATH=/home/yeap/APC_2022_Prac/airsimversion/autoware.ai/install/vector_map_msgs/lib/python2.7/dist-packages:${PYTHONPATH} ROS_PACKAGE_PATH=/home/yeap/APC_2022_Prac/airsimversion/autoware.ai/install/vector_map/share:/home/yeap/APC_2022_Prac/airsimversion/autoware.ai/install/vector_map_msgs/share:/home/yeap/APC_2022_Prac/airsimversion/autoware.ai/install/autoware_build_flags/share:${ROS_PACKAGE_PATH} /usr/bin/cmake --build /home/yeap/APC_2022_Prac/airsimversion/autoware.ai/build/road_occupancy_processor --target tests -- -j6 -l6
[56.006s] [35m[1mScanning dependencies of target tests[0m
[56.021s] Built target tests
[56.038s] Invoked command in '/home/yeap/APC_2022_Prac/airsimversion/autoware.ai/build/road_occupancy_processor' returned '0': CMAKE_PREFIX_PATH=/home/yeap/APC_2022_Prac/airsimversion/autoware.ai/install/vector_map:/home/yeap/APC_2022_Prac/airsimversion/autoware.ai/install/vector_map_msgs:/home/yeap/APC_2022_Prac/airsimversion/autoware.ai/install/autoware_build_flags:${CMAKE_PREFIX_PATH} LD_LIBRARY_PATH=/home/yeap/APC_2022_Prac/airsimversion/autoware.ai/install/vector_map/lib:${LD_LIBRARY_PATH} PKG_CONFIG_PATH=/home/yeap/APC_2022_Prac/airsimversion/autoware.ai/install/vector_map/lib/x86_64-linux-gnu/pkgconfig:/home/yeap/APC_2022_Prac/airsimversion/autoware.ai/install/vector_map/lib/pkgconfig:/home/yeap/APC_2022_Prac/airsimversion/autoware.ai/install/vector_map_msgs/lib/x86_64-linux-gnu/pkgconfig:/home/yeap/APC_2022_Prac/airsimversion/autoware.ai/install/vector_map_msgs/lib/pkgconfig:/home/yeap/APC_2022_Prac/airsimversion/autoware.ai/install/autoware_build_flags/lib/x86_64-linux-gnu/pkgconfig:/home/yeap/APC_2022_Prac/airsimversion/autoware.ai/install/autoware_build_flags/lib/pkgconfig:${PKG_CONFIG_PATH} PYTHONPATH=/home/yeap/APC_2022_Prac/airsimversion/autoware.ai/install/vector_map_msgs/lib/python2.7/dist-packages:${PYTHONPATH} ROS_PACKAGE_PATH=/home/yeap/APC_2022_Prac/airsimversion/autoware.ai/install/vector_map/share:/home/yeap/APC_2022_Prac/airsimversion/autoware.ai/install/vector_map_msgs/share:/home/yeap/APC_2022_Prac/airsimversion/autoware.ai/install/autoware_build_flags/share:${ROS_PACKAGE_PATH} /usr/bin/cmake --build /home/yeap/APC_2022_Prac/airsimversion/autoware.ai/build/road_occupancy_processor --target tests -- -j6 -l6
[56.133s] Invoking command in '/home/yeap/APC_2022_Prac/airsimversion/autoware.ai/build/road_occupancy_processor': CMAKE_PREFIX_PATH=/home/yeap/APC_2022_Prac/airsimversion/autoware.ai/install/vector_map:/home/yeap/APC_2022_Prac/airsimversion/autoware.ai/install/vector_map_msgs:/home/yeap/APC_2022_Prac/airsimversion/autoware.ai/install/autoware_build_flags:${CMAKE_PREFIX_PATH} LD_LIBRARY_PATH=/home/yeap/APC_2022_Prac/airsimversion/autoware.ai/install/vector_map/lib:${LD_LIBRARY_PATH} PKG_CONFIG_PATH=/home/yeap/APC_2022_Prac/airsimversion/autoware.ai/install/vector_map/lib/x86_64-linux-gnu/pkgconfig:/home/yeap/APC_2022_Prac/airsimversion/autoware.ai/install/vector_map/lib/pkgconfig:/home/yeap/APC_2022_Prac/airsimversion/autoware.ai/install/vector_map_msgs/lib/x86_64-linux-gnu/pkgconfig:/home/yeap/APC_2022_Prac/airsimversion/autoware.ai/install/vector_map_msgs/lib/pkgconfig:/home/yeap/APC_2022_Prac/airsimversion/autoware.ai/install/autoware_build_flags/lib/x86_64-linux-gnu/pkgconfig:/home/yeap/APC_2022_Prac/airsimversion/autoware.ai/install/autoware_build_flags/lib/pkgconfig:${PKG_CONFIG_PATH} PYTHONPATH=/home/yeap/APC_2022_Prac/airsimversion/autoware.ai/install/vector_map_msgs/lib/python2.7/dist-packages:${PYTHONPATH} ROS_PACKAGE_PATH=/home/yeap/APC_2022_Prac/airsimversion/autoware.ai/install/vector_map/share:/home/yeap/APC_2022_Prac/airsimversion/autoware.ai/install/vector_map_msgs/share:/home/yeap/APC_2022_Prac/airsimversion/autoware.ai/install/autoware_build_flags/share:${ROS_PACKAGE_PATH} /usr/bin/cmake --build /home/yeap/APC_2022_Prac/airsimversion/autoware.ai/build/road_occupancy_processor --target install -- -j6 -l6
[56.206s] [  0%] Built target pcl_msgs_generate_messages_eus
[56.296s] [  0%] Built target vector_map_msgs_generate_messages_nodejs
[56.333s] [  0%] Built target bond_generate_messages_py
[56.371s] [  0%] Built target bond_generate_messages_nodejs
[56.404s] [  0%] Built target bond_generate_messages_lisp
[56.437s] [  0%] Built target bond_generate_messages_eus
[56.463s] [  0%] Built target bond_generate_messages_cpp
[56.497s] [  0%] Built target nodelet_generate_messages_nodejs
[56.555s] [  0%] Built target nodelet_generate_messages_lisp
[56.585s] [  0%] Built target nodelet_generate_messages_eus
[56.611s] [  0%] Built target nodelet_generate_messages_cpp
[56.640s] [  0%] Built target dynamic_reconfigure_generate_messages_py
[56.667s] [  0%] Built target dynamic_reconfigure_generate_messages_nodejs
[56.696s] [  0%] Built target dynamic_reconfigure_generate_messages_lisp
[56.719s] [  0%] Built target dynamic_reconfigure_generate_messages_eus
[56.742s] [  0%] Built target pcl_ros_gencfg
[56.774s] [  0%] Built target grid_map_msgs_generate_messages_nodejs
[56.804s] [  0%] Built target grid_map_msgs_generate_messages_eus
[56.839s] [  0%] Built target roscpp_generate_messages_py
[56.871s] [  0%] Built target grid_map_msgs_generate_messages_cpp
[56.897s] [  0%] Built target rosgraph_msgs_generate_messages_lisp
[56.930s] [  0%] Built target rosgraph_msgs_generate_messages_eus
[56.961s] [  0%] Built target rosgraph_msgs_generate_messages_cpp
[56.993s] [  0%] Built target topic_tools_generate_messages_cpp
[57.024s] [  0%] Built target geometry_msgs_generate_messages_eus
[57.058s] [  0%] Built target std_msgs_generate_messages_py
[57.081s] [  0%] Built target std_msgs_generate_messages_nodejs
[57.111s] [  0%] Built target grid_map_msgs_generate_messages_lisp
[57.146s] [  0%] Built target actionlib_msgs_generate_messages_lisp
[57.180s] [  0%] Built target rosgraph_msgs_generate_messages_nodejs
[57.203s] [  0%] Built target std_srvs_generate_messages_cpp
[57.229s] [  0%] Built target nav_msgs_generate_messages_cpp
[57.262s] [  0%] Built target sensor_msgs_generate_messages_lisp
[57.285s] [  0%] Built target std_srvs_generate_messages_eus
[57.311s] [  0%] Built target roscpp_generate_messages_lisp
[57.335s] [  0%] Built target std_msgs_generate_messages_cpp
[57.358s] [  0%] Built target std_msgs_generate_messages_eus
[57.395s] [  0%] Built target visualization_msgs_generate_messages_lisp
[57.422s] [  0%] Built target visualization_msgs_generate_messages_nodejs
[57.455s] [  0%] Built target nav_msgs_generate_messages_nodejs
[57.496s] [  0%] Built target roscpp_generate_messages_cpp
[57.521s] [  0%] Built target sensor_msgs_generate_messages_nodejs
[57.553s] [  0%] Built target actionlib_generate_messages_cpp
[57.580s] [  0%] Built target geometry_msgs_generate_messages_nodejs
[57.604s] [  0%] Built target nodelet_generate_messages_py
[57.634s] [  0%] Built target sensor_msgs_generate_messages_py
[57.658s] [  0%] Built target dynamic_reconfigure_generate_messages_cpp
[57.691s] [  0%] Built target tf_generate_messages_py
[57.717s] [  0%] Built target geometry_msgs_generate_messages_lisp
[57.748s] [  0%] Built target roscpp_generate_messages_nodejs
[57.772s] [  0%] Built target std_msgs_generate_messages_lisp
[57.802s] [  0%] Built target sensor_msgs_generate_messages_cpp
[57.826s] [  0%] Built target sensor_msgs_generate_messages_eus
[57.856s] [  0%] Built target grid_map_msgs_generate_messages_py
[57.886s] [  0%] Built target geometry_msgs_generate_messages_py
[57.912s] [  0%] Built target pcl_msgs_generate_messages_nodejs
[57.945s] [  0%] Built target nav_msgs_generate_messages_lisp
[57.972s] [  0%] Built target roscpp_generate_messages_eus
[58.011s] [  0%] Built target rosgraph_msgs_generate_messages_py
[58.037s] [  0%] Built target actionlib_msgs_generate_messages_eus
[58.070s] [  0%] Built target actionlib_msgs_generate_messages_py
[58.093s] [  0%] Built target std_srvs_generate_messages_lisp
[58.116s] [  0%] Built target topic_tools_generate_messages_lisp
[58.140s] [  0%] Built target std_srvs_generate_messages_nodejs
[58.164s] [  0%] Built target geometry_msgs_generate_messages_cpp
[58.195s] [  0%] Built target actionlib_generate_messages_lisp
[58.221s] [  0%] Built target std_srvs_generate_messages_py
[58.258s] [  0%] Built target topic_tools_generate_messages_eus
[58.292s] [  0%] Built target topic_tools_generate_messages_nodejs
[58.315s] [  0%] Built target nodelet_topic_tools_gencfg
[58.344s] [  0%] Built target actionlib_msgs_generate_messages_nodejs
[58.369s] [  0%] Built target topic_tools_generate_messages_py
[58.396s] [  0%] Built target actionlib_msgs_generate_messages_cpp
[58.420s] [  0%] Built target tf_generate_messages_eus
[58.451s] [  0%] Built target tf_generate_messages_lisp
[58.478s] [  0%] Built target tf_generate_messages_nodejs
[58.510s] [  0%] Built target pcl_msgs_generate_messages_py
[58.537s] [  0%] Built target actionlib_generate_messages_eus
[58.571s] [  0%] Built target pcl_msgs_generate_messages_lisp
[58.608s] [  0%] Built target tf_generate_messages_cpp
[58.632s] [  0%] Built target actionlib_generate_messages_nodejs
[58.666s] [  0%] Built target tf2_msgs_generate_messages_cpp
[58.700s] [  0%] Built target dynamic_reconfigure_gencfg
[58.725s] [  0%] Built target nav_msgs_generate_messages_py
[58.758s] [  0%] Built target tf2_msgs_generate_messages_lisp
[58.793s] [  0%] Built target actionlib_generate_messages_py
[58.825s] [  0%] Built target tf2_msgs_generate_messages_py
[58.850s] [  0%] Built target tf2_msgs_generate_messages_nodejs
[58.881s] [  0%] Built target nav_msgs_generate_messages_eus
[58.909s] [  0%] Built target tf2_msgs_generate_messages_eus
[58.941s] [  0%] Built target visualization_msgs_generate_messages_cpp
[58.965s] [  0%] Built target visualization_msgs_generate_messages_eus
[58.998s] [  0%] Built target visualization_msgs_generate_messages_py
[59.028s] [  0%] Built target pcl_msgs_generate_messages_cpp
[59.065s] [  0%] Built target vector_map_msgs_generate_messages_cpp
[59.098s] [  0%] Built target vector_map_msgs_generate_messages_eus
[59.129s] [  0%] Built target vector_map_msgs_generate_messages_lisp
[59.156s] [  0%] Built target vector_map_msgs_generate_messages_py
[59.221s] [ 50%] Built target road_occupancy_processor_lib
[59.269s] [100%] Built target road_occupancy_processor
[59.294s] [36mInstall the project...[0m
[59.305s] -- Install configuration: "Release"
[59.306s] -- Installing: /home/yeap/APC_2022_Prac/airsimversion/autoware.ai/install/road_occupancy_processor/lib/pkgconfig/road_occupancy_processor.pc
[59.307s] -- Installing: /home/yeap/APC_2022_Prac/airsimversion/autoware.ai/install/road_occupancy_processor/share/road_occupancy_processor/cmake/road_occupancy_processorConfig.cmake
[59.307s] -- Installing: /home/yeap/APC_2022_Prac/airsimversion/autoware.ai/install/road_occupancy_processor/share/road_occupancy_processor/cmake/road_occupancy_processorConfig-version.cmake
[59.308s] -- Installing: /home/yeap/APC_2022_Prac/airsimversion/autoware.ai/install/road_occupancy_processor/share/road_occupancy_processor/package.xml
[59.308s] -- Installing: /home/yeap/APC_2022_Prac/airsimversion/autoware.ai/install/road_occupancy_processor/lib/road_occupancy_processor/road_occupancy_processor
[59.316s] -- Set runtime path of "/home/yeap/APC_2022_Prac/airsimversion/autoware.ai/install/road_occupancy_processor/lib/road_occupancy_processor/road_occupancy_processor" to ""
[59.317s] -- Installing: /home/yeap/APC_2022_Prac/airsimversion/autoware.ai/install/road_occupancy_processor/lib/libroad_occupancy_processor_lib.so
[59.330s] -- Set runtime path of "/home/yeap/APC_2022_Prac/airsimversion/autoware.ai/install/road_occupancy_processor/lib/libroad_occupancy_processor_lib.so" to ""
[59.331s] -- Installing: /home/yeap/APC_2022_Prac/airsimversion/autoware.ai/install/road_occupancy_processor/include/road_occupancy_processor
[59.331s] -- Installing: /home/yeap/APC_2022_Prac/airsimversion/autoware.ai/install/road_occupancy_processor/include/road_occupancy_processor/road_occupancy_processor.h
[59.331s] -- Installing: /home/yeap/APC_2022_Prac/airsimversion/autoware.ai/install/road_occupancy_processor/share/road_occupancy_processor/launch
[59.332s] -- Installing: /home/yeap/APC_2022_Prac/airsimversion/autoware.ai/install/road_occupancy_processor/share/road_occupancy_processor/launch/road_occupancy_processor.launch
[59.340s] Invoked command in '/home/yeap/APC_2022_Prac/airsimversion/autoware.ai/build/road_occupancy_processor' returned '0': CMAKE_PREFIX_PATH=/home/yeap/APC_2022_Prac/airsimversion/autoware.ai/install/vector_map:/home/yeap/APC_2022_Prac/airsimversion/autoware.ai/install/vector_map_msgs:/home/yeap/APC_2022_Prac/airsimversion/autoware.ai/install/autoware_build_flags:${CMAKE_PREFIX_PATH} LD_LIBRARY_PATH=/home/yeap/APC_2022_Prac/airsimversion/autoware.ai/install/vector_map/lib:${LD_LIBRARY_PATH} PKG_CONFIG_PATH=/home/yeap/APC_2022_Prac/airsimversion/autoware.ai/install/vector_map/lib/x86_64-linux-gnu/pkgconfig:/home/yeap/APC_2022_Prac/airsimversion/autoware.ai/install/vector_map/lib/pkgconfig:/home/yeap/APC_2022_Prac/airsimversion/autoware.ai/install/vector_map_msgs/lib/x86_64-linux-gnu/pkgconfig:/home/yeap/APC_2022_Prac/airsimversion/autoware.ai/install/vector_map_msgs/lib/pkgconfig:/home/yeap/APC_2022_Prac/airsimversion/autoware.ai/install/autoware_build_flags/lib/x86_64-linux-gnu/pkgconfig:/home/yeap/APC_2022_Prac/airsimversion/autoware.ai/install/autoware_build_flags/lib/pkgconfig:${PKG_CONFIG_PATH} PYTHONPATH=/home/yeap/APC_2022_Prac/airsimversion/autoware.ai/install/vector_map_msgs/lib/python2.7/dist-packages:${PYTHONPATH} ROS_PACKAGE_PATH=/home/yeap/APC_2022_Prac/airsimversion/autoware.ai/install/vector_map/share:/home/yeap/APC_2022_Prac/airsimversion/autoware.ai/install/vector_map_msgs/share:/home/yeap/APC_2022_Prac/airsimversion/autoware.ai/install/autoware_build_flags/share:${ROS_PACKAGE_PATH} /usr/bin/cmake --build /home/yeap/APC_2022_Prac/airsimversion/autoware.ai/build/road_occupancy_processor --target install -- -j6 -l6
