[0.028s] Invoking command in '/home/yeap/APC_2022_Prac/airsimversion/autoware.ai/build/mqtt_socket': CMAKE_PREFIX_PATH=/home/yeap/APC_2022_Prac/airsimversion/autoware.ai/install/tablet_socket_msgs:/home/yeap/APC_2022_Prac/airsimversion/autoware.ai/install/autoware_msgs:/home/yeap/APC_2022_Prac/airsimversion/autoware.ai/install/autoware_can_msgs:/home/yeap/APC_2022_Prac/airsimversion/autoware.ai/install/autoware_build_flags:${CMAKE_PREFIX_PATH} PKG_CONFIG_PATH=/home/yeap/APC_2022_Prac/airsimversion/autoware.ai/install/tablet_socket_msgs/lib/x86_64-linux-gnu/pkgconfig:/home/yeap/APC_2022_Prac/airsimversion/autoware.ai/install/tablet_socket_msgs/lib/pkgconfig:/home/yeap/APC_2022_Prac/airsimversion/autoware.ai/install/autoware_msgs/lib/x86_64-linux-gnu/pkgconfig:/home/yeap/APC_2022_Prac/airsimversion/autoware.ai/install/autoware_msgs/lib/pkgconfig:/home/yeap/APC_2022_Prac/airsimversion/autoware.ai/install/autoware_can_msgs/lib/x86_64-linux-gnu/pkgconfig:/home/yeap/APC_2022_Prac/airsimversion/autoware.ai/install/autoware_can_msgs/lib/pkgconfig:/home/yeap/APC_2022_Prac/airsimversion/autoware.ai/install/autoware_build_flags/lib/x86_64-linux-gnu/pkgconfig:/home/yeap/APC_2022_Prac/airsimversion/autoware.ai/install/autoware_build_flags/lib/pkgconfig:${PKG_CONFIG_PATH} PYTHONPATH=/home/yeap/APC_2022_Prac/airsimversion/autoware.ai/install/tablet_socket_msgs/lib/python2.7/dist-packages:/home/yeap/APC_2022_Prac/airsimversion/autoware.ai/install/autoware_msgs/lib/python2.7/dist-packages:/home/yeap/APC_2022_Prac/airsimversion/autoware.ai/install/autoware_can_msgs/lib/python2.7/dist-packages:${PYTHONPATH} ROS_PACKAGE_PATH=/home/yeap/APC_2022_Prac/airsimversion/autoware.ai/install/tablet_socket_msgs/share:/home/yeap/APC_2022_Prac/airsimversion/autoware.ai/install/autoware_msgs/share:/home/yeap/APC_2022_Prac/airsimversion/autoware.ai/install/autoware_can_msgs/share:/home/yeap/APC_2022_Prac/airsimversion/autoware.ai/install/autoware_build_flags/share:${ROS_PACKAGE_PATH} /usr/bin/cmake /home/yeap/APC_2022_Prac/airsimversion/autoware.ai/src/autoware/utilities/mqtt_socket -DCMAKE_BUILD_TYPE=Release -DCATKIN_INSTALL_INTO_PREFIX_ROOT=0 -DCMAKE_INSTALL_PREFIX=/home/yeap/APC_2022_Prac/airsimversion/autoware.ai/install/mqtt_socket
[0.100s] -- The C compiler identification is GNU 7.5.0
[0.168s] -- The CXX compiler identification is GNU 7.5.0
[0.173s] -- Check for working C compiler: /usr/bin/cc
[0.248s] -- Check for working C compiler: /usr/bin/cc -- works
[0.248s] -- Detecting C compiler ABI info
[0.324s] -- Detecting C compiler ABI info - done
[0.334s] -- Detecting C compile features
[0.548s] -- Detecting C compile features - done
[0.552s] -- Check for working CXX compiler: /usr/bin/c++
[0.633s] -- Check for working CXX compiler: /usr/bin/c++ -- works
[0.635s] -- Detecting CXX compiler ABI info
[0.717s] -- Detecting CXX compiler ABI info - done
[0.726s] -- Detecting CXX compile features
[1.077s] -- Detecting CXX compile features - done
[1.079s] -- CUDA compilation status: .
[1.082s] -- Using CATKIN_DEVEL_PREFIX: /home/yeap/APC_2022_Prac/airsimversion/autoware.ai/build/mqtt_socket/devel
[1.082s] -- Using CMAKE_PREFIX_PATH: /home/yeap/APC_2022_Prac/airsimversion/autoware.ai/install/tablet_socket_msgs;/home/yeap/APC_2022_Prac/airsimversion/autoware.ai/install/autoware_msgs;/home/yeap/APC_2022_Prac/airsimversion/autoware.ai/install/autoware_can_msgs;/home/yeap/APC_2022_Prac/airsimversion/autoware.ai/install/autoware_build_flags;/opt/ros/melodic
[1.083s] -- This workspace overlays: /home/yeap/APC_2022_Prac/airsimversion/autoware.ai/install/tablet_socket_msgs;/home/yeap/APC_2022_Prac/airsimversion/autoware.ai/install/autoware_msgs;/home/yeap/APC_2022_Prac/airsimversion/autoware.ai/install/autoware_can_msgs;/home/yeap/APC_2022_Prac/airsimversion/autoware.ai/install/autoware_build_flags;/opt/ros/melodic
[1.098s] -- Found PythonInterp: /usr/bin/python2 (found suitable version "2.7.17", minimum required is "2") 
[1.099s] -- Using PYTHON_EXECUTABLE: /usr/bin/python2
[1.099s] -- Using Debian Python package layout
[1.100s] -- Using empy: /usr/bin/empy
[1.269s] -- Using CATKIN_ENABLE_TESTING: ON
[1.269s] -- Call enable_testing()
[1.271s] -- Using CATKIN_TEST_RESULTS_DIR: /home/yeap/APC_2022_Prac/airsimversion/autoware.ai/build/mqtt_socket/test_results
[1.295s] -- Found gtest sources under '/usr/src/googletest': gtests will be built
[1.295s] -- Found gmock sources under '/usr/src/googletest': gmock will be built
[1.310s] -- Found PythonInterp: /usr/bin/python2 (found version "2.7.17") 
[1.312s] -- Looking for pthread.h
[1.382s] -- Looking for pthread.h - found
[1.383s] -- Looking for pthread_create
[1.456s] -- Looking for pthread_create - not found
[1.457s] -- Looking for pthread_create in pthreads
[1.515s] -- Looking for pthread_create in pthreads - not found
[1.517s] -- Looking for pthread_create in pthread
[1.584s] -- Looking for pthread_create in pthread - found
[1.586s] -- Found Threads: TRUE  
[1.590s] -- Using Python nosetests: /usr/bin/nosetests-2.7
[1.640s] -- catkin 0.7.29
[1.640s] -- BUILD_SHARED_LIBS is on
[1.802s] -- Using these message generators: gencpp;geneus;genlisp;gennodejs;genpy
[1.921s] -- Found MOSQUITTO: /usr/lib/x86_64-linux-gnu/libmosquitto.so  
[1.922s] -- libmosquitto include dir: /usr/include
[1.922s] -- libmosquitto: /usr/lib/x86_64-linux-gnu/libmosquitto.so
[2.064s] -- Configuring done
[2.102s] -- Generating done
[2.112s] -- Build files have been written to: /home/yeap/APC_2022_Prac/airsimversion/autoware.ai/build/mqtt_socket
[2.123s] Invoked command in '/home/yeap/APC_2022_Prac/airsimversion/autoware.ai/build/mqtt_socket' returned '0': CMAKE_PREFIX_PATH=/home/yeap/APC_2022_Prac/airsimversion/autoware.ai/install/tablet_socket_msgs:/home/yeap/APC_2022_Prac/airsimversion/autoware.ai/install/autoware_msgs:/home/yeap/APC_2022_Prac/airsimversion/autoware.ai/install/autoware_can_msgs:/home/yeap/APC_2022_Prac/airsimversion/autoware.ai/install/autoware_build_flags:${CMAKE_PREFIX_PATH} PKG_CONFIG_PATH=/home/yeap/APC_2022_Prac/airsimversion/autoware.ai/install/tablet_socket_msgs/lib/x86_64-linux-gnu/pkgconfig:/home/yeap/APC_2022_Prac/airsimversion/autoware.ai/install/tablet_socket_msgs/lib/pkgconfig:/home/yeap/APC_2022_Prac/airsimversion/autoware.ai/install/autoware_msgs/lib/x86_64-linux-gnu/pkgconfig:/home/yeap/APC_2022_Prac/airsimversion/autoware.ai/install/autoware_msgs/lib/pkgconfig:/home/yeap/APC_2022_Prac/airsimversion/autoware.ai/install/autoware_can_msgs/lib/x86_64-linux-gnu/pkgconfig:/home/yeap/APC_2022_Prac/airsimversion/autoware.ai/install/autoware_can_msgs/lib/pkgconfig:/home/yeap/APC_2022_Prac/airsimversion/autoware.ai/install/autoware_build_flags/lib/x86_64-linux-gnu/pkgconfig:/home/yeap/APC_2022_Prac/airsimversion/autoware.ai/install/autoware_build_flags/lib/pkgconfig:${PKG_CONFIG_PATH} PYTHONPATH=/home/yeap/APC_2022_Prac/airsimversion/autoware.ai/install/tablet_socket_msgs/lib/python2.7/dist-packages:/home/yeap/APC_2022_Prac/airsimversion/autoware.ai/install/autoware_msgs/lib/python2.7/dist-packages:/home/yeap/APC_2022_Prac/airsimversion/autoware.ai/install/autoware_can_msgs/lib/python2.7/dist-packages:${PYTHONPATH} ROS_PACKAGE_PATH=/home/yeap/APC_2022_Prac/airsimversion/autoware.ai/install/tablet_socket_msgs/share:/home/yeap/APC_2022_Prac/airsimversion/autoware.ai/install/autoware_msgs/share:/home/yeap/APC_2022_Prac/airsimversion/autoware.ai/install/autoware_can_msgs/share:/home/yeap/APC_2022_Prac/airsimversion/autoware.ai/install/autoware_build_flags/share:${ROS_PACKAGE_PATH} /usr/bin/cmake /home/yeap/APC_2022_Prac/airsimversion/autoware.ai/src/autoware/utilities/mqtt_socket -DCMAKE_BUILD_TYPE=Release -DCATKIN_INSTALL_INTO_PREFIX_ROOT=0 -DCMAKE_INSTALL_PREFIX=/home/yeap/APC_2022_Prac/airsimversion/autoware.ai/install/mqtt_socket
[2.124s] Invoking command in '/home/yeap/APC_2022_Prac/airsimversion/autoware.ai/build/mqtt_socket': CMAKE_PREFIX_PATH=/home/yeap/APC_2022_Prac/airsimversion/autoware.ai/install/tablet_socket_msgs:/home/yeap/APC_2022_Prac/airsimversion/autoware.ai/install/autoware_msgs:/home/yeap/APC_2022_Prac/airsimversion/autoware.ai/install/autoware_can_msgs:/home/yeap/APC_2022_Prac/airsimversion/autoware.ai/install/autoware_build_flags:${CMAKE_PREFIX_PATH} PKG_CONFIG_PATH=/home/yeap/APC_2022_Prac/airsimversion/autoware.ai/install/tablet_socket_msgs/lib/x86_64-linux-gnu/pkgconfig:/home/yeap/APC_2022_Prac/airsimversion/autoware.ai/install/tablet_socket_msgs/lib/pkgconfig:/home/yeap/APC_2022_Prac/airsimversion/autoware.ai/install/autoware_msgs/lib/x86_64-linux-gnu/pkgconfig:/home/yeap/APC_2022_Prac/airsimversion/autoware.ai/install/autoware_msgs/lib/pkgconfig:/home/yeap/APC_2022_Prac/airsimversion/autoware.ai/install/autoware_can_msgs/lib/x86_64-linux-gnu/pkgconfig:/home/yeap/APC_2022_Prac/airsimversion/autoware.ai/install/autoware_can_msgs/lib/pkgconfig:/home/yeap/APC_2022_Prac/airsimversion/autoware.ai/install/autoware_build_flags/lib/x86_64-linux-gnu/pkgconfig:/home/yeap/APC_2022_Prac/airsimversion/autoware.ai/install/autoware_build_flags/lib/pkgconfig:${PKG_CONFIG_PATH} PYTHONPATH=/home/yeap/APC_2022_Prac/airsimversion/autoware.ai/install/tablet_socket_msgs/lib/python2.7/dist-packages:/home/yeap/APC_2022_Prac/airsimversion/autoware.ai/install/autoware_msgs/lib/python2.7/dist-packages:/home/yeap/APC_2022_Prac/airsimversion/autoware.ai/install/autoware_can_msgs/lib/python2.7/dist-packages:${PYTHONPATH} ROS_PACKAGE_PATH=/home/yeap/APC_2022_Prac/airsimversion/autoware.ai/install/tablet_socket_msgs/share:/home/yeap/APC_2022_Prac/airsimversion/autoware.ai/install/autoware_msgs/share:/home/yeap/APC_2022_Prac/airsimversion/autoware.ai/install/autoware_can_msgs/share:/home/yeap/APC_2022_Prac/airsimversion/autoware.ai/install/autoware_build_flags/share:${ROS_PACKAGE_PATH} /usr/bin/cmake --build /home/yeap/APC_2022_Prac/airsimversion/autoware.ai/build/mqtt_socket -- -j6 -l6
[2.172s] [35m[1mScanning dependencies of target sensor_msgs_generate_messages_nodejs[0m
[2.183s] [  0%] Built target sensor_msgs_generate_messages_nodejs
[2.195s] [35m[1mScanning dependencies of target rosgraph_msgs_generate_messages_py[0m
[2.207s] [  0%] Built target rosgraph_msgs_generate_messages_py
[2.221s] [35m[1mScanning dependencies of target rosgraph_msgs_generate_messages_nodejs[0m
[2.233s] [  0%] Built target rosgraph_msgs_generate_messages_nodejs
[2.245s] [35m[1mScanning dependencies of target rosgraph_msgs_generate_messages_lisp[0m
[2.256s] [  0%] Built target rosgraph_msgs_generate_messages_lisp
[2.267s] [35m[1mScanning dependencies of target roscpp_generate_messages_py[0m
[2.279s] [  0%] Built target roscpp_generate_messages_py
[2.290s] [35m[1mScanning dependencies of target roscpp_generate_messages_lisp[0m
[2.302s] [  0%] Built target roscpp_generate_messages_lisp
[2.314s] [35m[1mScanning dependencies of target actionlib_msgs_generate_messages_lisp[0m
[2.326s] [  0%] Built target actionlib_msgs_generate_messages_lisp
[2.338s] [35m[1mScanning dependencies of target actionlib_msgs_generate_messages_cpp[0m
[2.350s] [  0%] Built target actionlib_msgs_generate_messages_cpp
[2.361s] [35m[1mScanning dependencies of target jsk_footstep_msgs_generate_messages_nodejs[0m
[2.373s] [  0%] Built target jsk_footstep_msgs_generate_messages_nodejs
[2.384s] [35m[1mScanning dependencies of target jsk_footstep_msgs_generate_messages_lisp[0m
[2.396s] [  0%] Built target jsk_footstep_msgs_generate_messages_lisp
[2.407s] [35m[1mScanning dependencies of target actionlib_msgs_generate_messages_py[0m
[2.421s] [  0%] Built target actionlib_msgs_generate_messages_py
[2.433s] [35m[1mScanning dependencies of target jsk_footstep_msgs_generate_messages_eus[0m
[2.444s] [  0%] Built target jsk_footstep_msgs_generate_messages_eus
[2.459s] [35m[1mScanning dependencies of target pcl_msgs_generate_messages_py[0m
[2.470s] [  0%] Built target pcl_msgs_generate_messages_py
[2.482s] [35m[1mScanning dependencies of target pcl_msgs_generate_messages_nodejs[0m
[2.493s] [  0%] Built target pcl_msgs_generate_messages_nodejs
[2.505s] [35m[1mScanning dependencies of target pcl_msgs_generate_messages_lisp[0m
[2.518s] [  0%] Built target pcl_msgs_generate_messages_lisp
[2.529s] [35m[1mScanning dependencies of target pcl_msgs_generate_messages_eus[0m
[2.541s] [  0%] Built target pcl_msgs_generate_messages_eus
[2.552s] [35m[1mScanning dependencies of target rosgraph_msgs_generate_messages_cpp[0m
[2.564s] [  0%] Built target rosgraph_msgs_generate_messages_cpp
[2.575s] [35m[1mScanning dependencies of target autoware_msgs_generate_messages_cpp[0m
[2.587s] [  0%] Built target autoware_msgs_generate_messages_cpp
[2.598s] [35m[1mScanning dependencies of target std_msgs_generate_messages_nodejs[0m
[2.610s] [  0%] Built target std_msgs_generate_messages_nodejs
[2.623s] [35m[1mScanning dependencies of target std_msgs_generate_messages_lisp[0m
[2.634s] [  0%] Built target std_msgs_generate_messages_lisp
[2.646s] [35m[1mScanning dependencies of target sensor_msgs_generate_messages_cpp[0m
[2.658s] [  0%] Built target sensor_msgs_generate_messages_cpp
[2.669s] [35m[1mScanning dependencies of target sensor_msgs_generate_messages_eus[0m
[2.681s] [  0%] Built target sensor_msgs_generate_messages_eus
[2.693s] [35m[1mScanning dependencies of target tablet_socket_msgs_generate_messages_cpp[0m
[2.705s] [  0%] Built target tablet_socket_msgs_generate_messages_cpp
[2.718s] [35m[1mScanning dependencies of target autoware_can_msgs_generate_messages_py[0m
[2.730s] [  0%] Built target autoware_can_msgs_generate_messages_py
[2.742s] [35m[1mScanning dependencies of target jsk_footstep_msgs_generate_messages_cpp[0m
[2.754s] [  0%] Built target jsk_footstep_msgs_generate_messages_cpp
[2.765s] [35m[1mScanning dependencies of target geometry_msgs_generate_messages_py[0m
[2.777s] [  0%] Built target geometry_msgs_generate_messages_py
[2.789s] [35m[1mScanning dependencies of target std_msgs_generate_messages_eus[0m
[2.800s] [  0%] Built target std_msgs_generate_messages_eus
[2.812s] [35m[1mScanning dependencies of target autoware_msgs_generate_messages_nodejs[0m
[2.825s] [  0%] Built target autoware_msgs_generate_messages_nodejs
[2.837s] [35m[1mScanning dependencies of target jsk_footstep_msgs_generate_messages_py[0m
[2.849s] [  0%] Built target jsk_footstep_msgs_generate_messages_py
[2.870s] [35m[1mScanning dependencies of target std_msgs_generate_messages_cpp[0m
[2.881s] [  0%] Built target std_msgs_generate_messages_cpp
[2.893s] [35m[1mScanning dependencies of target actionlib_msgs_generate_messages_nodejs[0m
[2.905s] [  0%] Built target actionlib_msgs_generate_messages_nodejs
[2.916s] [35m[1mScanning dependencies of target std_msgs_generate_messages_py[0m
[2.928s] [  0%] Built target std_msgs_generate_messages_py
[2.940s] [35m[1mScanning dependencies of target autoware_msgs_generate_messages_py[0m
[2.951s] [  0%] Built target autoware_msgs_generate_messages_py
[2.963s] [35m[1mScanning dependencies of target autoware_can_msgs_generate_messages_eus[0m
[2.975s] [  0%] Built target autoware_can_msgs_generate_messages_eus
[2.986s] [35m[1mScanning dependencies of target geometry_msgs_generate_messages_nodejs[0m
[2.998s] [  0%] Built target geometry_msgs_generate_messages_nodejs
[3.009s] [35m[1mScanning dependencies of target sensor_msgs_generate_messages_py[0m
[3.021s] [  0%] Built target sensor_msgs_generate_messages_py
[3.033s] [35m[1mScanning dependencies of target jsk_recognition_msgs_generate_messages_py[0m
[3.044s] [  0%] Built target jsk_recognition_msgs_generate_messages_py
[3.055s] [35m[1mScanning dependencies of target autoware_can_msgs_generate_messages_nodejs[0m
[3.067s] [  0%] Built target autoware_can_msgs_generate_messages_nodejs
[3.078s] [35m[1mScanning dependencies of target autoware_can_msgs_generate_messages_lisp[0m
[3.089s] [  0%] Built target autoware_can_msgs_generate_messages_lisp
[3.101s] [35m[1mScanning dependencies of target autoware_can_msgs_generate_messages_cpp[0m
[3.113s] [  0%] Built target autoware_can_msgs_generate_messages_cpp
[3.124s] [35m[1mScanning dependencies of target autoware_msgs_generate_messages_eus[0m
[3.136s] [  0%] Built target autoware_msgs_generate_messages_eus
[3.147s] [35m[1mScanning dependencies of target jsk_recognition_msgs_generate_messages_cpp[0m
[3.158s] [  0%] Built target jsk_recognition_msgs_generate_messages_cpp
[3.169s] [35m[1mScanning dependencies of target sensor_msgs_generate_messages_lisp[0m
[3.181s] [  0%] Built target sensor_msgs_generate_messages_lisp
[3.193s] [35m[1mScanning dependencies of target pcl_msgs_generate_messages_cpp[0m
[3.204s] [  0%] Built target pcl_msgs_generate_messages_cpp
[3.216s] [35m[1mScanning dependencies of target actionlib_msgs_generate_messages_eus[0m
[3.228s] [  0%] Built target actionlib_msgs_generate_messages_eus
[3.239s] [35m[1mScanning dependencies of target autoware_msgs_generate_messages_lisp[0m
[3.251s] [  0%] Built target autoware_msgs_generate_messages_lisp
[3.262s] [35m[1mScanning dependencies of target roscpp_generate_messages_nodejs[0m
[3.273s] [  0%] Built target roscpp_generate_messages_nodejs
[3.284s] [35m[1mScanning dependencies of target roscpp_generate_messages_eus[0m
[3.295s] [  0%] Built target roscpp_generate_messages_eus
[3.308s] [35m[1mScanning dependencies of target geometry_msgs_generate_messages_eus[0m
[3.320s] [  0%] Built target geometry_msgs_generate_messages_eus
[3.331s] [35m[1mScanning dependencies of target geometry_msgs_generate_messages_cpp[0m
[3.342s] [  0%] Built target geometry_msgs_generate_messages_cpp
[3.353s] [35m[1mScanning dependencies of target geometry_msgs_generate_messages_lisp[0m
[3.365s] [  0%] Built target geometry_msgs_generate_messages_lisp
[3.376s] [35m[1mScanning dependencies of target jsk_recognition_msgs_generate_messages_eus[0m
[3.387s] [  0%] Built target jsk_recognition_msgs_generate_messages_eus
[3.398s] [35m[1mScanning dependencies of target jsk_recognition_msgs_generate_messages_lisp[0m
[3.410s] [  0%] Built target jsk_recognition_msgs_generate_messages_lisp
[3.422s] [35m[1mScanning dependencies of target rosgraph_msgs_generate_messages_eus[0m
[3.434s] [  0%] Built target rosgraph_msgs_generate_messages_eus
[3.445s] [35m[1mScanning dependencies of target jsk_recognition_msgs_generate_messages_nodejs[0m
[3.456s] [  0%] Built target jsk_recognition_msgs_generate_messages_nodejs
[3.468s] [35m[1mScanning dependencies of target roscpp_generate_messages_cpp[0m
[3.479s] [  0%] Built target roscpp_generate_messages_cpp
[3.490s] [35m[1mScanning dependencies of target tablet_socket_msgs_generate_messages_eus[0m
[3.502s] [  0%] Built target tablet_socket_msgs_generate_messages_eus
[3.513s] [35m[1mScanning dependencies of target tablet_socket_msgs_generate_messages_lisp[0m
[3.525s] [  0%] Built target tablet_socket_msgs_generate_messages_lisp
[3.536s] [35m[1mScanning dependencies of target tablet_socket_msgs_generate_messages_nodejs[0m
[3.548s] [  0%] Built target tablet_socket_msgs_generate_messages_nodejs
[3.559s] [35m[1mScanning dependencies of target tablet_socket_msgs_generate_messages_py[0m
[3.570s] [  0%] Built target tablet_socket_msgs_generate_messages_py
[3.582s] [35m[1mScanning dependencies of target mqtt_receiver[0m
[3.778s] [ 25%] [32mBuilding CXX object CMakeFiles/mqtt_receiver.dir/nodes/mqtt_receiver/mqtt_receiver.cpp.o[0m
[5.186s] [01m[K/home/yeap/APC_2022_Prac/airsimversion/autoware.ai/src/autoware/utilities/mqtt_socket/nodes/mqtt_receiver/mqtt_receiver.cpp:[m[K In constructor ‘[01m[KMqttReceiver::MqttReceiver()[m[K’:
[5.186s] [01m[K/home/yeap/APC_2022_Prac/airsimversion/autoware.ai/src/autoware/utilities/mqtt_socket/nodes/mqtt_receiver/mqtt_receiver.cpp:84:7:[m[K [01;35m[Kwarning: [m[Kvariable ‘[01m[Kret[m[K’ set but not used [[01;35m[K-Wunused-but-set-variable[m[K]
[5.186s]    int [01;35m[Kret[m[K = mosquitto_loop(mqtt_client, -1, 1);
[5.186s]        [01;35m[K^~~[m[K
[5.187s] [01m[K/home/yeap/APC_2022_Prac/airsimversion/autoware.ai/src/autoware/utilities/mqtt_socket/nodes/mqtt_receiver/mqtt_receiver.cpp:[m[K In destructor ‘[01m[KMqttReceiver::~MqttReceiver()[m[K’:
[5.187s] [01m[K/home/yeap/APC_2022_Prac/airsimversion/autoware.ai/src/autoware/utilities/mqtt_socket/nodes/mqtt_receiver/mqtt_receiver.cpp:90:7:[m[K [01;35m[Kwarning: [m[Kunused variable ‘[01m[Kret[m[K’ [[01;35m[K-Wunused-variable[m[K]
[5.187s]    int [01;35m[Kret[m[K = mosquitto_loop_stop(mqtt_client, 1);
[5.187s]        [01;35m[K^~~[m[K
[5.187s] [01m[K/home/yeap/APC_2022_Prac/airsimversion/autoware.ai/src/autoware/utilities/mqtt_socket/nodes/mqtt_receiver/mqtt_receiver.cpp:[m[K At global scope:
[5.187s] [01m[K/home/yeap/APC_2022_Prac/airsimversion/autoware.ai/src/autoware/utilities/mqtt_socket/nodes/mqtt_receiver/mqtt_receiver.cpp:95:83:[m[K [01;35m[Kwarning: [m[Kcannot declare member function ‘[01m[Kstatic void MqttReceiver::on_connect(mosquitto*, void*, int)[m[K’ to have static linkage [[01;35m[K-fpermissive[m[K]
[5.187s]  tic void MqttReceiver::on_connect(struct mosquitto *mosq, void *obj, int result[01;35m[K)[m[K
[5.187s]                                                                                 [01;35m[K^[m[K
[5.187s] [01m[K/home/yeap/APC_2022_Prac/airsimversion/autoware.ai/src/autoware/utilities/mqtt_socket/nodes/mqtt_receiver/mqtt_receiver.cpp:101:82:[m[K [01;35m[Kwarning: [m[Kcannot declare member function ‘[01m[Kstatic void MqttReceiver::on_disconnect(mosquitto*, void*, int)[m[K’ to have static linkage [[01;35m[K-fpermissive[m[K]
[5.187s]  atic void MqttReceiver::on_disconnect(struct mosquitto *mosq, void *obj, int rc[01;35m[K)[m[K
[5.187s]                                                                                 [01;35m[K^[m[K
[5.188s] [01m[K/home/yeap/APC_2022_Prac/airsimversion/autoware.ai/src/autoware/utilities/mqtt_socket/nodes/mqtt_receiver/mqtt_receiver.cpp:106:39:[m[K [01;35m[Kwarning: [m[Kcannot declare member function ‘[01m[Kstatic void MqttReceiver::load_config()[m[K’ to have static linkage [[01;35m[K-fpermissive[m[K]
[5.188s]  static void MqttReceiver::load_config([01;35m[K)[m[K
[5.188s]                                        [01;35m[K^[m[K
[5.190s] [01m[K/home/yeap/APC_2022_Prac/airsimversion/autoware.ai/src/autoware/utilities/mqtt_socket/nodes/mqtt_receiver/mqtt_receiver.cpp:133:112:[m[K [01;35m[Kwarning: [m[Kcannot declare member function ‘[01m[Kstatic void MqttReceiver::on_message(mosquitto*, void*, const mosquitto_message*)[m[K’ to have static linkage [[01;35m[K-fpermissive[m[K]
[5.190s]  sage(struct mosquitto *mosq, void *obj, const struct mosquitto_message *message[01;35m[K)[m[K
[5.190s]                                                                                 [01;35m[K^[m[K
[5.505s] [01m[K/home/yeap/APC_2022_Prac/airsimversion/autoware.ai/src/autoware/utilities/mqtt_socket/nodes/mqtt_receiver/mqtt_receiver.cpp:[m[K In static member function ‘[01m[Kstatic void MqttReceiver::on_message(mosquitto*, void*, const mosquitto_message*)[m[K’:
[5.505s] [01m[K/home/yeap/APC_2022_Prac/airsimversion/autoware.ai/src/autoware/utilities/mqtt_socket/nodes/mqtt_receiver/mqtt_receiver.cpp:149:36:[m[K [01;35m[Kwarning: [m[Kstatement will never be executed [[01;35m[K-Wswitch-unreachable[m[K]
[5.505s]          [01;35m[Kmsg.vehicle_cmd.lamp_cmd.l = 0[m[K;
[5.506s]          [01;35m[K~~~~~~~~~~~~~~~~~~~~~~~~~~~^~~[m[K
[5.522s] In file included from [01m[K/home/yeap/APC_2022_Prac/airsimversion/autoware.ai/src/autoware/utilities/mqtt_socket/nodes/mqtt_receiver/mqtt_receiver.cpp:41:0[m[K:
[5.523s] [01m[K/home/yeap/APC_2022_Prac/airsimversion/autoware.ai/src/autoware/utilities/mqtt_socket/include/mqtt_socket/mqtt_setting.hpp:[m[K At global scope:
[5.523s] [01m[K/home/yeap/APC_2022_Prac/airsimversion/autoware.ai/src/autoware/utilities/mqtt_socket/include/mqtt_socket/mqtt_setting.hpp:18:14:[m[K [01;35m[Kwarning: [m[K‘[01m[Kcaninfo_downsample[m[K’ defined but not used [[01;35m[K-Wunused-variable[m[K]
[5.523s]  static float [01;35m[Kcaninfo_downsample[m[K;
[5.523s]               [01;35m[K^~~~~~~~~~~~~~~~~~[m[K
[7.186s] [ 50%] [32m[1mLinking CXX executable devel/lib/mqtt_socket/mqtt_receiver[0m
[7.413s] [ 50%] Built target mqtt_receiver
[7.424s] [35m[1mScanning dependencies of target mqtt_sender[0m
[7.569s] [ 75%] [32mBuilding CXX object CMakeFiles/mqtt_sender.dir/nodes/mqtt_sender/mqtt_sender.cpp.o[0m
[9.066s] [01m[K/home/yeap/APC_2022_Prac/airsimversion/autoware.ai/src/autoware/utilities/mqtt_socket/nodes/mqtt_sender/mqtt_sender.cpp:143:37:[m[K [01;35m[Kwarning: [m[Kcannot declare member function ‘[01m[Kstatic void MqttSender::load_config()[m[K’ to have static linkage [[01;35m[K-fpermissive[m[K]
[9.066s]  static void MqttSender::load_config([01;35m[K)[m[K
[9.066s]                                      [01;35m[K^[m[K
[9.069s] [01m[K/home/yeap/APC_2022_Prac/airsimversion/autoware.ai/src/autoware/utilities/mqtt_socket/nodes/mqtt_sender/mqtt_sender.cpp:[m[K In member function ‘[01m[Kvoid MqttSender::targetVelocityArrayCallback(const Float64MultiArray&)[m[K’:
[9.069s] [01m[K/home/yeap/APC_2022_Prac/airsimversion/autoware.ai/src/autoware/utilities/mqtt_socket/nodes/mqtt_sender/mqtt_sender.cpp:176:20:[m[K [01;35m[Kwarning: [m[Kcomparison between signed and unsigned integer expressions [[01;35m[K-Wsign-compare[m[K]
[9.069s]    for(int i = 0; [01;35m[Ki < sizeof([m[Kmsg.data); i++) {
[9.070s]                   [01;35m[K~~^~~~~~~~~[m[K
[9.070s] [01m[K/home/yeap/APC_2022_Prac/airsimversion/autoware.ai/src/autoware/utilities/mqtt_socket/nodes/mqtt_sender/mqtt_sender.cpp:181:7:[m[K [01;35m[Kwarning: [m[Kunused variable ‘[01m[Kret[m[K’ [[01;35m[K-Wunused-variable[m[K]
[9.070s]    int [01;35m[Kret[m[K = mosquitto_publish(
[9.070s]        [01;35m[K^~~[m[K
[9.071s] [01m[K/home/yeap/APC_2022_Prac/airsimversion/autoware.ai/src/autoware/utilities/mqtt_socket/nodes/mqtt_sender/mqtt_sender.cpp:[m[K In member function ‘[01m[Kvoid MqttSender::twistCmdCallback(const TwistStamped&)[m[K’:
[9.071s] [01m[K/home/yeap/APC_2022_Prac/airsimversion/autoware.ai/src/autoware/utilities/mqtt_socket/nodes/mqtt_sender/mqtt_sender.cpp:201:7:[m[K [01;35m[Kwarning: [m[Kunused variable ‘[01m[Kret[m[K’ [[01;35m[K-Wunused-variable[m[K]
[9.071s]    int [01;35m[Kret[m[K = mosquitto_publish(
[9.072s]        [01;35m[K^~~[m[K
[9.072s] [01m[K/home/yeap/APC_2022_Prac/airsimversion/autoware.ai/src/autoware/utilities/mqtt_socket/nodes/mqtt_sender/mqtt_sender.cpp:[m[K In member function ‘[01m[Kvoid MqttSender::stateCallback(const String&)[m[K’:
[9.072s] [01m[K/home/yeap/APC_2022_Prac/airsimversion/autoware.ai/src/autoware/utilities/mqtt_socket/nodes/mqtt_sender/mqtt_sender.cpp:216:7:[m[K [01;35m[Kwarning: [m[Kunused variable ‘[01m[Kret[m[K’ [[01;35m[K-Wunused-variable[m[K]
[9.072s]    int [01;35m[Kret[m[K = mosquitto_publish(
[9.072s]        [01;35m[K^~~[m[K
[9.074s] [01m[K/home/yeap/APC_2022_Prac/airsimversion/autoware.ai/src/autoware/utilities/mqtt_socket/nodes/mqtt_sender/mqtt_sender.cpp:[m[K In member function ‘[01m[Kvoid MqttSender::currentPoseCallback(const PoseStamped&)[m[K’:
[9.074s] [01m[K/home/yeap/APC_2022_Prac/airsimversion/autoware.ai/src/autoware/utilities/mqtt_socket/nodes/mqtt_sender/mqtt_sender.cpp:240:7:[m[K [01;35m[Kwarning: [m[Kunused variable ‘[01m[Kret[m[K’ [[01;35m[K-Wunused-variable[m[K]
[9.074s]    int [01;35m[Kret[m[K = mosquitto_publish(
[9.075s]        [01;35m[K^~~[m[K
[9.076s] [01m[K/home/yeap/APC_2022_Prac/airsimversion/autoware.ai/src/autoware/utilities/mqtt_socket/nodes/mqtt_sender/mqtt_sender.cpp:[m[K In member function ‘[01m[Kvoid MqttSender::modeInfoCallback(const mode_info&)[m[K’:
[9.076s] [01m[K/home/yeap/APC_2022_Prac/airsimversion/autoware.ai/src/autoware/utilities/mqtt_socket/nodes/mqtt_sender/mqtt_sender.cpp:259:9:[m[K [01;35m[Kwarning: [m[Kunused variable ‘[01m[Kret[m[K’ [[01;35m[K-Wunused-variable[m[K]
[9.076s]      int [01;35m[Kret[m[K = mosquitto_publish(
[9.076s]          [01;35m[K^~~[m[K
[9.086s] [01m[K/home/yeap/APC_2022_Prac/airsimversion/autoware.ai/src/autoware/utilities/mqtt_socket/nodes/mqtt_sender/mqtt_sender.cpp:[m[K In member function ‘[01m[Kvoid MqttSender::canInfoCallback(const CANInfoConstPtr&)[m[K’:
[9.087s] [01m[K/home/yeap/APC_2022_Prac/airsimversion/autoware.ai/src/autoware/utilities/mqtt_socket/nodes/mqtt_sender/mqtt_sender.cpp:345:9:[m[K [01;35m[Kwarning: [m[Kunused variable ‘[01m[Kret[m[K’ [[01;35m[K-Wunused-variable[m[K]
[9.087s]      int [01;35m[Kret[m[K = mosquitto_publish(
[9.087s]          [01;35m[K^~~[m[K
[9.813s] In file included from [01m[K/home/yeap/APC_2022_Prac/airsimversion/autoware.ai/src/autoware/utilities/mqtt_socket/nodes/mqtt_sender/mqtt_sender.cpp:45:0[m[K:
[9.813s] [01m[K/home/yeap/APC_2022_Prac/airsimversion/autoware.ai/src/autoware/utilities/mqtt_socket/include/mqtt_socket/mqtt_setting.hpp:[m[K At global scope:
[9.813s] [01m[K/home/yeap/APC_2022_Prac/airsimversion/autoware.ai/src/autoware/utilities/mqtt_socket/include/mqtt_socket/mqtt_setting.hpp:15:14:[m[K [01;35m[Kwarning: [m[K‘[01m[Klinear_x_max_val[m[K’ defined but not used [[01;35m[K-Wunused-variable[m[K]
[9.813s]  static float [01;35m[Klinear_x_max_val[m[K;
[9.813s]               [01;35m[K^~~~~~~~~~~~~~~~[m[K
[9.814s] [01m[K/home/yeap/APC_2022_Prac/airsimversion/autoware.ai/src/autoware/utilities/mqtt_socket/include/mqtt_socket/mqtt_setting.hpp:14:14:[m[K [01;35m[Kwarning: [m[K‘[01m[Ksteer_max_val[m[K’ defined but not used [[01;35m[K-Wunused-variable[m[K]
[9.814s]  static float [01;35m[Ksteer_max_val[m[K;
[9.814s]               [01;35m[K^~~~~~~~~~~~~[m[K
[9.814s] [01m[K/home/yeap/APC_2022_Prac/airsimversion/autoware.ai/src/autoware/utilities/mqtt_socket/include/mqtt_socket/mqtt_setting.hpp:13:12:[m[K [01;35m[Kwarning: [m[K‘[01m[Kbrake_max_val[m[K’ defined but not used [[01;35m[K-Wunused-variable[m[K]
[9.814s]  static int [01;35m[Kbrake_max_val[m[K;
[9.814s]             [01;35m[K^~~~~~~~~~~~~[m[K
[9.814s] [01m[K/home/yeap/APC_2022_Prac/airsimversion/autoware.ai/src/autoware/utilities/mqtt_socket/include/mqtt_socket/mqtt_setting.hpp:12:12:[m[K [01;35m[Kwarning: [m[K‘[01m[Kaccel_max_val[m[K’ defined but not used [[01;35m[K-Wunused-variable[m[K]
[9.814s]  static int [01;35m[Kaccel_max_val[m[K;
[9.815s]             [01;35m[K^~~~~~~~~~~~~[m[K
[12.220s] [100%] [32m[1mLinking CXX executable devel/lib/mqtt_socket/mqtt_sender[0m
[12.458s] [100%] Built target mqtt_sender
[12.471s] Invoked command in '/home/yeap/APC_2022_Prac/airsimversion/autoware.ai/build/mqtt_socket' returned '0': CMAKE_PREFIX_PATH=/home/yeap/APC_2022_Prac/airsimversion/autoware.ai/install/tablet_socket_msgs:/home/yeap/APC_2022_Prac/airsimversion/autoware.ai/install/autoware_msgs:/home/yeap/APC_2022_Prac/airsimversion/autoware.ai/install/autoware_can_msgs:/home/yeap/APC_2022_Prac/airsimversion/autoware.ai/install/autoware_build_flags:${CMAKE_PREFIX_PATH} PKG_CONFIG_PATH=/home/yeap/APC_2022_Prac/airsimversion/autoware.ai/install/tablet_socket_msgs/lib/x86_64-linux-gnu/pkgconfig:/home/yeap/APC_2022_Prac/airsimversion/autoware.ai/install/tablet_socket_msgs/lib/pkgconfig:/home/yeap/APC_2022_Prac/airsimversion/autoware.ai/install/autoware_msgs/lib/x86_64-linux-gnu/pkgconfig:/home/yeap/APC_2022_Prac/airsimversion/autoware.ai/install/autoware_msgs/lib/pkgconfig:/home/yeap/APC_2022_Prac/airsimversion/autoware.ai/install/autoware_can_msgs/lib/x86_64-linux-gnu/pkgconfig:/home/yeap/APC_2022_Prac/airsimversion/autoware.ai/install/autoware_can_msgs/lib/pkgconfig:/home/yeap/APC_2022_Prac/airsimversion/autoware.ai/install/autoware_build_flags/lib/x86_64-linux-gnu/pkgconfig:/home/yeap/APC_2022_Prac/airsimversion/autoware.ai/install/autoware_build_flags/lib/pkgconfig:${PKG_CONFIG_PATH} PYTHONPATH=/home/yeap/APC_2022_Prac/airsimversion/autoware.ai/install/tablet_socket_msgs/lib/python2.7/dist-packages:/home/yeap/APC_2022_Prac/airsimversion/autoware.ai/install/autoware_msgs/lib/python2.7/dist-packages:/home/yeap/APC_2022_Prac/airsimversion/autoware.ai/install/autoware_can_msgs/lib/python2.7/dist-packages:${PYTHONPATH} ROS_PACKAGE_PATH=/home/yeap/APC_2022_Prac/airsimversion/autoware.ai/install/tablet_socket_msgs/share:/home/yeap/APC_2022_Prac/airsimversion/autoware.ai/install/autoware_msgs/share:/home/yeap/APC_2022_Prac/airsimversion/autoware.ai/install/autoware_can_msgs/share:/home/yeap/APC_2022_Prac/airsimversion/autoware.ai/install/autoware_build_flags/share:${ROS_PACKAGE_PATH} /usr/bin/cmake --build /home/yeap/APC_2022_Prac/airsimversion/autoware.ai/build/mqtt_socket -- -j6 -l6
[12.603s] Invoking command in '/home/yeap/APC_2022_Prac/airsimversion/autoware.ai/build/mqtt_socket': CMAKE_PREFIX_PATH=/home/yeap/APC_2022_Prac/airsimversion/autoware.ai/install/tablet_socket_msgs:/home/yeap/APC_2022_Prac/airsimversion/autoware.ai/install/autoware_msgs:/home/yeap/APC_2022_Prac/airsimversion/autoware.ai/install/autoware_can_msgs:/home/yeap/APC_2022_Prac/airsimversion/autoware.ai/install/autoware_build_flags:${CMAKE_PREFIX_PATH} PKG_CONFIG_PATH=/home/yeap/APC_2022_Prac/airsimversion/autoware.ai/install/tablet_socket_msgs/lib/x86_64-linux-gnu/pkgconfig:/home/yeap/APC_2022_Prac/airsimversion/autoware.ai/install/tablet_socket_msgs/lib/pkgconfig:/home/yeap/APC_2022_Prac/airsimversion/autoware.ai/install/autoware_msgs/lib/x86_64-linux-gnu/pkgconfig:/home/yeap/APC_2022_Prac/airsimversion/autoware.ai/install/autoware_msgs/lib/pkgconfig:/home/yeap/APC_2022_Prac/airsimversion/autoware.ai/install/autoware_can_msgs/lib/x86_64-linux-gnu/pkgconfig:/home/yeap/APC_2022_Prac/airsimversion/autoware.ai/install/autoware_can_msgs/lib/pkgconfig:/home/yeap/APC_2022_Prac/airsimversion/autoware.ai/install/autoware_build_flags/lib/x86_64-linux-gnu/pkgconfig:/home/yeap/APC_2022_Prac/airsimversion/autoware.ai/install/autoware_build_flags/lib/pkgconfig:${PKG_CONFIG_PATH} PYTHONPATH=/home/yeap/APC_2022_Prac/airsimversion/autoware.ai/install/tablet_socket_msgs/lib/python2.7/dist-packages:/home/yeap/APC_2022_Prac/airsimversion/autoware.ai/install/autoware_msgs/lib/python2.7/dist-packages:/home/yeap/APC_2022_Prac/airsimversion/autoware.ai/install/autoware_can_msgs/lib/python2.7/dist-packages:${PYTHONPATH} ROS_PACKAGE_PATH=/home/yeap/APC_2022_Prac/airsimversion/autoware.ai/install/tablet_socket_msgs/share:/home/yeap/APC_2022_Prac/airsimversion/autoware.ai/install/autoware_msgs/share:/home/yeap/APC_2022_Prac/airsimversion/autoware.ai/install/autoware_can_msgs/share:/home/yeap/APC_2022_Prac/airsimversion/autoware.ai/install/autoware_build_flags/share:${ROS_PACKAGE_PATH} /usr/bin/cmake --build /home/yeap/APC_2022_Prac/airsimversion/autoware.ai/build/mqtt_socket --target tests -- -j6 -l6
[12.667s] [35m[1mScanning dependencies of target tests[0m
[12.678s] Built target tests
[12.690s] Invoked command in '/home/yeap/APC_2022_Prac/airsimversion/autoware.ai/build/mqtt_socket' returned '0': CMAKE_PREFIX_PATH=/home/yeap/APC_2022_Prac/airsimversion/autoware.ai/install/tablet_socket_msgs:/home/yeap/APC_2022_Prac/airsimversion/autoware.ai/install/autoware_msgs:/home/yeap/APC_2022_Prac/airsimversion/autoware.ai/install/autoware_can_msgs:/home/yeap/APC_2022_Prac/airsimversion/autoware.ai/install/autoware_build_flags:${CMAKE_PREFIX_PATH} PKG_CONFIG_PATH=/home/yeap/APC_2022_Prac/airsimversion/autoware.ai/install/tablet_socket_msgs/lib/x86_64-linux-gnu/pkgconfig:/home/yeap/APC_2022_Prac/airsimversion/autoware.ai/install/tablet_socket_msgs/lib/pkgconfig:/home/yeap/APC_2022_Prac/airsimversion/autoware.ai/install/autoware_msgs/lib/x86_64-linux-gnu/pkgconfig:/home/yeap/APC_2022_Prac/airsimversion/autoware.ai/install/autoware_msgs/lib/pkgconfig:/home/yeap/APC_2022_Prac/airsimversion/autoware.ai/install/autoware_can_msgs/lib/x86_64-linux-gnu/pkgconfig:/home/yeap/APC_2022_Prac/airsimversion/autoware.ai/install/autoware_can_msgs/lib/pkgconfig:/home/yeap/APC_2022_Prac/airsimversion/autoware.ai/install/autoware_build_flags/lib/x86_64-linux-gnu/pkgconfig:/home/yeap/APC_2022_Prac/airsimversion/autoware.ai/install/autoware_build_flags/lib/pkgconfig:${PKG_CONFIG_PATH} PYTHONPATH=/home/yeap/APC_2022_Prac/airsimversion/autoware.ai/install/tablet_socket_msgs/lib/python2.7/dist-packages:/home/yeap/APC_2022_Prac/airsimversion/autoware.ai/install/autoware_msgs/lib/python2.7/dist-packages:/home/yeap/APC_2022_Prac/airsimversion/autoware.ai/install/autoware_can_msgs/lib/python2.7/dist-packages:${PYTHONPATH} ROS_PACKAGE_PATH=/home/yeap/APC_2022_Prac/airsimversion/autoware.ai/install/tablet_socket_msgs/share:/home/yeap/APC_2022_Prac/airsimversion/autoware.ai/install/autoware_msgs/share:/home/yeap/APC_2022_Prac/airsimversion/autoware.ai/install/autoware_can_msgs/share:/home/yeap/APC_2022_Prac/airsimversion/autoware.ai/install/autoware_build_flags/share:${ROS_PACKAGE_PATH} /usr/bin/cmake --build /home/yeap/APC_2022_Prac/airsimversion/autoware.ai/build/mqtt_socket --target tests -- -j6 -l6
[12.782s] Invoking command in '/home/yeap/APC_2022_Prac/airsimversion/autoware.ai/build/mqtt_socket': CMAKE_PREFIX_PATH=/home/yeap/APC_2022_Prac/airsimversion/autoware.ai/install/tablet_socket_msgs:/home/yeap/APC_2022_Prac/airsimversion/autoware.ai/install/autoware_msgs:/home/yeap/APC_2022_Prac/airsimversion/autoware.ai/install/autoware_can_msgs:/home/yeap/APC_2022_Prac/airsimversion/autoware.ai/install/autoware_build_flags:${CMAKE_PREFIX_PATH} PKG_CONFIG_PATH=/home/yeap/APC_2022_Prac/airsimversion/autoware.ai/install/tablet_socket_msgs/lib/x86_64-linux-gnu/pkgconfig:/home/yeap/APC_2022_Prac/airsimversion/autoware.ai/install/tablet_socket_msgs/lib/pkgconfig:/home/yeap/APC_2022_Prac/airsimversion/autoware.ai/install/autoware_msgs/lib/x86_64-linux-gnu/pkgconfig:/home/yeap/APC_2022_Prac/airsimversion/autoware.ai/install/autoware_msgs/lib/pkgconfig:/home/yeap/APC_2022_Prac/airsimversion/autoware.ai/install/autoware_can_msgs/lib/x86_64-linux-gnu/pkgconfig:/home/yeap/APC_2022_Prac/airsimversion/autoware.ai/install/autoware_can_msgs/lib/pkgconfig:/home/yeap/APC_2022_Prac/airsimversion/autoware.ai/install/autoware_build_flags/lib/x86_64-linux-gnu/pkgconfig:/home/yeap/APC_2022_Prac/airsimversion/autoware.ai/install/autoware_build_flags/lib/pkgconfig:${PKG_CONFIG_PATH} PYTHONPATH=/home/yeap/APC_2022_Prac/airsimversion/autoware.ai/install/tablet_socket_msgs/lib/python2.7/dist-packages:/home/yeap/APC_2022_Prac/airsimversion/autoware.ai/install/autoware_msgs/lib/python2.7/dist-packages:/home/yeap/APC_2022_Prac/airsimversion/autoware.ai/install/autoware_can_msgs/lib/python2.7/dist-packages:${PYTHONPATH} ROS_PACKAGE_PATH=/home/yeap/APC_2022_Prac/airsimversion/autoware.ai/install/tablet_socket_msgs/share:/home/yeap/APC_2022_Prac/airsimversion/autoware.ai/install/autoware_msgs/share:/home/yeap/APC_2022_Prac/airsimversion/autoware.ai/install/autoware_can_msgs/share:/home/yeap/APC_2022_Prac/airsimversion/autoware.ai/install/autoware_build_flags/share:${ROS_PACKAGE_PATH} /usr/bin/cmake --build /home/yeap/APC_2022_Prac/airsimversion/autoware.ai/build/mqtt_socket --target install -- -j6 -l6
[12.852s] [  0%] Built target sensor_msgs_generate_messages_nodejs
[12.875s] [  0%] Built target rosgraph_msgs_generate_messages_py
[12.897s] [  0%] Built target rosgraph_msgs_generate_messages_nodejs
[12.919s] [  0%] Built target rosgraph_msgs_generate_messages_lisp
[12.943s] [  0%] Built target roscpp_generate_messages_py
[12.966s] [  0%] Built target roscpp_generate_messages_lisp
[12.989s] [  0%] Built target actionlib_msgs_generate_messages_lisp
[13.011s] [  0%] Built target actionlib_msgs_generate_messages_cpp
[13.034s] [  0%] Built target jsk_footstep_msgs_generate_messages_nodejs
[13.058s] [  0%] Built target jsk_footstep_msgs_generate_messages_lisp
[13.080s] [  0%] Built target actionlib_msgs_generate_messages_py
[13.112s] [  0%] Built target jsk_footstep_msgs_generate_messages_eus
[13.136s] [  0%] Built target pcl_msgs_generate_messages_py
[13.160s] [  0%] Built target pcl_msgs_generate_messages_nodejs
[13.183s] [  0%] Built target pcl_msgs_generate_messages_lisp
[13.205s] [  0%] Built target pcl_msgs_generate_messages_eus
[13.228s] [  0%] Built target rosgraph_msgs_generate_messages_cpp
[13.254s] [  0%] Built target autoware_msgs_generate_messages_cpp
[13.276s] [  0%] Built target std_msgs_generate_messages_nodejs
[13.298s] [  0%] Built target std_msgs_generate_messages_lisp
[13.321s] [  0%] Built target sensor_msgs_generate_messages_cpp
[13.344s] [  0%] Built target sensor_msgs_generate_messages_eus
[13.368s] [  0%] Built target tablet_socket_msgs_generate_messages_cpp
[13.390s] [  0%] Built target autoware_can_msgs_generate_messages_py
[13.414s] [  0%] Built target jsk_footstep_msgs_generate_messages_cpp
[13.435s] [  0%] Built target geometry_msgs_generate_messages_py
[13.459s] [  0%] Built target std_msgs_generate_messages_eus
[13.481s] [  0%] Built target autoware_msgs_generate_messages_nodejs
[13.503s] [  0%] Built target jsk_footstep_msgs_generate_messages_py
[13.526s] [  0%] Built target std_msgs_generate_messages_cpp
[13.550s] [  0%] Built target actionlib_msgs_generate_messages_nodejs
[13.572s] [  0%] Built target std_msgs_generate_messages_py
[13.595s] [  0%] Built target autoware_msgs_generate_messages_py
[13.616s] [  0%] Built target autoware_can_msgs_generate_messages_eus
[13.639s] [  0%] Built target geometry_msgs_generate_messages_nodejs
[13.663s] [  0%] Built target sensor_msgs_generate_messages_py
[13.685s] [  0%] Built target jsk_recognition_msgs_generate_messages_py
[13.707s] [  0%] Built target autoware_can_msgs_generate_messages_nodejs
[13.731s] [  0%] Built target autoware_can_msgs_generate_messages_lisp
[13.755s] [  0%] Built target autoware_can_msgs_generate_messages_cpp
[13.778s] [  0%] Built target autoware_msgs_generate_messages_eus
[13.800s] [  0%] Built target jsk_recognition_msgs_generate_messages_cpp
[13.823s] [  0%] Built target sensor_msgs_generate_messages_lisp
[13.847s] [  0%] Built target pcl_msgs_generate_messages_cpp
[13.869s] [  0%] Built target actionlib_msgs_generate_messages_eus
[13.891s] [  0%] Built target autoware_msgs_generate_messages_lisp
[13.923s] [  0%] Built target roscpp_generate_messages_nodejs
[13.946s] [  0%] Built target roscpp_generate_messages_eus
[13.968s] [  0%] Built target geometry_msgs_generate_messages_eus
[13.990s] [  0%] Built target geometry_msgs_generate_messages_cpp
[14.013s] [  0%] Built target geometry_msgs_generate_messages_lisp
[14.035s] [  0%] Built target jsk_recognition_msgs_generate_messages_eus
[14.057s] [  0%] Built target jsk_recognition_msgs_generate_messages_lisp
[14.080s] [  0%] Built target rosgraph_msgs_generate_messages_eus
[14.102s] [  0%] Built target jsk_recognition_msgs_generate_messages_nodejs
[14.124s] [  0%] Built target roscpp_generate_messages_cpp
[14.147s] [  0%] Built target tablet_socket_msgs_generate_messages_eus
[14.168s] [  0%] Built target tablet_socket_msgs_generate_messages_lisp
[14.189s] [  0%] Built target tablet_socket_msgs_generate_messages_nodejs
[14.211s] [  0%] Built target tablet_socket_msgs_generate_messages_py
[14.276s] [ 50%] Built target mqtt_receiver
[14.340s] [100%] Built target mqtt_sender
[14.363s] [36mInstall the project...[0m
[14.373s] -- Install configuration: "Release"
[14.373s] -- Installing: /home/yeap/APC_2022_Prac/airsimversion/autoware.ai/install/mqtt_socket/lib/pkgconfig/mqtt_socket.pc
[14.373s] -- Installing: /home/yeap/APC_2022_Prac/airsimversion/autoware.ai/install/mqtt_socket/share/mqtt_socket/cmake/mqtt_socketConfig.cmake
[14.373s] -- Installing: /home/yeap/APC_2022_Prac/airsimversion/autoware.ai/install/mqtt_socket/share/mqtt_socket/cmake/mqtt_socketConfig-version.cmake
[14.373s] -- Installing: /home/yeap/APC_2022_Prac/airsimversion/autoware.ai/install/mqtt_socket/share/mqtt_socket/package.xml
[14.373s] -- Installing: /home/yeap/APC_2022_Prac/airsimversion/autoware.ai/install/mqtt_socket/lib/mqtt_socket/mqtt_receiver
[14.374s] -- Set runtime path of "/home/yeap/APC_2022_Prac/airsimversion/autoware.ai/install/mqtt_socket/lib/mqtt_socket/mqtt_receiver" to ""
[14.374s] -- Installing: /home/yeap/APC_2022_Prac/airsimversion/autoware.ai/install/mqtt_socket/lib/mqtt_socket/mqtt_sender
[14.374s] -- Set runtime path of "/home/yeap/APC_2022_Prac/airsimversion/autoware.ai/install/mqtt_socket/lib/mqtt_socket/mqtt_sender" to ""
[14.380s] Invoked command in '/home/yeap/APC_2022_Prac/airsimversion/autoware.ai/build/mqtt_socket' returned '0': CMAKE_PREFIX_PATH=/home/yeap/APC_2022_Prac/airsimversion/autoware.ai/install/tablet_socket_msgs:/home/yeap/APC_2022_Prac/airsimversion/autoware.ai/install/autoware_msgs:/home/yeap/APC_2022_Prac/airsimversion/autoware.ai/install/autoware_can_msgs:/home/yeap/APC_2022_Prac/airsimversion/autoware.ai/install/autoware_build_flags:${CMAKE_PREFIX_PATH} PKG_CONFIG_PATH=/home/yeap/APC_2022_Prac/airsimversion/autoware.ai/install/tablet_socket_msgs/lib/x86_64-linux-gnu/pkgconfig:/home/yeap/APC_2022_Prac/airsimversion/autoware.ai/install/tablet_socket_msgs/lib/pkgconfig:/home/yeap/APC_2022_Prac/airsimversion/autoware.ai/install/autoware_msgs/lib/x86_64-linux-gnu/pkgconfig:/home/yeap/APC_2022_Prac/airsimversion/autoware.ai/install/autoware_msgs/lib/pkgconfig:/home/yeap/APC_2022_Prac/airsimversion/autoware.ai/install/autoware_can_msgs/lib/x86_64-linux-gnu/pkgconfig:/home/yeap/APC_2022_Prac/airsimversion/autoware.ai/install/autoware_can_msgs/lib/pkgconfig:/home/yeap/APC_2022_Prac/airsimversion/autoware.ai/install/autoware_build_flags/lib/x86_64-linux-gnu/pkgconfig:/home/yeap/APC_2022_Prac/airsimversion/autoware.ai/install/autoware_build_flags/lib/pkgconfig:${PKG_CONFIG_PATH} PYTHONPATH=/home/yeap/APC_2022_Prac/airsimversion/autoware.ai/install/tablet_socket_msgs/lib/python2.7/dist-packages:/home/yeap/APC_2022_Prac/airsimversion/autoware.ai/install/autoware_msgs/lib/python2.7/dist-packages:/home/yeap/APC_2022_Prac/airsimversion/autoware.ai/install/autoware_can_msgs/lib/python2.7/dist-packages:${PYTHONPATH} ROS_PACKAGE_PATH=/home/yeap/APC_2022_Prac/airsimversion/autoware.ai/install/tablet_socket_msgs/share:/home/yeap/APC_2022_Prac/airsimversion/autoware.ai/install/autoware_msgs/share:/home/yeap/APC_2022_Prac/airsimversion/autoware.ai/install/autoware_can_msgs/share:/home/yeap/APC_2022_Prac/airsimversion/autoware.ai/install/autoware_build_flags/share:${ROS_PACKAGE_PATH} /usr/bin/cmake --build /home/yeap/APC_2022_Prac/airsimversion/autoware.ai/build/mqtt_socket --target install -- -j6 -l6
