[0.031s] Invoking command in '/home/yeap/APC_2022_Prac/airsimversion/autoware.ai/build/autoware_can_msgs': /usr/bin/cmake --build /home/yeap/APC_2022_Prac/airsimversion/autoware.ai/build/autoware_can_msgs -- -j6 -l6
[0.104s] [  0%] Built target std_msgs_generate_messages_cpp
[0.115s] [  0%] Built target std_msgs_generate_messages_nodejs
[0.118s] [  0%] Built target std_msgs_generate_messages_py
[0.147s] [  0%] Built target _autoware_can_msgs_generate_messages_check_deps_CANInfo
[0.153s] [  0%] Built target _autoware_can_msgs_generate_messages_check_deps_CANPacket
[0.160s] [  0%] Built target std_msgs_generate_messages_lisp
[0.162s] [  0%] Built target _autoware_can_msgs_generate_messages_check_deps_CANData
[0.170s] [  0%] Built target std_msgs_generate_messages_eus
[0.212s] [ 23%] Built target autoware_can_msgs_generate_messages_eus
[0.214s] [ 41%] Built target autoware_can_msgs_generate_messages_nodejs
[0.222s] [ 58%] Built target autoware_can_msgs_generate_messages_lisp
[0.227s] [ 82%] Built target autoware_can_msgs_generate_messages_py
[0.236s] [100%] Built target autoware_can_msgs_generate_messages_cpp
[0.277s] [100%] Built target autoware_can_msgs_generate_messages
[0.297s] Invoked command in '/home/yeap/APC_2022_Prac/airsimversion/autoware.ai/build/autoware_can_msgs' returned '0': /usr/bin/cmake --build /home/yeap/APC_2022_Prac/airsimversion/autoware.ai/build/autoware_can_msgs -- -j6 -l6
[0.511s] Invoking command in '/home/yeap/APC_2022_Prac/airsimversion/autoware.ai/build/autoware_can_msgs': /usr/bin/cmake --build /home/yeap/APC_2022_Prac/airsimversion/autoware.ai/build/autoware_can_msgs --target tests -- -j6 -l6
[0.610s] Built target tests
[0.622s] Invoked command in '/home/yeap/APC_2022_Prac/airsimversion/autoware.ai/build/autoware_can_msgs' returned '0': /usr/bin/cmake --build /home/yeap/APC_2022_Prac/airsimversion/autoware.ai/build/autoware_can_msgs --target tests -- -j6 -l6
[0.867s] Invoking command in '/home/yeap/APC_2022_Prac/airsimversion/autoware.ai/build/autoware_can_msgs': /usr/bin/cmake --build /home/yeap/APC_2022_Prac/airsimversion/autoware.ai/build/autoware_can_msgs --target install -- -j6 -l6
[0.993s] [  0%] Built target std_msgs_generate_messages_py
[0.995s] [  0%] Built target std_msgs_generate_messages_nodejs
[0.995s] [  0%] Built target std_msgs_generate_messages_cpp
[1.008s] [  0%] Built target _autoware_can_msgs_generate_messages_check_deps_CANPacket
[1.049s] [  0%] Built target _autoware_can_msgs_generate_messages_check_deps_CANInfo
[1.052s] [  0%] Built target std_msgs_generate_messages_eus
[1.066s] [  0%] Built target std_msgs_generate_messages_lisp
[1.095s] [  0%] Built target _autoware_can_msgs_generate_messages_check_deps_CANData
[1.161s] [ 17%] Built target autoware_can_msgs_generate_messages_nodejs
[1.180s] [ 35%] Built target autoware_can_msgs_generate_messages_lisp
[1.193s] [ 58%] Built target autoware_can_msgs_generate_messages_py
[1.202s] [ 76%] Built target autoware_can_msgs_generate_messages_cpp
[1.221s] [100%] Built target autoware_can_msgs_generate_messages_eus
[1.282s] [100%] Built target autoware_can_msgs_generate_messages
[1.306s] [36mInstall the project...[0m
[1.349s] -- Install configuration: "Release"
[1.349s] -- Up-to-date: /home/yeap/APC_2022_Prac/airsimversion/autoware.ai/install/autoware_can_msgs/share/autoware_can_msgs/msg/CANData.msg
[1.349s] -- Up-to-date: /home/yeap/APC_2022_Prac/airsimversion/autoware.ai/install/autoware_can_msgs/share/autoware_can_msgs/msg/CANInfo.msg
[1.349s] -- Up-to-date: /home/yeap/APC_2022_Prac/airsimversion/autoware.ai/install/autoware_can_msgs/share/autoware_can_msgs/msg/CANPacket.msg
[1.349s] -- Up-to-date: /home/yeap/APC_2022_Prac/airsimversion/autoware.ai/install/autoware_can_msgs/share/autoware_can_msgs/cmake/autoware_can_msgs-msg-paths.cmake
[1.349s] -- Up-to-date: /home/yeap/APC_2022_Prac/airsimversion/autoware.ai/install/autoware_can_msgs/include/autoware_can_msgs
[1.349s] -- Up-to-date: /home/yeap/APC_2022_Prac/airsimversion/autoware.ai/install/autoware_can_msgs/include/autoware_can_msgs/CANData.h
[1.349s] -- Up-to-date: /home/yeap/APC_2022_Prac/airsimversion/autoware.ai/install/autoware_can_msgs/include/autoware_can_msgs/CANInfo.h
[1.349s] -- Up-to-date: /home/yeap/APC_2022_Prac/airsimversion/autoware.ai/install/autoware_can_msgs/include/autoware_can_msgs/CANPacket.h
[1.349s] -- Up-to-date: /home/yeap/APC_2022_Prac/airsimversion/autoware.ai/install/autoware_can_msgs/share/roseus/ros/autoware_can_msgs
[1.349s] -- Up-to-date: /home/yeap/APC_2022_Prac/airsimversion/autoware.ai/install/autoware_can_msgs/share/roseus/ros/autoware_can_msgs/msg
[1.349s] -- Up-to-date: /home/yeap/APC_2022_Prac/airsimversion/autoware.ai/install/autoware_can_msgs/share/roseus/ros/autoware_can_msgs/msg/CANData.l
[1.349s] -- Up-to-date: /home/yeap/APC_2022_Prac/airsimversion/autoware.ai/install/autoware_can_msgs/share/roseus/ros/autoware_can_msgs/msg/CANInfo.l
[1.349s] -- Up-to-date: /home/yeap/APC_2022_Prac/airsimversion/autoware.ai/install/autoware_can_msgs/share/roseus/ros/autoware_can_msgs/msg/CANPacket.l
[1.349s] -- Up-to-date: /home/yeap/APC_2022_Prac/airsimversion/autoware.ai/install/autoware_can_msgs/share/roseus/ros/autoware_can_msgs/manifest.l
[1.350s] -- Up-to-date: /home/yeap/APC_2022_Prac/airsimversion/autoware.ai/install/autoware_can_msgs/share/common-lisp/ros/autoware_can_msgs
[1.350s] -- Up-to-date: /home/yeap/APC_2022_Prac/airsimversion/autoware.ai/install/autoware_can_msgs/share/common-lisp/ros/autoware_can_msgs/msg
[1.350s] -- Up-to-date: /home/yeap/APC_2022_Prac/airsimversion/autoware.ai/install/autoware_can_msgs/share/common-lisp/ros/autoware_can_msgs/msg/_package.lisp
[1.350s] -- Up-to-date: /home/yeap/APC_2022_Prac/airsimversion/autoware.ai/install/autoware_can_msgs/share/common-lisp/ros/autoware_can_msgs/msg/CANPacket.lisp
[1.350s] -- Up-to-date: /home/yeap/APC_2022_Prac/airsimversion/autoware.ai/install/autoware_can_msgs/share/common-lisp/ros/autoware_can_msgs/msg/autoware_can_msgs-msg.asd
[1.350s] -- Up-to-date: /home/yeap/APC_2022_Prac/airsimversion/autoware.ai/install/autoware_can_msgs/share/common-lisp/ros/autoware_can_msgs/msg/CANInfo.lisp
[1.350s] -- Up-to-date: /home/yeap/APC_2022_Prac/airsimversion/autoware.ai/install/autoware_can_msgs/share/common-lisp/ros/autoware_can_msgs/msg/CANData.lisp
[1.350s] -- Up-to-date: /home/yeap/APC_2022_Prac/airsimversion/autoware.ai/install/autoware_can_msgs/share/common-lisp/ros/autoware_can_msgs/msg/_package_CANData.lisp
[1.350s] -- Up-to-date: /home/yeap/APC_2022_Prac/airsimversion/autoware.ai/install/autoware_can_msgs/share/common-lisp/ros/autoware_can_msgs/msg/_package_CANPacket.lisp
[1.350s] -- Up-to-date: /home/yeap/APC_2022_Prac/airsimversion/autoware.ai/install/autoware_can_msgs/share/common-lisp/ros/autoware_can_msgs/msg/_package_CANInfo.lisp
[1.350s] -- Up-to-date: /home/yeap/APC_2022_Prac/airsimversion/autoware.ai/install/autoware_can_msgs/share/gennodejs/ros/autoware_can_msgs
[1.350s] -- Up-to-date: /home/yeap/APC_2022_Prac/airsimversion/autoware.ai/install/autoware_can_msgs/share/gennodejs/ros/autoware_can_msgs/msg
[1.350s] -- Up-to-date: /home/yeap/APC_2022_Prac/airsimversion/autoware.ai/install/autoware_can_msgs/share/gennodejs/ros/autoware_can_msgs/msg/_index.js
[1.350s] -- Up-to-date: /home/yeap/APC_2022_Prac/airsimversion/autoware.ai/install/autoware_can_msgs/share/gennodejs/ros/autoware_can_msgs/msg/CANInfo.js
[1.350s] -- Up-to-date: /home/yeap/APC_2022_Prac/airsimversion/autoware.ai/install/autoware_can_msgs/share/gennodejs/ros/autoware_can_msgs/msg/CANPacket.js
[1.350s] -- Up-to-date: /home/yeap/APC_2022_Prac/airsimversion/autoware.ai/install/autoware_can_msgs/share/gennodejs/ros/autoware_can_msgs/msg/CANData.js
[1.350s] -- Up-to-date: /home/yeap/APC_2022_Prac/airsimversion/autoware.ai/install/autoware_can_msgs/share/gennodejs/ros/autoware_can_msgs/_index.js
[1.377s] Listing /home/yeap/APC_2022_Prac/airsimversion/autoware.ai/build/autoware_can_msgs/devel/lib/python2.7/dist-packages/autoware_can_msgs ...
[1.377s] Listing /home/yeap/APC_2022_Prac/airsimversion/autoware.ai/build/autoware_can_msgs/devel/lib/python2.7/dist-packages/autoware_can_msgs/msg ...
[1.377s] -- Up-to-date: /home/yeap/APC_2022_Prac/airsimversion/autoware.ai/install/autoware_can_msgs/lib/python2.7/dist-packages/autoware_can_msgs
[1.378s] -- Up-to-date: /home/yeap/APC_2022_Prac/airsimversion/autoware.ai/install/autoware_can_msgs/lib/python2.7/dist-packages/autoware_can_msgs/msg
[1.378s] -- Up-to-date: /home/yeap/APC_2022_Prac/airsimversion/autoware.ai/install/autoware_can_msgs/lib/python2.7/dist-packages/autoware_can_msgs/msg/_CANPacket.py
[1.378s] -- Up-to-date: /home/yeap/APC_2022_Prac/airsimversion/autoware.ai/install/autoware_can_msgs/lib/python2.7/dist-packages/autoware_can_msgs/msg/__init__.pyc
[1.378s] -- Up-to-date: /home/yeap/APC_2022_Prac/airsimversion/autoware.ai/install/autoware_can_msgs/lib/python2.7/dist-packages/autoware_can_msgs/msg/_CANData.py
[1.378s] -- Up-to-date: /home/yeap/APC_2022_Prac/airsimversion/autoware.ai/install/autoware_can_msgs/lib/python2.7/dist-packages/autoware_can_msgs/msg/_CANData.pyc
[1.378s] -- Up-to-date: /home/yeap/APC_2022_Prac/airsimversion/autoware.ai/install/autoware_can_msgs/lib/python2.7/dist-packages/autoware_can_msgs/msg/_CANInfo.pyc
[1.378s] -- Up-to-date: /home/yeap/APC_2022_Prac/airsimversion/autoware.ai/install/autoware_can_msgs/lib/python2.7/dist-packages/autoware_can_msgs/msg/_CANInfo.py
[1.378s] -- Up-to-date: /home/yeap/APC_2022_Prac/airsimversion/autoware.ai/install/autoware_can_msgs/lib/python2.7/dist-packages/autoware_can_msgs/msg/__init__.py
[1.378s] -- Up-to-date: /home/yeap/APC_2022_Prac/airsimversion/autoware.ai/install/autoware_can_msgs/lib/python2.7/dist-packages/autoware_can_msgs/msg/_CANPacket.pyc
[1.378s] -- Up-to-date: /home/yeap/APC_2022_Prac/airsimversion/autoware.ai/install/autoware_can_msgs/lib/python2.7/dist-packages/autoware_can_msgs/__init__.pyc
[1.378s] -- Up-to-date: /home/yeap/APC_2022_Prac/airsimversion/autoware.ai/install/autoware_can_msgs/lib/python2.7/dist-packages/autoware_can_msgs/__init__.py
[1.378s] -- Up-to-date: /home/yeap/APC_2022_Prac/airsimversion/autoware.ai/install/autoware_can_msgs/lib/pkgconfig/autoware_can_msgs.pc
[1.378s] -- Up-to-date: /home/yeap/APC_2022_Prac/airsimversion/autoware.ai/install/autoware_can_msgs/share/autoware_can_msgs/cmake/autoware_can_msgs-msg-extras.cmake
[1.378s] -- Up-to-date: /home/yeap/APC_2022_Prac/airsimversion/autoware.ai/install/autoware_can_msgs/share/autoware_can_msgs/cmake/autoware_can_msgsConfig.cmake
[1.378s] -- Up-to-date: /home/yeap/APC_2022_Prac/airsimversion/autoware.ai/install/autoware_can_msgs/share/autoware_can_msgs/cmake/autoware_can_msgsConfig-version.cmake
[1.379s] -- Up-to-date: /home/yeap/APC_2022_Prac/airsimversion/autoware.ai/install/autoware_can_msgs/share/autoware_can_msgs/package.xml
[1.412s] Invoked command in '/home/yeap/APC_2022_Prac/airsimversion/autoware.ai/build/autoware_can_msgs' returned '0': /usr/bin/cmake --build /home/yeap/APC_2022_Prac/airsimversion/autoware.ai/build/autoware_can_msgs --target install -- -j6 -l6
