[0.026s] Invoking command in '/home/yeap/APC_2022_Prac/airsimversion/autoware.ai/build/gnss': /usr/bin/cmake /home/yeap/APC_2022_Prac/airsimversion/autoware.ai/src/autoware/common/gnss -DCMAKE_BUILD_TYPE=Release -DCATKIN_INSTALL_INTO_PREFIX_ROOT=0 -DCMAKE_INSTALL_PREFIX=/home/yeap/APC_2022_Prac/airsimversion/autoware.ai/install/gnss
[0.183s] -- The C compiler identification is GNU 7.5.0
[0.254s] -- The CXX compiler identification is GNU 7.5.0
[0.260s] -- Check for working C compiler: /usr/bin/cc
[0.466s] -- Check for working C compiler: /usr/bin/cc -- works
[0.466s] -- Detecting C compiler ABI info
[0.639s] -- Detecting C compiler ABI info - done
[0.647s] -- Detecting C compile features
[1.107s] -- Detecting C compile features - done
[1.110s] -- Check for working CXX compiler: /usr/bin/c++
[1.230s] -- Check for working CXX compiler: /usr/bin/c++ -- works
[1.230s] -- Detecting CXX compiler ABI info
[1.396s] -- Detecting CXX compiler ABI info - done
[1.401s] -- Detecting CXX compile features
[1.917s] -- Detecting CXX compile features - done
[1.919s] -- Using CATKIN_DEVEL_PREFIX: /home/yeap/APC_2022_Prac/airsimversion/autoware.ai/build/gnss/devel
[1.919s] -- Using CMAKE_PREFIX_PATH: /opt/ros/melodic
[1.919s] -- This workspace overlays: /opt/ros/melodic
[1.934s] -- Found PythonInterp: /usr/bin/python2 (found suitable version "2.7.17", minimum required is "2") 
[1.934s] -- Using PYTHON_EXECUTABLE: /usr/bin/python2
[1.935s] -- Using Debian Python package layout
[1.935s] -- Using empy: /usr/bin/empy
[2.175s] -- Using CATKIN_ENABLE_TESTING: ON
[2.175s] -- Call enable_testing()
[2.180s] -- Using CATKIN_TEST_RESULTS_DIR: /home/yeap/APC_2022_Prac/airsimversion/autoware.ai/build/gnss/test_results
[2.208s] -- Found gtest sources under '/usr/src/googletest': gtests will be built
[2.209s] -- Found gmock sources under '/usr/src/googletest': gmock will be built
[2.227s] -- Found PythonInterp: /usr/bin/python2 (found version "2.7.17") 
[2.228s] -- Looking for pthread.h
[2.373s] -- Looking for pthread.h - found
[2.374s] -- Looking for pthread_create
[2.464s] -- Looking for pthread_create - not found
[2.465s] -- Looking for pthread_create in pthreads
[2.568s] -- Looking for pthread_create in pthreads - not found
[2.568s] -- Looking for pthread_create in pthread
[2.654s] -- Looking for pthread_create in pthread - found
[2.654s] -- Found Threads: TRUE  
[2.658s] -- Using Python nosetests: /usr/bin/nosetests-2.7
[2.725s] -- catkin 0.7.29
[2.725s] -- BUILD_SHARED_LIBS is on
[3.093s] -- Configuring done
[3.134s] -- Generating done
[3.146s] -- Build files have been written to: /home/yeap/APC_2022_Prac/airsimversion/autoware.ai/build/gnss
[3.156s] Invoked command in '/home/yeap/APC_2022_Prac/airsimversion/autoware.ai/build/gnss' returned '0': /usr/bin/cmake /home/yeap/APC_2022_Prac/airsimversion/autoware.ai/src/autoware/common/gnss -DCMAKE_BUILD_TYPE=Release -DCATKIN_INSTALL_INTO_PREFIX_ROOT=0 -DCMAKE_INSTALL_PREFIX=/home/yeap/APC_2022_Prac/airsimversion/autoware.ai/install/gnss
[3.156s] Invoking command in '/home/yeap/APC_2022_Prac/airsimversion/autoware.ai/build/gnss': /usr/bin/cmake --build /home/yeap/APC_2022_Prac/airsimversion/autoware.ai/build/gnss -- -j6 -l6
[3.224s] [35m[1mScanning dependencies of target gnss[0m
[3.237s] [ 50%] [32mBuilding CXX object CMakeFiles/gnss.dir/src/geo_pos_conv.cpp.o[0m
[3.390s] [100%] [32m[1mLinking CXX shared library devel/lib/libgnss.so[0m
[3.464s] [100%] Built target gnss
[3.477s] Invoked command in '/home/yeap/APC_2022_Prac/airsimversion/autoware.ai/build/gnss' returned '0': /usr/bin/cmake --build /home/yeap/APC_2022_Prac/airsimversion/autoware.ai/build/gnss -- -j6 -l6
[3.597s] Invoking command in '/home/yeap/APC_2022_Prac/airsimversion/autoware.ai/build/gnss': /usr/bin/cmake --build /home/yeap/APC_2022_Prac/airsimversion/autoware.ai/build/gnss --target tests -- -j6 -l6
[3.656s] [35m[1mScanning dependencies of target gtest[0m
[3.678s] [ 20%] [32mBuilding CXX object gtest/googlemock/gtest/CMakeFiles/gtest.dir/src/gtest-all.cc.o[0m
[8.885s] [ 40%] [32m[1mLinking CXX shared library libgtest.so[0m
[9.036s] [ 40%] Built target gtest
[9.051s] [35m[1mScanning dependencies of target rosgraph_msgs_generate_messages_eus[0m
[9.060s] [ 40%] Built target rosgraph_msgs_generate_messages_eus
[9.070s] [35m[1mScanning dependencies of target rosgraph_msgs_generate_messages_cpp[0m
[9.082s] [ 40%] Built target rosgraph_msgs_generate_messages_cpp
[9.093s] [35m[1mScanning dependencies of target roscpp_generate_messages_py[0m
[9.104s] [ 40%] Built target roscpp_generate_messages_py
[9.118s] [35m[1mScanning dependencies of target std_msgs_generate_messages_py[0m
[9.129s] [ 40%] Built target std_msgs_generate_messages_py
[9.140s] [35m[1mScanning dependencies of target roscpp_generate_messages_nodejs[0m
[9.154s] [ 40%] Built target roscpp_generate_messages_nodejs
[9.165s] [35m[1mScanning dependencies of target roscpp_generate_messages_eus[0m
[9.176s] [ 40%] Built target roscpp_generate_messages_eus
[9.193s] [35m[1mScanning dependencies of target roscpp_generate_messages_lisp[0m
[9.206s] [ 40%] Built target roscpp_generate_messages_lisp
[9.216s] [35m[1mScanning dependencies of target roscpp_generate_messages_cpp[0m
[9.226s] [ 40%] Built target roscpp_generate_messages_cpp
[9.239s] [35m[1mScanning dependencies of target std_msgs_generate_messages_cpp[0m
[9.257s] [ 40%] Built target std_msgs_generate_messages_cpp
[9.267s] [35m[1mScanning dependencies of target std_msgs_generate_messages_lisp[0m
[9.278s] [ 40%] Built target std_msgs_generate_messages_lisp
[9.288s] [35m[1mScanning dependencies of target std_msgs_generate_messages_nodejs[0m
[9.300s] [ 40%] Built target std_msgs_generate_messages_nodejs
[9.311s] [35m[1mScanning dependencies of target rosgraph_msgs_generate_messages_lisp[0m
[9.321s] [ 40%] Built target rosgraph_msgs_generate_messages_lisp
[9.332s] [35m[1mScanning dependencies of target std_msgs_generate_messages_eus[0m
[9.344s] [ 40%] Built target std_msgs_generate_messages_eus
[9.355s] [35m[1mScanning dependencies of target rosgraph_msgs_generate_messages_py[0m
[9.365s] [ 40%] Built target rosgraph_msgs_generate_messages_py
[9.376s] [35m[1mScanning dependencies of target rosgraph_msgs_generate_messages_nodejs[0m
[9.386s] [ 40%] Built target rosgraph_msgs_generate_messages_nodejs
[9.397s] [35m[1mScanning dependencies of target test_gnss[0m
[9.437s] [ 60%] [32mBuilding CXX object CMakeFiles/test_gnss.dir/test/test_gnss.cpp.o[0m
[11.144s] [ 80%] [32mBuilding CXX object CMakeFiles/test_gnss.dir/src/geo_pos_conv.cpp.o[0m
[11.252s] [100%] [32m[1mLinking CXX executable devel/lib/gnss/test_gnss[0m
[11.443s] [100%] Built target test_gnss
[11.454s] [35m[1mScanning dependencies of target tests[0m
[11.467s] [100%] Built target tests
[11.484s] Invoked command in '/home/yeap/APC_2022_Prac/airsimversion/autoware.ai/build/gnss' returned '0': /usr/bin/cmake --build /home/yeap/APC_2022_Prac/airsimversion/autoware.ai/build/gnss --target tests -- -j6 -l6
[11.554s] Invoking command in '/home/yeap/APC_2022_Prac/airsimversion/autoware.ai/build/gnss': /usr/bin/cmake --build /home/yeap/APC_2022_Prac/airsimversion/autoware.ai/build/gnss --target install -- -j6 -l6
[11.625s] [100%] Built target gnss
[11.646s] [36mInstall the project...[0m
[11.655s] -- Install configuration: "Release"
[11.655s] -- Installing: /home/yeap/APC_2022_Prac/airsimversion/autoware.ai/install/gnss/lib/pkgconfig/gnss.pc
[11.655s] -- Installing: /home/yeap/APC_2022_Prac/airsimversion/autoware.ai/install/gnss/share/gnss/cmake/gnssConfig.cmake
[11.655s] -- Installing: /home/yeap/APC_2022_Prac/airsimversion/autoware.ai/install/gnss/share/gnss/cmake/gnssConfig-version.cmake
[11.656s] -- Installing: /home/yeap/APC_2022_Prac/airsimversion/autoware.ai/install/gnss/share/gnss/package.xml
[11.656s] -- Installing: /home/yeap/APC_2022_Prac/airsimversion/autoware.ai/install/gnss/include/gnss
[11.656s] -- Installing: /home/yeap/APC_2022_Prac/airsimversion/autoware.ai/install/gnss/include/gnss/geo_pos_conv.hpp
[11.656s] -- Installing: /home/yeap/APC_2022_Prac/airsimversion/autoware.ai/install/gnss/lib/libgnss.so
[11.656s] -- Set runtime path of "/home/yeap/APC_2022_Prac/airsimversion/autoware.ai/install/gnss/lib/libgnss.so" to ""
[11.660s] Invoked command in '/home/yeap/APC_2022_Prac/airsimversion/autoware.ai/build/gnss' returned '0': /usr/bin/cmake --build /home/yeap/APC_2022_Prac/airsimversion/autoware.ai/build/gnss --target install -- -j6 -l6
