[0.033s] Invoking command in '/home/yeap/APC_2022_Prac/airsimversion/autoware.ai/build/astar_search': CMAKE_PREFIX_PATH=/home/yeap/APC_2022_Prac/airsimversion/autoware.ai/install/autoware_msgs:/home/yeap/APC_2022_Prac/airsimversion/autoware.ai/install/autoware_build_flags:${CMAKE_PREFIX_PATH} PKG_CONFIG_PATH=/home/yeap/APC_2022_Prac/airsimversion/autoware.ai/install/autoware_msgs/lib/x86_64-linux-gnu/pkgconfig:/home/yeap/APC_2022_Prac/airsimversion/autoware.ai/install/autoware_msgs/lib/pkgconfig:/home/yeap/APC_2022_Prac/airsimversion/autoware.ai/install/autoware_build_flags/lib/x86_64-linux-gnu/pkgconfig:/home/yeap/APC_2022_Prac/airsimversion/autoware.ai/install/autoware_build_flags/lib/pkgconfig:${PKG_CONFIG_PATH} PYTHONPATH=/home/yeap/APC_2022_Prac/airsimversion/autoware.ai/install/autoware_msgs/lib/python2.7/dist-packages:${PYTHONPATH} ROS_PACKAGE_PATH=/home/yeap/APC_2022_Prac/airsimversion/autoware.ai/install/autoware_msgs/share:/home/yeap/APC_2022_Prac/airsimversion/autoware.ai/install/autoware_build_flags/share:${ROS_PACKAGE_PATH} /usr/bin/cmake /home/yeap/APC_2022_Prac/airsimversion/autoware.ai/src/autoware/core_planning/astar_search -DCMAKE_BUILD_TYPE=Release -DCATKIN_INSTALL_INTO_PREFIX_ROOT=0 -DCMAKE_INSTALL_PREFIX=/home/yeap/APC_2022_Prac/airsimversion/autoware.ai/install/astar_search
[0.101s] -- The C compiler identification is GNU 7.5.0
[0.164s] -- The CXX compiler identification is GNU 7.5.0
[0.169s] -- Check for working C compiler: /usr/bin/cc
[0.249s] -- Check for working C compiler: /usr/bin/cc -- works
[0.251s] -- Detecting C compiler ABI info
[0.327s] -- Detecting C compiler ABI info - done
[0.336s] -- Detecting C compile features
[0.570s] -- Detecting C compile features - done
[0.573s] -- Check for working CXX compiler: /usr/bin/c++
[0.675s] -- Check for working CXX compiler: /usr/bin/c++ -- works
[0.675s] -- Detecting CXX compiler ABI info
[0.765s] -- Detecting CXX compiler ABI info - done
[0.775s] -- Detecting CXX compile features
[1.169s] -- Detecting CXX compile features - done
[1.172s] -- CUDA compilation status: .
[1.174s] -- Using CATKIN_DEVEL_PREFIX: /home/yeap/APC_2022_Prac/airsimversion/autoware.ai/build/astar_search/devel
[1.174s] -- Using CMAKE_PREFIX_PATH: /home/yeap/APC_2022_Prac/airsimversion/autoware.ai/install/autoware_msgs;/home/yeap/APC_2022_Prac/airsimversion/autoware.ai/install/autoware_build_flags;/opt/ros/melodic
[1.175s] -- This workspace overlays: /home/yeap/APC_2022_Prac/airsimversion/autoware.ai/install/autoware_msgs;/home/yeap/APC_2022_Prac/airsimversion/autoware.ai/install/autoware_build_flags;/opt/ros/melodic
[1.190s] -- Found PythonInterp: /usr/bin/python2 (found suitable version "2.7.17", minimum required is "2") 
[1.190s] -- Using PYTHON_EXECUTABLE: /usr/bin/python2
[1.191s] -- Using Debian Python package layout
[1.191s] -- Using empy: /usr/bin/empy
[1.359s] -- Using CATKIN_ENABLE_TESTING: ON
[1.359s] -- Call enable_testing()
[1.362s] -- Using CATKIN_TEST_RESULTS_DIR: /home/yeap/APC_2022_Prac/airsimversion/autoware.ai/build/astar_search/test_results
[1.386s] -- Found gtest sources under '/usr/src/googletest': gtests will be built
[1.386s] -- Found gmock sources under '/usr/src/googletest': gmock will be built
[1.408s] -- Found PythonInterp: /usr/bin/python2 (found version "2.7.17") 
[1.408s] -- Looking for pthread.h
[1.484s] -- Looking for pthread.h - found
[1.490s] -- Looking for pthread_create
[1.572s] -- Looking for pthread_create - not found
[1.572s] -- Looking for pthread_create in pthreads
[1.634s] -- Looking for pthread_create in pthreads - not found
[1.635s] -- Looking for pthread_create in pthread
[1.715s] -- Looking for pthread_create in pthread - found
[1.717s] -- Found Threads: TRUE  
[1.721s] -- Using Python nosetests: /usr/bin/nosetests-2.7
[1.770s] -- catkin 0.7.29
[1.770s] -- BUILD_SHARED_LIBS is on
[1.927s] -- Using these message generators: gencpp;geneus;genlisp;gennodejs;genpy
[3.109s] -- Configuring done
[3.201s] -- Generating done
[3.214s] -- Build files have been written to: /home/yeap/APC_2022_Prac/airsimversion/autoware.ai/build/astar_search
[3.223s] Invoked command in '/home/yeap/APC_2022_Prac/airsimversion/autoware.ai/build/astar_search' returned '0': CMAKE_PREFIX_PATH=/home/yeap/APC_2022_Prac/airsimversion/autoware.ai/install/autoware_msgs:/home/yeap/APC_2022_Prac/airsimversion/autoware.ai/install/autoware_build_flags:${CMAKE_PREFIX_PATH} PKG_CONFIG_PATH=/home/yeap/APC_2022_Prac/airsimversion/autoware.ai/install/autoware_msgs/lib/x86_64-linux-gnu/pkgconfig:/home/yeap/APC_2022_Prac/airsimversion/autoware.ai/install/autoware_msgs/lib/pkgconfig:/home/yeap/APC_2022_Prac/airsimversion/autoware.ai/install/autoware_build_flags/lib/x86_64-linux-gnu/pkgconfig:/home/yeap/APC_2022_Prac/airsimversion/autoware.ai/install/autoware_build_flags/lib/pkgconfig:${PKG_CONFIG_PATH} PYTHONPATH=/home/yeap/APC_2022_Prac/airsimversion/autoware.ai/install/autoware_msgs/lib/python2.7/dist-packages:${PYTHONPATH} ROS_PACKAGE_PATH=/home/yeap/APC_2022_Prac/airsimversion/autoware.ai/install/autoware_msgs/share:/home/yeap/APC_2022_Prac/airsimversion/autoware.ai/install/autoware_build_flags/share:${ROS_PACKAGE_PATH} /usr/bin/cmake /home/yeap/APC_2022_Prac/airsimversion/autoware.ai/src/autoware/core_planning/astar_search -DCMAKE_BUILD_TYPE=Release -DCATKIN_INSTALL_INTO_PREFIX_ROOT=0 -DCMAKE_INSTALL_PREFIX=/home/yeap/APC_2022_Prac/airsimversion/autoware.ai/install/astar_search
[3.225s] Invoking command in '/home/yeap/APC_2022_Prac/airsimversion/autoware.ai/build/astar_search': CMAKE_PREFIX_PATH=/home/yeap/APC_2022_Prac/airsimversion/autoware.ai/install/autoware_msgs:/home/yeap/APC_2022_Prac/airsimversion/autoware.ai/install/autoware_build_flags:${CMAKE_PREFIX_PATH} PKG_CONFIG_PATH=/home/yeap/APC_2022_Prac/airsimversion/autoware.ai/install/autoware_msgs/lib/x86_64-linux-gnu/pkgconfig:/home/yeap/APC_2022_Prac/airsimversion/autoware.ai/install/autoware_msgs/lib/pkgconfig:/home/yeap/APC_2022_Prac/airsimversion/autoware.ai/install/autoware_build_flags/lib/x86_64-linux-gnu/pkgconfig:/home/yeap/APC_2022_Prac/airsimversion/autoware.ai/install/autoware_build_flags/lib/pkgconfig:${PKG_CONFIG_PATH} PYTHONPATH=/home/yeap/APC_2022_Prac/airsimversion/autoware.ai/install/autoware_msgs/lib/python2.7/dist-packages:${PYTHONPATH} ROS_PACKAGE_PATH=/home/yeap/APC_2022_Prac/airsimversion/autoware.ai/install/autoware_msgs/share:/home/yeap/APC_2022_Prac/airsimversion/autoware.ai/install/autoware_build_flags/share:${ROS_PACKAGE_PATH} /usr/bin/cmake --build /home/yeap/APC_2022_Prac/airsimversion/autoware.ai/build/astar_search -- -j6 -l6
[3.286s] [35m[1mScanning dependencies of target std_srvs_generate_messages_lisp[0m
[3.298s] [  0%] Built target std_srvs_generate_messages_lisp
[3.309s] [35m[1mScanning dependencies of target actionlib_generate_messages_py[0m
[3.323s] [  0%] Built target actionlib_generate_messages_py
[3.362s] [35m[1mScanning dependencies of target actionlib_generate_messages_cpp[0m
[3.379s] [  0%] Built target actionlib_generate_messages_cpp
[3.405s] [35m[1mScanning dependencies of target tf_generate_messages_nodejs[0m
[3.437s] [  0%] Built target tf_generate_messages_nodejs
[3.451s] [35m[1mScanning dependencies of target tf_generate_messages_lisp[0m
[3.464s] [  0%] Built target tf_generate_messages_lisp
[3.480s] [35m[1mScanning dependencies of target topic_tools_generate_messages_nodejs[0m
[3.500s] [  0%] Built target topic_tools_generate_messages_nodejs
[3.515s] [35m[1mScanning dependencies of target topic_tools_generate_messages_eus[0m
[3.527s] [  0%] Built target topic_tools_generate_messages_eus
[3.539s] [35m[1mScanning dependencies of target topic_tools_generate_messages_cpp[0m
[3.550s] [  0%] Built target topic_tools_generate_messages_cpp
[3.563s] [35m[1mScanning dependencies of target std_srvs_generate_messages_py[0m
[3.575s] [  0%] Built target std_srvs_generate_messages_py
[3.587s] [35m[1mScanning dependencies of target geometry_msgs_generate_messages_py[0m
[3.598s] [  0%] Built target geometry_msgs_generate_messages_py
[3.610s] [35m[1mScanning dependencies of target sensor_msgs_generate_messages_nodejs[0m
[3.621s] [  0%] Built target sensor_msgs_generate_messages_nodejs
[3.633s] [35m[1mScanning dependencies of target roscpp_generate_messages_cpp[0m
[3.645s] [  0%] Built target roscpp_generate_messages_cpp
[3.661s] [35m[1mScanning dependencies of target pcl_msgs_generate_messages_eus[0m
[3.675s] [  0%] Built target pcl_msgs_generate_messages_eus
[3.697s] [35m[1mScanning dependencies of target rosgraph_msgs_generate_messages_eus[0m
[3.709s] [  0%] Built target rosgraph_msgs_generate_messages_eus
[3.720s] [35m[1mScanning dependencies of target jsk_recognition_msgs_generate_messages_lisp[0m
[3.732s] [  0%] Built target jsk_recognition_msgs_generate_messages_lisp
[3.743s] [35m[1mScanning dependencies of target jsk_recognition_msgs_generate_messages_eus[0m
[3.754s] [  0%] Built target jsk_recognition_msgs_generate_messages_eus
[3.781s] [35m[1mScanning dependencies of target std_msgs_generate_messages_py[0m
[3.828s] [  0%] Built target std_msgs_generate_messages_py
[3.865s] [35m[1mScanning dependencies of target std_msgs_generate_messages_nodejs[0m
[3.876s] [  0%] Built target std_msgs_generate_messages_nodejs
[3.888s] [35m[1mScanning dependencies of target bond_generate_messages_lisp[0m
[3.899s] [  0%] Built target bond_generate_messages_lisp
[3.910s] [35m[1mScanning dependencies of target sensor_msgs_generate_messages_eus[0m
[3.922s] [  0%] Built target sensor_msgs_generate_messages_eus
[3.933s] [35m[1mScanning dependencies of target sensor_msgs_generate_messages_cpp[0m
[3.945s] [  0%] Built target sensor_msgs_generate_messages_cpp
[3.957s] [35m[1mScanning dependencies of target autoware_msgs_generate_messages_cpp[0m
[3.968s] [  0%] Built target autoware_msgs_generate_messages_cpp
[3.979s] [35m[1mScanning dependencies of target tf_generate_messages_py[0m
[3.990s] [  0%] Built target tf_generate_messages_py
[4.031s] [35m[1mScanning dependencies of target dynamic_reconfigure_generate_messages_cpp[0m
[4.055s] [  0%] Built target dynamic_reconfigure_generate_messages_cpp
[4.066s] [35m[1mScanning dependencies of target rosgraph_msgs_generate_messages_cpp[0m
[4.078s] [  0%] Built target rosgraph_msgs_generate_messages_cpp
[4.091s] [35m[1mScanning dependencies of target pcl_msgs_generate_messages_nodejs[0m
[4.103s] [  0%] Built target pcl_msgs_generate_messages_nodejs
[4.115s] [35m[1mScanning dependencies of target nodelet_generate_messages_nodejs[0m
[4.127s] [  0%] Built target nodelet_generate_messages_nodejs
[4.139s] [35m[1mScanning dependencies of target jsk_recognition_msgs_generate_messages_py[0m
[4.151s] [  0%] Built target jsk_recognition_msgs_generate_messages_py
[4.162s] [35m[1mScanning dependencies of target sensor_msgs_generate_messages_lisp[0m
[4.175s] [  0%] Built target sensor_msgs_generate_messages_lisp
[4.186s] [35m[1mScanning dependencies of target std_msgs_generate_messages_cpp[0m
[4.198s] [  0%] Built target std_msgs_generate_messages_cpp
[4.209s] [35m[1mScanning dependencies of target jsk_footstep_msgs_generate_messages_py[0m
[4.221s] [  0%] Built target jsk_footstep_msgs_generate_messages_py
[4.232s] [35m[1mScanning dependencies of target sensor_msgs_generate_messages_py[0m
[4.244s] [  0%] Built target sensor_msgs_generate_messages_py
[4.257s] [35m[1mScanning dependencies of target nodelet_generate_messages_py[0m
[4.268s] [  0%] Built target nodelet_generate_messages_py
[4.280s] [35m[1mScanning dependencies of target geometry_msgs_generate_messages_eus[0m
[4.291s] [  0%] Built target geometry_msgs_generate_messages_eus
[4.303s] [35m[1mScanning dependencies of target std_msgs_generate_messages_lisp[0m
[4.314s] [  0%] Built target std_msgs_generate_messages_lisp
[4.326s] [35m[1mScanning dependencies of target roscpp_generate_messages_nodejs[0m
[4.338s] [  0%] Built target roscpp_generate_messages_nodejs
[4.351s] [35m[1mScanning dependencies of target geometry_msgs_generate_messages_nodejs[0m
[4.364s] [  0%] Built target geometry_msgs_generate_messages_nodejs
[4.379s] [35m[1mScanning dependencies of target actionlib_generate_messages_eus[0m
[4.390s] [  0%] Built target actionlib_generate_messages_eus
[4.400s] [35m[1mScanning dependencies of target pcl_msgs_generate_messages_py[0m
[4.411s] [  0%] Built target pcl_msgs_generate_messages_py
[4.422s] [35m[1mScanning dependencies of target geometry_msgs_generate_messages_lisp[0m
[4.432s] [  0%] Built target geometry_msgs_generate_messages_lisp
[4.444s] [35m[1mScanning dependencies of target actionlib_generate_messages_lisp[0m
[4.455s] [  0%] Built target actionlib_generate_messages_lisp
[4.467s] [35m[1mScanning dependencies of target geometry_msgs_generate_messages_cpp[0m
[4.479s] [  0%] Built target geometry_msgs_generate_messages_cpp
[4.490s] [35m[1mScanning dependencies of target pcl_msgs_generate_messages_cpp[0m
[4.502s] [  0%] Built target pcl_msgs_generate_messages_cpp
[4.516s] [35m[1mScanning dependencies of target dynamic_reconfigure_generate_messages_lisp[0m
[4.525s] [  0%] Built target dynamic_reconfigure_generate_messages_lisp
[4.536s] [35m[1mScanning dependencies of target topic_tools_generate_messages_lisp[0m
[4.547s] [  0%] Built target topic_tools_generate_messages_lisp
[4.558s] [35m[1mScanning dependencies of target jsk_recognition_msgs_generate_messages_cpp[0m
[4.568s] [  0%] Built target jsk_recognition_msgs_generate_messages_cpp
[4.579s] [35m[1mScanning dependencies of target autoware_msgs_generate_messages_eus[0m
[4.590s] [  0%] Built target autoware_msgs_generate_messages_eus
[4.601s] [35m[1mScanning dependencies of target autoware_msgs_generate_messages_lisp[0m
[4.612s] [  0%] Built target autoware_msgs_generate_messages_lisp
[4.623s] [35m[1mScanning dependencies of target autoware_msgs_generate_messages_py[0m
[4.633s] [  0%] Built target autoware_msgs_generate_messages_py
[4.644s] [35m[1mScanning dependencies of target nodelet_generate_messages_lisp[0m
[4.655s] [  0%] Built target nodelet_generate_messages_lisp
[4.665s] [35m[1mScanning dependencies of target actionlib_generate_messages_nodejs[0m
[4.677s] [  0%] Built target actionlib_generate_messages_nodejs
[4.690s] [35m[1mScanning dependencies of target tf_generate_messages_cpp[0m
[4.707s] [  0%] Built target tf_generate_messages_cpp
[4.719s] [35m[1mScanning dependencies of target pcl_msgs_generate_messages_lisp[0m
[4.730s] [  0%] Built target pcl_msgs_generate_messages_lisp
[4.741s] [35m[1mScanning dependencies of target std_msgs_generate_messages_eus[0m
[4.753s] [  0%] Built target std_msgs_generate_messages_eus
[4.764s] [35m[1mScanning dependencies of target autoware_msgs_generate_messages_nodejs[0m
[4.776s] [  0%] Built target autoware_msgs_generate_messages_nodejs
[4.787s] [35m[1mScanning dependencies of target jsk_footstep_msgs_generate_messages_eus[0m
[4.799s] [  0%] Built target jsk_footstep_msgs_generate_messages_eus
[4.810s] [35m[1mScanning dependencies of target actionlib_msgs_generate_messages_py[0m
[4.825s] [  0%] Built target actionlib_msgs_generate_messages_py
[4.838s] [35m[1mScanning dependencies of target jsk_footstep_msgs_generate_messages_lisp[0m
[4.850s] [  0%] Built target jsk_footstep_msgs_generate_messages_lisp
[4.863s] [35m[1mScanning dependencies of target jsk_footstep_msgs_generate_messages_nodejs[0m
[4.875s] [  0%] Built target jsk_footstep_msgs_generate_messages_nodejs
[4.891s] [35m[1mScanning dependencies of target tf_generate_messages_eus[0m
[4.902s] [  0%] Built target tf_generate_messages_eus
[4.913s] [35m[1mScanning dependencies of target jsk_footstep_msgs_generate_messages_cpp[0m
[4.929s] [  0%] Built target jsk_footstep_msgs_generate_messages_cpp
[4.949s] [35m[1mScanning dependencies of target actionlib_msgs_generate_messages_cpp[0m
[4.960s] [  0%] Built target actionlib_msgs_generate_messages_cpp
[4.971s] [35m[1mScanning dependencies of target std_srvs_generate_messages_cpp[0m
[4.982s] [  0%] Built target std_srvs_generate_messages_cpp
[4.993s] [35m[1mScanning dependencies of target actionlib_msgs_generate_messages_lisp[0m
[5.004s] [  0%] Built target actionlib_msgs_generate_messages_lisp
[5.016s] [35m[1mScanning dependencies of target pcl_ros_gencfg[0m
[5.028s] [  0%] Built target pcl_ros_gencfg
[5.040s] [35m[1mScanning dependencies of target dynamic_reconfigure_generate_messages_eus[0m
[5.051s] [  0%] Built target dynamic_reconfigure_generate_messages_eus
[5.062s] [35m[1mScanning dependencies of target dynamic_reconfigure_generate_messages_nodejs[0m
[5.073s] [  0%] Built target dynamic_reconfigure_generate_messages_nodejs
[5.084s] [35m[1mScanning dependencies of target dynamic_reconfigure_generate_messages_py[0m
[5.096s] [  0%] Built target dynamic_reconfigure_generate_messages_py
[5.107s] [35m[1mScanning dependencies of target tf2_msgs_generate_messages_lisp[0m
[5.121s] [  0%] Built target tf2_msgs_generate_messages_lisp
[5.131s] [35m[1mScanning dependencies of target dynamic_reconfigure_gencfg[0m
[5.143s] [  0%] Built target dynamic_reconfigure_gencfg
[5.154s] [35m[1mScanning dependencies of target jsk_recognition_msgs_generate_messages_nodejs[0m
[5.169s] [  0%] Built target jsk_recognition_msgs_generate_messages_nodejs
[5.181s] [35m[1mScanning dependencies of target std_srvs_generate_messages_eus[0m
[5.194s] [  0%] Built target std_srvs_generate_messages_eus
[5.205s] [35m[1mScanning dependencies of target roscpp_generate_messages_lisp[0m
[5.216s] [  0%] Built target roscpp_generate_messages_lisp
[5.231s] [35m[1mScanning dependencies of target bond_generate_messages_eus[0m
[5.240s] [  0%] Built target bond_generate_messages_eus
[5.253s] [35m[1mScanning dependencies of target roscpp_generate_messages_py[0m
[5.262s] [  0%] Built target roscpp_generate_messages_py
[5.276s] [35m[1mScanning dependencies of target rosgraph_msgs_generate_messages_lisp[0m
[5.290s] [  0%] Built target rosgraph_msgs_generate_messages_lisp
[5.301s] [35m[1mScanning dependencies of target rosgraph_msgs_generate_messages_nodejs[0m
[5.313s] [  0%] Built target rosgraph_msgs_generate_messages_nodejs
[5.325s] [35m[1mScanning dependencies of target roscpp_generate_messages_eus[0m
[5.337s] [  0%] Built target roscpp_generate_messages_eus
[5.349s] [35m[1mScanning dependencies of target actionlib_msgs_generate_messages_eus[0m
[5.360s] [  0%] Built target actionlib_msgs_generate_messages_eus
[5.372s] [35m[1mScanning dependencies of target rosgraph_msgs_generate_messages_py[0m
[5.383s] [  0%] Built target rosgraph_msgs_generate_messages_py
[5.394s] [35m[1mScanning dependencies of target nodelet_generate_messages_cpp[0m
[5.405s] [  0%] Built target nodelet_generate_messages_cpp
[5.416s] [35m[1mScanning dependencies of target bond_generate_messages_py[0m
[5.427s] [  0%] Built target bond_generate_messages_py
[5.438s] [35m[1mScanning dependencies of target std_srvs_generate_messages_nodejs[0m
[5.450s] [  0%] Built target std_srvs_generate_messages_nodejs
[5.461s] [35m[1mScanning dependencies of target nodelet_generate_messages_eus[0m
[5.473s] [  0%] Built target nodelet_generate_messages_eus
[5.483s] [35m[1mScanning dependencies of target bond_generate_messages_cpp[0m
[5.495s] [  0%] Built target bond_generate_messages_cpp
[5.506s] [35m[1mScanning dependencies of target bond_generate_messages_nodejs[0m
[5.517s] [  0%] Built target bond_generate_messages_nodejs
[5.529s] [35m[1mScanning dependencies of target topic_tools_generate_messages_py[0m
[5.540s] [  0%] Built target topic_tools_generate_messages_py
[5.552s] [35m[1mScanning dependencies of target actionlib_msgs_generate_messages_nodejs[0m
[5.564s] [  0%] Built target actionlib_msgs_generate_messages_nodejs
[5.577s] [35m[1mScanning dependencies of target nodelet_topic_tools_gencfg[0m
[5.589s] [  0%] Built target nodelet_topic_tools_gencfg
[5.600s] [35m[1mScanning dependencies of target _catkin_empty_exported_target[0m
[5.619s] [  0%] Built target _catkin_empty_exported_target
[5.629s] [35m[1mScanning dependencies of target tf2_msgs_generate_messages_py[0m
[5.642s] [  0%] Built target tf2_msgs_generate_messages_py
[5.654s] [35m[1mScanning dependencies of target tf2_msgs_generate_messages_cpp[0m
[5.666s] [  0%] Built target tf2_msgs_generate_messages_cpp
[5.678s] [35m[1mScanning dependencies of target tf2_msgs_generate_messages_eus[0m
[5.690s] [  0%] Built target tf2_msgs_generate_messages_eus
[5.702s] [35m[1mScanning dependencies of target tf2_msgs_generate_messages_nodejs[0m
[5.714s] [  0%] Built target tf2_msgs_generate_messages_nodejs
[5.726s] [35m[1mScanning dependencies of target astar_search[0m
[5.765s] [ 33%] [32mBuilding CXX object CMakeFiles/astar_search.dir/src/astar_search.cpp.o[0m
[9.418s] [ 66%] [32mBuilding CXX object CMakeFiles/astar_search.dir/src/astar_util.cpp.o[0m
[11.931s] [100%] [32m[1mLinking CXX shared library devel/lib/libastar_search.so[0m
[12.566s] [100%] Built target astar_search
[12.581s] Invoked command in '/home/yeap/APC_2022_Prac/airsimversion/autoware.ai/build/astar_search' returned '0': CMAKE_PREFIX_PATH=/home/yeap/APC_2022_Prac/airsimversion/autoware.ai/install/autoware_msgs:/home/yeap/APC_2022_Prac/airsimversion/autoware.ai/install/autoware_build_flags:${CMAKE_PREFIX_PATH} PKG_CONFIG_PATH=/home/yeap/APC_2022_Prac/airsimversion/autoware.ai/install/autoware_msgs/lib/x86_64-linux-gnu/pkgconfig:/home/yeap/APC_2022_Prac/airsimversion/autoware.ai/install/autoware_msgs/lib/pkgconfig:/home/yeap/APC_2022_Prac/airsimversion/autoware.ai/install/autoware_build_flags/lib/x86_64-linux-gnu/pkgconfig:/home/yeap/APC_2022_Prac/airsimversion/autoware.ai/install/autoware_build_flags/lib/pkgconfig:${PKG_CONFIG_PATH} PYTHONPATH=/home/yeap/APC_2022_Prac/airsimversion/autoware.ai/install/autoware_msgs/lib/python2.7/dist-packages:${PYTHONPATH} ROS_PACKAGE_PATH=/home/yeap/APC_2022_Prac/airsimversion/autoware.ai/install/autoware_msgs/share:/home/yeap/APC_2022_Prac/airsimversion/autoware.ai/install/autoware_build_flags/share:${ROS_PACKAGE_PATH} /usr/bin/cmake --build /home/yeap/APC_2022_Prac/airsimversion/autoware.ai/build/astar_search -- -j6 -l6
[12.694s] Invoking command in '/home/yeap/APC_2022_Prac/airsimversion/autoware.ai/build/astar_search': CMAKE_PREFIX_PATH=/home/yeap/APC_2022_Prac/airsimversion/autoware.ai/install/autoware_msgs:/home/yeap/APC_2022_Prac/airsimversion/autoware.ai/install/autoware_build_flags:${CMAKE_PREFIX_PATH} PKG_CONFIG_PATH=/home/yeap/APC_2022_Prac/airsimversion/autoware.ai/install/autoware_msgs/lib/x86_64-linux-gnu/pkgconfig:/home/yeap/APC_2022_Prac/airsimversion/autoware.ai/install/autoware_msgs/lib/pkgconfig:/home/yeap/APC_2022_Prac/airsimversion/autoware.ai/install/autoware_build_flags/lib/x86_64-linux-gnu/pkgconfig:/home/yeap/APC_2022_Prac/airsimversion/autoware.ai/install/autoware_build_flags/lib/pkgconfig:${PKG_CONFIG_PATH} PYTHONPATH=/home/yeap/APC_2022_Prac/airsimversion/autoware.ai/install/autoware_msgs/lib/python2.7/dist-packages:${PYTHONPATH} ROS_PACKAGE_PATH=/home/yeap/APC_2022_Prac/airsimversion/autoware.ai/install/autoware_msgs/share:/home/yeap/APC_2022_Prac/airsimversion/autoware.ai/install/autoware_build_flags/share:${ROS_PACKAGE_PATH} /usr/bin/cmake --build /home/yeap/APC_2022_Prac/airsimversion/autoware.ai/build/astar_search --target tests -- -j6 -l6
[12.767s] [35m[1mScanning dependencies of target gtest[0m
[12.794s] [ 10%] [32mBuilding CXX object gtest/googlemock/gtest/CMakeFiles/gtest.dir/src/gtest-all.cc.o[0m
[17.796s] [ 20%] [32m[1mLinking CXX shared library libgtest.so[0m
[17.906s] [ 20%] Built target gtest
[17.928s] [ 20%] Built target tf2_msgs_generate_messages_py
[17.950s] [ 20%] Built target actionlib_generate_messages_py
[17.972s] [ 20%] Built target actionlib_generate_messages_cpp
[17.995s] [ 20%] Built target tf_generate_messages_nodejs
[18.018s] [ 20%] Built target tf_generate_messages_lisp
[18.040s] [ 20%] Built target topic_tools_generate_messages_nodejs
[18.062s] [ 20%] Built target topic_tools_generate_messages_eus
[18.085s] [ 20%] Built target topic_tools_generate_messages_cpp
[18.109s] [ 20%] Built target std_srvs_generate_messages_py
[18.131s] [ 20%] Built target geometry_msgs_generate_messages_py
[18.152s] [ 20%] Built target sensor_msgs_generate_messages_nodejs
[18.174s] [ 20%] Built target roscpp_generate_messages_cpp
[18.196s] [ 20%] Built target pcl_msgs_generate_messages_eus
[18.219s] [ 20%] Built target rosgraph_msgs_generate_messages_eus
[18.241s] [ 20%] Built target jsk_recognition_msgs_generate_messages_lisp
[18.263s] [ 20%] Built target jsk_recognition_msgs_generate_messages_eus
[18.285s] [ 20%] Built target std_msgs_generate_messages_py
[18.309s] [ 20%] Built target std_msgs_generate_messages_nodejs
[18.345s] [ 20%] Built target bond_generate_messages_lisp
[18.368s] [ 20%] Built target sensor_msgs_generate_messages_eus
[18.391s] [ 20%] Built target sensor_msgs_generate_messages_cpp
[18.414s] [ 20%] Built target autoware_msgs_generate_messages_cpp
[18.436s] [ 20%] Built target tf_generate_messages_py
[18.459s] [ 20%] Built target dynamic_reconfigure_generate_messages_cpp
[18.483s] [ 20%] Built target rosgraph_msgs_generate_messages_cpp
[18.505s] [ 20%] Built target pcl_msgs_generate_messages_nodejs
[18.528s] [ 20%] Built target nodelet_generate_messages_nodejs
[18.550s] [ 20%] Built target jsk_recognition_msgs_generate_messages_py
[18.573s] [ 20%] Built target sensor_msgs_generate_messages_lisp
[18.595s] [ 20%] Built target std_msgs_generate_messages_cpp
[18.617s] [ 20%] Built target jsk_footstep_msgs_generate_messages_py
[18.639s] [ 20%] Built target sensor_msgs_generate_messages_py
[18.661s] [ 20%] Built target nodelet_generate_messages_py
[18.687s] [ 20%] Built target geometry_msgs_generate_messages_eus
[18.710s] [ 20%] Built target std_msgs_generate_messages_lisp
[18.732s] [ 20%] Built target roscpp_generate_messages_nodejs
[18.754s] [ 20%] Built target geometry_msgs_generate_messages_nodejs
[18.777s] [ 20%] Built target actionlib_generate_messages_eus
[18.799s] [ 20%] Built target pcl_msgs_generate_messages_py
[18.821s] [ 20%] Built target geometry_msgs_generate_messages_lisp
[18.844s] [ 20%] Built target actionlib_generate_messages_lisp
[18.867s] [ 20%] Built target geometry_msgs_generate_messages_cpp
[18.889s] [ 20%] Built target pcl_msgs_generate_messages_cpp
[18.912s] [ 20%] Built target dynamic_reconfigure_generate_messages_lisp
[18.935s] [ 20%] Built target topic_tools_generate_messages_lisp
[18.958s] [ 20%] Built target jsk_recognition_msgs_generate_messages_cpp
[18.981s] [ 20%] Built target autoware_msgs_generate_messages_eus
[19.005s] [ 20%] Built target autoware_msgs_generate_messages_lisp
[19.028s] [ 20%] Built target autoware_msgs_generate_messages_py
[19.051s] [ 20%] Built target nodelet_generate_messages_lisp
[19.075s] [ 20%] Built target actionlib_generate_messages_nodejs
[19.101s] [ 20%] Built target tf_generate_messages_cpp
[19.125s] [ 20%] Built target pcl_msgs_generate_messages_lisp
[19.147s] [ 20%] Built target std_msgs_generate_messages_eus
[19.169s] [ 20%] Built target autoware_msgs_generate_messages_nodejs
[19.193s] [ 20%] Built target jsk_footstep_msgs_generate_messages_eus
[19.215s] [ 20%] Built target actionlib_msgs_generate_messages_py
[19.242s] [ 20%] Built target jsk_footstep_msgs_generate_messages_lisp
[19.264s] [ 20%] Built target jsk_footstep_msgs_generate_messages_nodejs
[19.287s] [ 20%] Built target tf_generate_messages_eus
[19.311s] [ 20%] Built target jsk_footstep_msgs_generate_messages_cpp
[19.334s] [ 20%] Built target actionlib_msgs_generate_messages_cpp
[19.356s] [ 20%] Built target std_srvs_generate_messages_cpp
[19.378s] [ 20%] Built target actionlib_msgs_generate_messages_lisp
[19.400s] [ 20%] Built target pcl_ros_gencfg
[19.424s] [ 20%] Built target dynamic_reconfigure_generate_messages_eus
[19.446s] [ 20%] Built target dynamic_reconfigure_generate_messages_nodejs
[19.468s] [ 20%] Built target dynamic_reconfigure_generate_messages_py
[19.491s] [ 20%] Built target tf2_msgs_generate_messages_lisp
[19.515s] [ 20%] Built target dynamic_reconfigure_gencfg
[19.538s] [ 20%] Built target jsk_recognition_msgs_generate_messages_nodejs
[19.560s] [ 20%] Built target std_srvs_generate_messages_eus
[19.583s] [ 20%] Built target roscpp_generate_messages_lisp
[19.607s] [ 20%] Built target bond_generate_messages_eus
[19.629s] [ 20%] Built target roscpp_generate_messages_py
[19.652s] [ 20%] Built target rosgraph_msgs_generate_messages_lisp
[19.676s] [ 20%] Built target rosgraph_msgs_generate_messages_nodejs
[19.699s] [ 20%] Built target roscpp_generate_messages_eus
[19.723s] [ 20%] Built target actionlib_msgs_generate_messages_eus
[19.745s] [ 20%] Built target rosgraph_msgs_generate_messages_py
[19.767s] [ 20%] Built target nodelet_generate_messages_cpp
[19.790s] [ 20%] Built target bond_generate_messages_py
[19.814s] [ 20%] Built target std_srvs_generate_messages_nodejs
[19.837s] [ 20%] Built target nodelet_generate_messages_eus
[19.860s] [ 20%] Built target bond_generate_messages_cpp
[19.882s] [ 20%] Built target bond_generate_messages_nodejs
[19.906s] [ 20%] Built target topic_tools_generate_messages_py
[19.928s] [ 20%] Built target actionlib_msgs_generate_messages_nodejs
[19.950s] [ 20%] Built target nodelet_topic_tools_gencfg
[19.972s] [ 20%] Built target _catkin_empty_exported_target
[19.994s] [ 20%] Built target tf2_msgs_generate_messages_cpp
[20.018s] [ 20%] Built target tf2_msgs_generate_messages_eus
[20.040s] [ 20%] Built target tf2_msgs_generate_messages_nodejs
[20.062s] [ 20%] Built target std_srvs_generate_messages_lisp
[20.096s] [ 50%] Built target astar_search
[20.110s] [35m[1mScanning dependencies of target astar_search-test[0m
[20.181s] [ 60%] [32mBuilding CXX object CMakeFiles/astar_search-test.dir/test/src/test_main.cpp.o[0m
[21.711s] [ 70%] [32mBuilding CXX object CMakeFiles/astar_search-test.dir/test/src/test_class.cpp.o[0m
[24.053s] [01m[K/home/yeap/APC_2022_Prac/airsimversion/autoware.ai/src/autoware/core_planning/astar_search/test/src/test_class.cpp:[m[K In constructor ‘[01m[KTestClass::TestClass()[m[K’:
[24.054s] [01m[K/home/yeap/APC_2022_Prac/airsimversion/autoware.ai/src/autoware/core_planning/astar_search/test/src/test_class.cpp:54:25:[m[K [01;35m[Kwarning: [m[Kcomparison between signed and unsigned integer expressions [[01;35m[K-Wsign-compare[m[K]
[24.054s]    for (int idx = 0; [01;35m[Kidx < costmap_.info.width*costmap_.info.height[m[K; ++idx)
[24.054s]                      [01;35m[K~~~~^~~~~~~~~~~~~~~~~~~~~~~~~~~~~~~~~~~~~~~~~~[m[K
[24.054s] [01m[K/home/yeap/APC_2022_Prac/airsimversion/autoware.ai/src/autoware/core_planning/astar_search/test/src/test_class.cpp:60:25:[m[K [01;35m[Kwarning: [m[Kcomparison between signed and unsigned integer expressions [[01;35m[K-Wsign-compare[m[K]
[24.054s]    for (int row = 0; [01;35m[Krow < costmap_.info.height[m[K; ++row)
[24.054s]                      [01;35m[K~~~~^~~~~~~~~~~~~~~~~~~~~~[m[K
[24.054s] [01m[K/home/yeap/APC_2022_Prac/airsimversion/autoware.ai/src/autoware/core_planning/astar_search/test/src/test_class.cpp:62:27:[m[K [01;35m[Kwarning: [m[Kcomparison between signed and unsigned integer expressions [[01;35m[K-Wsign-compare[m[K]
[24.054s]      for (int col = 0; [01;35m[Kcol < costmap_.info.width[m[K; ++col)
[24.054s]                        [01;35m[K~~~~^~~~~~~~~~~~~~~~~~~~~[m[K
[24.638s] [ 80%] [32mBuilding CXX object CMakeFiles/astar_search-test.dir/test/src/test_astar_search.cpp.o[0m
[26.962s] [01m[K/home/yeap/APC_2022_Prac/airsimversion/autoware.ai/src/autoware/core_planning/astar_search/test/src/test_astar_search.cpp:[m[K In member function ‘[01m[Kvirtual void TestSuite_checkSetPath_Test::TestBody()[m[K’:
[26.962s] [01m[K/home/yeap/APC_2022_Prac/airsimversion/autoware.ai/src/autoware/core_planning/astar_search/test/src/test_astar_search.cpp:143:25:[m[K [01;35m[Kwarning: [m[Kcomparison between signed and unsigned integer expressions [[01;35m[K-Wsign-compare[m[K]
[26.962s]    for (int row = 0; [01;35m[Krow < test_obj_.costmap_.info.height[m[K; ++row)
[26.962s]                      [01;35m[K~~~~^~~~~~~~~~~~~~~~~~~~~~~~~~~~~~~~[m[K
[26.962s] [01m[K/home/yeap/APC_2022_Prac/airsimversion/autoware.ai/src/autoware/core_planning/astar_search/test/src/test_astar_search.cpp:145:27:[m[K [01;35m[Kwarning: [m[Kcomparison between signed and unsigned integer expressions [[01;35m[K-Wsign-compare[m[K]
[26.962s]      for (int col = 0; [01;35m[Kcol < test_obj_.costmap_.info.width[m[K; ++col)
[26.963s]                        [01;35m[K~~~~^~~~~~~~~~~~~~~~~~~~~~~~~~~~~~~[m[K
[27.078s] In file included from [01m[K/home/yeap/APC_2022_Prac/airsimversion/autoware.ai/src/autoware/core_planning/astar_search/test/src/test_astar_search.cpp:18:0[m[K:
[27.078s] /usr/src/googletest/googletest/include/gtest/gtest.h: In instantiation of ‘[01m[Ktesting::AssertionResult testing::internal::CmpHelperEQ(const char*, const char*, const T1&, const T2&) [with T1 = int; T2 = unsigned int][m[K’:
[27.078s] [01m[K/usr/src/googletest/googletest/include/gtest/gtest.h:1421:23:[m[K   required from ‘[01m[Kstatic testing::AssertionResult testing::internal::EqHelper<lhs_is_null_literal>::Compare(const char*, const char*, const T1&, const T2&) [with T1 = int; T2 = unsigned int; bool lhs_is_null_literal = false][m[K’
[27.078s] [01m[K/home/yeap/APC_2022_Prac/airsimversion/autoware.ai/src/autoware/core_planning/astar_search/test/src/test_astar_search.cpp:30:3:[m[K   required from here
[27.078s] [01m[K/usr/src/googletest/googletest/include/gtest/gtest.h:1392:11:[m[K [01;35m[Kwarning: [m[Kcomparison between signed and unsigned integer expressions [[01;35m[K-Wsign-compare[m[K]
[27.078s]    if ([01;35m[Klhs == rhs[m[K) {
[27.078s]        [01;35m[K~~~~^~~~~~[m[K
[27.956s] [ 90%] [32mBuilding CXX object CMakeFiles/astar_search-test.dir/test/src/test_astar_util.cpp.o[0m
[31.266s] [100%] [32m[1mLinking CXX executable devel/lib/astar_search/astar_search-test[0m
[32.116s] [100%] Built target astar_search-test
[32.127s] [35m[1mScanning dependencies of target tests[0m
[32.139s] [100%] Built target tests
[32.154s] Invoked command in '/home/yeap/APC_2022_Prac/airsimversion/autoware.ai/build/astar_search' returned '0': CMAKE_PREFIX_PATH=/home/yeap/APC_2022_Prac/airsimversion/autoware.ai/install/autoware_msgs:/home/yeap/APC_2022_Prac/airsimversion/autoware.ai/install/autoware_build_flags:${CMAKE_PREFIX_PATH} PKG_CONFIG_PATH=/home/yeap/APC_2022_Prac/airsimversion/autoware.ai/install/autoware_msgs/lib/x86_64-linux-gnu/pkgconfig:/home/yeap/APC_2022_Prac/airsimversion/autoware.ai/install/autoware_msgs/lib/pkgconfig:/home/yeap/APC_2022_Prac/airsimversion/autoware.ai/install/autoware_build_flags/lib/x86_64-linux-gnu/pkgconfig:/home/yeap/APC_2022_Prac/airsimversion/autoware.ai/install/autoware_build_flags/lib/pkgconfig:${PKG_CONFIG_PATH} PYTHONPATH=/home/yeap/APC_2022_Prac/airsimversion/autoware.ai/install/autoware_msgs/lib/python2.7/dist-packages:${PYTHONPATH} ROS_PACKAGE_PATH=/home/yeap/APC_2022_Prac/airsimversion/autoware.ai/install/autoware_msgs/share:/home/yeap/APC_2022_Prac/airsimversion/autoware.ai/install/autoware_build_flags/share:${ROS_PACKAGE_PATH} /usr/bin/cmake --build /home/yeap/APC_2022_Prac/airsimversion/autoware.ai/build/astar_search --target tests -- -j6 -l6
[32.288s] Invoking command in '/home/yeap/APC_2022_Prac/airsimversion/autoware.ai/build/astar_search': CMAKE_PREFIX_PATH=/home/yeap/APC_2022_Prac/airsimversion/autoware.ai/install/autoware_msgs:/home/yeap/APC_2022_Prac/airsimversion/autoware.ai/install/autoware_build_flags:${CMAKE_PREFIX_PATH} PKG_CONFIG_PATH=/home/yeap/APC_2022_Prac/airsimversion/autoware.ai/install/autoware_msgs/lib/x86_64-linux-gnu/pkgconfig:/home/yeap/APC_2022_Prac/airsimversion/autoware.ai/install/autoware_msgs/lib/pkgconfig:/home/yeap/APC_2022_Prac/airsimversion/autoware.ai/install/autoware_build_flags/lib/x86_64-linux-gnu/pkgconfig:/home/yeap/APC_2022_Prac/airsimversion/autoware.ai/install/autoware_build_flags/lib/pkgconfig:${PKG_CONFIG_PATH} PYTHONPATH=/home/yeap/APC_2022_Prac/airsimversion/autoware.ai/install/autoware_msgs/lib/python2.7/dist-packages:${PYTHONPATH} ROS_PACKAGE_PATH=/home/yeap/APC_2022_Prac/airsimversion/autoware.ai/install/autoware_msgs/share:/home/yeap/APC_2022_Prac/airsimversion/autoware.ai/install/autoware_build_flags/share:${ROS_PACKAGE_PATH} /usr/bin/cmake --build /home/yeap/APC_2022_Prac/airsimversion/autoware.ai/build/astar_search --target install -- -j6 -l6
[32.350s] [  0%] Built target std_srvs_generate_messages_lisp
[32.373s] [  0%] Built target actionlib_generate_messages_py
[32.395s] [  0%] Built target actionlib_generate_messages_cpp
[32.420s] [  0%] Built target tf_generate_messages_nodejs
[32.444s] [  0%] Built target tf_generate_messages_lisp
[32.470s] [  0%] Built target topic_tools_generate_messages_nodejs
[32.493s] [  0%] Built target topic_tools_generate_messages_eus
[32.516s] [  0%] Built target topic_tools_generate_messages_cpp
[32.540s] [  0%] Built target std_srvs_generate_messages_py
[32.568s] [  0%] Built target geometry_msgs_generate_messages_py
[32.591s] [  0%] Built target sensor_msgs_generate_messages_nodejs
[32.625s] [  0%] Built target roscpp_generate_messages_cpp
[32.648s] [  0%] Built target pcl_msgs_generate_messages_eus
[32.677s] [  0%] Built target rosgraph_msgs_generate_messages_eus
[32.699s] [  0%] Built target jsk_recognition_msgs_generate_messages_lisp
[32.722s] [  0%] Built target jsk_recognition_msgs_generate_messages_eus
[32.746s] [  0%] Built target std_msgs_generate_messages_py
[32.771s] [  0%] Built target std_msgs_generate_messages_nodejs
[32.797s] [  0%] Built target bond_generate_messages_lisp
[32.821s] [  0%] Built target sensor_msgs_generate_messages_eus
[32.844s] [  0%] Built target sensor_msgs_generate_messages_cpp
[32.867s] [  0%] Built target autoware_msgs_generate_messages_cpp
[32.890s] [  0%] Built target tf_generate_messages_py
[32.916s] [  0%] Built target dynamic_reconfigure_generate_messages_cpp
[32.939s] [  0%] Built target rosgraph_msgs_generate_messages_cpp
[32.962s] [  0%] Built target pcl_msgs_generate_messages_nodejs
[32.985s] [  0%] Built target nodelet_generate_messages_nodejs
[33.007s] [  0%] Built target jsk_recognition_msgs_generate_messages_py
[33.029s] [  0%] Built target sensor_msgs_generate_messages_lisp
[33.053s] [  0%] Built target std_msgs_generate_messages_cpp
[33.076s] [  0%] Built target jsk_footstep_msgs_generate_messages_py
[33.098s] [  0%] Built target sensor_msgs_generate_messages_py
[33.122s] [  0%] Built target nodelet_generate_messages_py
[33.149s] [  0%] Built target geometry_msgs_generate_messages_eus
[33.170s] [  0%] Built target std_msgs_generate_messages_lisp
[33.197s] [  0%] Built target roscpp_generate_messages_nodejs
[33.219s] [  0%] Built target geometry_msgs_generate_messages_nodejs
[33.240s] [  0%] Built target actionlib_generate_messages_eus
[33.261s] [  0%] Built target pcl_msgs_generate_messages_py
[33.283s] [  0%] Built target geometry_msgs_generate_messages_lisp
[33.304s] [  0%] Built target actionlib_generate_messages_lisp
[33.325s] [  0%] Built target geometry_msgs_generate_messages_cpp
[33.346s] [  0%] Built target pcl_msgs_generate_messages_cpp
[33.368s] [  0%] Built target dynamic_reconfigure_generate_messages_lisp
[33.389s] [  0%] Built target topic_tools_generate_messages_lisp
[33.410s] [  0%] Built target jsk_recognition_msgs_generate_messages_cpp
[33.432s] [  0%] Built target autoware_msgs_generate_messages_eus
[33.454s] [  0%] Built target autoware_msgs_generate_messages_lisp
[33.476s] [  0%] Built target autoware_msgs_generate_messages_py
[33.498s] [  0%] Built target nodelet_generate_messages_lisp
[33.522s] [  0%] Built target actionlib_generate_messages_nodejs
[33.546s] [  0%] Built target tf_generate_messages_cpp
[33.570s] [  0%] Built target pcl_msgs_generate_messages_lisp
[33.594s] [  0%] Built target std_msgs_generate_messages_eus
[33.617s] [  0%] Built target autoware_msgs_generate_messages_nodejs
[33.641s] [  0%] Built target jsk_footstep_msgs_generate_messages_eus
[33.663s] [  0%] Built target actionlib_msgs_generate_messages_py
[33.685s] [  0%] Built target jsk_footstep_msgs_generate_messages_lisp
[33.707s] [  0%] Built target jsk_footstep_msgs_generate_messages_nodejs
[33.730s] [  0%] Built target tf_generate_messages_eus
[33.752s] [  0%] Built target jsk_footstep_msgs_generate_messages_cpp
[33.774s] [  0%] Built target actionlib_msgs_generate_messages_cpp
[33.796s] [  0%] Built target std_srvs_generate_messages_cpp
[33.818s] [  0%] Built target actionlib_msgs_generate_messages_lisp
[33.840s] [  0%] Built target pcl_ros_gencfg
[33.862s] [  0%] Built target dynamic_reconfigure_generate_messages_eus
[33.885s] [  0%] Built target dynamic_reconfigure_generate_messages_nodejs
[33.907s] [  0%] Built target dynamic_reconfigure_generate_messages_py
[33.928s] [  0%] Built target tf2_msgs_generate_messages_lisp
[33.950s] [  0%] Built target dynamic_reconfigure_gencfg
[33.972s] [  0%] Built target jsk_recognition_msgs_generate_messages_nodejs
[33.992s] [  0%] Built target std_srvs_generate_messages_eus
[34.015s] [  0%] Built target roscpp_generate_messages_lisp
[34.038s] [  0%] Built target bond_generate_messages_eus
[34.068s] [  0%] Built target roscpp_generate_messages_py
[34.091s] [  0%] Built target rosgraph_msgs_generate_messages_lisp
[34.113s] [  0%] Built target rosgraph_msgs_generate_messages_nodejs
[34.134s] [  0%] Built target roscpp_generate_messages_eus
[34.157s] [  0%] Built target actionlib_msgs_generate_messages_eus
[34.187s] [  0%] Built target rosgraph_msgs_generate_messages_py
[34.209s] [  0%] Built target nodelet_generate_messages_cpp
[34.231s] [  0%] Built target bond_generate_messages_py
[34.254s] [  0%] Built target std_srvs_generate_messages_nodejs
[34.276s] [  0%] Built target nodelet_generate_messages_eus
[34.297s] [  0%] Built target bond_generate_messages_cpp
[34.319s] [  0%] Built target bond_generate_messages_nodejs
[34.342s] [  0%] Built target topic_tools_generate_messages_py
[34.363s] [  0%] Built target actionlib_msgs_generate_messages_nodejs
[34.386s] [  0%] Built target nodelet_topic_tools_gencfg
[34.407s] [  0%] Built target _catkin_empty_exported_target
[34.432s] [  0%] Built target tf2_msgs_generate_messages_py
[34.455s] [  0%] Built target tf2_msgs_generate_messages_cpp
[34.476s] [  0%] Built target tf2_msgs_generate_messages_eus
[34.498s] [  0%] Built target tf2_msgs_generate_messages_nodejs
[34.534s] [100%] Built target astar_search
[34.560s] [36mInstall the project...[0m
[34.566s] -- Install configuration: "Release"
[34.566s] -- Installing: /home/yeap/APC_2022_Prac/airsimversion/autoware.ai/install/astar_search/lib/pkgconfig/astar_search.pc
[34.566s] -- Installing: /home/yeap/APC_2022_Prac/airsimversion/autoware.ai/install/astar_search/share/astar_search/cmake/astar_searchConfig.cmake
[34.567s] -- Installing: /home/yeap/APC_2022_Prac/airsimversion/autoware.ai/install/astar_search/share/astar_search/cmake/astar_searchConfig-version.cmake
[34.567s] -- Installing: /home/yeap/APC_2022_Prac/airsimversion/autoware.ai/install/astar_search/share/astar_search/package.xml
[34.567s] -- Installing: /home/yeap/APC_2022_Prac/airsimversion/autoware.ai/install/astar_search/include/astar_search
[34.567s] -- Installing: /home/yeap/APC_2022_Prac/airsimversion/autoware.ai/install/astar_search/include/astar_search/astar_util.h
[34.567s] -- Installing: /home/yeap/APC_2022_Prac/airsimversion/autoware.ai/install/astar_search/include/astar_search/astar_search.h
[34.567s] -- Installing: /home/yeap/APC_2022_Prac/airsimversion/autoware.ai/install/astar_search/lib/libastar_search.so
[34.568s] -- Set runtime path of "/home/yeap/APC_2022_Prac/airsimversion/autoware.ai/install/astar_search/lib/libastar_search.so" to ""
[34.574s] Invoked command in '/home/yeap/APC_2022_Prac/airsimversion/autoware.ai/build/astar_search' returned '0': CMAKE_PREFIX_PATH=/home/yeap/APC_2022_Prac/airsimversion/autoware.ai/install/autoware_msgs:/home/yeap/APC_2022_Prac/airsimversion/autoware.ai/install/autoware_build_flags:${CMAKE_PREFIX_PATH} PKG_CONFIG_PATH=/home/yeap/APC_2022_Prac/airsimversion/autoware.ai/install/autoware_msgs/lib/x86_64-linux-gnu/pkgconfig:/home/yeap/APC_2022_Prac/airsimversion/autoware.ai/install/autoware_msgs/lib/pkgconfig:/home/yeap/APC_2022_Prac/airsimversion/autoware.ai/install/autoware_build_flags/lib/x86_64-linux-gnu/pkgconfig:/home/yeap/APC_2022_Prac/airsimversion/autoware.ai/install/autoware_build_flags/lib/pkgconfig:${PKG_CONFIG_PATH} PYTHONPATH=/home/yeap/APC_2022_Prac/airsimversion/autoware.ai/install/autoware_msgs/lib/python2.7/dist-packages:${PYTHONPATH} ROS_PACKAGE_PATH=/home/yeap/APC_2022_Prac/airsimversion/autoware.ai/install/autoware_msgs/share:/home/yeap/APC_2022_Prac/airsimversion/autoware.ai/install/autoware_build_flags/share:${ROS_PACKAGE_PATH} /usr/bin/cmake --build /home/yeap/APC_2022_Prac/airsimversion/autoware.ai/build/astar_search --target install -- -j6 -l6
