[0.029s] Invoking command in '/home/yeap/APC_2022_Prac/airsimversion/autoware.ai/build/udon_socket': CMAKE_PREFIX_PATH=/home/yeap/APC_2022_Prac/airsimversion/autoware.ai/install/tablet_socket_msgs:/home/yeap/APC_2022_Prac/airsimversion/autoware.ai/install/autoware_build_flags:${CMAKE_PREFIX_PATH} PKG_CONFIG_PATH=/home/yeap/APC_2022_Prac/airsimversion/autoware.ai/install/tablet_socket_msgs/lib/x86_64-linux-gnu/pkgconfig:/home/yeap/APC_2022_Prac/airsimversion/autoware.ai/install/tablet_socket_msgs/lib/pkgconfig:/home/yeap/APC_2022_Prac/airsimversion/autoware.ai/install/autoware_build_flags/lib/x86_64-linux-gnu/pkgconfig:/home/yeap/APC_2022_Prac/airsimversion/autoware.ai/install/autoware_build_flags/lib/pkgconfig:${PKG_CONFIG_PATH} PYTHONPATH=/home/yeap/APC_2022_Prac/airsimversion/autoware.ai/install/tablet_socket_msgs/lib/python2.7/dist-packages:${PYTHONPATH} ROS_PACKAGE_PATH=/home/yeap/APC_2022_Prac/airsimversion/autoware.ai/install/tablet_socket_msgs/share:/home/yeap/APC_2022_Prac/airsimversion/autoware.ai/install/autoware_build_flags/share:${ROS_PACKAGE_PATH} /usr/bin/cmake --build /home/yeap/APC_2022_Prac/airsimversion/autoware.ai/build/udon_socket -- -j6 -l6
[0.117s] [  0%] Built target rosgraph_msgs_generate_messages_nodejs
[0.120s] [ 33%] Built target udon
[0.148s] [ 33%] Built target std_msgs_generate_messages_nodejs
[0.155s] [ 33%] Built target std_msgs_generate_messages_lisp
[0.182s] [ 33%] Built target tablet_socket_msgs_generate_messages_cpp
[0.182s] [ 33%] Built target tablet_socket_msgs_generate_messages_lisp
[0.215s] [ 33%] Built target roscpp_generate_messages_cpp
[0.219s] [ 33%] Built target std_msgs_generate_messages_cpp
[0.243s] [ 33%] Built target roscpp_generate_messages_lisp
[0.267s] [ 33%] Built target std_msgs_generate_messages_py
[0.294s] [ 33%] Built target roscpp_generate_messages_nodejs
[0.322s] [ 33%] Built target roscpp_generate_messages_py
[0.349s] [ 33%] Built target rosgraph_msgs_generate_messages_cpp
[0.374s] [ 33%] Built target rosgraph_msgs_generate_messages_eus
[0.402s] [ 33%] Built target rosgraph_msgs_generate_messages_lisp
[0.425s] [ 33%] Built target std_msgs_generate_messages_eus
[0.452s] [ 33%] Built target rosgraph_msgs_generate_messages_py
[0.486s] [ 66%] Built target udon_receiver
[0.509s] [ 66%] Built target roscpp_generate_messages_eus
[0.535s] [ 66%] Built target tablet_socket_msgs_generate_messages_eus
[0.567s] [ 66%] Built target tablet_socket_msgs_generate_messages_nodejs
[0.600s] [ 66%] Built target tablet_socket_msgs_generate_messages_py
[0.633s] [100%] Built target udon_sender
[0.643s] Invoked command in '/home/yeap/APC_2022_Prac/airsimversion/autoware.ai/build/udon_socket' returned '0': CMAKE_PREFIX_PATH=/home/yeap/APC_2022_Prac/airsimversion/autoware.ai/install/tablet_socket_msgs:/home/yeap/APC_2022_Prac/airsimversion/autoware.ai/install/autoware_build_flags:${CMAKE_PREFIX_PATH} PKG_CONFIG_PATH=/home/yeap/APC_2022_Prac/airsimversion/autoware.ai/install/tablet_socket_msgs/lib/x86_64-linux-gnu/pkgconfig:/home/yeap/APC_2022_Prac/airsimversion/autoware.ai/install/tablet_socket_msgs/lib/pkgconfig:/home/yeap/APC_2022_Prac/airsimversion/autoware.ai/install/autoware_build_flags/lib/x86_64-linux-gnu/pkgconfig:/home/yeap/APC_2022_Prac/airsimversion/autoware.ai/install/autoware_build_flags/lib/pkgconfig:${PKG_CONFIG_PATH} PYTHONPATH=/home/yeap/APC_2022_Prac/airsimversion/autoware.ai/install/tablet_socket_msgs/lib/python2.7/dist-packages:${PYTHONPATH} ROS_PACKAGE_PATH=/home/yeap/APC_2022_Prac/airsimversion/autoware.ai/install/tablet_socket_msgs/share:/home/yeap/APC_2022_Prac/airsimversion/autoware.ai/install/autoware_build_flags/share:${ROS_PACKAGE_PATH} /usr/bin/cmake --build /home/yeap/APC_2022_Prac/airsimversion/autoware.ai/build/udon_socket -- -j6 -l6
[0.709s] Invoking command in '/home/yeap/APC_2022_Prac/airsimversion/autoware.ai/build/udon_socket': CMAKE_PREFIX_PATH=/home/yeap/APC_2022_Prac/airsimversion/autoware.ai/install/tablet_socket_msgs:/home/yeap/APC_2022_Prac/airsimversion/autoware.ai/install/autoware_build_flags:${CMAKE_PREFIX_PATH} PKG_CONFIG_PATH=/home/yeap/APC_2022_Prac/airsimversion/autoware.ai/install/tablet_socket_msgs/lib/x86_64-linux-gnu/pkgconfig:/home/yeap/APC_2022_Prac/airsimversion/autoware.ai/install/tablet_socket_msgs/lib/pkgconfig:/home/yeap/APC_2022_Prac/airsimversion/autoware.ai/install/autoware_build_flags/lib/x86_64-linux-gnu/pkgconfig:/home/yeap/APC_2022_Prac/airsimversion/autoware.ai/install/autoware_build_flags/lib/pkgconfig:${PKG_CONFIG_PATH} PYTHONPATH=/home/yeap/APC_2022_Prac/airsimversion/autoware.ai/install/tablet_socket_msgs/lib/python2.7/dist-packages:${PYTHONPATH} ROS_PACKAGE_PATH=/home/yeap/APC_2022_Prac/airsimversion/autoware.ai/install/tablet_socket_msgs/share:/home/yeap/APC_2022_Prac/airsimversion/autoware.ai/install/autoware_build_flags/share:${ROS_PACKAGE_PATH} /usr/bin/cmake --build /home/yeap/APC_2022_Prac/airsimversion/autoware.ai/build/udon_socket --target tests -- -j6 -l6
[0.780s] Built target tests
[0.798s] Invoked command in '/home/yeap/APC_2022_Prac/airsimversion/autoware.ai/build/udon_socket' returned '0': CMAKE_PREFIX_PATH=/home/yeap/APC_2022_Prac/airsimversion/autoware.ai/install/tablet_socket_msgs:/home/yeap/APC_2022_Prac/airsimversion/autoware.ai/install/autoware_build_flags:${CMAKE_PREFIX_PATH} PKG_CONFIG_PATH=/home/yeap/APC_2022_Prac/airsimversion/autoware.ai/install/tablet_socket_msgs/lib/x86_64-linux-gnu/pkgconfig:/home/yeap/APC_2022_Prac/airsimversion/autoware.ai/install/tablet_socket_msgs/lib/pkgconfig:/home/yeap/APC_2022_Prac/airsimversion/autoware.ai/install/autoware_build_flags/lib/x86_64-linux-gnu/pkgconfig:/home/yeap/APC_2022_Prac/airsimversion/autoware.ai/install/autoware_build_flags/lib/pkgconfig:${PKG_CONFIG_PATH} PYTHONPATH=/home/yeap/APC_2022_Prac/airsimversion/autoware.ai/install/tablet_socket_msgs/lib/python2.7/dist-packages:${PYTHONPATH} ROS_PACKAGE_PATH=/home/yeap/APC_2022_Prac/airsimversion/autoware.ai/install/tablet_socket_msgs/share:/home/yeap/APC_2022_Prac/airsimversion/autoware.ai/install/autoware_build_flags/share:${ROS_PACKAGE_PATH} /usr/bin/cmake --build /home/yeap/APC_2022_Prac/airsimversion/autoware.ai/build/udon_socket --target tests -- -j6 -l6
[0.874s] Invoking command in '/home/yeap/APC_2022_Prac/airsimversion/autoware.ai/build/udon_socket': CMAKE_PREFIX_PATH=/home/yeap/APC_2022_Prac/airsimversion/autoware.ai/install/tablet_socket_msgs:/home/yeap/APC_2022_Prac/airsimversion/autoware.ai/install/autoware_build_flags:${CMAKE_PREFIX_PATH} PKG_CONFIG_PATH=/home/yeap/APC_2022_Prac/airsimversion/autoware.ai/install/tablet_socket_msgs/lib/x86_64-linux-gnu/pkgconfig:/home/yeap/APC_2022_Prac/airsimversion/autoware.ai/install/tablet_socket_msgs/lib/pkgconfig:/home/yeap/APC_2022_Prac/airsimversion/autoware.ai/install/autoware_build_flags/lib/x86_64-linux-gnu/pkgconfig:/home/yeap/APC_2022_Prac/airsimversion/autoware.ai/install/autoware_build_flags/lib/pkgconfig:${PKG_CONFIG_PATH} PYTHONPATH=/home/yeap/APC_2022_Prac/airsimversion/autoware.ai/install/tablet_socket_msgs/lib/python2.7/dist-packages:${PYTHONPATH} ROS_PACKAGE_PATH=/home/yeap/APC_2022_Prac/airsimversion/autoware.ai/install/tablet_socket_msgs/share:/home/yeap/APC_2022_Prac/airsimversion/autoware.ai/install/autoware_build_flags/share:${ROS_PACKAGE_PATH} /usr/bin/cmake --build /home/yeap/APC_2022_Prac/airsimversion/autoware.ai/build/udon_socket --target install -- -j6 -l6
[0.929s] [ 33%] Built target udon
[0.942s] [ 33%] Built target rosgraph_msgs_generate_messages_nodejs
[0.951s] [ 33%] Built target std_msgs_generate_messages_nodejs
[0.970s] [ 33%] Built target std_msgs_generate_messages_lisp
[0.980s] [ 33%] Built target tablet_socket_msgs_generate_messages_lisp
[0.994s] [ 33%] Built target tablet_socket_msgs_generate_messages_cpp
[1.006s] [ 33%] Built target std_msgs_generate_messages_cpp
[1.018s] [ 33%] Built target roscpp_generate_messages_cpp
[1.027s] [ 33%] Built target roscpp_generate_messages_lisp
[1.039s] [ 33%] Built target roscpp_generate_messages_eus
[1.052s] [ 33%] Built target std_msgs_generate_messages_py
[1.073s] [ 33%] Built target roscpp_generate_messages_nodejs
[1.081s] [ 33%] Built target roscpp_generate_messages_py
[1.096s] [ 33%] Built target rosgraph_msgs_generate_messages_cpp
[1.106s] [ 33%] Built target rosgraph_msgs_generate_messages_eus
[1.119s] [ 33%] Built target rosgraph_msgs_generate_messages_lisp
[1.134s] [ 33%] Built target std_msgs_generate_messages_eus
[1.154s] [ 33%] Built target rosgraph_msgs_generate_messages_py
[1.167s] [ 66%] Built target udon_receiver
[1.188s] [ 66%] Built target tablet_socket_msgs_generate_messages_nodejs
[1.188s] [ 66%] Built target tablet_socket_msgs_generate_messages_eus
[1.212s] [ 66%] Built target tablet_socket_msgs_generate_messages_py
[1.246s] [100%] Built target udon_sender
[1.272s] [36mInstall the project...[0m
[1.281s] -- Install configuration: "Release"
[1.282s] -- Up-to-date: /home/yeap/APC_2022_Prac/airsimversion/autoware.ai/install/udon_socket/lib/pkgconfig/udon_socket.pc
[1.282s] -- Up-to-date: /home/yeap/APC_2022_Prac/airsimversion/autoware.ai/install/udon_socket/share/udon_socket/cmake/udon_socketConfig.cmake
[1.283s] -- Up-to-date: /home/yeap/APC_2022_Prac/airsimversion/autoware.ai/install/udon_socket/share/udon_socket/cmake/udon_socketConfig-version.cmake
[1.283s] -- Up-to-date: /home/yeap/APC_2022_Prac/airsimversion/autoware.ai/install/udon_socket/share/udon_socket/package.xml
[1.283s] -- Up-to-date: /home/yeap/APC_2022_Prac/airsimversion/autoware.ai/install/udon_socket/lib/libudon.so
[1.284s] -- Up-to-date: /home/yeap/APC_2022_Prac/airsimversion/autoware.ai/install/udon_socket/lib/udon_socket/udon_receiver
[1.285s] -- Up-to-date: /home/yeap/APC_2022_Prac/airsimversion/autoware.ai/install/udon_socket/lib/udon_socket/udon_sender
[1.289s] Invoked command in '/home/yeap/APC_2022_Prac/airsimversion/autoware.ai/build/udon_socket' returned '0': CMAKE_PREFIX_PATH=/home/yeap/APC_2022_Prac/airsimversion/autoware.ai/install/tablet_socket_msgs:/home/yeap/APC_2022_Prac/airsimversion/autoware.ai/install/autoware_build_flags:${CMAKE_PREFIX_PATH} PKG_CONFIG_PATH=/home/yeap/APC_2022_Prac/airsimversion/autoware.ai/install/tablet_socket_msgs/lib/x86_64-linux-gnu/pkgconfig:/home/yeap/APC_2022_Prac/airsimversion/autoware.ai/install/tablet_socket_msgs/lib/pkgconfig:/home/yeap/APC_2022_Prac/airsimversion/autoware.ai/install/autoware_build_flags/lib/x86_64-linux-gnu/pkgconfig:/home/yeap/APC_2022_Prac/airsimversion/autoware.ai/install/autoware_build_flags/lib/pkgconfig:${PKG_CONFIG_PATH} PYTHONPATH=/home/yeap/APC_2022_Prac/airsimversion/autoware.ai/install/tablet_socket_msgs/lib/python2.7/dist-packages:${PYTHONPATH} ROS_PACKAGE_PATH=/home/yeap/APC_2022_Prac/airsimversion/autoware.ai/install/tablet_socket_msgs/share:/home/yeap/APC_2022_Prac/airsimversion/autoware.ai/install/autoware_build_flags/share:${ROS_PACKAGE_PATH} /usr/bin/cmake --build /home/yeap/APC_2022_Prac/airsimversion/autoware.ai/build/udon_socket --target install -- -j6 -l6
