[0.021s] Invoking command in '/home/yeap/APC_2022_Prac/airsimversion/autoware.ai/build/garmin': CMAKE_PREFIX_PATH=/home/yeap/APC_2022_Prac/airsimversion/autoware.ai/install/autoware_build_flags:${CMAKE_PREFIX_PATH} PKG_CONFIG_PATH=/home/yeap/APC_2022_Prac/airsimversion/autoware.ai/install/autoware_build_flags/lib/x86_64-linux-gnu/pkgconfig:/home/yeap/APC_2022_Prac/airsimversion/autoware.ai/install/autoware_build_flags/lib/pkgconfig:${PKG_CONFIG_PATH} ROS_PACKAGE_PATH=/home/yeap/APC_2022_Prac/airsimversion/autoware.ai/install/autoware_build_flags/share:${ROS_PACKAGE_PATH} /usr/bin/cmake /home/yeap/APC_2022_Prac/airsimversion/autoware.ai/src/drivers/awf_drivers/garmin -DCMAKE_BUILD_TYPE=Release -DCATKIN_INSTALL_INTO_PREFIX_ROOT=0 -DCMAKE_INSTALL_PREFIX=/home/yeap/APC_2022_Prac/airsimversion/autoware.ai/install/garmin
[0.099s] -- The C compiler identification is GNU 7.5.0
[0.173s] -- The CXX compiler identification is GNU 7.5.0
[0.178s] -- Check for working C compiler: /usr/bin/cc
[0.253s] -- Check for working C compiler: /usr/bin/cc -- works
[0.256s] -- Detecting C compiler ABI info
[0.333s] -- Detecting C compiler ABI info - done
[0.339s] -- Detecting C compile features
[0.557s] -- Detecting C compile features - done
[0.561s] -- Check for working CXX compiler: /usr/bin/c++
[0.644s] -- Check for working CXX compiler: /usr/bin/c++ -- works
[0.645s] -- Detecting CXX compiler ABI info
[0.733s] -- Detecting CXX compiler ABI info - done
[0.740s] -- Detecting CXX compile features
[1.105s] -- Detecting CXX compile features - done
[1.108s] -- CUDA compilation status: .
[1.109s] -- Using CATKIN_DEVEL_PREFIX: /home/yeap/APC_2022_Prac/airsimversion/autoware.ai/build/garmin/devel
[1.110s] -- Using CMAKE_PREFIX_PATH: /home/yeap/APC_2022_Prac/airsimversion/autoware.ai/install/autoware_build_flags;/opt/ros/melodic
[1.110s] -- This workspace overlays: /home/yeap/APC_2022_Prac/airsimversion/autoware.ai/install/autoware_build_flags;/opt/ros/melodic
[1.127s] -- Found PythonInterp: /usr/bin/python2 (found suitable version "2.7.17", minimum required is "2") 
[1.127s] -- Using PYTHON_EXECUTABLE: /usr/bin/python2
[1.128s] -- Using Debian Python package layout
[1.128s] -- Using empy: /usr/bin/empy
[1.302s] -- Using CATKIN_ENABLE_TESTING: ON
[1.302s] -- Call enable_testing()
[1.311s] -- Using CATKIN_TEST_RESULTS_DIR: /home/yeap/APC_2022_Prac/airsimversion/autoware.ai/build/garmin/test_results
[1.328s] -- Found gtest sources under '/usr/src/googletest': gtests will be built
[1.328s] -- Found gmock sources under '/usr/src/googletest': gmock will be built
[1.347s] -- Found PythonInterp: /usr/bin/python2 (found version "2.7.17") 
[1.347s] -- Looking for pthread.h
[1.429s] -- Looking for pthread.h - found
[1.430s] -- Looking for pthread_create
[1.509s] -- Looking for pthread_create - not found
[1.509s] -- Looking for pthread_create in pthreads
[1.573s] -- Looking for pthread_create in pthreads - not found
[1.574s] -- Looking for pthread_create in pthread
[1.652s] -- Looking for pthread_create in pthread - found
[1.653s] -- Found Threads: TRUE  
[1.659s] -- Using Python nosetests: /usr/bin/nosetests-2.7
[1.711s] -- catkin 0.7.29
[1.711s] -- BUILD_SHARED_LIBS is on
[2.060s] -- Configuring done
[2.083s] -- Generating done
[2.089s] -- Build files have been written to: /home/yeap/APC_2022_Prac/airsimversion/autoware.ai/build/garmin
[2.097s] Invoked command in '/home/yeap/APC_2022_Prac/airsimversion/autoware.ai/build/garmin' returned '0': CMAKE_PREFIX_PATH=/home/yeap/APC_2022_Prac/airsimversion/autoware.ai/install/autoware_build_flags:${CMAKE_PREFIX_PATH} PKG_CONFIG_PATH=/home/yeap/APC_2022_Prac/airsimversion/autoware.ai/install/autoware_build_flags/lib/x86_64-linux-gnu/pkgconfig:/home/yeap/APC_2022_Prac/airsimversion/autoware.ai/install/autoware_build_flags/lib/pkgconfig:${PKG_CONFIG_PATH} ROS_PACKAGE_PATH=/home/yeap/APC_2022_Prac/airsimversion/autoware.ai/install/autoware_build_flags/share:${ROS_PACKAGE_PATH} /usr/bin/cmake /home/yeap/APC_2022_Prac/airsimversion/autoware.ai/src/drivers/awf_drivers/garmin -DCMAKE_BUILD_TYPE=Release -DCATKIN_INSTALL_INTO_PREFIX_ROOT=0 -DCMAKE_INSTALL_PREFIX=/home/yeap/APC_2022_Prac/airsimversion/autoware.ai/install/garmin
[2.098s] Invoking command in '/home/yeap/APC_2022_Prac/airsimversion/autoware.ai/build/garmin': CMAKE_PREFIX_PATH=/home/yeap/APC_2022_Prac/airsimversion/autoware.ai/install/autoware_build_flags:${CMAKE_PREFIX_PATH} PKG_CONFIG_PATH=/home/yeap/APC_2022_Prac/airsimversion/autoware.ai/install/autoware_build_flags/lib/x86_64-linux-gnu/pkgconfig:/home/yeap/APC_2022_Prac/airsimversion/autoware.ai/install/autoware_build_flags/lib/pkgconfig:${PKG_CONFIG_PATH} ROS_PACKAGE_PATH=/home/yeap/APC_2022_Prac/airsimversion/autoware.ai/install/autoware_build_flags/share:${ROS_PACKAGE_PATH} /usr/bin/cmake --build /home/yeap/APC_2022_Prac/airsimversion/autoware.ai/build/garmin -- -j6 -l6
[2.147s] [35m[1mScanning dependencies of target garmin_gps_18x_lvc[0m
[2.174s] [ 50%] [32mBuilding CXX object CMakeFiles/garmin_gps_18x_lvc.dir/src/garmin_gps_18x_lvc.cc.o[0m
[6.990s] [100%] [32m[1mLinking CXX executable devel/lib/garmin/garmin_gps_18x_lvc[0m
[7.184s] [100%] Built target garmin_gps_18x_lvc
[7.200s] Invoked command in '/home/yeap/APC_2022_Prac/airsimversion/autoware.ai/build/garmin' returned '0': CMAKE_PREFIX_PATH=/home/yeap/APC_2022_Prac/airsimversion/autoware.ai/install/autoware_build_flags:${CMAKE_PREFIX_PATH} PKG_CONFIG_PATH=/home/yeap/APC_2022_Prac/airsimversion/autoware.ai/install/autoware_build_flags/lib/x86_64-linux-gnu/pkgconfig:/home/yeap/APC_2022_Prac/airsimversion/autoware.ai/install/autoware_build_flags/lib/pkgconfig:${PKG_CONFIG_PATH} ROS_PACKAGE_PATH=/home/yeap/APC_2022_Prac/airsimversion/autoware.ai/install/autoware_build_flags/share:${ROS_PACKAGE_PATH} /usr/bin/cmake --build /home/yeap/APC_2022_Prac/airsimversion/autoware.ai/build/garmin -- -j6 -l6
[7.253s] Invoking command in '/home/yeap/APC_2022_Prac/airsimversion/autoware.ai/build/garmin': CMAKE_PREFIX_PATH=/home/yeap/APC_2022_Prac/airsimversion/autoware.ai/install/autoware_build_flags:${CMAKE_PREFIX_PATH} PKG_CONFIG_PATH=/home/yeap/APC_2022_Prac/airsimversion/autoware.ai/install/autoware_build_flags/lib/x86_64-linux-gnu/pkgconfig:/home/yeap/APC_2022_Prac/airsimversion/autoware.ai/install/autoware_build_flags/lib/pkgconfig:${PKG_CONFIG_PATH} ROS_PACKAGE_PATH=/home/yeap/APC_2022_Prac/airsimversion/autoware.ai/install/autoware_build_flags/share:${ROS_PACKAGE_PATH} /usr/bin/cmake --build /home/yeap/APC_2022_Prac/airsimversion/autoware.ai/build/garmin --target tests -- -j6 -l6
[7.313s] [35m[1mScanning dependencies of target tests[0m
[7.325s] Built target tests
[7.340s] Invoked command in '/home/yeap/APC_2022_Prac/airsimversion/autoware.ai/build/garmin' returned '0': CMAKE_PREFIX_PATH=/home/yeap/APC_2022_Prac/airsimversion/autoware.ai/install/autoware_build_flags:${CMAKE_PREFIX_PATH} PKG_CONFIG_PATH=/home/yeap/APC_2022_Prac/airsimversion/autoware.ai/install/autoware_build_flags/lib/x86_64-linux-gnu/pkgconfig:/home/yeap/APC_2022_Prac/airsimversion/autoware.ai/install/autoware_build_flags/lib/pkgconfig:${PKG_CONFIG_PATH} ROS_PACKAGE_PATH=/home/yeap/APC_2022_Prac/airsimversion/autoware.ai/install/autoware_build_flags/share:${ROS_PACKAGE_PATH} /usr/bin/cmake --build /home/yeap/APC_2022_Prac/airsimversion/autoware.ai/build/garmin --target tests -- -j6 -l6
[7.400s] Invoking command in '/home/yeap/APC_2022_Prac/airsimversion/autoware.ai/build/garmin': CMAKE_PREFIX_PATH=/home/yeap/APC_2022_Prac/airsimversion/autoware.ai/install/autoware_build_flags:${CMAKE_PREFIX_PATH} PKG_CONFIG_PATH=/home/yeap/APC_2022_Prac/airsimversion/autoware.ai/install/autoware_build_flags/lib/x86_64-linux-gnu/pkgconfig:/home/yeap/APC_2022_Prac/airsimversion/autoware.ai/install/autoware_build_flags/lib/pkgconfig:${PKG_CONFIG_PATH} ROS_PACKAGE_PATH=/home/yeap/APC_2022_Prac/airsimversion/autoware.ai/install/autoware_build_flags/share:${ROS_PACKAGE_PATH} /usr/bin/cmake --build /home/yeap/APC_2022_Prac/airsimversion/autoware.ai/build/garmin --target install -- -j6 -l6
[7.463s] [100%] Built target garmin_gps_18x_lvc
[7.485s] [36mInstall the project...[0m
[7.495s] -- Install configuration: "Release"
[7.496s] -- Installing: /home/yeap/APC_2022_Prac/airsimversion/autoware.ai/install/garmin/lib/pkgconfig/garmin.pc
[7.496s] -- Installing: /home/yeap/APC_2022_Prac/airsimversion/autoware.ai/install/garmin/share/garmin/cmake/garminConfig.cmake
[7.497s] -- Installing: /home/yeap/APC_2022_Prac/airsimversion/autoware.ai/install/garmin/share/garmin/cmake/garminConfig-version.cmake
[7.497s] -- Installing: /home/yeap/APC_2022_Prac/airsimversion/autoware.ai/install/garmin/share/garmin/package.xml
[7.497s] -- Installing: /home/yeap/APC_2022_Prac/airsimversion/autoware.ai/install/garmin/lib/garmin/garmin_gps_18x_lvc
[7.498s] -- Set runtime path of "/home/yeap/APC_2022_Prac/airsimversion/autoware.ai/install/garmin/lib/garmin/garmin_gps_18x_lvc" to ""
[7.505s] Invoked command in '/home/yeap/APC_2022_Prac/airsimversion/autoware.ai/build/garmin' returned '0': CMAKE_PREFIX_PATH=/home/yeap/APC_2022_Prac/airsimversion/autoware.ai/install/autoware_build_flags:${CMAKE_PREFIX_PATH} PKG_CONFIG_PATH=/home/yeap/APC_2022_Prac/airsimversion/autoware.ai/install/autoware_build_flags/lib/x86_64-linux-gnu/pkgconfig:/home/yeap/APC_2022_Prac/airsimversion/autoware.ai/install/autoware_build_flags/lib/pkgconfig:${PKG_CONFIG_PATH} ROS_PACKAGE_PATH=/home/yeap/APC_2022_Prac/airsimversion/autoware.ai/install/autoware_build_flags/share:${ROS_PACKAGE_PATH} /usr/bin/cmake --build /home/yeap/APC_2022_Prac/airsimversion/autoware.ai/build/garmin --target install -- -j6 -l6
