[0.013s] Invoking command in '/home/yeap/APC_2022_Prac/airsimversion/autoware.ai/build/vehicle_description': /usr/bin/cmake /home/yeap/APC_2022_Prac/airsimversion/autoware.ai/src/autoware/visualization/vehicle_description -DCMAKE_BUILD_TYPE=Release -DCATKIN_INSTALL_INTO_PREFIX_ROOT=0 -DCMAKE_INSTALL_PREFIX=/home/yeap/APC_2022_Prac/airsimversion/autoware.ai/install/vehicle_description
[0.107s] -- The C compiler identification is GNU 7.5.0
[0.170s] -- The CXX compiler identification is GNU 7.5.0
[0.175s] -- Check for working C compiler: /usr/bin/cc
[0.247s] -- Check for working C compiler: /usr/bin/cc -- works
[0.248s] -- Detecting C compiler ABI info
[0.321s] -- Detecting C compiler ABI info - done
[0.331s] -- Detecting C compile features
[0.556s] -- Detecting C compile features - done
[0.556s] -- Check for working CXX compiler: /usr/bin/c++
[0.648s] -- Check for working CXX compiler: /usr/bin/c++ -- works
[0.648s] -- Detecting CXX compiler ABI info
[0.740s] -- Detecting CXX compiler ABI info - done
[0.743s] -- Detecting CXX compile features
[1.130s] -- Detecting CXX compile features - done
[1.133s] -- Using CATKIN_DEVEL_PREFIX: /home/yeap/APC_2022_Prac/airsimversion/autoware.ai/build/vehicle_description/devel
[1.134s] -- Using CMAKE_PREFIX_PATH: /opt/ros/melodic
[1.134s] -- This workspace overlays: /opt/ros/melodic
[1.150s] -- Found PythonInterp: /usr/bin/python2 (found suitable version "2.7.17", minimum required is "2") 
[1.151s] -- Using PYTHON_EXECUTABLE: /usr/bin/python2
[1.151s] -- Using Debian Python package layout
[1.152s] -- Using empy: /usr/bin/empy
[1.348s] -- Using CATKIN_ENABLE_TESTING: ON
[1.348s] -- Call enable_testing()
[1.351s] -- Using CATKIN_TEST_RESULTS_DIR: /home/yeap/APC_2022_Prac/airsimversion/autoware.ai/build/vehicle_description/test_results
[1.376s] -- Found gtest sources under '/usr/src/googletest': gtests will be built
[1.376s] -- Found gmock sources under '/usr/src/googletest': gmock will be built
[1.392s] -- Found PythonInterp: /usr/bin/python2 (found version "2.7.17") 
[1.394s] -- Looking for pthread.h
[1.486s] -- Looking for pthread.h - found
[1.487s] -- Looking for pthread_create
[1.575s] -- Looking for pthread_create - not found
[1.575s] -- Looking for pthread_create in pthreads
[1.643s] -- Looking for pthread_create in pthreads - not found
[1.644s] -- Looking for pthread_create in pthread
[1.727s] -- Looking for pthread_create in pthread - found
[1.729s] -- Found Threads: TRUE  
[1.734s] -- Using Python nosetests: /usr/bin/nosetests-2.7
[1.784s] -- catkin 0.7.29
[1.784s] -- BUILD_SHARED_LIBS is on
[2.017s] -- Configuring done
[2.031s] -- Generating done
[2.033s] -- Build files have been written to: /home/yeap/APC_2022_Prac/airsimversion/autoware.ai/build/vehicle_description
[2.041s] Invoked command in '/home/yeap/APC_2022_Prac/airsimversion/autoware.ai/build/vehicle_description' returned '0': /usr/bin/cmake /home/yeap/APC_2022_Prac/airsimversion/autoware.ai/src/autoware/visualization/vehicle_description -DCMAKE_BUILD_TYPE=Release -DCATKIN_INSTALL_INTO_PREFIX_ROOT=0 -DCMAKE_INSTALL_PREFIX=/home/yeap/APC_2022_Prac/airsimversion/autoware.ai/install/vehicle_description
[2.043s] Invoking command in '/home/yeap/APC_2022_Prac/airsimversion/autoware.ai/build/vehicle_description': /usr/bin/cmake --build /home/yeap/APC_2022_Prac/airsimversion/autoware.ai/build/vehicle_description -- -j6 -l6
[2.089s] [35m[1mScanning dependencies of target vehicle_description_xacro_generated_to_devel_space_[0m
[2.100s] Built target vehicle_description_xacro_generated_to_devel_space_
[2.116s] Invoked command in '/home/yeap/APC_2022_Prac/airsimversion/autoware.ai/build/vehicle_description' returned '0': /usr/bin/cmake --build /home/yeap/APC_2022_Prac/airsimversion/autoware.ai/build/vehicle_description -- -j6 -l6
[2.155s] Invoking command in '/home/yeap/APC_2022_Prac/airsimversion/autoware.ai/build/vehicle_description': /usr/bin/cmake --build /home/yeap/APC_2022_Prac/airsimversion/autoware.ai/build/vehicle_description --target tests -- -j6 -l6
[2.213s] [35m[1mScanning dependencies of target tests[0m
[2.227s] Built target tests
[2.243s] Invoked command in '/home/yeap/APC_2022_Prac/airsimversion/autoware.ai/build/vehicle_description' returned '0': /usr/bin/cmake --build /home/yeap/APC_2022_Prac/airsimversion/autoware.ai/build/vehicle_description --target tests -- -j6 -l6
[2.279s] Invoking command in '/home/yeap/APC_2022_Prac/airsimversion/autoware.ai/build/vehicle_description': /usr/bin/cmake --build /home/yeap/APC_2022_Prac/airsimversion/autoware.ai/build/vehicle_description --target install -- -j6 -l6
[2.337s] Built target vehicle_description_xacro_generated_to_devel_space_
[2.358s] [36mInstall the project...[0m
[2.368s] -- Install configuration: "Release"
[2.369s] -- Installing: /home/yeap/APC_2022_Prac/airsimversion/autoware.ai/install/vehicle_description/lib/pkgconfig/vehicle_description.pc
[2.369s] -- Installing: /home/yeap/APC_2022_Prac/airsimversion/autoware.ai/install/vehicle_description/share/vehicle_description/cmake/vehicle_descriptionConfig.cmake
[2.370s] -- Installing: /home/yeap/APC_2022_Prac/airsimversion/autoware.ai/install/vehicle_description/share/vehicle_description/cmake/vehicle_descriptionConfig-version.cmake
[2.370s] -- Installing: /home/yeap/APC_2022_Prac/airsimversion/autoware.ai/install/vehicle_description/share/vehicle_description/package.xml
[2.371s] -- Installing: /home/yeap/APC_2022_Prac/airsimversion/autoware.ai/install/vehicle_description/share/vehicle_description/launch
[2.371s] -- Installing: /home/yeap/APC_2022_Prac/airsimversion/autoware.ai/install/vehicle_description/share/vehicle_description/launch/vehicle_model.launch
[2.373s] -- Installing: /home/yeap/APC_2022_Prac/airsimversion/autoware.ai/install/vehicle_description/share/vehicle_description/launch/lexus.launch
[2.374s] -- Installing: /home/yeap/APC_2022_Prac/airsimversion/autoware.ai/install/vehicle_description/share/vehicle_description/launch/estima_white.launch
[2.374s] -- Installing: /home/yeap/APC_2022_Prac/airsimversion/autoware.ai/install/vehicle_description/share/vehicle_description/launch/estima_gray.launch
[2.375s] -- Installing: /home/yeap/APC_2022_Prac/airsimversion/autoware.ai/install/vehicle_description/share/vehicle_description/launch/milee.launch
[2.375s] -- Installing: /home/yeap/APC_2022_Prac/airsimversion/autoware.ai/install/vehicle_description/share/vehicle_description/launch/estima_black.launch
[2.376s] -- Installing: /home/yeap/APC_2022_Prac/airsimversion/autoware.ai/install/vehicle_description/share/vehicle_description/mesh
[2.376s] -- Installing: /home/yeap/APC_2022_Prac/airsimversion/autoware.ai/install/vehicle_description/share/vehicle_description/mesh/estima_bg_black.jpg
[2.377s] -- Installing: /home/yeap/APC_2022_Prac/airsimversion/autoware.ai/install/vehicle_description/share/vehicle_description/mesh/estima_gray.dae
[2.385s] -- Installing: /home/yeap/APC_2022_Prac/airsimversion/autoware.ai/install/vehicle_description/share/vehicle_description/mesh/estima_bg_gray.jpg
[2.385s] -- Installing: /home/yeap/APC_2022_Prac/airsimversion/autoware.ai/install/vehicle_description/share/vehicle_description/mesh/CAR_original.stl
[2.392s] -- Installing: /home/yeap/APC_2022_Prac/airsimversion/autoware.ai/install/vehicle_description/share/vehicle_description/mesh/estima_right_white.jpg
[2.393s] -- Installing: /home/yeap/APC_2022_Prac/airsimversion/autoware.ai/install/vehicle_description/share/vehicle_description/mesh/xe.dae
[2.437s] -- Installing: /home/yeap/APC_2022_Prac/airsimversion/autoware.ai/install/vehicle_description/share/vehicle_description/mesh/lexus.jpg
[2.438s] -- Installing: /home/yeap/APC_2022_Prac/airsimversion/autoware.ai/install/vehicle_description/share/vehicle_description/mesh/CAR_original.dae
[2.443s] -- Installing: /home/yeap/APC_2022_Prac/airsimversion/autoware.ai/install/vehicle_description/share/vehicle_description/mesh/_51225ex2diffuse.jpeg
[2.444s] -- Installing: /home/yeap/APC_2022_Prac/airsimversion/autoware.ai/install/vehicle_description/share/vehicle_description/mesh/estima_right_black.jpg
[2.445s] -- Installing: /home/yeap/APC_2022_Prac/airsimversion/autoware.ai/install/vehicle_description/share/vehicle_description/mesh/milee.dae
[2.453s] -- Installing: /home/yeap/APC_2022_Prac/airsimversion/autoware.ai/install/vehicle_description/share/vehicle_description/mesh/estima_black.dae
[2.462s] -- Installing: /home/yeap/APC_2022_Prac/airsimversion/autoware.ai/install/vehicle_description/share/vehicle_description/mesh/estima_left_white.jpg
[2.463s] -- Installing: /home/yeap/APC_2022_Prac/airsimversion/autoware.ai/install/vehicle_description/share/vehicle_description/mesh/default.dae
[2.470s] -- Installing: /home/yeap/APC_2022_Prac/airsimversion/autoware.ai/install/vehicle_description/share/vehicle_description/mesh/lexus.dae
[2.489s] -- Installing: /home/yeap/APC_2022_Prac/airsimversion/autoware.ai/install/vehicle_description/share/vehicle_description/mesh/estima_white.dae
[2.497s] -- Installing: /home/yeap/APC_2022_Prac/airsimversion/autoware.ai/install/vehicle_description/share/vehicle_description/mesh/prius.dae
[2.498s] -- Installing: /home/yeap/APC_2022_Prac/airsimversion/autoware.ai/install/vehicle_description/share/vehicle_description/mesh/estima_left_gray.jpg
[2.499s] -- Installing: /home/yeap/APC_2022_Prac/airsimversion/autoware.ai/install/vehicle_description/share/vehicle_description/mesh/_51225ex1diffuse.jpeg
[2.501s] -- Installing: /home/yeap/APC_2022_Prac/airsimversion/autoware.ai/install/vehicle_description/share/vehicle_description/mesh/estima_bg_white.jpg
[2.502s] -- Installing: /home/yeap/APC_2022_Prac/airsimversion/autoware.ai/install/vehicle_description/share/vehicle_description/mesh/estima_left_black.jpg
[2.502s] -- Installing: /home/yeap/APC_2022_Prac/airsimversion/autoware.ai/install/vehicle_description/share/vehicle_description/mesh/estima_right_gray.jpg
[2.503s] -- Installing: /home/yeap/APC_2022_Prac/airsimversion/autoware.ai/install/vehicle_description/share/vehicle_description/urdf
[2.504s] -- Installing: /home/yeap/APC_2022_Prac/airsimversion/autoware.ai/install/vehicle_description/share/vehicle_description/urdf/lexus.urdf
[2.504s] -- Installing: /home/yeap/APC_2022_Prac/airsimversion/autoware.ai/install/vehicle_description/share/vehicle_description/urdf/estima_black.urdf
[2.505s] -- Installing: /home/yeap/APC_2022_Prac/airsimversion/autoware.ai/install/vehicle_description/share/vehicle_description/urdf/milee.urdf
[2.506s] -- Installing: /home/yeap/APC_2022_Prac/airsimversion/autoware.ai/install/vehicle_description/share/vehicle_description/urdf/default.urdf
[2.506s] -- Installing: /home/yeap/APC_2022_Prac/airsimversion/autoware.ai/install/vehicle_description/share/vehicle_description/urdf/xe.urdf
[2.506s] -- Installing: /home/yeap/APC_2022_Prac/airsimversion/autoware.ai/install/vehicle_description/share/vehicle_description/urdf/prius.urdf
[2.507s] -- Installing: /home/yeap/APC_2022_Prac/airsimversion/autoware.ai/install/vehicle_description/share/vehicle_description/urdf/estima_gray.urdf
[2.507s] -- Installing: /home/yeap/APC_2022_Prac/airsimversion/autoware.ai/install/vehicle_description/share/vehicle_description/urdf/sim_default.urdf
[2.508s] -- Installing: /home/yeap/APC_2022_Prac/airsimversion/autoware.ai/install/vehicle_description/share/vehicle_description/urdf/estima_white.urdf
[2.515s] Invoked command in '/home/yeap/APC_2022_Prac/airsimversion/autoware.ai/build/vehicle_description' returned '0': /usr/bin/cmake --build /home/yeap/APC_2022_Prac/airsimversion/autoware.ai/build/vehicle_description --target install -- -j6 -l6
