[0.013s] Invoking command in '/home/yeap/APC_2022_Prac/airsimversion/autoware.ai/build/vehicle_sim_model': CMAKE_PREFIX_PATH=/home/yeap/APC_2022_Prac/airsimversion/autoware.ai/install/autoware_build_flags:${CMAKE_PREFIX_PATH} PKG_CONFIG_PATH=/home/yeap/APC_2022_Prac/airsimversion/autoware.ai/install/autoware_build_flags/lib/x86_64-linux-gnu/pkgconfig:/home/yeap/APC_2022_Prac/airsimversion/autoware.ai/install/autoware_build_flags/lib/pkgconfig:${PKG_CONFIG_PATH} ROS_PACKAGE_PATH=/home/yeap/APC_2022_Prac/airsimversion/autoware.ai/install/autoware_build_flags/share:${ROS_PACKAGE_PATH} /usr/bin/cmake /home/yeap/APC_2022_Prac/airsimversion/autoware.ai/src/autoware/common/vehicle_sim_model -DCMAKE_BUILD_TYPE=Release -DCATKIN_INSTALL_INTO_PREFIX_ROOT=0 -DCMAKE_INSTALL_PREFIX=/home/yeap/APC_2022_Prac/airsimversion/autoware.ai/install/vehicle_sim_model
[0.081s] -- The C compiler identification is GNU 7.5.0
[0.144s] -- The CXX compiler identification is GNU 7.5.0
[0.150s] -- Check for working C compiler: /usr/bin/cc
[0.225s] -- Check for working C compiler: /usr/bin/cc -- works
[0.225s] -- Detecting C compiler ABI info
[0.296s] -- Detecting C compiler ABI info - done
[0.307s] -- Detecting C compile features
[0.531s] -- Detecting C compile features - done
[0.535s] -- Check for working CXX compiler: /usr/bin/c++
[0.620s] -- Check for working CXX compiler: /usr/bin/c++ -- works
[0.622s] -- Detecting CXX compiler ABI info
[0.709s] -- Detecting CXX compiler ABI info - done
[0.718s] -- Detecting CXX compile features
[1.103s] -- Detecting CXX compile features - done
[1.105s] -- CUDA compilation status: .
[1.107s] -- Using CATKIN_DEVEL_PREFIX: /home/yeap/APC_2022_Prac/airsimversion/autoware.ai/build/vehicle_sim_model/devel
[1.108s] -- Using CMAKE_PREFIX_PATH: /home/yeap/APC_2022_Prac/airsimversion/autoware.ai/install/autoware_build_flags;/opt/ros/melodic
[1.108s] -- This workspace overlays: /home/yeap/APC_2022_Prac/airsimversion/autoware.ai/install/autoware_build_flags;/opt/ros/melodic
[1.125s] -- Found PythonInterp: /usr/bin/python2 (found suitable version "2.7.17", minimum required is "2") 
[1.125s] -- Using PYTHON_EXECUTABLE: /usr/bin/python2
[1.125s] -- Using Debian Python package layout
[1.126s] -- Using empy: /usr/bin/empy
[1.300s] -- Using CATKIN_ENABLE_TESTING: ON
[1.300s] -- Call enable_testing()
[1.303s] -- Using CATKIN_TEST_RESULTS_DIR: /home/yeap/APC_2022_Prac/airsimversion/autoware.ai/build/vehicle_sim_model/test_results
[1.326s] -- Found gtest sources under '/usr/src/googletest': gtests will be built
[1.327s] -- Found gmock sources under '/usr/src/googletest': gmock will be built
[1.341s] -- Found PythonInterp: /usr/bin/python2 (found version "2.7.17") 
[1.343s] -- Looking for pthread.h
[1.418s] -- Looking for pthread.h - found
[1.418s] -- Looking for pthread_create
[1.494s] -- Looking for pthread_create - not found
[1.494s] -- Looking for pthread_create in pthreads
[1.556s] -- Looking for pthread_create in pthreads - not found
[1.556s] -- Looking for pthread_create in pthread
[1.631s] -- Looking for pthread_create in pthread - found
[1.633s] -- Found Threads: TRUE  
[1.638s] -- Using Python nosetests: /usr/bin/nosetests-2.7
[1.688s] -- catkin 0.7.29
[1.688s] -- BUILD_SHARED_LIBS is on
[1.932s] -- Configuring done
[1.954s] -- Generating done
[1.959s] -- Build files have been written to: /home/yeap/APC_2022_Prac/airsimversion/autoware.ai/build/vehicle_sim_model
[1.970s] Invoked command in '/home/yeap/APC_2022_Prac/airsimversion/autoware.ai/build/vehicle_sim_model' returned '0': CMAKE_PREFIX_PATH=/home/yeap/APC_2022_Prac/airsimversion/autoware.ai/install/autoware_build_flags:${CMAKE_PREFIX_PATH} PKG_CONFIG_PATH=/home/yeap/APC_2022_Prac/airsimversion/autoware.ai/install/autoware_build_flags/lib/x86_64-linux-gnu/pkgconfig:/home/yeap/APC_2022_Prac/airsimversion/autoware.ai/install/autoware_build_flags/lib/pkgconfig:${PKG_CONFIG_PATH} ROS_PACKAGE_PATH=/home/yeap/APC_2022_Prac/airsimversion/autoware.ai/install/autoware_build_flags/share:${ROS_PACKAGE_PATH} /usr/bin/cmake /home/yeap/APC_2022_Prac/airsimversion/autoware.ai/src/autoware/common/vehicle_sim_model -DCMAKE_BUILD_TYPE=Release -DCATKIN_INSTALL_INTO_PREFIX_ROOT=0 -DCMAKE_INSTALL_PREFIX=/home/yeap/APC_2022_Prac/airsimversion/autoware.ai/install/vehicle_sim_model
[1.971s] Invoking command in '/home/yeap/APC_2022_Prac/airsimversion/autoware.ai/build/vehicle_sim_model': CMAKE_PREFIX_PATH=/home/yeap/APC_2022_Prac/airsimversion/autoware.ai/install/autoware_build_flags:${CMAKE_PREFIX_PATH} PKG_CONFIG_PATH=/home/yeap/APC_2022_Prac/airsimversion/autoware.ai/install/autoware_build_flags/lib/x86_64-linux-gnu/pkgconfig:/home/yeap/APC_2022_Prac/airsimversion/autoware.ai/install/autoware_build_flags/lib/pkgconfig:${PKG_CONFIG_PATH} ROS_PACKAGE_PATH=/home/yeap/APC_2022_Prac/airsimversion/autoware.ai/install/autoware_build_flags/share:${ROS_PACKAGE_PATH} /usr/bin/cmake --build /home/yeap/APC_2022_Prac/airsimversion/autoware.ai/build/vehicle_sim_model -- -j6 -l6
[2.026s] [35m[1mScanning dependencies of target _catkin_empty_exported_target[0m
[2.039s] [  0%] Built target _catkin_empty_exported_target
[2.051s] [35m[1mScanning dependencies of target vehicle_sim_model[0m
[2.066s] [ 20%] [32mBuilding CXX object CMakeFiles/vehicle_sim_model.dir/src/vehicle_model_interface.cpp.o[0m
[3.391s] [ 40%] [32mBuilding CXX object CMakeFiles/vehicle_sim_model.dir/src/vehicle_model_time_delay.cpp.o[0m
[4.406s] [ 60%] [32mBuilding CXX object CMakeFiles/vehicle_sim_model.dir/src/vehicle_model_constant_acceleration.cpp.o[0m
[5.193s] [ 80%] [32mBuilding CXX object CMakeFiles/vehicle_sim_model.dir/src/vehicle_model_ideal.cpp.o[0m
[6.011s] [100%] [32m[1mLinking CXX shared library devel/lib/libvehicle_sim_model.so[0m
[6.158s] [100%] Built target vehicle_sim_model
[6.176s] Invoked command in '/home/yeap/APC_2022_Prac/airsimversion/autoware.ai/build/vehicle_sim_model' returned '0': CMAKE_PREFIX_PATH=/home/yeap/APC_2022_Prac/airsimversion/autoware.ai/install/autoware_build_flags:${CMAKE_PREFIX_PATH} PKG_CONFIG_PATH=/home/yeap/APC_2022_Prac/airsimversion/autoware.ai/install/autoware_build_flags/lib/x86_64-linux-gnu/pkgconfig:/home/yeap/APC_2022_Prac/airsimversion/autoware.ai/install/autoware_build_flags/lib/pkgconfig:${PKG_CONFIG_PATH} ROS_PACKAGE_PATH=/home/yeap/APC_2022_Prac/airsimversion/autoware.ai/install/autoware_build_flags/share:${ROS_PACKAGE_PATH} /usr/bin/cmake --build /home/yeap/APC_2022_Prac/airsimversion/autoware.ai/build/vehicle_sim_model -- -j6 -l6
[6.240s] Invoking command in '/home/yeap/APC_2022_Prac/airsimversion/autoware.ai/build/vehicle_sim_model': CMAKE_PREFIX_PATH=/home/yeap/APC_2022_Prac/airsimversion/autoware.ai/install/autoware_build_flags:${CMAKE_PREFIX_PATH} PKG_CONFIG_PATH=/home/yeap/APC_2022_Prac/airsimversion/autoware.ai/install/autoware_build_flags/lib/x86_64-linux-gnu/pkgconfig:/home/yeap/APC_2022_Prac/airsimversion/autoware.ai/install/autoware_build_flags/lib/pkgconfig:${PKG_CONFIG_PATH} ROS_PACKAGE_PATH=/home/yeap/APC_2022_Prac/airsimversion/autoware.ai/install/autoware_build_flags/share:${ROS_PACKAGE_PATH} /usr/bin/cmake --build /home/yeap/APC_2022_Prac/airsimversion/autoware.ai/build/vehicle_sim_model --target tests -- -j6 -l6
[6.312s] [35m[1mScanning dependencies of target gtest[0m
[6.334s] [ 11%] [32mBuilding CXX object gtest/googlemock/gtest/CMakeFiles/gtest.dir/src/gtest-all.cc.o[0m
[11.605s] [ 22%] [32m[1mLinking CXX shared library libgtest.so[0m
[11.716s] [ 22%] Built target gtest
[11.738s] [ 22%] Built target _catkin_empty_exported_target
[11.760s] [ 77%] Built target vehicle_sim_model
[11.771s] [35m[1mScanning dependencies of target test-vehicle_sim_model[0m
[11.788s] [ 88%] [32mBuilding CXX object CMakeFiles/test-vehicle_sim_model.dir/test/src/test_vehicle_sim_model.cpp.o[0m
[13.814s] [100%] [32m[1mLinking CXX executable devel/lib/vehicle_sim_model/test-vehicle_sim_model[0m
[13.936s] [100%] Built target test-vehicle_sim_model
[13.947s] [35m[1mScanning dependencies of target tests[0m
[13.959s] [100%] Built target tests
[13.975s] Invoked command in '/home/yeap/APC_2022_Prac/airsimversion/autoware.ai/build/vehicle_sim_model' returned '0': CMAKE_PREFIX_PATH=/home/yeap/APC_2022_Prac/airsimversion/autoware.ai/install/autoware_build_flags:${CMAKE_PREFIX_PATH} PKG_CONFIG_PATH=/home/yeap/APC_2022_Prac/airsimversion/autoware.ai/install/autoware_build_flags/lib/x86_64-linux-gnu/pkgconfig:/home/yeap/APC_2022_Prac/airsimversion/autoware.ai/install/autoware_build_flags/lib/pkgconfig:${PKG_CONFIG_PATH} ROS_PACKAGE_PATH=/home/yeap/APC_2022_Prac/airsimversion/autoware.ai/install/autoware_build_flags/share:${ROS_PACKAGE_PATH} /usr/bin/cmake --build /home/yeap/APC_2022_Prac/airsimversion/autoware.ai/build/vehicle_sim_model --target tests -- -j6 -l6
[14.041s] Invoking command in '/home/yeap/APC_2022_Prac/airsimversion/autoware.ai/build/vehicle_sim_model': CMAKE_PREFIX_PATH=/home/yeap/APC_2022_Prac/airsimversion/autoware.ai/install/autoware_build_flags:${CMAKE_PREFIX_PATH} PKG_CONFIG_PATH=/home/yeap/APC_2022_Prac/airsimversion/autoware.ai/install/autoware_build_flags/lib/x86_64-linux-gnu/pkgconfig:/home/yeap/APC_2022_Prac/airsimversion/autoware.ai/install/autoware_build_flags/lib/pkgconfig:${PKG_CONFIG_PATH} ROS_PACKAGE_PATH=/home/yeap/APC_2022_Prac/airsimversion/autoware.ai/install/autoware_build_flags/share:${ROS_PACKAGE_PATH} /usr/bin/cmake --build /home/yeap/APC_2022_Prac/airsimversion/autoware.ai/build/vehicle_sim_model --target install -- -j6 -l6
[14.104s] [  0%] Built target _catkin_empty_exported_target
[14.132s] [100%] Built target vehicle_sim_model
[14.153s] [36mInstall the project...[0m
[14.162s] -- Install configuration: "Release"
[14.162s] -- Installing: /home/yeap/APC_2022_Prac/airsimversion/autoware.ai/install/vehicle_sim_model/lib/pkgconfig/vehicle_sim_model.pc
[14.163s] -- Installing: /home/yeap/APC_2022_Prac/airsimversion/autoware.ai/install/vehicle_sim_model/share/vehicle_sim_model/cmake/vehicle_sim_modelConfig.cmake
[14.163s] -- Installing: /home/yeap/APC_2022_Prac/airsimversion/autoware.ai/install/vehicle_sim_model/share/vehicle_sim_model/cmake/vehicle_sim_modelConfig-version.cmake
[14.163s] -- Installing: /home/yeap/APC_2022_Prac/airsimversion/autoware.ai/install/vehicle_sim_model/share/vehicle_sim_model/package.xml
[14.163s] -- Installing: /home/yeap/APC_2022_Prac/airsimversion/autoware.ai/install/vehicle_sim_model/lib/libvehicle_sim_model.so
[14.165s] -- Installing: /home/yeap/APC_2022_Prac/airsimversion/autoware.ai/install/vehicle_sim_model/include/vehicle_sim_model
[14.165s] -- Installing: /home/yeap/APC_2022_Prac/airsimversion/autoware.ai/install/vehicle_sim_model/include/vehicle_sim_model/vehicle_model_interface.h
[14.165s] -- Installing: /home/yeap/APC_2022_Prac/airsimversion/autoware.ai/install/vehicle_sim_model/include/vehicle_sim_model/vehicle_model_time_delay.h
[14.165s] -- Installing: /home/yeap/APC_2022_Prac/airsimversion/autoware.ai/install/vehicle_sim_model/include/vehicle_sim_model/vehicle_model_ideal.h
[14.165s] -- Installing: /home/yeap/APC_2022_Prac/airsimversion/autoware.ai/install/vehicle_sim_model/include/vehicle_sim_model/vehicle_model_constant_acceleration.h
[14.165s] -- Installing: /home/yeap/APC_2022_Prac/airsimversion/autoware.ai/install/vehicle_sim_model/lib/vehicle_sim_model/fitParamDelayInputModel.py
[14.173s] Invoked command in '/home/yeap/APC_2022_Prac/airsimversion/autoware.ai/build/vehicle_sim_model' returned '0': CMAKE_PREFIX_PATH=/home/yeap/APC_2022_Prac/airsimversion/autoware.ai/install/autoware_build_flags:${CMAKE_PREFIX_PATH} PKG_CONFIG_PATH=/home/yeap/APC_2022_Prac/airsimversion/autoware.ai/install/autoware_build_flags/lib/x86_64-linux-gnu/pkgconfig:/home/yeap/APC_2022_Prac/airsimversion/autoware.ai/install/autoware_build_flags/lib/pkgconfig:${PKG_CONFIG_PATH} ROS_PACKAGE_PATH=/home/yeap/APC_2022_Prac/airsimversion/autoware.ai/install/autoware_build_flags/share:${ROS_PACKAGE_PATH} /usr/bin/cmake --build /home/yeap/APC_2022_Prac/airsimversion/autoware.ai/build/vehicle_sim_model --target install -- -j6 -l6
