[0.015s] Invoking command in '/home/yeap/APC_2022_Prac/airsimversion/autoware.ai/build/ndt_cpu': /usr/bin/cmake /home/yeap/APC_2022_Prac/airsimversion/autoware.ai/src/autoware/core_perception/ndt_cpu -DCMAKE_BUILD_TYPE=Release -DCATKIN_INSTALL_INTO_PREFIX_ROOT=0 -DCMAKE_INSTALL_PREFIX=/home/yeap/APC_2022_Prac/airsimversion/autoware.ai/install/ndt_cpu
[0.089s] -- The C compiler identification is GNU 7.5.0
[0.155s] -- The CXX compiler identification is GNU 7.5.0
[0.160s] -- Check for working C compiler: /usr/bin/cc
[0.233s] -- Check for working C compiler: /usr/bin/cc -- works
[0.234s] -- Detecting C compiler ABI info
[0.314s] -- Detecting C compiler ABI info - done
[0.322s] -- Detecting C compile features
[0.544s] -- Detecting C compile features - done
[0.548s] -- Check for working CXX compiler: /usr/bin/c++
[0.633s] -- Check for working CXX compiler: /usr/bin/c++ -- works
[0.634s] -- Detecting CXX compiler ABI info
[0.719s] -- Detecting CXX compiler ABI info - done
[0.728s] -- Detecting CXX compile features
[1.102s] -- Detecting CXX compile features - done
[1.105s] -- Using CATKIN_DEVEL_PREFIX: /home/yeap/APC_2022_Prac/airsimversion/autoware.ai/build/ndt_cpu/devel
[1.105s] -- Using CMAKE_PREFIX_PATH: /opt/ros/melodic
[1.105s] -- This workspace overlays: /opt/ros/melodic
[1.122s] -- Found PythonInterp: /usr/bin/python2 (found suitable version "2.7.17", minimum required is "2") 
[1.122s] -- Using PYTHON_EXECUTABLE: /usr/bin/python2
[1.123s] -- Using Debian Python package layout
[1.123s] -- Using empy: /usr/bin/empy
[1.295s] -- Using CATKIN_ENABLE_TESTING: ON
[1.295s] -- Call enable_testing()
[1.297s] -- Using CATKIN_TEST_RESULTS_DIR: /home/yeap/APC_2022_Prac/airsimversion/autoware.ai/build/ndt_cpu/test_results
[1.324s] -- Found gtest sources under '/usr/src/googletest': gtests will be built
[1.325s] -- Found gmock sources under '/usr/src/googletest': gmock will be built
[1.340s] -- Found PythonInterp: /usr/bin/python2 (found version "2.7.17") 
[1.342s] -- Looking for pthread.h
[1.420s] -- Looking for pthread.h - found
[1.421s] -- Looking for pthread_create
[1.494s] -- Looking for pthread_create - not found
[1.494s] -- Looking for pthread_create in pthreads
[1.555s] -- Looking for pthread_create in pthreads - not found
[1.556s] -- Looking for pthread_create in pthread
[1.628s] -- Looking for pthread_create in pthread - found
[1.630s] -- Found Threads: TRUE  
[1.635s] -- Using Python nosetests: /usr/bin/nosetests-2.7
[1.684s] -- catkin 0.7.29
[1.684s] -- BUILD_SHARED_LIBS is on
[1.779s] -- Checking for module 'eigen3'
[1.827s] --   Found eigen3, version 3.3.4
[1.881s] -- Found eigen: /usr/include/eigen3  
[1.966s] -- Boost version: 1.65.1
[1.966s] -- Found the following Boost libraries:
[1.966s] --   system
[1.966s] --   filesystem
[1.967s] --   thread
[1.967s] --   date_time
[1.967s] --   iostreams
[1.967s] --   serialization
[1.967s] --   chrono
[1.967s] --   atomic
[1.968s] --   regex
[1.971s] -- Checking for module 'libopenni'
[1.991s] --   Found libopenni, version 1.5.4.0
[2.046s] -- Found openni: /usr/lib/libOpenNI.so  
[2.047s] -- Checking for module 'libopenni2'
[2.075s] --   Found libopenni2, version 2.2.0.3
[2.129s] -- Found OpenNI2: /usr/lib/libOpenNI2.so  
[2.136s] -- Could NOT find ensenso (missing: ENSENSO_LIBRARY ENSENSO_INCLUDE_DIR) 
[2.136s] ** WARNING ** io features related to ensenso will be disabled
[2.140s] -- Could NOT find DAVIDSDK (missing: DAVIDSDK_LIBRARY DAVIDSDK_INCLUDE_DIR) 
[2.141s] ** WARNING ** io features related to davidSDK will be disabled
[2.143s] -- Could NOT find DSSDK (missing: _DSSDK_LIBRARIES) 
[2.144s] ** WARNING ** io features related to dssdk will be disabled
[2.144s] ** WARNING ** io features related to pcap will be disabled
[2.145s] ** WARNING ** io features related to png will be disabled
[2.222s] -- The imported target "vtkRenderingPythonTkWidgets" references the file
[2.222s]    "/usr/lib/x86_64-linux-gnu/libvtkRenderingPythonTkWidgets.so"
[2.222s] but this file does not exist.  Possible reasons include:
[2.222s] * The file was deleted, renamed, or moved to another location.
[2.222s] * An install or uninstall procedure did not complete successfully.
[2.222s] * The installation package was faulty and contained
[2.223s]    "/usr/lib/cmake/vtk-6.3/VTKTargets.cmake"
[2.223s] but not all the files it references.
[2.223s] 
[2.224s] -- The imported target "vtk" references the file
[2.224s]    "/usr/bin/vtk"
[2.224s] but this file does not exist.  Possible reasons include:
[2.224s] * The file was deleted, renamed, or moved to another location.
[2.225s] * An install or uninstall procedure did not complete successfully.
[2.225s] * The installation package was faulty and contained
[2.225s]    "/usr/lib/cmake/vtk-6.3/VTKTargets.cmake"
[2.225s] but not all the files it references.
[2.225s] 
[2.339s] -- Found libusb-1.0: /usr/include  
[2.339s] ** WARNING ** io features related to libusb-1.0 will be disabled
[2.340s] -- Checking for module 'flann'
[2.367s] --   Found flann, version 1.9.1
[2.421s] -- Found Flann: /usr/lib/x86_64-linux-gnu/libflann_cpp_s.a  
[2.474s] -- Could NOT find ensenso (missing: ENSENSO_LIBRARY ENSENSO_INCLUDE_DIR) 
[2.474s] ** WARNING ** visualization features related to ensenso will be disabled
[2.479s] -- Could NOT find DAVIDSDK (missing: DAVIDSDK_LIBRARY DAVIDSDK_INCLUDE_DIR) 
[2.479s] ** WARNING ** visualization features related to davidSDK will be disabled
[2.481s] -- Could NOT find DSSDK (missing: _DSSDK_LIBRARIES) 
[2.481s] ** WARNING ** visualization features related to dssdk will be disabled
[2.482s] -- Could NOT find RSSDK (missing: _RSSDK_LIBRARIES) 
[2.483s] ** WARNING ** visualization features related to rssdk will be disabled
[2.528s] -- Found qhull: /usr/lib/x86_64-linux-gnu/libqhull.so  
[2.571s] -- looking for PCL_COMMON
[2.574s] -- Found PCL_COMMON: /usr/lib/x86_64-linux-gnu/libpcl_common.so  
[2.575s] -- looking for PCL_OCTREE
[2.578s] -- Found PCL_OCTREE: /usr/lib/x86_64-linux-gnu/libpcl_octree.so  
[2.578s] -- looking for PCL_IO
[2.581s] -- Found PCL_IO: /usr/lib/x86_64-linux-gnu/libpcl_io.so  
[2.581s] -- looking for PCL_KDTREE
[2.584s] -- Found PCL_KDTREE: /usr/lib/x86_64-linux-gnu/libpcl_kdtree.so  
[2.584s] -- looking for PCL_SEARCH
[2.587s] -- Found PCL_SEARCH: /usr/lib/x86_64-linux-gnu/libpcl_search.so  
[2.588s] -- looking for PCL_SAMPLE_CONSENSUS
[2.591s] -- Found PCL_SAMPLE_CONSENSUS: /usr/lib/x86_64-linux-gnu/libpcl_sample_consensus.so  
[2.591s] -- looking for PCL_FILTERS
[2.594s] -- Found PCL_FILTERS: /usr/lib/x86_64-linux-gnu/libpcl_filters.so  
[2.595s] -- looking for PCL_2D
[2.596s] -- Found PCL_2D: /usr/include/pcl-1.8  
[2.597s] -- looking for PCL_GEOMETRY
[2.598s] -- Found PCL_GEOMETRY: /usr/include/pcl-1.8  
[2.598s] -- looking for PCL_FEATURES
[2.601s] -- Found PCL_FEATURES: /usr/lib/x86_64-linux-gnu/libpcl_features.so  
[2.602s] -- looking for PCL_ML
[2.604s] -- Found PCL_ML: /usr/lib/x86_64-linux-gnu/libpcl_ml.so  
[2.605s] -- looking for PCL_SEGMENTATION
[2.609s] -- Found PCL_SEGMENTATION: /usr/lib/x86_64-linux-gnu/libpcl_segmentation.so  
[2.610s] -- looking for PCL_VISUALIZATION
[2.613s] -- Found PCL_VISUALIZATION: /usr/lib/x86_64-linux-gnu/libpcl_visualization.so  
[2.614s] -- looking for PCL_SURFACE
[2.618s] -- Found PCL_SURFACE: /usr/lib/x86_64-linux-gnu/libpcl_surface.so  
[2.619s] -- looking for PCL_REGISTRATION
[2.621s] -- Found PCL_REGISTRATION: /usr/lib/x86_64-linux-gnu/libpcl_registration.so  
[2.622s] -- looking for PCL_KEYPOINTS
[2.625s] -- Found PCL_KEYPOINTS: /usr/lib/x86_64-linux-gnu/libpcl_keypoints.so  
[2.626s] -- looking for PCL_TRACKING
[2.629s] -- Found PCL_TRACKING: /usr/lib/x86_64-linux-gnu/libpcl_tracking.so  
[2.630s] -- looking for PCL_RECOGNITION
[2.632s] -- Found PCL_RECOGNITION: /usr/lib/x86_64-linux-gnu/libpcl_recognition.so  
[2.634s] -- looking for PCL_STEREO
[2.636s] -- Found PCL_STEREO: /usr/lib/x86_64-linux-gnu/libpcl_stereo.so  
[2.637s] -- looking for PCL_APPS
[2.640s] -- Found PCL_APPS: /usr/lib/x86_64-linux-gnu/libpcl_apps.so  
[2.644s] -- looking for PCL_IN_HAND_SCANNER
[2.645s] -- Found PCL_IN_HAND_SCANNER: /usr/include/pcl-1.8  
[2.645s] -- looking for PCL_MODELER
[2.647s] -- Found PCL_MODELER: /usr/include/pcl-1.8  
[2.647s] -- looking for PCL_POINT_CLOUD_EDITOR
[2.649s] -- Found PCL_POINT_CLOUD_EDITOR: /usr/include/pcl-1.8  
[2.649s] -- looking for PCL_OUTOFCORE
[2.652s] -- Found PCL_OUTOFCORE: /usr/lib/x86_64-linux-gnu/libpcl_outofcore.so  
[2.653s] -- looking for PCL_PEOPLE
[2.656s] -- Found PCL_PEOPLE: /usr/lib/x86_64-linux-gnu/libpcl_people.so  
[2.686s] -- Found PCL: /usr/lib/x86_64-linux-gnu/libboost_system.so;/usr/lib/x86_64-linux-gnu/libboost_filesystem.so;/usr/lib/x86_64-linux-gnu/libboost_thread.so;/usr/lib/x86_64-linux-gnu/libboost_date_time.so;/usr/lib/x86_64-linux-gnu/libboost_iostreams.so;/usr/lib/x86_64-linux-gnu/libboost_serialization.so;/usr/lib/x86_64-linux-gnu/libboost_chrono.so;/usr/lib/x86_64-linux-gnu/libboost_atomic.so;/usr/lib/x86_64-linux-gnu/libboost_regex.so;/usr/lib/x86_64-linux-gnu/libpthread.so;optimized;/usr/lib/x86_64-linux-gnu/libpcl_common.so;debug;/usr/lib/x86_64-linux-gnu/libpcl_common.so;optimized;/usr/lib/x86_64-linux-gnu/libpcl_octree.so;debug;/usr/lib/x86_64-linux-gnu/libpcl_octree.so;/usr/lib/libOpenNI.so;/usr/lib/libOpenNI2.so;vtkChartsCore;vtkCommonColor;vtkCommonDataModel;vtkCommonMath;vtkCommonCore;vtksys;vtkCommonMisc;vtkCommonSystem;vtkCommonTransforms;vtkInfovisCore;vtkFiltersExtraction;vtkCommonExecutionModel;vtkFiltersCore;vtkFiltersGeneral;vtkCommonComputationalGeometry;vtkFiltersStatistics;vtkImagingFourier;vtkImagingCore;vtkalglib;vtkRenderingContext2D;vtkRenderingCore;vtkFiltersGeometry;vtkFiltersSources;vtkRenderingFreeType;/usr/lib/x86_64-linux-gnu/libfreetype.so;/usr/lib/x86_64-linux-gnu/libz.so;vtkftgl;vtkDICOMParser;vtkDomainsChemistry;vtkIOXML;vtkIOGeometry;vtkIOCore;vtkIOXMLParser;/usr/lib/x86_64-linux-gnu/libexpat.so;vtkFiltersAMR;vtkParallelCore;vtkIOLegacy;vtkFiltersFlowPaths;vtkFiltersGeneric;vtkFiltersHybrid;vtkImagingSources;vtkFiltersHyperTree;vtkFiltersImaging;vtkImagingGeneral;vtkFiltersModeling;vtkFiltersParallel;vtkFiltersParallelFlowPaths;vtkParallelMPI;vtkFiltersParallelGeometry;vtkFiltersParallelImaging;vtkFiltersParallelMPI;vtkFiltersParallelStatistics;vtkFiltersProgrammable;vtkFiltersPython;/usr/lib/x86_64-linux-gnu/libpython2.7.so;vtkWrappingPythonCore;vtkWrappingTools;vtkFiltersReebGraph;vtkFiltersSMP;vtkFiltersSelection;vtkFiltersTexture;vtkFiltersVerdict;verdict;vtkGUISupportQt;vtkInteractionStyle;vtkRenderingOpenGL;vtkImagingHybrid;vtkIOImage;vtkmetaio;/usr/lib/x86_64-linux-gnu/libjpeg.so;/usr/lib/x86_64-linux-gnu/libpng.so;/usr/lib/x86_64-linux-gnu/libtiff.so;vtkGUISupportQtOpenGL;vtkGUISupportQtSQL;vtkIOSQL;sqlite3;vtkGUISupportQtWebkit;vtkViewsQt;vtkViewsInfovis;vtkInfovisLayout;vtkInfovisBoostGraphAlgorithms;vtkRenderingLabel;vtkViewsCore;vtkInteractionWidgets;vtkRenderingAnnotation;vtkImagingColor;vtkRenderingVolume;vtkGeovisCore;/usr/lib/x86_64-linux-gnu/libproj.so;vtkIOAMR;/usr/lib/x86_64-linux-gnu/hdf5/openmpi/libhdf5.so;/usr/lib/x86_64-linux-gnu/libsz.so;/usr/lib/x86_64-linux-gnu/libdl.so;/usr/lib/x86_64-linux-gnu/libm.so;/usr/lib/x86_64-linux-gnu/openmpi/lib/libmpi.so;vtkIOEnSight;vtkIOExodus;vtkexoIIc;/usr/lib/x86_64-linux-gnu/libnetcdf_c++.so;/usr/lib/x86_64-linux-gnu/libnetcdf.so;vtkIOExport;vtkRenderingGL2PS;vtkRenderingContextOpenGL;/usr/lib/x86_64-linux-gnu/libgl2ps.so;vtkIOFFMPEG;vtkIOMovie;/usr/lib/x86_64-linux-gnu/libtheoraenc.so;/usr/lib/x86_64-linux-gnu/libtheoradec.so;/usr/lib/x86_64-linux-gnu/libogg.so;vtkIOGDAL;vtkIOGeoJSON;vtkIOImport;vtkIOInfovis;/usr/lib/x86_64-linux-gnu/libxml2.so;vtkIOLSDyna;vtkIOMINC;vtkIOMPIImage;vtkIOMPIParallel;vtkIOParallel;vtkIONetCDF;/usr/lib/x86_64-linux-gnu/libjsoncpp.so;vtkIOMySQL;vtkIOODBC;vtkIOPLY;vtkIOParallelExodus;vtkIOParallelLSDyna;vtkIOParallelNetCDF;vtkIOParallelXML;vtkIOPostgreSQL;vtkIOVPIC;VPIC;vtkIOVideo;vtkIOXdmf2;vtkxdmf2;vtkImagingMath;vtkImagingMorphological;vtkImagingStatistics;vtkImagingStencil;vtkInteractionImage;vtkLocalExample;vtkParallelMPI4Py;vtkPythonInterpreter;vtkRenderingExternal;vtkRenderingFreeTypeFontConfig;vtkRenderingImage;vtkRenderingLIC;vtkRenderingLOD;vtkRenderingMatplotlib;vtkRenderingParallel;vtkRenderingParallelLIC;vtkRenderingQt;vtkRenderingVolumeAMR;vtkRenderingVolumeOpenGL;vtkTestingGenericBridge;vtkTestingIOSQL;vtkTestingRendering;vtkViewsContext2D;vtkViewsGeovis;vtkWrappingJava;optimized;/usr/lib/x86_64-linux-gnu/libpcl_io.so;debug;/usr/lib/x86_64-linux-gnu/libpcl_io.so;optimized;/usr/lib/x86_64-linux-gnu/libflann_cpp_s.a;debug;/usr/lib/x86_64-linux-gnu/libflann_cpp_s.a;optimized;/usr/lib/x86_64-linux-gnu/libpcl_kdtree.so;debug;/usr/lib/x86_64-linux-gnu/libpcl_kdtree.so;optimized;/usr/lib/x86_64-linux-gnu/libpcl_search.so;debug;/usr/lib/x86_64-linux-gnu/libpcl_search.so;optimized;/usr/lib/x86_64-linux-gnu/libpcl_sample_consensus.so;debug;/usr/lib/x86_64-linux-gnu/libpcl_sample_consensus.so;optimized;/usr/lib/x86_64-linux-gnu/libpcl_filters.so;debug;/usr/lib/x86_64-linux-gnu/libpcl_filters.so;optimized;/usr/lib/x86_64-linux-gnu/libpcl_features.so;debug;/usr/lib/x86_64-linux-gnu/libpcl_features.so;optimized;/usr/lib/x86_64-linux-gnu/libpcl_ml.so;debug;/usr/lib/x86_64-linux-gnu/libpcl_ml.so;optimized;/usr/lib/x86_64-linux-gnu/libpcl_segmentation.so;debug;/usr/lib/x86_64-linux-gnu/libpcl_segmentation.so;optimized;/usr/lib/x86_64-linux-gnu/libpcl_visualization.so;debug;/usr/lib/x86_64-linux-gnu/libpcl_visualization.so;optimized;/usr/lib/x86_64-linux-gnu/libqhull.so;debug;/usr/lib/x86_64-linux-gnu/libqhull.so;optimized;/usr/lib/x86_64-linux-gnu/libpcl_surface.so;debug;/usr/lib/x86_64-linux-gnu/libpcl_surface.so;optimized;/usr/lib/x86_64-linux-gnu/libpcl_registration.so;debug;/usr/lib/x86_64-linux-gnu/libpcl_registration.so;optimized;/usr/lib/x86_64-linux-gnu/libpcl_keypoints.so;debug;/usr/lib/x86_64-linux-gnu/libpcl_keypoints.so;optimized;/usr/lib/x86_64-linux-gnu/libpcl_tracking.so;debug;/usr/lib/x86_64-linux-gnu/libpcl_tracking.so;optimized;/usr/lib/x86_64-linux-gnu/libpcl_recognition.so;debug;/usr/lib/x86_64-linux-gnu/libpcl_recognition.so;optimized;/usr/lib/x86_64-linux-gnu/libpcl_stereo.so;debug;/usr/lib/x86_64-linux-gnu/libpcl_stereo.so;optimized;/usr/lib/x86_64-linux-gnu/libpcl_apps.so;debug;/usr/lib/x86_64-linux-gnu/libpcl_apps.so;optimized;/usr/lib/x86_64-linux-gnu/libpcl_outofcore.so;debug;/usr/lib/x86_64-linux-gnu/libpcl_outofcore.so;optimized;/usr/lib/x86_64-linux-gnu/libpcl_people.so;debug;/usr/lib/x86_64-linux-gnu/libpcl_people.so;/usr/lib/x86_64-linux-gnu/libboost_system.so;/usr/lib/x86_64-linux-gnu/libboost_filesystem.so;/usr/lib/x86_64-linux-gnu/libboost_thread.so;/usr/lib/x86_64-linux-gnu/libboost_date_time.so;/usr/lib/x86_64-linux-gnu/libboost_iostreams.so;/usr/lib/x86_64-linux-gnu/libboost_serialization.so;/usr/lib/x86_64-linux-gnu/libboost_chrono.so;/usr/lib/x86_64-linux-gnu/libboost_atomic.so;/usr/lib/x86_64-linux-gnu/libboost_regex.so;/usr/lib/x86_64-linux-gnu/libpthread.so;optimized;/usr/lib/x86_64-linux-gnu/libqhull.so;debug;/usr/lib/x86_64-linux-gnu/libqhull.so;/usr/lib/libOpenNI.so;/usr/lib/libOpenNI2.so;optimized;/usr/lib/x86_64-linux-gnu/libflann_cpp_s.a;debug;/usr/lib/x86_64-linux-gnu/libflann_cpp_s.a;vtkChartsCore;vtkCommonColor;vtkCommonDataModel;vtkCommonMath;vtkCommonCore;vtksys;vtkCommonMisc;vtkCommonSystem;vtkCommonTransforms;vtkInfovisCore;vtkFiltersExtraction;vtkCommonExecutionModel;vtkFiltersCore;vtkFiltersGeneral;vtkCommonComputationalGeometry;vtkFiltersStatistics;vtkImagingFourier;vtkImagingCore;vtkalglib;vtkRenderingContext2D;vtkRenderingCore;vtkFiltersGeometry;vtkFiltersSources;vtkRenderingFreeType;/usr/lib/x86_64-linux-gnu/libfreetype.so;/usr/lib/x86_64-linux-gnu/libz.so;vtkftgl;vtkDICOMParser;vtkDomainsChemistry;vtkIOXML;vtkIOGeometry;vtkIOCore;vtkIOXMLParser;/usr/lib/x86_64-linux-gnu/libexpat.so;vtkFiltersAMR;vtkParallelCore;vtkIOLegacy;vtkFiltersFlowPaths;vtkFiltersGeneric;vtkFiltersHybrid;vtkImagingSources;vtkFiltersHyperTree;vtkFiltersImaging;vtkImagingGeneral;vtkFiltersModeling;vtkFiltersParallel;vtkFiltersParallelFlowPaths;vtkParallelMPI;vtkFiltersParallelGeometry;vtkFiltersParallelImaging;vtkFiltersParallelMPI;vtkFiltersParallelStatistics;vtkFiltersProgrammable;vtkFiltersPython;/usr/lib/x86_64-linux-gnu/libpython2.7.so;vtkWrappingPythonCore;vtkWrappingTools;vtkFiltersReebGraph;vtkFiltersSMP;vtkFiltersSelection;vtkFiltersTexture;vtkFiltersVerdict;verdict;vtkGUISupportQt;vtkInteractionStyle;vtkRenderingOpenGL;vtkImagingHybrid;vtkIOImage;vtkmetaio;/usr/lib/x86_64-linux-gnu/libjpeg.so;/usr/lib/x86_64-linux-gnu/libpng.so;/usr/lib/x86_64-linux-gnu/libtiff.so;vtkGUISupportQtOpenGL;vtkGUISupportQtSQL;vtkIOSQL;sqlite3;vtkGUISupportQtWebkit;vtkViewsQt;vtkViewsInfovis;vtkInfovisLayout;vtkInfovisBoostGraphAlgorithms;vtkRenderingLabel;vtkViewsCore;vtkInteractionWidgets;vtkRenderingAnnotation;vtkImagingColor;vtkRenderingVolume;vtkGeovisCore;/usr/lib/x86_64-linux-gnu/libproj.so;vtkIOAMR;/usr/lib/x86_64-linux-gnu/hdf5/openmpi/libhdf5.so;/usr/lib/x86_64-linux-gnu/libsz.so;/usr/lib/x86_64-linux-gnu/libdl.so;/usr/lib/x86_64-linux-gnu/libm.so;/usr/lib/x86_64-linux-gnu/openmpi/lib/libmpi.so;vtkIOEnSight;vtkIOExodus;vtkexoIIc;/usr/lib/x86_64-linux-gnu/libnetcdf_c++.so;/usr/lib/x86_64-linux-gnu/libnetcdf.so;vtkIOExport;vtkRenderingGL2PS;vtkRenderingContextOpenGL;/usr/lib/x86_64-linux-gnu/libgl2ps.so;vtkIOFFMPEG;vtkIOMovie;/usr/lib/x86_64-linux-gnu/libtheoraenc.so;/usr/lib/x86_64-linux-gnu/libtheoradec.so;/usr/lib/x86_64-linux-gnu/libogg.so;vtkIOGDAL;vtkIOGeoJSON;vtkIOImport;vtkIOInfovis;/usr/lib/x86_64-linux-gnu/libxml2.so;vtkIOLSDyna;vtkIOMINC;vtkIOMPIImage;vtkIOMPIParallel;vtkIOParallel;vtkIONetCDF;/usr/lib/x86_64-linux-gnu/libjsoncpp.so;vtkIOMySQL;vtkIOODBC;vtkIOPLY;vtkIOParallelExodus;vtkIOParallelLSDyna;vtkIOParallelNetCDF;vtkIOParallelXML;vtkIOPostgreSQL;vtkIOVPIC;VPIC;vtkIOVideo;vtkIOXdmf2;vtkxdmf2;vtkImagingMath;vtkImagingMorphological;vtkImagingStatistics;vtkImagingStencil;vtkInteractionImage;vtkLocalExample;vtkParallelMPI4Py;vtkPythonInterpreter;vtkRenderingExternal;vtkRenderingFreeTypeFontConfig;vtkRenderingImage;vtkRenderingLIC;vtkRenderingLOD;vtkRenderingMatplotlib;vtkRenderingParallel;vtkRenderingParallelLIC;vtkRenderingQt;vtkRenderingVolumeAMR;vtkRenderingVolumeOpenGL;vtkTestingGenericBridge;vtkTestingIOSQL;vtkTestingRendering;vtkViewsContext2D;vtkViewsGeovis;vtkWrappingJava  
[3.001s] CMake Warning at CMakeLists.txt:49 (message):
[3.001s]   Adding 'EIGEN_DISABLE_UNALIGNED_ARRAY_ASSERT' macro to prevent
[3.001s]   ndt_matching's runtime error in debug mode.
[3.001s] 
[3.001s]     The bug reasons and solutions are written in http://eigen.tuxfamily.org/dox-devel/group__TopicUnalignedArrayAssert.html .
[3.002s]     This workaround was discussed on https://gitlab.com/autowarefoundation/autoware.ai/core_perception/merge_requests/57 .
[3.002s] 
[3.002s] 
[3.007s] -- Configuring done
[3.074s] -- Generating done
[3.078s] -- Build files have been written to: /home/yeap/APC_2022_Prac/airsimversion/autoware.ai/build/ndt_cpu
[3.089s] Invoked command in '/home/yeap/APC_2022_Prac/airsimversion/autoware.ai/build/ndt_cpu' returned '0': /usr/bin/cmake /home/yeap/APC_2022_Prac/airsimversion/autoware.ai/src/autoware/core_perception/ndt_cpu -DCMAKE_BUILD_TYPE=Release -DCATKIN_INSTALL_INTO_PREFIX_ROOT=0 -DCMAKE_INSTALL_PREFIX=/home/yeap/APC_2022_Prac/airsimversion/autoware.ai/install/ndt_cpu
[3.090s] Invoking command in '/home/yeap/APC_2022_Prac/airsimversion/autoware.ai/build/ndt_cpu': /usr/bin/cmake --build /home/yeap/APC_2022_Prac/airsimversion/autoware.ai/build/ndt_cpu -- -j6 -l6
[3.155s] [35m[1mScanning dependencies of target ndt_cpu[0m
[3.258s] [ 20%] [32mBuilding CXX object CMakeFiles/ndt_cpu.dir/src/NormalDistributionsTransform.cpp.o[0m
[15.310s] [ 40%] [32mBuilding CXX object CMakeFiles/ndt_cpu.dir/src/Octree.cpp.o[0m
[19.207s] [ 60%] [32mBuilding CXX object CMakeFiles/ndt_cpu.dir/src/VoxelGrid.cpp.o[0m
[23.773s] [ 80%] [32mBuilding CXX object CMakeFiles/ndt_cpu.dir/src/Registration.cpp.o[0m
[26.206s] [100%] [32m[1mLinking CXX shared library devel/lib/libndt_cpu.so[0m
[26.850s] [100%] Built target ndt_cpu
[26.864s] Invoked command in '/home/yeap/APC_2022_Prac/airsimversion/autoware.ai/build/ndt_cpu' returned '0': /usr/bin/cmake --build /home/yeap/APC_2022_Prac/airsimversion/autoware.ai/build/ndt_cpu -- -j6 -l6
[26.901s] Invoking command in '/home/yeap/APC_2022_Prac/airsimversion/autoware.ai/build/ndt_cpu': /usr/bin/cmake --build /home/yeap/APC_2022_Prac/airsimversion/autoware.ai/build/ndt_cpu --target tests -- -j6 -l6
[26.965s] [35m[1mScanning dependencies of target tests[0m
[26.976s] Built target tests
[26.989s] Invoked command in '/home/yeap/APC_2022_Prac/airsimversion/autoware.ai/build/ndt_cpu' returned '0': /usr/bin/cmake --build /home/yeap/APC_2022_Prac/airsimversion/autoware.ai/build/ndt_cpu --target tests -- -j6 -l6
[27.031s] Invoking command in '/home/yeap/APC_2022_Prac/airsimversion/autoware.ai/build/ndt_cpu': /usr/bin/cmake --build /home/yeap/APC_2022_Prac/airsimversion/autoware.ai/build/ndt_cpu --target install -- -j6 -l6
[27.103s] [100%] Built target ndt_cpu
[27.122s] [36mInstall the project...[0m
[27.132s] -- Install configuration: "Release"
[27.132s] -- Installing: /home/yeap/APC_2022_Prac/airsimversion/autoware.ai/install/ndt_cpu/lib/pkgconfig/ndt_cpu.pc
[27.133s] -- Installing: /home/yeap/APC_2022_Prac/airsimversion/autoware.ai/install/ndt_cpu/share/ndt_cpu/cmake/ndt_cpuConfig.cmake
[27.133s] -- Installing: /home/yeap/APC_2022_Prac/airsimversion/autoware.ai/install/ndt_cpu/share/ndt_cpu/cmake/ndt_cpuConfig-version.cmake
[27.133s] -- Installing: /home/yeap/APC_2022_Prac/airsimversion/autoware.ai/install/ndt_cpu/share/ndt_cpu/package.xml
[27.134s] -- Installing: /home/yeap/APC_2022_Prac/airsimversion/autoware.ai/install/ndt_cpu/include/ndt_cpu
[27.134s] -- Installing: /home/yeap/APC_2022_Prac/airsimversion/autoware.ai/install/ndt_cpu/include/ndt_cpu/debug.h
[27.134s] -- Installing: /home/yeap/APC_2022_Prac/airsimversion/autoware.ai/install/ndt_cpu/include/ndt_cpu/Octree.h
[27.134s] -- Installing: /home/yeap/APC_2022_Prac/airsimversion/autoware.ai/install/ndt_cpu/include/ndt_cpu/VoxelGrid.h
[27.135s] -- Installing: /home/yeap/APC_2022_Prac/airsimversion/autoware.ai/install/ndt_cpu/include/ndt_cpu/SymmetricEigenSolver.h
[27.135s] -- Installing: /home/yeap/APC_2022_Prac/airsimversion/autoware.ai/install/ndt_cpu/include/ndt_cpu/Registration.h
[27.135s] -- Installing: /home/yeap/APC_2022_Prac/airsimversion/autoware.ai/install/ndt_cpu/include/ndt_cpu/NormalDistributionsTransform.h
[27.136s] -- Installing: /home/yeap/APC_2022_Prac/airsimversion/autoware.ai/install/ndt_cpu/lib/libndt_cpu.so
[27.136s] -- Set runtime path of "/home/yeap/APC_2022_Prac/airsimversion/autoware.ai/install/ndt_cpu/lib/libndt_cpu.so" to ""
[27.143s] Invoked command in '/home/yeap/APC_2022_Prac/airsimversion/autoware.ai/build/ndt_cpu' returned '0': /usr/bin/cmake --build /home/yeap/APC_2022_Prac/airsimversion/autoware.ai/build/ndt_cpu --target install -- -j6 -l6
