[0.054s] Invoking command in '/home/yeap/APC_2022_Prac/airsimversion/autoware.ai/build/astar_search': CMAKE_PREFIX_PATH=/home/yeap/APC_2022_Prac/airsimversion/autoware.ai/install/autoware_msgs:/home/yeap/APC_2022_Prac/airsimversion/autoware.ai/install/autoware_build_flags:${CMAKE_PREFIX_PATH} PKG_CONFIG_PATH=/home/yeap/APC_2022_Prac/airsimversion/autoware.ai/install/autoware_msgs/lib/x86_64-linux-gnu/pkgconfig:/home/yeap/APC_2022_Prac/airsimversion/autoware.ai/install/autoware_msgs/lib/pkgconfig:/home/yeap/APC_2022_Prac/airsimversion/autoware.ai/install/autoware_build_flags/lib/x86_64-linux-gnu/pkgconfig:/home/yeap/APC_2022_Prac/airsimversion/autoware.ai/install/autoware_build_flags/lib/pkgconfig:${PKG_CONFIG_PATH} PYTHONPATH=/home/yeap/APC_2022_Prac/airsimversion/autoware.ai/install/autoware_msgs/lib/python2.7/dist-packages:${PYTHONPATH} ROS_PACKAGE_PATH=/home/yeap/APC_2022_Prac/airsimversion/autoware.ai/install/autoware_msgs/share:/home/yeap/APC_2022_Prac/airsimversion/autoware.ai/install/autoware_build_flags/share:${ROS_PACKAGE_PATH} /usr/bin/cmake --build /home/yeap/APC_2022_Prac/airsimversion/autoware.ai/build/astar_search -- -j6 -l6
[0.151s] [  0%] Built target actionlib_generate_messages_py
[0.153s] [  0%] Built target tf2_msgs_generate_messages_cpp
[0.154s] [  0%] Built target std_srvs_generate_messages_lisp
[0.164s] [  0%] Built target tf2_msgs_generate_messages_nodejs
[0.167s] [  0%] Built target tf2_msgs_generate_messages_py
[0.171s] [  0%] Built target tf2_msgs_generate_messages_eus
[0.197s] [  0%] Built target actionlib_generate_messages_cpp
[0.200s] [  0%] Built target topic_tools_generate_messages_nodejs
[0.208s] [  0%] Built target tf_generate_messages_lisp
[0.211s] [  0%] Built target tf_generate_messages_nodejs
[0.211s] [  0%] Built target topic_tools_generate_messages_cpp
[0.224s] [  0%] Built target topic_tools_generate_messages_eus
[0.240s] [  0%] Built target geometry_msgs_generate_messages_py
[0.245s] [  0%] Built target pcl_msgs_generate_messages_eus
[0.247s] [  0%] Built target roscpp_generate_messages_cpp
[0.252s] [  0%] Built target std_srvs_generate_messages_py
[0.259s] [  0%] Built target rosgraph_msgs_generate_messages_eus
[0.262s] [  0%] Built target sensor_msgs_generate_messages_nodejs
[0.272s] [  0%] Built target jsk_recognition_msgs_generate_messages_lisp
[0.280s] [  0%] Built target std_msgs_generate_messages_py
[0.298s] [  0%] Built target std_msgs_generate_messages_nodejs
[0.300s] [  0%] Built target jsk_recognition_msgs_generate_messages_eus
[0.311s] [  0%] Built target bond_generate_messages_lisp
[0.324s] [  0%] Built target sensor_msgs_generate_messages_cpp
[0.331s] [  0%] Built target sensor_msgs_generate_messages_eus
[0.338s] [  0%] Built target autoware_msgs_generate_messages_cpp
[0.339s] [  0%] Built target tf_generate_messages_py
[0.354s] [  0%] Built target dynamic_reconfigure_generate_messages_cpp
[0.355s] [  0%] Built target rosgraph_msgs_generate_messages_cpp
[0.377s] [  0%] Built target pcl_msgs_generate_messages_nodejs
[0.383s] [  0%] Built target sensor_msgs_generate_messages_lisp
[0.400s] [  0%] Built target jsk_footstep_msgs_generate_messages_py
[0.402s] [  0%] Built target nodelet_generate_messages_nodejs
[0.415s] [  0%] Built target std_msgs_generate_messages_cpp
[0.416s] [  0%] Built target jsk_recognition_msgs_generate_messages_py
[0.427s] [  0%] Built target sensor_msgs_generate_messages_py
[0.444s] [  0%] Built target nodelet_generate_messages_py
[0.450s] [  0%] Built target geometry_msgs_generate_messages_eus
[0.462s] [  0%] Built target roscpp_generate_messages_nodejs
[0.468s] [  0%] Built target std_msgs_generate_messages_lisp
[0.482s] [  0%] Built target geometry_msgs_generate_messages_nodejs
[0.485s] [  0%] Built target pcl_msgs_generate_messages_py
[0.494s] [  0%] Built target actionlib_generate_messages_eus
[0.511s] [  0%] Built target actionlib_generate_messages_lisp
[0.511s] [  0%] Built target geometry_msgs_generate_messages_lisp
[0.513s] [  0%] Built target geometry_msgs_generate_messages_cpp
[0.532s] [  0%] Built target pcl_msgs_generate_messages_cpp
[0.539s] [  0%] Built target topic_tools_generate_messages_lisp
[0.539s] [  0%] Built target dynamic_reconfigure_generate_messages_lisp
[0.545s] [  0%] Built target jsk_recognition_msgs_generate_messages_cpp
[0.548s] [  0%] Built target autoware_msgs_generate_messages_eus
[0.571s] [  0%] Built target autoware_msgs_generate_messages_lisp
[0.583s] [  0%] Built target nodelet_generate_messages_lisp
[0.585s] [  0%] Built target autoware_msgs_generate_messages_py
[0.598s] [  0%] Built target actionlib_generate_messages_nodejs
[0.602s] [  0%] Built target tf_generate_messages_cpp
[0.610s] [  0%] Built target pcl_msgs_generate_messages_lisp
[0.611s] [  0%] Built target std_msgs_generate_messages_eus
[0.628s] [  0%] Built target jsk_footstep_msgs_generate_messages_eus
[0.635s] [  0%] Built target actionlib_msgs_generate_messages_py
[0.635s] [  0%] Built target jsk_footstep_msgs_generate_messages_lisp
[0.641s] [  0%] Built target autoware_msgs_generate_messages_nodejs
[0.645s] [  0%] Built target tf_generate_messages_eus
[0.661s] [  0%] Built target jsk_footstep_msgs_generate_messages_cpp
[0.663s] [  0%] Built target jsk_footstep_msgs_generate_messages_nodejs
[0.672s] [  0%] Built target actionlib_msgs_generate_messages_cpp
[0.677s] [  0%] Built target std_srvs_generate_messages_cpp
[0.688s] [  0%] Built target actionlib_msgs_generate_messages_lisp
[0.693s] [  0%] Built target pcl_ros_gencfg
[0.707s] [  0%] Built target dynamic_reconfigure_generate_messages_eus
[0.715s] [  0%] Built target dynamic_reconfigure_generate_messages_nodejs
[0.718s] [  0%] Built target dynamic_reconfigure_generate_messages_py
[0.723s] [  0%] Built target dynamic_reconfigure_gencfg
[0.731s] [  0%] Built target tf2_msgs_generate_messages_lisp
[0.733s] [  0%] Built target jsk_recognition_msgs_generate_messages_nodejs
[0.752s] [  0%] Built target std_srvs_generate_messages_eus
[0.755s] [  0%] Built target bond_generate_messages_eus
[0.779s] [  0%] Built target rosgraph_msgs_generate_messages_lisp
[0.781s] [  0%] Built target roscpp_generate_messages_lisp
[0.793s] [  0%] Built target roscpp_generate_messages_py
[0.793s] [  0%] Built target rosgraph_msgs_generate_messages_nodejs
[0.812s] [  0%] Built target roscpp_generate_messages_eus
[0.818s] [  0%] Built target nodelet_generate_messages_cpp
[0.826s] [  0%] Built target rosgraph_msgs_generate_messages_py
[0.829s] [  0%] Built target actionlib_msgs_generate_messages_eus
[0.842s] [  0%] Built target std_srvs_generate_messages_nodejs
[0.847s] [  0%] Built target bond_generate_messages_py
[0.847s] [  0%] Built target nodelet_generate_messages_eus
[0.857s] [  0%] Built target bond_generate_messages_cpp
[0.869s] [  0%] Built target bond_generate_messages_nodejs
[0.878s] [  0%] Built target actionlib_msgs_generate_messages_nodejs
[0.878s] [  0%] Built target topic_tools_generate_messages_py
[0.882s] [  0%] Built target nodelet_topic_tools_gencfg
[0.891s] [  0%] Built target _catkin_empty_exported_target
[0.947s] [100%] Built target astar_search
[0.969s] Invoked command in '/home/yeap/APC_2022_Prac/airsimversion/autoware.ai/build/astar_search' returned '0': CMAKE_PREFIX_PATH=/home/yeap/APC_2022_Prac/airsimversion/autoware.ai/install/autoware_msgs:/home/yeap/APC_2022_Prac/airsimversion/autoware.ai/install/autoware_build_flags:${CMAKE_PREFIX_PATH} PKG_CONFIG_PATH=/home/yeap/APC_2022_Prac/airsimversion/autoware.ai/install/autoware_msgs/lib/x86_64-linux-gnu/pkgconfig:/home/yeap/APC_2022_Prac/airsimversion/autoware.ai/install/autoware_msgs/lib/pkgconfig:/home/yeap/APC_2022_Prac/airsimversion/autoware.ai/install/autoware_build_flags/lib/x86_64-linux-gnu/pkgconfig:/home/yeap/APC_2022_Prac/airsimversion/autoware.ai/install/autoware_build_flags/lib/pkgconfig:${PKG_CONFIG_PATH} PYTHONPATH=/home/yeap/APC_2022_Prac/airsimversion/autoware.ai/install/autoware_msgs/lib/python2.7/dist-packages:${PYTHONPATH} ROS_PACKAGE_PATH=/home/yeap/APC_2022_Prac/airsimversion/autoware.ai/install/autoware_msgs/share:/home/yeap/APC_2022_Prac/airsimversion/autoware.ai/install/autoware_build_flags/share:${ROS_PACKAGE_PATH} /usr/bin/cmake --build /home/yeap/APC_2022_Prac/airsimversion/autoware.ai/build/astar_search -- -j6 -l6
[1.242s] Invoking command in '/home/yeap/APC_2022_Prac/airsimversion/autoware.ai/build/astar_search': CMAKE_PREFIX_PATH=/home/yeap/APC_2022_Prac/airsimversion/autoware.ai/install/autoware_msgs:/home/yeap/APC_2022_Prac/airsimversion/autoware.ai/install/autoware_build_flags:${CMAKE_PREFIX_PATH} PKG_CONFIG_PATH=/home/yeap/APC_2022_Prac/airsimversion/autoware.ai/install/autoware_msgs/lib/x86_64-linux-gnu/pkgconfig:/home/yeap/APC_2022_Prac/airsimversion/autoware.ai/install/autoware_msgs/lib/pkgconfig:/home/yeap/APC_2022_Prac/airsimversion/autoware.ai/install/autoware_build_flags/lib/x86_64-linux-gnu/pkgconfig:/home/yeap/APC_2022_Prac/airsimversion/autoware.ai/install/autoware_build_flags/lib/pkgconfig:${PKG_CONFIG_PATH} PYTHONPATH=/home/yeap/APC_2022_Prac/airsimversion/autoware.ai/install/autoware_msgs/lib/python2.7/dist-packages:${PYTHONPATH} ROS_PACKAGE_PATH=/home/yeap/APC_2022_Prac/airsimversion/autoware.ai/install/autoware_msgs/share:/home/yeap/APC_2022_Prac/airsimversion/autoware.ai/install/autoware_build_flags/share:${ROS_PACKAGE_PATH} /usr/bin/cmake --build /home/yeap/APC_2022_Prac/airsimversion/autoware.ai/build/astar_search --target tests -- -j6 -l6
[1.329s] [ 20%] Built target gtest
[1.329s] [ 20%] Built target tf2_msgs_generate_messages_nodejs
[1.332s] [ 20%] Built target tf2_msgs_generate_messages_py
[1.335s] [ 20%] Built target tf2_msgs_generate_messages_cpp
[1.339s] [ 20%] Built target std_srvs_generate_messages_lisp
[1.350s] [ 20%] Built target tf2_msgs_generate_messages_eus
[1.366s] [ 20%] Built target actionlib_generate_messages_py
[1.371s] [ 20%] Built target actionlib_generate_messages_cpp
[1.380s] [ 20%] Built target tf_generate_messages_nodejs
[1.383s] [ 20%] Built target tf_generate_messages_lisp
[1.384s] [ 20%] Built target topic_tools_generate_messages_eus
[1.393s] [ 20%] Built target topic_tools_generate_messages_nodejs
[1.399s] [ 20%] Built target std_srvs_generate_messages_py
[1.427s] [ 20%] Built target geometry_msgs_generate_messages_py
[1.431s] [ 20%] Built target topic_tools_generate_messages_cpp
[1.435s] [ 20%] Built target sensor_msgs_generate_messages_nodejs
[1.439s] [ 20%] Built target roscpp_generate_messages_cpp
[1.446s] [ 20%] Built target pcl_msgs_generate_messages_eus
[1.446s] [ 20%] Built target rosgraph_msgs_generate_messages_eus
[1.466s] [ 20%] Built target jsk_recognition_msgs_generate_messages_lisp
[1.466s] [ 20%] Built target jsk_recognition_msgs_generate_messages_eus
[1.487s] [ 20%] Built target std_msgs_generate_messages_py
[1.494s] [ 20%] Built target bond_generate_messages_lisp
[1.498s] [ 20%] Built target std_msgs_generate_messages_nodejs
[1.498s] [ 20%] Built target sensor_msgs_generate_messages_eus
[1.506s] [ 20%] Built target autoware_msgs_generate_messages_cpp
[1.531s] [ 20%] Built target sensor_msgs_generate_messages_cpp
[1.541s] [ 20%] Built target pcl_msgs_generate_messages_nodejs
[1.548s] [ 20%] Built target tf_generate_messages_py
[1.563s] [ 20%] Built target nodelet_generate_messages_nodejs
[1.564s] [ 20%] Built target dynamic_reconfigure_generate_messages_cpp
[1.567s] [ 20%] Built target rosgraph_msgs_generate_messages_cpp
[1.583s] [ 20%] Built target jsk_recognition_msgs_generate_messages_py
[1.599s] [ 20%] Built target std_msgs_generate_messages_cpp
[1.604s] [ 20%] Built target sensor_msgs_generate_messages_lisp
[1.639s] [ 20%] Built target sensor_msgs_generate_messages_py
[1.646s] [ 20%] Built target nodelet_generate_messages_py
[1.650s] [ 20%] Built target std_msgs_generate_messages_lisp
[1.653s] [ 20%] Built target jsk_footstep_msgs_generate_messages_py
[1.655s] [ 20%] Built target roscpp_generate_messages_nodejs
[1.688s] [ 20%] Built target geometry_msgs_generate_messages_eus
[1.703s] [ 20%] Built target geometry_msgs_generate_messages_nodejs
[1.703s] [ 20%] Built target pcl_msgs_generate_messages_py
[1.707s] [ 20%] Built target actionlib_generate_messages_lisp
[1.720s] [ 20%] Built target actionlib_generate_messages_eus
[1.746s] [ 20%] Built target pcl_msgs_generate_messages_cpp
[1.764s] [ 20%] Built target geometry_msgs_generate_messages_cpp
[1.769s] [ 20%] Built target geometry_msgs_generate_messages_lisp
[1.788s] [ 20%] Built target dynamic_reconfigure_generate_messages_lisp
[1.791s] [ 20%] Built target topic_tools_generate_messages_lisp
[1.807s] [ 20%] Built target autoware_msgs_generate_messages_eus
[1.823s] [ 20%] Built target jsk_recognition_msgs_generate_messages_cpp
[1.832s] [ 20%] Built target nodelet_generate_messages_lisp
[1.833s] [ 20%] Built target actionlib_generate_messages_nodejs
[1.841s] [ 20%] Built target autoware_msgs_generate_messages_py
[1.844s] [ 20%] Built target tf_generate_messages_cpp
[1.853s] [ 20%] Built target autoware_msgs_generate_messages_lisp
[1.897s] [ 20%] Built target jsk_footstep_msgs_generate_messages_eus
[1.901s] [ 20%] Built target pcl_msgs_generate_messages_lisp
[1.904s] [ 20%] Built target jsk_footstep_msgs_generate_messages_lisp
[1.907s] [ 20%] Built target actionlib_msgs_generate_messages_py
[1.921s] [ 20%] Built target autoware_msgs_generate_messages_nodejs
[1.935s] [ 20%] Built target std_msgs_generate_messages_eus
[1.939s] [ 20%] Built target jsk_footstep_msgs_generate_messages_nodejs
[1.944s] [ 20%] Built target tf_generate_messages_eus
[1.956s] [ 20%] Built target actionlib_msgs_generate_messages_cpp
[1.974s] [ 20%] Built target jsk_footstep_msgs_generate_messages_cpp
[1.991s] [ 20%] Built target actionlib_msgs_generate_messages_lisp
[1.993s] [ 20%] Built target std_srvs_generate_messages_cpp
[2.012s] [ 20%] Built target pcl_ros_gencfg
[2.040s] [ 20%] Built target dynamic_reconfigure_generate_messages_py
[2.057s] [ 20%] Built target dynamic_reconfigure_generate_messages_eus
[2.065s] [ 20%] Built target dynamic_reconfigure_generate_messages_nodejs
[2.074s] [ 20%] Built target tf2_msgs_generate_messages_lisp
[2.079s] [ 20%] Built target dynamic_reconfigure_gencfg
[2.127s] [ 20%] Built target jsk_recognition_msgs_generate_messages_nodejs
[2.129s] [ 20%] Built target bond_generate_messages_eus
[2.143s] [ 20%] Built target roscpp_generate_messages_lisp
[2.143s] [ 20%] Built target std_srvs_generate_messages_eus
[2.152s] [ 20%] Built target rosgraph_msgs_generate_messages_lisp
[2.181s] [ 20%] Built target roscpp_generate_messages_py
[2.206s] [ 20%] Built target nodelet_generate_messages_cpp
[2.208s] [ 20%] Built target rosgraph_msgs_generate_messages_nodejs
[2.231s] [ 20%] Built target roscpp_generate_messages_eus
[2.238s] [ 20%] Built target rosgraph_msgs_generate_messages_py
[2.246s] [ 20%] Built target nodelet_generate_messages_eus
[2.256s] [ 20%] Built target actionlib_msgs_generate_messages_eus
[2.268s] [ 20%] Built target std_srvs_generate_messages_nodejs
[2.288s] [ 20%] Built target bond_generate_messages_py
[2.303s] [ 20%] Built target bond_generate_messages_nodejs
[2.308s] [ 20%] Built target actionlib_msgs_generate_messages_nodejs
[2.313s] [ 20%] Built target topic_tools_generate_messages_py
[2.318s] [ 20%] Built target bond_generate_messages_cpp
[2.327s] [ 20%] Built target nodelet_topic_tools_gencfg
[2.351s] [ 20%] Built target _catkin_empty_exported_target
[2.403s] [ 50%] Built target astar_search
[2.453s] [100%] Built target astar_search-test
[2.489s] [100%] Built target tests
[2.504s] Invoked command in '/home/yeap/APC_2022_Prac/airsimversion/autoware.ai/build/astar_search' returned '0': CMAKE_PREFIX_PATH=/home/yeap/APC_2022_Prac/airsimversion/autoware.ai/install/autoware_msgs:/home/yeap/APC_2022_Prac/airsimversion/autoware.ai/install/autoware_build_flags:${CMAKE_PREFIX_PATH} PKG_CONFIG_PATH=/home/yeap/APC_2022_Prac/airsimversion/autoware.ai/install/autoware_msgs/lib/x86_64-linux-gnu/pkgconfig:/home/yeap/APC_2022_Prac/airsimversion/autoware.ai/install/autoware_msgs/lib/pkgconfig:/home/yeap/APC_2022_Prac/airsimversion/autoware.ai/install/autoware_build_flags/lib/x86_64-linux-gnu/pkgconfig:/home/yeap/APC_2022_Prac/airsimversion/autoware.ai/install/autoware_build_flags/lib/pkgconfig:${PKG_CONFIG_PATH} PYTHONPATH=/home/yeap/APC_2022_Prac/airsimversion/autoware.ai/install/autoware_msgs/lib/python2.7/dist-packages:${PYTHONPATH} ROS_PACKAGE_PATH=/home/yeap/APC_2022_Prac/airsimversion/autoware.ai/install/autoware_msgs/share:/home/yeap/APC_2022_Prac/airsimversion/autoware.ai/install/autoware_build_flags/share:${ROS_PACKAGE_PATH} /usr/bin/cmake --build /home/yeap/APC_2022_Prac/airsimversion/autoware.ai/build/astar_search --target tests -- -j6 -l6
[2.945s] Invoking command in '/home/yeap/APC_2022_Prac/airsimversion/autoware.ai/build/astar_search': CMAKE_PREFIX_PATH=/home/yeap/APC_2022_Prac/airsimversion/autoware.ai/install/autoware_msgs:/home/yeap/APC_2022_Prac/airsimversion/autoware.ai/install/autoware_build_flags:${CMAKE_PREFIX_PATH} PKG_CONFIG_PATH=/home/yeap/APC_2022_Prac/airsimversion/autoware.ai/install/autoware_msgs/lib/x86_64-linux-gnu/pkgconfig:/home/yeap/APC_2022_Prac/airsimversion/autoware.ai/install/autoware_msgs/lib/pkgconfig:/home/yeap/APC_2022_Prac/airsimversion/autoware.ai/install/autoware_build_flags/lib/x86_64-linux-gnu/pkgconfig:/home/yeap/APC_2022_Prac/airsimversion/autoware.ai/install/autoware_build_flags/lib/pkgconfig:${PKG_CONFIG_PATH} PYTHONPATH=/home/yeap/APC_2022_Prac/airsimversion/autoware.ai/install/autoware_msgs/lib/python2.7/dist-packages:${PYTHONPATH} ROS_PACKAGE_PATH=/home/yeap/APC_2022_Prac/airsimversion/autoware.ai/install/autoware_msgs/share:/home/yeap/APC_2022_Prac/airsimversion/autoware.ai/install/autoware_build_flags/share:${ROS_PACKAGE_PATH} /usr/bin/cmake --build /home/yeap/APC_2022_Prac/airsimversion/autoware.ai/build/astar_search --target install -- -j6 -l6
[3.047s] [  0%] Built target tf2_msgs_generate_messages_nodejs
[3.048s] [  0%] Built target tf2_msgs_generate_messages_cpp
[3.052s] [  0%] Built target tf2_msgs_generate_messages_eus
[3.061s] [  0%] Built target std_srvs_generate_messages_lisp
[3.062s] [  0%] Built target tf2_msgs_generate_messages_py
[3.071s] [  0%] Built target actionlib_generate_messages_py
[3.085s] [  0%] Built target tf_generate_messages_nodejs
[3.116s] [  0%] Built target actionlib_generate_messages_cpp
[3.116s] [  0%] Built target topic_tools_generate_messages_eus
[3.136s] [  0%] Built target tf_generate_messages_lisp
[3.144s] [  0%] Built target sensor_msgs_generate_messages_nodejs
[3.155s] [  0%] Built target std_srvs_generate_messages_py
[3.156s] [  0%] Built target topic_tools_generate_messages_cpp
[3.165s] [  0%] Built target topic_tools_generate_messages_nodejs
[3.168s] [  0%] Built target geometry_msgs_generate_messages_py
[3.172s] [  0%] Built target roscpp_generate_messages_cpp
[3.185s] [  0%] Built target pcl_msgs_generate_messages_eus
[3.206s] [  0%] Built target jsk_recognition_msgs_generate_messages_lisp
[3.211s] [  0%] Built target jsk_recognition_msgs_generate_messages_eus
[3.212s] [  0%] Built target rosgraph_msgs_generate_messages_eus
[3.219s] [  0%] Built target std_msgs_generate_messages_nodejs
[3.234s] [  0%] Built target std_msgs_generate_messages_py
[3.256s] [  0%] Built target bond_generate_messages_lisp
[3.281s] [  0%] Built target autoware_msgs_generate_messages_cpp
[3.286s] [  0%] Built target tf_generate_messages_py
[3.293s] [  0%] Built target sensor_msgs_generate_messages_cpp
[3.302s] [  0%] Built target sensor_msgs_generate_messages_eus
[3.303s] [  0%] Built target dynamic_reconfigure_generate_messages_cpp
[3.333s] [  0%] Built target rosgraph_msgs_generate_messages_cpp
[3.351s] [  0%] Built target nodelet_generate_messages_nodejs
[3.352s] [  0%] Built target pcl_msgs_generate_messages_nodejs
[3.355s] [  0%] Built target std_msgs_generate_messages_cpp
[3.382s] [  0%] Built target jsk_recognition_msgs_generate_messages_py
[3.389s] [  0%] Built target jsk_footstep_msgs_generate_messages_py
[3.393s] [  0%] Built target sensor_msgs_generate_messages_lisp
[3.410s] [  0%] Built target nodelet_generate_messages_py
[3.415s] [  0%] Built target sensor_msgs_generate_messages_py
[3.426s] [  0%] Built target std_msgs_generate_messages_lisp
[3.453s] [  0%] Built target geometry_msgs_generate_messages_eus
[3.454s] [  0%] Built target geometry_msgs_generate_messages_nodejs
[3.457s] [  0%] Built target roscpp_generate_messages_nodejs
[3.473s] [  0%] Built target pcl_msgs_generate_messages_py
[3.473s] [  0%] Built target geometry_msgs_generate_messages_lisp
[3.476s] [  0%] Built target actionlib_generate_messages_eus
[3.492s] [  0%] Built target geometry_msgs_generate_messages_cpp
[3.520s] [  0%] Built target topic_tools_generate_messages_lisp
[3.522s] [  0%] Built target actionlib_generate_messages_lisp
[3.527s] [  0%] Built target dynamic_reconfigure_generate_messages_lisp
[3.531s] [  0%] Built target pcl_msgs_generate_messages_cpp
[3.532s] [  0%] Built target jsk_recognition_msgs_generate_messages_cpp
[3.538s] [  0%] Built target autoware_msgs_generate_messages_eus
[3.568s] [  0%] Built target autoware_msgs_generate_messages_lisp
[3.569s] [  0%] Built target autoware_msgs_generate_messages_py
[3.576s] [  0%] Built target pcl_msgs_generate_messages_lisp
[3.582s] [  0%] Built target nodelet_generate_messages_lisp
[3.590s] [  0%] Built target actionlib_generate_messages_nodejs
[3.596s] [  0%] Built target tf_generate_messages_cpp
[3.608s] [  0%] Built target autoware_msgs_generate_messages_nodejs
[3.626s] [  0%] Built target std_msgs_generate_messages_eus
[3.629s] [  0%] Built target actionlib_msgs_generate_messages_py
[3.632s] [  0%] Built target jsk_footstep_msgs_generate_messages_nodejs
[3.636s] [  0%] Built target jsk_footstep_msgs_generate_messages_eus
[3.642s] [  0%] Built target jsk_footstep_msgs_generate_messages_lisp
[3.656s] [  0%] Built target tf_generate_messages_eus
[3.669s] [  0%] Built target pcl_ros_gencfg
[3.673s] [  0%] Built target jsk_footstep_msgs_generate_messages_cpp
[3.678s] [  0%] Built target std_srvs_generate_messages_cpp
[3.681s] [  0%] Built target actionlib_msgs_generate_messages_cpp
[3.692s] [  0%] Built target actionlib_msgs_generate_messages_lisp
[3.694s] [  0%] Built target dynamic_reconfigure_generate_messages_eus
[3.704s] [  0%] Built target dynamic_reconfigure_generate_messages_py
[3.721s] [  0%] Built target tf2_msgs_generate_messages_lisp
[3.736s] [  0%] Built target dynamic_reconfigure_generate_messages_nodejs
[3.736s] [  0%] Built target roscpp_generate_messages_lisp
[3.742s] [  0%] Built target std_srvs_generate_messages_eus
[3.747s] [  0%] Built target jsk_recognition_msgs_generate_messages_nodejs
[3.749s] [  0%] Built target dynamic_reconfigure_gencfg
[3.770s] [  0%] Built target roscpp_generate_messages_py
[3.779s] [  0%] Built target bond_generate_messages_eus
[3.800s] [  0%] Built target rosgraph_msgs_generate_messages_nodejs
[3.800s] [  0%] Built target actionlib_msgs_generate_messages_eus
[3.809s] [  0%] Built target nodelet_generate_messages_cpp
[3.813s] [  0%] Built target rosgraph_msgs_generate_messages_lisp
[3.816s] [  0%] Built target roscpp_generate_messages_eus
[3.816s] [  0%] Built target rosgraph_msgs_generate_messages_py
[3.832s] [  0%] Built target bond_generate_messages_py
[3.838s] [  0%] Built target bond_generate_messages_cpp
[3.841s] [  0%] Built target std_srvs_generate_messages_nodejs
[3.846s] [  0%] Built target nodelet_generate_messages_eus
[3.855s] [  0%] Built target topic_tools_generate_messages_py
[3.858s] [  0%] Built target nodelet_topic_tools_gencfg
[3.865s] [  0%] Built target bond_generate_messages_nodejs
[3.865s] [  0%] Built target actionlib_msgs_generate_messages_nodejs
[3.867s] [  0%] Built target _catkin_empty_exported_target
[3.905s] [100%] Built target astar_search
[3.934s] [36mInstall the project...[0m
[3.943s] -- Install configuration: "Release"
[3.943s] -- Up-to-date: /home/yeap/APC_2022_Prac/airsimversion/autoware.ai/install/astar_search/lib/pkgconfig/astar_search.pc
[3.943s] -- Up-to-date: /home/yeap/APC_2022_Prac/airsimversion/autoware.ai/install/astar_search/share/astar_search/cmake/astar_searchConfig.cmake
[3.943s] -- Up-to-date: /home/yeap/APC_2022_Prac/airsimversion/autoware.ai/install/astar_search/share/astar_search/cmake/astar_searchConfig-version.cmake
[3.944s] -- Up-to-date: /home/yeap/APC_2022_Prac/airsimversion/autoware.ai/install/astar_search/share/astar_search/package.xml
[3.944s] -- Up-to-date: /home/yeap/APC_2022_Prac/airsimversion/autoware.ai/install/astar_search/include/astar_search
[3.944s] -- Up-to-date: /home/yeap/APC_2022_Prac/airsimversion/autoware.ai/install/astar_search/include/astar_search/astar_util.h
[3.944s] -- Up-to-date: /home/yeap/APC_2022_Prac/airsimversion/autoware.ai/install/astar_search/include/astar_search/astar_search.h
[3.945s] -- Up-to-date: /home/yeap/APC_2022_Prac/airsimversion/autoware.ai/install/astar_search/lib/libastar_search.so
[3.964s] Invoked command in '/home/yeap/APC_2022_Prac/airsimversion/autoware.ai/build/astar_search' returned '0': CMAKE_PREFIX_PATH=/home/yeap/APC_2022_Prac/airsimversion/autoware.ai/install/autoware_msgs:/home/yeap/APC_2022_Prac/airsimversion/autoware.ai/install/autoware_build_flags:${CMAKE_PREFIX_PATH} PKG_CONFIG_PATH=/home/yeap/APC_2022_Prac/airsimversion/autoware.ai/install/autoware_msgs/lib/x86_64-linux-gnu/pkgconfig:/home/yeap/APC_2022_Prac/airsimversion/autoware.ai/install/autoware_msgs/lib/pkgconfig:/home/yeap/APC_2022_Prac/airsimversion/autoware.ai/install/autoware_build_flags/lib/x86_64-linux-gnu/pkgconfig:/home/yeap/APC_2022_Prac/airsimversion/autoware.ai/install/autoware_build_flags/lib/pkgconfig:${PKG_CONFIG_PATH} PYTHONPATH=/home/yeap/APC_2022_Prac/airsimversion/autoware.ai/install/autoware_msgs/lib/python2.7/dist-packages:${PYTHONPATH} ROS_PACKAGE_PATH=/home/yeap/APC_2022_Prac/airsimversion/autoware.ai/install/autoware_msgs/share:/home/yeap/APC_2022_Prac/airsimversion/autoware.ai/install/autoware_build_flags/share:${ROS_PACKAGE_PATH} /usr/bin/cmake --build /home/yeap/APC_2022_Prac/airsimversion/autoware.ai/build/astar_search --target install -- -j6 -l6
