[0.028s] Invoking command in '/home/yeap/APC_2022_Prac/airsimversion/autoware.ai/build/autoware_launcher': /usr/bin/cmake /home/yeap/APC_2022_Prac/airsimversion/autoware.ai/src/autoware/utilities/autoware_launcher -DCMAKE_BUILD_TYPE=Release -DCATKIN_INSTALL_INTO_PREFIX_ROOT=0 -DCMAKE_INSTALL_PREFIX=/home/yeap/APC_2022_Prac/airsimversion/autoware.ai/install/autoware_launcher
[0.098s] -- The C compiler identification is GNU 7.5.0
[0.168s] -- The CXX compiler identification is GNU 7.5.0
[0.173s] -- Check for working C compiler: /usr/bin/cc
[0.264s] -- Check for working C compiler: /usr/bin/cc -- works
[0.265s] -- Detecting C compiler ABI info
[0.338s] -- Detecting C compiler ABI info - done
[0.348s] -- Detecting C compile features
[0.571s] -- Detecting C compile features - done
[0.575s] -- Check for working CXX compiler: /usr/bin/c++
[0.659s] -- Check for working CXX compiler: /usr/bin/c++ -- works
[0.665s] -- Detecting CXX compiler ABI info
[0.744s] -- Detecting CXX compiler ABI info - done
[0.753s] -- Detecting CXX compile features
[1.127s] -- Detecting CXX compile features - done
[1.130s] -- Using CATKIN_DEVEL_PREFIX: /home/yeap/APC_2022_Prac/airsimversion/autoware.ai/build/autoware_launcher/devel
[1.131s] -- Using CMAKE_PREFIX_PATH: /opt/ros/melodic
[1.131s] -- This workspace overlays: /opt/ros/melodic
[1.148s] -- Found PythonInterp: /usr/bin/python2 (found suitable version "2.7.17", minimum required is "2") 
[1.148s] -- Using PYTHON_EXECUTABLE: /usr/bin/python2
[1.149s] -- Using Debian Python package layout
[1.149s] -- Using empy: /usr/bin/empy
[1.323s] -- Using CATKIN_ENABLE_TESTING: ON
[1.323s] -- Call enable_testing()
[1.325s] -- Using CATKIN_TEST_RESULTS_DIR: /home/yeap/APC_2022_Prac/airsimversion/autoware.ai/build/autoware_launcher/test_results
[1.353s] -- Found gtest sources under '/usr/src/googletest': gtests will be built
[1.353s] -- Found gmock sources under '/usr/src/googletest': gmock will be built
[1.364s] -- Found PythonInterp: /usr/bin/python2 (found version "2.7.17") 
[1.365s] -- Looking for pthread.h
[1.447s] -- Looking for pthread.h - found
[1.447s] -- Looking for pthread_create
[1.521s] -- Looking for pthread_create - not found
[1.522s] -- Looking for pthread_create in pthreads
[1.581s] -- Looking for pthread_create in pthreads - not found
[1.582s] -- Looking for pthread_create in pthread
[1.658s] -- Looking for pthread_create in pthread - found
[1.660s] -- Found Threads: TRUE  
[1.664s] -- Using Python nosetests: /usr/bin/nosetests-2.7
[1.712s] -- catkin 0.7.29
[1.713s] -- BUILD_SHARED_LIBS is on
[2.328s] -- Configuring done
[2.342s] -- Generating done
[2.346s] -- Build files have been written to: /home/yeap/APC_2022_Prac/airsimversion/autoware.ai/build/autoware_launcher
[2.354s] Invoked command in '/home/yeap/APC_2022_Prac/airsimversion/autoware.ai/build/autoware_launcher' returned '0': /usr/bin/cmake /home/yeap/APC_2022_Prac/airsimversion/autoware.ai/src/autoware/utilities/autoware_launcher -DCMAKE_BUILD_TYPE=Release -DCATKIN_INSTALL_INTO_PREFIX_ROOT=0 -DCMAKE_INSTALL_PREFIX=/home/yeap/APC_2022_Prac/airsimversion/autoware.ai/install/autoware_launcher
[2.355s] Invoking command in '/home/yeap/APC_2022_Prac/airsimversion/autoware.ai/build/autoware_launcher': /usr/bin/cmake --build /home/yeap/APC_2022_Prac/airsimversion/autoware.ai/build/autoware_launcher -- -j6 -l6
[2.407s] Invoked command in '/home/yeap/APC_2022_Prac/airsimversion/autoware.ai/build/autoware_launcher' returned '0': /usr/bin/cmake --build /home/yeap/APC_2022_Prac/airsimversion/autoware.ai/build/autoware_launcher -- -j6 -l6
[2.449s] Invoking command in '/home/yeap/APC_2022_Prac/airsimversion/autoware.ai/build/autoware_launcher': /usr/bin/cmake --build /home/yeap/APC_2022_Prac/airsimversion/autoware.ai/build/autoware_launcher --target tests -- -j6 -l6
[2.509s] [35m[1mScanning dependencies of target tests[0m
[2.521s] Built target tests
[2.536s] Invoked command in '/home/yeap/APC_2022_Prac/airsimversion/autoware.ai/build/autoware_launcher' returned '0': /usr/bin/cmake --build /home/yeap/APC_2022_Prac/airsimversion/autoware.ai/build/autoware_launcher --target tests -- -j6 -l6
[2.587s] Invoking command in '/home/yeap/APC_2022_Prac/airsimversion/autoware.ai/build/autoware_launcher': /usr/bin/cmake --build /home/yeap/APC_2022_Prac/airsimversion/autoware.ai/build/autoware_launcher --target install -- -j6 -l6
[2.641s] [36mInstall the project...[0m
[2.651s] -- Install configuration: "Release"
[2.652s] + cd /home/yeap/APC_2022_Prac/airsimversion/autoware.ai/src/autoware/utilities/autoware_launcher
[2.653s] + mkdir -p /home/yeap/APC_2022_Prac/airsimversion/autoware.ai/install/autoware_launcher/lib/python2.7/dist-packages
[2.654s] + /usr/bin/env PYTHONPATH=/home/yeap/APC_2022_Prac/airsimversion/autoware.ai/install/autoware_launcher/lib/python2.7/dist-packages:/home/yeap/APC_2022_Prac/airsimversion/autoware.ai/build/autoware_launcher/lib/python2.7/dist-packages:/opt/ros/melodic/lib/python2.7/dist-packages CATKIN_BINARY_DIR=/home/yeap/APC_2022_Prac/airsimversion/autoware.ai/build/autoware_launcher /usr/bin/python2 /home/yeap/APC_2022_Prac/airsimversion/autoware.ai/src/autoware/utilities/autoware_launcher/setup.py build --build-base /home/yeap/APC_2022_Prac/airsimversion/autoware.ai/build/autoware_launcher install --root=/ --install-layout=deb --prefix=/home/yeap/APC_2022_Prac/airsimversion/autoware.ai/install/autoware_launcher --install-scripts=/home/yeap/APC_2022_Prac/airsimversion/autoware.ai/install/autoware_launcher/bin
[2.695s] running build
[2.695s] running build_py
[2.696s] creating /home/yeap/APC_2022_Prac/airsimversion/autoware.ai/build/autoware_launcher/lib.linux-x86_64-2.7
[2.696s] creating /home/yeap/APC_2022_Prac/airsimversion/autoware.ai/build/autoware_launcher/lib.linux-x86_64-2.7/autoware_launcher
[2.696s] copying src/autoware_launcher/__init__.py -> /home/yeap/APC_2022_Prac/airsimversion/autoware.ai/build/autoware_launcher/lib.linux-x86_64-2.7/autoware_launcher
[2.696s] creating /home/yeap/APC_2022_Prac/airsimversion/autoware.ai/build/autoware_launcher/lib.linux-x86_64-2.7/autoware_launcher/tool
[2.696s] copying src/autoware_launcher/tool/wizard.py -> /home/yeap/APC_2022_Prac/airsimversion/autoware.ai/build/autoware_launcher/lib.linux-x86_64-2.7/autoware_launcher/tool
[2.696s] copying src/autoware_launcher/tool/editor.py -> /home/yeap/APC_2022_Prac/airsimversion/autoware.ai/build/autoware_launcher/lib.linux-x86_64-2.7/autoware_launcher/tool
[2.696s] copying src/autoware_launcher/tool/__init__.py -> /home/yeap/APC_2022_Prac/airsimversion/autoware.ai/build/autoware_launcher/lib.linux-x86_64-2.7/autoware_launcher/tool
[2.697s] creating /home/yeap/APC_2022_Prac/airsimversion/autoware.ai/build/autoware_launcher/lib.linux-x86_64-2.7/autoware_launcher/core
[2.697s] copying src/autoware_launcher/core/server.py -> /home/yeap/APC_2022_Prac/airsimversion/autoware.ai/build/autoware_launcher/lib.linux-x86_64-2.7/autoware_launcher/core
[2.698s] copying src/autoware_launcher/core/launch.py -> /home/yeap/APC_2022_Prac/airsimversion/autoware.ai/build/autoware_launcher/lib.linux-x86_64-2.7/autoware_launcher/core
[2.698s] copying src/autoware_launcher/core/mylog.py -> /home/yeap/APC_2022_Prac/airsimversion/autoware.ai/build/autoware_launcher/lib.linux-x86_64-2.7/autoware_launcher/core
[2.698s] copying src/autoware_launcher/core/myutils.py -> /home/yeap/APC_2022_Prac/airsimversion/autoware.ai/build/autoware_launcher/lib.linux-x86_64-2.7/autoware_launcher/core
[2.698s] copying src/autoware_launcher/core/basetree.py -> /home/yeap/APC_2022_Prac/airsimversion/autoware.ai/build/autoware_launcher/lib.linux-x86_64-2.7/autoware_launcher/core
[2.698s] copying src/autoware_launcher/core/__init__.py -> /home/yeap/APC_2022_Prac/airsimversion/autoware.ai/build/autoware_launcher/lib.linux-x86_64-2.7/autoware_launcher/core
[2.698s] copying src/autoware_launcher/core/plugin.py -> /home/yeap/APC_2022_Prac/airsimversion/autoware.ai/build/autoware_launcher/lib.linux-x86_64-2.7/autoware_launcher/core
[2.698s] creating /home/yeap/APC_2022_Prac/airsimversion/autoware.ai/build/autoware_launcher/lib.linux-x86_64-2.7/autoware_launcher/gui
[2.698s] copying src/autoware_launcher/gui/treeview.py -> /home/yeap/APC_2022_Prac/airsimversion/autoware.ai/build/autoware_launcher/lib.linux-x86_64-2.7/autoware_launcher/gui
[2.699s] copying src/autoware_launcher/gui/procmgr.py -> /home/yeap/APC_2022_Prac/airsimversion/autoware.ai/build/autoware_launcher/lib.linux-x86_64-2.7/autoware_launcher/gui
[2.699s] copying src/autoware_launcher/gui/summary.py -> /home/yeap/APC_2022_Prac/airsimversion/autoware.ai/build/autoware_launcher/lib.linux-x86_64-2.7/autoware_launcher/gui
[2.699s] copying src/autoware_launcher/gui/network.py -> /home/yeap/APC_2022_Prac/airsimversion/autoware.ai/build/autoware_launcher/lib.linux-x86_64-2.7/autoware_launcher/gui
[2.699s] copying src/autoware_launcher/gui/mirror.py -> /home/yeap/APC_2022_Prac/airsimversion/autoware.ai/build/autoware_launcher/lib.linux-x86_64-2.7/autoware_launcher/gui
[2.699s] copying src/autoware_launcher/gui/__init__.py -> /home/yeap/APC_2022_Prac/airsimversion/autoware.ai/build/autoware_launcher/lib.linux-x86_64-2.7/autoware_launcher/gui
[2.699s] copying src/autoware_launcher/gui/client.py -> /home/yeap/APC_2022_Prac/airsimversion/autoware.ai/build/autoware_launcher/lib.linux-x86_64-2.7/autoware_launcher/gui
[2.699s] copying src/autoware_launcher/gui/widgets.py -> /home/yeap/APC_2022_Prac/airsimversion/autoware.ai/build/autoware_launcher/lib.linux-x86_64-2.7/autoware_launcher/gui
[2.699s] copying src/autoware_launcher/gui/quickstart.py -> /home/yeap/APC_2022_Prac/airsimversion/autoware.ai/build/autoware_launcher/lib.linux-x86_64-2.7/autoware_launcher/gui
[2.699s] copying src/autoware_launcher/gui/guimgr.py -> /home/yeap/APC_2022_Prac/airsimversion/autoware.ai/build/autoware_launcher/lib.linux-x86_64-2.7/autoware_launcher/gui
[2.700s] copying src/autoware_launcher/gui/window.py -> /home/yeap/APC_2022_Prac/airsimversion/autoware.ai/build/autoware_launcher/lib.linux-x86_64-2.7/autoware_launcher/gui
[2.700s] creating /home/yeap/APC_2022_Prac/airsimversion/autoware.ai/build/autoware_launcher/lib.linux-x86_64-2.7/autoware_launcher/gui/simulation
[2.700s] copying src/autoware_launcher/gui/simulation/lgsvl.py -> /home/yeap/APC_2022_Prac/airsimversion/autoware.ai/build/autoware_launcher/lib.linux-x86_64-2.7/autoware_launcher/gui/simulation
[2.700s] copying src/autoware_launcher/gui/simulation/gazebo.py -> /home/yeap/APC_2022_Prac/airsimversion/autoware.ai/build/autoware_launcher/lib.linux-x86_64-2.7/autoware_launcher/gui/simulation
[2.700s] copying src/autoware_launcher/gui/simulation/__init__.py -> /home/yeap/APC_2022_Prac/airsimversion/autoware.ai/build/autoware_launcher/lib.linux-x86_64-2.7/autoware_launcher/gui/simulation
[2.700s] copying src/autoware_launcher/gui/simulation/rosbag.py -> /home/yeap/APC_2022_Prac/airsimversion/autoware.ai/build/autoware_launcher/lib.linux-x86_64-2.7/autoware_launcher/gui/simulation
[2.700s] creating /home/yeap/APC_2022_Prac/airsimversion/autoware.ai/build/autoware_launcher/lib.linux-x86_64-2.7/autoware_launcher/gui/plugins
[2.700s] copying src/autoware_launcher/gui/plugins/basic.py -> /home/yeap/APC_2022_Prac/airsimversion/autoware.ai/build/autoware_launcher/lib.linux-x86_64-2.7/autoware_launcher/gui/plugins
[2.700s] copying src/autoware_launcher/gui/plugins/node.py -> /home/yeap/APC_2022_Prac/airsimversion/autoware.ai/build/autoware_launcher/lib.linux-x86_64-2.7/autoware_launcher/gui/plugins
[2.701s] copying src/autoware_launcher/gui/plugins/__init__.py -> /home/yeap/APC_2022_Prac/airsimversion/autoware.ai/build/autoware_launcher/lib.linux-x86_64-2.7/autoware_launcher/gui/plugins
[2.701s] copying src/autoware_launcher/gui/plugins/camera.py -> /home/yeap/APC_2022_Prac/airsimversion/autoware.ai/build/autoware_launcher/lib.linux-x86_64-2.7/autoware_launcher/gui/plugins
[2.701s] running install
[2.702s] running install_lib
[2.702s] creating /home/yeap/APC_2022_Prac/airsimversion/autoware.ai/install/autoware_launcher/lib/python2.7/dist-packages/autoware_launcher
[2.702s] creating /home/yeap/APC_2022_Prac/airsimversion/autoware.ai/install/autoware_launcher/lib/python2.7/dist-packages/autoware_launcher/core
[2.702s] copying /home/yeap/APC_2022_Prac/airsimversion/autoware.ai/build/autoware_launcher/lib.linux-x86_64-2.7/autoware_launcher/core/server.py -> /home/yeap/APC_2022_Prac/airsimversion/autoware.ai/install/autoware_launcher/lib/python2.7/dist-packages/autoware_launcher/core
[2.702s] copying /home/yeap/APC_2022_Prac/airsimversion/autoware.ai/build/autoware_launcher/lib.linux-x86_64-2.7/autoware_launcher/core/launch.py -> /home/yeap/APC_2022_Prac/airsimversion/autoware.ai/install/autoware_launcher/lib/python2.7/dist-packages/autoware_launcher/core
[2.703s] copying /home/yeap/APC_2022_Prac/airsimversion/autoware.ai/build/autoware_launcher/lib.linux-x86_64-2.7/autoware_launcher/core/mylog.py -> /home/yeap/APC_2022_Prac/airsimversion/autoware.ai/install/autoware_launcher/lib/python2.7/dist-packages/autoware_launcher/core
[2.703s] copying /home/yeap/APC_2022_Prac/airsimversion/autoware.ai/build/autoware_launcher/lib.linux-x86_64-2.7/autoware_launcher/core/myutils.py -> /home/yeap/APC_2022_Prac/airsimversion/autoware.ai/install/autoware_launcher/lib/python2.7/dist-packages/autoware_launcher/core
[2.703s] copying /home/yeap/APC_2022_Prac/airsimversion/autoware.ai/build/autoware_launcher/lib.linux-x86_64-2.7/autoware_launcher/core/basetree.py -> /home/yeap/APC_2022_Prac/airsimversion/autoware.ai/install/autoware_launcher/lib/python2.7/dist-packages/autoware_launcher/core
[2.703s] copying /home/yeap/APC_2022_Prac/airsimversion/autoware.ai/build/autoware_launcher/lib.linux-x86_64-2.7/autoware_launcher/core/__init__.py -> /home/yeap/APC_2022_Prac/airsimversion/autoware.ai/install/autoware_launcher/lib/python2.7/dist-packages/autoware_launcher/core
[2.703s] copying /home/yeap/APC_2022_Prac/airsimversion/autoware.ai/build/autoware_launcher/lib.linux-x86_64-2.7/autoware_launcher/core/plugin.py -> /home/yeap/APC_2022_Prac/airsimversion/autoware.ai/install/autoware_launcher/lib/python2.7/dist-packages/autoware_launcher/core
[2.703s] creating /home/yeap/APC_2022_Prac/airsimversion/autoware.ai/install/autoware_launcher/lib/python2.7/dist-packages/autoware_launcher/tool
[2.703s] copying /home/yeap/APC_2022_Prac/airsimversion/autoware.ai/build/autoware_launcher/lib.linux-x86_64-2.7/autoware_launcher/tool/wizard.py -> /home/yeap/APC_2022_Prac/airsimversion/autoware.ai/install/autoware_launcher/lib/python2.7/dist-packages/autoware_launcher/tool
[2.703s] copying /home/yeap/APC_2022_Prac/airsimversion/autoware.ai/build/autoware_launcher/lib.linux-x86_64-2.7/autoware_launcher/tool/editor.py -> /home/yeap/APC_2022_Prac/airsimversion/autoware.ai/install/autoware_launcher/lib/python2.7/dist-packages/autoware_launcher/tool
[2.703s] copying /home/yeap/APC_2022_Prac/airsimversion/autoware.ai/build/autoware_launcher/lib.linux-x86_64-2.7/autoware_launcher/tool/__init__.py -> /home/yeap/APC_2022_Prac/airsimversion/autoware.ai/install/autoware_launcher/lib/python2.7/dist-packages/autoware_launcher/tool
[2.704s] copying /home/yeap/APC_2022_Prac/airsimversion/autoware.ai/build/autoware_launcher/lib.linux-x86_64-2.7/autoware_launcher/__init__.py -> /home/yeap/APC_2022_Prac/airsimversion/autoware.ai/install/autoware_launcher/lib/python2.7/dist-packages/autoware_launcher
[2.704s] creating /home/yeap/APC_2022_Prac/airsimversion/autoware.ai/install/autoware_launcher/lib/python2.7/dist-packages/autoware_launcher/gui
[2.704s] creating /home/yeap/APC_2022_Prac/airsimversion/autoware.ai/install/autoware_launcher/lib/python2.7/dist-packages/autoware_launcher/gui/simulation
[2.704s] copying /home/yeap/APC_2022_Prac/airsimversion/autoware.ai/build/autoware_launcher/lib.linux-x86_64-2.7/autoware_launcher/gui/simulation/lgsvl.py -> /home/yeap/APC_2022_Prac/airsimversion/autoware.ai/install/autoware_launcher/lib/python2.7/dist-packages/autoware_launcher/gui/simulation
[2.704s] copying /home/yeap/APC_2022_Prac/airsimversion/autoware.ai/build/autoware_launcher/lib.linux-x86_64-2.7/autoware_launcher/gui/simulation/gazebo.py -> /home/yeap/APC_2022_Prac/airsimversion/autoware.ai/install/autoware_launcher/lib/python2.7/dist-packages/autoware_launcher/gui/simulation
[2.704s] copying /home/yeap/APC_2022_Prac/airsimversion/autoware.ai/build/autoware_launcher/lib.linux-x86_64-2.7/autoware_launcher/gui/simulation/__init__.py -> /home/yeap/APC_2022_Prac/airsimversion/autoware.ai/install/autoware_launcher/lib/python2.7/dist-packages/autoware_launcher/gui/simulation
[2.704s] copying /home/yeap/APC_2022_Prac/airsimversion/autoware.ai/build/autoware_launcher/lib.linux-x86_64-2.7/autoware_launcher/gui/simulation/rosbag.py -> /home/yeap/APC_2022_Prac/airsimversion/autoware.ai/install/autoware_launcher/lib/python2.7/dist-packages/autoware_launcher/gui/simulation
[2.704s] copying /home/yeap/APC_2022_Prac/airsimversion/autoware.ai/build/autoware_launcher/lib.linux-x86_64-2.7/autoware_launcher/gui/treeview.py -> /home/yeap/APC_2022_Prac/airsimversion/autoware.ai/install/autoware_launcher/lib/python2.7/dist-packages/autoware_launcher/gui
[2.704s] copying /home/yeap/APC_2022_Prac/airsimversion/autoware.ai/build/autoware_launcher/lib.linux-x86_64-2.7/autoware_launcher/gui/procmgr.py -> /home/yeap/APC_2022_Prac/airsimversion/autoware.ai/install/autoware_launcher/lib/python2.7/dist-packages/autoware_launcher/gui
[2.705s] copying /home/yeap/APC_2022_Prac/airsimversion/autoware.ai/build/autoware_launcher/lib.linux-x86_64-2.7/autoware_launcher/gui/summary.py -> /home/yeap/APC_2022_Prac/airsimversion/autoware.ai/install/autoware_launcher/lib/python2.7/dist-packages/autoware_launcher/gui
[2.705s] copying /home/yeap/APC_2022_Prac/airsimversion/autoware.ai/build/autoware_launcher/lib.linux-x86_64-2.7/autoware_launcher/gui/network.py -> /home/yeap/APC_2022_Prac/airsimversion/autoware.ai/install/autoware_launcher/lib/python2.7/dist-packages/autoware_launcher/gui
[2.705s] copying /home/yeap/APC_2022_Prac/airsimversion/autoware.ai/build/autoware_launcher/lib.linux-x86_64-2.7/autoware_launcher/gui/mirror.py -> /home/yeap/APC_2022_Prac/airsimversion/autoware.ai/install/autoware_launcher/lib/python2.7/dist-packages/autoware_launcher/gui
[2.705s] copying /home/yeap/APC_2022_Prac/airsimversion/autoware.ai/build/autoware_launcher/lib.linux-x86_64-2.7/autoware_launcher/gui/__init__.py -> /home/yeap/APC_2022_Prac/airsimversion/autoware.ai/install/autoware_launcher/lib/python2.7/dist-packages/autoware_launcher/gui
[2.705s] copying /home/yeap/APC_2022_Prac/airsimversion/autoware.ai/build/autoware_launcher/lib.linux-x86_64-2.7/autoware_launcher/gui/client.py -> /home/yeap/APC_2022_Prac/airsimversion/autoware.ai/install/autoware_launcher/lib/python2.7/dist-packages/autoware_launcher/gui
[2.705s] creating /home/yeap/APC_2022_Prac/airsimversion/autoware.ai/install/autoware_launcher/lib/python2.7/dist-packages/autoware_launcher/gui/plugins
[2.705s] copying /home/yeap/APC_2022_Prac/airsimversion/autoware.ai/build/autoware_launcher/lib.linux-x86_64-2.7/autoware_launcher/gui/plugins/basic.py -> /home/yeap/APC_2022_Prac/airsimversion/autoware.ai/install/autoware_launcher/lib/python2.7/dist-packages/autoware_launcher/gui/plugins
[2.705s] copying /home/yeap/APC_2022_Prac/airsimversion/autoware.ai/build/autoware_launcher/lib.linux-x86_64-2.7/autoware_launcher/gui/plugins/node.py -> /home/yeap/APC_2022_Prac/airsimversion/autoware.ai/install/autoware_launcher/lib/python2.7/dist-packages/autoware_launcher/gui/plugins
[2.705s] copying /home/yeap/APC_2022_Prac/airsimversion/autoware.ai/build/autoware_launcher/lib.linux-x86_64-2.7/autoware_launcher/gui/plugins/__init__.py -> /home/yeap/APC_2022_Prac/airsimversion/autoware.ai/install/autoware_launcher/lib/python2.7/dist-packages/autoware_launcher/gui/plugins
[2.705s] copying /home/yeap/APC_2022_Prac/airsimversion/autoware.ai/build/autoware_launcher/lib.linux-x86_64-2.7/autoware_launcher/gui/plugins/camera.py -> /home/yeap/APC_2022_Prac/airsimversion/autoware.ai/install/autoware_launcher/lib/python2.7/dist-packages/autoware_launcher/gui/plugins
[2.706s] copying /home/yeap/APC_2022_Prac/airsimversion/autoware.ai/build/autoware_launcher/lib.linux-x86_64-2.7/autoware_launcher/gui/widgets.py -> /home/yeap/APC_2022_Prac/airsimversion/autoware.ai/install/autoware_launcher/lib/python2.7/dist-packages/autoware_launcher/gui
[2.706s] copying /home/yeap/APC_2022_Prac/airsimversion/autoware.ai/build/autoware_launcher/lib.linux-x86_64-2.7/autoware_launcher/gui/quickstart.py -> /home/yeap/APC_2022_Prac/airsimversion/autoware.ai/install/autoware_launcher/lib/python2.7/dist-packages/autoware_launcher/gui
[2.706s] copying /home/yeap/APC_2022_Prac/airsimversion/autoware.ai/build/autoware_launcher/lib.linux-x86_64-2.7/autoware_launcher/gui/guimgr.py -> /home/yeap/APC_2022_Prac/airsimversion/autoware.ai/install/autoware_launcher/lib/python2.7/dist-packages/autoware_launcher/gui
[2.706s] copying /home/yeap/APC_2022_Prac/airsimversion/autoware.ai/build/autoware_launcher/lib.linux-x86_64-2.7/autoware_launcher/gui/window.py -> /home/yeap/APC_2022_Prac/airsimversion/autoware.ai/install/autoware_launcher/lib/python2.7/dist-packages/autoware_launcher/gui
[2.706s] byte-compiling /home/yeap/APC_2022_Prac/airsimversion/autoware.ai/install/autoware_launcher/lib/python2.7/dist-packages/autoware_launcher/core/server.py to server.pyc
[2.708s] byte-compiling /home/yeap/APC_2022_Prac/airsimversion/autoware.ai/install/autoware_launcher/lib/python2.7/dist-packages/autoware_launcher/core/launch.py to launch.pyc
[2.710s] byte-compiling /home/yeap/APC_2022_Prac/airsimversion/autoware.ai/install/autoware_launcher/lib/python2.7/dist-packages/autoware_launcher/core/mylog.py to mylog.pyc
[2.710s] byte-compiling /home/yeap/APC_2022_Prac/airsimversion/autoware.ai/install/autoware_launcher/lib/python2.7/dist-packages/autoware_launcher/core/myutils.py to myutils.pyc
[2.710s] byte-compiling /home/yeap/APC_2022_Prac/airsimversion/autoware.ai/install/autoware_launcher/lib/python2.7/dist-packages/autoware_launcher/core/basetree.py to basetree.pyc
[2.711s] byte-compiling /home/yeap/APC_2022_Prac/airsimversion/autoware.ai/install/autoware_launcher/lib/python2.7/dist-packages/autoware_launcher/core/__init__.py to __init__.pyc
[2.711s] byte-compiling /home/yeap/APC_2022_Prac/airsimversion/autoware.ai/install/autoware_launcher/lib/python2.7/dist-packages/autoware_launcher/core/plugin.py to plugin.pyc
[2.712s] byte-compiling /home/yeap/APC_2022_Prac/airsimversion/autoware.ai/install/autoware_launcher/lib/python2.7/dist-packages/autoware_launcher/tool/wizard.py to wizard.pyc
[2.713s] byte-compiling /home/yeap/APC_2022_Prac/airsimversion/autoware.ai/install/autoware_launcher/lib/python2.7/dist-packages/autoware_launcher/tool/editor.py to editor.pyc
[2.714s] byte-compiling /home/yeap/APC_2022_Prac/airsimversion/autoware.ai/install/autoware_launcher/lib/python2.7/dist-packages/autoware_launcher/tool/__init__.py to __init__.pyc
[2.714s] byte-compiling /home/yeap/APC_2022_Prac/airsimversion/autoware.ai/install/autoware_launcher/lib/python2.7/dist-packages/autoware_launcher/__init__.py to __init__.pyc
[2.714s] byte-compiling /home/yeap/APC_2022_Prac/airsimversion/autoware.ai/install/autoware_launcher/lib/python2.7/dist-packages/autoware_launcher/gui/simulation/lgsvl.py to lgsvl.pyc
[2.714s] byte-compiling /home/yeap/APC_2022_Prac/airsimversion/autoware.ai/install/autoware_launcher/lib/python2.7/dist-packages/autoware_launcher/gui/simulation/gazebo.py to gazebo.pyc
[2.715s] byte-compiling /home/yeap/APC_2022_Prac/airsimversion/autoware.ai/install/autoware_launcher/lib/python2.7/dist-packages/autoware_launcher/gui/simulation/__init__.py to __init__.pyc
[2.715s] byte-compiling /home/yeap/APC_2022_Prac/airsimversion/autoware.ai/install/autoware_launcher/lib/python2.7/dist-packages/autoware_launcher/gui/simulation/rosbag.py to rosbag.pyc
[2.716s] byte-compiling /home/yeap/APC_2022_Prac/airsimversion/autoware.ai/install/autoware_launcher/lib/python2.7/dist-packages/autoware_launcher/gui/treeview.py to treeview.pyc
[2.717s] byte-compiling /home/yeap/APC_2022_Prac/airsimversion/autoware.ai/install/autoware_launcher/lib/python2.7/dist-packages/autoware_launcher/gui/procmgr.py to procmgr.pyc
[2.717s] byte-compiling /home/yeap/APC_2022_Prac/airsimversion/autoware.ai/install/autoware_launcher/lib/python2.7/dist-packages/autoware_launcher/gui/summary.py to summary.pyc
[2.717s] byte-compiling /home/yeap/APC_2022_Prac/airsimversion/autoware.ai/install/autoware_launcher/lib/python2.7/dist-packages/autoware_launcher/gui/network.py to network.pyc
[2.718s] byte-compiling /home/yeap/APC_2022_Prac/airsimversion/autoware.ai/install/autoware_launcher/lib/python2.7/dist-packages/autoware_launcher/gui/mirror.py to mirror.pyc
[2.718s] byte-compiling /home/yeap/APC_2022_Prac/airsimversion/autoware.ai/install/autoware_launcher/lib/python2.7/dist-packages/autoware_launcher/gui/__init__.py to __init__.pyc
[2.718s] byte-compiling /home/yeap/APC_2022_Prac/airsimversion/autoware.ai/install/autoware_launcher/lib/python2.7/dist-packages/autoware_launcher/gui/client.py to client.pyc
[2.720s] byte-compiling /home/yeap/APC_2022_Prac/airsimversion/autoware.ai/install/autoware_launcher/lib/python2.7/dist-packages/autoware_launcher/gui/plugins/basic.py to basic.pyc
[2.722s] byte-compiling /home/yeap/APC_2022_Prac/airsimversion/autoware.ai/install/autoware_launcher/lib/python2.7/dist-packages/autoware_launcher/gui/plugins/node.py to node.pyc
[2.723s] byte-compiling /home/yeap/APC_2022_Prac/airsimversion/autoware.ai/install/autoware_launcher/lib/python2.7/dist-packages/autoware_launcher/gui/plugins/__init__.py to __init__.pyc
[2.723s] byte-compiling /home/yeap/APC_2022_Prac/airsimversion/autoware.ai/install/autoware_launcher/lib/python2.7/dist-packages/autoware_launcher/gui/plugins/camera.py to camera.pyc
[2.723s] byte-compiling /home/yeap/APC_2022_Prac/airsimversion/autoware.ai/install/autoware_launcher/lib/python2.7/dist-packages/autoware_launcher/gui/widgets.py to widgets.pyc
[2.724s] byte-compiling /home/yeap/APC_2022_Prac/airsimversion/autoware.ai/install/autoware_launcher/lib/python2.7/dist-packages/autoware_launcher/gui/quickstart.py to quickstart.pyc
[2.725s] byte-compiling /home/yeap/APC_2022_Prac/airsimversion/autoware.ai/install/autoware_launcher/lib/python2.7/dist-packages/autoware_launcher/gui/guimgr.py to guimgr.pyc
[2.726s] byte-compiling /home/yeap/APC_2022_Prac/airsimversion/autoware.ai/install/autoware_launcher/lib/python2.7/dist-packages/autoware_launcher/gui/window.py to window.pyc
[2.726s] running install_egg_info
[2.726s] Writing /home/yeap/APC_2022_Prac/airsimversion/autoware.ai/install/autoware_launcher/lib/python2.7/dist-packages/autoware_launcher-1.12.0.egg-info
[2.734s] -- Installing: /home/yeap/APC_2022_Prac/airsimversion/autoware.ai/install/autoware_launcher/lib/pkgconfig/autoware_launcher.pc
[2.734s] -- Installing: /home/yeap/APC_2022_Prac/airsimversion/autoware.ai/install/autoware_launcher/share/autoware_launcher/cmake/autoware_launcherConfig.cmake
[2.734s] -- Installing: /home/yeap/APC_2022_Prac/airsimversion/autoware.ai/install/autoware_launcher/share/autoware_launcher/cmake/autoware_launcherConfig-version.cmake
[2.734s] -- Installing: /home/yeap/APC_2022_Prac/airsimversion/autoware.ai/install/autoware_launcher/share/autoware_launcher/package.xml
[2.734s] -- Installing: /home/yeap/APC_2022_Prac/airsimversion/autoware.ai/install/autoware_launcher/lib/autoware_launcher/main
[2.735s] -- Installing: /home/yeap/APC_2022_Prac/airsimversion/autoware.ai/install/autoware_launcher/lib/autoware_launcher/tool
[2.735s] -- Installing: /home/yeap/APC_2022_Prac/airsimversion/autoware.ai/install/autoware_launcher/share/autoware_launcher/resources
[2.735s] -- Installing: /home/yeap/APC_2022_Prac/airsimversion/autoware.ai/install/autoware_launcher/share/autoware_launcher/resources/lgsvl.yaml
[2.735s] -- Installing: /home/yeap/APC_2022_Prac/airsimversion/autoware.ai/install/autoware_launcher/share/autoware_launcher/resources/rosbagplay.xml
[2.735s] -- Installing: /home/yeap/APC_2022_Prac/airsimversion/autoware.ai/install/autoware_launcher/share/autoware_launcher/resources/dummy.yaml
[2.735s] -- Installing: /home/yeap/APC_2022_Prac/airsimversion/autoware.ai/install/autoware_launcher/share/autoware_launcher/resources/skins
[2.735s] -- Installing: /home/yeap/APC_2022_Prac/airsimversion/autoware.ai/install/autoware_launcher/share/autoware_launcher/resources/skins/qt.css
[2.735s] -- Installing: /home/yeap/APC_2022_Prac/airsimversion/autoware.ai/install/autoware_launcher/share/autoware_launcher/resources/skins/autoware.css
[2.735s] -- Installing: /home/yeap/APC_2022_Prac/airsimversion/autoware.ai/install/autoware_launcher/share/autoware_launcher/resources/autoware_logo.png
[2.735s] -- Installing: /home/yeap/APC_2022_Prac/airsimversion/autoware.ai/install/autoware_launcher/share/autoware_launcher/plugins
[2.735s] -- Installing: /home/yeap/APC_2022_Prac/airsimversion/autoware.ai/install/autoware_launcher/share/autoware_launcher/plugins/root
[2.736s] -- Installing: /home/yeap/APC_2022_Prac/airsimversion/autoware.ai/install/autoware_launcher/share/autoware_launcher/plugins/root/default.yaml
[2.736s] -- Installing: /home/yeap/APC_2022_Prac/airsimversion/autoware.ai/install/autoware_launcher/share/autoware_launcher/plugins/driver
[2.736s] -- Installing: /home/yeap/APC_2022_Prac/airsimversion/autoware.ai/install/autoware_launcher/share/autoware_launcher/plugins/driver/lidar
[2.736s] -- Installing: /home/yeap/APC_2022_Prac/airsimversion/autoware.ai/install/autoware_launcher/share/autoware_launcher/plugins/driver/lidar/vlp16.xml
[2.736s] -- Installing: /home/yeap/APC_2022_Prac/airsimversion/autoware.ai/install/autoware_launcher/share/autoware_launcher/plugins/driver/lidar/vlp32c.xml
[2.736s] -- Installing: /home/yeap/APC_2022_Prac/airsimversion/autoware.ai/install/autoware_launcher/share/autoware_launcher/plugins/driver/lidar/vlp32c.yaml
[2.736s] -- Installing: /home/yeap/APC_2022_Prac/airsimversion/autoware.ai/install/autoware_launcher/share/autoware_launcher/plugins/driver/lidar/vlp16.yaml
[2.736s] -- Installing: /home/yeap/APC_2022_Prac/airsimversion/autoware.ai/install/autoware_launcher/share/autoware_launcher/plugins/driver/camera
[2.736s] -- Installing: /home/yeap/APC_2022_Prac/airsimversion/autoware.ai/install/autoware_launcher/share/autoware_launcher/plugins/driver/camera/usb.xml
[2.736s] -- Installing: /home/yeap/APC_2022_Prac/airsimversion/autoware.ai/install/autoware_launcher/share/autoware_launcher/plugins/driver/camera/usb.yaml
[2.736s] -- Installing: /home/yeap/APC_2022_Prac/airsimversion/autoware.ai/install/autoware_launcher/share/autoware_launcher/plugins/node
[2.737s] -- Installing: /home/yeap/APC_2022_Prac/airsimversion/autoware.ai/install/autoware_launcher/share/autoware_launcher/plugins/node/detection.yaml
[2.737s] -- Installing: /home/yeap/APC_2022_Prac/airsimversion/autoware.ai/install/autoware_launcher/share/autoware_launcher/plugins/node/camera_node.yaml
[2.737s] -- Installing: /home/yeap/APC_2022_Prac/airsimversion/autoware.ai/install/autoware_launcher/share/autoware_launcher/plugins/node/lidar_multi.yaml
[2.737s] -- Installing: /home/yeap/APC_2022_Prac/airsimversion/autoware.ai/install/autoware_launcher/share/autoware_launcher/plugins/node/lidar_single.yaml
[2.737s] -- Installing: /home/yeap/APC_2022_Prac/airsimversion/autoware.ai/install/autoware_launcher/share/autoware_launcher/plugins/node/decision.yaml
[2.737s] -- Installing: /home/yeap/APC_2022_Prac/airsimversion/autoware.ai/install/autoware_launcher/share/autoware_launcher/plugins/node/lidar_merge.yaml
[2.737s] -- Installing: /home/yeap/APC_2022_Prac/airsimversion/autoware.ai/install/autoware_launcher/share/autoware_launcher/plugins/node/prediction.yaml
[2.737s] -- Installing: /home/yeap/APC_2022_Prac/airsimversion/autoware.ai/install/autoware_launcher/share/autoware_launcher/plugins/node/sensing.yaml
[2.737s] -- Installing: /home/yeap/APC_2022_Prac/airsimversion/autoware.ai/install/autoware_launcher/share/autoware_launcher/plugins/node/camera_group.yaml
[2.737s] -- Installing: /home/yeap/APC_2022_Prac/airsimversion/autoware.ai/install/autoware_launcher/share/autoware_launcher/plugins/node/detect_tl.yaml
[2.737s] -- Installing: /home/yeap/APC_2022_Prac/airsimversion/autoware.ai/install/autoware_launcher/share/autoware_launcher/plugins/node/lidar_group.yaml
[2.738s] -- Installing: /home/yeap/APC_2022_Prac/airsimversion/autoware.ai/install/autoware_launcher/share/autoware_launcher/plugins/node/detect_obj.yaml
[2.738s] -- Installing: /home/yeap/APC_2022_Prac/airsimversion/autoware.ai/install/autoware_launcher/share/autoware_launcher/plugins/node/localization.yaml
[2.738s] -- Installing: /home/yeap/APC_2022_Prac/airsimversion/autoware.ai/install/autoware_launcher/share/autoware_launcher/plugins/node/mission.yaml
[2.738s] -- Installing: /home/yeap/APC_2022_Prac/airsimversion/autoware.ai/install/autoware_launcher/share/autoware_launcher/plugins/node/motion.yaml
[2.738s] -- Installing: /home/yeap/APC_2022_Prac/airsimversion/autoware.ai/install/autoware_launcher/share/autoware_launcher/plugins/node/lidar_node.yaml
[2.738s] -- Installing: /home/yeap/APC_2022_Prac/airsimversion/autoware.ai/install/autoware_launcher/share/autoware_launcher/plugins/leaf
[2.738s] -- Installing: /home/yeap/APC_2022_Prac/airsimversion/autoware.ai/install/autoware_launcher/share/autoware_launcher/plugins/leaf/map.yaml
[2.738s] -- Installing: /home/yeap/APC_2022_Prac/airsimversion/autoware.ai/install/autoware_launcher/share/autoware_launcher/plugins/leaf/map.xml
[2.738s] -- Installing: /home/yeap/APC_2022_Prac/airsimversion/autoware.ai/install/autoware_launcher/share/autoware_launcher/plugins/leaf/voxel_grid_filter.xml
[2.738s] -- Installing: /home/yeap/APC_2022_Prac/airsimversion/autoware.ai/install/autoware_launcher/share/autoware_launcher/plugins/leaf/transform_v2v.xml
[2.738s] -- Installing: /home/yeap/APC_2022_Prac/airsimversion/autoware.ai/install/autoware_launcher/share/autoware_launcher/plugins/leaf/lane_rule.xml
[2.738s] -- Installing: /home/yeap/APC_2022_Prac/airsimversion/autoware.ai/install/autoware_launcher/share/autoware_launcher/plugins/leaf/waypoint_loader.yaml
[2.738s] -- Installing: /home/yeap/APC_2022_Prac/airsimversion/autoware.ai/install/autoware_launcher/share/autoware_launcher/plugins/leaf/waypoint_loader.xml
[2.739s] -- Installing: /home/yeap/APC_2022_Prac/airsimversion/autoware.ai/install/autoware_launcher/share/autoware_launcher/plugins/leaf/pure_pursuit.yaml
[2.739s] -- Installing: /home/yeap/APC_2022_Prac/airsimversion/autoware.ai/install/autoware_launcher/share/autoware_launcher/plugins/leaf/calibration.xml
[2.739s] -- Installing: /home/yeap/APC_2022_Prac/airsimversion/autoware.ai/install/autoware_launcher/share/autoware_launcher/plugins/leaf/calibration.yaml
[2.739s] -- Installing: /home/yeap/APC_2022_Prac/airsimversion/autoware.ai/install/autoware_launcher/share/autoware_launcher/plugins/leaf/concat.xml
[2.739s] -- Installing: /home/yeap/APC_2022_Prac/airsimversion/autoware.ai/install/autoware_launcher/share/autoware_launcher/plugins/leaf/voxel_grid_filter.yaml
[2.739s] -- Installing: /home/yeap/APC_2022_Prac/airsimversion/autoware.ai/install/autoware_launcher/share/autoware_launcher/plugins/leaf/lane_stop.xml
[2.739s] -- Installing: /home/yeap/APC_2022_Prac/airsimversion/autoware.ai/install/autoware_launcher/share/autoware_launcher/plugins/leaf/pure_pursuit.xml
[2.739s] -- Installing: /home/yeap/APC_2022_Prac/airsimversion/autoware.ai/install/autoware_launcher/share/autoware_launcher/plugins/leaf/transform_v2b.yaml
[2.740s] -- Installing: /home/yeap/APC_2022_Prac/airsimversion/autoware.ai/install/autoware_launcher/share/autoware_launcher/plugins/leaf/vehicle.yaml
[2.740s] -- Installing: /home/yeap/APC_2022_Prac/airsimversion/autoware.ai/install/autoware_launcher/share/autoware_launcher/plugins/leaf/rviz.yaml
[2.740s] -- Installing: /home/yeap/APC_2022_Prac/airsimversion/autoware.ai/install/autoware_launcher/share/autoware_launcher/plugins/leaf/transform_v2v.yaml
[2.740s] -- Installing: /home/yeap/APC_2022_Prac/airsimversion/autoware.ai/install/autoware_launcher/share/autoware_launcher/plugins/leaf/concat.yaml
[2.740s] -- Installing: /home/yeap/APC_2022_Prac/airsimversion/autoware.ai/install/autoware_launcher/share/autoware_launcher/plugins/leaf/lane_stop.yaml
[2.740s] -- Installing: /home/yeap/APC_2022_Prac/airsimversion/autoware.ai/install/autoware_launcher/share/autoware_launcher/plugins/leaf/vehicle.xml
[2.740s] -- Installing: /home/yeap/APC_2022_Prac/airsimversion/autoware.ai/install/autoware_launcher/share/autoware_launcher/plugins/leaf/rviz.xml
[2.741s] -- Installing: /home/yeap/APC_2022_Prac/airsimversion/autoware.ai/install/autoware_launcher/share/autoware_launcher/plugins/leaf/lane_rule.yaml
[2.741s] -- Installing: /home/yeap/APC_2022_Prac/airsimversion/autoware.ai/install/autoware_launcher/share/autoware_launcher/plugins/leaf/transform_v2b.xml
[2.741s] -- Installing: /home/yeap/APC_2022_Prac/airsimversion/autoware.ai/install/autoware_launcher/share/autoware_launcher/plugins/refs
[2.741s] -- Installing: /home/yeap/APC_2022_Prac/airsimversion/autoware.ai/install/autoware_launcher/share/autoware_launcher/plugins/refs/imm_ukf_pda_track.yaml
[2.741s] -- Installing: /home/yeap/APC_2022_Prac/airsimversion/autoware.ai/install/autoware_launcher/share/autoware_launcher/plugins/refs/velocity_set.yaml
[2.741s] -- Installing: /home/yeap/APC_2022_Prac/airsimversion/autoware.ai/install/autoware_launcher/share/autoware_launcher/plugins/refs/euclidean_cluster.yaml
[2.741s] -- Installing: /home/yeap/APC_2022_Prac/airsimversion/autoware.ai/install/autoware_launcher/share/autoware_launcher/plugins/refs/lane_select.yaml
[2.741s] -- Installing: /home/yeap/APC_2022_Prac/airsimversion/autoware.ai/install/autoware_launcher/share/autoware_launcher/plugins/refs/twist_filter.yaml
[2.742s] -- Installing: /home/yeap/APC_2022_Prac/airsimversion/autoware.ai/install/autoware_launcher/share/autoware_launcher/plugins/refs/yolov3.yaml
[2.742s] -- Installing: /home/yeap/APC_2022_Prac/airsimversion/autoware.ai/install/autoware_launcher/share/autoware_launcher/plugins/refs/nmea2tfpose.yaml
[2.742s] -- Installing: /home/yeap/APC_2022_Prac/airsimversion/autoware.ai/install/autoware_launcher/share/autoware_launcher/plugins/refs/ndt_matching.yaml
[2.742s] -- Installing: /home/yeap/APC_2022_Prac/airsimversion/autoware.ai/install/autoware_launcher/share/autoware_launcher/plugins/refs/range_vision_fusion.yaml
[2.742s] -- Installing: /home/yeap/APC_2022_Prac/airsimversion/autoware.ai/install/autoware_launcher/share/autoware_launcher/plugins/refs/native_motion_predict.yaml
[2.742s] -- Installing: /home/yeap/APC_2022_Prac/airsimversion/autoware.ai/install/autoware_launcher/share/autoware_launcher/plugins/refs/tl_recognition.yaml
[2.742s] -- Installing: /home/yeap/APC_2022_Prac/airsimversion/autoware.ai/install/autoware_launcher/share/autoware_launcher/plugins/refs/astar_avoid.yaml
[2.743s] -- Installing: /home/yeap/APC_2022_Prac/airsimversion/autoware.ai/install/autoware_launcher/share/autoware_launcher/plugins/refs/ray_ground_filter.yaml
[2.743s] -- Installing: /home/yeap/APC_2022_Prac/airsimversion/autoware.ai/install/autoware_launcher/share/autoware_launcher/plugins/refs/tl_mxnet.yaml
[2.743s] -- Installing: /home/yeap/APC_2022_Prac/airsimversion/autoware.ai/install/autoware_launcher/share/autoware_launcher/plugins/refs/vel_pose_connect.yaml
[2.743s] -- Installing: /home/yeap/APC_2022_Prac/airsimversion/autoware.ai/install/autoware_launcher/share/autoware_launcher/plugins/refs/tl_projection.yaml
[2.743s] -- Installing: /home/yeap/APC_2022_Prac/airsimversion/autoware.ai/install/autoware_launcher/share/autoware_launcher/profiles
[2.743s] -- Installing: /home/yeap/APC_2022_Prac/airsimversion/autoware.ai/install/autoware_launcher/share/autoware_launcher/profiles/quickstart
[2.743s] -- Installing: /home/yeap/APC_2022_Prac/airsimversion/autoware.ai/install/autoware_launcher/share/autoware_launcher/profiles/quickstart/root
[2.743s] -- Installing: /home/yeap/APC_2022_Prac/airsimversion/autoware.ai/install/autoware_launcher/share/autoware_launcher/profiles/quickstart/root/detection.yaml
[2.743s] -- Installing: /home/yeap/APC_2022_Prac/airsimversion/autoware.ai/install/autoware_launcher/share/autoware_launcher/profiles/quickstart/root/map.yaml
[2.743s] -- Installing: /home/yeap/APC_2022_Prac/airsimversion/autoware.ai/install/autoware_launcher/share/autoware_launcher/profiles/quickstart/root/decision.yaml
[2.743s] -- Installing: /home/yeap/APC_2022_Prac/airsimversion/autoware.ai/install/autoware_launcher/share/autoware_launcher/profiles/quickstart/root/prediction
[2.744s] -- Installing: /home/yeap/APC_2022_Prac/airsimversion/autoware.ai/install/autoware_launcher/share/autoware_launcher/profiles/quickstart/root/prediction/native_motion_predict.yaml
[2.744s] -- Installing: /home/yeap/APC_2022_Prac/airsimversion/autoware.ai/install/autoware_launcher/share/autoware_launcher/profiles/quickstart/root/detection
[2.744s] -- Installing: /home/yeap/APC_2022_Prac/airsimversion/autoware.ai/install/autoware_launcher/share/autoware_launcher/profiles/quickstart/root/detection/traffic_lights
[2.744s] -- Installing: /home/yeap/APC_2022_Prac/airsimversion/autoware.ai/install/autoware_launcher/share/autoware_launcher/profiles/quickstart/root/detection/traffic_lights/recognition.yaml
[2.744s] -- Installing: /home/yeap/APC_2022_Prac/airsimversion/autoware.ai/install/autoware_launcher/share/autoware_launcher/profiles/quickstart/root/detection/traffic_lights/projection.yaml
[2.744s] -- Installing: /home/yeap/APC_2022_Prac/airsimversion/autoware.ai/install/autoware_launcher/share/autoware_launcher/profiles/quickstart/root/detection/object
[2.744s] -- Installing: /home/yeap/APC_2022_Prac/airsimversion/autoware.ai/install/autoware_launcher/share/autoware_launcher/profiles/quickstart/root/detection/object/points_preproc.yaml
[2.744s] -- Installing: /home/yeap/APC_2022_Prac/airsimversion/autoware.ai/install/autoware_launcher/share/autoware_launcher/profiles/quickstart/root/detection/object/tracking.yaml
[2.744s] -- Installing: /home/yeap/APC_2022_Prac/airsimversion/autoware.ai/install/autoware_launcher/share/autoware_launcher/profiles/quickstart/root/detection/object/images_detect.yaml
[2.745s] -- Installing: /home/yeap/APC_2022_Prac/airsimversion/autoware.ai/install/autoware_launcher/share/autoware_launcher/profiles/quickstart/root/detection/object/fusion.yaml
[2.745s] -- Installing: /home/yeap/APC_2022_Prac/airsimversion/autoware.ai/install/autoware_launcher/share/autoware_launcher/profiles/quickstart/root/detection/object/points_detect.yaml
[2.745s] -- Installing: /home/yeap/APC_2022_Prac/airsimversion/autoware.ai/install/autoware_launcher/share/autoware_launcher/profiles/quickstart/root/detection/traffic_lights.yaml
[2.745s] -- Installing: /home/yeap/APC_2022_Prac/airsimversion/autoware.ai/install/autoware_launcher/share/autoware_launcher/profiles/quickstart/root/detection/object.yaml
[2.745s] -- Installing: /home/yeap/APC_2022_Prac/airsimversion/autoware.ai/install/autoware_launcher/share/autoware_launcher/profiles/quickstart/root/prediction.yaml
[2.745s] -- Installing: /home/yeap/APC_2022_Prac/airsimversion/autoware.ai/install/autoware_launcher/share/autoware_launcher/profiles/quickstart/root/sensing.yaml
[2.745s] -- Installing: /home/yeap/APC_2022_Prac/airsimversion/autoware.ai/install/autoware_launcher/share/autoware_launcher/profiles/quickstart/root/motion
[2.745s] -- Installing: /home/yeap/APC_2022_Prac/airsimversion/autoware.ai/install/autoware_launcher/share/autoware_launcher/profiles/quickstart/root/motion/velocity_set.yaml
[2.745s] -- Installing: /home/yeap/APC_2022_Prac/airsimversion/autoware.ai/install/autoware_launcher/share/autoware_launcher/profiles/quickstart/root/motion/waypoint_loader.yaml
[2.745s] -- Installing: /home/yeap/APC_2022_Prac/airsimversion/autoware.ai/install/autoware_launcher/share/autoware_launcher/profiles/quickstart/root/motion/pure_pursuit.yaml
[2.745s] -- Installing: /home/yeap/APC_2022_Prac/airsimversion/autoware.ai/install/autoware_launcher/share/autoware_launcher/profiles/quickstart/root/motion/twist_filter.yaml
[2.745s] -- Installing: /home/yeap/APC_2022_Prac/airsimversion/autoware.ai/install/autoware_launcher/share/autoware_launcher/profiles/quickstart/root/motion/astar_avoid.yaml
[2.745s] -- Installing: /home/yeap/APC_2022_Prac/airsimversion/autoware.ai/install/autoware_launcher/share/autoware_launcher/profiles/quickstart/root/visualization.yaml
[2.745s] -- Installing: /home/yeap/APC_2022_Prac/airsimversion/autoware.ai/install/autoware_launcher/share/autoware_launcher/profiles/quickstart/root/localization
[2.746s] -- Installing: /home/yeap/APC_2022_Prac/airsimversion/autoware.ai/install/autoware_launcher/share/autoware_launcher/profiles/quickstart/root/localization/downsampler.yaml
[2.746s] -- Installing: /home/yeap/APC_2022_Prac/airsimversion/autoware.ai/install/autoware_launcher/share/autoware_launcher/profiles/quickstart/root/localization/vel_pose_connect.yaml
[2.746s] -- Installing: /home/yeap/APC_2022_Prac/airsimversion/autoware.ai/install/autoware_launcher/share/autoware_launcher/profiles/quickstart/root/localization/localizer.yaml
[2.746s] -- Installing: /home/yeap/APC_2022_Prac/airsimversion/autoware.ai/install/autoware_launcher/share/autoware_launcher/profiles/quickstart/root/mission
[2.746s] -- Installing: /home/yeap/APC_2022_Prac/airsimversion/autoware.ai/install/autoware_launcher/share/autoware_launcher/profiles/quickstart/root/mission/lane_select.yaml
[2.746s] -- Installing: /home/yeap/APC_2022_Prac/airsimversion/autoware.ai/install/autoware_launcher/share/autoware_launcher/profiles/quickstart/root/mission/lane_stop.yaml
[2.746s] -- Installing: /home/yeap/APC_2022_Prac/airsimversion/autoware.ai/install/autoware_launcher/share/autoware_launcher/profiles/quickstart/root/mission/lane_rule.yaml
[2.749s] -- Installing: /home/yeap/APC_2022_Prac/airsimversion/autoware.ai/install/autoware_launcher/share/autoware_launcher/profiles/quickstart/root/vehicle.yaml
[2.749s] -- Installing: /home/yeap/APC_2022_Prac/airsimversion/autoware.ai/install/autoware_launcher/share/autoware_launcher/profiles/quickstart/root/localization.yaml
[2.750s] -- Installing: /home/yeap/APC_2022_Prac/airsimversion/autoware.ai/install/autoware_launcher/share/autoware_launcher/profiles/quickstart/root/mission.yaml
[2.750s] -- Installing: /home/yeap/APC_2022_Prac/airsimversion/autoware.ai/install/autoware_launcher/share/autoware_launcher/profiles/quickstart/root/sensing
[2.750s] -- Installing: /home/yeap/APC_2022_Prac/airsimversion/autoware.ai/install/autoware_launcher/share/autoware_launcher/profiles/quickstart/root/sensing/camera.yaml
[2.750s] -- Installing: /home/yeap/APC_2022_Prac/airsimversion/autoware.ai/install/autoware_launcher/share/autoware_launcher/profiles/quickstart/root/sensing/lidar.yaml
[2.750s] -- Installing: /home/yeap/APC_2022_Prac/airsimversion/autoware.ai/install/autoware_launcher/share/autoware_launcher/profiles/quickstart/root/sensing/lidar
[2.750s] -- Installing: /home/yeap/APC_2022_Prac/airsimversion/autoware.ai/install/autoware_launcher/share/autoware_launcher/profiles/quickstart/root/sensing/lidar/transform.yaml
[2.750s] -- Installing: /home/yeap/APC_2022_Prac/airsimversion/autoware.ai/install/autoware_launcher/share/autoware_launcher/profiles/quickstart/root/sensing/gnss.yaml
[2.750s] -- Installing: /home/yeap/APC_2022_Prac/airsimversion/autoware.ai/install/autoware_launcher/share/autoware_launcher/profiles/quickstart/root/sensing/camera
[2.750s] -- Installing: /home/yeap/APC_2022_Prac/airsimversion/autoware.ai/install/autoware_launcher/share/autoware_launcher/profiles/quickstart/root/sensing/camera/camera0.yaml
[2.750s] -- Installing: /home/yeap/APC_2022_Prac/airsimversion/autoware.ai/install/autoware_launcher/share/autoware_launcher/profiles/quickstart/root/sensing/camera/camera0
[2.750s] -- Installing: /home/yeap/APC_2022_Prac/airsimversion/autoware.ai/install/autoware_launcher/share/autoware_launcher/profiles/quickstart/root/sensing/camera/camera0/calibration.yaml
[2.750s] -- Installing: /home/yeap/APC_2022_Prac/airsimversion/autoware.ai/install/autoware_launcher/share/autoware_launcher/profiles/quickstart/root/motion.yaml
[2.751s] -- Installing: /home/yeap/APC_2022_Prac/airsimversion/autoware.ai/install/autoware_launcher/share/autoware_launcher/profiles/quickstart/root.yaml
[2.751s] -- Installing: /home/yeap/APC_2022_Prac/airsimversion/autoware.ai/install/autoware_launcher/share/autoware_launcher/profiles/quickstart/files
[2.751s] -- Installing: /home/yeap/APC_2022_Prac/airsimversion/autoware.ai/install/autoware_launcher/share/autoware_launcher/profiles/quickstart/files/default.rviz
[2.751s] -- Installing: /home/yeap/APC_2022_Prac/airsimversion/autoware.ai/install/autoware_launcher/share/autoware_launcher/profiles/.gitignore
[2.751s] -- Installing: /home/yeap/APC_2022_Prac/airsimversion/autoware.ai/install/autoware_launcher/share/autoware_launcher/profiles/quickstart.launch
[2.751s] Invoked command in '/home/yeap/APC_2022_Prac/airsimversion/autoware.ai/build/autoware_launcher' returned '0': /usr/bin/cmake --build /home/yeap/APC_2022_Prac/airsimversion/autoware.ai/build/autoware_launcher --target install -- -j6 -l6
