[0.056s] Invoking command in '/home/yeap/APC_2022_Prac/airsimversion/autoware.ai/build/data_preprocessor': CMAKE_PREFIX_PATH=/home/yeap/APC_2022_Prac/airsimversion/autoware.ai/install/autoware_build_flags:${CMAKE_PREFIX_PATH} PKG_CONFIG_PATH=/home/yeap/APC_2022_Prac/airsimversion/autoware.ai/install/autoware_build_flags/lib/x86_64-linux-gnu/pkgconfig:/home/yeap/APC_2022_Prac/airsimversion/autoware.ai/install/autoware_build_flags/lib/pkgconfig:${PKG_CONFIG_PATH} ROS_PACKAGE_PATH=/home/yeap/APC_2022_Prac/airsimversion/autoware.ai/install/autoware_build_flags/share:${ROS_PACKAGE_PATH} /usr/bin/cmake --build /home/yeap/APC_2022_Prac/airsimversion/autoware.ai/build/data_preprocessor -- -j6 -l6
[0.241s] [ 33%] Built target get_Depth
[0.259s] [ 66%] Built target get_Image
[0.276s] [100%] Built target get_PCD
[0.300s] Invoked command in '/home/yeap/APC_2022_Prac/airsimversion/autoware.ai/build/data_preprocessor' returned '0': CMAKE_PREFIX_PATH=/home/yeap/APC_2022_Prac/airsimversion/autoware.ai/install/autoware_build_flags:${CMAKE_PREFIX_PATH} PKG_CONFIG_PATH=/home/yeap/APC_2022_Prac/airsimversion/autoware.ai/install/autoware_build_flags/lib/x86_64-linux-gnu/pkgconfig:/home/yeap/APC_2022_Prac/airsimversion/autoware.ai/install/autoware_build_flags/lib/pkgconfig:${PKG_CONFIG_PATH} ROS_PACKAGE_PATH=/home/yeap/APC_2022_Prac/airsimversion/autoware.ai/install/autoware_build_flags/share:${ROS_PACKAGE_PATH} /usr/bin/cmake --build /home/yeap/APC_2022_Prac/airsimversion/autoware.ai/build/data_preprocessor -- -j6 -l6
[0.633s] Invoking command in '/home/yeap/APC_2022_Prac/airsimversion/autoware.ai/build/data_preprocessor': CMAKE_PREFIX_PATH=/home/yeap/APC_2022_Prac/airsimversion/autoware.ai/install/autoware_build_flags:${CMAKE_PREFIX_PATH} PKG_CONFIG_PATH=/home/yeap/APC_2022_Prac/airsimversion/autoware.ai/install/autoware_build_flags/lib/x86_64-linux-gnu/pkgconfig:/home/yeap/APC_2022_Prac/airsimversion/autoware.ai/install/autoware_build_flags/lib/pkgconfig:${PKG_CONFIG_PATH} ROS_PACKAGE_PATH=/home/yeap/APC_2022_Prac/airsimversion/autoware.ai/install/autoware_build_flags/share:${ROS_PACKAGE_PATH} /usr/bin/cmake --build /home/yeap/APC_2022_Prac/airsimversion/autoware.ai/build/data_preprocessor --target tests -- -j6 -l6
[0.705s] Built target tests
[0.720s] Invoked command in '/home/yeap/APC_2022_Prac/airsimversion/autoware.ai/build/data_preprocessor' returned '0': CMAKE_PREFIX_PATH=/home/yeap/APC_2022_Prac/airsimversion/autoware.ai/install/autoware_build_flags:${CMAKE_PREFIX_PATH} PKG_CONFIG_PATH=/home/yeap/APC_2022_Prac/airsimversion/autoware.ai/install/autoware_build_flags/lib/x86_64-linux-gnu/pkgconfig:/home/yeap/APC_2022_Prac/airsimversion/autoware.ai/install/autoware_build_flags/lib/pkgconfig:${PKG_CONFIG_PATH} ROS_PACKAGE_PATH=/home/yeap/APC_2022_Prac/airsimversion/autoware.ai/install/autoware_build_flags/share:${ROS_PACKAGE_PATH} /usr/bin/cmake --build /home/yeap/APC_2022_Prac/airsimversion/autoware.ai/build/data_preprocessor --target tests -- -j6 -l6
[0.838s] Invoking command in '/home/yeap/APC_2022_Prac/airsimversion/autoware.ai/build/data_preprocessor': CMAKE_PREFIX_PATH=/home/yeap/APC_2022_Prac/airsimversion/autoware.ai/install/autoware_build_flags:${CMAKE_PREFIX_PATH} PKG_CONFIG_PATH=/home/yeap/APC_2022_Prac/airsimversion/autoware.ai/install/autoware_build_flags/lib/x86_64-linux-gnu/pkgconfig:/home/yeap/APC_2022_Prac/airsimversion/autoware.ai/install/autoware_build_flags/lib/pkgconfig:${PKG_CONFIG_PATH} ROS_PACKAGE_PATH=/home/yeap/APC_2022_Prac/airsimversion/autoware.ai/install/autoware_build_flags/share:${ROS_PACKAGE_PATH} /usr/bin/cmake --build /home/yeap/APC_2022_Prac/airsimversion/autoware.ai/build/data_preprocessor --target install -- -j6 -l6
[0.906s] [ 33%] Built target get_PCD
[0.906s] [ 66%] Built target get_Image
[0.918s] [100%] Built target get_Depth
[0.948s] [36mInstall the project...[0m
[0.960s] -- Install configuration: "Release"
[0.961s] -- Up-to-date: /home/yeap/APC_2022_Prac/airsimversion/autoware.ai/install/data_preprocessor/lib/pkgconfig/data_preprocessor.pc
[0.961s] -- Up-to-date: /home/yeap/APC_2022_Prac/airsimversion/autoware.ai/install/data_preprocessor/share/data_preprocessor/cmake/data_preprocessorConfig.cmake
[0.961s] -- Up-to-date: /home/yeap/APC_2022_Prac/airsimversion/autoware.ai/install/data_preprocessor/share/data_preprocessor/cmake/data_preprocessorConfig-version.cmake
[0.961s] -- Up-to-date: /home/yeap/APC_2022_Prac/airsimversion/autoware.ai/install/data_preprocessor/share/data_preprocessor/package.xml
[0.961s] -- Up-to-date: /home/yeap/APC_2022_Prac/airsimversion/autoware.ai/install/data_preprocessor/lib/data_preprocessor/get_Image
[0.961s] -- Up-to-date: /home/yeap/APC_2022_Prac/airsimversion/autoware.ai/install/data_preprocessor/lib/data_preprocessor/get_PCD
[0.961s] -- Up-to-date: /home/yeap/APC_2022_Prac/airsimversion/autoware.ai/install/data_preprocessor/lib/data_preprocessor/get_Depth
[0.970s] Invoked command in '/home/yeap/APC_2022_Prac/airsimversion/autoware.ai/build/data_preprocessor' returned '0': CMAKE_PREFIX_PATH=/home/yeap/APC_2022_Prac/airsimversion/autoware.ai/install/autoware_build_flags:${CMAKE_PREFIX_PATH} PKG_CONFIG_PATH=/home/yeap/APC_2022_Prac/airsimversion/autoware.ai/install/autoware_build_flags/lib/x86_64-linux-gnu/pkgconfig:/home/yeap/APC_2022_Prac/airsimversion/autoware.ai/install/autoware_build_flags/lib/pkgconfig:${PKG_CONFIG_PATH} ROS_PACKAGE_PATH=/home/yeap/APC_2022_Prac/airsimversion/autoware.ai/install/autoware_build_flags/share:${ROS_PACKAGE_PATH} /usr/bin/cmake --build /home/yeap/APC_2022_Prac/airsimversion/autoware.ai/build/data_preprocessor --target install -- -j6 -l6
