[0.012s] Invoking command in '/home/yeap/APC_2022_Prac/airsimversion/autoware.ai/build/oculus_socket': /usr/bin/cmake /home/yeap/APC_2022_Prac/airsimversion/autoware.ai/src/autoware/utilities/oculus_socket -DCMAKE_BUILD_TYPE=Release -DCATKIN_INSTALL_INTO_PREFIX_ROOT=0 -DCMAKE_INSTALL_PREFIX=/home/yeap/APC_2022_Prac/airsimversion/autoware.ai/install/oculus_socket
[0.107s] -- The C compiler identification is GNU 7.5.0
[0.180s] -- The CXX compiler identification is GNU 7.5.0
[0.185s] -- Check for working C compiler: /usr/bin/cc
[0.254s] -- Check for working C compiler: /usr/bin/cc -- works
[0.254s] -- Detecting C compiler ABI info
[0.328s] -- Detecting C compiler ABI info - done
[0.336s] -- Detecting C compile features
[0.584s] -- Detecting C compile features - done
[0.588s] -- Check for working CXX compiler: /usr/bin/c++
[0.668s] -- Check for working CXX compiler: /usr/bin/c++ -- works
[0.668s] -- Detecting CXX compiler ABI info
[0.771s] -- Detecting CXX compiler ABI info - done
[0.777s] -- Detecting CXX compile features
[1.138s] -- Detecting CXX compile features - done
[1.145s] -- Using CATKIN_DEVEL_PREFIX: /home/yeap/APC_2022_Prac/airsimversion/autoware.ai/build/oculus_socket/devel
[1.145s] -- Using CMAKE_PREFIX_PATH: /opt/ros/melodic
[1.145s] -- This workspace overlays: /opt/ros/melodic
[1.166s] -- Found PythonInterp: /usr/bin/python2 (found suitable version "2.7.17", minimum required is "2") 
[1.167s] -- Using PYTHON_EXECUTABLE: /usr/bin/python2
[1.167s] -- Using Debian Python package layout
[1.168s] -- Using empy: /usr/bin/empy
[1.332s] -- Using CATKIN_ENABLE_TESTING: ON
[1.332s] -- Call enable_testing()
[1.334s] -- Using CATKIN_TEST_RESULTS_DIR: /home/yeap/APC_2022_Prac/airsimversion/autoware.ai/build/oculus_socket/test_results
[1.358s] -- Found gtest sources under '/usr/src/googletest': gtests will be built
[1.358s] -- Found gmock sources under '/usr/src/googletest': gmock will be built
[1.377s] -- Found PythonInterp: /usr/bin/python2 (found version "2.7.17") 
[1.378s] -- Looking for pthread.h
[1.453s] -- Looking for pthread.h - found
[1.454s] -- Looking for pthread_create
[1.528s] -- Looking for pthread_create - not found
[1.529s] -- Looking for pthread_create in pthreads
[1.592s] -- Looking for pthread_create in pthreads - not found
[1.593s] -- Looking for pthread_create in pthread
[1.666s] -- Looking for pthread_create in pthread - found
[1.668s] -- Found Threads: TRUE  
[1.674s] -- Using Python nosetests: /usr/bin/nosetests-2.7
[1.722s] -- catkin 0.7.29
[1.722s] -- BUILD_SHARED_LIBS is on
[2.486s] -- Using these message generators: gencpp;geneus;genlisp;gennodejs;genpy
[3.020s] -- Configuring done
[3.073s] -- Generating done
[3.084s] -- Build files have been written to: /home/yeap/APC_2022_Prac/airsimversion/autoware.ai/build/oculus_socket
[3.095s] Invoked command in '/home/yeap/APC_2022_Prac/airsimversion/autoware.ai/build/oculus_socket' returned '0': /usr/bin/cmake /home/yeap/APC_2022_Prac/airsimversion/autoware.ai/src/autoware/utilities/oculus_socket -DCMAKE_BUILD_TYPE=Release -DCATKIN_INSTALL_INTO_PREFIX_ROOT=0 -DCMAKE_INSTALL_PREFIX=/home/yeap/APC_2022_Prac/airsimversion/autoware.ai/install/oculus_socket
[3.096s] Invoking command in '/home/yeap/APC_2022_Prac/airsimversion/autoware.ai/build/oculus_socket': /usr/bin/cmake --build /home/yeap/APC_2022_Prac/airsimversion/autoware.ai/build/oculus_socket -- -j6 -l6
[3.149s] [35m[1mScanning dependencies of target oculus_sender[0m
[3.214s] [ 50%] [32mBuilding CXX object CMakeFiles/oculus_sender.dir/nodes/oculus_sender/oculus_sender.cpp.o[0m
[10.827s] [100%] [32m[1mLinking CXX executable devel/lib/oculus_socket/oculus_sender[0m
[11.293s] [100%] Built target oculus_sender
[11.309s] Invoked command in '/home/yeap/APC_2022_Prac/airsimversion/autoware.ai/build/oculus_socket' returned '0': /usr/bin/cmake --build /home/yeap/APC_2022_Prac/airsimversion/autoware.ai/build/oculus_socket -- -j6 -l6
[11.401s] Invoking command in '/home/yeap/APC_2022_Prac/airsimversion/autoware.ai/build/oculus_socket': /usr/bin/cmake --build /home/yeap/APC_2022_Prac/airsimversion/autoware.ai/build/oculus_socket --target tests -- -j6 -l6
[11.484s] [35m[1mScanning dependencies of target tests[0m
[11.499s] Built target tests
[11.517s] Invoked command in '/home/yeap/APC_2022_Prac/airsimversion/autoware.ai/build/oculus_socket' returned '0': /usr/bin/cmake --build /home/yeap/APC_2022_Prac/airsimversion/autoware.ai/build/oculus_socket --target tests -- -j6 -l6
[11.644s] Invoking command in '/home/yeap/APC_2022_Prac/airsimversion/autoware.ai/build/oculus_socket': /usr/bin/cmake --build /home/yeap/APC_2022_Prac/airsimversion/autoware.ai/build/oculus_socket --target install -- -j6 -l6
[11.722s] [100%] Built target oculus_sender
[11.746s] [36mInstall the project...[0m
[11.756s] -- Install configuration: "Release"
[11.756s] -- Installing: /home/yeap/APC_2022_Prac/airsimversion/autoware.ai/install/oculus_socket/lib/pkgconfig/oculus_socket.pc
[11.757s] -- Installing: /home/yeap/APC_2022_Prac/airsimversion/autoware.ai/install/oculus_socket/share/oculus_socket/cmake/oculus_socketConfig.cmake
[11.757s] -- Installing: /home/yeap/APC_2022_Prac/airsimversion/autoware.ai/install/oculus_socket/share/oculus_socket/cmake/oculus_socketConfig-version.cmake
[11.758s] -- Installing: /home/yeap/APC_2022_Prac/airsimversion/autoware.ai/install/oculus_socket/share/oculus_socket/package.xml
[11.758s] -- Installing: /home/yeap/APC_2022_Prac/airsimversion/autoware.ai/install/oculus_socket/lib/oculus_socket/oculus_sender
[11.759s] -- Set runtime path of "/home/yeap/APC_2022_Prac/airsimversion/autoware.ai/install/oculus_socket/lib/oculus_socket/oculus_sender" to ""
[11.759s] -- Installing: /home/yeap/APC_2022_Prac/airsimversion/autoware.ai/install/oculus_socket/share/oculus_socket/launch
[11.763s] -- Installing: /home/yeap/APC_2022_Prac/airsimversion/autoware.ai/install/oculus_socket/share/oculus_socket/launch/oculus_sender.launch
[11.777s] Invoked command in '/home/yeap/APC_2022_Prac/airsimversion/autoware.ai/build/oculus_socket' returned '0': /usr/bin/cmake --build /home/yeap/APC_2022_Prac/airsimversion/autoware.ai/build/oculus_socket --target install -- -j6 -l6
