[0.017s] Invoking command in '/home/yeap/APC_2022_Prac/airsimversion/autoware.ai/build/lanelet2_core': CMAKE_PREFIX_PATH=/home/yeap/APC_2022_Prac/airsimversion/autoware.ai/install/mrt_cmake_modules:${CMAKE_PREFIX_PATH} PKG_CONFIG_PATH=/home/yeap/APC_2022_Prac/airsimversion/autoware.ai/install/mrt_cmake_modules/lib/x86_64-linux-gnu/pkgconfig:/home/yeap/APC_2022_Prac/airsimversion/autoware.ai/install/mrt_cmake_modules/lib/pkgconfig:${PKG_CONFIG_PATH} PYTHONPATH=/home/yeap/APC_2022_Prac/airsimversion/autoware.ai/install/mrt_cmake_modules/lib/python2.7/dist-packages:${PYTHONPATH} ROS_PACKAGE_PATH=/home/yeap/APC_2022_Prac/airsimversion/autoware.ai/install/mrt_cmake_modules/share:${ROS_PACKAGE_PATH} /usr/bin/cmake /home/yeap/APC_2022_Prac/airsimversion/autoware.ai/src/vendor/lanelet2/lanelet2_core -DCMAKE_BUILD_TYPE=Release -DCATKIN_INSTALL_INTO_PREFIX_ROOT=0 -DCMAKE_INSTALL_PREFIX=/home/yeap/APC_2022_Prac/airsimversion/autoware.ai/install/lanelet2_core
[0.117s] -- The C compiler identification is GNU 7.5.0
[0.218s] -- The CXX compiler identification is GNU 7.5.0
[0.225s] -- Check for working C compiler: /usr/bin/cc
[0.339s] -- Check for working C compiler: /usr/bin/cc -- works
[0.340s] -- Detecting C compiler ABI info
[0.449s] -- Detecting C compiler ABI info - done
[0.458s] -- Detecting C compile features
[0.745s] -- Detecting C compile features - done
[0.749s] -- Check for working CXX compiler: /usr/bin/c++
[0.863s] -- Check for working CXX compiler: /usr/bin/c++ -- works
[0.864s] -- Detecting CXX compiler ABI info
[0.945s] -- Detecting CXX compiler ABI info - done
[0.954s] -- Detecting CXX compile features
[1.406s] -- Detecting CXX compile features - done
[1.416s] -- MRT_ARCH not set and X86 target detected (x86_64)
[1.416s] -- Setting -march to sandybridge
[1.793s] -- Found OpenMP_C: -fopenmp (found version "4.5") 
[1.949s] -- Found OpenMP_CXX: -fopenmp (found version "4.5") 
[1.950s] -- Found OpenMP: TRUE (found version "4.5")  
[1.961s] -- Performing Test FLAG_AVAILABLE
[2.057s] -- Performing Test FLAG_AVAILABLE - Success
[2.059s] -- Using CATKIN_DEVEL_PREFIX: /home/yeap/APC_2022_Prac/airsimversion/autoware.ai/build/lanelet2_core/devel
[2.059s] -- Using CMAKE_PREFIX_PATH: /home/yeap/APC_2022_Prac/airsimversion/autoware.ai/install/mrt_cmake_modules;/opt/ros/melodic
[2.060s] -- This workspace overlays: /home/yeap/APC_2022_Prac/airsimversion/autoware.ai/install/mrt_cmake_modules;/opt/ros/melodic
[2.083s] -- Found PythonInterp: /usr/bin/python2 (found suitable version "2.7.17", minimum required is "2") 
[2.083s] -- Using PYTHON_EXECUTABLE: /usr/bin/python2
[2.084s] -- Using Debian Python package layout
[2.084s] -- Using empy: /usr/bin/empy
[2.285s] -- Using CATKIN_ENABLE_TESTING: ON
[2.285s] -- Call enable_testing()
[2.288s] -- Using CATKIN_TEST_RESULTS_DIR: /home/yeap/APC_2022_Prac/airsimversion/autoware.ai/build/lanelet2_core/test_results
[2.306s] -- Found gtest sources under '/usr/src/googletest': gtests will be built
[2.306s] -- Found gmock sources under '/usr/src/googletest': gmock will be built
[2.318s] -- Found PythonInterp: /usr/bin/python2 (found version "2.7.17") 
[2.320s] -- Looking for pthread.h
[2.403s] -- Looking for pthread.h - found
[2.408s] -- Looking for pthread_create
[2.501s] -- Looking for pthread_create - found
[2.504s] -- Found Threads: TRUE  
[2.506s] -- Using Python nosetests: /usr/bin/nosetests-2.7
[2.556s] -- catkin 0.7.29
[2.556s] -- BUILD_SHARED_LIBS is on
[3.078s] -- Boost version: 1.65.1
[3.078s] -- Found the following Boost libraries:
[3.078s] --   wserialization
[3.078s] --   thread
[3.078s] --   random
[3.078s] --   serialization
[3.078s] --   log_setup
[3.078s] --   prg_exec_monitor
[3.078s] --   wave
[3.078s] --   system
[3.078s] --   signals
[3.079s] --   chrono
[3.079s] --   filesystem
[3.079s] --   locale
[3.079s] --   timer
[3.079s] --   date_time
[3.079s] --   regex
[3.079s] --   graph
[3.079s] --   program_options
[3.079s] --   unit_test_framework
[3.079s] --   log
[3.079s] --   atomic
[3.243s] -- Adding library "lanelet2_core" with source src/Attribute.cpp;src/BasicRegulatoryElements.cpp;src/Lanelet.cpp;src/LaneletMap.cpp;src/LaneletSequence.cpp;src/LineStringGeometry.cpp;src/RegulatoryElement.cpp;src/RegulatoryElementGeometry.cpp
[3.245s] -- Marking targets "lanelet2_core" of package "lanelet2_core" for installation
[3.246s] -- Marking HEADER FILES in "include" folder of package "lanelet2_core" for installation
[3.246s] -- Marking SHARED CONTENT FOLDER "res" of package "lanelet2_core" for installation
[3.246s] -- Marking SHARED CONTENT FOLDER "doc" of package "lanelet2_core" for installation
[3.247s] -- Adding gtest unittest "lanelet2_core-test_area-test" with working dir /home/yeap/APC_2022_Prac/airsimversion/autoware.ai/src/vendor/lanelet2/lanelet2_core/test
[3.249s] -- Adding gtest unittest "lanelet2_core-test_attribute-test" with working dir /home/yeap/APC_2022_Prac/airsimversion/autoware.ai/src/vendor/lanelet2/lanelet2_core/test
[3.250s] -- Adding gtest unittest "lanelet2_core-test_lanelet-test" with working dir /home/yeap/APC_2022_Prac/airsimversion/autoware.ai/src/vendor/lanelet2/lanelet2_core/test
[3.251s] -- Adding gtest unittest "lanelet2_core-test_lanelet_map-test" with working dir /home/yeap/APC_2022_Prac/airsimversion/autoware.ai/src/vendor/lanelet2/lanelet2_core/test
[3.253s] -- Adding gtest unittest "lanelet2_core-test_lanelet_map_geometry-test" with working dir /home/yeap/APC_2022_Prac/airsimversion/autoware.ai/src/vendor/lanelet2/lanelet2_core/test
[3.254s] -- Adding gtest unittest "lanelet2_core-test_lanelet_or_area-test" with working dir /home/yeap/APC_2022_Prac/airsimversion/autoware.ai/src/vendor/lanelet2/lanelet2_core/test
[3.256s] -- Adding gtest unittest "lanelet2_core-test_lanelet_sequence-test" with working dir /home/yeap/APC_2022_Prac/airsimversion/autoware.ai/src/vendor/lanelet2/lanelet2_core/test
[3.258s] -- Adding gtest unittest "lanelet2_core-test_linestring-test" with working dir /home/yeap/APC_2022_Prac/airsimversion/autoware.ai/src/vendor/lanelet2/lanelet2_core/test
[3.261s] -- Adding gtest unittest "lanelet2_core-test_point-test" with working dir /home/yeap/APC_2022_Prac/airsimversion/autoware.ai/src/vendor/lanelet2/lanelet2_core/test
[3.262s] -- Adding gtest unittest "lanelet2_core-test_polygon-test" with working dir /home/yeap/APC_2022_Prac/airsimversion/autoware.ai/src/vendor/lanelet2/lanelet2_core/test
[3.263s] -- Adding gtest unittest "lanelet2_core-test_regulatory_element-test" with working dir /home/yeap/APC_2022_Prac/airsimversion/autoware.ai/src/vendor/lanelet2/lanelet2_core/test
[3.266s] -- Adding nosetests in folder test
[3.269s] -- Configuring done
[3.351s] -- Generating done
[3.359s] -- Build files have been written to: /home/yeap/APC_2022_Prac/airsimversion/autoware.ai/build/lanelet2_core
[3.368s] Invoked command in '/home/yeap/APC_2022_Prac/airsimversion/autoware.ai/build/lanelet2_core' returned '0': CMAKE_PREFIX_PATH=/home/yeap/APC_2022_Prac/airsimversion/autoware.ai/install/mrt_cmake_modules:${CMAKE_PREFIX_PATH} PKG_CONFIG_PATH=/home/yeap/APC_2022_Prac/airsimversion/autoware.ai/install/mrt_cmake_modules/lib/x86_64-linux-gnu/pkgconfig:/home/yeap/APC_2022_Prac/airsimversion/autoware.ai/install/mrt_cmake_modules/lib/pkgconfig:${PKG_CONFIG_PATH} PYTHONPATH=/home/yeap/APC_2022_Prac/airsimversion/autoware.ai/install/mrt_cmake_modules/lib/python2.7/dist-packages:${PYTHONPATH} ROS_PACKAGE_PATH=/home/yeap/APC_2022_Prac/airsimversion/autoware.ai/install/mrt_cmake_modules/share:${ROS_PACKAGE_PATH} /usr/bin/cmake /home/yeap/APC_2022_Prac/airsimversion/autoware.ai/src/vendor/lanelet2/lanelet2_core -DCMAKE_BUILD_TYPE=Release -DCATKIN_INSTALL_INTO_PREFIX_ROOT=0 -DCMAKE_INSTALL_PREFIX=/home/yeap/APC_2022_Prac/airsimversion/autoware.ai/install/lanelet2_core
[3.372s] Invoking command in '/home/yeap/APC_2022_Prac/airsimversion/autoware.ai/build/lanelet2_core': CMAKE_PREFIX_PATH=/home/yeap/APC_2022_Prac/airsimversion/autoware.ai/install/mrt_cmake_modules:${CMAKE_PREFIX_PATH} PKG_CONFIG_PATH=/home/yeap/APC_2022_Prac/airsimversion/autoware.ai/install/mrt_cmake_modules/lib/x86_64-linux-gnu/pkgconfig:/home/yeap/APC_2022_Prac/airsimversion/autoware.ai/install/mrt_cmake_modules/lib/pkgconfig:${PKG_CONFIG_PATH} PYTHONPATH=/home/yeap/APC_2022_Prac/airsimversion/autoware.ai/install/mrt_cmake_modules/lib/python2.7/dist-packages:${PYTHONPATH} ROS_PACKAGE_PATH=/home/yeap/APC_2022_Prac/airsimversion/autoware.ai/install/mrt_cmake_modules/share:${ROS_PACKAGE_PATH} /usr/bin/cmake --build /home/yeap/APC_2022_Prac/airsimversion/autoware.ai/build/lanelet2_core -- -j6 -l6
[3.422s] [35m[1mScanning dependencies of target _catkin_empty_exported_target[0m
[3.433s] [  0%] Built target _catkin_empty_exported_target
[3.444s] [35m[1mScanning dependencies of target lanelet2_core[0m
[3.550s] [ 11%] [32mBuilding CXX object CMakeFiles/lanelet2_core.dir/src/Attribute.cpp.o[0m
[8.825s] [ 22%] [32mBuilding CXX object CMakeFiles/lanelet2_core.dir/src/LineStringGeometry.cpp.o[0m
[16.172s] [ 33%] [32mBuilding CXX object CMakeFiles/lanelet2_core.dir/src/RegulatoryElement.cpp.o[0m
[21.775s] [ 44%] [32mBuilding CXX object CMakeFiles/lanelet2_core.dir/src/RegulatoryElementGeometry.cpp.o[0m
[28.967s] [ 55%] [32mBuilding CXX object CMakeFiles/lanelet2_core.dir/src/LaneletSequence.cpp.o[0m
[32.299s] [ 66%] [32mBuilding CXX object CMakeFiles/lanelet2_core.dir/src/LaneletMap.cpp.o[0m
[62.104s] [ 77%] [32mBuilding CXX object CMakeFiles/lanelet2_core.dir/src/Lanelet.cpp.o[0m
[70.242s] [ 88%] [32mBuilding CXX object CMakeFiles/lanelet2_core.dir/src/BasicRegulatoryElements.cpp.o[0m
[76.711s] [100%] [32m[1mLinking CXX shared library devel/lib/liblanelet2_core.so[0m
[76.831s] [100%] Built target lanelet2_core
[76.846s] Invoked command in '/home/yeap/APC_2022_Prac/airsimversion/autoware.ai/build/lanelet2_core' returned '0': CMAKE_PREFIX_PATH=/home/yeap/APC_2022_Prac/airsimversion/autoware.ai/install/mrt_cmake_modules:${CMAKE_PREFIX_PATH} PKG_CONFIG_PATH=/home/yeap/APC_2022_Prac/airsimversion/autoware.ai/install/mrt_cmake_modules/lib/x86_64-linux-gnu/pkgconfig:/home/yeap/APC_2022_Prac/airsimversion/autoware.ai/install/mrt_cmake_modules/lib/pkgconfig:${PKG_CONFIG_PATH} PYTHONPATH=/home/yeap/APC_2022_Prac/airsimversion/autoware.ai/install/mrt_cmake_modules/lib/python2.7/dist-packages:${PYTHONPATH} ROS_PACKAGE_PATH=/home/yeap/APC_2022_Prac/airsimversion/autoware.ai/install/mrt_cmake_modules/share:${ROS_PACKAGE_PATH} /usr/bin/cmake --build /home/yeap/APC_2022_Prac/airsimversion/autoware.ai/build/lanelet2_core -- -j6 -l6
[76.977s] Invoking command in '/home/yeap/APC_2022_Prac/airsimversion/autoware.ai/build/lanelet2_core': CMAKE_PREFIX_PATH=/home/yeap/APC_2022_Prac/airsimversion/autoware.ai/install/mrt_cmake_modules:${CMAKE_PREFIX_PATH} PKG_CONFIG_PATH=/home/yeap/APC_2022_Prac/airsimversion/autoware.ai/install/mrt_cmake_modules/lib/x86_64-linux-gnu/pkgconfig:/home/yeap/APC_2022_Prac/airsimversion/autoware.ai/install/mrt_cmake_modules/lib/pkgconfig:${PKG_CONFIG_PATH} PYTHONPATH=/home/yeap/APC_2022_Prac/airsimversion/autoware.ai/install/mrt_cmake_modules/lib/python2.7/dist-packages:${PYTHONPATH} ROS_PACKAGE_PATH=/home/yeap/APC_2022_Prac/airsimversion/autoware.ai/install/mrt_cmake_modules/share:${ROS_PACKAGE_PATH} /usr/bin/cmake --build /home/yeap/APC_2022_Prac/airsimversion/autoware.ai/build/lanelet2_core --target tests -- -j6 -l6
[77.053s] [  0%] Built target _catkin_empty_exported_target
[77.064s] [35m[1mScanning dependencies of target gtest[0m
[77.084s] [  2%] [32mBuilding CXX object gtest/googlemock/gtest/CMakeFiles/gtest.dir/src/gtest-all.cc.o[0m
[82.550s] [  5%] [32m[1mLinking CXX shared library libgtest.so[0m
[82.605s] [  5%] Built target gtest
[82.647s] [ 31%] Built target lanelet2_core
[82.659s] [35m[1mScanning dependencies of target gtest_main[0m
[82.677s] [ 34%] [32mBuilding CXX object gtest/googlemock/gtest/CMakeFiles/gtest_main.dir/src/gtest_main.cc.o[0m
[83.293s] [ 37%] [32m[1mLinking CXX shared library libgtest_main.so[0m
[83.343s] [ 37%] Built target gtest_main
[83.356s] [35m[1mScanning dependencies of target lanelet2_core-test_polygon-test[0m
[83.404s] [ 40%] [32mBuilding CXX object CMakeFiles/lanelet2_core-test_polygon-test.dir/test/test_polygon.cpp.o[0m
[96.964s] [ 42%] [32m[1mLinking CXX executable devel/lib/lanelet2_core/lanelet2_core-test_polygon-test[0m
[97.042s] [ 42%] Built target lanelet2_core-test_polygon-test
[97.054s] [35m[1mScanning dependencies of target lanelet2_core-test_point-test[0m
[97.094s] [ 45%] [32mBuilding CXX object CMakeFiles/lanelet2_core-test_point-test.dir/test/test_point.cpp.o[0m
[102.144s] [ 48%] [32m[1mLinking CXX executable devel/lib/lanelet2_core/lanelet2_core-test_point-test[0m
[102.212s] [ 48%] Built target lanelet2_core-test_point-test
[102.223s] [35m[1mScanning dependencies of target lanelet2_core-test_lanelet_map-test[0m
[102.275s] [ 51%] [32mBuilding CXX object CMakeFiles/lanelet2_core-test_lanelet_map-test.dir/test/test_lanelet_map.cpp.o[0m
[112.058s] [ 54%] [32m[1mLinking CXX executable devel/lib/lanelet2_core/lanelet2_core-test_lanelet_map-test[0m
[112.127s] [ 54%] Built target lanelet2_core-test_lanelet_map-test
[112.139s] [35m[1mScanning dependencies of target lanelet2_core-test_lanelet_or_area-test[0m
[112.190s] [ 57%] [32mBuilding CXX object CMakeFiles/lanelet2_core-test_lanelet_or_area-test.dir/test/test_lanelet_or_area.cpp.o[0m
[117.521s] [ 60%] [32m[1mLinking CXX executable devel/lib/lanelet2_core/lanelet2_core-test_lanelet_or_area-test[0m
[117.590s] [ 60%] Built target lanelet2_core-test_lanelet_or_area-test
[117.605s] [35m[1mScanning dependencies of target lanelet2_core-test_lanelet_sequence-test[0m
[117.656s] [ 62%] [32mBuilding CXX object CMakeFiles/lanelet2_core-test_lanelet_sequence-test.dir/test/test_lanelet_sequence.cpp.o[0m
[125.681s] [ 65%] [32m[1mLinking CXX executable devel/lib/lanelet2_core/lanelet2_core-test_lanelet_sequence-test[0m
[125.761s] [ 65%] Built target lanelet2_core-test_lanelet_sequence-test
[125.774s] [35m[1mScanning dependencies of target lanelet2_core-test_attribute-test[0m
[125.797s] [ 68%] [32mBuilding CXX object CMakeFiles/lanelet2_core-test_attribute-test.dir/test/test_attribute.cpp.o[0m
[128.517s] [ 71%] [32m[1mLinking CXX executable devel/lib/lanelet2_core/lanelet2_core-test_attribute-test[0m
[128.587s] [ 71%] Built target lanelet2_core-test_attribute-test
[128.597s] [35m[1mScanning dependencies of target lanelet2_core-test_linestring-test[0m
[128.645s] [ 74%] [32mBuilding CXX object CMakeFiles/lanelet2_core-test_linestring-test.dir/test/test_linestring.cpp.o[0m
[153.791s] [ 77%] [32m[1mLinking CXX executable devel/lib/lanelet2_core/lanelet2_core-test_linestring-test[0m
[153.882s] [ 77%] Built target lanelet2_core-test_linestring-test
[153.894s] [35m[1mScanning dependencies of target lanelet2_core-test_lanelet-test[0m
[153.945s] [ 80%] [32mBuilding CXX object CMakeFiles/lanelet2_core-test_lanelet-test.dir/test/test_lanelet.cpp.o[0m
[166.458s] [ 82%] [32m[1mLinking CXX executable devel/lib/lanelet2_core/lanelet2_core-test_lanelet-test[0m
[166.532s] [ 82%] Built target lanelet2_core-test_lanelet-test
[166.545s] [35m[1mScanning dependencies of target lanelet2_core-test_regulatory_element-test[0m
[166.596s] [ 85%] [32mBuilding CXX object CMakeFiles/lanelet2_core-test_regulatory_element-test.dir/test/test_regulatory_element.cpp.o[0m
[174.209s] [ 88%] [32m[1mLinking CXX executable devel/lib/lanelet2_core/lanelet2_core-test_regulatory_element-test[0m
[174.282s] [ 88%] Built target lanelet2_core-test_regulatory_element-test
[174.302s] [35m[1mScanning dependencies of target lanelet2_core-test_area-test[0m
[174.354s] [ 91%] [32mBuilding CXX object CMakeFiles/lanelet2_core-test_area-test.dir/test/test_area.cpp.o[0m
[187.322s] [ 94%] [32m[1mLinking CXX executable devel/lib/lanelet2_core/lanelet2_core-test_area-test[0m
[187.394s] [ 94%] Built target lanelet2_core-test_area-test
[187.408s] [35m[1mScanning dependencies of target lanelet2_core-test_lanelet_map_geometry-test[0m
[187.476s] [ 97%] [32mBuilding CXX object CMakeFiles/lanelet2_core-test_lanelet_map_geometry-test.dir/test/test_lanelet_map_geometry.cpp.o[0m
[206.930s] [100%] [32m[1mLinking CXX executable devel/lib/lanelet2_core/lanelet2_core-test_lanelet_map_geometry-test[0m
[207.007s] [100%] Built target lanelet2_core-test_lanelet_map_geometry-test
[207.021s] [35m[1mScanning dependencies of target tests[0m
[207.034s] [100%] Built target tests
[207.048s] Invoked command in '/home/yeap/APC_2022_Prac/airsimversion/autoware.ai/build/lanelet2_core' returned '0': CMAKE_PREFIX_PATH=/home/yeap/APC_2022_Prac/airsimversion/autoware.ai/install/mrt_cmake_modules:${CMAKE_PREFIX_PATH} PKG_CONFIG_PATH=/home/yeap/APC_2022_Prac/airsimversion/autoware.ai/install/mrt_cmake_modules/lib/x86_64-linux-gnu/pkgconfig:/home/yeap/APC_2022_Prac/airsimversion/autoware.ai/install/mrt_cmake_modules/lib/pkgconfig:${PKG_CONFIG_PATH} PYTHONPATH=/home/yeap/APC_2022_Prac/airsimversion/autoware.ai/install/mrt_cmake_modules/lib/python2.7/dist-packages:${PYTHONPATH} ROS_PACKAGE_PATH=/home/yeap/APC_2022_Prac/airsimversion/autoware.ai/install/mrt_cmake_modules/share:${ROS_PACKAGE_PATH} /usr/bin/cmake --build /home/yeap/APC_2022_Prac/airsimversion/autoware.ai/build/lanelet2_core --target tests -- -j6 -l6
[207.206s] Invoking command in '/home/yeap/APC_2022_Prac/airsimversion/autoware.ai/build/lanelet2_core': CMAKE_PREFIX_PATH=/home/yeap/APC_2022_Prac/airsimversion/autoware.ai/install/mrt_cmake_modules:${CMAKE_PREFIX_PATH} PKG_CONFIG_PATH=/home/yeap/APC_2022_Prac/airsimversion/autoware.ai/install/mrt_cmake_modules/lib/x86_64-linux-gnu/pkgconfig:/home/yeap/APC_2022_Prac/airsimversion/autoware.ai/install/mrt_cmake_modules/lib/pkgconfig:${PKG_CONFIG_PATH} PYTHONPATH=/home/yeap/APC_2022_Prac/airsimversion/autoware.ai/install/mrt_cmake_modules/lib/python2.7/dist-packages:${PYTHONPATH} ROS_PACKAGE_PATH=/home/yeap/APC_2022_Prac/airsimversion/autoware.ai/install/mrt_cmake_modules/share:${ROS_PACKAGE_PATH} /usr/bin/cmake --build /home/yeap/APC_2022_Prac/airsimversion/autoware.ai/build/lanelet2_core --target install -- -j6 -l6
[207.270s] [  0%] Built target _catkin_empty_exported_target
[207.323s] [100%] Built target lanelet2_core
[207.346s] [36mInstall the project...[0m
[207.359s] -- Install configuration: "Release"
[207.360s] -- Installing: /home/yeap/APC_2022_Prac/airsimversion/autoware.ai/install/lanelet2_core/lib/pkgconfig/lanelet2_core.pc
[207.361s] -- Installing: /home/yeap/APC_2022_Prac/airsimversion/autoware.ai/install/lanelet2_core/share/lanelet2_core/cmake/lanelet2_coreConfig.cmake
[207.361s] -- Installing: /home/yeap/APC_2022_Prac/airsimversion/autoware.ai/install/lanelet2_core/share/lanelet2_core/cmake/lanelet2_coreConfig-version.cmake
[207.362s] -- Installing: /home/yeap/APC_2022_Prac/airsimversion/autoware.ai/install/lanelet2_core/share/lanelet2_core/package.xml
[207.363s] -- Installing: /home/yeap/APC_2022_Prac/airsimversion/autoware.ai/install/lanelet2_core/lib/liblanelet2_core.so
[207.372s] -- Installing: /home/yeap/APC_2022_Prac/airsimversion/autoware.ai/install/lanelet2_core/include/lanelet2_core
[207.372s] -- Installing: /home/yeap/APC_2022_Prac/airsimversion/autoware.ai/install/lanelet2_core/include/lanelet2_core/LaneletMap.h
[207.372s] -- Installing: /home/yeap/APC_2022_Prac/airsimversion/autoware.ai/install/lanelet2_core/include/lanelet2_core/geometry
[207.373s] -- Installing: /home/yeap/APC_2022_Prac/airsimversion/autoware.ai/install/lanelet2_core/include/lanelet2_core/geometry/GeometryHelper.h
[207.373s] -- Installing: /home/yeap/APC_2022_Prac/airsimversion/autoware.ai/install/lanelet2_core/include/lanelet2_core/geometry/Point.h
[207.373s] -- Installing: /home/yeap/APC_2022_Prac/airsimversion/autoware.ai/install/lanelet2_core/include/lanelet2_core/geometry/LaneletMap.h
[207.373s] -- Installing: /home/yeap/APC_2022_Prac/airsimversion/autoware.ai/install/lanelet2_core/include/lanelet2_core/geometry/Polygon.h
[207.373s] -- Installing: /home/yeap/APC_2022_Prac/airsimversion/autoware.ai/install/lanelet2_core/include/lanelet2_core/geometry/RegulatoryElement.h
[207.373s] -- Installing: /home/yeap/APC_2022_Prac/airsimversion/autoware.ai/install/lanelet2_core/include/lanelet2_core/geometry/BoundingBox.h
[207.373s] -- Installing: /home/yeap/APC_2022_Prac/airsimversion/autoware.ai/install/lanelet2_core/include/lanelet2_core/geometry/LineString.h
[207.373s] -- Installing: /home/yeap/APC_2022_Prac/airsimversion/autoware.ai/install/lanelet2_core/include/lanelet2_core/geometry/impl
[207.374s] -- Installing: /home/yeap/APC_2022_Prac/airsimversion/autoware.ai/install/lanelet2_core/include/lanelet2_core/geometry/impl/LaneletMap.h
[207.374s] -- Installing: /home/yeap/APC_2022_Prac/airsimversion/autoware.ai/install/lanelet2_core/include/lanelet2_core/geometry/impl/Polygon.h
[207.374s] -- Installing: /home/yeap/APC_2022_Prac/airsimversion/autoware.ai/install/lanelet2_core/include/lanelet2_core/geometry/impl/LineString.h
[207.374s] -- Installing: /home/yeap/APC_2022_Prac/airsimversion/autoware.ai/install/lanelet2_core/include/lanelet2_core/geometry/impl/Area.h
[207.374s] -- Installing: /home/yeap/APC_2022_Prac/airsimversion/autoware.ai/install/lanelet2_core/include/lanelet2_core/geometry/impl/Lanelet.h
[207.374s] -- Installing: /home/yeap/APC_2022_Prac/airsimversion/autoware.ai/install/lanelet2_core/include/lanelet2_core/geometry/Area.h
[207.374s] -- Installing: /home/yeap/APC_2022_Prac/airsimversion/autoware.ai/install/lanelet2_core/include/lanelet2_core/geometry/Lanelet.h
[207.375s] -- Installing: /home/yeap/APC_2022_Prac/airsimversion/autoware.ai/install/lanelet2_core/include/lanelet2_core/Exceptions.h
[207.375s] -- Installing: /home/yeap/APC_2022_Prac/airsimversion/autoware.ai/install/lanelet2_core/include/lanelet2_core/Attribute.h
[207.375s] -- Installing: /home/yeap/APC_2022_Prac/airsimversion/autoware.ai/install/lanelet2_core/include/lanelet2_core/Forward.h
[207.375s] -- Installing: /home/yeap/APC_2022_Prac/airsimversion/autoware.ai/install/lanelet2_core/include/lanelet2_core/utility
[207.375s] -- Installing: /home/yeap/APC_2022_Prac/airsimversion/autoware.ai/install/lanelet2_core/include/lanelet2_core/utility/Optional.h
[207.375s] -- Installing: /home/yeap/APC_2022_Prac/airsimversion/autoware.ai/install/lanelet2_core/include/lanelet2_core/utility/HybridMap.h
[207.375s] -- Installing: /home/yeap/APC_2022_Prac/airsimversion/autoware.ai/install/lanelet2_core/include/lanelet2_core/utility/Utilities.h
[207.376s] -- Installing: /home/yeap/APC_2022_Prac/airsimversion/autoware.ai/install/lanelet2_core/include/lanelet2_core/utility/CompoundIterator.h
[207.376s] -- Installing: /home/yeap/APC_2022_Prac/airsimversion/autoware.ai/install/lanelet2_core/include/lanelet2_core/utility/Units.h
[207.376s] -- Installing: /home/yeap/APC_2022_Prac/airsimversion/autoware.ai/install/lanelet2_core/include/lanelet2_core/utility/TransformIterator.h
[207.376s] -- Installing: /home/yeap/APC_2022_Prac/airsimversion/autoware.ai/install/lanelet2_core/include/lanelet2_core/utility/ReverseAndForwardIterator.h
[207.376s] -- Installing: /home/yeap/APC_2022_Prac/airsimversion/autoware.ai/install/lanelet2_core/include/lanelet2_core/primitives
[207.376s] -- Installing: /home/yeap/APC_2022_Prac/airsimversion/autoware.ai/install/lanelet2_core/include/lanelet2_core/primitives/Point.h
[207.376s] -- Installing: /home/yeap/APC_2022_Prac/airsimversion/autoware.ai/install/lanelet2_core/include/lanelet2_core/primitives/Polygon.h
[207.377s] -- Installing: /home/yeap/APC_2022_Prac/airsimversion/autoware.ai/install/lanelet2_core/include/lanelet2_core/primitives/GPSPoint.h
[207.377s] -- Installing: /home/yeap/APC_2022_Prac/airsimversion/autoware.ai/install/lanelet2_core/include/lanelet2_core/primitives/LineStringOrPolygon.h
[207.377s] -- Installing: /home/yeap/APC_2022_Prac/airsimversion/autoware.ai/install/lanelet2_core/include/lanelet2_core/primitives/RegulatoryElement.h
[207.377s] -- Installing: /home/yeap/APC_2022_Prac/airsimversion/autoware.ai/install/lanelet2_core/include/lanelet2_core/primitives/LaneletOrArea.h
[207.378s] -- Installing: /home/yeap/APC_2022_Prac/airsimversion/autoware.ai/install/lanelet2_core/include/lanelet2_core/primitives/BoundingBox.h
[207.378s] -- Installing: /home/yeap/APC_2022_Prac/airsimversion/autoware.ai/install/lanelet2_core/include/lanelet2_core/primitives/LineString.h
[207.378s] -- Installing: /home/yeap/APC_2022_Prac/airsimversion/autoware.ai/install/lanelet2_core/include/lanelet2_core/primitives/CompoundPolygon.h
[207.378s] -- Installing: /home/yeap/APC_2022_Prac/airsimversion/autoware.ai/install/lanelet2_core/include/lanelet2_core/primitives/LaneletSequence.h
[207.379s] -- Installing: /home/yeap/APC_2022_Prac/airsimversion/autoware.ai/install/lanelet2_core/include/lanelet2_core/primitives/Area.h
[207.379s] -- Installing: /home/yeap/APC_2022_Prac/airsimversion/autoware.ai/install/lanelet2_core/include/lanelet2_core/primitives/Traits.h
[207.379s] -- Installing: /home/yeap/APC_2022_Prac/airsimversion/autoware.ai/install/lanelet2_core/include/lanelet2_core/primitives/Lanelet.h
[207.379s] -- Installing: /home/yeap/APC_2022_Prac/airsimversion/autoware.ai/install/lanelet2_core/include/lanelet2_core/primitives/BasicRegulatoryElements.h
[207.379s] -- Installing: /home/yeap/APC_2022_Prac/airsimversion/autoware.ai/install/lanelet2_core/include/lanelet2_core/primitives/Primitive.h
[207.380s] -- Installing: /home/yeap/APC_2022_Prac/airsimversion/autoware.ai/install/lanelet2_core/include/lanelet2_core/primitives/CompoundLineString.h
[207.380s] -- Installing: /home/yeap/APC_2022_Prac/airsimversion/autoware.ai/install/lanelet2_core/share/lanelet2_core/res
[207.380s] -- Installing: /home/yeap/APC_2022_Prac/airsimversion/autoware.ai/install/lanelet2_core/share/lanelet2_core/res/lanelet_gdb.py
[207.381s] -- Installing: /home/yeap/APC_2022_Prac/airsimversion/autoware.ai/install/lanelet2_core/share/lanelet2_core/res/qtcreator_debugging_helpers.py
[207.381s] -- Installing: /home/yeap/APC_2022_Prac/airsimversion/autoware.ai/install/lanelet2_core/share/lanelet2_core/doc
[207.381s] -- Installing: /home/yeap/APC_2022_Prac/airsimversion/autoware.ai/install/lanelet2_core/share/lanelet2_core/doc/RegulatoryElementTagging.md
[207.382s] -- Installing: /home/yeap/APC_2022_Prac/airsimversion/autoware.ai/install/lanelet2_core/share/lanelet2_core/doc/LaneletPrimitives.md
[207.382s] -- Installing: /home/yeap/APC_2022_Prac/airsimversion/autoware.ai/install/lanelet2_core/share/lanelet2_core/doc/LinestringTagging.md
[207.382s] -- Installing: /home/yeap/APC_2022_Prac/airsimversion/autoware.ai/install/lanelet2_core/share/lanelet2_core/doc/Lanelet1Compability.md
[207.383s] -- Installing: /home/yeap/APC_2022_Prac/airsimversion/autoware.ai/install/lanelet2_core/share/lanelet2_core/doc/GeometryPrimer.md
[207.383s] -- Installing: /home/yeap/APC_2022_Prac/airsimversion/autoware.ai/install/lanelet2_core/share/lanelet2_core/doc/Architecture.md
[207.383s] -- Installing: /home/yeap/APC_2022_Prac/airsimversion/autoware.ai/install/lanelet2_core/share/lanelet2_core/doc/images
[207.383s] -- Installing: /home/yeap/APC_2022_Prac/airsimversion/autoware.ai/install/lanelet2_core/share/lanelet2_core/doc/images/lanelet.png
[207.384s] -- Installing: /home/yeap/APC_2022_Prac/airsimversion/autoware.ai/install/lanelet2_core/share/lanelet2_core/doc/images/area.png
[207.385s] -- Installing: /home/yeap/APC_2022_Prac/airsimversion/autoware.ai/install/lanelet2_core/share/lanelet2_core/doc/images/linestring.png
[207.385s] -- Installing: /home/yeap/APC_2022_Prac/airsimversion/autoware.ai/install/lanelet2_core/share/lanelet2_core/doc/images/architecture.png
[207.386s] -- Installing: /home/yeap/APC_2022_Prac/airsimversion/autoware.ai/install/lanelet2_core/share/lanelet2_core/doc/images/max_hose_problem_small.png
[207.387s] -- Installing: /home/yeap/APC_2022_Prac/airsimversion/autoware.ai/install/lanelet2_core/share/lanelet2_core/doc/images/regulatory_element.png
[207.387s] -- Installing: /home/yeap/APC_2022_Prac/airsimversion/autoware.ai/install/lanelet2_core/share/lanelet2_core/doc/images/lanelet2_example_image.png
[207.388s] -- Installing: /home/yeap/APC_2022_Prac/airsimversion/autoware.ai/install/lanelet2_core/share/lanelet2_core/doc/LaneletAndAreaTagging.md
[207.395s] Invoked command in '/home/yeap/APC_2022_Prac/airsimversion/autoware.ai/build/lanelet2_core' returned '0': CMAKE_PREFIX_PATH=/home/yeap/APC_2022_Prac/airsimversion/autoware.ai/install/mrt_cmake_modules:${CMAKE_PREFIX_PATH} PKG_CONFIG_PATH=/home/yeap/APC_2022_Prac/airsimversion/autoware.ai/install/mrt_cmake_modules/lib/x86_64-linux-gnu/pkgconfig:/home/yeap/APC_2022_Prac/airsimversion/autoware.ai/install/mrt_cmake_modules/lib/pkgconfig:${PKG_CONFIG_PATH} PYTHONPATH=/home/yeap/APC_2022_Prac/airsimversion/autoware.ai/install/mrt_cmake_modules/lib/python2.7/dist-packages:${PYTHONPATH} ROS_PACKAGE_PATH=/home/yeap/APC_2022_Prac/airsimversion/autoware.ai/install/mrt_cmake_modules/share:${ROS_PACKAGE_PATH} /usr/bin/cmake --build /home/yeap/APC_2022_Prac/airsimversion/autoware.ai/build/lanelet2_core --target install -- -j6 -l6
