[0.018s] Invoking command in '/home/yeap/APC_2022_Prac/airsimversion/autoware.ai/build/ds4_msgs': /usr/bin/cmake --build /home/yeap/APC_2022_Prac/airsimversion/autoware.ai/build/ds4_msgs -- -j6 -l6
[0.120s] [  0%] Built target std_msgs_generate_messages_lisp
[0.124s] [  0%] Built target std_msgs_generate_messages_py
[0.126s] [  0%] Built target std_msgs_generate_messages_nodejs
[0.134s] [  0%] Built target std_msgs_generate_messages_eus
[0.142s] [  0%] Built target std_msgs_generate_messages_cpp
[0.147s] [  0%] Built target _ds4_msgs_generate_messages_check_deps_DS4
[0.181s] [ 14%] Built target ds4_msgs_generate_messages_lisp
[0.182s] [ 28%] Built target ds4_msgs_generate_messages_cpp
[0.191s] [ 57%] Built target ds4_msgs_generate_messages_eus
[0.191s] [ 85%] Built target ds4_msgs_generate_messages_py
[0.193s] [100%] Built target ds4_msgs_generate_messages_nodejs
[0.226s] [100%] Built target ds4_msgs_generate_messages
[0.236s] Invoked command in '/home/yeap/APC_2022_Prac/airsimversion/autoware.ai/build/ds4_msgs' returned '0': /usr/bin/cmake --build /home/yeap/APC_2022_Prac/airsimversion/autoware.ai/build/ds4_msgs -- -j6 -l6
[0.299s] Invoking command in '/home/yeap/APC_2022_Prac/airsimversion/autoware.ai/build/ds4_msgs': /usr/bin/cmake --build /home/yeap/APC_2022_Prac/airsimversion/autoware.ai/build/ds4_msgs --target tests -- -j6 -l6
[0.371s] Built target tests
[0.382s] Invoked command in '/home/yeap/APC_2022_Prac/airsimversion/autoware.ai/build/ds4_msgs' returned '0': /usr/bin/cmake --build /home/yeap/APC_2022_Prac/airsimversion/autoware.ai/build/ds4_msgs --target tests -- -j6 -l6
[0.574s] Invoking command in '/home/yeap/APC_2022_Prac/airsimversion/autoware.ai/build/ds4_msgs': /usr/bin/cmake --build /home/yeap/APC_2022_Prac/airsimversion/autoware.ai/build/ds4_msgs --target install -- -j6 -l6
[0.712s] [  0%] Built target std_msgs_generate_messages_eus
[0.720s] [  0%] Built target std_msgs_generate_messages_lisp
[0.723s] [  0%] Built target std_msgs_generate_messages_py
[0.730s] [  0%] Built target std_msgs_generate_messages_nodejs
[0.784s] [  0%] Built target std_msgs_generate_messages_cpp
[0.788s] [  0%] Built target _ds4_msgs_generate_messages_check_deps_DS4
[0.834s] [ 14%] Built target ds4_msgs_generate_messages_cpp
[0.853s] [ 28%] Built target ds4_msgs_generate_messages_nodejs
[0.862s] [ 42%] Built target ds4_msgs_generate_messages_lisp
[0.873s] [ 71%] Built target ds4_msgs_generate_messages_eus
[0.888s] [100%] Built target ds4_msgs_generate_messages_py
[0.980s] [100%] Built target ds4_msgs_generate_messages
[1.052s] [36mInstall the project...[0m
[1.071s] -- Install configuration: "Release"
[1.072s] -- Up-to-date: /home/yeap/APC_2022_Prac/airsimversion/autoware.ai/install/ds4_msgs/share/ds4_msgs/msg/DS4.msg
[1.072s] -- Up-to-date: /home/yeap/APC_2022_Prac/airsimversion/autoware.ai/install/ds4_msgs/share/ds4_msgs/cmake/ds4_msgs-msg-paths.cmake
[1.073s] -- Up-to-date: /home/yeap/APC_2022_Prac/airsimversion/autoware.ai/install/ds4_msgs/include/ds4_msgs
[1.073s] -- Up-to-date: /home/yeap/APC_2022_Prac/airsimversion/autoware.ai/install/ds4_msgs/include/ds4_msgs/DS4.h
[1.073s] -- Up-to-date: /home/yeap/APC_2022_Prac/airsimversion/autoware.ai/install/ds4_msgs/share/roseus/ros/ds4_msgs
[1.073s] -- Up-to-date: /home/yeap/APC_2022_Prac/airsimversion/autoware.ai/install/ds4_msgs/share/roseus/ros/ds4_msgs/msg
[1.074s] -- Up-to-date: /home/yeap/APC_2022_Prac/airsimversion/autoware.ai/install/ds4_msgs/share/roseus/ros/ds4_msgs/msg/DS4.l
[1.074s] -- Up-to-date: /home/yeap/APC_2022_Prac/airsimversion/autoware.ai/install/ds4_msgs/share/roseus/ros/ds4_msgs/manifest.l
[1.074s] -- Up-to-date: /home/yeap/APC_2022_Prac/airsimversion/autoware.ai/install/ds4_msgs/share/common-lisp/ros/ds4_msgs
[1.074s] -- Up-to-date: /home/yeap/APC_2022_Prac/airsimversion/autoware.ai/install/ds4_msgs/share/common-lisp/ros/ds4_msgs/msg
[1.074s] -- Up-to-date: /home/yeap/APC_2022_Prac/airsimversion/autoware.ai/install/ds4_msgs/share/common-lisp/ros/ds4_msgs/msg/ds4_msgs-msg.asd
[1.074s] -- Up-to-date: /home/yeap/APC_2022_Prac/airsimversion/autoware.ai/install/ds4_msgs/share/common-lisp/ros/ds4_msgs/msg/_package.lisp
[1.075s] -- Up-to-date: /home/yeap/APC_2022_Prac/airsimversion/autoware.ai/install/ds4_msgs/share/common-lisp/ros/ds4_msgs/msg/_package_DS4.lisp
[1.075s] -- Up-to-date: /home/yeap/APC_2022_Prac/airsimversion/autoware.ai/install/ds4_msgs/share/common-lisp/ros/ds4_msgs/msg/DS4.lisp
[1.075s] -- Up-to-date: /home/yeap/APC_2022_Prac/airsimversion/autoware.ai/install/ds4_msgs/share/gennodejs/ros/ds4_msgs
[1.075s] -- Up-to-date: /home/yeap/APC_2022_Prac/airsimversion/autoware.ai/install/ds4_msgs/share/gennodejs/ros/ds4_msgs/msg
[1.076s] -- Up-to-date: /home/yeap/APC_2022_Prac/airsimversion/autoware.ai/install/ds4_msgs/share/gennodejs/ros/ds4_msgs/msg/_index.js
[1.076s] -- Up-to-date: /home/yeap/APC_2022_Prac/airsimversion/autoware.ai/install/ds4_msgs/share/gennodejs/ros/ds4_msgs/msg/DS4.js
[1.076s] -- Up-to-date: /home/yeap/APC_2022_Prac/airsimversion/autoware.ai/install/ds4_msgs/share/gennodejs/ros/ds4_msgs/_index.js
[1.089s] Listing /home/yeap/APC_2022_Prac/airsimversion/autoware.ai/build/ds4_msgs/devel/lib/python2.7/dist-packages/ds4_msgs ...
[1.089s] Listing /home/yeap/APC_2022_Prac/airsimversion/autoware.ai/build/ds4_msgs/devel/lib/python2.7/dist-packages/ds4_msgs/msg ...
[1.092s] -- Up-to-date: /home/yeap/APC_2022_Prac/airsimversion/autoware.ai/install/ds4_msgs/lib/python2.7/dist-packages/ds4_msgs
[1.092s] -- Up-to-date: /home/yeap/APC_2022_Prac/airsimversion/autoware.ai/install/ds4_msgs/lib/python2.7/dist-packages/ds4_msgs/msg
[1.092s] -- Up-to-date: /home/yeap/APC_2022_Prac/airsimversion/autoware.ai/install/ds4_msgs/lib/python2.7/dist-packages/ds4_msgs/msg/_DS4.py
[1.092s] -- Up-to-date: /home/yeap/APC_2022_Prac/airsimversion/autoware.ai/install/ds4_msgs/lib/python2.7/dist-packages/ds4_msgs/msg/__init__.pyc
[1.092s] -- Up-to-date: /home/yeap/APC_2022_Prac/airsimversion/autoware.ai/install/ds4_msgs/lib/python2.7/dist-packages/ds4_msgs/msg/__init__.py
[1.092s] -- Up-to-date: /home/yeap/APC_2022_Prac/airsimversion/autoware.ai/install/ds4_msgs/lib/python2.7/dist-packages/ds4_msgs/msg/_DS4.pyc
[1.092s] -- Up-to-date: /home/yeap/APC_2022_Prac/airsimversion/autoware.ai/install/ds4_msgs/lib/python2.7/dist-packages/ds4_msgs/__init__.pyc
[1.092s] -- Up-to-date: /home/yeap/APC_2022_Prac/airsimversion/autoware.ai/install/ds4_msgs/lib/python2.7/dist-packages/ds4_msgs/__init__.py
[1.093s] -- Up-to-date: /home/yeap/APC_2022_Prac/airsimversion/autoware.ai/install/ds4_msgs/lib/pkgconfig/ds4_msgs.pc
[1.093s] -- Up-to-date: /home/yeap/APC_2022_Prac/airsimversion/autoware.ai/install/ds4_msgs/share/ds4_msgs/cmake/ds4_msgs-msg-extras.cmake
[1.093s] -- Up-to-date: /home/yeap/APC_2022_Prac/airsimversion/autoware.ai/install/ds4_msgs/share/ds4_msgs/cmake/ds4_msgsConfig.cmake
[1.093s] -- Up-to-date: /home/yeap/APC_2022_Prac/airsimversion/autoware.ai/install/ds4_msgs/share/ds4_msgs/cmake/ds4_msgsConfig-version.cmake
[1.093s] -- Up-to-date: /home/yeap/APC_2022_Prac/airsimversion/autoware.ai/install/ds4_msgs/share/ds4_msgs/package.xml
[1.099s] Invoked command in '/home/yeap/APC_2022_Prac/airsimversion/autoware.ai/build/ds4_msgs' returned '0': /usr/bin/cmake --build /home/yeap/APC_2022_Prac/airsimversion/autoware.ai/build/ds4_msgs --target install -- -j6 -l6
