[0.021s] Invoking command in '/home/yeap/APC_2022_Prac/airsimversion/autoware.ai/build/vision_beyond_track': CMAKE_PREFIX_PATH=/home/yeap/APC_2022_Prac/airsimversion/autoware.ai/install/autoware_msgs:/home/yeap/APC_2022_Prac/airsimversion/autoware.ai/install/autoware_build_flags:${CMAKE_PREFIX_PATH} PKG_CONFIG_PATH=/home/yeap/APC_2022_Prac/airsimversion/autoware.ai/install/autoware_msgs/lib/x86_64-linux-gnu/pkgconfig:/home/yeap/APC_2022_Prac/airsimversion/autoware.ai/install/autoware_msgs/lib/pkgconfig:/home/yeap/APC_2022_Prac/airsimversion/autoware.ai/install/autoware_build_flags/lib/x86_64-linux-gnu/pkgconfig:/home/yeap/APC_2022_Prac/airsimversion/autoware.ai/install/autoware_build_flags/lib/pkgconfig:${PKG_CONFIG_PATH} PYTHONPATH=/home/yeap/APC_2022_Prac/airsimversion/autoware.ai/install/autoware_msgs/lib/python2.7/dist-packages:${PYTHONPATH} ROS_PACKAGE_PATH=/home/yeap/APC_2022_Prac/airsimversion/autoware.ai/install/autoware_msgs/share:/home/yeap/APC_2022_Prac/airsimversion/autoware.ai/install/autoware_build_flags/share:${ROS_PACKAGE_PATH} /usr/bin/cmake /home/yeap/APC_2022_Prac/airsimversion/autoware.ai/src/autoware/core_perception/vision_beyond_track -DCMAKE_BUILD_TYPE=Release -DCATKIN_INSTALL_INTO_PREFIX_ROOT=0 -DCMAKE_INSTALL_PREFIX=/home/yeap/APC_2022_Prac/airsimversion/autoware.ai/install/vision_beyond_track
[0.091s] -- The C compiler identification is GNU 7.5.0
[0.158s] -- The CXX compiler identification is GNU 7.5.0
[0.163s] -- Check for working C compiler: /usr/bin/cc
[0.240s] -- Check for working C compiler: /usr/bin/cc -- works
[0.241s] -- Detecting C compiler ABI info
[0.317s] -- Detecting C compiler ABI info - done
[0.327s] -- Detecting C compile features
[0.559s] -- Detecting C compile features - done
[0.562s] -- Check for working CXX compiler: /usr/bin/c++
[0.651s] -- Check for working CXX compiler: /usr/bin/c++ -- works
[0.656s] -- Detecting CXX compiler ABI info
[0.752s] -- Detecting CXX compiler ABI info - done
[0.761s] -- Detecting CXX compile features
[1.154s] -- Detecting CXX compile features - done
[1.174s] -- Found OpenCV: /usr (found version "3.2.0") 
[1.175s] -- CUDA compilation status: .
[1.177s] -- Using CATKIN_DEVEL_PREFIX: /home/yeap/APC_2022_Prac/airsimversion/autoware.ai/build/vision_beyond_track/devel
[1.178s] -- Using CMAKE_PREFIX_PATH: /home/yeap/APC_2022_Prac/airsimversion/autoware.ai/install/autoware_msgs;/home/yeap/APC_2022_Prac/airsimversion/autoware.ai/install/autoware_build_flags;/opt/ros/melodic
[1.178s] -- This workspace overlays: /home/yeap/APC_2022_Prac/airsimversion/autoware.ai/install/autoware_msgs;/home/yeap/APC_2022_Prac/airsimversion/autoware.ai/install/autoware_build_flags;/opt/ros/melodic
[1.194s] -- Found PythonInterp: /usr/bin/python2 (found suitable version "2.7.17", minimum required is "2") 
[1.194s] -- Using PYTHON_EXECUTABLE: /usr/bin/python2
[1.195s] -- Using Debian Python package layout
[1.195s] -- Using empy: /usr/bin/empy
[1.371s] -- Using CATKIN_ENABLE_TESTING: ON
[1.372s] -- Call enable_testing()
[1.374s] -- Using CATKIN_TEST_RESULTS_DIR: /home/yeap/APC_2022_Prac/airsimversion/autoware.ai/build/vision_beyond_track/test_results
[1.400s] -- Found gtest sources under '/usr/src/googletest': gtests will be built
[1.400s] -- Found gmock sources under '/usr/src/googletest': gmock will be built
[1.415s] -- Found PythonInterp: /usr/bin/python2 (found version "2.7.17") 
[1.417s] -- Looking for pthread.h
[1.493s] -- Looking for pthread.h - found
[1.494s] -- Looking for pthread_create
[1.571s] -- Looking for pthread_create - not found
[1.572s] -- Looking for pthread_create in pthreads
[1.634s] -- Looking for pthread_create in pthreads - not found
[1.636s] -- Looking for pthread_create in pthread
[1.711s] -- Looking for pthread_create in pthread - found
[1.713s] -- Found Threads: TRUE  
[1.718s] -- Using Python nosetests: /usr/bin/nosetests-2.7
[1.775s] -- catkin 0.7.29
[1.776s] -- BUILD_SHARED_LIBS is on
[1.941s] -- Using these message generators: gencpp;geneus;genlisp;gennodejs;genpy
[2.321s] -- Configuring done
[2.374s] -- Generating done
[2.385s] -- Build files have been written to: /home/yeap/APC_2022_Prac/airsimversion/autoware.ai/build/vision_beyond_track
[2.392s] Invoked command in '/home/yeap/APC_2022_Prac/airsimversion/autoware.ai/build/vision_beyond_track' returned '0': CMAKE_PREFIX_PATH=/home/yeap/APC_2022_Prac/airsimversion/autoware.ai/install/autoware_msgs:/home/yeap/APC_2022_Prac/airsimversion/autoware.ai/install/autoware_build_flags:${CMAKE_PREFIX_PATH} PKG_CONFIG_PATH=/home/yeap/APC_2022_Prac/airsimversion/autoware.ai/install/autoware_msgs/lib/x86_64-linux-gnu/pkgconfig:/home/yeap/APC_2022_Prac/airsimversion/autoware.ai/install/autoware_msgs/lib/pkgconfig:/home/yeap/APC_2022_Prac/airsimversion/autoware.ai/install/autoware_build_flags/lib/x86_64-linux-gnu/pkgconfig:/home/yeap/APC_2022_Prac/airsimversion/autoware.ai/install/autoware_build_flags/lib/pkgconfig:${PKG_CONFIG_PATH} PYTHONPATH=/home/yeap/APC_2022_Prac/airsimversion/autoware.ai/install/autoware_msgs/lib/python2.7/dist-packages:${PYTHONPATH} ROS_PACKAGE_PATH=/home/yeap/APC_2022_Prac/airsimversion/autoware.ai/install/autoware_msgs/share:/home/yeap/APC_2022_Prac/airsimversion/autoware.ai/install/autoware_build_flags/share:${ROS_PACKAGE_PATH} /usr/bin/cmake /home/yeap/APC_2022_Prac/airsimversion/autoware.ai/src/autoware/core_perception/vision_beyond_track -DCMAKE_BUILD_TYPE=Release -DCATKIN_INSTALL_INTO_PREFIX_ROOT=0 -DCMAKE_INSTALL_PREFIX=/home/yeap/APC_2022_Prac/airsimversion/autoware.ai/install/vision_beyond_track
[2.395s] Invoking command in '/home/yeap/APC_2022_Prac/airsimversion/autoware.ai/build/vision_beyond_track': CMAKE_PREFIX_PATH=/home/yeap/APC_2022_Prac/airsimversion/autoware.ai/install/autoware_msgs:/home/yeap/APC_2022_Prac/airsimversion/autoware.ai/install/autoware_build_flags:${CMAKE_PREFIX_PATH} PKG_CONFIG_PATH=/home/yeap/APC_2022_Prac/airsimversion/autoware.ai/install/autoware_msgs/lib/x86_64-linux-gnu/pkgconfig:/home/yeap/APC_2022_Prac/airsimversion/autoware.ai/install/autoware_msgs/lib/pkgconfig:/home/yeap/APC_2022_Prac/airsimversion/autoware.ai/install/autoware_build_flags/lib/x86_64-linux-gnu/pkgconfig:/home/yeap/APC_2022_Prac/airsimversion/autoware.ai/install/autoware_build_flags/lib/pkgconfig:${PKG_CONFIG_PATH} PYTHONPATH=/home/yeap/APC_2022_Prac/airsimversion/autoware.ai/install/autoware_msgs/lib/python2.7/dist-packages:${PYTHONPATH} ROS_PACKAGE_PATH=/home/yeap/APC_2022_Prac/airsimversion/autoware.ai/install/autoware_msgs/share:/home/yeap/APC_2022_Prac/airsimversion/autoware.ai/install/autoware_build_flags/share:${ROS_PACKAGE_PATH} /usr/bin/cmake --build /home/yeap/APC_2022_Prac/airsimversion/autoware.ai/build/vision_beyond_track -- -j6 -l6
[2.454s] [35m[1mScanning dependencies of target autoware_msgs_generate_messages_cpp[0m
[2.466s] [  0%] Built target autoware_msgs_generate_messages_cpp
[2.476s] [35m[1mScanning dependencies of target pcl_msgs_generate_messages_eus[0m
[2.486s] [  0%] Built target pcl_msgs_generate_messages_eus
[2.496s] [35m[1mScanning dependencies of target rosgraph_msgs_generate_messages_eus[0m
[2.508s] [  0%] Built target rosgraph_msgs_generate_messages_eus
[2.520s] [35m[1mScanning dependencies of target jsk_recognition_msgs_generate_messages_lisp[0m
[2.531s] [  0%] Built target jsk_recognition_msgs_generate_messages_lisp
[2.543s] [35m[1mScanning dependencies of target jsk_recognition_msgs_generate_messages_eus[0m
[2.555s] [  0%] Built target jsk_recognition_msgs_generate_messages_eus
[2.566s] [35m[1mScanning dependencies of target tf2_msgs_generate_messages_cpp[0m
[2.577s] [  0%] Built target tf2_msgs_generate_messages_cpp
[2.589s] [35m[1mScanning dependencies of target std_msgs_generate_messages_py[0m
[2.601s] [  0%] Built target std_msgs_generate_messages_py
[2.612s] [35m[1mScanning dependencies of target autoware_msgs_generate_messages_py[0m
[2.624s] [  0%] Built target autoware_msgs_generate_messages_py
[2.635s] [35m[1mScanning dependencies of target std_msgs_generate_messages_nodejs[0m
[2.647s] [  0%] Built target std_msgs_generate_messages_nodejs
[2.659s] [35m[1mScanning dependencies of target sensor_msgs_generate_messages_eus[0m
[2.670s] [  0%] Built target sensor_msgs_generate_messages_eus
[2.681s] [35m[1mScanning dependencies of target _catkin_empty_exported_target[0m
[2.693s] [  0%] Built target _catkin_empty_exported_target
[2.704s] [35m[1mScanning dependencies of target sensor_msgs_generate_messages_cpp[0m
[2.716s] [  0%] Built target sensor_msgs_generate_messages_cpp
[2.727s] [35m[1mScanning dependencies of target rosgraph_msgs_generate_messages_cpp[0m
[2.740s] [  0%] Built target rosgraph_msgs_generate_messages_cpp
[2.751s] [35m[1mScanning dependencies of target pcl_msgs_generate_messages_nodejs[0m
[2.762s] [  0%] Built target pcl_msgs_generate_messages_nodejs
[2.774s] [35m[1mScanning dependencies of target jsk_recognition_msgs_generate_messages_py[0m
[2.785s] [  0%] Built target jsk_recognition_msgs_generate_messages_py
[2.795s] [35m[1mScanning dependencies of target sensor_msgs_generate_messages_lisp[0m
[2.808s] [  0%] Built target sensor_msgs_generate_messages_lisp
[2.819s] [35m[1mScanning dependencies of target sensor_msgs_generate_messages_py[0m
[2.831s] [  0%] Built target sensor_msgs_generate_messages_py
[2.848s] [35m[1mScanning dependencies of target tf_generate_messages_py[0m
[2.860s] [  0%] Built target tf_generate_messages_py
[2.871s] [35m[1mScanning dependencies of target std_msgs_generate_messages_cpp[0m
[2.883s] [  0%] Built target std_msgs_generate_messages_cpp
[2.895s] [35m[1mScanning dependencies of target jsk_footstep_msgs_generate_messages_py[0m
[2.907s] [  0%] Built target jsk_footstep_msgs_generate_messages_py
[2.918s] [35m[1mScanning dependencies of target geometry_msgs_generate_messages_eus[0m
[2.933s] [  0%] Built target geometry_msgs_generate_messages_eus
[2.946s] [35m[1mScanning dependencies of target std_msgs_generate_messages_lisp[0m
[2.976s] [  0%] Built target std_msgs_generate_messages_lisp
[2.992s] [35m[1mScanning dependencies of target roscpp_generate_messages_nodejs[0m
[3.004s] [  0%] Built target roscpp_generate_messages_nodejs
[3.016s] [35m[1mScanning dependencies of target geometry_msgs_generate_messages_nodejs[0m
[3.027s] [  0%] Built target geometry_msgs_generate_messages_nodejs
[3.038s] [35m[1mScanning dependencies of target geometry_msgs_generate_messages_lisp[0m
[3.051s] [  0%] Built target geometry_msgs_generate_messages_lisp
[3.063s] [35m[1mScanning dependencies of target pcl_msgs_generate_messages_cpp[0m
[3.074s] [  0%] Built target pcl_msgs_generate_messages_cpp
[3.086s] [35m[1mScanning dependencies of target jsk_recognition_msgs_generate_messages_cpp[0m
[3.100s] [  0%] Built target jsk_recognition_msgs_generate_messages_cpp
[3.112s] [35m[1mScanning dependencies of target autoware_msgs_generate_messages_eus[0m
[3.124s] [  0%] Built target autoware_msgs_generate_messages_eus
[3.137s] [35m[1mScanning dependencies of target autoware_msgs_generate_messages_lisp[0m
[3.149s] [  0%] Built target autoware_msgs_generate_messages_lisp
[3.160s] [35m[1mScanning dependencies of target autoware_msgs_generate_messages_nodejs[0m
[3.172s] [  0%] Built target autoware_msgs_generate_messages_nodejs
[3.184s] [35m[1mScanning dependencies of target jsk_footstep_msgs_generate_messages_eus[0m
[3.196s] [  0%] Built target jsk_footstep_msgs_generate_messages_eus
[3.208s] [35m[1mScanning dependencies of target actionlib_msgs_generate_messages_py[0m
[3.220s] [  0%] Built target actionlib_msgs_generate_messages_py
[3.231s] [35m[1mScanning dependencies of target jsk_footstep_msgs_generate_messages_lisp[0m
[3.244s] [  0%] Built target jsk_footstep_msgs_generate_messages_lisp
[3.255s] [35m[1mScanning dependencies of target jsk_footstep_msgs_generate_messages_nodejs[0m
[3.267s] [  0%] Built target jsk_footstep_msgs_generate_messages_nodejs
[3.281s] [35m[1mScanning dependencies of target actionlib_msgs_generate_messages_lisp[0m
[3.293s] [  0%] Built target actionlib_msgs_generate_messages_lisp
[3.305s] [35m[1mScanning dependencies of target jsk_recognition_msgs_generate_messages_nodejs[0m
[3.316s] [  0%] Built target jsk_recognition_msgs_generate_messages_nodejs
[3.327s] [35m[1mScanning dependencies of target roscpp_generate_messages_lisp[0m
[3.340s] [  0%] Built target roscpp_generate_messages_lisp
[3.352s] [35m[1mScanning dependencies of target roscpp_generate_messages_py[0m
[3.363s] [  0%] Built target roscpp_generate_messages_py
[3.374s] [35m[1mScanning dependencies of target rosgraph_msgs_generate_messages_lisp[0m
[3.387s] [  0%] Built target rosgraph_msgs_generate_messages_lisp
[3.397s] [35m[1mScanning dependencies of target rosgraph_msgs_generate_messages_nodejs[0m
[3.412s] [  0%] Built target rosgraph_msgs_generate_messages_nodejs
[3.423s] [35m[1mScanning dependencies of target roscpp_generate_messages_eus[0m
[3.438s] [  0%] Built target roscpp_generate_messages_eus
[3.454s] [35m[1mScanning dependencies of target actionlib_msgs_generate_messages_eus[0m
[3.469s] [  0%] Built target actionlib_msgs_generate_messages_eus
[3.482s] [35m[1mScanning dependencies of target rosgraph_msgs_generate_messages_py[0m
[3.498s] [  0%] Built target rosgraph_msgs_generate_messages_py
[3.509s] [35m[1mScanning dependencies of target jsk_footstep_msgs_generate_messages_cpp[0m
[3.523s] [  0%] Built target jsk_footstep_msgs_generate_messages_cpp
[3.534s] [35m[1mScanning dependencies of target actionlib_msgs_generate_messages_cpp[0m
[3.546s] [  0%] Built target actionlib_msgs_generate_messages_cpp
[3.558s] [35m[1mScanning dependencies of target tf_generate_messages_eus[0m
[3.572s] [  0%] Built target tf_generate_messages_eus
[3.583s] [35m[1mScanning dependencies of target tf_generate_messages_lisp[0m
[3.595s] [  0%] Built target tf_generate_messages_lisp
[3.607s] [35m[1mScanning dependencies of target tf_generate_messages_nodejs[0m
[3.621s] [  0%] Built target tf_generate_messages_nodejs
[3.637s] [35m[1mScanning dependencies of target pcl_msgs_generate_messages_py[0m
[3.649s] [  0%] Built target pcl_msgs_generate_messages_py
[3.661s] [35m[1mScanning dependencies of target actionlib_generate_messages_eus[0m
[3.673s] [  0%] Built target actionlib_generate_messages_eus
[3.685s] [35m[1mScanning dependencies of target geometry_msgs_generate_messages_cpp[0m
[3.697s] [  0%] Built target geometry_msgs_generate_messages_cpp
[3.709s] [35m[1mScanning dependencies of target actionlib_generate_messages_lisp[0m
[3.721s] [  0%] Built target actionlib_generate_messages_lisp
[3.733s] [35m[1mScanning dependencies of target pcl_msgs_generate_messages_lisp[0m
[3.745s] [  0%] Built target pcl_msgs_generate_messages_lisp
[3.757s] [35m[1mScanning dependencies of target tf_generate_messages_cpp[0m
[3.769s] [  0%] Built target tf_generate_messages_cpp
[3.781s] [35m[1mScanning dependencies of target actionlib_generate_messages_nodejs[0m
[3.794s] [  0%] Built target actionlib_generate_messages_nodejs
[3.805s] [35m[1mScanning dependencies of target tf2_msgs_generate_messages_eus[0m
[3.817s] [  0%] Built target tf2_msgs_generate_messages_eus
[3.829s] [35m[1mScanning dependencies of target tf2_msgs_generate_messages_lisp[0m
[3.843s] [  0%] Built target tf2_msgs_generate_messages_lisp
[3.856s] [35m[1mScanning dependencies of target actionlib_generate_messages_py[0m
[3.869s] [  0%] Built target actionlib_generate_messages_py
[3.882s] [35m[1mScanning dependencies of target tf2_msgs_generate_messages_py[0m
[3.896s] [  0%] Built target tf2_msgs_generate_messages_py
[3.909s] [35m[1mScanning dependencies of target tf2_msgs_generate_messages_nodejs[0m
[3.921s] [  0%] Built target tf2_msgs_generate_messages_nodejs
[3.933s] [35m[1mScanning dependencies of target actionlib_msgs_generate_messages_nodejs[0m
[3.947s] [  0%] Built target actionlib_msgs_generate_messages_nodejs
[3.960s] [35m[1mScanning dependencies of target beyond_track_lib[0m
[3.984s] [ 16%] [32mBuilding CXX object CMakeFiles/beyond_track_lib.dir/lib/hungarian.cpp.o[0m
[4.441s] [ 33%] [32mBuilding CXX object CMakeFiles/beyond_track_lib.dir/lib/clipper.cpp.o[0m
[7.154s] [ 50%] [32m[1mLinking CXX static library devel/lib/libbeyond_track_lib.a[0m
[7.196s] [ 50%] Built target beyond_track_lib
[7.206s] [35m[1mScanning dependencies of target std_msgs_generate_messages_eus[0m
[7.215s] [ 50%] Built target std_msgs_generate_messages_eus
[7.226s] [35m[1mScanning dependencies of target actionlib_generate_messages_cpp[0m
[7.237s] [ 50%] Built target actionlib_generate_messages_cpp
[7.248s] [35m[1mScanning dependencies of target roscpp_generate_messages_cpp[0m
[7.259s] [ 50%] Built target roscpp_generate_messages_cpp
[7.270s] [35m[1mScanning dependencies of target sensor_msgs_generate_messages_nodejs[0m
[7.280s] [ 50%] Built target sensor_msgs_generate_messages_nodejs
[7.292s] [35m[1mScanning dependencies of target geometry_msgs_generate_messages_py[0m
[7.304s] [ 50%] Built target geometry_msgs_generate_messages_py
[7.315s] [35m[1mScanning dependencies of target vision_beyond_track[0m
[7.350s] [ 66%] [32mBuilding CXX object CMakeFiles/vision_beyond_track.dir/src/vision_beyond_track_node.cpp.o[0m
[11.765s] [ 83%] [32mBuilding CXX object CMakeFiles/vision_beyond_track.dir/src/vision_beyond_track.cpp.o[0m
[19.255s] [100%] [32m[1mLinking CXX executable devel/lib/vision_beyond_track/vision_beyond_track[0m
[19.530s] [100%] Built target vision_beyond_track
[19.546s] Invoked command in '/home/yeap/APC_2022_Prac/airsimversion/autoware.ai/build/vision_beyond_track' returned '0': CMAKE_PREFIX_PATH=/home/yeap/APC_2022_Prac/airsimversion/autoware.ai/install/autoware_msgs:/home/yeap/APC_2022_Prac/airsimversion/autoware.ai/install/autoware_build_flags:${CMAKE_PREFIX_PATH} PKG_CONFIG_PATH=/home/yeap/APC_2022_Prac/airsimversion/autoware.ai/install/autoware_msgs/lib/x86_64-linux-gnu/pkgconfig:/home/yeap/APC_2022_Prac/airsimversion/autoware.ai/install/autoware_msgs/lib/pkgconfig:/home/yeap/APC_2022_Prac/airsimversion/autoware.ai/install/autoware_build_flags/lib/x86_64-linux-gnu/pkgconfig:/home/yeap/APC_2022_Prac/airsimversion/autoware.ai/install/autoware_build_flags/lib/pkgconfig:${PKG_CONFIG_PATH} PYTHONPATH=/home/yeap/APC_2022_Prac/airsimversion/autoware.ai/install/autoware_msgs/lib/python2.7/dist-packages:${PYTHONPATH} ROS_PACKAGE_PATH=/home/yeap/APC_2022_Prac/airsimversion/autoware.ai/install/autoware_msgs/share:/home/yeap/APC_2022_Prac/airsimversion/autoware.ai/install/autoware_build_flags/share:${ROS_PACKAGE_PATH} /usr/bin/cmake --build /home/yeap/APC_2022_Prac/airsimversion/autoware.ai/build/vision_beyond_track -- -j6 -l6
[19.643s] Invoking command in '/home/yeap/APC_2022_Prac/airsimversion/autoware.ai/build/vision_beyond_track': CMAKE_PREFIX_PATH=/home/yeap/APC_2022_Prac/airsimversion/autoware.ai/install/autoware_msgs:/home/yeap/APC_2022_Prac/airsimversion/autoware.ai/install/autoware_build_flags:${CMAKE_PREFIX_PATH} PKG_CONFIG_PATH=/home/yeap/APC_2022_Prac/airsimversion/autoware.ai/install/autoware_msgs/lib/x86_64-linux-gnu/pkgconfig:/home/yeap/APC_2022_Prac/airsimversion/autoware.ai/install/autoware_msgs/lib/pkgconfig:/home/yeap/APC_2022_Prac/airsimversion/autoware.ai/install/autoware_build_flags/lib/x86_64-linux-gnu/pkgconfig:/home/yeap/APC_2022_Prac/airsimversion/autoware.ai/install/autoware_build_flags/lib/pkgconfig:${PKG_CONFIG_PATH} PYTHONPATH=/home/yeap/APC_2022_Prac/airsimversion/autoware.ai/install/autoware_msgs/lib/python2.7/dist-packages:${PYTHONPATH} ROS_PACKAGE_PATH=/home/yeap/APC_2022_Prac/airsimversion/autoware.ai/install/autoware_msgs/share:/home/yeap/APC_2022_Prac/airsimversion/autoware.ai/install/autoware_build_flags/share:${ROS_PACKAGE_PATH} /usr/bin/cmake --build /home/yeap/APC_2022_Prac/airsimversion/autoware.ai/build/vision_beyond_track --target tests -- -j6 -l6
[19.711s] [35m[1mScanning dependencies of target tests[0m
[19.722s] Built target tests
[19.739s] Invoked command in '/home/yeap/APC_2022_Prac/airsimversion/autoware.ai/build/vision_beyond_track' returned '0': CMAKE_PREFIX_PATH=/home/yeap/APC_2022_Prac/airsimversion/autoware.ai/install/autoware_msgs:/home/yeap/APC_2022_Prac/airsimversion/autoware.ai/install/autoware_build_flags:${CMAKE_PREFIX_PATH} PKG_CONFIG_PATH=/home/yeap/APC_2022_Prac/airsimversion/autoware.ai/install/autoware_msgs/lib/x86_64-linux-gnu/pkgconfig:/home/yeap/APC_2022_Prac/airsimversion/autoware.ai/install/autoware_msgs/lib/pkgconfig:/home/yeap/APC_2022_Prac/airsimversion/autoware.ai/install/autoware_build_flags/lib/x86_64-linux-gnu/pkgconfig:/home/yeap/APC_2022_Prac/airsimversion/autoware.ai/install/autoware_build_flags/lib/pkgconfig:${PKG_CONFIG_PATH} PYTHONPATH=/home/yeap/APC_2022_Prac/airsimversion/autoware.ai/install/autoware_msgs/lib/python2.7/dist-packages:${PYTHONPATH} ROS_PACKAGE_PATH=/home/yeap/APC_2022_Prac/airsimversion/autoware.ai/install/autoware_msgs/share:/home/yeap/APC_2022_Prac/airsimversion/autoware.ai/install/autoware_build_flags/share:${ROS_PACKAGE_PATH} /usr/bin/cmake --build /home/yeap/APC_2022_Prac/airsimversion/autoware.ai/build/vision_beyond_track --target tests -- -j6 -l6
[19.825s] Invoking command in '/home/yeap/APC_2022_Prac/airsimversion/autoware.ai/build/vision_beyond_track': CMAKE_PREFIX_PATH=/home/yeap/APC_2022_Prac/airsimversion/autoware.ai/install/autoware_msgs:/home/yeap/APC_2022_Prac/airsimversion/autoware.ai/install/autoware_build_flags:${CMAKE_PREFIX_PATH} PKG_CONFIG_PATH=/home/yeap/APC_2022_Prac/airsimversion/autoware.ai/install/autoware_msgs/lib/x86_64-linux-gnu/pkgconfig:/home/yeap/APC_2022_Prac/airsimversion/autoware.ai/install/autoware_msgs/lib/pkgconfig:/home/yeap/APC_2022_Prac/airsimversion/autoware.ai/install/autoware_build_flags/lib/x86_64-linux-gnu/pkgconfig:/home/yeap/APC_2022_Prac/airsimversion/autoware.ai/install/autoware_build_flags/lib/pkgconfig:${PKG_CONFIG_PATH} PYTHONPATH=/home/yeap/APC_2022_Prac/airsimversion/autoware.ai/install/autoware_msgs/lib/python2.7/dist-packages:${PYTHONPATH} ROS_PACKAGE_PATH=/home/yeap/APC_2022_Prac/airsimversion/autoware.ai/install/autoware_msgs/share:/home/yeap/APC_2022_Prac/airsimversion/autoware.ai/install/autoware_build_flags/share:${ROS_PACKAGE_PATH} /usr/bin/cmake --build /home/yeap/APC_2022_Prac/airsimversion/autoware.ai/build/vision_beyond_track --target install -- -j6 -l6
[19.882s] [  0%] Built target autoware_msgs_generate_messages_cpp
[19.905s] [  0%] Built target pcl_msgs_generate_messages_eus
[19.927s] [  0%] Built target rosgraph_msgs_generate_messages_eus
[19.955s] [  0%] Built target jsk_recognition_msgs_generate_messages_lisp
[19.978s] [  0%] Built target jsk_recognition_msgs_generate_messages_eus
[20.008s] [  0%] Built target tf2_msgs_generate_messages_cpp
[20.029s] [  0%] Built target std_msgs_generate_messages_py
[20.050s] [  0%] Built target autoware_msgs_generate_messages_py
[20.084s] [  0%] Built target std_msgs_generate_messages_nodejs
[20.105s] [  0%] Built target sensor_msgs_generate_messages_eus
[20.130s] [  0%] Built target _catkin_empty_exported_target
[20.153s] [  0%] Built target sensor_msgs_generate_messages_cpp
[20.174s] [  0%] Built target rosgraph_msgs_generate_messages_cpp
[20.199s] [  0%] Built target pcl_msgs_generate_messages_nodejs
[20.227s] [  0%] Built target jsk_recognition_msgs_generate_messages_py
[20.248s] [  0%] Built target sensor_msgs_generate_messages_lisp
[20.269s] [  0%] Built target sensor_msgs_generate_messages_py
[20.292s] [  0%] Built target tf_generate_messages_py
[20.313s] [  0%] Built target std_msgs_generate_messages_cpp
[20.343s] [  0%] Built target jsk_footstep_msgs_generate_messages_py
[20.369s] [  0%] Built target geometry_msgs_generate_messages_eus
[20.393s] [  0%] Built target std_msgs_generate_messages_lisp
[20.416s] [  0%] Built target roscpp_generate_messages_nodejs
[20.438s] [  0%] Built target geometry_msgs_generate_messages_nodejs
[20.461s] [  0%] Built target geometry_msgs_generate_messages_lisp
[20.483s] [  0%] Built target pcl_msgs_generate_messages_cpp
[20.507s] [  0%] Built target jsk_recognition_msgs_generate_messages_cpp
[20.530s] [  0%] Built target autoware_msgs_generate_messages_eus
[20.553s] [  0%] Built target autoware_msgs_generate_messages_lisp
[20.577s] [  0%] Built target autoware_msgs_generate_messages_nodejs
[20.609s] [  0%] Built target jsk_footstep_msgs_generate_messages_eus
[20.631s] [  0%] Built target actionlib_msgs_generate_messages_py
[20.656s] [  0%] Built target jsk_footstep_msgs_generate_messages_lisp
[20.687s] [  0%] Built target jsk_footstep_msgs_generate_messages_nodejs
[20.707s] [  0%] Built target actionlib_msgs_generate_messages_lisp
[20.732s] [  0%] Built target jsk_recognition_msgs_generate_messages_nodejs
[20.756s] [  0%] Built target roscpp_generate_messages_lisp
[20.779s] [  0%] Built target roscpp_generate_messages_py
[20.803s] [  0%] Built target rosgraph_msgs_generate_messages_lisp
[20.826s] [  0%] Built target rosgraph_msgs_generate_messages_nodejs
[20.849s] [  0%] Built target roscpp_generate_messages_eus
[20.873s] [  0%] Built target actionlib_msgs_generate_messages_eus
[20.897s] [  0%] Built target rosgraph_msgs_generate_messages_py
[20.921s] [  0%] Built target jsk_footstep_msgs_generate_messages_cpp
[20.944s] [  0%] Built target actionlib_msgs_generate_messages_cpp
[20.968s] [  0%] Built target tf_generate_messages_eus
[20.992s] [  0%] Built target tf_generate_messages_lisp
[21.016s] [  0%] Built target tf_generate_messages_nodejs
[21.039s] [  0%] Built target pcl_msgs_generate_messages_py
[21.063s] [  0%] Built target actionlib_generate_messages_eus
[21.086s] [  0%] Built target geometry_msgs_generate_messages_cpp
[21.110s] [  0%] Built target actionlib_generate_messages_lisp
[21.133s] [  0%] Built target pcl_msgs_generate_messages_lisp
[21.156s] [  0%] Built target tf_generate_messages_cpp
[21.179s] [  0%] Built target actionlib_generate_messages_nodejs
[21.202s] [  0%] Built target tf2_msgs_generate_messages_eus
[21.225s] [  0%] Built target tf2_msgs_generate_messages_lisp
[21.248s] [  0%] Built target actionlib_generate_messages_py
[21.271s] [  0%] Built target tf2_msgs_generate_messages_py
[21.296s] [  0%] Built target tf2_msgs_generate_messages_nodejs
[21.320s] [  0%] Built target actionlib_msgs_generate_messages_nodejs
[21.346s] [ 50%] Built target beyond_track_lib
[21.370s] [ 50%] Built target std_msgs_generate_messages_eus
[21.394s] [ 50%] Built target actionlib_generate_messages_cpp
[21.419s] [ 50%] Built target roscpp_generate_messages_cpp
[21.442s] [ 50%] Built target sensor_msgs_generate_messages_nodejs
[21.504s] [ 50%] Built target geometry_msgs_generate_messages_py
[21.584s] [100%] Built target vision_beyond_track
[21.643s] [36mInstall the project...[0m
[21.654s] -- Install configuration: "Release"
[21.654s] -- Installing: /home/yeap/APC_2022_Prac/airsimversion/autoware.ai/install/vision_beyond_track/lib/pkgconfig/vision_beyond_track.pc
[21.655s] -- Installing: /home/yeap/APC_2022_Prac/airsimversion/autoware.ai/install/vision_beyond_track/share/vision_beyond_track/cmake/vision_beyond_trackConfig.cmake
[21.656s] -- Installing: /home/yeap/APC_2022_Prac/airsimversion/autoware.ai/install/vision_beyond_track/share/vision_beyond_track/cmake/vision_beyond_trackConfig-version.cmake
[21.656s] -- Installing: /home/yeap/APC_2022_Prac/airsimversion/autoware.ai/install/vision_beyond_track/share/vision_beyond_track/package.xml
[21.656s] -- Installing: /home/yeap/APC_2022_Prac/airsimversion/autoware.ai/install/vision_beyond_track/lib/libbeyond_track_lib.a
[21.657s] -- Installing: /home/yeap/APC_2022_Prac/airsimversion/autoware.ai/install/vision_beyond_track/lib/vision_beyond_track/vision_beyond_track
[21.658s] -- Set runtime path of "/home/yeap/APC_2022_Prac/airsimversion/autoware.ai/install/vision_beyond_track/lib/vision_beyond_track/vision_beyond_track" to ""
[21.659s] -- Installing: /home/yeap/APC_2022_Prac/airsimversion/autoware.ai/install/vision_beyond_track/share/vision_beyond_track/launch
[21.663s] -- Installing: /home/yeap/APC_2022_Prac/airsimversion/autoware.ai/install/vision_beyond_track/share/vision_beyond_track/launch/vision_beyond_track.launch
[21.670s] Invoked command in '/home/yeap/APC_2022_Prac/airsimversion/autoware.ai/build/vision_beyond_track' returned '0': CMAKE_PREFIX_PATH=/home/yeap/APC_2022_Prac/airsimversion/autoware.ai/install/autoware_msgs:/home/yeap/APC_2022_Prac/airsimversion/autoware.ai/install/autoware_build_flags:${CMAKE_PREFIX_PATH} PKG_CONFIG_PATH=/home/yeap/APC_2022_Prac/airsimversion/autoware.ai/install/autoware_msgs/lib/x86_64-linux-gnu/pkgconfig:/home/yeap/APC_2022_Prac/airsimversion/autoware.ai/install/autoware_msgs/lib/pkgconfig:/home/yeap/APC_2022_Prac/airsimversion/autoware.ai/install/autoware_build_flags/lib/x86_64-linux-gnu/pkgconfig:/home/yeap/APC_2022_Prac/airsimversion/autoware.ai/install/autoware_build_flags/lib/pkgconfig:${PKG_CONFIG_PATH} PYTHONPATH=/home/yeap/APC_2022_Prac/airsimversion/autoware.ai/install/autoware_msgs/lib/python2.7/dist-packages:${PYTHONPATH} ROS_PACKAGE_PATH=/home/yeap/APC_2022_Prac/airsimversion/autoware.ai/install/autoware_msgs/share:/home/yeap/APC_2022_Prac/airsimversion/autoware.ai/install/autoware_build_flags/share:${ROS_PACKAGE_PATH} /usr/bin/cmake --build /home/yeap/APC_2022_Prac/airsimversion/autoware.ai/build/vision_beyond_track --target install -- -j6 -l6
