[0.019s] Invoking command in '/home/yeap/APC_2022_Prac/airsimversion/autoware.ai/build/autoware_bag_tools': /usr/bin/cmake /home/yeap/APC_2022_Prac/airsimversion/autoware.ai/src/autoware/utilities/autoware_bag_tools -DCMAKE_BUILD_TYPE=Release -DCATKIN_INSTALL_INTO_PREFIX_ROOT=0 -DCMAKE_INSTALL_PREFIX=/home/yeap/APC_2022_Prac/airsimversion/autoware.ai/install/autoware_bag_tools
[0.089s] -- The C compiler identification is GNU 7.5.0
[0.153s] -- The CXX compiler identification is GNU 7.5.0
[0.159s] -- Check for working C compiler: /usr/bin/cc
[0.232s] -- Check for working C compiler: /usr/bin/cc -- works
[0.233s] -- Detecting C compiler ABI info
[0.312s] -- Detecting C compiler ABI info - done
[0.323s] -- Detecting C compile features
[0.545s] -- Detecting C compile features - done
[0.548s] -- Check for working CXX compiler: /usr/bin/c++
[0.628s] -- Check for working CXX compiler: /usr/bin/c++ -- works
[0.629s] -- Detecting CXX compiler ABI info
[0.710s] -- Detecting CXX compiler ABI info - done
[0.721s] -- Detecting CXX compile features
[1.082s] -- Detecting CXX compile features - done
[1.084s] -- Using CATKIN_DEVEL_PREFIX: /home/yeap/APC_2022_Prac/airsimversion/autoware.ai/build/autoware_bag_tools/devel
[1.084s] -- Using CMAKE_PREFIX_PATH: /opt/ros/melodic
[1.085s] -- This workspace overlays: /opt/ros/melodic
[1.101s] -- Found PythonInterp: /usr/bin/python2 (found suitable version "2.7.17", minimum required is "2") 
[1.101s] -- Using PYTHON_EXECUTABLE: /usr/bin/python2
[1.101s] -- Using Debian Python package layout
[1.102s] -- Using empy: /usr/bin/empy
[1.277s] -- Using CATKIN_ENABLE_TESTING: ON
[1.278s] -- Call enable_testing()
[1.281s] -- Using CATKIN_TEST_RESULTS_DIR: /home/yeap/APC_2022_Prac/airsimversion/autoware.ai/build/autoware_bag_tools/test_results
[1.304s] -- Found gtest sources under '/usr/src/googletest': gtests will be built
[1.304s] -- Found gmock sources under '/usr/src/googletest': gmock will be built
[1.319s] -- Found PythonInterp: /usr/bin/python2 (found version "2.7.17") 
[1.322s] -- Looking for pthread.h
[1.399s] -- Looking for pthread.h - found
[1.400s] -- Looking for pthread_create
[1.492s] -- Looking for pthread_create - not found
[1.493s] -- Looking for pthread_create in pthreads
[1.556s] -- Looking for pthread_create in pthreads - not found
[1.557s] -- Looking for pthread_create in pthread
[1.631s] -- Looking for pthread_create in pthread - found
[1.632s] -- Found Threads: TRUE  
[1.637s] -- Using Python nosetests: /usr/bin/nosetests-2.7
[1.689s] -- catkin 0.7.29
[1.689s] -- BUILD_SHARED_LIBS is on
[1.951s] -- Found TinyXML: /usr/lib/x86_64-linux-gnu/libtinyxml.so  
[2.089s] -- Configuring done
[2.117s] -- Generating done
[2.123s] -- Build files have been written to: /home/yeap/APC_2022_Prac/airsimversion/autoware.ai/build/autoware_bag_tools
[2.132s] Invoked command in '/home/yeap/APC_2022_Prac/airsimversion/autoware.ai/build/autoware_bag_tools' returned '0': /usr/bin/cmake /home/yeap/APC_2022_Prac/airsimversion/autoware.ai/src/autoware/utilities/autoware_bag_tools -DCMAKE_BUILD_TYPE=Release -DCATKIN_INSTALL_INTO_PREFIX_ROOT=0 -DCMAKE_INSTALL_PREFIX=/home/yeap/APC_2022_Prac/airsimversion/autoware.ai/install/autoware_bag_tools
[2.134s] Invoking command in '/home/yeap/APC_2022_Prac/airsimversion/autoware.ai/build/autoware_bag_tools': /usr/bin/cmake --build /home/yeap/APC_2022_Prac/airsimversion/autoware.ai/build/autoware_bag_tools -- -j6 -l6
[2.182s] [35m[1mScanning dependencies of target topic_tools_generate_messages_py[0m
[2.194s] [  0%] Built target topic_tools_generate_messages_py
[2.210s] [35m[1mScanning dependencies of target nmea_msgs_generate_messages_nodejs[0m
[2.226s] [  0%] Built target nmea_msgs_generate_messages_nodejs
[2.242s] [35m[1mScanning dependencies of target topic_tools_generate_messages_eus[0m
[2.257s] [  0%] Built target topic_tools_generate_messages_eus
[2.269s] [35m[1mScanning dependencies of target nmea_msgs_generate_messages_lisp[0m
[2.280s] [  0%] Built target nmea_msgs_generate_messages_lisp
[2.293s] [35m[1mScanning dependencies of target roscpp_generate_messages_cpp[0m
[2.305s] [  0%] Built target roscpp_generate_messages_cpp
[2.317s] [35m[1mScanning dependencies of target std_msgs_generate_messages_eus[0m
[2.330s] [  0%] Built target std_msgs_generate_messages_eus
[2.342s] [35m[1mScanning dependencies of target std_msgs_generate_messages_cpp[0m
[2.355s] [  0%] Built target std_msgs_generate_messages_cpp
[2.367s] [35m[1mScanning dependencies of target rosgraph_msgs_generate_messages_py[0m
[2.379s] [  0%] Built target rosgraph_msgs_generate_messages_py
[2.391s] [35m[1mScanning dependencies of target nmea_msgs_generate_messages_cpp[0m
[2.404s] [  0%] Built target nmea_msgs_generate_messages_cpp
[2.416s] [35m[1mScanning dependencies of target roscpp_generate_messages_nodejs[0m
[2.427s] [  0%] Built target roscpp_generate_messages_nodejs
[2.441s] [35m[1mScanning dependencies of target roscpp_generate_messages_eus[0m
[2.454s] [  0%] Built target roscpp_generate_messages_eus
[2.467s] [35m[1mScanning dependencies of target roscpp_generate_messages_lisp[0m
[2.478s] [  0%] Built target roscpp_generate_messages_lisp
[2.490s] [35m[1mScanning dependencies of target rosgraph_msgs_generate_messages_nodejs[0m
[2.502s] [  0%] Built target rosgraph_msgs_generate_messages_nodejs
[2.514s] [35m[1mScanning dependencies of target roscpp_generate_messages_py[0m
[2.529s] [  0%] Built target roscpp_generate_messages_py
[2.540s] [35m[1mScanning dependencies of target rosgraph_msgs_generate_messages_eus[0m
[2.551s] [  0%] Built target rosgraph_msgs_generate_messages_eus
[2.563s] [35m[1mScanning dependencies of target nmea_msgs_generate_messages_eus[0m
[2.576s] [  0%] Built target nmea_msgs_generate_messages_eus
[2.587s] [35m[1mScanning dependencies of target std_srvs_generate_messages_cpp[0m
[2.598s] [  0%] Built target std_srvs_generate_messages_cpp
[2.612s] [35m[1mScanning dependencies of target rosgraph_msgs_generate_messages_lisp[0m
[2.623s] [  0%] Built target rosgraph_msgs_generate_messages_lisp
[2.636s] [35m[1mScanning dependencies of target std_srvs_generate_messages_eus[0m
[2.647s] [  0%] Built target std_srvs_generate_messages_eus
[2.658s] [35m[1mScanning dependencies of target std_srvs_generate_messages_nodejs[0m
[2.670s] [  0%] Built target std_srvs_generate_messages_nodejs
[2.681s] [35m[1mScanning dependencies of target std_srvs_generate_messages_py[0m
[2.693s] [  0%] Built target std_srvs_generate_messages_py
[2.705s] [35m[1mScanning dependencies of target rosgraph_msgs_generate_messages_cpp[0m
[2.717s] [  0%] Built target rosgraph_msgs_generate_messages_cpp
[2.729s] [35m[1mScanning dependencies of target topic_tools_generate_messages_cpp[0m
[2.741s] [  0%] Built target topic_tools_generate_messages_cpp
[2.754s] [35m[1mScanning dependencies of target std_srvs_generate_messages_lisp[0m
[2.765s] [  0%] Built target std_srvs_generate_messages_lisp
[2.777s] [35m[1mScanning dependencies of target topic_tools_generate_messages_lisp[0m
[2.789s] [  0%] Built target topic_tools_generate_messages_lisp
[2.801s] [35m[1mScanning dependencies of target topic_tools_generate_messages_nodejs[0m
[2.812s] [  0%] Built target topic_tools_generate_messages_nodejs
[2.822s] [35m[1mScanning dependencies of target nmea_msgs_generate_messages_py[0m
[2.834s] [  0%] Built target nmea_msgs_generate_messages_py
[2.844s] [35m[1mScanning dependencies of target std_msgs_generate_messages_nodejs[0m
[2.855s] [  0%] Built target std_msgs_generate_messages_nodejs
[2.866s] [35m[1mScanning dependencies of target std_msgs_generate_messages_lisp[0m
[2.877s] [  0%] Built target std_msgs_generate_messages_lisp
[2.888s] [35m[1mScanning dependencies of target std_msgs_generate_messages_py[0m
[2.898s] [  0%] Built target std_msgs_generate_messages_py
[2.909s] [35m[1mScanning dependencies of target nmea2kml[0m
[2.947s] [ 33%] [32mBuilding CXX object CMakeFiles/nmea2kml.dir/nodes/nmea2kml/nmea2kml.cpp.o[0m
[7.775s] [ 66%] [32mBuilding CXX object CMakeFiles/nmea2kml.dir/nodes/nmea2kml/ReadNMEASentence.cpp.o[0m
[8.310s] [100%] [32m[1mLinking CXX executable devel/lib/autoware_bag_tools/nmea2kml[0m
[8.537s] [100%] Built target nmea2kml
[8.562s] Invoked command in '/home/yeap/APC_2022_Prac/airsimversion/autoware.ai/build/autoware_bag_tools' returned '0': /usr/bin/cmake --build /home/yeap/APC_2022_Prac/airsimversion/autoware.ai/build/autoware_bag_tools -- -j6 -l6
[8.624s] Invoking command in '/home/yeap/APC_2022_Prac/airsimversion/autoware.ai/build/autoware_bag_tools': /usr/bin/cmake --build /home/yeap/APC_2022_Prac/airsimversion/autoware.ai/build/autoware_bag_tools --target tests -- -j6 -l6
[8.683s] [35m[1mScanning dependencies of target tests[0m
[8.696s] Built target tests
[8.709s] Invoked command in '/home/yeap/APC_2022_Prac/airsimversion/autoware.ai/build/autoware_bag_tools' returned '0': /usr/bin/cmake --build /home/yeap/APC_2022_Prac/airsimversion/autoware.ai/build/autoware_bag_tools --target tests -- -j6 -l6
[8.778s] Invoking command in '/home/yeap/APC_2022_Prac/airsimversion/autoware.ai/build/autoware_bag_tools': /usr/bin/cmake --build /home/yeap/APC_2022_Prac/airsimversion/autoware.ai/build/autoware_bag_tools --target install -- -j6 -l6
[8.838s] [  0%] Built target topic_tools_generate_messages_py
[8.861s] [  0%] Built target nmea_msgs_generate_messages_nodejs
[8.884s] [  0%] Built target topic_tools_generate_messages_eus
[8.920s] [  0%] Built target nmea_msgs_generate_messages_lisp
[8.950s] [  0%] Built target roscpp_generate_messages_cpp
[8.972s] [  0%] Built target std_msgs_generate_messages_eus
[8.994s] [  0%] Built target std_msgs_generate_messages_cpp
[9.015s] [  0%] Built target rosgraph_msgs_generate_messages_py
[9.038s] [  0%] Built target nmea_msgs_generate_messages_cpp
[9.066s] [  0%] Built target roscpp_generate_messages_nodejs
[9.095s] [  0%] Built target roscpp_generate_messages_eus
[9.117s] [  0%] Built target roscpp_generate_messages_lisp
[9.140s] [  0%] Built target rosgraph_msgs_generate_messages_nodejs
[9.162s] [  0%] Built target roscpp_generate_messages_py
[9.187s] [  0%] Built target rosgraph_msgs_generate_messages_eus
[9.213s] [  0%] Built target nmea_msgs_generate_messages_eus
[9.237s] [  0%] Built target std_srvs_generate_messages_cpp
[9.264s] [  0%] Built target rosgraph_msgs_generate_messages_lisp
[9.294s] [  0%] Built target std_srvs_generate_messages_eus
[9.315s] [  0%] Built target std_srvs_generate_messages_nodejs
[9.340s] [  0%] Built target std_srvs_generate_messages_py
[9.366s] [  0%] Built target rosgraph_msgs_generate_messages_cpp
[9.399s] [  0%] Built target topic_tools_generate_messages_cpp
[9.422s] [  0%] Built target std_srvs_generate_messages_lisp
[9.447s] [  0%] Built target topic_tools_generate_messages_lisp
[9.469s] [  0%] Built target topic_tools_generate_messages_nodejs
[9.491s] [  0%] Built target nmea_msgs_generate_messages_py
[9.514s] [  0%] Built target std_msgs_generate_messages_nodejs
[9.536s] [  0%] Built target std_msgs_generate_messages_lisp
[9.559s] [  0%] Built target std_msgs_generate_messages_py
[9.589s] [100%] Built target nmea2kml
[9.610s] [36mInstall the project...[0m
[9.619s] -- Install configuration: "Release"
[9.620s] -- Installing: /home/yeap/APC_2022_Prac/airsimversion/autoware.ai/install/autoware_bag_tools/lib/pkgconfig/autoware_bag_tools.pc
[9.620s] -- Installing: /home/yeap/APC_2022_Prac/airsimversion/autoware.ai/install/autoware_bag_tools/share/autoware_bag_tools/cmake/autoware_bag_toolsConfig.cmake
[9.620s] -- Installing: /home/yeap/APC_2022_Prac/airsimversion/autoware.ai/install/autoware_bag_tools/share/autoware_bag_tools/cmake/autoware_bag_toolsConfig-version.cmake
[9.620s] -- Installing: /home/yeap/APC_2022_Prac/airsimversion/autoware.ai/install/autoware_bag_tools/share/autoware_bag_tools/package.xml
[9.620s] -- Installing: /home/yeap/APC_2022_Prac/airsimversion/autoware.ai/install/autoware_bag_tools/lib/autoware_bag_tools/change_frame_id.py
[9.620s] -- Installing: /home/yeap/APC_2022_Prac/airsimversion/autoware.ai/install/autoware_bag_tools/lib/autoware_bag_tools/replace_msg_time_with_hdr.py
[9.620s] -- Installing: /home/yeap/APC_2022_Prac/airsimversion/autoware.ai/install/autoware_bag_tools/lib/autoware_bag_tools/nmea2kml
[9.621s] -- Set runtime path of "/home/yeap/APC_2022_Prac/airsimversion/autoware.ai/install/autoware_bag_tools/lib/autoware_bag_tools/nmea2kml" to ""
[9.626s] Invoked command in '/home/yeap/APC_2022_Prac/airsimversion/autoware.ai/build/autoware_bag_tools' returned '0': /usr/bin/cmake --build /home/yeap/APC_2022_Prac/airsimversion/autoware.ai/build/autoware_bag_tools --target install -- -j6 -l6
