[0.018s] Invoking command in '/home/yeap/APC_2022_Prac/airsimversion/autoware.ai/build/detected_objects_visualizer': CMAKE_PREFIX_PATH=/home/yeap/APC_2022_Prac/airsimversion/autoware.ai/install/autoware_msgs:/home/yeap/APC_2022_Prac/airsimversion/autoware.ai/install/autoware_build_flags:${CMAKE_PREFIX_PATH} PKG_CONFIG_PATH=/home/yeap/APC_2022_Prac/airsimversion/autoware.ai/install/autoware_msgs/lib/x86_64-linux-gnu/pkgconfig:/home/yeap/APC_2022_Prac/airsimversion/autoware.ai/install/autoware_msgs/lib/pkgconfig:/home/yeap/APC_2022_Prac/airsimversion/autoware.ai/install/autoware_build_flags/lib/x86_64-linux-gnu/pkgconfig:/home/yeap/APC_2022_Prac/airsimversion/autoware.ai/install/autoware_build_flags/lib/pkgconfig:${PKG_CONFIG_PATH} PYTHONPATH=/home/yeap/APC_2022_Prac/airsimversion/autoware.ai/install/autoware_msgs/lib/python2.7/dist-packages:${PYTHONPATH} ROS_PACKAGE_PATH=/home/yeap/APC_2022_Prac/airsimversion/autoware.ai/install/autoware_msgs/share:/home/yeap/APC_2022_Prac/airsimversion/autoware.ai/install/autoware_build_flags/share:${ROS_PACKAGE_PATH} /usr/bin/cmake --build /home/yeap/APC_2022_Prac/airsimversion/autoware.ai/build/detected_objects_visualizer -- -j6 -l6
[0.105s] [  0%] Built target visualization_msgs_generate_messages_py
[0.105s] [  0%] Built target sensor_msgs_generate_messages_nodejs
[0.109s] [  0%] Built target roscpp_generate_messages_cpp
[0.110s] [  0%] Built target geometry_msgs_generate_messages_py
[0.126s] [  0%] Built target rosgraph_msgs_generate_messages_eus
[0.137s] [  0%] Built target pcl_msgs_generate_messages_eus
[0.137s] [  0%] Built target jsk_recognition_msgs_generate_messages_lisp
[0.148s] [  0%] Built target jsk_recognition_msgs_generate_messages_eus
[0.156s] [  0%] Built target std_msgs_generate_messages_py
[0.156s] [  0%] Built target tf2_msgs_generate_messages_cpp
[0.161s] [  0%] Built target autoware_msgs_generate_messages_py
[0.176s] [  0%] Built target std_msgs_generate_messages_nodejs
[0.182s] [  0%] Built target _catkin_empty_exported_target
[0.189s] [  0%] Built target sensor_msgs_generate_messages_cpp
[0.197s] [  0%] Built target sensor_msgs_generate_messages_eus
[0.204s] [  0%] Built target autoware_msgs_generate_messages_cpp
[0.216s] [  0%] Built target rosgraph_msgs_generate_messages_cpp
[0.229s] [  0%] Built target sensor_msgs_generate_messages_lisp
[0.241s] [  0%] Built target sensor_msgs_generate_messages_py
[0.249s] [  0%] Built target pcl_msgs_generate_messages_nodejs
[0.250s] [  0%] Built target jsk_recognition_msgs_generate_messages_py
[0.263s] [  0%] Built target tf_generate_messages_py
[0.279s] [  0%] Built target std_msgs_generate_messages_cpp
[0.285s] [  0%] Built target visualization_msgs_generate_messages_nodejs
[0.292s] [  0%] Built target actionlib_msgs_generate_messages_nodejs
[0.308s] [  0%] Built target std_msgs_generate_messages_lisp
[0.309s] [  0%] Built target geometry_msgs_generate_messages_eus
[0.325s] [  0%] Built target roscpp_generate_messages_nodejs
[0.327s] [  0%] Built target geometry_msgs_generate_messages_nodejs
[0.334s] [  0%] Built target geometry_msgs_generate_messages_lisp
[0.344s] [  0%] Built target pcl_msgs_generate_messages_cpp
[0.363s] [  0%] Built target jsk_footstep_msgs_generate_messages_py
[0.364s] [  0%] Built target jsk_recognition_msgs_generate_messages_cpp
[0.365s] [  0%] Built target autoware_msgs_generate_messages_eus
[0.386s] [  0%] Built target std_msgs_generate_messages_eus
[0.386s] [  0%] Built target autoware_msgs_generate_messages_lisp
[0.399s] [  0%] Built target visualization_msgs_generate_messages_lisp
[0.411s] [  0%] Built target actionlib_msgs_generate_messages_py
[0.412s] [  0%] Built target autoware_msgs_generate_messages_nodejs
[0.440s] [  0%] Built target jsk_footstep_msgs_generate_messages_lisp
[0.441s] [  0%] Built target jsk_footstep_msgs_generate_messages_nodejs
[0.443s] [  0%] Built target actionlib_msgs_generate_messages_lisp
[0.456s] [  0%] Built target jsk_footstep_msgs_generate_messages_eus
[0.473s] [  0%] Built target roscpp_generate_messages_lisp
[0.484s] [  0%] Built target roscpp_generate_messages_py
[0.492s] [  0%] Built target rosgraph_msgs_generate_messages_lisp
[0.496s] [  0%] Built target jsk_recognition_msgs_generate_messages_nodejs
[0.508s] [  0%] Built target rosgraph_msgs_generate_messages_nodejs
[0.529s] [  0%] Built target roscpp_generate_messages_eus
[0.540s] [  0%] Built target actionlib_msgs_generate_messages_eus
[0.540s] [  0%] Built target rosgraph_msgs_generate_messages_py
[0.551s] [  0%] Built target jsk_footstep_msgs_generate_messages_cpp
[0.565s] [  0%] Built target tf_generate_messages_lisp
[0.576s] [  0%] Built target actionlib_msgs_generate_messages_cpp
[0.587s] [  0%] Built target tf_generate_messages_eus
[0.589s] [  0%] Built target pcl_msgs_generate_messages_py
[0.607s] [  0%] Built target tf_generate_messages_nodejs
[0.616s] [  0%] Built target actionlib_generate_messages_cpp
[0.623s] [  0%] Built target actionlib_generate_messages_eus
[0.624s] [  0%] Built target geometry_msgs_generate_messages_cpp
[0.639s] [  0%] Built target pcl_msgs_generate_messages_lisp
[0.652s] [  0%] Built target tf_generate_messages_cpp
[0.659s] [  0%] Built target actionlib_generate_messages_lisp
[0.670s] [  0%] Built target actionlib_generate_messages_nodejs
[0.697s] [  0%] Built target tf2_msgs_generate_messages_py
[0.701s] [  0%] Built target actionlib_generate_messages_py
[0.703s] [  0%] Built target tf2_msgs_generate_messages_eus
[0.705s] [  0%] Built target tf2_msgs_generate_messages_nodejs
[0.732s] [  0%] Built target visualization_msgs_generate_messages_cpp
[0.742s] [  0%] Built target visualization_msgs_generate_messages_eus
[0.744s] [  0%] Built target tf2_msgs_generate_messages_lisp
[0.786s] [ 50%] Built target visualize_detected_objects
[0.803s] [100%] Built target visualize_rects
[0.829s] Invoked command in '/home/yeap/APC_2022_Prac/airsimversion/autoware.ai/build/detected_objects_visualizer' returned '0': CMAKE_PREFIX_PATH=/home/yeap/APC_2022_Prac/airsimversion/autoware.ai/install/autoware_msgs:/home/yeap/APC_2022_Prac/airsimversion/autoware.ai/install/autoware_build_flags:${CMAKE_PREFIX_PATH} PKG_CONFIG_PATH=/home/yeap/APC_2022_Prac/airsimversion/autoware.ai/install/autoware_msgs/lib/x86_64-linux-gnu/pkgconfig:/home/yeap/APC_2022_Prac/airsimversion/autoware.ai/install/autoware_msgs/lib/pkgconfig:/home/yeap/APC_2022_Prac/airsimversion/autoware.ai/install/autoware_build_flags/lib/x86_64-linux-gnu/pkgconfig:/home/yeap/APC_2022_Prac/airsimversion/autoware.ai/install/autoware_build_flags/lib/pkgconfig:${PKG_CONFIG_PATH} PYTHONPATH=/home/yeap/APC_2022_Prac/airsimversion/autoware.ai/install/autoware_msgs/lib/python2.7/dist-packages:${PYTHONPATH} ROS_PACKAGE_PATH=/home/yeap/APC_2022_Prac/airsimversion/autoware.ai/install/autoware_msgs/share:/home/yeap/APC_2022_Prac/airsimversion/autoware.ai/install/autoware_build_flags/share:${ROS_PACKAGE_PATH} /usr/bin/cmake --build /home/yeap/APC_2022_Prac/airsimversion/autoware.ai/build/detected_objects_visualizer -- -j6 -l6
[1.066s] Invoking command in '/home/yeap/APC_2022_Prac/airsimversion/autoware.ai/build/detected_objects_visualizer': CMAKE_PREFIX_PATH=/home/yeap/APC_2022_Prac/airsimversion/autoware.ai/install/autoware_msgs:/home/yeap/APC_2022_Prac/airsimversion/autoware.ai/install/autoware_build_flags:${CMAKE_PREFIX_PATH} PKG_CONFIG_PATH=/home/yeap/APC_2022_Prac/airsimversion/autoware.ai/install/autoware_msgs/lib/x86_64-linux-gnu/pkgconfig:/home/yeap/APC_2022_Prac/airsimversion/autoware.ai/install/autoware_msgs/lib/pkgconfig:/home/yeap/APC_2022_Prac/airsimversion/autoware.ai/install/autoware_build_flags/lib/x86_64-linux-gnu/pkgconfig:/home/yeap/APC_2022_Prac/airsimversion/autoware.ai/install/autoware_build_flags/lib/pkgconfig:${PKG_CONFIG_PATH} PYTHONPATH=/home/yeap/APC_2022_Prac/airsimversion/autoware.ai/install/autoware_msgs/lib/python2.7/dist-packages:${PYTHONPATH} ROS_PACKAGE_PATH=/home/yeap/APC_2022_Prac/airsimversion/autoware.ai/install/autoware_msgs/share:/home/yeap/APC_2022_Prac/airsimversion/autoware.ai/install/autoware_build_flags/share:${ROS_PACKAGE_PATH} /usr/bin/cmake --build /home/yeap/APC_2022_Prac/airsimversion/autoware.ai/build/detected_objects_visualizer --target tests -- -j6 -l6
[1.152s] Built target tests
[1.167s] Invoked command in '/home/yeap/APC_2022_Prac/airsimversion/autoware.ai/build/detected_objects_visualizer' returned '0': CMAKE_PREFIX_PATH=/home/yeap/APC_2022_Prac/airsimversion/autoware.ai/install/autoware_msgs:/home/yeap/APC_2022_Prac/airsimversion/autoware.ai/install/autoware_build_flags:${CMAKE_PREFIX_PATH} PKG_CONFIG_PATH=/home/yeap/APC_2022_Prac/airsimversion/autoware.ai/install/autoware_msgs/lib/x86_64-linux-gnu/pkgconfig:/home/yeap/APC_2022_Prac/airsimversion/autoware.ai/install/autoware_msgs/lib/pkgconfig:/home/yeap/APC_2022_Prac/airsimversion/autoware.ai/install/autoware_build_flags/lib/x86_64-linux-gnu/pkgconfig:/home/yeap/APC_2022_Prac/airsimversion/autoware.ai/install/autoware_build_flags/lib/pkgconfig:${PKG_CONFIG_PATH} PYTHONPATH=/home/yeap/APC_2022_Prac/airsimversion/autoware.ai/install/autoware_msgs/lib/python2.7/dist-packages:${PYTHONPATH} ROS_PACKAGE_PATH=/home/yeap/APC_2022_Prac/airsimversion/autoware.ai/install/autoware_msgs/share:/home/yeap/APC_2022_Prac/airsimversion/autoware.ai/install/autoware_build_flags/share:${ROS_PACKAGE_PATH} /usr/bin/cmake --build /home/yeap/APC_2022_Prac/airsimversion/autoware.ai/build/detected_objects_visualizer --target tests -- -j6 -l6
[1.288s] Invoking command in '/home/yeap/APC_2022_Prac/airsimversion/autoware.ai/build/detected_objects_visualizer': CMAKE_PREFIX_PATH=/home/yeap/APC_2022_Prac/airsimversion/autoware.ai/install/autoware_msgs:/home/yeap/APC_2022_Prac/airsimversion/autoware.ai/install/autoware_build_flags:${CMAKE_PREFIX_PATH} PKG_CONFIG_PATH=/home/yeap/APC_2022_Prac/airsimversion/autoware.ai/install/autoware_msgs/lib/x86_64-linux-gnu/pkgconfig:/home/yeap/APC_2022_Prac/airsimversion/autoware.ai/install/autoware_msgs/lib/pkgconfig:/home/yeap/APC_2022_Prac/airsimversion/autoware.ai/install/autoware_build_flags/lib/x86_64-linux-gnu/pkgconfig:/home/yeap/APC_2022_Prac/airsimversion/autoware.ai/install/autoware_build_flags/lib/pkgconfig:${PKG_CONFIG_PATH} PYTHONPATH=/home/yeap/APC_2022_Prac/airsimversion/autoware.ai/install/autoware_msgs/lib/python2.7/dist-packages:${PYTHONPATH} ROS_PACKAGE_PATH=/home/yeap/APC_2022_Prac/airsimversion/autoware.ai/install/autoware_msgs/share:/home/yeap/APC_2022_Prac/airsimversion/autoware.ai/install/autoware_build_flags/share:${ROS_PACKAGE_PATH} /usr/bin/cmake --build /home/yeap/APC_2022_Prac/airsimversion/autoware.ai/build/detected_objects_visualizer --target install -- -j6 -l6
[1.356s] [  0%] Built target sensor_msgs_generate_messages_nodejs
[1.374s] [  0%] Built target roscpp_generate_messages_cpp
[1.374s] [  0%] Built target geometry_msgs_generate_messages_py
[1.385s] [  0%] Built target visualization_msgs_generate_messages_py
[1.418s] [  0%] Built target jsk_recognition_msgs_generate_messages_lisp
[1.420s] [  0%] Built target jsk_recognition_msgs_generate_messages_eus
[1.430s] [  0%] Built target rosgraph_msgs_generate_messages_eus
[1.447s] [  0%] Built target pcl_msgs_generate_messages_eus
[1.463s] [  0%] Built target std_msgs_generate_messages_py
[1.467s] [  0%] Built target tf2_msgs_generate_messages_cpp
[1.489s] [  0%] Built target std_msgs_generate_messages_nodejs
[1.494s] [  0%] Built target autoware_msgs_generate_messages_py
[1.497s] [  0%] Built target _catkin_empty_exported_target
[1.519s] [  0%] Built target sensor_msgs_generate_messages_eus
[1.551s] [  0%] Built target sensor_msgs_generate_messages_cpp
[1.556s] [  0%] Built target rosgraph_msgs_generate_messages_cpp
[1.582s] [  0%] Built target autoware_msgs_generate_messages_cpp
[1.590s] [  0%] Built target sensor_msgs_generate_messages_lisp
[1.594s] [  0%] Built target pcl_msgs_generate_messages_nodejs
[1.625s] [  0%] Built target tf_generate_messages_py
[1.635s] [  0%] Built target jsk_recognition_msgs_generate_messages_py
[1.655s] [  0%] Built target sensor_msgs_generate_messages_py
[1.663s] [  0%] Built target std_msgs_generate_messages_cpp
[1.678s] [  0%] Built target actionlib_msgs_generate_messages_nodejs
[1.709s] [  0%] Built target geometry_msgs_generate_messages_eus
[1.722s] [  0%] Built target std_msgs_generate_messages_lisp
[1.734s] [  0%] Built target actionlib_generate_messages_cpp
[1.735s] [  0%] Built target visualization_msgs_generate_messages_nodejs
[1.758s] [  0%] Built target geometry_msgs_generate_messages_nodejs
[1.772s] [  0%] Built target roscpp_generate_messages_nodejs
[1.772s] [  0%] Built target pcl_msgs_generate_messages_cpp
[1.801s] [  0%] Built target jsk_footstep_msgs_generate_messages_py
[1.803s] [  0%] Built target geometry_msgs_generate_messages_lisp
[1.810s] [  0%] Built target autoware_msgs_generate_messages_eus
[1.814s] [  0%] Built target autoware_msgs_generate_messages_lisp
[1.846s] [  0%] Built target visualization_msgs_generate_messages_lisp
[1.862s] [  0%] Built target jsk_footstep_msgs_generate_messages_eus
[1.868s] [  0%] Built target std_msgs_generate_messages_eus
[1.876s] [  0%] Built target autoware_msgs_generate_messages_nodejs
[1.893s] [  0%] Built target jsk_footstep_msgs_generate_messages_lisp
[1.900s] [  0%] Built target actionlib_msgs_generate_messages_py
[1.924s] [  0%] Built target jsk_recognition_msgs_generate_messages_cpp
[1.933s] [  0%] Built target jsk_footstep_msgs_generate_messages_nodejs
[1.934s] [  0%] Built target actionlib_msgs_generate_messages_lisp
[1.938s] [  0%] Built target roscpp_generate_messages_lisp
[1.950s] [  0%] Built target jsk_recognition_msgs_generate_messages_nodejs
[1.963s] [  0%] Built target roscpp_generate_messages_py
[1.968s] [  0%] Built target rosgraph_msgs_generate_messages_nodejs
[1.969s] [  0%] Built target rosgraph_msgs_generate_messages_lisp
[1.997s] [  0%] Built target roscpp_generate_messages_eus
[2.003s] [  0%] Built target tf_generate_messages_eus
[2.011s] [  0%] Built target rosgraph_msgs_generate_messages_py
[2.017s] [  0%] Built target tf_generate_messages_lisp
[2.021s] [  0%] Built target jsk_footstep_msgs_generate_messages_cpp
[2.031s] [  0%] Built target actionlib_msgs_generate_messages_cpp
[2.043s] [  0%] Built target actionlib_msgs_generate_messages_eus
[2.061s] [  0%] Built target pcl_msgs_generate_messages_py
[2.070s] [  0%] Built target geometry_msgs_generate_messages_cpp
[2.071s] [  0%] Built target actionlib_generate_messages_lisp
[2.076s] [  0%] Built target actionlib_generate_messages_eus
[2.082s] [  0%] Built target tf_generate_messages_nodejs
[2.082s] [  0%] Built target pcl_msgs_generate_messages_lisp
[2.109s] [  0%] Built target tf2_msgs_generate_messages_lisp
[2.118s] [  0%] Built target actionlib_generate_messages_py
[2.121s] [  0%] Built target tf_generate_messages_cpp
[2.124s] [  0%] Built target actionlib_generate_messages_nodejs
[2.129s] [  0%] Built target tf2_msgs_generate_messages_nodejs
[2.132s] [  0%] Built target tf2_msgs_generate_messages_py
[2.151s] [  0%] Built target visualization_msgs_generate_messages_cpp
[2.157s] [  0%] Built target tf2_msgs_generate_messages_eus
[2.174s] [  0%] Built target visualization_msgs_generate_messages_eus
[2.212s] [ 50%] Built target visualize_detected_objects
[2.214s] [100%] Built target visualize_rects
[2.236s] [36mInstall the project...[0m
[2.245s] -- Install configuration: "Release"
[2.245s] -- Up-to-date: /home/yeap/APC_2022_Prac/airsimversion/autoware.ai/install/detected_objects_visualizer/lib/pkgconfig/detected_objects_visualizer.pc
[2.246s] -- Up-to-date: /home/yeap/APC_2022_Prac/airsimversion/autoware.ai/install/detected_objects_visualizer/share/detected_objects_visualizer/cmake/detected_objects_visualizerConfig.cmake
[2.246s] -- Up-to-date: /home/yeap/APC_2022_Prac/airsimversion/autoware.ai/install/detected_objects_visualizer/share/detected_objects_visualizer/cmake/detected_objects_visualizerConfig-version.cmake
[2.246s] -- Up-to-date: /home/yeap/APC_2022_Prac/airsimversion/autoware.ai/install/detected_objects_visualizer/share/detected_objects_visualizer/package.xml
[2.247s] -- Up-to-date: /home/yeap/APC_2022_Prac/airsimversion/autoware.ai/install/detected_objects_visualizer/lib/detected_objects_visualizer/visualize_detected_objects
[2.248s] -- Up-to-date: /home/yeap/APC_2022_Prac/airsimversion/autoware.ai/install/detected_objects_visualizer/lib/detected_objects_visualizer/visualize_rects
[2.249s] -- Up-to-date: /home/yeap/APC_2022_Prac/airsimversion/autoware.ai/install/detected_objects_visualizer/share/detected_objects_visualizer/models
[2.249s] -- Up-to-date: /home/yeap/APC_2022_Prac/airsimversion/autoware.ai/install/detected_objects_visualizer/share/detected_objects_visualizer/models/person.dae
[2.249s] -- Up-to-date: /home/yeap/APC_2022_Prac/airsimversion/autoware.ai/install/detected_objects_visualizer/share/detected_objects_visualizer/models/truck.dae
[2.249s] -- Up-to-date: /home/yeap/APC_2022_Prac/airsimversion/autoware.ai/install/detected_objects_visualizer/share/detected_objects_visualizer/models/car.dae
[2.249s] -- Up-to-date: /home/yeap/APC_2022_Prac/airsimversion/autoware.ai/install/detected_objects_visualizer/share/detected_objects_visualizer/models/box.dae
[2.249s] -- Up-to-date: /home/yeap/APC_2022_Prac/airsimversion/autoware.ai/install/detected_objects_visualizer/share/detected_objects_visualizer/models/bike.dae
[2.249s] -- Up-to-date: /home/yeap/APC_2022_Prac/airsimversion/autoware.ai/install/detected_objects_visualizer/share/detected_objects_visualizer/models/bus.dae
[2.256s] Invoked command in '/home/yeap/APC_2022_Prac/airsimversion/autoware.ai/build/detected_objects_visualizer' returned '0': CMAKE_PREFIX_PATH=/home/yeap/APC_2022_Prac/airsimversion/autoware.ai/install/autoware_msgs:/home/yeap/APC_2022_Prac/airsimversion/autoware.ai/install/autoware_build_flags:${CMAKE_PREFIX_PATH} PKG_CONFIG_PATH=/home/yeap/APC_2022_Prac/airsimversion/autoware.ai/install/autoware_msgs/lib/x86_64-linux-gnu/pkgconfig:/home/yeap/APC_2022_Prac/airsimversion/autoware.ai/install/autoware_msgs/lib/pkgconfig:/home/yeap/APC_2022_Prac/airsimversion/autoware.ai/install/autoware_build_flags/lib/x86_64-linux-gnu/pkgconfig:/home/yeap/APC_2022_Prac/airsimversion/autoware.ai/install/autoware_build_flags/lib/pkgconfig:${PKG_CONFIG_PATH} PYTHONPATH=/home/yeap/APC_2022_Prac/airsimversion/autoware.ai/install/autoware_msgs/lib/python2.7/dist-packages:${PYTHONPATH} ROS_PACKAGE_PATH=/home/yeap/APC_2022_Prac/airsimversion/autoware.ai/install/autoware_msgs/share:/home/yeap/APC_2022_Prac/airsimversion/autoware.ai/install/autoware_build_flags/share:${ROS_PACKAGE_PATH} /usr/bin/cmake --build /home/yeap/APC_2022_Prac/airsimversion/autoware.ai/build/detected_objects_visualizer --target install -- -j6 -l6
