[0.015s] Invoking command in '/home/yeap/APC_2022_Prac/airsimversion/autoware.ai/build/udon_socket': CMAKE_PREFIX_PATH=/home/yeap/APC_2022_Prac/airsimversion/autoware.ai/install/tablet_socket_msgs:/home/yeap/APC_2022_Prac/airsimversion/autoware.ai/install/autoware_build_flags:${CMAKE_PREFIX_PATH} PKG_CONFIG_PATH=/home/yeap/APC_2022_Prac/airsimversion/autoware.ai/install/tablet_socket_msgs/lib/x86_64-linux-gnu/pkgconfig:/home/yeap/APC_2022_Prac/airsimversion/autoware.ai/install/tablet_socket_msgs/lib/pkgconfig:/home/yeap/APC_2022_Prac/airsimversion/autoware.ai/install/autoware_build_flags/lib/x86_64-linux-gnu/pkgconfig:/home/yeap/APC_2022_Prac/airsimversion/autoware.ai/install/autoware_build_flags/lib/pkgconfig:${PKG_CONFIG_PATH} PYTHONPATH=/home/yeap/APC_2022_Prac/airsimversion/autoware.ai/install/tablet_socket_msgs/lib/python2.7/dist-packages:${PYTHONPATH} ROS_PACKAGE_PATH=/home/yeap/APC_2022_Prac/airsimversion/autoware.ai/install/tablet_socket_msgs/share:/home/yeap/APC_2022_Prac/airsimversion/autoware.ai/install/autoware_build_flags/share:${ROS_PACKAGE_PATH} /usr/bin/cmake /home/yeap/APC_2022_Prac/airsimversion/autoware.ai/src/autoware/utilities/udon_socket -DCMAKE_BUILD_TYPE=Release -DCATKIN_INSTALL_INTO_PREFIX_ROOT=0 -DCMAKE_INSTALL_PREFIX=/home/yeap/APC_2022_Prac/airsimversion/autoware.ai/install/udon_socket
[0.093s] -- The C compiler identification is GNU 7.5.0
[0.160s] -- The CXX compiler identification is GNU 7.5.0
[0.166s] -- Check for working C compiler: /usr/bin/cc
[0.242s] -- Check for working C compiler: /usr/bin/cc -- works
[0.242s] -- Detecting C compiler ABI info
[0.317s] -- Detecting C compiler ABI info - done
[0.328s] -- Detecting C compile features
[0.553s] -- Detecting C compile features - done
[0.557s] -- Check for working CXX compiler: /usr/bin/c++
[0.642s] -- Check for working CXX compiler: /usr/bin/c++ -- works
[0.647s] -- Detecting CXX compiler ABI info
[0.729s] -- Detecting CXX compiler ABI info - done
[0.739s] -- Detecting CXX compile features
[1.113s] -- Detecting CXX compile features - done
[1.116s] -- CUDA compilation status: .
[1.118s] -- Using CATKIN_DEVEL_PREFIX: /home/yeap/APC_2022_Prac/airsimversion/autoware.ai/build/udon_socket/devel
[1.118s] -- Using CMAKE_PREFIX_PATH: /home/yeap/APC_2022_Prac/airsimversion/autoware.ai/install/tablet_socket_msgs;/home/yeap/APC_2022_Prac/airsimversion/autoware.ai/install/autoware_build_flags;/opt/ros/melodic
[1.119s] -- This workspace overlays: /home/yeap/APC_2022_Prac/airsimversion/autoware.ai/install/tablet_socket_msgs;/home/yeap/APC_2022_Prac/airsimversion/autoware.ai/install/autoware_build_flags;/opt/ros/melodic
[1.135s] -- Found PythonInterp: /usr/bin/python2 (found suitable version "2.7.17", minimum required is "2") 
[1.135s] -- Using PYTHON_EXECUTABLE: /usr/bin/python2
[1.136s] -- Using Debian Python package layout
[1.136s] -- Using empy: /usr/bin/empy
[1.316s] -- Using CATKIN_ENABLE_TESTING: ON
[1.316s] -- Call enable_testing()
[1.319s] -- Using CATKIN_TEST_RESULTS_DIR: /home/yeap/APC_2022_Prac/airsimversion/autoware.ai/build/udon_socket/test_results
[1.343s] -- Found gtest sources under '/usr/src/googletest': gtests will be built
[1.343s] -- Found gmock sources under '/usr/src/googletest': gmock will be built
[1.359s] -- Found PythonInterp: /usr/bin/python2 (found version "2.7.17") 
[1.360s] -- Looking for pthread.h
[1.438s] -- Looking for pthread.h - found
[1.439s] -- Looking for pthread_create
[1.513s] -- Looking for pthread_create - not found
[1.514s] -- Looking for pthread_create in pthreads
[1.602s] -- Looking for pthread_create in pthreads - not found
[1.602s] -- Looking for pthread_create in pthread
[1.678s] -- Looking for pthread_create in pthread - found
[1.680s] -- Found Threads: TRUE  
[1.685s] -- Using Python nosetests: /usr/bin/nosetests-2.7
[1.737s] -- catkin 0.7.29
[1.737s] -- BUILD_SHARED_LIBS is on
[2.083s] -- Configuring done
[2.110s] -- Generating done
[2.115s] -- Build files have been written to: /home/yeap/APC_2022_Prac/airsimversion/autoware.ai/build/udon_socket
[2.124s] Invoked command in '/home/yeap/APC_2022_Prac/airsimversion/autoware.ai/build/udon_socket' returned '0': CMAKE_PREFIX_PATH=/home/yeap/APC_2022_Prac/airsimversion/autoware.ai/install/tablet_socket_msgs:/home/yeap/APC_2022_Prac/airsimversion/autoware.ai/install/autoware_build_flags:${CMAKE_PREFIX_PATH} PKG_CONFIG_PATH=/home/yeap/APC_2022_Prac/airsimversion/autoware.ai/install/tablet_socket_msgs/lib/x86_64-linux-gnu/pkgconfig:/home/yeap/APC_2022_Prac/airsimversion/autoware.ai/install/tablet_socket_msgs/lib/pkgconfig:/home/yeap/APC_2022_Prac/airsimversion/autoware.ai/install/autoware_build_flags/lib/x86_64-linux-gnu/pkgconfig:/home/yeap/APC_2022_Prac/airsimversion/autoware.ai/install/autoware_build_flags/lib/pkgconfig:${PKG_CONFIG_PATH} PYTHONPATH=/home/yeap/APC_2022_Prac/airsimversion/autoware.ai/install/tablet_socket_msgs/lib/python2.7/dist-packages:${PYTHONPATH} ROS_PACKAGE_PATH=/home/yeap/APC_2022_Prac/airsimversion/autoware.ai/install/tablet_socket_msgs/share:/home/yeap/APC_2022_Prac/airsimversion/autoware.ai/install/autoware_build_flags/share:${ROS_PACKAGE_PATH} /usr/bin/cmake /home/yeap/APC_2022_Prac/airsimversion/autoware.ai/src/autoware/utilities/udon_socket -DCMAKE_BUILD_TYPE=Release -DCATKIN_INSTALL_INTO_PREFIX_ROOT=0 -DCMAKE_INSTALL_PREFIX=/home/yeap/APC_2022_Prac/airsimversion/autoware.ai/install/udon_socket
[2.125s] Invoking command in '/home/yeap/APC_2022_Prac/airsimversion/autoware.ai/build/udon_socket': CMAKE_PREFIX_PATH=/home/yeap/APC_2022_Prac/airsimversion/autoware.ai/install/tablet_socket_msgs:/home/yeap/APC_2022_Prac/airsimversion/autoware.ai/install/autoware_build_flags:${CMAKE_PREFIX_PATH} PKG_CONFIG_PATH=/home/yeap/APC_2022_Prac/airsimversion/autoware.ai/install/tablet_socket_msgs/lib/x86_64-linux-gnu/pkgconfig:/home/yeap/APC_2022_Prac/airsimversion/autoware.ai/install/tablet_socket_msgs/lib/pkgconfig:/home/yeap/APC_2022_Prac/airsimversion/autoware.ai/install/autoware_build_flags/lib/x86_64-linux-gnu/pkgconfig:/home/yeap/APC_2022_Prac/airsimversion/autoware.ai/install/autoware_build_flags/lib/pkgconfig:${PKG_CONFIG_PATH} PYTHONPATH=/home/yeap/APC_2022_Prac/airsimversion/autoware.ai/install/tablet_socket_msgs/lib/python2.7/dist-packages:${PYTHONPATH} ROS_PACKAGE_PATH=/home/yeap/APC_2022_Prac/airsimversion/autoware.ai/install/tablet_socket_msgs/share:/home/yeap/APC_2022_Prac/airsimversion/autoware.ai/install/autoware_build_flags/share:${ROS_PACKAGE_PATH} /usr/bin/cmake --build /home/yeap/APC_2022_Prac/airsimversion/autoware.ai/build/udon_socket -- -j6 -l6
[2.181s] [35m[1mScanning dependencies of target rosgraph_msgs_generate_messages_nodejs[0m
[2.193s] [  0%] Built target rosgraph_msgs_generate_messages_nodejs
[2.206s] [35m[1mScanning dependencies of target std_msgs_generate_messages_nodejs[0m
[2.218s] [  0%] Built target std_msgs_generate_messages_nodejs
[2.230s] [35m[1mScanning dependencies of target std_msgs_generate_messages_lisp[0m
[2.242s] [  0%] Built target std_msgs_generate_messages_lisp
[2.254s] [35m[1mScanning dependencies of target tablet_socket_msgs_generate_messages_lisp[0m
[2.266s] [  0%] Built target tablet_socket_msgs_generate_messages_lisp
[2.278s] [35m[1mScanning dependencies of target tablet_socket_msgs_generate_messages_cpp[0m
[2.290s] [  0%] Built target tablet_socket_msgs_generate_messages_cpp
[2.302s] [35m[1mScanning dependencies of target std_msgs_generate_messages_cpp[0m
[2.315s] [  0%] Built target std_msgs_generate_messages_cpp
[2.327s] [35m[1mScanning dependencies of target roscpp_generate_messages_cpp[0m
[2.339s] [  0%] Built target roscpp_generate_messages_cpp
[2.351s] [35m[1mScanning dependencies of target roscpp_generate_messages_lisp[0m
[2.363s] [  0%] Built target roscpp_generate_messages_lisp
[2.376s] [35m[1mScanning dependencies of target roscpp_generate_messages_eus[0m
[2.388s] [  0%] Built target roscpp_generate_messages_eus
[2.400s] [35m[1mScanning dependencies of target std_msgs_generate_messages_py[0m
[2.413s] [  0%] Built target std_msgs_generate_messages_py
[2.425s] [35m[1mScanning dependencies of target roscpp_generate_messages_nodejs[0m
[2.438s] [  0%] Built target roscpp_generate_messages_nodejs
[2.450s] [35m[1mScanning dependencies of target roscpp_generate_messages_py[0m
[2.462s] [  0%] Built target roscpp_generate_messages_py
[2.475s] [35m[1mScanning dependencies of target rosgraph_msgs_generate_messages_cpp[0m
[2.488s] [  0%] Built target rosgraph_msgs_generate_messages_cpp
[2.500s] [35m[1mScanning dependencies of target rosgraph_msgs_generate_messages_eus[0m
[2.512s] [  0%] Built target rosgraph_msgs_generate_messages_eus
[2.525s] [35m[1mScanning dependencies of target rosgraph_msgs_generate_messages_lisp[0m
[2.537s] [  0%] Built target rosgraph_msgs_generate_messages_lisp
[2.549s] [35m[1mScanning dependencies of target std_msgs_generate_messages_eus[0m
[2.561s] [  0%] Built target std_msgs_generate_messages_eus
[2.573s] [35m[1mScanning dependencies of target rosgraph_msgs_generate_messages_py[0m
[2.585s] [  0%] Built target rosgraph_msgs_generate_messages_py
[2.597s] [35m[1mScanning dependencies of target tablet_socket_msgs_generate_messages_eus[0m
[2.609s] [  0%] Built target tablet_socket_msgs_generate_messages_eus
[2.621s] [35m[1mScanning dependencies of target tablet_socket_msgs_generate_messages_nodejs[0m
[2.632s] [  0%] Built target tablet_socket_msgs_generate_messages_nodejs
[2.644s] [35m[1mScanning dependencies of target tablet_socket_msgs_generate_messages_py[0m
[2.657s] [  0%] Built target tablet_socket_msgs_generate_messages_py
[2.671s] [35m[1mScanning dependencies of target udon[0m
[2.695s] [ 16%] [32mBuilding CXX object CMakeFiles/udon.dir/lib/udon_socket/udon.cpp.o[0m
[2.744s] [ 33%] [32m[1mLinking CXX shared library devel/lib/libudon.so[0m
[2.799s] [ 33%] Built target udon
[2.812s] [35m[1mScanning dependencies of target udon_sender[0m
[2.836s] [ 50%] [32mBuilding CXX object CMakeFiles/udon_sender.dir/nodes/udon_sender/udon_sender.cpp.o[0m
[7.148s] [ 66%] [32m[1mLinking CXX executable devel/lib/udon_socket/udon_sender[0m
[7.341s] [ 66%] Built target udon_sender
[7.353s] [35m[1mScanning dependencies of target udon_receiver[0m
[7.374s] [ 83%] [32mBuilding CXX object CMakeFiles/udon_receiver.dir/nodes/udon_receiver/udon_receiver.cpp.o[0m
[9.030s] [100%] [32m[1mLinking CXX executable devel/lib/udon_socket/udon_receiver[0m
[9.213s] [100%] Built target udon_receiver
[9.229s] Invoked command in '/home/yeap/APC_2022_Prac/airsimversion/autoware.ai/build/udon_socket' returned '0': CMAKE_PREFIX_PATH=/home/yeap/APC_2022_Prac/airsimversion/autoware.ai/install/tablet_socket_msgs:/home/yeap/APC_2022_Prac/airsimversion/autoware.ai/install/autoware_build_flags:${CMAKE_PREFIX_PATH} PKG_CONFIG_PATH=/home/yeap/APC_2022_Prac/airsimversion/autoware.ai/install/tablet_socket_msgs/lib/x86_64-linux-gnu/pkgconfig:/home/yeap/APC_2022_Prac/airsimversion/autoware.ai/install/tablet_socket_msgs/lib/pkgconfig:/home/yeap/APC_2022_Prac/airsimversion/autoware.ai/install/autoware_build_flags/lib/x86_64-linux-gnu/pkgconfig:/home/yeap/APC_2022_Prac/airsimversion/autoware.ai/install/autoware_build_flags/lib/pkgconfig:${PKG_CONFIG_PATH} PYTHONPATH=/home/yeap/APC_2022_Prac/airsimversion/autoware.ai/install/tablet_socket_msgs/lib/python2.7/dist-packages:${PYTHONPATH} ROS_PACKAGE_PATH=/home/yeap/APC_2022_Prac/airsimversion/autoware.ai/install/tablet_socket_msgs/share:/home/yeap/APC_2022_Prac/airsimversion/autoware.ai/install/autoware_build_flags/share:${ROS_PACKAGE_PATH} /usr/bin/cmake --build /home/yeap/APC_2022_Prac/airsimversion/autoware.ai/build/udon_socket -- -j6 -l6
[9.294s] Invoking command in '/home/yeap/APC_2022_Prac/airsimversion/autoware.ai/build/udon_socket': CMAKE_PREFIX_PATH=/home/yeap/APC_2022_Prac/airsimversion/autoware.ai/install/tablet_socket_msgs:/home/yeap/APC_2022_Prac/airsimversion/autoware.ai/install/autoware_build_flags:${CMAKE_PREFIX_PATH} PKG_CONFIG_PATH=/home/yeap/APC_2022_Prac/airsimversion/autoware.ai/install/tablet_socket_msgs/lib/x86_64-linux-gnu/pkgconfig:/home/yeap/APC_2022_Prac/airsimversion/autoware.ai/install/tablet_socket_msgs/lib/pkgconfig:/home/yeap/APC_2022_Prac/airsimversion/autoware.ai/install/autoware_build_flags/lib/x86_64-linux-gnu/pkgconfig:/home/yeap/APC_2022_Prac/airsimversion/autoware.ai/install/autoware_build_flags/lib/pkgconfig:${PKG_CONFIG_PATH} PYTHONPATH=/home/yeap/APC_2022_Prac/airsimversion/autoware.ai/install/tablet_socket_msgs/lib/python2.7/dist-packages:${PYTHONPATH} ROS_PACKAGE_PATH=/home/yeap/APC_2022_Prac/airsimversion/autoware.ai/install/tablet_socket_msgs/share:/home/yeap/APC_2022_Prac/airsimversion/autoware.ai/install/autoware_build_flags/share:${ROS_PACKAGE_PATH} /usr/bin/cmake --build /home/yeap/APC_2022_Prac/airsimversion/autoware.ai/build/udon_socket --target tests -- -j6 -l6
[9.355s] [35m[1mScanning dependencies of target tests[0m
[9.367s] Built target tests
[9.382s] Invoked command in '/home/yeap/APC_2022_Prac/airsimversion/autoware.ai/build/udon_socket' returned '0': CMAKE_PREFIX_PATH=/home/yeap/APC_2022_Prac/airsimversion/autoware.ai/install/tablet_socket_msgs:/home/yeap/APC_2022_Prac/airsimversion/autoware.ai/install/autoware_build_flags:${CMAKE_PREFIX_PATH} PKG_CONFIG_PATH=/home/yeap/APC_2022_Prac/airsimversion/autoware.ai/install/tablet_socket_msgs/lib/x86_64-linux-gnu/pkgconfig:/home/yeap/APC_2022_Prac/airsimversion/autoware.ai/install/tablet_socket_msgs/lib/pkgconfig:/home/yeap/APC_2022_Prac/airsimversion/autoware.ai/install/autoware_build_flags/lib/x86_64-linux-gnu/pkgconfig:/home/yeap/APC_2022_Prac/airsimversion/autoware.ai/install/autoware_build_flags/lib/pkgconfig:${PKG_CONFIG_PATH} PYTHONPATH=/home/yeap/APC_2022_Prac/airsimversion/autoware.ai/install/tablet_socket_msgs/lib/python2.7/dist-packages:${PYTHONPATH} ROS_PACKAGE_PATH=/home/yeap/APC_2022_Prac/airsimversion/autoware.ai/install/tablet_socket_msgs/share:/home/yeap/APC_2022_Prac/airsimversion/autoware.ai/install/autoware_build_flags/share:${ROS_PACKAGE_PATH} /usr/bin/cmake --build /home/yeap/APC_2022_Prac/airsimversion/autoware.ai/build/udon_socket --target tests -- -j6 -l6
[9.444s] Invoking command in '/home/yeap/APC_2022_Prac/airsimversion/autoware.ai/build/udon_socket': CMAKE_PREFIX_PATH=/home/yeap/APC_2022_Prac/airsimversion/autoware.ai/install/tablet_socket_msgs:/home/yeap/APC_2022_Prac/airsimversion/autoware.ai/install/autoware_build_flags:${CMAKE_PREFIX_PATH} PKG_CONFIG_PATH=/home/yeap/APC_2022_Prac/airsimversion/autoware.ai/install/tablet_socket_msgs/lib/x86_64-linux-gnu/pkgconfig:/home/yeap/APC_2022_Prac/airsimversion/autoware.ai/install/tablet_socket_msgs/lib/pkgconfig:/home/yeap/APC_2022_Prac/airsimversion/autoware.ai/install/autoware_build_flags/lib/x86_64-linux-gnu/pkgconfig:/home/yeap/APC_2022_Prac/airsimversion/autoware.ai/install/autoware_build_flags/lib/pkgconfig:${PKG_CONFIG_PATH} PYTHONPATH=/home/yeap/APC_2022_Prac/airsimversion/autoware.ai/install/tablet_socket_msgs/lib/python2.7/dist-packages:${PYTHONPATH} ROS_PACKAGE_PATH=/home/yeap/APC_2022_Prac/airsimversion/autoware.ai/install/tablet_socket_msgs/share:/home/yeap/APC_2022_Prac/airsimversion/autoware.ai/install/autoware_build_flags/share:${ROS_PACKAGE_PATH} /usr/bin/cmake --build /home/yeap/APC_2022_Prac/airsimversion/autoware.ai/build/udon_socket --target install -- -j6 -l6
[9.501s] [  0%] Built target rosgraph_msgs_generate_messages_nodejs
[9.525s] [  0%] Built target std_msgs_generate_messages_nodejs
[9.548s] [  0%] Built target std_msgs_generate_messages_lisp
[9.570s] [  0%] Built target tablet_socket_msgs_generate_messages_lisp
[9.593s] [  0%] Built target tablet_socket_msgs_generate_messages_cpp
[9.617s] [  0%] Built target std_msgs_generate_messages_cpp
[9.641s] [  0%] Built target roscpp_generate_messages_cpp
[9.665s] [  0%] Built target roscpp_generate_messages_lisp
[9.688s] [  0%] Built target roscpp_generate_messages_eus
[9.711s] [  0%] Built target std_msgs_generate_messages_py
[9.736s] [  0%] Built target roscpp_generate_messages_nodejs
[9.760s] [  0%] Built target roscpp_generate_messages_py
[9.783s] [  0%] Built target rosgraph_msgs_generate_messages_cpp
[9.807s] [  0%] Built target rosgraph_msgs_generate_messages_eus
[9.831s] [  0%] Built target rosgraph_msgs_generate_messages_lisp
[9.854s] [  0%] Built target std_msgs_generate_messages_eus
[9.877s] [  0%] Built target rosgraph_msgs_generate_messages_py
[9.900s] [  0%] Built target tablet_socket_msgs_generate_messages_eus
[9.924s] [  0%] Built target tablet_socket_msgs_generate_messages_nodejs
[9.948s] [  0%] Built target tablet_socket_msgs_generate_messages_py
[9.971s] [ 33%] Built target udon
[10.000s] [ 66%] Built target udon_sender
[10.030s] [100%] Built target udon_receiver
[10.052s] [36mInstall the project...[0m
[10.063s] -- Install configuration: "Release"
[10.063s] -- Installing: /home/yeap/APC_2022_Prac/airsimversion/autoware.ai/install/udon_socket/lib/pkgconfig/udon_socket.pc
[10.064s] -- Installing: /home/yeap/APC_2022_Prac/airsimversion/autoware.ai/install/udon_socket/share/udon_socket/cmake/udon_socketConfig.cmake
[10.064s] -- Installing: /home/yeap/APC_2022_Prac/airsimversion/autoware.ai/install/udon_socket/share/udon_socket/cmake/udon_socketConfig-version.cmake
[10.065s] -- Installing: /home/yeap/APC_2022_Prac/airsimversion/autoware.ai/install/udon_socket/share/udon_socket/package.xml
[10.065s] -- Installing: /home/yeap/APC_2022_Prac/airsimversion/autoware.ai/install/udon_socket/lib/libudon.so
[10.066s] -- Installing: /home/yeap/APC_2022_Prac/airsimversion/autoware.ai/install/udon_socket/lib/udon_socket/udon_receiver
[10.066s] -- Set runtime path of "/home/yeap/APC_2022_Prac/airsimversion/autoware.ai/install/udon_socket/lib/udon_socket/udon_receiver" to ""
[10.067s] -- Installing: /home/yeap/APC_2022_Prac/airsimversion/autoware.ai/install/udon_socket/lib/udon_socket/udon_sender
[10.067s] -- Set runtime path of "/home/yeap/APC_2022_Prac/airsimversion/autoware.ai/install/udon_socket/lib/udon_socket/udon_sender" to ""
[10.074s] Invoked command in '/home/yeap/APC_2022_Prac/airsimversion/autoware.ai/build/udon_socket' returned '0': CMAKE_PREFIX_PATH=/home/yeap/APC_2022_Prac/airsimversion/autoware.ai/install/tablet_socket_msgs:/home/yeap/APC_2022_Prac/airsimversion/autoware.ai/install/autoware_build_flags:${CMAKE_PREFIX_PATH} PKG_CONFIG_PATH=/home/yeap/APC_2022_Prac/airsimversion/autoware.ai/install/tablet_socket_msgs/lib/x86_64-linux-gnu/pkgconfig:/home/yeap/APC_2022_Prac/airsimversion/autoware.ai/install/tablet_socket_msgs/lib/pkgconfig:/home/yeap/APC_2022_Prac/airsimversion/autoware.ai/install/autoware_build_flags/lib/x86_64-linux-gnu/pkgconfig:/home/yeap/APC_2022_Prac/airsimversion/autoware.ai/install/autoware_build_flags/lib/pkgconfig:${PKG_CONFIG_PATH} PYTHONPATH=/home/yeap/APC_2022_Prac/airsimversion/autoware.ai/install/tablet_socket_msgs/lib/python2.7/dist-packages:${PYTHONPATH} ROS_PACKAGE_PATH=/home/yeap/APC_2022_Prac/airsimversion/autoware.ai/install/tablet_socket_msgs/share:/home/yeap/APC_2022_Prac/airsimversion/autoware.ai/install/autoware_build_flags/share:${ROS_PACKAGE_PATH} /usr/bin/cmake --build /home/yeap/APC_2022_Prac/airsimversion/autoware.ai/build/udon_socket --target install -- -j6 -l6
