[0.012s] Invoking command in '/home/yeap/APC_2022_Prac/airsimversion/autoware.ai/build/gazebo_camera_description': /usr/bin/cmake /home/yeap/APC_2022_Prac/airsimversion/autoware.ai/src/autoware/simulation/gazebo_camera_description -DCMAKE_BUILD_TYPE=Release -DCATKIN_INSTALL_INTO_PREFIX_ROOT=0 -DCMAKE_INSTALL_PREFIX=/home/yeap/APC_2022_Prac/airsimversion/autoware.ai/install/gazebo_camera_description
[0.106s] -- The C compiler identification is GNU 7.5.0
[0.173s] -- The CXX compiler identification is GNU 7.5.0
[0.179s] -- Check for working C compiler: /usr/bin/cc
[0.256s] -- Check for working C compiler: /usr/bin/cc -- works
[0.257s] -- Detecting C compiler ABI info
[0.336s] -- Detecting C compiler ABI info - done
[0.346s] -- Detecting C compile features
[0.577s] -- Detecting C compile features - done
[0.582s] -- Check for working CXX compiler: /usr/bin/c++
[0.669s] -- Check for working CXX compiler: /usr/bin/c++ -- works
[0.670s] -- Detecting CXX compiler ABI info
[0.757s] -- Detecting CXX compiler ABI info - done
[0.767s] -- Detecting CXX compile features
[1.157s] -- Detecting CXX compile features - done
[1.160s] -- Using CATKIN_DEVEL_PREFIX: /home/yeap/APC_2022_Prac/airsimversion/autoware.ai/build/gazebo_camera_description/devel
[1.161s] -- Using CMAKE_PREFIX_PATH: /opt/ros/melodic
[1.161s] -- This workspace overlays: /opt/ros/melodic
[1.179s] -- Found PythonInterp: /usr/bin/python2 (found suitable version "2.7.17", minimum required is "2") 
[1.180s] -- Using PYTHON_EXECUTABLE: /usr/bin/python2
[1.180s] -- Using Debian Python package layout
[1.181s] -- Using empy: /usr/bin/empy
[1.371s] -- Using CATKIN_ENABLE_TESTING: ON
[1.371s] -- Call enable_testing()
[1.374s] -- Using CATKIN_TEST_RESULTS_DIR: /home/yeap/APC_2022_Prac/airsimversion/autoware.ai/build/gazebo_camera_description/test_results
[1.399s] -- Found gtest sources under '/usr/src/googletest': gtests will be built
[1.399s] -- Found gmock sources under '/usr/src/googletest': gmock will be built
[1.416s] -- Found PythonInterp: /usr/bin/python2 (found version "2.7.17") 
[1.417s] -- Looking for pthread.h
[1.497s] -- Looking for pthread.h - found
[1.497s] -- Looking for pthread_create
[1.578s] -- Looking for pthread_create - not found
[1.579s] -- Looking for pthread_create in pthreads
[1.639s] -- Looking for pthread_create in pthreads - not found
[1.640s] -- Looking for pthread_create in pthread
[1.717s] -- Looking for pthread_create in pthread - found
[1.717s] -- Found Threads: TRUE  
[1.722s] -- Using Python nosetests: /usr/bin/nosetests-2.7
[1.769s] -- catkin 0.7.29
[1.770s] -- BUILD_SHARED_LIBS is on
[1.988s] -- Configuring done
[2.000s] -- Generating done
[2.003s] -- Build files have been written to: /home/yeap/APC_2022_Prac/airsimversion/autoware.ai/build/gazebo_camera_description
[2.011s] Invoked command in '/home/yeap/APC_2022_Prac/airsimversion/autoware.ai/build/gazebo_camera_description' returned '0': /usr/bin/cmake /home/yeap/APC_2022_Prac/airsimversion/autoware.ai/src/autoware/simulation/gazebo_camera_description -DCMAKE_BUILD_TYPE=Release -DCATKIN_INSTALL_INTO_PREFIX_ROOT=0 -DCMAKE_INSTALL_PREFIX=/home/yeap/APC_2022_Prac/airsimversion/autoware.ai/install/gazebo_camera_description
[2.012s] Invoking command in '/home/yeap/APC_2022_Prac/airsimversion/autoware.ai/build/gazebo_camera_description': /usr/bin/cmake --build /home/yeap/APC_2022_Prac/airsimversion/autoware.ai/build/gazebo_camera_description -- -j6 -l6
[2.060s] Invoked command in '/home/yeap/APC_2022_Prac/airsimversion/autoware.ai/build/gazebo_camera_description' returned '0': /usr/bin/cmake --build /home/yeap/APC_2022_Prac/airsimversion/autoware.ai/build/gazebo_camera_description -- -j6 -l6
[2.099s] Invoking command in '/home/yeap/APC_2022_Prac/airsimversion/autoware.ai/build/gazebo_camera_description': /usr/bin/cmake --build /home/yeap/APC_2022_Prac/airsimversion/autoware.ai/build/gazebo_camera_description --target tests -- -j6 -l6
[2.163s] [35m[1mScanning dependencies of target tests[0m
[2.176s] Built target tests
[2.191s] Invoked command in '/home/yeap/APC_2022_Prac/airsimversion/autoware.ai/build/gazebo_camera_description' returned '0': /usr/bin/cmake --build /home/yeap/APC_2022_Prac/airsimversion/autoware.ai/build/gazebo_camera_description --target tests -- -j6 -l6
[2.224s] Invoking command in '/home/yeap/APC_2022_Prac/airsimversion/autoware.ai/build/gazebo_camera_description': /usr/bin/cmake --build /home/yeap/APC_2022_Prac/airsimversion/autoware.ai/build/gazebo_camera_description --target install -- -j6 -l6
[2.276s] [36mInstall the project...[0m
[2.286s] -- Install configuration: "Release"
[2.287s] -- Installing: /home/yeap/APC_2022_Prac/airsimversion/autoware.ai/install/gazebo_camera_description/lib/pkgconfig/gazebo_camera_description.pc
[2.287s] -- Installing: /home/yeap/APC_2022_Prac/airsimversion/autoware.ai/install/gazebo_camera_description/share/gazebo_camera_description/cmake/gazebo_camera_descriptionConfig.cmake
[2.288s] -- Installing: /home/yeap/APC_2022_Prac/airsimversion/autoware.ai/install/gazebo_camera_description/share/gazebo_camera_description/cmake/gazebo_camera_descriptionConfig-version.cmake
[2.288s] -- Installing: /home/yeap/APC_2022_Prac/airsimversion/autoware.ai/install/gazebo_camera_description/share/gazebo_camera_description/package.xml
[2.288s] -- Installing: /home/yeap/APC_2022_Prac/airsimversion/autoware.ai/install/gazebo_camera_description/share/gazebo_camera_description/urdf
[2.289s] -- Installing: /home/yeap/APC_2022_Prac/airsimversion/autoware.ai/install/gazebo_camera_description/share/gazebo_camera_description/urdf/monocular_camera.xacro
[2.295s] Invoked command in '/home/yeap/APC_2022_Prac/airsimversion/autoware.ai/build/gazebo_camera_description' returned '0': /usr/bin/cmake --build /home/yeap/APC_2022_Prac/airsimversion/autoware.ai/build/gazebo_camera_description --target install -- -j6 -l6
