[0.103s] Invoking command in '/home/yeap/APC_2022_Prac/airsimversion/autoware.ai/build/autoware_health_checker': CMAKE_PREFIX_PATH=/home/yeap/APC_2022_Prac/airsimversion/autoware.ai/install/ros_observer:/home/yeap/APC_2022_Prac/airsimversion/autoware.ai/install/autoware_system_msgs:${CMAKE_PREFIX_PATH} LD_LIBRARY_PATH=/home/yeap/APC_2022_Prac/airsimversion/autoware.ai/install/ros_observer/lib:${LD_LIBRARY_PATH} PKG_CONFIG_PATH=/home/yeap/APC_2022_Prac/airsimversion/autoware.ai/install/ros_observer/lib/x86_64-linux-gnu/pkgconfig:/home/yeap/APC_2022_Prac/airsimversion/autoware.ai/install/ros_observer/lib/pkgconfig:/home/yeap/APC_2022_Prac/airsimversion/autoware.ai/install/autoware_system_msgs/lib/x86_64-linux-gnu/pkgconfig:/home/yeap/APC_2022_Prac/airsimversion/autoware.ai/install/autoware_system_msgs/lib/pkgconfig:${PKG_CONFIG_PATH} PYTHONPATH=/home/yeap/APC_2022_Prac/airsimversion/autoware.ai/install/autoware_system_msgs/lib/python2.7/dist-packages:${PYTHONPATH} ROS_PACKAGE_PATH=/home/yeap/APC_2022_Prac/airsimversion/autoware.ai/install/ros_observer/share:/home/yeap/APC_2022_Prac/airsimversion/autoware.ai/install/autoware_system_msgs/share:${ROS_PACKAGE_PATH} /usr/bin/cmake --build /home/yeap/APC_2022_Prac/airsimversion/autoware.ai/build/autoware_health_checker -- -j6 -l6
[0.304s] [  0%] Built target nav_msgs_generate_messages_nodejs
[0.307s] [  0%] Built target rviz_generate_messages_py
[0.328s] [  0%] Built target map_msgs_generate_messages_lisp
[0.328s] [  0%] Built target dynamic_reconfigure_generate_messages_nodejs
[0.346s] [  0%] Built target people_msgs_generate_messages_lisp
[0.355s] [  0%] Built target rviz_generate_messages_cpp
[0.364s] [  0%] Built target people_msgs_generate_messages_eus
[0.368s] [  0%] Built target rviz_generate_messages_eus
[0.422s] [  0%] Built target visualization_msgs_generate_messages_nodejs
[0.422s] [  0%] Built target people_msgs_generate_messages_cpp
[0.423s] [  0%] Built target visualization_msgs_generate_messages_py
[0.433s] [  0%] Built target nav_msgs_generate_messages_eus
[0.435s] [  0%] Built target visualization_msgs_generate_messages_eus
[0.487s] [  0%] Built target visualization_msgs_generate_messages_cpp
[0.499s] [  0%] Built target tf2_msgs_generate_messages_nodejs
[0.506s] [  0%] Built target tf2_msgs_generate_messages_eus
[0.510s] [  0%] Built target tf2_msgs_generate_messages_cpp
[0.522s] [  0%] Built target tf2_msgs_generate_messages_py
[0.522s] [  0%] Built target map_msgs_generate_messages_cpp
[0.571s] [  0%] Built target topic_tools_generate_messages_nodejs
[0.571s] [  0%] Built target tf_generate_messages_nodejs
[0.571s] [  0%] Built target tf_generate_messages_lisp
[0.579s] [  0%] Built target actionlib_generate_messages_cpp
[0.598s] [  0%] Built target topic_tools_generate_messages_eus
[0.598s] [  0%] Built target std_srvs_generate_messages_nodejs
[0.603s] [  0%] Built target actionlib_generate_messages_py
[0.607s] [  0%] Built target std_srvs_generate_messages_py
[0.628s] [  0%] Built target topic_tools_generate_messages_cpp
[0.634s] [  0%] Built target bond_generate_messages_py
[0.651s] [  0%] Built target bond_generate_messages_nodejs
[0.670s] [  0%] Built target bond_generate_messages_lisp
[0.683s] [  0%] Built target bond_generate_messages_eus
[0.692s] [  0%] Built target std_srvs_generate_messages_lisp
[0.694s] [  0%] Built target nodelet_generate_messages_nodejs
[0.704s] [  0%] Built target bond_generate_messages_cpp
[0.725s] [  0%] Built target nodelet_generate_messages_lisp
[0.741s] [  0%] Built target map_msgs_generate_messages_eus
[0.752s] [  0%] Built target nodelet_generate_messages_eus
[0.770s] [  0%] Built target tf2_msgs_generate_messages_lisp
[0.770s] [  0%] Built target nav_msgs_generate_messages_py
[0.785s] [  0%] Built target nodelet_generate_messages_cpp
[0.809s] [  0%] Built target dynamic_reconfigure_gencfg
[0.811s] [  0%] Built target jsk_rviz_plugins_generate_messages_py
[0.816s] [  0%] Built target jsk_rviz_plugins_generate_messages_nodejs
[0.830s] [  0%] Built target rviz_generate_messages_lisp
[0.844s] [  0%] Built target jsk_rviz_plugins_gencfg
[0.862s] [  0%] Built target jsk_hark_msgs_generate_messages_eus
[0.885s] [  0%] Built target dynamic_reconfigure_generate_messages_py
[0.895s] [  0%] Built target diagnostic_msgs_generate_messages_nodejs
[0.904s] [  0%] Built target visualization_msgs_generate_messages_lisp
[0.908s] [  0%] Built target rviz_generate_messages_nodejs
[0.939s] [  0%] Built target std_msgs_generate_messages_eus
[0.950s] [  0%] Built target dynamic_reconfigure_generate_messages_eus
[0.952s] [  0%] Built target jsk_hark_msgs_generate_messages_nodejs
[0.982s] [  0%] Built target people_msgs_generate_messages_py
[1.007s] [  0%] Built target roscpp_generate_messages_py
[1.035s] [  0%] Built target diagnostic_msgs_generate_messages_lisp
[1.052s] [  0%] Built target autoware_system_msgs_generate_messages_cpp
[1.057s] [  0%] Built target std_msgs_generate_messages_py
[1.077s] [  0%] Built target sensor_msgs_generate_messages_eus
[1.086s] [  0%] Built target geometry_msgs_generate_messages_eus
[1.089s] [  0%] Built target std_srvs_generate_messages_cpp
[1.090s] [  0%] Built target nav_msgs_generate_messages_cpp
[1.113s] [  0%] Built target map_msgs_generate_messages_nodejs
[1.138s] [  0%] Built target sensor_msgs_generate_messages_lisp
[1.141s] [  0%] Built target actionlib_msgs_generate_messages_nodejs
[1.145s] [  0%] Built target nodelet_topic_tools_gencfg
[1.154s] [  0%] Built target topic_tools_generate_messages_py
[1.154s] [  0%] Built target diagnostic_msgs_generate_messages_eus
[1.156s] [  0%] Built target autoware_system_msgs_generate_messages_nodejs
[1.184s] [  0%] Built target std_msgs_generate_messages_cpp
[1.189s] [  0%] Built target actionlib_msgs_generate_messages_lisp
[1.190s] [  0%] Built target roscpp_generate_messages_cpp
[1.191s] [  0%] Built target autoware_system_msgs_generate_messages_lisp
[1.192s] [  0%] Built target jsk_footstep_msgs_generate_messages_py
[1.194s] [  0%] Built target autoware_system_msgs_generate_messages_py
[1.215s] [  0%] Built target diagnostic_msgs_generate_messages_py
[1.220s] [  0%] Built target roscpp_generate_messages_nodejs
[1.239s] [  0%] Built target sensor_msgs_generate_messages_nodejs
[1.255s] [  0%] Built target geometry_msgs_generate_messages_nodejs
[1.255s] [  0%] Built target autoware_system_msgs_generate_messages_eus
[1.256s] [  0%] Built target jsk_rviz_plugins_generate_messages_cpp
[1.267s] [  0%] Built target rosgraph_msgs_generate_messages_lisp
[1.305s] [  0%] Built target actionlib_generate_messages_lisp
[1.325s] [  0%] Built target std_msgs_generate_messages_lisp
[1.325s] [  0%] Built target geometry_msgs_generate_messages_lisp
[1.326s] [  0%] Built target rosgraph_msgs_generate_messages_cpp
[1.326s] [  0%] Built target tf_generate_messages_py
[1.326s] [  0%] Built target dynamic_reconfigure_generate_messages_cpp
[1.337s] [  0%] Built target geometry_msgs_generate_messages_cpp
[1.338s] [  0%] Built target std_srvs_generate_messages_eus
[1.353s] [  0%] Built target roscpp_generate_messages_lisp
[1.358s] [  0%] Built target rosgraph_msgs_generate_messages_eus
[1.364s] [  0%] Built target jsk_recognition_msgs_generate_messages_nodejs
[1.364s] [  0%] Built target jsk_rviz_plugins_generate_messages_lisp
[1.379s] [  0%] Built target jsk_recognition_utils_gencfg
[1.380s] [  0%] Built target rosgraph_msgs_generate_messages_nodejs
[1.391s] [  0%] Built target jsk_hark_msgs_generate_messages_cpp
[1.395s] [  0%] Built target std_msgs_generate_messages_nodejs
[1.398s] [  0%] Built target jsk_footstep_msgs_generate_messages_eus
[1.403s] [  0%] Built target jsk_hark_msgs_generate_messages_lisp
[1.405s] [  0%] Built target actionlib_msgs_generate_messages_py
[1.417s] [  0%] Built target nav_msgs_generate_messages_lisp
[1.418s] [  0%] Built target jsk_hark_msgs_generate_messages_py
[1.429s] [  0%] Built target geometry_msgs_generate_messages_py
[1.430s] [  0%] Built target pcl_msgs_generate_messages_nodejs
[1.435s] [  0%] Built target jsk_footstep_msgs_generate_messages_lisp
[1.438s] [  0%] Built target jsk_footstep_msgs_generate_messages_nodejs
[1.447s] [  0%] Built target tf_generate_messages_eus
[1.450s] [  0%] Built target jsk_footstep_msgs_generate_messages_cpp
[1.461s] [  0%] Built target actionlib_msgs_generate_messages_eus
[1.462s] [  0%] Built target rosgraph_msgs_generate_messages_py
[1.468s] [  0%] Built target actionlib_msgs_generate_messages_cpp
[1.468s] [  0%] Built target roscpp_generate_messages_eus
[1.471s] [  0%] Built target topic_tools_generate_messages_lisp
[1.488s] [  0%] Built target jsk_recognition_msgs_generate_messages_cpp
[1.496s] [  0%] Built target jsk_recognition_msgs_generate_messages_eus
[1.496s] [  0%] Built target jsk_recognition_msgs_generate_messages_lisp
[1.500s] [  0%] Built target jsk_recognition_msgs_generate_messages_py
[1.500s] [  0%] Built target sensor_msgs_generate_messages_cpp
[1.506s] [  0%] Built target nodelet_generate_messages_py
[1.518s] [  0%] Built target sensor_msgs_generate_messages_py
[1.522s] [  0%] Built target people_msgs_generate_messages_nodejs
[1.529s] [  0%] Built target pcl_msgs_generate_messages_cpp
[1.529s] [  0%] Built target dynamic_reconfigure_generate_messages_lisp
[1.540s] [  0%] Built target pcl_msgs_generate_messages_eus
[1.544s] [  0%] Built target tf_generate_messages_cpp
[1.549s] [  0%] Built target actionlib_generate_messages_nodejs
[1.555s] [  0%] Built target jsk_rviz_plugins_generate_messages_eus
[1.562s] [  0%] Built target pcl_msgs_generate_messages_lisp
[1.571s] [  0%] Built target actionlib_generate_messages_eus
[1.572s] [  0%] Built target pcl_msgs_generate_messages_py
[1.574s] [  0%] Built target map_msgs_generate_messages_py
[1.583s] [  0%] Built target diagnostic_msgs_generate_messages_cpp
[1.584s] [  0%] Built target pcl_ros_gencfg
[1.632s] [ 20%] Built target health_analyzer
[1.636s] [ 33%] Built target system_status_subscriber
[1.647s] [ 73%] Built target health_checker
[1.702s] [100%] Built target health_aggregator
[1.726s] Invoked command in '/home/yeap/APC_2022_Prac/airsimversion/autoware.ai/build/autoware_health_checker' returned '0': CMAKE_PREFIX_PATH=/home/yeap/APC_2022_Prac/airsimversion/autoware.ai/install/ros_observer:/home/yeap/APC_2022_Prac/airsimversion/autoware.ai/install/autoware_system_msgs:${CMAKE_PREFIX_PATH} LD_LIBRARY_PATH=/home/yeap/APC_2022_Prac/airsimversion/autoware.ai/install/ros_observer/lib:${LD_LIBRARY_PATH} PKG_CONFIG_PATH=/home/yeap/APC_2022_Prac/airsimversion/autoware.ai/install/ros_observer/lib/x86_64-linux-gnu/pkgconfig:/home/yeap/APC_2022_Prac/airsimversion/autoware.ai/install/ros_observer/lib/pkgconfig:/home/yeap/APC_2022_Prac/airsimversion/autoware.ai/install/autoware_system_msgs/lib/x86_64-linux-gnu/pkgconfig:/home/yeap/APC_2022_Prac/airsimversion/autoware.ai/install/autoware_system_msgs/lib/pkgconfig:${PKG_CONFIG_PATH} PYTHONPATH=/home/yeap/APC_2022_Prac/airsimversion/autoware.ai/install/autoware_system_msgs/lib/python2.7/dist-packages:${PYTHONPATH} ROS_PACKAGE_PATH=/home/yeap/APC_2022_Prac/airsimversion/autoware.ai/install/ros_observer/share:/home/yeap/APC_2022_Prac/airsimversion/autoware.ai/install/autoware_system_msgs/share:${ROS_PACKAGE_PATH} /usr/bin/cmake --build /home/yeap/APC_2022_Prac/airsimversion/autoware.ai/build/autoware_health_checker -- -j6 -l6
[2.335s] Invoking command in '/home/yeap/APC_2022_Prac/airsimversion/autoware.ai/build/autoware_health_checker': CMAKE_PREFIX_PATH=/home/yeap/APC_2022_Prac/airsimversion/autoware.ai/install/ros_observer:/home/yeap/APC_2022_Prac/airsimversion/autoware.ai/install/autoware_system_msgs:${CMAKE_PREFIX_PATH} LD_LIBRARY_PATH=/home/yeap/APC_2022_Prac/airsimversion/autoware.ai/install/ros_observer/lib:${LD_LIBRARY_PATH} PKG_CONFIG_PATH=/home/yeap/APC_2022_Prac/airsimversion/autoware.ai/install/ros_observer/lib/x86_64-linux-gnu/pkgconfig:/home/yeap/APC_2022_Prac/airsimversion/autoware.ai/install/ros_observer/lib/pkgconfig:/home/yeap/APC_2022_Prac/airsimversion/autoware.ai/install/autoware_system_msgs/lib/x86_64-linux-gnu/pkgconfig:/home/yeap/APC_2022_Prac/airsimversion/autoware.ai/install/autoware_system_msgs/lib/pkgconfig:${PKG_CONFIG_PATH} PYTHONPATH=/home/yeap/APC_2022_Prac/airsimversion/autoware.ai/install/autoware_system_msgs/lib/python2.7/dist-packages:${PYTHONPATH} ROS_PACKAGE_PATH=/home/yeap/APC_2022_Prac/airsimversion/autoware.ai/install/ros_observer/share:/home/yeap/APC_2022_Prac/airsimversion/autoware.ai/install/autoware_system_msgs/share:${ROS_PACKAGE_PATH} /usr/bin/cmake --build /home/yeap/APC_2022_Prac/airsimversion/autoware.ai/build/autoware_health_checker --target tests -- -j6 -l6
[2.466s] [ 22%] Built target gtest
[2.498s] [100%] Built target test-autoware_health_checker
[2.521s] [100%] Built target tests
[2.536s] Invoked command in '/home/yeap/APC_2022_Prac/airsimversion/autoware.ai/build/autoware_health_checker' returned '0': CMAKE_PREFIX_PATH=/home/yeap/APC_2022_Prac/airsimversion/autoware.ai/install/ros_observer:/home/yeap/APC_2022_Prac/airsimversion/autoware.ai/install/autoware_system_msgs:${CMAKE_PREFIX_PATH} LD_LIBRARY_PATH=/home/yeap/APC_2022_Prac/airsimversion/autoware.ai/install/ros_observer/lib:${LD_LIBRARY_PATH} PKG_CONFIG_PATH=/home/yeap/APC_2022_Prac/airsimversion/autoware.ai/install/ros_observer/lib/x86_64-linux-gnu/pkgconfig:/home/yeap/APC_2022_Prac/airsimversion/autoware.ai/install/ros_observer/lib/pkgconfig:/home/yeap/APC_2022_Prac/airsimversion/autoware.ai/install/autoware_system_msgs/lib/x86_64-linux-gnu/pkgconfig:/home/yeap/APC_2022_Prac/airsimversion/autoware.ai/install/autoware_system_msgs/lib/pkgconfig:${PKG_CONFIG_PATH} PYTHONPATH=/home/yeap/APC_2022_Prac/airsimversion/autoware.ai/install/autoware_system_msgs/lib/python2.7/dist-packages:${PYTHONPATH} ROS_PACKAGE_PATH=/home/yeap/APC_2022_Prac/airsimversion/autoware.ai/install/ros_observer/share:/home/yeap/APC_2022_Prac/airsimversion/autoware.ai/install/autoware_system_msgs/share:${ROS_PACKAGE_PATH} /usr/bin/cmake --build /home/yeap/APC_2022_Prac/airsimversion/autoware.ai/build/autoware_health_checker --target tests -- -j6 -l6
[3.170s] Invoking command in '/home/yeap/APC_2022_Prac/airsimversion/autoware.ai/build/autoware_health_checker': CMAKE_PREFIX_PATH=/home/yeap/APC_2022_Prac/airsimversion/autoware.ai/install/ros_observer:/home/yeap/APC_2022_Prac/airsimversion/autoware.ai/install/autoware_system_msgs:${CMAKE_PREFIX_PATH} LD_LIBRARY_PATH=/home/yeap/APC_2022_Prac/airsimversion/autoware.ai/install/ros_observer/lib:${LD_LIBRARY_PATH} PKG_CONFIG_PATH=/home/yeap/APC_2022_Prac/airsimversion/autoware.ai/install/ros_observer/lib/x86_64-linux-gnu/pkgconfig:/home/yeap/APC_2022_Prac/airsimversion/autoware.ai/install/ros_observer/lib/pkgconfig:/home/yeap/APC_2022_Prac/airsimversion/autoware.ai/install/autoware_system_msgs/lib/x86_64-linux-gnu/pkgconfig:/home/yeap/APC_2022_Prac/airsimversion/autoware.ai/install/autoware_system_msgs/lib/pkgconfig:${PKG_CONFIG_PATH} PYTHONPATH=/home/yeap/APC_2022_Prac/airsimversion/autoware.ai/install/autoware_system_msgs/lib/python2.7/dist-packages:${PYTHONPATH} ROS_PACKAGE_PATH=/home/yeap/APC_2022_Prac/airsimversion/autoware.ai/install/ros_observer/share:/home/yeap/APC_2022_Prac/airsimversion/autoware.ai/install/autoware_system_msgs/share:${ROS_PACKAGE_PATH} /usr/bin/cmake --build /home/yeap/APC_2022_Prac/airsimversion/autoware.ai/build/autoware_health_checker --target install -- -j6 -l6
[3.239s] [  0%] Built target dynamic_reconfigure_generate_messages_nodejs
[3.247s] [  0%] Built target map_msgs_generate_messages_lisp
[3.250s] [  0%] Built target rviz_generate_messages_py
[3.250s] [  0%] Built target nav_msgs_generate_messages_nodejs
[3.260s] [  0%] Built target rviz_generate_messages_cpp
[3.261s] [  0%] Built target people_msgs_generate_messages_lisp
[3.265s] [  0%] Built target rviz_generate_messages_eus
[3.280s] [  0%] Built target people_msgs_generate_messages_eus
[3.284s] [  0%] Built target visualization_msgs_generate_messages_nodejs
[3.284s] [  0%] Built target visualization_msgs_generate_messages_py
[3.290s] [  0%] Built target visualization_msgs_generate_messages_eus
[3.295s] [  0%] Built target people_msgs_generate_messages_cpp
[3.303s] [  0%] Built target visualization_msgs_generate_messages_cpp
[3.305s] [  0%] Built target tf2_msgs_generate_messages_nodejs
[3.312s] [  0%] Built target nav_msgs_generate_messages_eus
[3.317s] [  0%] Built target tf2_msgs_generate_messages_eus
[3.321s] [  0%] Built target map_msgs_generate_messages_cpp
[3.325s] [  0%] Built target tf2_msgs_generate_messages_cpp
[3.332s] [  0%] Built target tf2_msgs_generate_messages_py
[3.338s] [  0%] Built target actionlib_generate_messages_cpp
[3.345s] [  0%] Built target tf_generate_messages_lisp
[3.352s] [  0%] Built target actionlib_generate_messages_py
[3.357s] [  0%] Built target tf_generate_messages_nodejs
[3.373s] [  0%] Built target topic_tools_generate_messages_nodejs
[3.376s] [  0%] Built target topic_tools_generate_messages_eus
[3.383s] [  0%] Built target topic_tools_generate_messages_cpp
[3.383s] [  0%] Built target std_srvs_generate_messages_py
[3.390s] [  0%] Built target std_srvs_generate_messages_nodejs
[3.397s] [  0%] Built target std_srvs_generate_messages_lisp
[3.402s] [  0%] Built target bond_generate_messages_py
[3.413s] [  0%] Built target bond_generate_messages_eus
[3.413s] [  0%] Built target bond_generate_messages_lisp
[3.417s] [  0%] Built target bond_generate_messages_cpp
[3.418s] [  0%] Built target bond_generate_messages_nodejs
[3.421s] [  0%] Built target nodelet_generate_messages_nodejs
[3.435s] [  0%] Built target nodelet_generate_messages_lisp
[3.444s] [  0%] Built target nodelet_generate_messages_cpp
[3.446s] [  0%] Built target nav_msgs_generate_messages_py
[3.446s] [  0%] Built target map_msgs_generate_messages_eus
[3.446s] [  0%] Built target nodelet_generate_messages_eus
[3.455s] [  0%] Built target tf2_msgs_generate_messages_lisp
[3.458s] [  0%] Built target dynamic_reconfigure_gencfg
[3.466s] [  0%] Built target rviz_generate_messages_lisp
[3.466s] [  0%] Built target jsk_rviz_plugins_generate_messages_nodejs
[3.474s] [  0%] Built target jsk_hark_msgs_generate_messages_eus
[3.479s] [  0%] Built target jsk_rviz_plugins_generate_messages_py
[3.485s] [  0%] Built target jsk_rviz_plugins_gencfg
[3.486s] [  0%] Built target visualization_msgs_generate_messages_lisp
[3.494s] [  0%] Built target diagnostic_msgs_generate_messages_nodejs
[3.500s] [  0%] Built target std_msgs_generate_messages_eus
[3.508s] [  0%] Built target rviz_generate_messages_nodejs
[3.510s] [  0%] Built target dynamic_reconfigure_generate_messages_py
[3.521s] [  0%] Built target diagnostic_msgs_generate_messages_lisp
[3.530s] [  0%] Built target jsk_hark_msgs_generate_messages_nodejs
[3.530s] [  0%] Built target roscpp_generate_messages_py
[3.539s] [  0%] Built target autoware_system_msgs_generate_messages_cpp
[3.539s] [  0%] Built target dynamic_reconfigure_generate_messages_eus
[3.542s] [  0%] Built target people_msgs_generate_messages_py
[3.565s] [  0%] Built target geometry_msgs_generate_messages_eus
[3.572s] [  0%] Built target nav_msgs_generate_messages_cpp
[3.572s] [  0%] Built target sensor_msgs_generate_messages_eus
[3.574s] [  0%] Built target std_msgs_generate_messages_py
[3.577s] [  0%] Built target std_srvs_generate_messages_cpp
[3.584s] [  0%] Built target sensor_msgs_generate_messages_lisp
[3.598s] [  0%] Built target diagnostic_msgs_generate_messages_eus
[3.616s] [  0%] Built target map_msgs_generate_messages_nodejs
[3.628s] [  0%] Built target topic_tools_generate_messages_py
[3.633s] [  0%] Built target nodelet_topic_tools_gencfg
[3.656s] [  0%] Built target actionlib_msgs_generate_messages_nodejs
[3.666s] [  0%] Built target std_msgs_generate_messages_cpp
[3.682s] [  0%] Built target autoware_system_msgs_generate_messages_nodejs
[3.685s] [  0%] Built target actionlib_msgs_generate_messages_lisp
[3.696s] [  0%] Built target jsk_footstep_msgs_generate_messages_py
[3.708s] [  0%] Built target autoware_system_msgs_generate_messages_lisp
[3.752s] [  0%] Built target diagnostic_msgs_generate_messages_py
[3.764s] [  0%] Built target autoware_system_msgs_generate_messages_py
[3.767s] [  0%] Built target autoware_system_msgs_generate_messages_eus
[3.770s] [  0%] Built target sensor_msgs_generate_messages_nodejs
[3.772s] [  0%] Built target roscpp_generate_messages_cpp
[3.788s] [  0%] Built target geometry_msgs_generate_messages_nodejs
[3.819s] [  0%] Built target std_msgs_generate_messages_lisp
[3.825s] [  0%] Built target jsk_rviz_plugins_generate_messages_cpp
[3.826s] [  0%] Built target rosgraph_msgs_generate_messages_lisp
[3.838s] [  0%] Built target roscpp_generate_messages_nodejs
[3.838s] [  0%] Built target geometry_msgs_generate_messages_cpp
[3.838s] [  0%] Built target actionlib_generate_messages_lisp
[3.886s] [  0%] Built target tf_generate_messages_py
[3.889s] [  0%] Built target dynamic_reconfigure_generate_messages_cpp
[3.896s] [  0%] Built target std_srvs_generate_messages_eus
[3.897s] [  0%] Built target rosgraph_msgs_generate_messages_cpp
[3.902s] [  0%] Built target geometry_msgs_generate_messages_lisp
[3.927s] [  0%] Built target jsk_recognition_msgs_generate_messages_nodejs
[3.934s] [  0%] Built target rosgraph_msgs_generate_messages_eus
[3.936s] [  0%] Built target jsk_recognition_utils_gencfg
[3.964s] [  0%] Built target jsk_rviz_plugins_generate_messages_lisp
[3.972s] [  0%] Built target roscpp_generate_messages_lisp
[3.982s] [  0%] Built target jsk_hark_msgs_generate_messages_lisp
[3.998s] [  0%] Built target std_msgs_generate_messages_nodejs
[4.002s] [  0%] Built target rosgraph_msgs_generate_messages_nodejs
[4.006s] [  0%] Built target jsk_hark_msgs_generate_messages_cpp
[4.031s] [  0%] Built target jsk_footstep_msgs_generate_messages_eus
[4.045s] [  0%] Built target nav_msgs_generate_messages_lisp
[4.046s] [  0%] Built target pcl_msgs_generate_messages_nodejs
[4.051s] [  0%] Built target actionlib_msgs_generate_messages_py
[4.075s] [  0%] Built target jsk_hark_msgs_generate_messages_py
[4.078s] [  0%] Built target geometry_msgs_generate_messages_py
[4.097s] [  0%] Built target jsk_footstep_msgs_generate_messages_lisp
[4.119s] [  0%] Built target jsk_footstep_msgs_generate_messages_cpp
[4.119s] [  0%] Built target jsk_footstep_msgs_generate_messages_nodejs
[4.139s] [  0%] Built target tf_generate_messages_eus
[4.145s] [  0%] Built target actionlib_msgs_generate_messages_cpp
[4.159s] [  0%] Built target rosgraph_msgs_generate_messages_py
[4.172s] [  0%] Built target roscpp_generate_messages_eus
[4.213s] [  0%] Built target jsk_recognition_msgs_generate_messages_cpp
[4.213s] [  0%] Built target topic_tools_generate_messages_lisp
[4.213s] [  0%] Built target actionlib_msgs_generate_messages_eus
[4.217s] [  0%] Built target jsk_recognition_msgs_generate_messages_eus
[4.235s] [  0%] Built target jsk_recognition_msgs_generate_messages_lisp
[4.255s] [  0%] Built target jsk_recognition_msgs_generate_messages_py
[4.258s] [  0%] Built target sensor_msgs_generate_messages_cpp
[4.263s] [  0%] Built target pcl_msgs_generate_messages_cpp
[4.280s] [  0%] Built target nodelet_generate_messages_py
[4.281s] [  0%] Built target sensor_msgs_generate_messages_py
[4.302s] [  0%] Built target actionlib_generate_messages_nodejs
[4.312s] [  0%] Built target pcl_msgs_generate_messages_eus
[4.313s] [  0%] Built target tf_generate_messages_cpp
[4.322s] [  0%] Built target dynamic_reconfigure_generate_messages_lisp
[4.331s] [  0%] Built target people_msgs_generate_messages_nodejs
[4.339s] [  0%] Built target jsk_rviz_plugins_generate_messages_eus
[4.352s] [  0%] Built target pcl_msgs_generate_messages_lisp
[4.357s] [  0%] Built target actionlib_generate_messages_eus
[4.369s] [  0%] Built target diagnostic_msgs_generate_messages_cpp
[4.373s] [  0%] Built target pcl_msgs_generate_messages_py
[4.373s] [  0%] Built target pcl_ros_gencfg
[4.380s] [  0%] Built target map_msgs_generate_messages_py
[4.420s] [ 20%] Built target health_analyzer
[4.430s] [ 33%] Built target system_status_subscriber
[4.437s] [ 73%] Built target health_checker
[4.478s] [100%] Built target health_aggregator
[4.510s] [36mInstall the project...[0m
[4.525s] -- Install configuration: "Release"
[4.525s] -- Up-to-date: /home/yeap/APC_2022_Prac/airsimversion/autoware.ai/install/autoware_health_checker/lib/pkgconfig/autoware_health_checker.pc
[4.526s] -- Up-to-date: /home/yeap/APC_2022_Prac/airsimversion/autoware.ai/install/autoware_health_checker/share/autoware_health_checker/cmake/autoware_health_checkerConfig.cmake
[4.526s] -- Up-to-date: /home/yeap/APC_2022_Prac/airsimversion/autoware.ai/install/autoware_health_checker/share/autoware_health_checker/cmake/autoware_health_checkerConfig-version.cmake
[4.526s] -- Up-to-date: /home/yeap/APC_2022_Prac/airsimversion/autoware.ai/install/autoware_health_checker/share/autoware_health_checker/package.xml
[4.527s] -- Up-to-date: /home/yeap/APC_2022_Prac/airsimversion/autoware.ai/install/autoware_health_checker/lib/autoware_health_checker/health_aggregator
[4.528s] -- Up-to-date: /home/yeap/APC_2022_Prac/airsimversion/autoware.ai/install/autoware_health_checker/lib/autoware_health_checker/health_analyzer
[4.529s] -- Up-to-date: /home/yeap/APC_2022_Prac/airsimversion/autoware.ai/install/autoware_health_checker/include/autoware_health_checker
[4.529s] -- Up-to-date: /home/yeap/APC_2022_Prac/airsimversion/autoware.ai/install/autoware_health_checker/include/autoware_health_checker/health_checker
[4.529s] -- Up-to-date: /home/yeap/APC_2022_Prac/airsimversion/autoware.ai/install/autoware_health_checker/include/autoware_health_checker/health_checker/rate_checker.h
[4.529s] -- Up-to-date: /home/yeap/APC_2022_Prac/airsimversion/autoware.ai/install/autoware_health_checker/include/autoware_health_checker/health_checker/diag_buffer.h
[4.529s] -- Up-to-date: /home/yeap/APC_2022_Prac/airsimversion/autoware.ai/install/autoware_health_checker/include/autoware_health_checker/health_checker/value_manager.h
[4.529s] -- Up-to-date: /home/yeap/APC_2022_Prac/airsimversion/autoware.ai/install/autoware_health_checker/include/autoware_health_checker/health_checker/health_checker.h
[4.529s] -- Up-to-date: /home/yeap/APC_2022_Prac/airsimversion/autoware.ai/install/autoware_health_checker/include/autoware_health_checker/health_checker/param_manager.h
[4.529s] -- Up-to-date: /home/yeap/APC_2022_Prac/airsimversion/autoware.ai/install/autoware_health_checker/include/autoware_health_checker/health_analyzer
[4.529s] -- Up-to-date: /home/yeap/APC_2022_Prac/airsimversion/autoware.ai/install/autoware_health_checker/include/autoware_health_checker/health_analyzer/health_analyzer.h
[4.529s] -- Up-to-date: /home/yeap/APC_2022_Prac/airsimversion/autoware.ai/install/autoware_health_checker/include/autoware_health_checker/health_aggregator
[4.529s] -- Up-to-date: /home/yeap/APC_2022_Prac/airsimversion/autoware.ai/install/autoware_health_checker/include/autoware_health_checker/health_aggregator/health_aggregator.h
[4.529s] -- Up-to-date: /home/yeap/APC_2022_Prac/airsimversion/autoware.ai/install/autoware_health_checker/include/autoware_health_checker/health_aggregator/status_monitor.h
[4.529s] -- Up-to-date: /home/yeap/APC_2022_Prac/airsimversion/autoware.ai/install/autoware_health_checker/include/autoware_health_checker/constants.h
[4.529s] -- Up-to-date: /home/yeap/APC_2022_Prac/airsimversion/autoware.ai/install/autoware_health_checker/include/autoware_health_checker/system_status_subscriber
[4.529s] -- Up-to-date: /home/yeap/APC_2022_Prac/airsimversion/autoware.ai/install/autoware_health_checker/include/autoware_health_checker/system_status_subscriber/system_status_subscriber.h
[4.529s] -- Up-to-date: /home/yeap/APC_2022_Prac/airsimversion/autoware.ai/install/autoware_health_checker/lib/libhealth_checker.so
[4.530s] -- Up-to-date: /home/yeap/APC_2022_Prac/airsimversion/autoware.ai/install/autoware_health_checker/lib/libsystem_status_subscriber.so
[4.530s] -- Up-to-date: /home/yeap/APC_2022_Prac/airsimversion/autoware.ai/install/autoware_health_checker/share/autoware_health_checker/launch
[4.531s] -- Up-to-date: /home/yeap/APC_2022_Prac/airsimversion/autoware.ai/install/autoware_health_checker/share/autoware_health_checker/launch/health_checker.launch
[4.531s] -- Up-to-date: /home/yeap/APC_2022_Prac/airsimversion/autoware.ai/install/autoware_health_checker/share/autoware_health_checker/launch/health_analyzer.launch
[4.531s] -- Up-to-date: /home/yeap/APC_2022_Prac/airsimversion/autoware.ai/install/autoware_health_checker/share/autoware_health_checker/config
[4.531s] -- Up-to-date: /home/yeap/APC_2022_Prac/airsimversion/autoware.ai/install/autoware_health_checker/share/autoware_health_checker/config/README.md
[4.572s] Invoked command in '/home/yeap/APC_2022_Prac/airsimversion/autoware.ai/build/autoware_health_checker' returned '0': CMAKE_PREFIX_PATH=/home/yeap/APC_2022_Prac/airsimversion/autoware.ai/install/ros_observer:/home/yeap/APC_2022_Prac/airsimversion/autoware.ai/install/autoware_system_msgs:${CMAKE_PREFIX_PATH} LD_LIBRARY_PATH=/home/yeap/APC_2022_Prac/airsimversion/autoware.ai/install/ros_observer/lib:${LD_LIBRARY_PATH} PKG_CONFIG_PATH=/home/yeap/APC_2022_Prac/airsimversion/autoware.ai/install/ros_observer/lib/x86_64-linux-gnu/pkgconfig:/home/yeap/APC_2022_Prac/airsimversion/autoware.ai/install/ros_observer/lib/pkgconfig:/home/yeap/APC_2022_Prac/airsimversion/autoware.ai/install/autoware_system_msgs/lib/x86_64-linux-gnu/pkgconfig:/home/yeap/APC_2022_Prac/airsimversion/autoware.ai/install/autoware_system_msgs/lib/pkgconfig:${PKG_CONFIG_PATH} PYTHONPATH=/home/yeap/APC_2022_Prac/airsimversion/autoware.ai/install/autoware_system_msgs/lib/python2.7/dist-packages:${PYTHONPATH} ROS_PACKAGE_PATH=/home/yeap/APC_2022_Prac/airsimversion/autoware.ai/install/ros_observer/share:/home/yeap/APC_2022_Prac/airsimversion/autoware.ai/install/autoware_system_msgs/share:${ROS_PACKAGE_PATH} /usr/bin/cmake --build /home/yeap/APC_2022_Prac/airsimversion/autoware.ai/build/autoware_health_checker --target install -- -j6 -l6
