[0.020s] Invoking command in '/home/yeap/APC_2022_Prac/airsimversion/autoware.ai/build/autoware_connector': CMAKE_PREFIX_PATH=/home/yeap/APC_2022_Prac/airsimversion/autoware.ai/install/autoware_msgs:/home/yeap/APC_2022_Prac/airsimversion/autoware.ai/install/autoware_can_msgs:/home/yeap/APC_2022_Prac/airsimversion/autoware.ai/install/autoware_build_flags:${CMAKE_PREFIX_PATH} PKG_CONFIG_PATH=/home/yeap/APC_2022_Prac/airsimversion/autoware.ai/install/autoware_msgs/lib/x86_64-linux-gnu/pkgconfig:/home/yeap/APC_2022_Prac/airsimversion/autoware.ai/install/autoware_msgs/lib/pkgconfig:/home/yeap/APC_2022_Prac/airsimversion/autoware.ai/install/autoware_can_msgs/lib/x86_64-linux-gnu/pkgconfig:/home/yeap/APC_2022_Prac/airsimversion/autoware.ai/install/autoware_can_msgs/lib/pkgconfig:/home/yeap/APC_2022_Prac/airsimversion/autoware.ai/install/autoware_build_flags/lib/x86_64-linux-gnu/pkgconfig:/home/yeap/APC_2022_Prac/airsimversion/autoware.ai/install/autoware_build_flags/lib/pkgconfig:${PKG_CONFIG_PATH} PYTHONPATH=/home/yeap/APC_2022_Prac/airsimversion/autoware.ai/install/autoware_msgs/lib/python2.7/dist-packages:/home/yeap/APC_2022_Prac/airsimversion/autoware.ai/install/autoware_can_msgs/lib/python2.7/dist-packages:${PYTHONPATH} ROS_PACKAGE_PATH=/home/yeap/APC_2022_Prac/airsimversion/autoware.ai/install/autoware_msgs/share:/home/yeap/APC_2022_Prac/airsimversion/autoware.ai/install/autoware_can_msgs/share:/home/yeap/APC_2022_Prac/airsimversion/autoware.ai/install/autoware_build_flags/share:${ROS_PACKAGE_PATH} /usr/bin/cmake --build /home/yeap/APC_2022_Prac/airsimversion/autoware.ai/build/autoware_connector -- -j6 -l6
[0.106s] [  0%] Built target actionlib_generate_messages_cpp
[0.112s] [  0%] Built target tf2_msgs_generate_messages_nodejs
[0.112s] [  0%] Built target roscpp_generate_messages_cpp
[0.127s] [  0%] Built target sensor_msgs_generate_messages_nodejs
[0.142s] [  0%] Built target tf2_msgs_generate_messages_lisp
[0.142s] [  0%] Built target jsk_recognition_msgs_generate_messages_lisp
[0.142s] [  0%] Built target jsk_recognition_msgs_generate_messages_eus
[0.170s] [  0%] Built target rosgraph_msgs_generate_messages_eus
[0.174s] [  0%] Built target geometry_msgs_generate_messages_lisp
[0.177s] [  0%] Built target tf2_msgs_generate_messages_cpp
[0.182s] [  0%] Built target geometry_msgs_generate_messages_eus
[0.187s] [  0%] Built target autoware_msgs_generate_messages_lisp
[0.212s] [  0%] Built target autoware_msgs_generate_messages_eus
[0.219s] [  0%] Built target pcl_msgs_generate_messages_cpp
[0.221s] [  0%] Built target jsk_recognition_msgs_generate_messages_cpp
[0.232s] [  0%] Built target autoware_can_msgs_generate_messages_cpp
[0.243s] [  0%] Built target autoware_can_msgs_generate_messages_lisp
[0.247s] [  0%] Built target nav_msgs_generate_messages_nodejs
[0.247s] [  0%] Built target autoware_can_msgs_generate_messages_nodejs
[0.267s] [  0%] Built target sensor_msgs_generate_messages_py
[0.270s] [  0%] Built target jsk_recognition_msgs_generate_messages_py
[0.278s] [  0%] Built target tf_generate_messages_py
[0.285s] [  0%] Built target actionlib_msgs_generate_messages_nodejs
[0.286s] [  0%] Built target std_msgs_generate_messages_py
[0.299s] [  0%] Built target autoware_msgs_generate_messages_py
[0.314s] [  0%] Built target jsk_footstep_msgs_generate_messages_py
[0.316s] [  0%] Built target autoware_msgs_generate_messages_nodejs
[0.325s] [  0%] Built target std_msgs_generate_messages_cpp
[0.325s] [  0%] Built target std_msgs_generate_messages_eus
[0.342s] [  0%] Built target geometry_msgs_generate_messages_nodejs
[0.357s] [  0%] Built target geometry_msgs_generate_messages_py
[0.364s] [  0%] Built target autoware_can_msgs_generate_messages_py
[0.383s] [  0%] Built target sensor_msgs_generate_messages_eus
[0.383s] [  0%] Built target sensor_msgs_generate_messages_cpp
[0.383s] [  0%] Built target roscpp_generate_messages_nodejs
[0.389s] [  0%] Built target std_msgs_generate_messages_lisp
[0.401s] [  0%] Built target std_msgs_generate_messages_nodejs
[0.419s] [  0%] Built target autoware_msgs_generate_messages_cpp
[0.431s] [  0%] Built target rosgraph_msgs_generate_messages_cpp
[0.437s] [  0%] Built target actionlib_msgs_generate_messages_py
[0.439s] [  0%] Built target pcl_msgs_generate_messages_eus
[0.439s] [  0%] Built target jsk_footstep_msgs_generate_messages_eus
[0.451s] [  0%] Built target jsk_footstep_msgs_generate_messages_nodejs
[0.453s] [  0%] Built target jsk_footstep_msgs_generate_messages_lisp
[0.469s] [  0%] Built target sensor_msgs_generate_messages_lisp
[0.474s] [  0%] Built target actionlib_msgs_generate_messages_lisp
[0.474s] [  0%] Built target pcl_msgs_generate_messages_nodejs
[0.483s] [  0%] Built target nav_msgs_generate_messages_lisp
[0.483s] [  0%] Built target nav_msgs_generate_messages_cpp
[0.484s] [  0%] Built target jsk_recognition_msgs_generate_messages_nodejs
[0.497s] [  0%] Built target rosgraph_msgs_generate_messages_lisp
[0.501s] [  0%] Built target roscpp_generate_messages_lisp
[0.502s] [  0%] Built target roscpp_generate_messages_py
[0.511s] [  0%] Built target actionlib_msgs_generate_messages_eus
[0.519s] [  0%] Built target rosgraph_msgs_generate_messages_nodejs
[0.521s] [  0%] Built target autoware_can_msgs_generate_messages_eus
[0.529s] [  0%] Built target roscpp_generate_messages_eus
[0.534s] [  0%] Built target actionlib_generate_messages_nodejs
[0.537s] [  0%] Built target rosgraph_msgs_generate_messages_py
[0.543s] [  0%] Built target pcl_msgs_generate_messages_lisp
[0.556s] [  0%] Built target tf_generate_messages_cpp
[0.568s] [  0%] Built target jsk_footstep_msgs_generate_messages_cpp
[0.568s] [  0%] Built target actionlib_msgs_generate_messages_cpp
[0.571s] [  0%] Built target tf_generate_messages_eus
[0.578s] [  0%] Built target tf_generate_messages_lisp
[0.579s] [  0%] Built target tf_generate_messages_nodejs
[0.594s] [  0%] Built target pcl_msgs_generate_messages_py
[0.599s] [  0%] Built target actionlib_generate_messages_eus
[0.602s] [  0%] Built target geometry_msgs_generate_messages_cpp
[0.609s] [  0%] Built target actionlib_generate_messages_lisp
[0.611s] [  0%] Built target tf2_msgs_generate_messages_py
[0.622s] [  0%] Built target actionlib_generate_messages_py
[0.631s] [  0%] Built target nav_msgs_generate_messages_eus
[0.634s] [  0%] Built target tf2_msgs_generate_messages_eus
[0.634s] [  0%] Built target nav_msgs_generate_messages_py
[0.666s] [ 50%] Built target can_odometry
[0.683s] [100%] Built target can_status_translator
[0.696s] Invoked command in '/home/yeap/APC_2022_Prac/airsimversion/autoware.ai/build/autoware_connector' returned '0': CMAKE_PREFIX_PATH=/home/yeap/APC_2022_Prac/airsimversion/autoware.ai/install/autoware_msgs:/home/yeap/APC_2022_Prac/airsimversion/autoware.ai/install/autoware_can_msgs:/home/yeap/APC_2022_Prac/airsimversion/autoware.ai/install/autoware_build_flags:${CMAKE_PREFIX_PATH} PKG_CONFIG_PATH=/home/yeap/APC_2022_Prac/airsimversion/autoware.ai/install/autoware_msgs/lib/x86_64-linux-gnu/pkgconfig:/home/yeap/APC_2022_Prac/airsimversion/autoware.ai/install/autoware_msgs/lib/pkgconfig:/home/yeap/APC_2022_Prac/airsimversion/autoware.ai/install/autoware_can_msgs/lib/x86_64-linux-gnu/pkgconfig:/home/yeap/APC_2022_Prac/airsimversion/autoware.ai/install/autoware_can_msgs/lib/pkgconfig:/home/yeap/APC_2022_Prac/airsimversion/autoware.ai/install/autoware_build_flags/lib/x86_64-linux-gnu/pkgconfig:/home/yeap/APC_2022_Prac/airsimversion/autoware.ai/install/autoware_build_flags/lib/pkgconfig:${PKG_CONFIG_PATH} PYTHONPATH=/home/yeap/APC_2022_Prac/airsimversion/autoware.ai/install/autoware_msgs/lib/python2.7/dist-packages:/home/yeap/APC_2022_Prac/airsimversion/autoware.ai/install/autoware_can_msgs/lib/python2.7/dist-packages:${PYTHONPATH} ROS_PACKAGE_PATH=/home/yeap/APC_2022_Prac/airsimversion/autoware.ai/install/autoware_msgs/share:/home/yeap/APC_2022_Prac/airsimversion/autoware.ai/install/autoware_can_msgs/share:/home/yeap/APC_2022_Prac/airsimversion/autoware.ai/install/autoware_build_flags/share:${ROS_PACKAGE_PATH} /usr/bin/cmake --build /home/yeap/APC_2022_Prac/airsimversion/autoware.ai/build/autoware_connector -- -j6 -l6
[0.961s] Invoking command in '/home/yeap/APC_2022_Prac/airsimversion/autoware.ai/build/autoware_connector': CMAKE_PREFIX_PATH=/home/yeap/APC_2022_Prac/airsimversion/autoware.ai/install/autoware_msgs:/home/yeap/APC_2022_Prac/airsimversion/autoware.ai/install/autoware_can_msgs:/home/yeap/APC_2022_Prac/airsimversion/autoware.ai/install/autoware_build_flags:${CMAKE_PREFIX_PATH} PKG_CONFIG_PATH=/home/yeap/APC_2022_Prac/airsimversion/autoware.ai/install/autoware_msgs/lib/x86_64-linux-gnu/pkgconfig:/home/yeap/APC_2022_Prac/airsimversion/autoware.ai/install/autoware_msgs/lib/pkgconfig:/home/yeap/APC_2022_Prac/airsimversion/autoware.ai/install/autoware_can_msgs/lib/x86_64-linux-gnu/pkgconfig:/home/yeap/APC_2022_Prac/airsimversion/autoware.ai/install/autoware_can_msgs/lib/pkgconfig:/home/yeap/APC_2022_Prac/airsimversion/autoware.ai/install/autoware_build_flags/lib/x86_64-linux-gnu/pkgconfig:/home/yeap/APC_2022_Prac/airsimversion/autoware.ai/install/autoware_build_flags/lib/pkgconfig:${PKG_CONFIG_PATH} PYTHONPATH=/home/yeap/APC_2022_Prac/airsimversion/autoware.ai/install/autoware_msgs/lib/python2.7/dist-packages:/home/yeap/APC_2022_Prac/airsimversion/autoware.ai/install/autoware_can_msgs/lib/python2.7/dist-packages:${PYTHONPATH} ROS_PACKAGE_PATH=/home/yeap/APC_2022_Prac/airsimversion/autoware.ai/install/autoware_msgs/share:/home/yeap/APC_2022_Prac/airsimversion/autoware.ai/install/autoware_can_msgs/share:/home/yeap/APC_2022_Prac/airsimversion/autoware.ai/install/autoware_build_flags/share:${ROS_PACKAGE_PATH} /usr/bin/cmake --build /home/yeap/APC_2022_Prac/airsimversion/autoware.ai/build/autoware_connector --target tests -- -j6 -l6
[1.054s] Built target tests
[1.068s] Invoked command in '/home/yeap/APC_2022_Prac/airsimversion/autoware.ai/build/autoware_connector' returned '0': CMAKE_PREFIX_PATH=/home/yeap/APC_2022_Prac/airsimversion/autoware.ai/install/autoware_msgs:/home/yeap/APC_2022_Prac/airsimversion/autoware.ai/install/autoware_can_msgs:/home/yeap/APC_2022_Prac/airsimversion/autoware.ai/install/autoware_build_flags:${CMAKE_PREFIX_PATH} PKG_CONFIG_PATH=/home/yeap/APC_2022_Prac/airsimversion/autoware.ai/install/autoware_msgs/lib/x86_64-linux-gnu/pkgconfig:/home/yeap/APC_2022_Prac/airsimversion/autoware.ai/install/autoware_msgs/lib/pkgconfig:/home/yeap/APC_2022_Prac/airsimversion/autoware.ai/install/autoware_can_msgs/lib/x86_64-linux-gnu/pkgconfig:/home/yeap/APC_2022_Prac/airsimversion/autoware.ai/install/autoware_can_msgs/lib/pkgconfig:/home/yeap/APC_2022_Prac/airsimversion/autoware.ai/install/autoware_build_flags/lib/x86_64-linux-gnu/pkgconfig:/home/yeap/APC_2022_Prac/airsimversion/autoware.ai/install/autoware_build_flags/lib/pkgconfig:${PKG_CONFIG_PATH} PYTHONPATH=/home/yeap/APC_2022_Prac/airsimversion/autoware.ai/install/autoware_msgs/lib/python2.7/dist-packages:/home/yeap/APC_2022_Prac/airsimversion/autoware.ai/install/autoware_can_msgs/lib/python2.7/dist-packages:${PYTHONPATH} ROS_PACKAGE_PATH=/home/yeap/APC_2022_Prac/airsimversion/autoware.ai/install/autoware_msgs/share:/home/yeap/APC_2022_Prac/airsimversion/autoware.ai/install/autoware_can_msgs/share:/home/yeap/APC_2022_Prac/airsimversion/autoware.ai/install/autoware_build_flags/share:${ROS_PACKAGE_PATH} /usr/bin/cmake --build /home/yeap/APC_2022_Prac/airsimversion/autoware.ai/build/autoware_connector --target tests -- -j6 -l6
[1.270s] Invoking command in '/home/yeap/APC_2022_Prac/airsimversion/autoware.ai/build/autoware_connector': CMAKE_PREFIX_PATH=/home/yeap/APC_2022_Prac/airsimversion/autoware.ai/install/autoware_msgs:/home/yeap/APC_2022_Prac/airsimversion/autoware.ai/install/autoware_can_msgs:/home/yeap/APC_2022_Prac/airsimversion/autoware.ai/install/autoware_build_flags:${CMAKE_PREFIX_PATH} PKG_CONFIG_PATH=/home/yeap/APC_2022_Prac/airsimversion/autoware.ai/install/autoware_msgs/lib/x86_64-linux-gnu/pkgconfig:/home/yeap/APC_2022_Prac/airsimversion/autoware.ai/install/autoware_msgs/lib/pkgconfig:/home/yeap/APC_2022_Prac/airsimversion/autoware.ai/install/autoware_can_msgs/lib/x86_64-linux-gnu/pkgconfig:/home/yeap/APC_2022_Prac/airsimversion/autoware.ai/install/autoware_can_msgs/lib/pkgconfig:/home/yeap/APC_2022_Prac/airsimversion/autoware.ai/install/autoware_build_flags/lib/x86_64-linux-gnu/pkgconfig:/home/yeap/APC_2022_Prac/airsimversion/autoware.ai/install/autoware_build_flags/lib/pkgconfig:${PKG_CONFIG_PATH} PYTHONPATH=/home/yeap/APC_2022_Prac/airsimversion/autoware.ai/install/autoware_msgs/lib/python2.7/dist-packages:/home/yeap/APC_2022_Prac/airsimversion/autoware.ai/install/autoware_can_msgs/lib/python2.7/dist-packages:${PYTHONPATH} ROS_PACKAGE_PATH=/home/yeap/APC_2022_Prac/airsimversion/autoware.ai/install/autoware_msgs/share:/home/yeap/APC_2022_Prac/airsimversion/autoware.ai/install/autoware_can_msgs/share:/home/yeap/APC_2022_Prac/airsimversion/autoware.ai/install/autoware_build_flags/share:${ROS_PACKAGE_PATH} /usr/bin/cmake --build /home/yeap/APC_2022_Prac/airsimversion/autoware.ai/build/autoware_connector --target install -- -j6 -l6
[1.349s] [  0%] Built target tf2_msgs_generate_messages_lisp
[1.351s] [  0%] Built target tf2_msgs_generate_messages_nodejs
[1.366s] [  0%] Built target actionlib_generate_messages_cpp
[1.380s] [  0%] Built target sensor_msgs_generate_messages_nodejs
[1.380s] [  0%] Built target jsk_recognition_msgs_generate_messages_lisp
[1.386s] [  0%] Built target roscpp_generate_messages_cpp
[1.405s] [  0%] Built target rosgraph_msgs_generate_messages_eus
[1.406s] [  0%] Built target jsk_recognition_msgs_generate_messages_eus
[1.417s] [  0%] Built target tf2_msgs_generate_messages_cpp
[1.433s] [  0%] Built target geometry_msgs_generate_messages_lisp
[1.451s] [  0%] Built target pcl_msgs_generate_messages_cpp
[1.452s] [  0%] Built target geometry_msgs_generate_messages_eus
[1.461s] [  0%] Built target jsk_recognition_msgs_generate_messages_cpp
[1.471s] [  0%] Built target autoware_msgs_generate_messages_lisp
[1.488s] [  0%] Built target autoware_can_msgs_generate_messages_cpp
[1.490s] [  0%] Built target autoware_msgs_generate_messages_eus
[1.508s] [  0%] Built target autoware_can_msgs_generate_messages_lisp
[1.519s] [  0%] Built target autoware_can_msgs_generate_messages_nodejs
[1.519s] [  0%] Built target nav_msgs_generate_messages_nodejs
[1.529s] [  0%] Built target sensor_msgs_generate_messages_py
[1.542s] [  0%] Built target jsk_recognition_msgs_generate_messages_py
[1.557s] [  0%] Built target tf_generate_messages_py
[1.566s] [  0%] Built target std_msgs_generate_messages_py
[1.569s] [  0%] Built target autoware_msgs_generate_messages_py
[1.587s] [  0%] Built target actionlib_msgs_generate_messages_nodejs
[1.610s] [  0%] Built target std_msgs_generate_messages_cpp
[1.614s] [  0%] Built target std_msgs_generate_messages_eus
[1.624s] [  0%] Built target jsk_footstep_msgs_generate_messages_py
[1.635s] [  0%] Built target autoware_msgs_generate_messages_nodejs
[1.653s] [  0%] Built target geometry_msgs_generate_messages_nodejs
[1.675s] [  0%] Built target autoware_can_msgs_generate_messages_py
[1.677s] [  0%] Built target geometry_msgs_generate_messages_py
[1.705s] [  0%] Built target sensor_msgs_generate_messages_cpp
[1.707s] [  0%] Built target sensor_msgs_generate_messages_eus
[1.717s] [  0%] Built target roscpp_generate_messages_nodejs
[1.743s] [  0%] Built target std_msgs_generate_messages_nodejs
[1.755s] [  0%] Built target std_msgs_generate_messages_lisp
[1.770s] [  0%] Built target pcl_msgs_generate_messages_eus
[1.773s] [  0%] Built target autoware_msgs_generate_messages_cpp
[1.794s] [  0%] Built target rosgraph_msgs_generate_messages_cpp
[1.812s] [  0%] Built target actionlib_msgs_generate_messages_py
[1.818s] [  0%] Built target jsk_footstep_msgs_generate_messages_nodejs
[1.836s] [  0%] Built target jsk_footstep_msgs_generate_messages_eus
[1.841s] [  0%] Built target jsk_footstep_msgs_generate_messages_lisp
[1.856s] [  0%] Built target sensor_msgs_generate_messages_lisp
[1.860s] [  0%] Built target actionlib_msgs_generate_messages_lisp
[1.879s] [  0%] Built target nav_msgs_generate_messages_lisp
[1.891s] [  0%] Built target pcl_msgs_generate_messages_nodejs
[1.893s] [  0%] Built target nav_msgs_generate_messages_cpp
[1.918s] [  0%] Built target roscpp_generate_messages_lisp
[1.921s] [  0%] Built target roscpp_generate_messages_py
[1.925s] [  0%] Built target jsk_recognition_msgs_generate_messages_nodejs
[1.941s] [  0%] Built target rosgraph_msgs_generate_messages_nodejs
[1.955s] [  0%] Built target rosgraph_msgs_generate_messages_lisp
[1.961s] [  0%] Built target roscpp_generate_messages_eus
[1.969s] [  0%] Built target autoware_can_msgs_generate_messages_eus
[1.982s] [  0%] Built target rosgraph_msgs_generate_messages_py
[1.985s] [  0%] Built target actionlib_msgs_generate_messages_eus
[1.994s] [  0%] Built target actionlib_generate_messages_nodejs
[1.998s] [  0%] Built target pcl_msgs_generate_messages_lisp
[2.008s] [  0%] Built target tf_generate_messages_cpp
[2.027s] [  0%] Built target actionlib_msgs_generate_messages_cpp
[2.029s] [  0%] Built target jsk_footstep_msgs_generate_messages_cpp
[2.050s] [  0%] Built target tf_generate_messages_nodejs
[2.050s] [  0%] Built target tf_generate_messages_eus
[2.055s] [  0%] Built target pcl_msgs_generate_messages_py
[2.062s] [  0%] Built target tf_generate_messages_lisp
[2.076s] [  0%] Built target actionlib_generate_messages_lisp
[2.086s] [  0%] Built target actionlib_generate_messages_eus
[2.089s] [  0%] Built target geometry_msgs_generate_messages_cpp
[2.092s] [  0%] Built target tf2_msgs_generate_messages_py
[2.111s] [  0%] Built target actionlib_generate_messages_py
[2.118s] [  0%] Built target nav_msgs_generate_messages_py
[2.119s] [  0%] Built target nav_msgs_generate_messages_eus
[2.140s] [  0%] Built target tf2_msgs_generate_messages_eus
[2.179s] [ 50%] Built target can_status_translator
[2.181s] [100%] Built target can_odometry
[2.202s] [36mInstall the project...[0m
[2.213s] -- Install configuration: "Release"
[2.213s] -- Up-to-date: /home/yeap/APC_2022_Prac/airsimversion/autoware.ai/install/autoware_connector/lib/pkgconfig/autoware_connector.pc
[2.214s] -- Up-to-date: /home/yeap/APC_2022_Prac/airsimversion/autoware.ai/install/autoware_connector/share/autoware_connector/cmake/autoware_connectorConfig.cmake
[2.214s] -- Up-to-date: /home/yeap/APC_2022_Prac/airsimversion/autoware.ai/install/autoware_connector/share/autoware_connector/cmake/autoware_connectorConfig-version.cmake
[2.214s] -- Up-to-date: /home/yeap/APC_2022_Prac/airsimversion/autoware.ai/install/autoware_connector/share/autoware_connector/package.xml
[2.215s] -- Up-to-date: /home/yeap/APC_2022_Prac/airsimversion/autoware.ai/install/autoware_connector/lib/autoware_connector/can_status_translator
[2.216s] -- Up-to-date: /home/yeap/APC_2022_Prac/airsimversion/autoware.ai/install/autoware_connector/lib/autoware_connector/can_odometry
[2.217s] -- Up-to-date: /home/yeap/APC_2022_Prac/airsimversion/autoware.ai/install/autoware_connector/share/autoware_connector/launch
[2.217s] -- Up-to-date: /home/yeap/APC_2022_Prac/airsimversion/autoware.ai/install/autoware_connector/share/autoware_connector/launch/vel_pose_connect.launch
[2.217s] -- Up-to-date: /home/yeap/APC_2022_Prac/airsimversion/autoware.ai/install/autoware_connector/share/autoware_connector/launch/can2odom.launch
[2.226s] Invoked command in '/home/yeap/APC_2022_Prac/airsimversion/autoware.ai/build/autoware_connector' returned '0': CMAKE_PREFIX_PATH=/home/yeap/APC_2022_Prac/airsimversion/autoware.ai/install/autoware_msgs:/home/yeap/APC_2022_Prac/airsimversion/autoware.ai/install/autoware_can_msgs:/home/yeap/APC_2022_Prac/airsimversion/autoware.ai/install/autoware_build_flags:${CMAKE_PREFIX_PATH} PKG_CONFIG_PATH=/home/yeap/APC_2022_Prac/airsimversion/autoware.ai/install/autoware_msgs/lib/x86_64-linux-gnu/pkgconfig:/home/yeap/APC_2022_Prac/airsimversion/autoware.ai/install/autoware_msgs/lib/pkgconfig:/home/yeap/APC_2022_Prac/airsimversion/autoware.ai/install/autoware_can_msgs/lib/x86_64-linux-gnu/pkgconfig:/home/yeap/APC_2022_Prac/airsimversion/autoware.ai/install/autoware_can_msgs/lib/pkgconfig:/home/yeap/APC_2022_Prac/airsimversion/autoware.ai/install/autoware_build_flags/lib/x86_64-linux-gnu/pkgconfig:/home/yeap/APC_2022_Prac/airsimversion/autoware.ai/install/autoware_build_flags/lib/pkgconfig:${PKG_CONFIG_PATH} PYTHONPATH=/home/yeap/APC_2022_Prac/airsimversion/autoware.ai/install/autoware_msgs/lib/python2.7/dist-packages:/home/yeap/APC_2022_Prac/airsimversion/autoware.ai/install/autoware_can_msgs/lib/python2.7/dist-packages:${PYTHONPATH} ROS_PACKAGE_PATH=/home/yeap/APC_2022_Prac/airsimversion/autoware.ai/install/autoware_msgs/share:/home/yeap/APC_2022_Prac/airsimversion/autoware.ai/install/autoware_can_msgs/share:/home/yeap/APC_2022_Prac/airsimversion/autoware.ai/install/autoware_build_flags/share:${ROS_PACKAGE_PATH} /usr/bin/cmake --build /home/yeap/APC_2022_Prac/airsimversion/autoware.ai/build/autoware_connector --target install -- -j6 -l6
