[0.035s] Invoking command in '/home/yeap/APC_2022_Prac/airsimversion/autoware.ai/build/vision_lane_detect': CMAKE_PREFIX_PATH=/home/yeap/APC_2022_Prac/airsimversion/autoware.ai/install/autoware_msgs:${CMAKE_PREFIX_PATH} PKG_CONFIG_PATH=/home/yeap/APC_2022_Prac/airsimversion/autoware.ai/install/autoware_msgs/lib/x86_64-linux-gnu/pkgconfig:/home/yeap/APC_2022_Prac/airsimversion/autoware.ai/install/autoware_msgs/lib/pkgconfig:${PKG_CONFIG_PATH} PYTHONPATH=/home/yeap/APC_2022_Prac/airsimversion/autoware.ai/install/autoware_msgs/lib/python2.7/dist-packages:${PYTHONPATH} ROS_PACKAGE_PATH=/home/yeap/APC_2022_Prac/airsimversion/autoware.ai/install/autoware_msgs/share:${ROS_PACKAGE_PATH} /usr/bin/cmake /home/yeap/APC_2022_Prac/airsimversion/autoware.ai/src/autoware/core_perception/vision_lane_detect -DCMAKE_BUILD_TYPE=Release -DCATKIN_INSTALL_INTO_PREFIX_ROOT=0 -DCMAKE_INSTALL_PREFIX=/home/yeap/APC_2022_Prac/airsimversion/autoware.ai/install/vision_lane_detect
[0.120s] -- The C compiler identification is GNU 7.5.0
[0.186s] -- The CXX compiler identification is GNU 7.5.0
[0.191s] -- Check for working C compiler: /usr/bin/cc
[0.269s] -- Check for working C compiler: /usr/bin/cc -- works
[0.270s] -- Detecting C compiler ABI info
[0.346s] -- Detecting C compiler ABI info - done
[0.357s] -- Detecting C compile features
[0.600s] -- Detecting C compile features - done
[0.603s] -- Check for working CXX compiler: /usr/bin/c++
[0.695s] -- Check for working CXX compiler: /usr/bin/c++ -- works
[0.696s] -- Detecting CXX compiler ABI info
[0.794s] -- Detecting CXX compiler ABI info - done
[0.803s] -- Detecting CXX compile features
[1.185s] -- Detecting CXX compile features - done
[1.188s] -- Using CATKIN_DEVEL_PREFIX: /home/yeap/APC_2022_Prac/airsimversion/autoware.ai/build/vision_lane_detect/devel
[1.189s] -- Using CMAKE_PREFIX_PATH: /home/yeap/APC_2022_Prac/airsimversion/autoware.ai/install/autoware_msgs;/opt/ros/melodic
[1.189s] -- This workspace overlays: /home/yeap/APC_2022_Prac/airsimversion/autoware.ai/install/autoware_msgs;/opt/ros/melodic
[1.209s] -- Found PythonInterp: /usr/bin/python2 (found suitable version "2.7.17", minimum required is "2") 
[1.209s] -- Using PYTHON_EXECUTABLE: /usr/bin/python2
[1.210s] -- Using Debian Python package layout
[1.210s] -- Using empy: /usr/bin/empy
[1.389s] -- Using CATKIN_ENABLE_TESTING: ON
[1.389s] -- Call enable_testing()
[1.392s] -- Using CATKIN_TEST_RESULTS_DIR: /home/yeap/APC_2022_Prac/airsimversion/autoware.ai/build/vision_lane_detect/test_results
[1.416s] -- Found gtest sources under '/usr/src/googletest': gtests will be built
[1.417s] -- Found gmock sources under '/usr/src/googletest': gmock will be built
[1.433s] -- Found PythonInterp: /usr/bin/python2 (found version "2.7.17") 
[1.435s] -- Looking for pthread.h
[1.514s] -- Looking for pthread.h - found
[1.514s] -- Looking for pthread_create
[1.589s] -- Looking for pthread_create - not found
[1.590s] -- Looking for pthread_create in pthreads
[1.648s] -- Looking for pthread_create in pthreads - not found
[1.649s] -- Looking for pthread_create in pthread
[1.724s] -- Looking for pthread_create in pthread - found
[1.725s] -- Found Threads: TRUE  
[1.731s] -- Using Python nosetests: /usr/bin/nosetests-2.7
[1.784s] -- catkin 0.7.29
[1.784s] -- BUILD_SHARED_LIBS is on
[1.934s] -- Using these message generators: gencpp;geneus;genlisp;gennodejs;genpy
[2.165s] -- Found OpenCV: /usr (found version "3.2.0") 
[2.171s] -- Found OpenGL: /usr/lib/x86_64-linux-gnu/libOpenGL.so   
[2.330s] -- Configuring done
[2.371s] -- Generating done
[2.379s] -- Build files have been written to: /home/yeap/APC_2022_Prac/airsimversion/autoware.ai/build/vision_lane_detect
[2.389s] Invoked command in '/home/yeap/APC_2022_Prac/airsimversion/autoware.ai/build/vision_lane_detect' returned '0': CMAKE_PREFIX_PATH=/home/yeap/APC_2022_Prac/airsimversion/autoware.ai/install/autoware_msgs:${CMAKE_PREFIX_PATH} PKG_CONFIG_PATH=/home/yeap/APC_2022_Prac/airsimversion/autoware.ai/install/autoware_msgs/lib/x86_64-linux-gnu/pkgconfig:/home/yeap/APC_2022_Prac/airsimversion/autoware.ai/install/autoware_msgs/lib/pkgconfig:${PKG_CONFIG_PATH} PYTHONPATH=/home/yeap/APC_2022_Prac/airsimversion/autoware.ai/install/autoware_msgs/lib/python2.7/dist-packages:${PYTHONPATH} ROS_PACKAGE_PATH=/home/yeap/APC_2022_Prac/airsimversion/autoware.ai/install/autoware_msgs/share:${ROS_PACKAGE_PATH} /usr/bin/cmake /home/yeap/APC_2022_Prac/airsimversion/autoware.ai/src/autoware/core_perception/vision_lane_detect -DCMAKE_BUILD_TYPE=Release -DCATKIN_INSTALL_INTO_PREFIX_ROOT=0 -DCMAKE_INSTALL_PREFIX=/home/yeap/APC_2022_Prac/airsimversion/autoware.ai/install/vision_lane_detect
[2.390s] Invoking command in '/home/yeap/APC_2022_Prac/airsimversion/autoware.ai/build/vision_lane_detect': CMAKE_PREFIX_PATH=/home/yeap/APC_2022_Prac/airsimversion/autoware.ai/install/autoware_msgs:${CMAKE_PREFIX_PATH} PKG_CONFIG_PATH=/home/yeap/APC_2022_Prac/airsimversion/autoware.ai/install/autoware_msgs/lib/x86_64-linux-gnu/pkgconfig:/home/yeap/APC_2022_Prac/airsimversion/autoware.ai/install/autoware_msgs/lib/pkgconfig:${PKG_CONFIG_PATH} PYTHONPATH=/home/yeap/APC_2022_Prac/airsimversion/autoware.ai/install/autoware_msgs/lib/python2.7/dist-packages:${PYTHONPATH} ROS_PACKAGE_PATH=/home/yeap/APC_2022_Prac/airsimversion/autoware.ai/install/autoware_msgs/share:${ROS_PACKAGE_PATH} /usr/bin/cmake --build /home/yeap/APC_2022_Prac/airsimversion/autoware.ai/build/vision_lane_detect -- -j6 -l6
[2.439s] [35m[1mScanning dependencies of target jsk_footstep_msgs_generate_messages_cpp[0m
[2.451s] [  0%] Built target jsk_footstep_msgs_generate_messages_cpp
[2.465s] [35m[1mScanning dependencies of target roscpp_generate_messages_lisp[0m
[2.477s] [  0%] Built target roscpp_generate_messages_lisp
[2.488s] [35m[1mScanning dependencies of target actionlib_msgs_generate_messages_lisp[0m
[2.506s] [  0%] Built target actionlib_msgs_generate_messages_lisp
[2.518s] [35m[1mScanning dependencies of target actionlib_msgs_generate_messages_cpp[0m
[2.531s] [  0%] Built target actionlib_msgs_generate_messages_cpp
[2.543s] [35m[1mScanning dependencies of target jsk_footstep_msgs_generate_messages_nodejs[0m
[2.559s] [  0%] Built target jsk_footstep_msgs_generate_messages_nodejs
[2.575s] [35m[1mScanning dependencies of target jsk_footstep_msgs_generate_messages_lisp[0m
[2.587s] [  0%] Built target jsk_footstep_msgs_generate_messages_lisp
[2.599s] [35m[1mScanning dependencies of target actionlib_msgs_generate_messages_py[0m
[2.611s] [  0%] Built target actionlib_msgs_generate_messages_py
[2.623s] [35m[1mScanning dependencies of target jsk_footstep_msgs_generate_messages_eus[0m
[2.636s] [  0%] Built target jsk_footstep_msgs_generate_messages_eus
[2.649s] [35m[1mScanning dependencies of target autoware_msgs_generate_messages_nodejs[0m
[2.662s] [  0%] Built target autoware_msgs_generate_messages_nodejs
[2.673s] [35m[1mScanning dependencies of target std_msgs_generate_messages_eus[0m
[2.685s] [  0%] Built target std_msgs_generate_messages_eus
[2.696s] [35m[1mScanning dependencies of target pcl_msgs_generate_messages_lisp[0m
[2.708s] [  0%] Built target pcl_msgs_generate_messages_lisp
[2.719s] [35m[1mScanning dependencies of target actionlib_msgs_generate_messages_eus[0m
[2.732s] [  0%] Built target actionlib_msgs_generate_messages_eus
[2.744s] [35m[1mScanning dependencies of target autoware_msgs_generate_messages_lisp[0m
[2.756s] [  0%] Built target autoware_msgs_generate_messages_lisp
[2.769s] [35m[1mScanning dependencies of target autoware_msgs_generate_messages_eus[0m
[2.781s] [  0%] Built target autoware_msgs_generate_messages_eus
[2.793s] [35m[1mScanning dependencies of target jsk_recognition_msgs_generate_messages_cpp[0m
[2.806s] [  0%] Built target jsk_recognition_msgs_generate_messages_cpp
[2.817s] [35m[1mScanning dependencies of target pcl_msgs_generate_messages_cpp[0m
[2.829s] [  0%] Built target pcl_msgs_generate_messages_cpp
[2.840s] [35m[1mScanning dependencies of target geometry_msgs_generate_messages_cpp[0m
[2.852s] [  0%] Built target geometry_msgs_generate_messages_cpp
[2.864s] [35m[1mScanning dependencies of target geometry_msgs_generate_messages_lisp[0m
[2.876s] [  0%] Built target geometry_msgs_generate_messages_lisp
[2.888s] [35m[1mScanning dependencies of target pcl_msgs_generate_messages_py[0m
[2.899s] [  0%] Built target pcl_msgs_generate_messages_py
[2.911s] [35m[1mScanning dependencies of target roscpp_generate_messages_nodejs[0m
[2.923s] [  0%] Built target roscpp_generate_messages_nodejs
[2.935s] [35m[1mScanning dependencies of target roscpp_generate_messages_eus[0m
[2.947s] [  0%] Built target roscpp_generate_messages_eus
[2.960s] [35m[1mScanning dependencies of target geometry_msgs_generate_messages_eus[0m
[2.972s] [  0%] Built target geometry_msgs_generate_messages_eus
[2.984s] [35m[1mScanning dependencies of target actionlib_msgs_generate_messages_nodejs[0m
[2.996s] [  0%] Built target actionlib_msgs_generate_messages_nodejs
[3.008s] [35m[1mScanning dependencies of target jsk_footstep_msgs_generate_messages_py[0m
[3.020s] [  0%] Built target jsk_footstep_msgs_generate_messages_py
[3.032s] [35m[1mScanning dependencies of target std_msgs_generate_messages_cpp[0m
[3.044s] [  0%] Built target std_msgs_generate_messages_cpp
[3.055s] [35m[1mScanning dependencies of target geometry_msgs_generate_messages_nodejs[0m
[3.069s] [  0%] Built target geometry_msgs_generate_messages_nodejs
[3.081s] [35m[1mScanning dependencies of target sensor_msgs_generate_messages_py[0m
[3.093s] [  0%] Built target sensor_msgs_generate_messages_py
[3.105s] [35m[1mScanning dependencies of target sensor_msgs_generate_messages_lisp[0m
[3.116s] [  0%] Built target sensor_msgs_generate_messages_lisp
[3.131s] [35m[1mScanning dependencies of target jsk_recognition_msgs_generate_messages_py[0m
[3.141s] [  0%] Built target jsk_recognition_msgs_generate_messages_py
[3.153s] [35m[1mScanning dependencies of target pcl_msgs_generate_messages_nodejs[0m
[3.165s] [  0%] Built target pcl_msgs_generate_messages_nodejs
[3.177s] [35m[1mScanning dependencies of target rosgraph_msgs_generate_messages_cpp[0m
[3.189s] [  0%] Built target rosgraph_msgs_generate_messages_cpp
[3.201s] [35m[1mScanning dependencies of target autoware_msgs_generate_messages_cpp[0m
[3.214s] [  0%] Built target autoware_msgs_generate_messages_cpp
[3.226s] [35m[1mScanning dependencies of target std_msgs_generate_messages_lisp[0m
[3.238s] [  0%] Built target std_msgs_generate_messages_lisp
[3.250s] [35m[1mScanning dependencies of target sensor_msgs_generate_messages_cpp[0m
[3.262s] [  0%] Built target sensor_msgs_generate_messages_cpp
[3.274s] [35m[1mScanning dependencies of target _catkin_empty_exported_target[0m
[3.289s] [  0%] Built target _catkin_empty_exported_target
[3.300s] [35m[1mScanning dependencies of target sensor_msgs_generate_messages_eus[0m
[3.312s] [  0%] Built target sensor_msgs_generate_messages_eus
[3.322s] [35m[1mScanning dependencies of target std_msgs_generate_messages_nodejs[0m
[3.333s] [  0%] Built target std_msgs_generate_messages_nodejs
[3.348s] [35m[1mScanning dependencies of target autoware_msgs_generate_messages_py[0m
[3.359s] [  0%] Built target autoware_msgs_generate_messages_py
[3.369s] [35m[1mScanning dependencies of target std_msgs_generate_messages_py[0m
[3.390s] [  0%] Built target std_msgs_generate_messages_py
[3.401s] [35m[1mScanning dependencies of target jsk_recognition_msgs_generate_messages_eus[0m
[3.413s] [  0%] Built target jsk_recognition_msgs_generate_messages_eus
[3.423s] [35m[1mScanning dependencies of target jsk_recognition_msgs_generate_messages_lisp[0m
[3.434s] [  0%] Built target jsk_recognition_msgs_generate_messages_lisp
[3.445s] [35m[1mScanning dependencies of target rosgraph_msgs_generate_messages_eus[0m
[3.457s] [  0%] Built target rosgraph_msgs_generate_messages_eus
[3.469s] [35m[1mScanning dependencies of target jsk_recognition_msgs_generate_messages_nodejs[0m
[3.481s] [  0%] Built target jsk_recognition_msgs_generate_messages_nodejs
[3.493s] [35m[1mScanning dependencies of target pcl_msgs_generate_messages_eus[0m
[3.504s] [  0%] Built target pcl_msgs_generate_messages_eus
[3.515s] [35m[1mScanning dependencies of target roscpp_generate_messages_cpp[0m
[3.526s] [  0%] Built target roscpp_generate_messages_cpp
[3.538s] [35m[1mScanning dependencies of target sensor_msgs_generate_messages_nodejs[0m
[3.549s] [  0%] Built target sensor_msgs_generate_messages_nodejs
[3.561s] [35m[1mScanning dependencies of target geometry_msgs_generate_messages_py[0m
[3.572s] [  0%] Built target geometry_msgs_generate_messages_py
[3.585s] [35m[1mScanning dependencies of target roscpp_generate_messages_py[0m
[3.596s] [  0%] Built target roscpp_generate_messages_py
[3.608s] [35m[1mScanning dependencies of target rosgraph_msgs_generate_messages_lisp[0m
[3.618s] [  0%] Built target rosgraph_msgs_generate_messages_lisp
[3.630s] [35m[1mScanning dependencies of target rosgraph_msgs_generate_messages_nodejs[0m
[3.642s] [  0%] Built target rosgraph_msgs_generate_messages_nodejs
[3.653s] [35m[1mScanning dependencies of target rosgraph_msgs_generate_messages_py[0m
[3.665s] [  0%] Built target rosgraph_msgs_generate_messages_py
[3.677s] [35m[1mScanning dependencies of target vision_lane_detect[0m
[3.706s] [ 50%] [32mBuilding CXX object CMakeFiles/vision_lane_detect.dir/nodes/vision_lane_detect/vision_lane_detect.cpp.o[0m
[6.465s] [100%] [32m[1mLinking CXX executable devel/lib/vision_lane_detect/vision_lane_detect[0m
[7.101s] [100%] Built target vision_lane_detect
[7.115s] Invoked command in '/home/yeap/APC_2022_Prac/airsimversion/autoware.ai/build/vision_lane_detect' returned '0': CMAKE_PREFIX_PATH=/home/yeap/APC_2022_Prac/airsimversion/autoware.ai/install/autoware_msgs:${CMAKE_PREFIX_PATH} PKG_CONFIG_PATH=/home/yeap/APC_2022_Prac/airsimversion/autoware.ai/install/autoware_msgs/lib/x86_64-linux-gnu/pkgconfig:/home/yeap/APC_2022_Prac/airsimversion/autoware.ai/install/autoware_msgs/lib/pkgconfig:${PKG_CONFIG_PATH} PYTHONPATH=/home/yeap/APC_2022_Prac/airsimversion/autoware.ai/install/autoware_msgs/lib/python2.7/dist-packages:${PYTHONPATH} ROS_PACKAGE_PATH=/home/yeap/APC_2022_Prac/airsimversion/autoware.ai/install/autoware_msgs/share:${ROS_PACKAGE_PATH} /usr/bin/cmake --build /home/yeap/APC_2022_Prac/airsimversion/autoware.ai/build/vision_lane_detect -- -j6 -l6
[7.185s] Invoking command in '/home/yeap/APC_2022_Prac/airsimversion/autoware.ai/build/vision_lane_detect': CMAKE_PREFIX_PATH=/home/yeap/APC_2022_Prac/airsimversion/autoware.ai/install/autoware_msgs:${CMAKE_PREFIX_PATH} PKG_CONFIG_PATH=/home/yeap/APC_2022_Prac/airsimversion/autoware.ai/install/autoware_msgs/lib/x86_64-linux-gnu/pkgconfig:/home/yeap/APC_2022_Prac/airsimversion/autoware.ai/install/autoware_msgs/lib/pkgconfig:${PKG_CONFIG_PATH} PYTHONPATH=/home/yeap/APC_2022_Prac/airsimversion/autoware.ai/install/autoware_msgs/lib/python2.7/dist-packages:${PYTHONPATH} ROS_PACKAGE_PATH=/home/yeap/APC_2022_Prac/airsimversion/autoware.ai/install/autoware_msgs/share:${ROS_PACKAGE_PATH} /usr/bin/cmake --build /home/yeap/APC_2022_Prac/airsimversion/autoware.ai/build/vision_lane_detect --target tests -- -j6 -l6
[7.256s] [35m[1mScanning dependencies of target tests[0m
[7.267s] Built target tests
[7.282s] Invoked command in '/home/yeap/APC_2022_Prac/airsimversion/autoware.ai/build/vision_lane_detect' returned '0': CMAKE_PREFIX_PATH=/home/yeap/APC_2022_Prac/airsimversion/autoware.ai/install/autoware_msgs:${CMAKE_PREFIX_PATH} PKG_CONFIG_PATH=/home/yeap/APC_2022_Prac/airsimversion/autoware.ai/install/autoware_msgs/lib/x86_64-linux-gnu/pkgconfig:/home/yeap/APC_2022_Prac/airsimversion/autoware.ai/install/autoware_msgs/lib/pkgconfig:${PKG_CONFIG_PATH} PYTHONPATH=/home/yeap/APC_2022_Prac/airsimversion/autoware.ai/install/autoware_msgs/lib/python2.7/dist-packages:${PYTHONPATH} ROS_PACKAGE_PATH=/home/yeap/APC_2022_Prac/airsimversion/autoware.ai/install/autoware_msgs/share:${ROS_PACKAGE_PATH} /usr/bin/cmake --build /home/yeap/APC_2022_Prac/airsimversion/autoware.ai/build/vision_lane_detect --target tests -- -j6 -l6
[7.345s] Invoking command in '/home/yeap/APC_2022_Prac/airsimversion/autoware.ai/build/vision_lane_detect': CMAKE_PREFIX_PATH=/home/yeap/APC_2022_Prac/airsimversion/autoware.ai/install/autoware_msgs:${CMAKE_PREFIX_PATH} PKG_CONFIG_PATH=/home/yeap/APC_2022_Prac/airsimversion/autoware.ai/install/autoware_msgs/lib/x86_64-linux-gnu/pkgconfig:/home/yeap/APC_2022_Prac/airsimversion/autoware.ai/install/autoware_msgs/lib/pkgconfig:${PKG_CONFIG_PATH} PYTHONPATH=/home/yeap/APC_2022_Prac/airsimversion/autoware.ai/install/autoware_msgs/lib/python2.7/dist-packages:${PYTHONPATH} ROS_PACKAGE_PATH=/home/yeap/APC_2022_Prac/airsimversion/autoware.ai/install/autoware_msgs/share:${ROS_PACKAGE_PATH} /usr/bin/cmake --build /home/yeap/APC_2022_Prac/airsimversion/autoware.ai/build/vision_lane_detect --target install -- -j6 -l6
[7.415s] [  0%] Built target jsk_footstep_msgs_generate_messages_cpp
[7.437s] [  0%] Built target roscpp_generate_messages_lisp
[7.461s] [  0%] Built target actionlib_msgs_generate_messages_lisp
[7.487s] [  0%] Built target actionlib_msgs_generate_messages_cpp
[7.518s] [  0%] Built target jsk_footstep_msgs_generate_messages_nodejs
[7.544s] [  0%] Built target jsk_footstep_msgs_generate_messages_lisp
[7.568s] [  0%] Built target actionlib_msgs_generate_messages_py
[7.591s] [  0%] Built target jsk_footstep_msgs_generate_messages_eus
[7.614s] [  0%] Built target autoware_msgs_generate_messages_nodejs
[7.636s] [  0%] Built target std_msgs_generate_messages_eus
[7.658s] [  0%] Built target pcl_msgs_generate_messages_lisp
[7.687s] [  0%] Built target actionlib_msgs_generate_messages_eus
[7.713s] [  0%] Built target autoware_msgs_generate_messages_lisp
[7.738s] [  0%] Built target autoware_msgs_generate_messages_eus
[7.762s] [  0%] Built target jsk_recognition_msgs_generate_messages_cpp
[7.784s] [  0%] Built target pcl_msgs_generate_messages_cpp
[7.808s] [  0%] Built target geometry_msgs_generate_messages_cpp
[7.832s] [  0%] Built target geometry_msgs_generate_messages_lisp
[7.857s] [  0%] Built target pcl_msgs_generate_messages_py
[7.882s] [  0%] Built target roscpp_generate_messages_nodejs
[7.910s] [  0%] Built target roscpp_generate_messages_eus
[7.934s] [  0%] Built target geometry_msgs_generate_messages_eus
[7.959s] [  0%] Built target actionlib_msgs_generate_messages_nodejs
[7.982s] [  0%] Built target jsk_footstep_msgs_generate_messages_py
[8.005s] [  0%] Built target std_msgs_generate_messages_cpp
[8.033s] [  0%] Built target geometry_msgs_generate_messages_nodejs
[8.057s] [  0%] Built target sensor_msgs_generate_messages_py
[8.081s] [  0%] Built target sensor_msgs_generate_messages_lisp
[8.106s] [  0%] Built target jsk_recognition_msgs_generate_messages_py
[8.131s] [  0%] Built target pcl_msgs_generate_messages_nodejs
[8.155s] [  0%] Built target rosgraph_msgs_generate_messages_cpp
[8.186s] [  0%] Built target autoware_msgs_generate_messages_cpp
[8.210s] [  0%] Built target std_msgs_generate_messages_lisp
[8.235s] [  0%] Built target sensor_msgs_generate_messages_cpp
[8.262s] [  0%] Built target _catkin_empty_exported_target
[8.290s] [  0%] Built target sensor_msgs_generate_messages_eus
[8.315s] [  0%] Built target std_msgs_generate_messages_nodejs
[8.343s] [  0%] Built target autoware_msgs_generate_messages_py
[8.367s] [  0%] Built target std_msgs_generate_messages_py
[8.392s] [  0%] Built target jsk_recognition_msgs_generate_messages_eus
[8.417s] [  0%] Built target jsk_recognition_msgs_generate_messages_lisp
[8.444s] [  0%] Built target rosgraph_msgs_generate_messages_eus
[8.467s] [  0%] Built target jsk_recognition_msgs_generate_messages_nodejs
[8.491s] [  0%] Built target pcl_msgs_generate_messages_eus
[8.527s] [  0%] Built target roscpp_generate_messages_cpp
[8.558s] [  0%] Built target sensor_msgs_generate_messages_nodejs
[8.583s] [  0%] Built target geometry_msgs_generate_messages_py
[8.604s] [  0%] Built target roscpp_generate_messages_py
[8.627s] [  0%] Built target rosgraph_msgs_generate_messages_lisp
[8.650s] [  0%] Built target rosgraph_msgs_generate_messages_nodejs
[8.674s] [  0%] Built target rosgraph_msgs_generate_messages_py
[8.704s] [100%] Built target vision_lane_detect
[8.725s] [36mInstall the project...[0m
[8.736s] -- Install configuration: "Release"
[8.736s] -- Installing: /home/yeap/APC_2022_Prac/airsimversion/autoware.ai/install/vision_lane_detect/lib/pkgconfig/vision_lane_detect.pc
[8.736s] -- Installing: /home/yeap/APC_2022_Prac/airsimversion/autoware.ai/install/vision_lane_detect/share/vision_lane_detect/cmake/vision_lane_detectConfig.cmake
[8.736s] -- Installing: /home/yeap/APC_2022_Prac/airsimversion/autoware.ai/install/vision_lane_detect/share/vision_lane_detect/cmake/vision_lane_detectConfig-version.cmake
[8.736s] -- Installing: /home/yeap/APC_2022_Prac/airsimversion/autoware.ai/install/vision_lane_detect/share/vision_lane_detect/package.xml
[8.737s] -- Installing: /home/yeap/APC_2022_Prac/airsimversion/autoware.ai/install/vision_lane_detect/lib/vision_lane_detect/vision_lane_detect
[8.737s] -- Set runtime path of "/home/yeap/APC_2022_Prac/airsimversion/autoware.ai/install/vision_lane_detect/lib/vision_lane_detect/vision_lane_detect" to ""
[8.744s] Invoked command in '/home/yeap/APC_2022_Prac/airsimversion/autoware.ai/build/vision_lane_detect' returned '0': CMAKE_PREFIX_PATH=/home/yeap/APC_2022_Prac/airsimversion/autoware.ai/install/autoware_msgs:${CMAKE_PREFIX_PATH} PKG_CONFIG_PATH=/home/yeap/APC_2022_Prac/airsimversion/autoware.ai/install/autoware_msgs/lib/x86_64-linux-gnu/pkgconfig:/home/yeap/APC_2022_Prac/airsimversion/autoware.ai/install/autoware_msgs/lib/pkgconfig:${PKG_CONFIG_PATH} PYTHONPATH=/home/yeap/APC_2022_Prac/airsimversion/autoware.ai/install/autoware_msgs/lib/python2.7/dist-packages:${PYTHONPATH} ROS_PACKAGE_PATH=/home/yeap/APC_2022_Prac/airsimversion/autoware.ai/install/autoware_msgs/share:${ROS_PACKAGE_PATH} /usr/bin/cmake --build /home/yeap/APC_2022_Prac/airsimversion/autoware.ai/build/vision_lane_detect --target install -- -j6 -l6
