[0.022s] Invoking command in '/home/yeap/APC_2022_Prac/airsimversion/autoware.ai/build/vehicle_socket': CMAKE_PREFIX_PATH=/home/yeap/APC_2022_Prac/airsimversion/autoware.ai/install/tablet_socket_msgs:/home/yeap/APC_2022_Prac/airsimversion/autoware.ai/install/autoware_msgs:/home/yeap/APC_2022_Prac/airsimversion/autoware.ai/install/autoware_can_msgs:/home/yeap/APC_2022_Prac/airsimversion/autoware.ai/install/autoware_build_flags:${CMAKE_PREFIX_PATH} PKG_CONFIG_PATH=/home/yeap/APC_2022_Prac/airsimversion/autoware.ai/install/tablet_socket_msgs/lib/x86_64-linux-gnu/pkgconfig:/home/yeap/APC_2022_Prac/airsimversion/autoware.ai/install/tablet_socket_msgs/lib/pkgconfig:/home/yeap/APC_2022_Prac/airsimversion/autoware.ai/install/autoware_msgs/lib/x86_64-linux-gnu/pkgconfig:/home/yeap/APC_2022_Prac/airsimversion/autoware.ai/install/autoware_msgs/lib/pkgconfig:/home/yeap/APC_2022_Prac/airsimversion/autoware.ai/install/autoware_can_msgs/lib/x86_64-linux-gnu/pkgconfig:/home/yeap/APC_2022_Prac/airsimversion/autoware.ai/install/autoware_can_msgs/lib/pkgconfig:/home/yeap/APC_2022_Prac/airsimversion/autoware.ai/install/autoware_build_flags/lib/x86_64-linux-gnu/pkgconfig:/home/yeap/APC_2022_Prac/airsimversion/autoware.ai/install/autoware_build_flags/lib/pkgconfig:${PKG_CONFIG_PATH} PYTHONPATH=/home/yeap/APC_2022_Prac/airsimversion/autoware.ai/install/tablet_socket_msgs/lib/python2.7/dist-packages:/home/yeap/APC_2022_Prac/airsimversion/autoware.ai/install/autoware_msgs/lib/python2.7/dist-packages:/home/yeap/APC_2022_Prac/airsimversion/autoware.ai/install/autoware_can_msgs/lib/python2.7/dist-packages:${PYTHONPATH} ROS_PACKAGE_PATH=/home/yeap/APC_2022_Prac/airsimversion/autoware.ai/install/tablet_socket_msgs/share:/home/yeap/APC_2022_Prac/airsimversion/autoware.ai/install/autoware_msgs/share:/home/yeap/APC_2022_Prac/airsimversion/autoware.ai/install/autoware_can_msgs/share:/home/yeap/APC_2022_Prac/airsimversion/autoware.ai/install/autoware_build_flags/share:${ROS_PACKAGE_PATH} /usr/bin/cmake /home/yeap/APC_2022_Prac/airsimversion/autoware.ai/src/autoware/utilities/vehicle_socket -DCMAKE_BUILD_TYPE=Release -DCATKIN_INSTALL_INTO_PREFIX_ROOT=0 -DCMAKE_INSTALL_PREFIX=/home/yeap/APC_2022_Prac/airsimversion/autoware.ai/install/vehicle_socket
[0.104s] -- The C compiler identification is GNU 7.5.0
[0.171s] -- The CXX compiler identification is GNU 7.5.0
[0.177s] -- Check for working C compiler: /usr/bin/cc
[0.254s] -- Check for working C compiler: /usr/bin/cc -- works
[0.254s] -- Detecting C compiler ABI info
[0.326s] -- Detecting C compiler ABI info - done
[0.335s] -- Detecting C compile features
[0.555s] -- Detecting C compile features - done
[0.558s] -- Check for working CXX compiler: /usr/bin/c++
[0.636s] -- Check for working CXX compiler: /usr/bin/c++ -- works
[0.636s] -- Detecting CXX compiler ABI info
[0.718s] -- Detecting CXX compiler ABI info - done
[0.728s] -- Detecting CXX compile features
[1.087s] -- Detecting CXX compile features - done
[1.089s] -- CUDA compilation status: .
[1.091s] -- Using CATKIN_DEVEL_PREFIX: /home/yeap/APC_2022_Prac/airsimversion/autoware.ai/build/vehicle_socket/devel
[1.092s] -- Using CMAKE_PREFIX_PATH: /home/yeap/APC_2022_Prac/airsimversion/autoware.ai/install/tablet_socket_msgs;/home/yeap/APC_2022_Prac/airsimversion/autoware.ai/install/autoware_msgs;/home/yeap/APC_2022_Prac/airsimversion/autoware.ai/install/autoware_can_msgs;/home/yeap/APC_2022_Prac/airsimversion/autoware.ai/install/autoware_build_flags;/opt/ros/melodic
[1.092s] -- This workspace overlays: /home/yeap/APC_2022_Prac/airsimversion/autoware.ai/install/tablet_socket_msgs;/home/yeap/APC_2022_Prac/airsimversion/autoware.ai/install/autoware_msgs;/home/yeap/APC_2022_Prac/airsimversion/autoware.ai/install/autoware_can_msgs;/home/yeap/APC_2022_Prac/airsimversion/autoware.ai/install/autoware_build_flags;/opt/ros/melodic
[1.109s] -- Found PythonInterp: /usr/bin/python2 (found suitable version "2.7.17", minimum required is "2") 
[1.109s] -- Using PYTHON_EXECUTABLE: /usr/bin/python2
[1.109s] -- Using Debian Python package layout
[1.110s] -- Using empy: /usr/bin/empy
[1.284s] -- Using CATKIN_ENABLE_TESTING: ON
[1.285s] -- Call enable_testing()
[1.287s] -- Using CATKIN_TEST_RESULTS_DIR: /home/yeap/APC_2022_Prac/airsimversion/autoware.ai/build/vehicle_socket/test_results
[1.312s] -- Found gtest sources under '/usr/src/googletest': gtests will be built
[1.312s] -- Found gmock sources under '/usr/src/googletest': gmock will be built
[1.329s] -- Found PythonInterp: /usr/bin/python2 (found version "2.7.17") 
[1.331s] -- Looking for pthread.h
[1.409s] -- Looking for pthread.h - found
[1.410s] -- Looking for pthread_create
[1.489s] -- Looking for pthread_create - not found
[1.490s] -- Looking for pthread_create in pthreads
[1.554s] -- Looking for pthread_create in pthreads - not found
[1.555s] -- Looking for pthread_create in pthread
[1.637s] -- Looking for pthread_create in pthread - found
[1.639s] -- Found Threads: TRUE  
[1.644s] -- Using Python nosetests: /usr/bin/nosetests-2.7
[1.698s] -- catkin 0.7.29
[1.698s] -- BUILD_SHARED_LIBS is on
[1.864s] -- Using these message generators: gencpp;geneus;genlisp;gennodejs;genpy
[2.119s] -- Configuring done
[2.156s] -- Generating done
[2.166s] -- Build files have been written to: /home/yeap/APC_2022_Prac/airsimversion/autoware.ai/build/vehicle_socket
[2.175s] Invoked command in '/home/yeap/APC_2022_Prac/airsimversion/autoware.ai/build/vehicle_socket' returned '0': CMAKE_PREFIX_PATH=/home/yeap/APC_2022_Prac/airsimversion/autoware.ai/install/tablet_socket_msgs:/home/yeap/APC_2022_Prac/airsimversion/autoware.ai/install/autoware_msgs:/home/yeap/APC_2022_Prac/airsimversion/autoware.ai/install/autoware_can_msgs:/home/yeap/APC_2022_Prac/airsimversion/autoware.ai/install/autoware_build_flags:${CMAKE_PREFIX_PATH} PKG_CONFIG_PATH=/home/yeap/APC_2022_Prac/airsimversion/autoware.ai/install/tablet_socket_msgs/lib/x86_64-linux-gnu/pkgconfig:/home/yeap/APC_2022_Prac/airsimversion/autoware.ai/install/tablet_socket_msgs/lib/pkgconfig:/home/yeap/APC_2022_Prac/airsimversion/autoware.ai/install/autoware_msgs/lib/x86_64-linux-gnu/pkgconfig:/home/yeap/APC_2022_Prac/airsimversion/autoware.ai/install/autoware_msgs/lib/pkgconfig:/home/yeap/APC_2022_Prac/airsimversion/autoware.ai/install/autoware_can_msgs/lib/x86_64-linux-gnu/pkgconfig:/home/yeap/APC_2022_Prac/airsimversion/autoware.ai/install/autoware_can_msgs/lib/pkgconfig:/home/yeap/APC_2022_Prac/airsimversion/autoware.ai/install/autoware_build_flags/lib/x86_64-linux-gnu/pkgconfig:/home/yeap/APC_2022_Prac/airsimversion/autoware.ai/install/autoware_build_flags/lib/pkgconfig:${PKG_CONFIG_PATH} PYTHONPATH=/home/yeap/APC_2022_Prac/airsimversion/autoware.ai/install/tablet_socket_msgs/lib/python2.7/dist-packages:/home/yeap/APC_2022_Prac/airsimversion/autoware.ai/install/autoware_msgs/lib/python2.7/dist-packages:/home/yeap/APC_2022_Prac/airsimversion/autoware.ai/install/autoware_can_msgs/lib/python2.7/dist-packages:${PYTHONPATH} ROS_PACKAGE_PATH=/home/yeap/APC_2022_Prac/airsimversion/autoware.ai/install/tablet_socket_msgs/share:/home/yeap/APC_2022_Prac/airsimversion/autoware.ai/install/autoware_msgs/share:/home/yeap/APC_2022_Prac/airsimversion/autoware.ai/install/autoware_can_msgs/share:/home/yeap/APC_2022_Prac/airsimversion/autoware.ai/install/autoware_build_flags/share:${ROS_PACKAGE_PATH} /usr/bin/cmake /home/yeap/APC_2022_Prac/airsimversion/autoware.ai/src/autoware/utilities/vehicle_socket -DCMAKE_BUILD_TYPE=Release -DCATKIN_INSTALL_INTO_PREFIX_ROOT=0 -DCMAKE_INSTALL_PREFIX=/home/yeap/APC_2022_Prac/airsimversion/autoware.ai/install/vehicle_socket
[2.176s] Invoking command in '/home/yeap/APC_2022_Prac/airsimversion/autoware.ai/build/vehicle_socket': CMAKE_PREFIX_PATH=/home/yeap/APC_2022_Prac/airsimversion/autoware.ai/install/tablet_socket_msgs:/home/yeap/APC_2022_Prac/airsimversion/autoware.ai/install/autoware_msgs:/home/yeap/APC_2022_Prac/airsimversion/autoware.ai/install/autoware_can_msgs:/home/yeap/APC_2022_Prac/airsimversion/autoware.ai/install/autoware_build_flags:${CMAKE_PREFIX_PATH} PKG_CONFIG_PATH=/home/yeap/APC_2022_Prac/airsimversion/autoware.ai/install/tablet_socket_msgs/lib/x86_64-linux-gnu/pkgconfig:/home/yeap/APC_2022_Prac/airsimversion/autoware.ai/install/tablet_socket_msgs/lib/pkgconfig:/home/yeap/APC_2022_Prac/airsimversion/autoware.ai/install/autoware_msgs/lib/x86_64-linux-gnu/pkgconfig:/home/yeap/APC_2022_Prac/airsimversion/autoware.ai/install/autoware_msgs/lib/pkgconfig:/home/yeap/APC_2022_Prac/airsimversion/autoware.ai/install/autoware_can_msgs/lib/x86_64-linux-gnu/pkgconfig:/home/yeap/APC_2022_Prac/airsimversion/autoware.ai/install/autoware_can_msgs/lib/pkgconfig:/home/yeap/APC_2022_Prac/airsimversion/autoware.ai/install/autoware_build_flags/lib/x86_64-linux-gnu/pkgconfig:/home/yeap/APC_2022_Prac/airsimversion/autoware.ai/install/autoware_build_flags/lib/pkgconfig:${PKG_CONFIG_PATH} PYTHONPATH=/home/yeap/APC_2022_Prac/airsimversion/autoware.ai/install/tablet_socket_msgs/lib/python2.7/dist-packages:/home/yeap/APC_2022_Prac/airsimversion/autoware.ai/install/autoware_msgs/lib/python2.7/dist-packages:/home/yeap/APC_2022_Prac/airsimversion/autoware.ai/install/autoware_can_msgs/lib/python2.7/dist-packages:${PYTHONPATH} ROS_PACKAGE_PATH=/home/yeap/APC_2022_Prac/airsimversion/autoware.ai/install/tablet_socket_msgs/share:/home/yeap/APC_2022_Prac/airsimversion/autoware.ai/install/autoware_msgs/share:/home/yeap/APC_2022_Prac/airsimversion/autoware.ai/install/autoware_can_msgs/share:/home/yeap/APC_2022_Prac/airsimversion/autoware.ai/install/autoware_build_flags/share:${ROS_PACKAGE_PATH} /usr/bin/cmake --build /home/yeap/APC_2022_Prac/airsimversion/autoware.ai/build/vehicle_socket -- -j6 -l6
[2.229s] [35m[1mScanning dependencies of target sensor_msgs_generate_messages_nodejs[0m
[2.240s] [  0%] Built target sensor_msgs_generate_messages_nodejs
[2.252s] [35m[1mScanning dependencies of target rosgraph_msgs_generate_messages_py[0m
[2.264s] [  0%] Built target rosgraph_msgs_generate_messages_py
[2.276s] [35m[1mScanning dependencies of target rosgraph_msgs_generate_messages_nodejs[0m
[2.289s] [  0%] Built target rosgraph_msgs_generate_messages_nodejs
[2.301s] [35m[1mScanning dependencies of target rosgraph_msgs_generate_messages_lisp[0m
[2.314s] [  0%] Built target rosgraph_msgs_generate_messages_lisp
[2.326s] [35m[1mScanning dependencies of target roscpp_generate_messages_py[0m
[2.338s] [  0%] Built target roscpp_generate_messages_py
[2.350s] [35m[1mScanning dependencies of target roscpp_generate_messages_lisp[0m
[2.361s] [  0%] Built target roscpp_generate_messages_lisp
[2.373s] [35m[1mScanning dependencies of target actionlib_msgs_generate_messages_lisp[0m
[2.385s] [  0%] Built target actionlib_msgs_generate_messages_lisp
[2.397s] [35m[1mScanning dependencies of target actionlib_msgs_generate_messages_cpp[0m
[2.410s] [  0%] Built target actionlib_msgs_generate_messages_cpp
[2.422s] [35m[1mScanning dependencies of target jsk_footstep_msgs_generate_messages_nodejs[0m
[2.434s] [  0%] Built target jsk_footstep_msgs_generate_messages_nodejs
[2.446s] [35m[1mScanning dependencies of target jsk_footstep_msgs_generate_messages_lisp[0m
[2.458s] [  0%] Built target jsk_footstep_msgs_generate_messages_lisp
[2.470s] [35m[1mScanning dependencies of target actionlib_msgs_generate_messages_py[0m
[2.483s] [  0%] Built target actionlib_msgs_generate_messages_py
[2.495s] [35m[1mScanning dependencies of target jsk_footstep_msgs_generate_messages_eus[0m
[2.507s] [  0%] Built target jsk_footstep_msgs_generate_messages_eus
[2.520s] [35m[1mScanning dependencies of target pcl_msgs_generate_messages_py[0m
[2.532s] [  0%] Built target pcl_msgs_generate_messages_py
[2.543s] [35m[1mScanning dependencies of target pcl_msgs_generate_messages_nodejs[0m
[2.555s] [  0%] Built target pcl_msgs_generate_messages_nodejs
[2.567s] [35m[1mScanning dependencies of target pcl_msgs_generate_messages_lisp[0m
[2.580s] [  0%] Built target pcl_msgs_generate_messages_lisp
[2.591s] [35m[1mScanning dependencies of target pcl_msgs_generate_messages_eus[0m
[2.604s] [  0%] Built target pcl_msgs_generate_messages_eus
[2.616s] [35m[1mScanning dependencies of target rosgraph_msgs_generate_messages_cpp[0m
[2.629s] [  0%] Built target rosgraph_msgs_generate_messages_cpp
[2.641s] [35m[1mScanning dependencies of target autoware_msgs_generate_messages_cpp[0m
[2.653s] [  0%] Built target autoware_msgs_generate_messages_cpp
[2.665s] [35m[1mScanning dependencies of target std_msgs_generate_messages_nodejs[0m
[2.678s] [  0%] Built target std_msgs_generate_messages_nodejs
[2.691s] [35m[1mScanning dependencies of target std_msgs_generate_messages_lisp[0m
[2.704s] [  0%] Built target std_msgs_generate_messages_lisp
[2.718s] [35m[1mScanning dependencies of target sensor_msgs_generate_messages_cpp[0m
[2.731s] [  0%] Built target sensor_msgs_generate_messages_cpp
[2.745s] [35m[1mScanning dependencies of target sensor_msgs_generate_messages_eus[0m
[2.758s] [  0%] Built target sensor_msgs_generate_messages_eus
[2.771s] [35m[1mScanning dependencies of target tablet_socket_msgs_generate_messages_cpp[0m
[2.784s] [  0%] Built target tablet_socket_msgs_generate_messages_cpp
[2.797s] [35m[1mScanning dependencies of target autoware_can_msgs_generate_messages_py[0m
[2.811s] [  0%] Built target autoware_can_msgs_generate_messages_py
[2.824s] [35m[1mScanning dependencies of target jsk_footstep_msgs_generate_messages_cpp[0m
[2.837s] [  0%] Built target jsk_footstep_msgs_generate_messages_cpp
[2.850s] [35m[1mScanning dependencies of target geometry_msgs_generate_messages_py[0m
[2.863s] [  0%] Built target geometry_msgs_generate_messages_py
[2.876s] [35m[1mScanning dependencies of target std_msgs_generate_messages_eus[0m
[2.890s] [  0%] Built target std_msgs_generate_messages_eus
[2.902s] [35m[1mScanning dependencies of target autoware_msgs_generate_messages_nodejs[0m
[2.917s] [  0%] Built target autoware_msgs_generate_messages_nodejs
[2.929s] [35m[1mScanning dependencies of target jsk_footstep_msgs_generate_messages_py[0m
[2.942s] [  0%] Built target jsk_footstep_msgs_generate_messages_py
[2.955s] [35m[1mScanning dependencies of target std_msgs_generate_messages_cpp[0m
[2.967s] [  0%] Built target std_msgs_generate_messages_cpp
[2.981s] [35m[1mScanning dependencies of target actionlib_msgs_generate_messages_nodejs[0m
[2.995s] [  0%] Built target actionlib_msgs_generate_messages_nodejs
[3.007s] [35m[1mScanning dependencies of target std_msgs_generate_messages_py[0m
[3.021s] [  0%] Built target std_msgs_generate_messages_py
[3.034s] [35m[1mScanning dependencies of target autoware_msgs_generate_messages_py[0m
[3.047s] [  0%] Built target autoware_msgs_generate_messages_py
[3.059s] [35m[1mScanning dependencies of target autoware_can_msgs_generate_messages_eus[0m
[3.073s] [  0%] Built target autoware_can_msgs_generate_messages_eus
[3.085s] [35m[1mScanning dependencies of target geometry_msgs_generate_messages_nodejs[0m
[3.098s] [  0%] Built target geometry_msgs_generate_messages_nodejs
[3.111s] [35m[1mScanning dependencies of target sensor_msgs_generate_messages_py[0m
[3.124s] [  0%] Built target sensor_msgs_generate_messages_py
[3.137s] [35m[1mScanning dependencies of target jsk_recognition_msgs_generate_messages_py[0m
[3.149s] [  0%] Built target jsk_recognition_msgs_generate_messages_py
[3.161s] [35m[1mScanning dependencies of target autoware_can_msgs_generate_messages_nodejs[0m
[3.175s] [  0%] Built target autoware_can_msgs_generate_messages_nodejs
[3.189s] [35m[1mScanning dependencies of target autoware_can_msgs_generate_messages_lisp[0m
[3.202s] [  0%] Built target autoware_can_msgs_generate_messages_lisp
[3.216s] [35m[1mScanning dependencies of target autoware_can_msgs_generate_messages_cpp[0m
[3.230s] [  0%] Built target autoware_can_msgs_generate_messages_cpp
[3.242s] [35m[1mScanning dependencies of target autoware_msgs_generate_messages_eus[0m
[3.255s] [  0%] Built target autoware_msgs_generate_messages_eus
[3.268s] [35m[1mScanning dependencies of target jsk_recognition_msgs_generate_messages_cpp[0m
[3.282s] [  0%] Built target jsk_recognition_msgs_generate_messages_cpp
[3.293s] [35m[1mScanning dependencies of target sensor_msgs_generate_messages_lisp[0m
[3.306s] [  0%] Built target sensor_msgs_generate_messages_lisp
[3.318s] [35m[1mScanning dependencies of target pcl_msgs_generate_messages_cpp[0m
[3.330s] [  0%] Built target pcl_msgs_generate_messages_cpp
[3.344s] [35m[1mScanning dependencies of target actionlib_msgs_generate_messages_eus[0m
[3.356s] [  0%] Built target actionlib_msgs_generate_messages_eus
[3.368s] [35m[1mScanning dependencies of target autoware_msgs_generate_messages_lisp[0m
[3.380s] [  0%] Built target autoware_msgs_generate_messages_lisp
[3.392s] [35m[1mScanning dependencies of target roscpp_generate_messages_nodejs[0m
[3.404s] [  0%] Built target roscpp_generate_messages_nodejs
[3.416s] [35m[1mScanning dependencies of target roscpp_generate_messages_eus[0m
[3.427s] [  0%] Built target roscpp_generate_messages_eus
[3.438s] [35m[1mScanning dependencies of target geometry_msgs_generate_messages_eus[0m
[3.450s] [  0%] Built target geometry_msgs_generate_messages_eus
[3.462s] [35m[1mScanning dependencies of target geometry_msgs_generate_messages_cpp[0m
[3.473s] [  0%] Built target geometry_msgs_generate_messages_cpp
[3.486s] [35m[1mScanning dependencies of target geometry_msgs_generate_messages_lisp[0m
[3.497s] [  0%] Built target geometry_msgs_generate_messages_lisp
[3.510s] [35m[1mScanning dependencies of target jsk_recognition_msgs_generate_messages_eus[0m
[3.526s] [  0%] Built target jsk_recognition_msgs_generate_messages_eus
[3.537s] [35m[1mScanning dependencies of target jsk_recognition_msgs_generate_messages_lisp[0m
[3.556s] [  0%] Built target jsk_recognition_msgs_generate_messages_lisp
[3.569s] [35m[1mScanning dependencies of target rosgraph_msgs_generate_messages_eus[0m
[3.580s] [  0%] Built target rosgraph_msgs_generate_messages_eus
[3.591s] [35m[1mScanning dependencies of target jsk_recognition_msgs_generate_messages_nodejs[0m
[3.603s] [  0%] Built target jsk_recognition_msgs_generate_messages_nodejs
[3.616s] [35m[1mScanning dependencies of target roscpp_generate_messages_cpp[0m
[3.631s] [  0%] Built target roscpp_generate_messages_cpp
[3.643s] [35m[1mScanning dependencies of target tablet_socket_msgs_generate_messages_eus[0m
[3.654s] [  0%] Built target tablet_socket_msgs_generate_messages_eus
[3.666s] [35m[1mScanning dependencies of target tablet_socket_msgs_generate_messages_lisp[0m
[3.677s] [  0%] Built target tablet_socket_msgs_generate_messages_lisp
[3.689s] [35m[1mScanning dependencies of target tablet_socket_msgs_generate_messages_nodejs[0m
[3.701s] [  0%] Built target tablet_socket_msgs_generate_messages_nodejs
[3.714s] [35m[1mScanning dependencies of target tablet_socket_msgs_generate_messages_py[0m
[3.727s] [  0%] Built target tablet_socket_msgs_generate_messages_py
[3.743s] [35m[1mScanning dependencies of target vehicle_sender[0m
[3.766s] [ 25%] [32mBuilding CXX object CMakeFiles/vehicle_sender.dir/nodes/vehicle_sender/vehicle_sender.cpp.o[0m
[5.815s] [ 50%] [32m[1mLinking CXX executable devel/lib/vehicle_socket/vehicle_sender[0m
[6.000s] [ 50%] Built target vehicle_sender
[6.011s] [35m[1mScanning dependencies of target vehicle_receiver[0m
[6.032s] [ 75%] [32mBuilding CXX object CMakeFiles/vehicle_receiver.dir/nodes/vehicle_receiver/vehicle_receiver.cpp.o[0m
[7.897s] [100%] [32m[1mLinking CXX executable devel/lib/vehicle_socket/vehicle_receiver[0m
[8.085s] [100%] Built target vehicle_receiver
[8.098s] Invoked command in '/home/yeap/APC_2022_Prac/airsimversion/autoware.ai/build/vehicle_socket' returned '0': CMAKE_PREFIX_PATH=/home/yeap/APC_2022_Prac/airsimversion/autoware.ai/install/tablet_socket_msgs:/home/yeap/APC_2022_Prac/airsimversion/autoware.ai/install/autoware_msgs:/home/yeap/APC_2022_Prac/airsimversion/autoware.ai/install/autoware_can_msgs:/home/yeap/APC_2022_Prac/airsimversion/autoware.ai/install/autoware_build_flags:${CMAKE_PREFIX_PATH} PKG_CONFIG_PATH=/home/yeap/APC_2022_Prac/airsimversion/autoware.ai/install/tablet_socket_msgs/lib/x86_64-linux-gnu/pkgconfig:/home/yeap/APC_2022_Prac/airsimversion/autoware.ai/install/tablet_socket_msgs/lib/pkgconfig:/home/yeap/APC_2022_Prac/airsimversion/autoware.ai/install/autoware_msgs/lib/x86_64-linux-gnu/pkgconfig:/home/yeap/APC_2022_Prac/airsimversion/autoware.ai/install/autoware_msgs/lib/pkgconfig:/home/yeap/APC_2022_Prac/airsimversion/autoware.ai/install/autoware_can_msgs/lib/x86_64-linux-gnu/pkgconfig:/home/yeap/APC_2022_Prac/airsimversion/autoware.ai/install/autoware_can_msgs/lib/pkgconfig:/home/yeap/APC_2022_Prac/airsimversion/autoware.ai/install/autoware_build_flags/lib/x86_64-linux-gnu/pkgconfig:/home/yeap/APC_2022_Prac/airsimversion/autoware.ai/install/autoware_build_flags/lib/pkgconfig:${PKG_CONFIG_PATH} PYTHONPATH=/home/yeap/APC_2022_Prac/airsimversion/autoware.ai/install/tablet_socket_msgs/lib/python2.7/dist-packages:/home/yeap/APC_2022_Prac/airsimversion/autoware.ai/install/autoware_msgs/lib/python2.7/dist-packages:/home/yeap/APC_2022_Prac/airsimversion/autoware.ai/install/autoware_can_msgs/lib/python2.7/dist-packages:${PYTHONPATH} ROS_PACKAGE_PATH=/home/yeap/APC_2022_Prac/airsimversion/autoware.ai/install/tablet_socket_msgs/share:/home/yeap/APC_2022_Prac/airsimversion/autoware.ai/install/autoware_msgs/share:/home/yeap/APC_2022_Prac/airsimversion/autoware.ai/install/autoware_can_msgs/share:/home/yeap/APC_2022_Prac/airsimversion/autoware.ai/install/autoware_build_flags/share:${ROS_PACKAGE_PATH} /usr/bin/cmake --build /home/yeap/APC_2022_Prac/airsimversion/autoware.ai/build/vehicle_socket -- -j6 -l6
[8.187s] Invoking command in '/home/yeap/APC_2022_Prac/airsimversion/autoware.ai/build/vehicle_socket': CMAKE_PREFIX_PATH=/home/yeap/APC_2022_Prac/airsimversion/autoware.ai/install/tablet_socket_msgs:/home/yeap/APC_2022_Prac/airsimversion/autoware.ai/install/autoware_msgs:/home/yeap/APC_2022_Prac/airsimversion/autoware.ai/install/autoware_can_msgs:/home/yeap/APC_2022_Prac/airsimversion/autoware.ai/install/autoware_build_flags:${CMAKE_PREFIX_PATH} PKG_CONFIG_PATH=/home/yeap/APC_2022_Prac/airsimversion/autoware.ai/install/tablet_socket_msgs/lib/x86_64-linux-gnu/pkgconfig:/home/yeap/APC_2022_Prac/airsimversion/autoware.ai/install/tablet_socket_msgs/lib/pkgconfig:/home/yeap/APC_2022_Prac/airsimversion/autoware.ai/install/autoware_msgs/lib/x86_64-linux-gnu/pkgconfig:/home/yeap/APC_2022_Prac/airsimversion/autoware.ai/install/autoware_msgs/lib/pkgconfig:/home/yeap/APC_2022_Prac/airsimversion/autoware.ai/install/autoware_can_msgs/lib/x86_64-linux-gnu/pkgconfig:/home/yeap/APC_2022_Prac/airsimversion/autoware.ai/install/autoware_can_msgs/lib/pkgconfig:/home/yeap/APC_2022_Prac/airsimversion/autoware.ai/install/autoware_build_flags/lib/x86_64-linux-gnu/pkgconfig:/home/yeap/APC_2022_Prac/airsimversion/autoware.ai/install/autoware_build_flags/lib/pkgconfig:${PKG_CONFIG_PATH} PYTHONPATH=/home/yeap/APC_2022_Prac/airsimversion/autoware.ai/install/tablet_socket_msgs/lib/python2.7/dist-packages:/home/yeap/APC_2022_Prac/airsimversion/autoware.ai/install/autoware_msgs/lib/python2.7/dist-packages:/home/yeap/APC_2022_Prac/airsimversion/autoware.ai/install/autoware_can_msgs/lib/python2.7/dist-packages:${PYTHONPATH} ROS_PACKAGE_PATH=/home/yeap/APC_2022_Prac/airsimversion/autoware.ai/install/tablet_socket_msgs/share:/home/yeap/APC_2022_Prac/airsimversion/autoware.ai/install/autoware_msgs/share:/home/yeap/APC_2022_Prac/airsimversion/autoware.ai/install/autoware_can_msgs/share:/home/yeap/APC_2022_Prac/airsimversion/autoware.ai/install/autoware_build_flags/share:${ROS_PACKAGE_PATH} /usr/bin/cmake --build /home/yeap/APC_2022_Prac/airsimversion/autoware.ai/build/vehicle_socket --target tests -- -j6 -l6
[8.260s] [35m[1mScanning dependencies of target tests[0m
[8.272s] Built target tests
[8.288s] Invoked command in '/home/yeap/APC_2022_Prac/airsimversion/autoware.ai/build/vehicle_socket' returned '0': CMAKE_PREFIX_PATH=/home/yeap/APC_2022_Prac/airsimversion/autoware.ai/install/tablet_socket_msgs:/home/yeap/APC_2022_Prac/airsimversion/autoware.ai/install/autoware_msgs:/home/yeap/APC_2022_Prac/airsimversion/autoware.ai/install/autoware_can_msgs:/home/yeap/APC_2022_Prac/airsimversion/autoware.ai/install/autoware_build_flags:${CMAKE_PREFIX_PATH} PKG_CONFIG_PATH=/home/yeap/APC_2022_Prac/airsimversion/autoware.ai/install/tablet_socket_msgs/lib/x86_64-linux-gnu/pkgconfig:/home/yeap/APC_2022_Prac/airsimversion/autoware.ai/install/tablet_socket_msgs/lib/pkgconfig:/home/yeap/APC_2022_Prac/airsimversion/autoware.ai/install/autoware_msgs/lib/x86_64-linux-gnu/pkgconfig:/home/yeap/APC_2022_Prac/airsimversion/autoware.ai/install/autoware_msgs/lib/pkgconfig:/home/yeap/APC_2022_Prac/airsimversion/autoware.ai/install/autoware_can_msgs/lib/x86_64-linux-gnu/pkgconfig:/home/yeap/APC_2022_Prac/airsimversion/autoware.ai/install/autoware_can_msgs/lib/pkgconfig:/home/yeap/APC_2022_Prac/airsimversion/autoware.ai/install/autoware_build_flags/lib/x86_64-linux-gnu/pkgconfig:/home/yeap/APC_2022_Prac/airsimversion/autoware.ai/install/autoware_build_flags/lib/pkgconfig:${PKG_CONFIG_PATH} PYTHONPATH=/home/yeap/APC_2022_Prac/airsimversion/autoware.ai/install/tablet_socket_msgs/lib/python2.7/dist-packages:/home/yeap/APC_2022_Prac/airsimversion/autoware.ai/install/autoware_msgs/lib/python2.7/dist-packages:/home/yeap/APC_2022_Prac/airsimversion/autoware.ai/install/autoware_can_msgs/lib/python2.7/dist-packages:${PYTHONPATH} ROS_PACKAGE_PATH=/home/yeap/APC_2022_Prac/airsimversion/autoware.ai/install/tablet_socket_msgs/share:/home/yeap/APC_2022_Prac/airsimversion/autoware.ai/install/autoware_msgs/share:/home/yeap/APC_2022_Prac/airsimversion/autoware.ai/install/autoware_can_msgs/share:/home/yeap/APC_2022_Prac/airsimversion/autoware.ai/install/autoware_build_flags/share:${ROS_PACKAGE_PATH} /usr/bin/cmake --build /home/yeap/APC_2022_Prac/airsimversion/autoware.ai/build/vehicle_socket --target tests -- -j6 -l6
[8.370s] Invoking command in '/home/yeap/APC_2022_Prac/airsimversion/autoware.ai/build/vehicle_socket': CMAKE_PREFIX_PATH=/home/yeap/APC_2022_Prac/airsimversion/autoware.ai/install/tablet_socket_msgs:/home/yeap/APC_2022_Prac/airsimversion/autoware.ai/install/autoware_msgs:/home/yeap/APC_2022_Prac/airsimversion/autoware.ai/install/autoware_can_msgs:/home/yeap/APC_2022_Prac/airsimversion/autoware.ai/install/autoware_build_flags:${CMAKE_PREFIX_PATH} PKG_CONFIG_PATH=/home/yeap/APC_2022_Prac/airsimversion/autoware.ai/install/tablet_socket_msgs/lib/x86_64-linux-gnu/pkgconfig:/home/yeap/APC_2022_Prac/airsimversion/autoware.ai/install/tablet_socket_msgs/lib/pkgconfig:/home/yeap/APC_2022_Prac/airsimversion/autoware.ai/install/autoware_msgs/lib/x86_64-linux-gnu/pkgconfig:/home/yeap/APC_2022_Prac/airsimversion/autoware.ai/install/autoware_msgs/lib/pkgconfig:/home/yeap/APC_2022_Prac/airsimversion/autoware.ai/install/autoware_can_msgs/lib/x86_64-linux-gnu/pkgconfig:/home/yeap/APC_2022_Prac/airsimversion/autoware.ai/install/autoware_can_msgs/lib/pkgconfig:/home/yeap/APC_2022_Prac/airsimversion/autoware.ai/install/autoware_build_flags/lib/x86_64-linux-gnu/pkgconfig:/home/yeap/APC_2022_Prac/airsimversion/autoware.ai/install/autoware_build_flags/lib/pkgconfig:${PKG_CONFIG_PATH} PYTHONPATH=/home/yeap/APC_2022_Prac/airsimversion/autoware.ai/install/tablet_socket_msgs/lib/python2.7/dist-packages:/home/yeap/APC_2022_Prac/airsimversion/autoware.ai/install/autoware_msgs/lib/python2.7/dist-packages:/home/yeap/APC_2022_Prac/airsimversion/autoware.ai/install/autoware_can_msgs/lib/python2.7/dist-packages:${PYTHONPATH} ROS_PACKAGE_PATH=/home/yeap/APC_2022_Prac/airsimversion/autoware.ai/install/tablet_socket_msgs/share:/home/yeap/APC_2022_Prac/airsimversion/autoware.ai/install/autoware_msgs/share:/home/yeap/APC_2022_Prac/airsimversion/autoware.ai/install/autoware_can_msgs/share:/home/yeap/APC_2022_Prac/airsimversion/autoware.ai/install/autoware_build_flags/share:${ROS_PACKAGE_PATH} /usr/bin/cmake --build /home/yeap/APC_2022_Prac/airsimversion/autoware.ai/build/vehicle_socket --target install -- -j6 -l6
[8.435s] [  0%] Built target sensor_msgs_generate_messages_nodejs
[8.458s] [  0%] Built target rosgraph_msgs_generate_messages_py
[8.483s] [  0%] Built target rosgraph_msgs_generate_messages_nodejs
[8.508s] [  0%] Built target rosgraph_msgs_generate_messages_lisp
[8.532s] [  0%] Built target roscpp_generate_messages_py
[8.556s] [  0%] Built target roscpp_generate_messages_lisp
[8.578s] [  0%] Built target actionlib_msgs_generate_messages_lisp
[8.601s] [  0%] Built target actionlib_msgs_generate_messages_cpp
[8.626s] [  0%] Built target jsk_footstep_msgs_generate_messages_nodejs
[8.650s] [  0%] Built target jsk_footstep_msgs_generate_messages_lisp
[8.672s] [  0%] Built target actionlib_msgs_generate_messages_py
[8.695s] [  0%] Built target jsk_footstep_msgs_generate_messages_eus
[8.720s] [  0%] Built target pcl_msgs_generate_messages_py
[8.743s] [  0%] Built target pcl_msgs_generate_messages_nodejs
[8.766s] [  0%] Built target pcl_msgs_generate_messages_lisp
[8.792s] [  0%] Built target pcl_msgs_generate_messages_eus
[8.819s] [  0%] Built target rosgraph_msgs_generate_messages_cpp
[8.844s] [  0%] Built target autoware_msgs_generate_messages_cpp
[8.867s] [  0%] Built target std_msgs_generate_messages_nodejs
[8.891s] [  0%] Built target std_msgs_generate_messages_lisp
[8.914s] [  0%] Built target sensor_msgs_generate_messages_cpp
[8.939s] [  0%] Built target sensor_msgs_generate_messages_eus
[8.962s] [  0%] Built target tablet_socket_msgs_generate_messages_cpp
[8.985s] [  0%] Built target autoware_can_msgs_generate_messages_py
[9.010s] [  0%] Built target jsk_footstep_msgs_generate_messages_cpp
[9.039s] [  0%] Built target geometry_msgs_generate_messages_py
[9.063s] [  0%] Built target std_msgs_generate_messages_eus
[9.086s] [  0%] Built target autoware_msgs_generate_messages_nodejs
[9.109s] [  0%] Built target jsk_footstep_msgs_generate_messages_py
[9.136s] [  0%] Built target std_msgs_generate_messages_cpp
[9.160s] [  0%] Built target actionlib_msgs_generate_messages_nodejs
[9.183s] [  0%] Built target std_msgs_generate_messages_py
[9.211s] [  0%] Built target autoware_msgs_generate_messages_py
[9.236s] [  0%] Built target autoware_can_msgs_generate_messages_eus
[9.260s] [  0%] Built target geometry_msgs_generate_messages_nodejs
[9.284s] [  0%] Built target sensor_msgs_generate_messages_py
[9.309s] [  0%] Built target jsk_recognition_msgs_generate_messages_py
[9.334s] [  0%] Built target autoware_can_msgs_generate_messages_nodejs
[9.362s] [  0%] Built target autoware_can_msgs_generate_messages_lisp
[9.385s] [  0%] Built target autoware_can_msgs_generate_messages_cpp
[9.408s] [  0%] Built target autoware_msgs_generate_messages_eus
[9.432s] [  0%] Built target jsk_recognition_msgs_generate_messages_cpp
[9.454s] [  0%] Built target sensor_msgs_generate_messages_lisp
[9.480s] [  0%] Built target pcl_msgs_generate_messages_cpp
[9.505s] [  0%] Built target actionlib_msgs_generate_messages_eus
[9.529s] [  0%] Built target autoware_msgs_generate_messages_lisp
[9.554s] [  0%] Built target roscpp_generate_messages_nodejs
[9.577s] [  0%] Built target roscpp_generate_messages_eus
[9.601s] [  0%] Built target geometry_msgs_generate_messages_eus
[9.625s] [  0%] Built target geometry_msgs_generate_messages_cpp
[9.649s] [  0%] Built target geometry_msgs_generate_messages_lisp
[9.672s] [  0%] Built target jsk_recognition_msgs_generate_messages_eus
[9.696s] [  0%] Built target jsk_recognition_msgs_generate_messages_lisp
[9.722s] [  0%] Built target rosgraph_msgs_generate_messages_eus
[9.744s] [  0%] Built target jsk_recognition_msgs_generate_messages_nodejs
[9.766s] [  0%] Built target roscpp_generate_messages_cpp
[9.789s] [  0%] Built target tablet_socket_msgs_generate_messages_eus
[9.812s] [  0%] Built target tablet_socket_msgs_generate_messages_lisp
[9.836s] [  0%] Built target tablet_socket_msgs_generate_messages_nodejs
[9.859s] [  0%] Built target tablet_socket_msgs_generate_messages_py
[9.888s] [ 50%] Built target vehicle_sender
[9.918s] [100%] Built target vehicle_receiver
[9.946s] [36mInstall the project...[0m
[9.956s] -- Install configuration: "Release"
[9.957s] -- Installing: /home/yeap/APC_2022_Prac/airsimversion/autoware.ai/install/vehicle_socket/lib/pkgconfig/vehicle_socket.pc
[9.957s] -- Installing: /home/yeap/APC_2022_Prac/airsimversion/autoware.ai/install/vehicle_socket/share/vehicle_socket/cmake/vehicle_socketConfig.cmake
[9.957s] -- Installing: /home/yeap/APC_2022_Prac/airsimversion/autoware.ai/install/vehicle_socket/share/vehicle_socket/cmake/vehicle_socketConfig-version.cmake
[9.957s] -- Installing: /home/yeap/APC_2022_Prac/airsimversion/autoware.ai/install/vehicle_socket/share/vehicle_socket/package.xml
[9.957s] -- Installing: /home/yeap/APC_2022_Prac/airsimversion/autoware.ai/install/vehicle_socket/lib/vehicle_socket/vehicle_sender
[9.958s] -- Set runtime path of "/home/yeap/APC_2022_Prac/airsimversion/autoware.ai/install/vehicle_socket/lib/vehicle_socket/vehicle_sender" to ""
[9.958s] -- Installing: /home/yeap/APC_2022_Prac/airsimversion/autoware.ai/install/vehicle_socket/lib/vehicle_socket/vehicle_receiver
[9.959s] -- Set runtime path of "/home/yeap/APC_2022_Prac/airsimversion/autoware.ai/install/vehicle_socket/lib/vehicle_socket/vehicle_receiver" to ""
[9.965s] Invoked command in '/home/yeap/APC_2022_Prac/airsimversion/autoware.ai/build/vehicle_socket' returned '0': CMAKE_PREFIX_PATH=/home/yeap/APC_2022_Prac/airsimversion/autoware.ai/install/tablet_socket_msgs:/home/yeap/APC_2022_Prac/airsimversion/autoware.ai/install/autoware_msgs:/home/yeap/APC_2022_Prac/airsimversion/autoware.ai/install/autoware_can_msgs:/home/yeap/APC_2022_Prac/airsimversion/autoware.ai/install/autoware_build_flags:${CMAKE_PREFIX_PATH} PKG_CONFIG_PATH=/home/yeap/APC_2022_Prac/airsimversion/autoware.ai/install/tablet_socket_msgs/lib/x86_64-linux-gnu/pkgconfig:/home/yeap/APC_2022_Prac/airsimversion/autoware.ai/install/tablet_socket_msgs/lib/pkgconfig:/home/yeap/APC_2022_Prac/airsimversion/autoware.ai/install/autoware_msgs/lib/x86_64-linux-gnu/pkgconfig:/home/yeap/APC_2022_Prac/airsimversion/autoware.ai/install/autoware_msgs/lib/pkgconfig:/home/yeap/APC_2022_Prac/airsimversion/autoware.ai/install/autoware_can_msgs/lib/x86_64-linux-gnu/pkgconfig:/home/yeap/APC_2022_Prac/airsimversion/autoware.ai/install/autoware_can_msgs/lib/pkgconfig:/home/yeap/APC_2022_Prac/airsimversion/autoware.ai/install/autoware_build_flags/lib/x86_64-linux-gnu/pkgconfig:/home/yeap/APC_2022_Prac/airsimversion/autoware.ai/install/autoware_build_flags/lib/pkgconfig:${PKG_CONFIG_PATH} PYTHONPATH=/home/yeap/APC_2022_Prac/airsimversion/autoware.ai/install/tablet_socket_msgs/lib/python2.7/dist-packages:/home/yeap/APC_2022_Prac/airsimversion/autoware.ai/install/autoware_msgs/lib/python2.7/dist-packages:/home/yeap/APC_2022_Prac/airsimversion/autoware.ai/install/autoware_can_msgs/lib/python2.7/dist-packages:${PYTHONPATH} ROS_PACKAGE_PATH=/home/yeap/APC_2022_Prac/airsimversion/autoware.ai/install/tablet_socket_msgs/share:/home/yeap/APC_2022_Prac/airsimversion/autoware.ai/install/autoware_msgs/share:/home/yeap/APC_2022_Prac/airsimversion/autoware.ai/install/autoware_can_msgs/share:/home/yeap/APC_2022_Prac/airsimversion/autoware.ai/install/autoware_build_flags/share:${ROS_PACKAGE_PATH} /usr/bin/cmake --build /home/yeap/APC_2022_Prac/airsimversion/autoware.ai/build/vehicle_socket --target install -- -j6 -l6
