[0.013s] Invoking command in '/home/yeap/APC_2022_Prac/airsimversion/autoware.ai/build/kvaser': CMAKE_PREFIX_PATH=/home/yeap/APC_2022_Prac/airsimversion/autoware.ai/install/autoware_can_msgs:${CMAKE_PREFIX_PATH} PKG_CONFIG_PATH=/home/yeap/APC_2022_Prac/airsimversion/autoware.ai/install/autoware_can_msgs/lib/x86_64-linux-gnu/pkgconfig:/home/yeap/APC_2022_Prac/airsimversion/autoware.ai/install/autoware_can_msgs/lib/pkgconfig:${PKG_CONFIG_PATH} PYTHONPATH=/home/yeap/APC_2022_Prac/airsimversion/autoware.ai/install/autoware_can_msgs/lib/python2.7/dist-packages:${PYTHONPATH} ROS_PACKAGE_PATH=/home/yeap/APC_2022_Prac/airsimversion/autoware.ai/install/autoware_can_msgs/share:${ROS_PACKAGE_PATH} /usr/bin/cmake /home/yeap/APC_2022_Prac/airsimversion/autoware.ai/src/drivers/awf_drivers/kvaser -DCMAKE_BUILD_TYPE=Release -DCATKIN_INSTALL_INTO_PREFIX_ROOT=0 -DCMAKE_INSTALL_PREFIX=/home/yeap/APC_2022_Prac/airsimversion/autoware.ai/install/kvaser
[0.092s] -- The C compiler identification is GNU 7.5.0
[0.155s] -- The CXX compiler identification is GNU 7.5.0
[0.161s] -- Check for working C compiler: /usr/bin/cc
[0.232s] -- Check for working C compiler: /usr/bin/cc -- works
[0.233s] -- Detecting C compiler ABI info
[0.305s] -- Detecting C compiler ABI info - done
[0.318s] -- Detecting C compile features
[0.544s] -- Detecting C compile features - done
[0.548s] -- Check for working CXX compiler: /usr/bin/c++
[0.638s] -- Check for working CXX compiler: /usr/bin/c++ -- works
[0.639s] -- Detecting CXX compiler ABI info
[0.736s] -- Detecting CXX compiler ABI info - done
[0.745s] -- Detecting CXX compile features
[1.155s] -- Detecting CXX compile features - done
[1.158s] -- Using CATKIN_DEVEL_PREFIX: /home/yeap/APC_2022_Prac/airsimversion/autoware.ai/build/kvaser/devel
[1.158s] -- Using CMAKE_PREFIX_PATH: /home/yeap/APC_2022_Prac/airsimversion/autoware.ai/install/autoware_can_msgs;/opt/ros/melodic
[1.159s] -- This workspace overlays: /home/yeap/APC_2022_Prac/airsimversion/autoware.ai/install/autoware_can_msgs;/opt/ros/melodic
[1.174s] -- Found PythonInterp: /usr/bin/python2 (found suitable version "2.7.17", minimum required is "2") 
[1.175s] -- Using PYTHON_EXECUTABLE: /usr/bin/python2
[1.175s] -- Using Debian Python package layout
[1.175s] -- Using empy: /usr/bin/empy
[1.350s] -- Using CATKIN_ENABLE_TESTING: ON
[1.351s] -- Call enable_testing()
[1.356s] -- Using CATKIN_TEST_RESULTS_DIR: /home/yeap/APC_2022_Prac/airsimversion/autoware.ai/build/kvaser/test_results
[1.380s] -- Found gtest sources under '/usr/src/googletest': gtests will be built
[1.380s] -- Found gmock sources under '/usr/src/googletest': gmock will be built
[1.395s] -- Found PythonInterp: /usr/bin/python2 (found version "2.7.17") 
[1.396s] -- Looking for pthread.h
[1.480s] -- Looking for pthread.h - found
[1.481s] -- Looking for pthread_create
[1.554s] -- Looking for pthread_create - not found
[1.555s] -- Looking for pthread_create in pthreads
[1.625s] -- Looking for pthread_create in pthreads - not found
[1.626s] -- Looking for pthread_create in pthread
[1.714s] -- Looking for pthread_create in pthread - found
[1.716s] -- Found Threads: TRUE  
[1.721s] -- Using Python nosetests: /usr/bin/nosetests-2.7
[1.772s] -- catkin 0.7.29
[1.772s] -- BUILD_SHARED_LIBS is on
[2.129s] 'canlib' is not installed. 'can_listener' is not built.
[2.131s] -- Configuring done
[2.157s] -- Generating done
[2.163s] -- Build files have been written to: /home/yeap/APC_2022_Prac/airsimversion/autoware.ai/build/kvaser
[2.172s] Invoked command in '/home/yeap/APC_2022_Prac/airsimversion/autoware.ai/build/kvaser' returned '0': CMAKE_PREFIX_PATH=/home/yeap/APC_2022_Prac/airsimversion/autoware.ai/install/autoware_can_msgs:${CMAKE_PREFIX_PATH} PKG_CONFIG_PATH=/home/yeap/APC_2022_Prac/airsimversion/autoware.ai/install/autoware_can_msgs/lib/x86_64-linux-gnu/pkgconfig:/home/yeap/APC_2022_Prac/airsimversion/autoware.ai/install/autoware_can_msgs/lib/pkgconfig:${PKG_CONFIG_PATH} PYTHONPATH=/home/yeap/APC_2022_Prac/airsimversion/autoware.ai/install/autoware_can_msgs/lib/python2.7/dist-packages:${PYTHONPATH} ROS_PACKAGE_PATH=/home/yeap/APC_2022_Prac/airsimversion/autoware.ai/install/autoware_can_msgs/share:${ROS_PACKAGE_PATH} /usr/bin/cmake /home/yeap/APC_2022_Prac/airsimversion/autoware.ai/src/drivers/awf_drivers/kvaser -DCMAKE_BUILD_TYPE=Release -DCATKIN_INSTALL_INTO_PREFIX_ROOT=0 -DCMAKE_INSTALL_PREFIX=/home/yeap/APC_2022_Prac/airsimversion/autoware.ai/install/kvaser
[2.173s] Invoking command in '/home/yeap/APC_2022_Prac/airsimversion/autoware.ai/build/kvaser': CMAKE_PREFIX_PATH=/home/yeap/APC_2022_Prac/airsimversion/autoware.ai/install/autoware_can_msgs:${CMAKE_PREFIX_PATH} PKG_CONFIG_PATH=/home/yeap/APC_2022_Prac/airsimversion/autoware.ai/install/autoware_can_msgs/lib/x86_64-linux-gnu/pkgconfig:/home/yeap/APC_2022_Prac/airsimversion/autoware.ai/install/autoware_can_msgs/lib/pkgconfig:${PKG_CONFIG_PATH} PYTHONPATH=/home/yeap/APC_2022_Prac/airsimversion/autoware.ai/install/autoware_can_msgs/lib/python2.7/dist-packages:${PYTHONPATH} ROS_PACKAGE_PATH=/home/yeap/APC_2022_Prac/airsimversion/autoware.ai/install/autoware_can_msgs/share:${ROS_PACKAGE_PATH} /usr/bin/cmake --build /home/yeap/APC_2022_Prac/airsimversion/autoware.ai/build/kvaser -- -j6 -l6
[2.216s] [35m[1mScanning dependencies of target geometry_msgs_generate_messages_lisp[0m
[2.227s] [  0%] Built target geometry_msgs_generate_messages_lisp
[2.238s] [35m[1mScanning dependencies of target autoware_can_msgs_generate_messages_py[0m
[2.250s] [  0%] Built target autoware_can_msgs_generate_messages_py
[2.262s] [35m[1mScanning dependencies of target visualization_msgs_generate_messages_py[0m
[2.274s] [  0%] Built target visualization_msgs_generate_messages_py
[2.285s] [35m[1mScanning dependencies of target geometry_msgs_generate_messages_py[0m
[2.296s] [  0%] Built target geometry_msgs_generate_messages_py
[2.307s] [35m[1mScanning dependencies of target std_msgs_generate_messages_eus[0m
[2.318s] [  0%] Built target std_msgs_generate_messages_eus
[2.329s] [35m[1mScanning dependencies of target rosgraph_msgs_generate_messages_nodejs[0m
[2.340s] [  0%] Built target rosgraph_msgs_generate_messages_nodejs
[2.351s] [35m[1mScanning dependencies of target rosgraph_msgs_generate_messages_py[0m
[2.362s] [  0%] Built target rosgraph_msgs_generate_messages_py
[2.373s] [35m[1mScanning dependencies of target autoware_can_msgs_generate_messages_eus[0m
[2.384s] [  0%] Built target autoware_can_msgs_generate_messages_eus
[2.396s] [35m[1mScanning dependencies of target roscpp_generate_messages_lisp[0m
[2.407s] [  0%] Built target roscpp_generate_messages_lisp
[2.419s] [35m[1mScanning dependencies of target geometry_msgs_generate_messages_nodejs[0m
[2.430s] [  0%] Built target geometry_msgs_generate_messages_nodejs
[2.441s] [35m[1mScanning dependencies of target autoware_can_msgs_generate_messages_nodejs[0m
[2.453s] [  0%] Built target autoware_can_msgs_generate_messages_nodejs
[2.464s] [35m[1mScanning dependencies of target autoware_can_msgs_generate_messages_lisp[0m
[2.476s] [  0%] Built target autoware_can_msgs_generate_messages_lisp
[2.487s] [35m[1mScanning dependencies of target autoware_can_msgs_generate_messages_cpp[0m
[2.498s] [  0%] Built target autoware_can_msgs_generate_messages_cpp
[2.510s] [35m[1mScanning dependencies of target rosgraph_msgs_generate_messages_cpp[0m
[2.521s] [  0%] Built target rosgraph_msgs_generate_messages_cpp
[2.533s] [35m[1mScanning dependencies of target roscpp_generate_messages_py[0m
[2.544s] [  0%] Built target roscpp_generate_messages_py
[2.556s] [35m[1mScanning dependencies of target roscpp_generate_messages_nodejs[0m
[2.568s] [  0%] Built target roscpp_generate_messages_nodejs
[2.579s] [35m[1mScanning dependencies of target roscpp_generate_messages_eus[0m
[2.591s] [  0%] Built target roscpp_generate_messages_eus
[2.602s] [35m[1mScanning dependencies of target geometry_msgs_generate_messages_eus[0m
[2.613s] [  0%] Built target geometry_msgs_generate_messages_eus
[2.627s] [35m[1mScanning dependencies of target rosgraph_msgs_generate_messages_eus[0m
[2.637s] [  0%] Built target rosgraph_msgs_generate_messages_eus
[2.648s] [35m[1mScanning dependencies of target rosgraph_msgs_generate_messages_lisp[0m
[2.660s] [  0%] Built target rosgraph_msgs_generate_messages_lisp
[2.671s] [35m[1mScanning dependencies of target visualization_msgs_generate_messages_cpp[0m
[2.682s] [  0%] Built target visualization_msgs_generate_messages_cpp
[2.693s] [35m[1mScanning dependencies of target visualization_msgs_generate_messages_eus[0m
[2.704s] [  0%] Built target visualization_msgs_generate_messages_eus
[2.716s] [35m[1mScanning dependencies of target std_msgs_generate_messages_cpp[0m
[2.739s] [  0%] Built target std_msgs_generate_messages_cpp
[2.750s] [35m[1mScanning dependencies of target visualization_msgs_generate_messages_lisp[0m
[2.762s] [  0%] Built target visualization_msgs_generate_messages_lisp
[2.774s] [35m[1mScanning dependencies of target visualization_msgs_generate_messages_nodejs[0m
[2.785s] [  0%] Built target visualization_msgs_generate_messages_nodejs
[2.796s] [35m[1mScanning dependencies of target geometry_msgs_generate_messages_cpp[0m
[2.807s] [  0%] Built target geometry_msgs_generate_messages_cpp
[2.818s] [35m[1mScanning dependencies of target roscpp_generate_messages_cpp[0m
[2.829s] [  0%] Built target roscpp_generate_messages_cpp
[2.842s] [35m[1mScanning dependencies of target std_msgs_generate_messages_lisp[0m
[2.853s] [  0%] Built target std_msgs_generate_messages_lisp
[2.864s] [35m[1mScanning dependencies of target std_msgs_generate_messages_nodejs[0m
[2.875s] [  0%] Built target std_msgs_generate_messages_nodejs
[2.886s] [35m[1mScanning dependencies of target std_msgs_generate_messages_py[0m
[2.898s] [  0%] Built target std_msgs_generate_messages_py
[2.909s] [35m[1mScanning dependencies of target can_draw[0m
[2.932s] [ 25%] [32mBuilding CXX object CMakeFiles/can_draw.dir/nodes/can_draw/can_draw.cpp.o[0m
[5.230s] [ 50%] [32m[1mLinking CXX executable devel/lib/kvaser/can_draw[0m
[5.427s] [ 50%] Built target can_draw
[5.439s] [35m[1mScanning dependencies of target can_converter[0m
[5.460s] [ 75%] [32mBuilding CXX object CMakeFiles/can_converter.dir/nodes/can_converter/can_converter.cpp.o[0m
[7.442s] [100%] [32m[1mLinking CXX executable devel/lib/kvaser/can_converter[0m
[7.643s] [100%] Built target can_converter
[7.660s] Invoked command in '/home/yeap/APC_2022_Prac/airsimversion/autoware.ai/build/kvaser' returned '0': CMAKE_PREFIX_PATH=/home/yeap/APC_2022_Prac/airsimversion/autoware.ai/install/autoware_can_msgs:${CMAKE_PREFIX_PATH} PKG_CONFIG_PATH=/home/yeap/APC_2022_Prac/airsimversion/autoware.ai/install/autoware_can_msgs/lib/x86_64-linux-gnu/pkgconfig:/home/yeap/APC_2022_Prac/airsimversion/autoware.ai/install/autoware_can_msgs/lib/pkgconfig:${PKG_CONFIG_PATH} PYTHONPATH=/home/yeap/APC_2022_Prac/airsimversion/autoware.ai/install/autoware_can_msgs/lib/python2.7/dist-packages:${PYTHONPATH} ROS_PACKAGE_PATH=/home/yeap/APC_2022_Prac/airsimversion/autoware.ai/install/autoware_can_msgs/share:${ROS_PACKAGE_PATH} /usr/bin/cmake --build /home/yeap/APC_2022_Prac/airsimversion/autoware.ai/build/kvaser -- -j6 -l6
[7.741s] Invoking command in '/home/yeap/APC_2022_Prac/airsimversion/autoware.ai/build/kvaser': CMAKE_PREFIX_PATH=/home/yeap/APC_2022_Prac/airsimversion/autoware.ai/install/autoware_can_msgs:${CMAKE_PREFIX_PATH} PKG_CONFIG_PATH=/home/yeap/APC_2022_Prac/airsimversion/autoware.ai/install/autoware_can_msgs/lib/x86_64-linux-gnu/pkgconfig:/home/yeap/APC_2022_Prac/airsimversion/autoware.ai/install/autoware_can_msgs/lib/pkgconfig:${PKG_CONFIG_PATH} PYTHONPATH=/home/yeap/APC_2022_Prac/airsimversion/autoware.ai/install/autoware_can_msgs/lib/python2.7/dist-packages:${PYTHONPATH} ROS_PACKAGE_PATH=/home/yeap/APC_2022_Prac/airsimversion/autoware.ai/install/autoware_can_msgs/share:${ROS_PACKAGE_PATH} /usr/bin/cmake --build /home/yeap/APC_2022_Prac/airsimversion/autoware.ai/build/kvaser --target tests -- -j6 -l6
[7.800s] [35m[1mScanning dependencies of target tests[0m
[7.813s] Built target tests
[7.826s] Invoked command in '/home/yeap/APC_2022_Prac/airsimversion/autoware.ai/build/kvaser' returned '0': CMAKE_PREFIX_PATH=/home/yeap/APC_2022_Prac/airsimversion/autoware.ai/install/autoware_can_msgs:${CMAKE_PREFIX_PATH} PKG_CONFIG_PATH=/home/yeap/APC_2022_Prac/airsimversion/autoware.ai/install/autoware_can_msgs/lib/x86_64-linux-gnu/pkgconfig:/home/yeap/APC_2022_Prac/airsimversion/autoware.ai/install/autoware_can_msgs/lib/pkgconfig:${PKG_CONFIG_PATH} PYTHONPATH=/home/yeap/APC_2022_Prac/airsimversion/autoware.ai/install/autoware_can_msgs/lib/python2.7/dist-packages:${PYTHONPATH} ROS_PACKAGE_PATH=/home/yeap/APC_2022_Prac/airsimversion/autoware.ai/install/autoware_can_msgs/share:${ROS_PACKAGE_PATH} /usr/bin/cmake --build /home/yeap/APC_2022_Prac/airsimversion/autoware.ai/build/kvaser --target tests -- -j6 -l6
[7.924s] Invoking command in '/home/yeap/APC_2022_Prac/airsimversion/autoware.ai/build/kvaser': CMAKE_PREFIX_PATH=/home/yeap/APC_2022_Prac/airsimversion/autoware.ai/install/autoware_can_msgs:${CMAKE_PREFIX_PATH} PKG_CONFIG_PATH=/home/yeap/APC_2022_Prac/airsimversion/autoware.ai/install/autoware_can_msgs/lib/x86_64-linux-gnu/pkgconfig:/home/yeap/APC_2022_Prac/airsimversion/autoware.ai/install/autoware_can_msgs/lib/pkgconfig:${PKG_CONFIG_PATH} PYTHONPATH=/home/yeap/APC_2022_Prac/airsimversion/autoware.ai/install/autoware_can_msgs/lib/python2.7/dist-packages:${PYTHONPATH} ROS_PACKAGE_PATH=/home/yeap/APC_2022_Prac/airsimversion/autoware.ai/install/autoware_can_msgs/share:${ROS_PACKAGE_PATH} /usr/bin/cmake --build /home/yeap/APC_2022_Prac/airsimversion/autoware.ai/build/kvaser --target install -- -j6 -l6
[7.982s] [  0%] Built target geometry_msgs_generate_messages_lisp
[8.004s] [  0%] Built target autoware_can_msgs_generate_messages_py
[8.027s] [  0%] Built target visualization_msgs_generate_messages_py
[8.049s] [  0%] Built target geometry_msgs_generate_messages_py
[8.071s] [  0%] Built target std_msgs_generate_messages_eus
[8.094s] [  0%] Built target rosgraph_msgs_generate_messages_nodejs
[8.118s] [  0%] Built target rosgraph_msgs_generate_messages_py
[8.141s] [  0%] Built target autoware_can_msgs_generate_messages_eus
[8.165s] [  0%] Built target roscpp_generate_messages_lisp
[8.188s] [  0%] Built target geometry_msgs_generate_messages_nodejs
[8.212s] [  0%] Built target autoware_can_msgs_generate_messages_nodejs
[8.234s] [  0%] Built target autoware_can_msgs_generate_messages_lisp
[8.260s] [  0%] Built target autoware_can_msgs_generate_messages_cpp
[8.283s] [  0%] Built target rosgraph_msgs_generate_messages_cpp
[8.306s] [  0%] Built target roscpp_generate_messages_py
[8.329s] [  0%] Built target roscpp_generate_messages_nodejs
[8.350s] [  0%] Built target roscpp_generate_messages_eus
[8.371s] [  0%] Built target geometry_msgs_generate_messages_eus
[8.397s] [  0%] Built target rosgraph_msgs_generate_messages_eus
[8.419s] [  0%] Built target rosgraph_msgs_generate_messages_lisp
[8.440s] [  0%] Built target visualization_msgs_generate_messages_cpp
[8.462s] [  0%] Built target visualization_msgs_generate_messages_eus
[8.488s] [  0%] Built target std_msgs_generate_messages_cpp
[8.515s] [  0%] Built target visualization_msgs_generate_messages_lisp
[8.539s] [  0%] Built target visualization_msgs_generate_messages_nodejs
[8.562s] [  0%] Built target geometry_msgs_generate_messages_cpp
[8.585s] [  0%] Built target roscpp_generate_messages_cpp
[8.610s] [  0%] Built target std_msgs_generate_messages_lisp
[8.635s] [  0%] Built target std_msgs_generate_messages_nodejs
[8.660s] [  0%] Built target std_msgs_generate_messages_py
[8.692s] [ 50%] Built target can_draw
[8.721s] [100%] Built target can_converter
[8.750s] [36mInstall the project...[0m
[8.760s] -- Install configuration: "Release"
[8.761s] -- Installing: /home/yeap/APC_2022_Prac/airsimversion/autoware.ai/install/kvaser/lib/pkgconfig/kvaser.pc
[8.761s] -- Installing: /home/yeap/APC_2022_Prac/airsimversion/autoware.ai/install/kvaser/share/kvaser/cmake/kvaserConfig.cmake
[8.761s] -- Installing: /home/yeap/APC_2022_Prac/airsimversion/autoware.ai/install/kvaser/share/kvaser/cmake/kvaserConfig-version.cmake
[8.762s] -- Installing: /home/yeap/APC_2022_Prac/airsimversion/autoware.ai/install/kvaser/share/kvaser/package.xml
[8.762s] -- Installing: /home/yeap/APC_2022_Prac/airsimversion/autoware.ai/install/kvaser/lib/kvaser/can_converter
[8.763s] -- Set runtime path of "/home/yeap/APC_2022_Prac/airsimversion/autoware.ai/install/kvaser/lib/kvaser/can_converter" to ""
[8.763s] -- Installing: /home/yeap/APC_2022_Prac/airsimversion/autoware.ai/install/kvaser/lib/kvaser/can_draw
[8.764s] -- Set runtime path of "/home/yeap/APC_2022_Prac/airsimversion/autoware.ai/install/kvaser/lib/kvaser/can_draw" to ""
[8.770s] Invoked command in '/home/yeap/APC_2022_Prac/airsimversion/autoware.ai/build/kvaser' returned '0': CMAKE_PREFIX_PATH=/home/yeap/APC_2022_Prac/airsimversion/autoware.ai/install/autoware_can_msgs:${CMAKE_PREFIX_PATH} PKG_CONFIG_PATH=/home/yeap/APC_2022_Prac/airsimversion/autoware.ai/install/autoware_can_msgs/lib/x86_64-linux-gnu/pkgconfig:/home/yeap/APC_2022_Prac/airsimversion/autoware.ai/install/autoware_can_msgs/lib/pkgconfig:${PKG_CONFIG_PATH} PYTHONPATH=/home/yeap/APC_2022_Prac/airsimversion/autoware.ai/install/autoware_can_msgs/lib/python2.7/dist-packages:${PYTHONPATH} ROS_PACKAGE_PATH=/home/yeap/APC_2022_Prac/airsimversion/autoware.ai/install/autoware_can_msgs/share:${ROS_PACKAGE_PATH} /usr/bin/cmake --build /home/yeap/APC_2022_Prac/airsimversion/autoware.ai/build/kvaser --target install -- -j6 -l6
