[0.024s] Invoking command in '/home/yeap/APC_2022_Prac/airsimversion/autoware.ai/build/pixel_cloud_fusion': CMAKE_PREFIX_PATH=/home/yeap/APC_2022_Prac/airsimversion/autoware.ai/install/autoware_build_flags:${CMAKE_PREFIX_PATH} PKG_CONFIG_PATH=/home/yeap/APC_2022_Prac/airsimversion/autoware.ai/install/autoware_build_flags/lib/x86_64-linux-gnu/pkgconfig:/home/yeap/APC_2022_Prac/airsimversion/autoware.ai/install/autoware_build_flags/lib/pkgconfig:${PKG_CONFIG_PATH} ROS_PACKAGE_PATH=/home/yeap/APC_2022_Prac/airsimversion/autoware.ai/install/autoware_build_flags/share:${ROS_PACKAGE_PATH} /usr/bin/cmake --build /home/yeap/APC_2022_Prac/airsimversion/autoware.ai/build/pixel_cloud_fusion -- -j6 -l6
[0.146s] [  0%] Built target actionlib_msgs_generate_messages_py
[0.173s] [  0%] Built target tf2_msgs_generate_messages_nodejs
[0.182s] [  0%] Built target rosgraph_msgs_generate_messages_lisp
[0.217s] [  0%] Built target rosgraph_msgs_generate_messages_eus
[0.221s] [  0%] Built target rosgraph_msgs_generate_messages_cpp
[0.249s] [  0%] Built target topic_tools_generate_messages_cpp
[0.276s] [  0%] Built target geometry_msgs_generate_messages_eus
[0.289s] [  0%] Built target std_msgs_generate_messages_py
[0.319s] [  0%] Built target std_msgs_generate_messages_nodejs
[0.331s] [  0%] Built target bond_generate_messages_lisp
[0.363s] [  0%] Built target topic_tools_generate_messages_eus
[0.372s] [  0%] Built target rosgraph_msgs_generate_messages_nodejs
[0.394s] [  0%] Built target std_msgs_generate_messages_eus
[0.407s] [  0%] Built target pcl_msgs_generate_messages_nodejs
[0.439s] [  0%] Built target nodelet_generate_messages_nodejs
[0.439s] [  0%] Built target sensor_msgs_generate_messages_lisp
[0.465s] [  0%] Built target pcl_msgs_generate_messages_cpp
[0.465s] [  0%] Built target dynamic_reconfigure_generate_messages_lisp
[0.491s] [  0%] Built target roscpp_generate_messages_lisp
[0.502s] [  0%] Built target std_srvs_generate_messages_eus
[0.531s] [  0%] Built target bond_generate_messages_eus
[0.540s] [  0%] Built target std_msgs_generate_messages_cpp
[0.565s] [  0%] Built target roscpp_generate_messages_py
[0.566s] [  0%] Built target roscpp_generate_messages_cpp
[0.601s] [  0%] Built target actionlib_generate_messages_cpp
[0.604s] [  0%] Built target sensor_msgs_generate_messages_nodejs
[0.637s] [  0%] Built target geometry_msgs_generate_messages_nodejs
[0.640s] [  0%] Built target nodelet_generate_messages_py
[0.669s] [  0%] Built target dynamic_reconfigure_generate_messages_cpp
[0.683s] [  0%] Built target sensor_msgs_generate_messages_py
[0.704s] [  0%] Built target tf_generate_messages_py
[0.716s] [  0%] Built target geometry_msgs_generate_messages_lisp
[0.728s] [  0%] Built target roscpp_generate_messages_nodejs
[0.755s] [  0%] Built target std_msgs_generate_messages_lisp
[0.762s] [  0%] Built target sensor_msgs_generate_messages_cpp
[0.791s] [  0%] Built target sensor_msgs_generate_messages_eus
[0.800s] [  0%] Built target pcl_ros_gencfg
[0.826s] [  0%] Built target tf2_msgs_generate_messages_py
[0.829s] [  0%] Built target topic_tools_generate_messages_nodejs
[0.858s] [  0%] Built target geometry_msgs_generate_messages_py
[0.862s] [  0%] Built target actionlib_generate_messages_py
[0.883s] [  0%] Built target dynamic_reconfigure_generate_messages_eus
[0.889s] [  0%] Built target dynamic_reconfigure_generate_messages_nodejs
[0.913s] [  0%] Built target dynamic_reconfigure_generate_messages_py
[0.917s] [  0%] Built target tf2_msgs_generate_messages_lisp
[0.938s] [  0%] Built target dynamic_reconfigure_gencfg
[0.945s] [  0%] Built target nodelet_generate_messages_cpp
[0.971s] [  0%] Built target bond_generate_messages_py
[0.971s] [  0%] Built target std_srvs_generate_messages_nodejs
[1.005s] [  0%] Built target actionlib_generate_messages_lisp
[1.011s] [  0%] Built target geometry_msgs_generate_messages_cpp
[1.038s] [  0%] Built target nodelet_generate_messages_eus
[1.042s] [  0%] Built target nodelet_generate_messages_lisp
[1.071s] [  0%] Built target roscpp_generate_messages_eus
[1.077s] [  0%] Built target rosgraph_msgs_generate_messages_py
[1.101s] [  0%] Built target actionlib_msgs_generate_messages_eus
[1.104s] [  0%] Built target bond_generate_messages_cpp
[1.128s] [  0%] Built target bond_generate_messages_nodejs
[1.130s] [  0%] Built target actionlib_msgs_generate_messages_nodejs
[1.157s] [  0%] Built target nodelet_topic_tools_gencfg
[1.157s] [  0%] Built target topic_tools_generate_messages_py
[1.187s] [  0%] Built target topic_tools_generate_messages_lisp
[1.197s] [  0%] Built target std_srvs_generate_messages_lisp
[1.228s] [  0%] Built target tf_generate_messages_eus
[1.233s] [  0%] Built target std_srvs_generate_messages_cpp
[1.255s] [  0%] Built target actionlib_msgs_generate_messages_cpp
[1.269s] [  0%] Built target std_srvs_generate_messages_py
[1.282s] [  0%] Built target tf_generate_messages_lisp
[1.295s] [  0%] Built target tf_generate_messages_nodejs
[1.332s] [  0%] Built target pcl_msgs_generate_messages_py
[1.336s] [  0%] Built target actionlib_generate_messages_eus
[1.383s] [  0%] Built target pcl_msgs_generate_messages_lisp
[1.384s] [  0%] Built target tf_generate_messages_cpp
[1.419s] [  0%] Built target actionlib_generate_messages_nodejs
[1.465s] [  0%] Built target actionlib_msgs_generate_messages_lisp
[1.509s] [  0%] Built target pcl_msgs_generate_messages_eus
[1.547s] [  0%] Built target tf2_msgs_generate_messages_cpp
[1.595s] [  0%] Built target tf2_msgs_generate_messages_eus
[1.673s] [ 50%] Built target pixel_cloud_fusion_lib
[1.738s] [100%] Built target pixel_cloud_fusion
[1.751s] Invoked command in '/home/yeap/APC_2022_Prac/airsimversion/autoware.ai/build/pixel_cloud_fusion' returned '0': CMAKE_PREFIX_PATH=/home/yeap/APC_2022_Prac/airsimversion/autoware.ai/install/autoware_build_flags:${CMAKE_PREFIX_PATH} PKG_CONFIG_PATH=/home/yeap/APC_2022_Prac/airsimversion/autoware.ai/install/autoware_build_flags/lib/x86_64-linux-gnu/pkgconfig:/home/yeap/APC_2022_Prac/airsimversion/autoware.ai/install/autoware_build_flags/lib/pkgconfig:${PKG_CONFIG_PATH} ROS_PACKAGE_PATH=/home/yeap/APC_2022_Prac/airsimversion/autoware.ai/install/autoware_build_flags/share:${ROS_PACKAGE_PATH} /usr/bin/cmake --build /home/yeap/APC_2022_Prac/airsimversion/autoware.ai/build/pixel_cloud_fusion -- -j6 -l6
[2.065s] Invoking command in '/home/yeap/APC_2022_Prac/airsimversion/autoware.ai/build/pixel_cloud_fusion': CMAKE_PREFIX_PATH=/home/yeap/APC_2022_Prac/airsimversion/autoware.ai/install/autoware_build_flags:${CMAKE_PREFIX_PATH} PKG_CONFIG_PATH=/home/yeap/APC_2022_Prac/airsimversion/autoware.ai/install/autoware_build_flags/lib/x86_64-linux-gnu/pkgconfig:/home/yeap/APC_2022_Prac/airsimversion/autoware.ai/install/autoware_build_flags/lib/pkgconfig:${PKG_CONFIG_PATH} ROS_PACKAGE_PATH=/home/yeap/APC_2022_Prac/airsimversion/autoware.ai/install/autoware_build_flags/share:${ROS_PACKAGE_PATH} /usr/bin/cmake --build /home/yeap/APC_2022_Prac/airsimversion/autoware.ai/build/pixel_cloud_fusion --target tests -- -j6 -l6
[2.192s] Built target tests
[2.207s] Invoked command in '/home/yeap/APC_2022_Prac/airsimversion/autoware.ai/build/pixel_cloud_fusion' returned '0': CMAKE_PREFIX_PATH=/home/yeap/APC_2022_Prac/airsimversion/autoware.ai/install/autoware_build_flags:${CMAKE_PREFIX_PATH} PKG_CONFIG_PATH=/home/yeap/APC_2022_Prac/airsimversion/autoware.ai/install/autoware_build_flags/lib/x86_64-linux-gnu/pkgconfig:/home/yeap/APC_2022_Prac/airsimversion/autoware.ai/install/autoware_build_flags/lib/pkgconfig:${PKG_CONFIG_PATH} ROS_PACKAGE_PATH=/home/yeap/APC_2022_Prac/airsimversion/autoware.ai/install/autoware_build_flags/share:${ROS_PACKAGE_PATH} /usr/bin/cmake --build /home/yeap/APC_2022_Prac/airsimversion/autoware.ai/build/pixel_cloud_fusion --target tests -- -j6 -l6
[2.514s] Invoking command in '/home/yeap/APC_2022_Prac/airsimversion/autoware.ai/build/pixel_cloud_fusion': CMAKE_PREFIX_PATH=/home/yeap/APC_2022_Prac/airsimversion/autoware.ai/install/autoware_build_flags:${CMAKE_PREFIX_PATH} PKG_CONFIG_PATH=/home/yeap/APC_2022_Prac/airsimversion/autoware.ai/install/autoware_build_flags/lib/x86_64-linux-gnu/pkgconfig:/home/yeap/APC_2022_Prac/airsimversion/autoware.ai/install/autoware_build_flags/lib/pkgconfig:${PKG_CONFIG_PATH} ROS_PACKAGE_PATH=/home/yeap/APC_2022_Prac/airsimversion/autoware.ai/install/autoware_build_flags/share:${ROS_PACKAGE_PATH} /usr/bin/cmake --build /home/yeap/APC_2022_Prac/airsimversion/autoware.ai/build/pixel_cloud_fusion --target install -- -j6 -l6
[2.596s] [  0%] Built target actionlib_msgs_generate_messages_py
[2.600s] [  0%] Built target tf2_msgs_generate_messages_nodejs
[2.632s] [  0%] Built target rosgraph_msgs_generate_messages_lisp
[2.641s] [  0%] Built target rosgraph_msgs_generate_messages_eus
[2.667s] [  0%] Built target rosgraph_msgs_generate_messages_cpp
[2.681s] [  0%] Built target topic_tools_generate_messages_cpp
[2.709s] [  0%] Built target std_msgs_generate_messages_py
[2.731s] [  0%] Built target std_msgs_generate_messages_nodejs
[2.759s] [  0%] Built target bond_generate_messages_lisp
[2.785s] [  0%] Built target topic_tools_generate_messages_eus
[2.816s] [  0%] Built target rosgraph_msgs_generate_messages_nodejs
[2.849s] [  0%] Built target std_msgs_generate_messages_eus
[2.871s] [  0%] Built target pcl_msgs_generate_messages_nodejs
[2.884s] [  0%] Built target geometry_msgs_generate_messages_eus
[2.906s] [  0%] Built target nodelet_generate_messages_nodejs
[2.914s] [  0%] Built target sensor_msgs_generate_messages_lisp
[2.949s] [  0%] Built target dynamic_reconfigure_generate_messages_lisp
[2.958s] [  0%] Built target pcl_msgs_generate_messages_cpp
[2.983s] [  0%] Built target std_srvs_generate_messages_eus
[2.996s] [  0%] Built target roscpp_generate_messages_lisp
[3.009s] [  0%] Built target bond_generate_messages_eus
[3.032s] [  0%] Built target std_msgs_generate_messages_cpp
[3.047s] [  0%] Built target roscpp_generate_messages_py
[3.067s] [  0%] Built target roscpp_generate_messages_cpp
[3.080s] [  0%] Built target sensor_msgs_generate_messages_nodejs
[3.110s] [  0%] Built target actionlib_generate_messages_cpp
[3.128s] [  0%] Built target geometry_msgs_generate_messages_nodejs
[3.139s] [  0%] Built target nodelet_generate_messages_py
[3.161s] [  0%] Built target sensor_msgs_generate_messages_py
[3.170s] [  0%] Built target dynamic_reconfigure_generate_messages_cpp
[3.195s] [  0%] Built target tf_generate_messages_py
[3.203s] [  0%] Built target geometry_msgs_generate_messages_lisp
[3.231s] [  0%] Built target roscpp_generate_messages_nodejs
[3.253s] [  0%] Built target std_msgs_generate_messages_lisp
[3.262s] [  0%] Built target sensor_msgs_generate_messages_cpp
[3.294s] [  0%] Built target pcl_ros_gencfg
[3.304s] [  0%] Built target sensor_msgs_generate_messages_eus
[3.330s] [  0%] Built target topic_tools_generate_messages_nodejs
[3.338s] [  0%] Built target tf2_msgs_generate_messages_py
[3.363s] [  0%] Built target geometry_msgs_generate_messages_py
[3.370s] [  0%] Built target actionlib_generate_messages_py
[3.400s] [  0%] Built target dynamic_reconfigure_generate_messages_nodejs
[3.409s] [  0%] Built target dynamic_reconfigure_generate_messages_eus
[3.424s] [  0%] Built target dynamic_reconfigure_generate_messages_py
[3.440s] [  0%] Built target tf2_msgs_generate_messages_lisp
[3.447s] [  0%] Built target dynamic_reconfigure_gencfg
[3.473s] [  0%] Built target bond_generate_messages_py
[3.475s] [  0%] Built target nodelet_generate_messages_cpp
[3.495s] [  0%] Built target std_srvs_generate_messages_nodejs
[3.499s] [  0%] Built target geometry_msgs_generate_messages_cpp
[3.521s] [  0%] Built target nodelet_generate_messages_eus
[3.522s] [  0%] Built target actionlib_generate_messages_lisp
[3.541s] [  0%] Built target nodelet_generate_messages_lisp
[3.549s] [  0%] Built target roscpp_generate_messages_eus
[3.567s] [  0%] Built target rosgraph_msgs_generate_messages_py
[3.581s] [  0%] Built target actionlib_msgs_generate_messages_eus
[3.595s] [  0%] Built target bond_generate_messages_cpp
[3.603s] [  0%] Built target bond_generate_messages_nodejs
[3.619s] [  0%] Built target actionlib_msgs_generate_messages_nodejs
[3.627s] [  0%] Built target topic_tools_generate_messages_py
[3.642s] [  0%] Built target nodelet_topic_tools_gencfg
[3.650s] [  0%] Built target std_srvs_generate_messages_lisp
[3.669s] [  0%] Built target topic_tools_generate_messages_lisp
[3.674s] [  0%] Built target std_srvs_generate_messages_cpp
[3.698s] [  0%] Built target tf_generate_messages_eus
[3.706s] [  0%] Built target actionlib_msgs_generate_messages_cpp
[3.721s] [  0%] Built target std_srvs_generate_messages_py
[3.743s] [  0%] Built target tf_generate_messages_nodejs
[3.743s] [  0%] Built target tf_generate_messages_lisp
[3.767s] [  0%] Built target pcl_msgs_generate_messages_eus
[3.777s] [  0%] Built target pcl_msgs_generate_messages_py
[3.791s] [  0%] Built target pcl_msgs_generate_messages_lisp
[3.802s] [  0%] Built target tf_generate_messages_cpp
[3.813s] [  0%] Built target actionlib_generate_messages_nodejs
[3.825s] [  0%] Built target actionlib_msgs_generate_messages_lisp
[3.842s] [  0%] Built target actionlib_generate_messages_eus
[3.869s] [  0%] Built target tf2_msgs_generate_messages_cpp
[3.894s] [  0%] Built target tf2_msgs_generate_messages_eus
[3.951s] [ 50%] Built target pixel_cloud_fusion_lib
[3.996s] [100%] Built target pixel_cloud_fusion
[4.021s] [36mInstall the project...[0m
[4.029s] -- Install configuration: "Release"
[4.029s] -- Up-to-date: /home/yeap/APC_2022_Prac/airsimversion/autoware.ai/install/pixel_cloud_fusion/lib/pkgconfig/pixel_cloud_fusion.pc
[4.030s] -- Up-to-date: /home/yeap/APC_2022_Prac/airsimversion/autoware.ai/install/pixel_cloud_fusion/share/pixel_cloud_fusion/cmake/pixel_cloud_fusionConfig.cmake
[4.030s] -- Up-to-date: /home/yeap/APC_2022_Prac/airsimversion/autoware.ai/install/pixel_cloud_fusion/share/pixel_cloud_fusion/cmake/pixel_cloud_fusionConfig-version.cmake
[4.030s] -- Up-to-date: /home/yeap/APC_2022_Prac/airsimversion/autoware.ai/install/pixel_cloud_fusion/share/pixel_cloud_fusion/package.xml
[4.031s] -- Up-to-date: /home/yeap/APC_2022_Prac/airsimversion/autoware.ai/install/pixel_cloud_fusion/lib/pixel_cloud_fusion/pixel_cloud_fusion
[4.032s] -- Up-to-date: /home/yeap/APC_2022_Prac/airsimversion/autoware.ai/install/pixel_cloud_fusion/lib/libpixel_cloud_fusion_lib.so
[4.032s] -- Up-to-date: /home/yeap/APC_2022_Prac/airsimversion/autoware.ai/install/pixel_cloud_fusion/include/pixel_cloud_fusion
[4.032s] -- Up-to-date: /home/yeap/APC_2022_Prac/airsimversion/autoware.ai/install/pixel_cloud_fusion/include/pixel_cloud_fusion/pixel_cloud_fusion.h
[4.033s] -- Up-to-date: /home/yeap/APC_2022_Prac/airsimversion/autoware.ai/install/pixel_cloud_fusion/share/pixel_cloud_fusion/launch
[4.033s] -- Up-to-date: /home/yeap/APC_2022_Prac/airsimversion/autoware.ai/install/pixel_cloud_fusion/share/pixel_cloud_fusion/launch/pixel_cloud_fusion.launch
[4.044s] Invoked command in '/home/yeap/APC_2022_Prac/airsimversion/autoware.ai/build/pixel_cloud_fusion' returned '0': CMAKE_PREFIX_PATH=/home/yeap/APC_2022_Prac/airsimversion/autoware.ai/install/autoware_build_flags:${CMAKE_PREFIX_PATH} PKG_CONFIG_PATH=/home/yeap/APC_2022_Prac/airsimversion/autoware.ai/install/autoware_build_flags/lib/x86_64-linux-gnu/pkgconfig:/home/yeap/APC_2022_Prac/airsimversion/autoware.ai/install/autoware_build_flags/lib/pkgconfig:${PKG_CONFIG_PATH} ROS_PACKAGE_PATH=/home/yeap/APC_2022_Prac/airsimversion/autoware.ai/install/autoware_build_flags/share:${ROS_PACKAGE_PATH} /usr/bin/cmake --build /home/yeap/APC_2022_Prac/airsimversion/autoware.ai/build/pixel_cloud_fusion --target install -- -j6 -l6
