[0.071s] Invoking command in '/home/yeap/APC_2022_Prac/airsimversion/autoware.ai/build/imm_ukf_pda_track': CMAKE_PREFIX_PATH=/home/yeap/APC_2022_Prac/airsimversion/autoware.ai/install/lanelet2_extension:/home/yeap/APC_2022_Prac/airsimversion/autoware.ai/install/lanelet2_validation:/home/yeap/APC_2022_Prac/airsimversion/autoware.ai/install/lanelet2_routing:/home/yeap/APC_2022_Prac/airsimversion/autoware.ai/install/lanelet2_projection:/home/yeap/APC_2022_Prac/airsimversion/autoware.ai/install/lanelet2_traffic_rules:/home/yeap/APC_2022_Prac/airsimversion/autoware.ai/install/lanelet2_maps:/home/yeap/APC_2022_Prac/airsimversion/autoware.ai/install/lanelet2_io:/home/yeap/APC_2022_Prac/airsimversion/autoware.ai/install/vector_map:/home/yeap/APC_2022_Prac/airsimversion/autoware.ai/install/lanelet2_core:/home/yeap/APC_2022_Prac/airsimversion/autoware.ai/install/amathutils_lib:/home/yeap/APC_2022_Prac/airsimversion/autoware.ai/install/vector_map_msgs:/home/yeap/APC_2022_Prac/airsimversion/autoware.ai/install/autoware_msgs:/home/yeap/APC_2022_Prac/airsimversion/autoware.ai/install/autoware_lanelet2_msgs:/home/yeap/APC_2022_Prac/airsimversion/autoware.ai/install/autoware_build_flags:${CMAKE_PREFIX_PATH} LD_LIBRARY_PATH=/home/yeap/APC_2022_Prac/airsimversion/autoware.ai/install/lanelet2_extension/lib:/home/yeap/APC_2022_Prac/airsimversion/autoware.ai/install/lanelet2_validation/lib:/home/yeap/APC_2022_Prac/airsimversion/autoware.ai/install/lanelet2_routing/lib:/home/yeap/APC_2022_Prac/airsimversion/autoware.ai/install/lanelet2_projection/lib:/home/yeap/APC_2022_Prac/airsimversion/autoware.ai/install/lanelet2_traffic_rules/lib:/home/yeap/APC_2022_Prac/airsimversion/autoware.ai/install/lanelet2_io/lib:/home/yeap/APC_2022_Prac/airsimversion/autoware.ai/install/vector_map/lib:/home/yeap/APC_2022_Prac/airsimversion/autoware.ai/install/lanelet2_core/lib:/home/yeap/APC_2022_Prac/airsimversion/autoware.ai/install/amathutils_lib/lib:${LD_LIBRARY_PATH} PKG_CONFIG_PATH=/home/yeap/APC_2022_Prac/airsimversion/autoware.ai/install/lanelet2_extension/lib/x86_64-linux-gnu/pkgconfig:/home/yeap/APC_2022_Prac/airsimversion/autoware.ai/install/lanelet2_extension/lib/pkgconfig:/home/yeap/APC_2022_Prac/airsimversion/autoware.ai/install/lanelet2_validation/lib/x86_64-linux-gnu/pkgconfig:/home/yeap/APC_2022_Prac/airsimversion/autoware.ai/install/lanelet2_validation/lib/pkgconfig:/home/yeap/APC_2022_Prac/airsimversion/autoware.ai/install/lanelet2_routing/lib/x86_64-linux-gnu/pkgconfig:/home/yeap/APC_2022_Prac/airsimversion/autoware.ai/install/lanelet2_routing/lib/pkgconfig:/home/yeap/APC_2022_Prac/airsimversion/autoware.ai/install/lanelet2_projection/lib/x86_64-linux-gnu/pkgconfig:/home/yeap/APC_2022_Prac/airsimversion/autoware.ai/install/lanelet2_projection/lib/pkgconfig:/home/yeap/APC_2022_Prac/airsimversion/autoware.ai/install/lanelet2_traffic_rules/lib/x86_64-linux-gnu/pkgconfig:/home/yeap/APC_2022_Prac/airsimversion/autoware.ai/install/lanelet2_traffic_rules/lib/pkgconfig:/home/yeap/APC_2022_Prac/airsimversion/autoware.ai/install/lanelet2_maps/lib/x86_64-linux-gnu/pkgconfig:/home/yeap/APC_2022_Prac/airsimversion/autoware.ai/install/lanelet2_maps/lib/pkgconfig:/home/yeap/APC_2022_Prac/airsimversion/autoware.ai/install/lanelet2_io/lib/x86_64-linux-gnu/pkgconfig:/home/yeap/APC_2022_Prac/airsimversion/autoware.ai/install/lanelet2_io/lib/pkgconfig:/home/yeap/APC_2022_Prac/airsimversion/autoware.ai/install/vector_map/lib/x86_64-linux-gnu/pkgconfig:/home/yeap/APC_2022_Prac/airsimversion/autoware.ai/install/vector_map/lib/pkgconfig:/home/yeap/APC_2022_Prac/airsimversion/autoware.ai/install/lanelet2_core/lib/x86_64-linux-gnu/pkgconfig:/home/yeap/APC_2022_Prac/airsimversion/autoware.ai/install/lanelet2_core/lib/pkgconfig:/home/yeap/APC_2022_Prac/airsimversion/autoware.ai/install/amathutils_lib/lib/x86_64-linux-gnu/pkgconfig:/home/yeap/APC_2022_Prac/airsimversion/autoware.ai/install/amathutils_lib/lib/pkgconfig:/home/yeap/APC_2022_Prac/airsimversion/autoware.ai/install/vector_map_msgs/lib/x86_64-linux-gnu/pkgconfig:/home/yeap/APC_2022_Prac/airsimversion/autoware.ai/install/vector_map_msgs/lib/pkgconfig:/home/yeap/APC_2022_Prac/airsimversion/autoware.ai/install/autoware_msgs/lib/x86_64-linux-gnu/pkgconfig:/home/yeap/APC_2022_Prac/airsimversion/autoware.ai/install/autoware_msgs/lib/pkgconfig:/home/yeap/APC_2022_Prac/airsimversion/autoware.ai/install/autoware_lanelet2_msgs/lib/x86_64-linux-gnu/pkgconfig:/home/yeap/APC_2022_Prac/airsimversion/autoware.ai/install/autoware_lanelet2_msgs/lib/pkgconfig:/home/yeap/APC_2022_Prac/airsimversion/autoware.ai/install/autoware_build_flags/lib/x86_64-linux-gnu/pkgconfig:/home/yeap/APC_2022_Prac/airsimversion/autoware.ai/install/autoware_build_flags/lib/pkgconfig:${PKG_CONFIG_PATH} PYTHONPATH=/home/yeap/APC_2022_Prac/airsimversion/autoware.ai/install/vector_map_msgs/lib/python2.7/dist-packages:/home/yeap/APC_2022_Prac/airsimversion/autoware.ai/install/autoware_msgs/lib/python2.7/dist-packages:/home/yeap/APC_2022_Prac/airsimversion/autoware.ai/install/autoware_lanelet2_msgs/lib/python2.7/dist-packages:${PYTHONPATH} ROS_PACKAGE_PATH=/home/yeap/APC_2022_Prac/airsimversion/autoware.ai/install/lanelet2_extension/share:/home/yeap/APC_2022_Prac/airsimversion/autoware.ai/install/lanelet2_validation/share:/home/yeap/APC_2022_Prac/airsimversion/autoware.ai/install/lanelet2_routing/share:/home/yeap/APC_2022_Prac/airsimversion/autoware.ai/install/lanelet2_projection/share:/home/yeap/APC_2022_Prac/airsimversion/autoware.ai/install/lanelet2_traffic_rules/share:/home/yeap/APC_2022_Prac/airsimversion/autoware.ai/install/lanelet2_maps/share:/home/yeap/APC_2022_Prac/airsimversion/autoware.ai/install/lanelet2_io/share:/home/yeap/APC_2022_Prac/airsimversion/autoware.ai/install/vector_map/share:/home/yeap/APC_2022_Prac/airsimversion/autoware.ai/install/lanelet2_core/share:/home/yeap/APC_2022_Prac/airsimversion/autoware.ai/install/amathutils_lib/share:/home/yeap/APC_2022_Prac/airsimversion/autoware.ai/install/vector_map_msgs/share:/home/yeap/APC_2022_Prac/airsimversion/autoware.ai/install/autoware_msgs/share:/home/yeap/APC_2022_Prac/airsimversion/autoware.ai/install/autoware_lanelet2_msgs/share:/home/yeap/APC_2022_Prac/airsimversion/autoware.ai/install/autoware_build_flags/share:${ROS_PACKAGE_PATH} /usr/bin/cmake /home/yeap/APC_2022_Prac/airsimversion/autoware.ai/src/autoware/core_perception/lidar_imm_ukf_pda_track -DCMAKE_BUILD_TYPE=Release -DCATKIN_INSTALL_INTO_PREFIX_ROOT=0 -DCMAKE_INSTALL_PREFIX=/home/yeap/APC_2022_Prac/airsimversion/autoware.ai/install/imm_ukf_pda_track
[0.152s] -- The C compiler identification is GNU 7.5.0
[0.219s] -- The CXX compiler identification is GNU 7.5.0
[0.225s] -- Check for working C compiler: /usr/bin/cc
[0.307s] -- Check for working C compiler: /usr/bin/cc -- works
[0.308s] -- Detecting C compiler ABI info
[0.388s] -- Detecting C compiler ABI info - done
[0.400s] -- Detecting C compile features
[0.660s] -- Detecting C compile features - done
[0.661s] -- Check for working CXX compiler: /usr/bin/c++
[0.765s] -- Check for working CXX compiler: /usr/bin/c++ -- works
[0.765s] -- Detecting CXX compiler ABI info
[0.854s] -- Detecting CXX compiler ABI info - done
[0.862s] -- Detecting CXX compile features
[1.291s] -- Detecting CXX compile features - done
[1.294s] -- CUDA compilation status: .
[1.297s] -- Using CATKIN_DEVEL_PREFIX: /home/yeap/APC_2022_Prac/airsimversion/autoware.ai/build/imm_ukf_pda_track/devel
[1.298s] -- Using CMAKE_PREFIX_PATH: /home/yeap/APC_2022_Prac/airsimversion/autoware.ai/install/lanelet2_extension;/home/yeap/APC_2022_Prac/airsimversion/autoware.ai/install/lanelet2_validation;/home/yeap/APC_2022_Prac/airsimversion/autoware.ai/install/lanelet2_routing;/home/yeap/APC_2022_Prac/airsimversion/autoware.ai/install/lanelet2_projection;/home/yeap/APC_2022_Prac/airsimversion/autoware.ai/install/lanelet2_traffic_rules;/home/yeap/APC_2022_Prac/airsimversion/autoware.ai/install/lanelet2_maps;/home/yeap/APC_2022_Prac/airsimversion/autoware.ai/install/lanelet2_io;/home/yeap/APC_2022_Prac/airsimversion/autoware.ai/install/vector_map;/home/yeap/APC_2022_Prac/airsimversion/autoware.ai/install/lanelet2_core;/home/yeap/APC_2022_Prac/airsimversion/autoware.ai/install/amathutils_lib;/home/yeap/APC_2022_Prac/airsimversion/autoware.ai/install/vector_map_msgs;/home/yeap/APC_2022_Prac/airsimversion/autoware.ai/install/autoware_msgs;/home/yeap/APC_2022_Prac/airsimversion/autoware.ai/install/autoware_lanelet2_msgs;/home/yeap/APC_2022_Prac/airsimversion/autoware.ai/install/autoware_build_flags;/opt/ros/melodic
[1.299s] -- This workspace overlays: /home/yeap/APC_2022_Prac/airsimversion/autoware.ai/install/lanelet2_extension;/home/yeap/APC_2022_Prac/airsimversion/autoware.ai/install/lanelet2_validation;/home/yeap/APC_2022_Prac/airsimversion/autoware.ai/install/lanelet2_routing;/home/yeap/APC_2022_Prac/airsimversion/autoware.ai/install/lanelet2_projection;/home/yeap/APC_2022_Prac/airsimversion/autoware.ai/install/lanelet2_traffic_rules;/home/yeap/APC_2022_Prac/airsimversion/autoware.ai/install/lanelet2_maps;/home/yeap/APC_2022_Prac/airsimversion/autoware.ai/install/lanelet2_io;/home/yeap/APC_2022_Prac/airsimversion/autoware.ai/install/vector_map;/home/yeap/APC_2022_Prac/airsimversion/autoware.ai/install/lanelet2_core;/home/yeap/APC_2022_Prac/airsimversion/autoware.ai/install/amathutils_lib;/home/yeap/APC_2022_Prac/airsimversion/autoware.ai/install/vector_map_msgs;/home/yeap/APC_2022_Prac/airsimversion/autoware.ai/install/autoware_msgs;/home/yeap/APC_2022_Prac/airsimversion/autoware.ai/install/autoware_lanelet2_msgs;/home/yeap/APC_2022_Prac/airsimversion/autoware.ai/install/autoware_build_flags;/opt/ros/melodic
[1.315s] -- Found PythonInterp: /usr/bin/python2 (found suitable version "2.7.17", minimum required is "2") 
[1.316s] -- Using PYTHON_EXECUTABLE: /usr/bin/python2
[1.316s] -- Using Debian Python package layout
[1.319s] -- Using empy: /usr/bin/empy
[1.489s] -- Using CATKIN_ENABLE_TESTING: ON
[1.489s] -- Call enable_testing()
[1.492s] -- Using CATKIN_TEST_RESULTS_DIR: /home/yeap/APC_2022_Prac/airsimversion/autoware.ai/build/imm_ukf_pda_track/test_results
[1.518s] -- Found gtest sources under '/usr/src/googletest': gtests will be built
[1.518s] -- Found gmock sources under '/usr/src/googletest': gmock will be built
[1.534s] -- Found PythonInterp: /usr/bin/python2 (found version "2.7.17") 
[1.535s] -- Looking for pthread.h
[1.621s] -- Looking for pthread.h - found
[1.622s] -- Looking for pthread_create
[1.720s] -- Looking for pthread_create - not found
[1.720s] -- Looking for pthread_create in pthreads
[1.795s] -- Looking for pthread_create in pthreads - not found
[1.795s] -- Looking for pthread_create in pthread
[1.884s] -- Looking for pthread_create in pthread - found
[1.886s] -- Found Threads: TRUE  
[1.890s] -- Using Python nosetests: /usr/bin/nosetests-2.7
[1.947s] -- catkin 0.7.29
[1.947s] -- BUILD_SHARED_LIBS is on
[2.150s] -- Using these message generators: gencpp;geneus;genlisp;gennodejs;genpy
[3.603s] -- Configuring done
[3.718s] -- Generating done
[3.734s] -- Build files have been written to: /home/yeap/APC_2022_Prac/airsimversion/autoware.ai/build/imm_ukf_pda_track
[3.744s] Invoked command in '/home/yeap/APC_2022_Prac/airsimversion/autoware.ai/build/imm_ukf_pda_track' returned '0': CMAKE_PREFIX_PATH=/home/yeap/APC_2022_Prac/airsimversion/autoware.ai/install/lanelet2_extension:/home/yeap/APC_2022_Prac/airsimversion/autoware.ai/install/lanelet2_validation:/home/yeap/APC_2022_Prac/airsimversion/autoware.ai/install/lanelet2_routing:/home/yeap/APC_2022_Prac/airsimversion/autoware.ai/install/lanelet2_projection:/home/yeap/APC_2022_Prac/airsimversion/autoware.ai/install/lanelet2_traffic_rules:/home/yeap/APC_2022_Prac/airsimversion/autoware.ai/install/lanelet2_maps:/home/yeap/APC_2022_Prac/airsimversion/autoware.ai/install/lanelet2_io:/home/yeap/APC_2022_Prac/airsimversion/autoware.ai/install/vector_map:/home/yeap/APC_2022_Prac/airsimversion/autoware.ai/install/lanelet2_core:/home/yeap/APC_2022_Prac/airsimversion/autoware.ai/install/amathutils_lib:/home/yeap/APC_2022_Prac/airsimversion/autoware.ai/install/vector_map_msgs:/home/yeap/APC_2022_Prac/airsimversion/autoware.ai/install/autoware_msgs:/home/yeap/APC_2022_Prac/airsimversion/autoware.ai/install/autoware_lanelet2_msgs:/home/yeap/APC_2022_Prac/airsimversion/autoware.ai/install/autoware_build_flags:${CMAKE_PREFIX_PATH} LD_LIBRARY_PATH=/home/yeap/APC_2022_Prac/airsimversion/autoware.ai/install/lanelet2_extension/lib:/home/yeap/APC_2022_Prac/airsimversion/autoware.ai/install/lanelet2_validation/lib:/home/yeap/APC_2022_Prac/airsimversion/autoware.ai/install/lanelet2_routing/lib:/home/yeap/APC_2022_Prac/airsimversion/autoware.ai/install/lanelet2_projection/lib:/home/yeap/APC_2022_Prac/airsimversion/autoware.ai/install/lanelet2_traffic_rules/lib:/home/yeap/APC_2022_Prac/airsimversion/autoware.ai/install/lanelet2_io/lib:/home/yeap/APC_2022_Prac/airsimversion/autoware.ai/install/vector_map/lib:/home/yeap/APC_2022_Prac/airsimversion/autoware.ai/install/lanelet2_core/lib:/home/yeap/APC_2022_Prac/airsimversion/autoware.ai/install/amathutils_lib/lib:${LD_LIBRARY_PATH} PKG_CONFIG_PATH=/home/yeap/APC_2022_Prac/airsimversion/autoware.ai/install/lanelet2_extension/lib/x86_64-linux-gnu/pkgconfig:/home/yeap/APC_2022_Prac/airsimversion/autoware.ai/install/lanelet2_extension/lib/pkgconfig:/home/yeap/APC_2022_Prac/airsimversion/autoware.ai/install/lanelet2_validation/lib/x86_64-linux-gnu/pkgconfig:/home/yeap/APC_2022_Prac/airsimversion/autoware.ai/install/lanelet2_validation/lib/pkgconfig:/home/yeap/APC_2022_Prac/airsimversion/autoware.ai/install/lanelet2_routing/lib/x86_64-linux-gnu/pkgconfig:/home/yeap/APC_2022_Prac/airsimversion/autoware.ai/install/lanelet2_routing/lib/pkgconfig:/home/yeap/APC_2022_Prac/airsimversion/autoware.ai/install/lanelet2_projection/lib/x86_64-linux-gnu/pkgconfig:/home/yeap/APC_2022_Prac/airsimversion/autoware.ai/install/lanelet2_projection/lib/pkgconfig:/home/yeap/APC_2022_Prac/airsimversion/autoware.ai/install/lanelet2_traffic_rules/lib/x86_64-linux-gnu/pkgconfig:/home/yeap/APC_2022_Prac/airsimversion/autoware.ai/install/lanelet2_traffic_rules/lib/pkgconfig:/home/yeap/APC_2022_Prac/airsimversion/autoware.ai/install/lanelet2_maps/lib/x86_64-linux-gnu/pkgconfig:/home/yeap/APC_2022_Prac/airsimversion/autoware.ai/install/lanelet2_maps/lib/pkgconfig:/home/yeap/APC_2022_Prac/airsimversion/autoware.ai/install/lanelet2_io/lib/x86_64-linux-gnu/pkgconfig:/home/yeap/APC_2022_Prac/airsimversion/autoware.ai/install/lanelet2_io/lib/pkgconfig:/home/yeap/APC_2022_Prac/airsimversion/autoware.ai/install/vector_map/lib/x86_64-linux-gnu/pkgconfig:/home/yeap/APC_2022_Prac/airsimversion/autoware.ai/install/vector_map/lib/pkgconfig:/home/yeap/APC_2022_Prac/airsimversion/autoware.ai/install/lanelet2_core/lib/x86_64-linux-gnu/pkgconfig:/home/yeap/APC_2022_Prac/airsimversion/autoware.ai/install/lanelet2_core/lib/pkgconfig:/home/yeap/APC_2022_Prac/airsimversion/autoware.ai/install/amathutils_lib/lib/x86_64-linux-gnu/pkgconfig:/home/yeap/APC_2022_Prac/airsimversion/autoware.ai/install/amathutils_lib/lib/pkgconfig:/home/yeap/APC_2022_Prac/airsimversion/autoware.ai/install/vector_map_msgs/lib/x86_64-linux-gnu/pkgconfig:/home/yeap/APC_2022_Prac/airsimversion/autoware.ai/install/vector_map_msgs/lib/pkgconfig:/home/yeap/APC_2022_Prac/airsimversion/autoware.ai/install/autoware_msgs/lib/x86_64-linux-gnu/pkgconfig:/home/yeap/APC_2022_Prac/airsimversion/autoware.ai/install/autoware_msgs/lib/pkgconfig:/home/yeap/APC_2022_Prac/airsimversion/autoware.ai/install/autoware_lanelet2_msgs/lib/x86_64-linux-gnu/pkgconfig:/home/yeap/APC_2022_Prac/airsimversion/autoware.ai/install/autoware_lanelet2_msgs/lib/pkgconfig:/home/yeap/APC_2022_Prac/airsimversion/autoware.ai/install/autoware_build_flags/lib/x86_64-linux-gnu/pkgconfig:/home/yeap/APC_2022_Prac/airsimversion/autoware.ai/install/autoware_build_flags/lib/pkgconfig:${PKG_CONFIG_PATH} PYTHONPATH=/home/yeap/APC_2022_Prac/airsimversion/autoware.ai/install/vector_map_msgs/lib/python2.7/dist-packages:/home/yeap/APC_2022_Prac/airsimversion/autoware.ai/install/autoware_msgs/lib/python2.7/dist-packages:/home/yeap/APC_2022_Prac/airsimversion/autoware.ai/install/autoware_lanelet2_msgs/lib/python2.7/dist-packages:${PYTHONPATH} ROS_PACKAGE_PATH=/home/yeap/APC_2022_Prac/airsimversion/autoware.ai/install/lanelet2_extension/share:/home/yeap/APC_2022_Prac/airsimversion/autoware.ai/install/lanelet2_validation/share:/home/yeap/APC_2022_Prac/airsimversion/autoware.ai/install/lanelet2_routing/share:/home/yeap/APC_2022_Prac/airsimversion/autoware.ai/install/lanelet2_projection/share:/home/yeap/APC_2022_Prac/airsimversion/autoware.ai/install/lanelet2_traffic_rules/share:/home/yeap/APC_2022_Prac/airsimversion/autoware.ai/install/lanelet2_maps/share:/home/yeap/APC_2022_Prac/airsimversion/autoware.ai/install/lanelet2_io/share:/home/yeap/APC_2022_Prac/airsimversion/autoware.ai/install/vector_map/share:/home/yeap/APC_2022_Prac/airsimversion/autoware.ai/install/lanelet2_core/share:/home/yeap/APC_2022_Prac/airsimversion/autoware.ai/install/amathutils_lib/share:/home/yeap/APC_2022_Prac/airsimversion/autoware.ai/install/vector_map_msgs/share:/home/yeap/APC_2022_Prac/airsimversion/autoware.ai/install/autoware_msgs/share:/home/yeap/APC_2022_Prac/airsimversion/autoware.ai/install/autoware_lanelet2_msgs/share:/home/yeap/APC_2022_Prac/airsimversion/autoware.ai/install/autoware_build_flags/share:${ROS_PACKAGE_PATH} /usr/bin/cmake /home/yeap/APC_2022_Prac/airsimversion/autoware.ai/src/autoware/core_perception/lidar_imm_ukf_pda_track -DCMAKE_BUILD_TYPE=Release -DCATKIN_INSTALL_INTO_PREFIX_ROOT=0 -DCMAKE_INSTALL_PREFIX=/home/yeap/APC_2022_Prac/airsimversion/autoware.ai/install/imm_ukf_pda_track
[3.748s] Invoking command in '/home/yeap/APC_2022_Prac/airsimversion/autoware.ai/build/imm_ukf_pda_track': CMAKE_PREFIX_PATH=/home/yeap/APC_2022_Prac/airsimversion/autoware.ai/install/lanelet2_extension:/home/yeap/APC_2022_Prac/airsimversion/autoware.ai/install/lanelet2_validation:/home/yeap/APC_2022_Prac/airsimversion/autoware.ai/install/lanelet2_routing:/home/yeap/APC_2022_Prac/airsimversion/autoware.ai/install/lanelet2_projection:/home/yeap/APC_2022_Prac/airsimversion/autoware.ai/install/lanelet2_traffic_rules:/home/yeap/APC_2022_Prac/airsimversion/autoware.ai/install/lanelet2_maps:/home/yeap/APC_2022_Prac/airsimversion/autoware.ai/install/lanelet2_io:/home/yeap/APC_2022_Prac/airsimversion/autoware.ai/install/vector_map:/home/yeap/APC_2022_Prac/airsimversion/autoware.ai/install/lanelet2_core:/home/yeap/APC_2022_Prac/airsimversion/autoware.ai/install/amathutils_lib:/home/yeap/APC_2022_Prac/airsimversion/autoware.ai/install/vector_map_msgs:/home/yeap/APC_2022_Prac/airsimversion/autoware.ai/install/autoware_msgs:/home/yeap/APC_2022_Prac/airsimversion/autoware.ai/install/autoware_lanelet2_msgs:/home/yeap/APC_2022_Prac/airsimversion/autoware.ai/install/autoware_build_flags:${CMAKE_PREFIX_PATH} LD_LIBRARY_PATH=/home/yeap/APC_2022_Prac/airsimversion/autoware.ai/install/lanelet2_extension/lib:/home/yeap/APC_2022_Prac/airsimversion/autoware.ai/install/lanelet2_validation/lib:/home/yeap/APC_2022_Prac/airsimversion/autoware.ai/install/lanelet2_routing/lib:/home/yeap/APC_2022_Prac/airsimversion/autoware.ai/install/lanelet2_projection/lib:/home/yeap/APC_2022_Prac/airsimversion/autoware.ai/install/lanelet2_traffic_rules/lib:/home/yeap/APC_2022_Prac/airsimversion/autoware.ai/install/lanelet2_io/lib:/home/yeap/APC_2022_Prac/airsimversion/autoware.ai/install/vector_map/lib:/home/yeap/APC_2022_Prac/airsimversion/autoware.ai/install/lanelet2_core/lib:/home/yeap/APC_2022_Prac/airsimversion/autoware.ai/install/amathutils_lib/lib:${LD_LIBRARY_PATH} PKG_CONFIG_PATH=/home/yeap/APC_2022_Prac/airsimversion/autoware.ai/install/lanelet2_extension/lib/x86_64-linux-gnu/pkgconfig:/home/yeap/APC_2022_Prac/airsimversion/autoware.ai/install/lanelet2_extension/lib/pkgconfig:/home/yeap/APC_2022_Prac/airsimversion/autoware.ai/install/lanelet2_validation/lib/x86_64-linux-gnu/pkgconfig:/home/yeap/APC_2022_Prac/airsimversion/autoware.ai/install/lanelet2_validation/lib/pkgconfig:/home/yeap/APC_2022_Prac/airsimversion/autoware.ai/install/lanelet2_routing/lib/x86_64-linux-gnu/pkgconfig:/home/yeap/APC_2022_Prac/airsimversion/autoware.ai/install/lanelet2_routing/lib/pkgconfig:/home/yeap/APC_2022_Prac/airsimversion/autoware.ai/install/lanelet2_projection/lib/x86_64-linux-gnu/pkgconfig:/home/yeap/APC_2022_Prac/airsimversion/autoware.ai/install/lanelet2_projection/lib/pkgconfig:/home/yeap/APC_2022_Prac/airsimversion/autoware.ai/install/lanelet2_traffic_rules/lib/x86_64-linux-gnu/pkgconfig:/home/yeap/APC_2022_Prac/airsimversion/autoware.ai/install/lanelet2_traffic_rules/lib/pkgconfig:/home/yeap/APC_2022_Prac/airsimversion/autoware.ai/install/lanelet2_maps/lib/x86_64-linux-gnu/pkgconfig:/home/yeap/APC_2022_Prac/airsimversion/autoware.ai/install/lanelet2_maps/lib/pkgconfig:/home/yeap/APC_2022_Prac/airsimversion/autoware.ai/install/lanelet2_io/lib/x86_64-linux-gnu/pkgconfig:/home/yeap/APC_2022_Prac/airsimversion/autoware.ai/install/lanelet2_io/lib/pkgconfig:/home/yeap/APC_2022_Prac/airsimversion/autoware.ai/install/vector_map/lib/x86_64-linux-gnu/pkgconfig:/home/yeap/APC_2022_Prac/airsimversion/autoware.ai/install/vector_map/lib/pkgconfig:/home/yeap/APC_2022_Prac/airsimversion/autoware.ai/install/lanelet2_core/lib/x86_64-linux-gnu/pkgconfig:/home/yeap/APC_2022_Prac/airsimversion/autoware.ai/install/lanelet2_core/lib/pkgconfig:/home/yeap/APC_2022_Prac/airsimversion/autoware.ai/install/amathutils_lib/lib/x86_64-linux-gnu/pkgconfig:/home/yeap/APC_2022_Prac/airsimversion/autoware.ai/install/amathutils_lib/lib/pkgconfig:/home/yeap/APC_2022_Prac/airsimversion/autoware.ai/install/vector_map_msgs/lib/x86_64-linux-gnu/pkgconfig:/home/yeap/APC_2022_Prac/airsimversion/autoware.ai/install/vector_map_msgs/lib/pkgconfig:/home/yeap/APC_2022_Prac/airsimversion/autoware.ai/install/autoware_msgs/lib/x86_64-linux-gnu/pkgconfig:/home/yeap/APC_2022_Prac/airsimversion/autoware.ai/install/autoware_msgs/lib/pkgconfig:/home/yeap/APC_2022_Prac/airsimversion/autoware.ai/install/autoware_lanelet2_msgs/lib/x86_64-linux-gnu/pkgconfig:/home/yeap/APC_2022_Prac/airsimversion/autoware.ai/install/autoware_lanelet2_msgs/lib/pkgconfig:/home/yeap/APC_2022_Prac/airsimversion/autoware.ai/install/autoware_build_flags/lib/x86_64-linux-gnu/pkgconfig:/home/yeap/APC_2022_Prac/airsimversion/autoware.ai/install/autoware_build_flags/lib/pkgconfig:${PKG_CONFIG_PATH} PYTHONPATH=/home/yeap/APC_2022_Prac/airsimversion/autoware.ai/install/vector_map_msgs/lib/python2.7/dist-packages:/home/yeap/APC_2022_Prac/airsimversion/autoware.ai/install/autoware_msgs/lib/python2.7/dist-packages:/home/yeap/APC_2022_Prac/airsimversion/autoware.ai/install/autoware_lanelet2_msgs/lib/python2.7/dist-packages:${PYTHONPATH} ROS_PACKAGE_PATH=/home/yeap/APC_2022_Prac/airsimversion/autoware.ai/install/lanelet2_extension/share:/home/yeap/APC_2022_Prac/airsimversion/autoware.ai/install/lanelet2_validation/share:/home/yeap/APC_2022_Prac/airsimversion/autoware.ai/install/lanelet2_routing/share:/home/yeap/APC_2022_Prac/airsimversion/autoware.ai/install/lanelet2_projection/share:/home/yeap/APC_2022_Prac/airsimversion/autoware.ai/install/lanelet2_traffic_rules/share:/home/yeap/APC_2022_Prac/airsimversion/autoware.ai/install/lanelet2_maps/share:/home/yeap/APC_2022_Prac/airsimversion/autoware.ai/install/lanelet2_io/share:/home/yeap/APC_2022_Prac/airsimversion/autoware.ai/install/vector_map/share:/home/yeap/APC_2022_Prac/airsimversion/autoware.ai/install/lanelet2_core/share:/home/yeap/APC_2022_Prac/airsimversion/autoware.ai/install/amathutils_lib/share:/home/yeap/APC_2022_Prac/airsimversion/autoware.ai/install/vector_map_msgs/share:/home/yeap/APC_2022_Prac/airsimversion/autoware.ai/install/autoware_msgs/share:/home/yeap/APC_2022_Prac/airsimversion/autoware.ai/install/autoware_lanelet2_msgs/share:/home/yeap/APC_2022_Prac/airsimversion/autoware.ai/install/autoware_build_flags/share:${ROS_PACKAGE_PATH} /usr/bin/cmake --build /home/yeap/APC_2022_Prac/airsimversion/autoware.ai/build/imm_ukf_pda_track -- -j6 -l6
[3.822s] [35m[1mScanning dependencies of target visualization_msgs_generate_messages_cpp[0m
[3.846s] [  0%] Built target visualization_msgs_generate_messages_cpp
[3.867s] [35m[1mScanning dependencies of target topic_tools_generate_messages_nodejs[0m
[3.884s] [  0%] Built target topic_tools_generate_messages_nodejs
[3.901s] [35m[1mScanning dependencies of target topic_tools_generate_messages_eus[0m
[3.924s] [  0%] Built target topic_tools_generate_messages_eus
[3.943s] [35m[1mScanning dependencies of target topic_tools_generate_messages_cpp[0m
[3.958s] [  0%] Built target topic_tools_generate_messages_cpp
[3.971s] [35m[1mScanning dependencies of target std_srvs_generate_messages_py[0m
[3.987s] [  0%] Built target std_srvs_generate_messages_py
[4.002s] [35m[1mScanning dependencies of target std_srvs_generate_messages_nodejs[0m
[4.024s] [  0%] Built target std_srvs_generate_messages_nodejs
[4.048s] [35m[1mScanning dependencies of target vector_map_msgs_generate_messages_nodejs[0m
[4.090s] [  0%] Built target vector_map_msgs_generate_messages_nodejs
[4.131s] [35m[1mScanning dependencies of target bond_generate_messages_py[0m
[4.151s] [  0%] Built target bond_generate_messages_py
[4.173s] [35m[1mScanning dependencies of target bond_generate_messages_nodejs[0m
[4.190s] [  0%] Built target bond_generate_messages_nodejs
[4.203s] [35m[1mScanning dependencies of target bond_generate_messages_lisp[0m
[4.216s] [  0%] Built target bond_generate_messages_lisp
[4.229s] [35m[1mScanning dependencies of target bond_generate_messages_eus[0m
[4.242s] [  0%] Built target bond_generate_messages_eus
[4.260s] [35m[1mScanning dependencies of target bond_generate_messages_cpp[0m
[4.273s] [  0%] Built target bond_generate_messages_cpp
[4.287s] [35m[1mScanning dependencies of target nodelet_generate_messages_nodejs[0m
[4.301s] [  0%] Built target nodelet_generate_messages_nodejs
[4.314s] [35m[1mScanning dependencies of target nodelet_generate_messages_eus[0m
[4.327s] [  0%] Built target nodelet_generate_messages_eus
[4.341s] [35m[1mScanning dependencies of target nodelet_generate_messages_cpp[0m
[4.354s] [  0%] Built target nodelet_generate_messages_cpp
[4.365s] [35m[1mScanning dependencies of target dynamic_reconfigure_generate_messages_py[0m
[4.381s] [  0%] Built target dynamic_reconfigure_generate_messages_py
[4.397s] [35m[1mScanning dependencies of target dynamic_reconfigure_generate_messages_nodejs[0m
[4.409s] [  0%] Built target dynamic_reconfigure_generate_messages_nodejs
[4.421s] [35m[1mScanning dependencies of target dynamic_reconfigure_generate_messages_lisp[0m
[4.434s] [  0%] Built target dynamic_reconfigure_generate_messages_lisp
[4.445s] [35m[1mScanning dependencies of target dynamic_reconfigure_generate_messages_eus[0m
[4.458s] [  0%] Built target dynamic_reconfigure_generate_messages_eus
[4.474s] [35m[1mScanning dependencies of target pcl_ros_gencfg[0m
[4.487s] [  0%] Built target pcl_ros_gencfg
[4.501s] [35m[1mScanning dependencies of target visualization_msgs_generate_messages_py[0m
[4.515s] [  0%] Built target visualization_msgs_generate_messages_py
[4.529s] [35m[1mScanning dependencies of target visualization_msgs_generate_messages_nodejs[0m
[4.543s] [  0%] Built target visualization_msgs_generate_messages_nodejs
[4.557s] [35m[1mScanning dependencies of target geometry_msgs_generate_messages_py[0m
[4.571s] [  0%] Built target geometry_msgs_generate_messages_py
[4.585s] [35m[1mScanning dependencies of target sensor_msgs_generate_messages_nodejs[0m
[4.599s] [  0%] Built target sensor_msgs_generate_messages_nodejs
[4.623s] [35m[1mScanning dependencies of target roscpp_generate_messages_cpp[0m
[4.640s] [  0%] Built target roscpp_generate_messages_cpp
[4.653s] [35m[1mScanning dependencies of target actionlib_generate_messages_cpp[0m
[4.668s] [  0%] Built target actionlib_generate_messages_cpp
[4.681s] [35m[1mScanning dependencies of target pcl_msgs_generate_messages_eus[0m
[4.695s] [  0%] Built target pcl_msgs_generate_messages_eus
[4.711s] [35m[1mScanning dependencies of target rosgraph_msgs_generate_messages_eus[0m
[4.725s] [  0%] Built target rosgraph_msgs_generate_messages_eus
[4.739s] [35m[1mScanning dependencies of target jsk_recognition_msgs_generate_messages_lisp[0m
[4.758s] [  0%] Built target jsk_recognition_msgs_generate_messages_lisp
[4.772s] [35m[1mScanning dependencies of target jsk_recognition_msgs_generate_messages_eus[0m
[4.787s] [  0%] Built target jsk_recognition_msgs_generate_messages_eus
[4.806s] [35m[1mScanning dependencies of target tf2_msgs_generate_messages_cpp[0m
[4.828s] [  0%] Built target tf2_msgs_generate_messages_cpp
[4.851s] [35m[1mScanning dependencies of target std_msgs_generate_messages_py[0m
[4.884s] [  0%] Built target std_msgs_generate_messages_py
[4.903s] [35m[1mScanning dependencies of target nodelet_generate_messages_lisp[0m
[4.928s] [  0%] Built target nodelet_generate_messages_lisp
[4.948s] [35m[1mScanning dependencies of target autoware_msgs_generate_messages_py[0m
[4.972s] [  0%] Built target autoware_msgs_generate_messages_py
[4.986s] [35m[1mScanning dependencies of target std_msgs_generate_messages_nodejs[0m
[5.003s] [  0%] Built target std_msgs_generate_messages_nodejs
[5.018s] [35m[1mScanning dependencies of target sensor_msgs_generate_messages_eus[0m
[5.032s] [  0%] Built target sensor_msgs_generate_messages_eus
[5.048s] [35m[1mScanning dependencies of target std_srvs_generate_messages_lisp[0m
[5.075s] [  0%] Built target std_srvs_generate_messages_lisp
[5.090s] [35m[1mScanning dependencies of target _catkin_empty_exported_target[0m
[5.104s] [  0%] Built target _catkin_empty_exported_target
[5.117s] [35m[1mScanning dependencies of target sensor_msgs_generate_messages_cpp[0m
[5.142s] [  0%] Built target sensor_msgs_generate_messages_cpp
[5.160s] [35m[1mScanning dependencies of target autoware_msgs_generate_messages_cpp[0m
[5.178s] [  0%] Built target autoware_msgs_generate_messages_cpp
[5.190s] [35m[1mScanning dependencies of target rosgraph_msgs_generate_messages_cpp[0m
[5.203s] [  0%] Built target rosgraph_msgs_generate_messages_cpp
[5.216s] [35m[1mScanning dependencies of target pcl_msgs_generate_messages_nodejs[0m
[5.241s] [  0%] Built target pcl_msgs_generate_messages_nodejs
[5.254s] [35m[1mScanning dependencies of target jsk_recognition_msgs_generate_messages_py[0m
[5.274s] [  0%] Built target jsk_recognition_msgs_generate_messages_py
[5.287s] [35m[1mScanning dependencies of target std_srvs_generate_messages_cpp[0m
[5.310s] [  0%] Built target std_srvs_generate_messages_cpp
[5.334s] [35m[1mScanning dependencies of target sensor_msgs_generate_messages_lisp[0m
[5.361s] [  0%] Built target sensor_msgs_generate_messages_lisp
[5.376s] [35m[1mScanning dependencies of target nodelet_generate_messages_py[0m
[5.392s] [  0%] Built target nodelet_generate_messages_py
[5.406s] [35m[1mScanning dependencies of target sensor_msgs_generate_messages_py[0m
[5.419s] [  0%] Built target sensor_msgs_generate_messages_py
[5.431s] [35m[1mScanning dependencies of target dynamic_reconfigure_generate_messages_cpp[0m
[5.445s] [  0%] Built target dynamic_reconfigure_generate_messages_cpp
[5.457s] [35m[1mScanning dependencies of target tf_generate_messages_py[0m
[5.470s] [  0%] Built target tf_generate_messages_py
[5.483s] [35m[1mScanning dependencies of target std_msgs_generate_messages_cpp[0m
[5.496s] [  0%] Built target std_msgs_generate_messages_cpp
[5.509s] [35m[1mScanning dependencies of target jsk_footstep_msgs_generate_messages_py[0m
[5.524s] [  0%] Built target jsk_footstep_msgs_generate_messages_py
[5.537s] [35m[1mScanning dependencies of target topic_tools_generate_messages_py[0m
[5.550s] [  0%] Built target topic_tools_generate_messages_py
[5.563s] [35m[1mScanning dependencies of target nodelet_topic_tools_gencfg[0m
[5.585s] [  0%] Built target nodelet_topic_tools_gencfg
[5.598s] [35m[1mScanning dependencies of target actionlib_msgs_generate_messages_nodejs[0m
[5.610s] [  0%] Built target actionlib_msgs_generate_messages_nodejs
[5.622s] [35m[1mScanning dependencies of target geometry_msgs_generate_messages_eus[0m
[5.636s] [  0%] Built target geometry_msgs_generate_messages_eus
[5.649s] [35m[1mScanning dependencies of target std_msgs_generate_messages_lisp[0m
[5.664s] [  0%] Built target std_msgs_generate_messages_lisp
[5.677s] [35m[1mScanning dependencies of target roscpp_generate_messages_nodejs[0m
[5.692s] [  0%] Built target roscpp_generate_messages_nodejs
[5.706s] [35m[1mScanning dependencies of target geometry_msgs_generate_messages_nodejs[0m
[5.720s] [  0%] Built target geometry_msgs_generate_messages_nodejs
[5.733s] [35m[1mScanning dependencies of target geometry_msgs_generate_messages_lisp[0m
[5.746s] [  0%] Built target geometry_msgs_generate_messages_lisp
[5.759s] [35m[1mScanning dependencies of target pcl_msgs_generate_messages_cpp[0m
[5.772s] [  0%] Built target pcl_msgs_generate_messages_cpp
[5.785s] [35m[1mScanning dependencies of target topic_tools_generate_messages_lisp[0m
[5.798s] [  0%] Built target topic_tools_generate_messages_lisp
[5.810s] [35m[1mScanning dependencies of target jsk_recognition_msgs_generate_messages_cpp[0m
[5.823s] [  0%] Built target jsk_recognition_msgs_generate_messages_cpp
[5.837s] [35m[1mScanning dependencies of target autoware_msgs_generate_messages_eus[0m
[5.850s] [  0%] Built target autoware_msgs_generate_messages_eus
[5.865s] [35m[1mScanning dependencies of target autoware_msgs_generate_messages_lisp[0m
[5.877s] [  0%] Built target autoware_msgs_generate_messages_lisp
[5.889s] [35m[1mScanning dependencies of target visualization_msgs_generate_messages_lisp[0m
[5.903s] [  0%] Built target visualization_msgs_generate_messages_lisp
[5.915s] [35m[1mScanning dependencies of target std_msgs_generate_messages_eus[0m
[5.929s] [  0%] Built target std_msgs_generate_messages_eus
[5.941s] [35m[1mScanning dependencies of target autoware_msgs_generate_messages_nodejs[0m
[5.953s] [  0%] Built target autoware_msgs_generate_messages_nodejs
[5.966s] [35m[1mScanning dependencies of target jsk_footstep_msgs_generate_messages_eus[0m
[5.989s] [  0%] Built target jsk_footstep_msgs_generate_messages_eus
[6.001s] [35m[1mScanning dependencies of target actionlib_msgs_generate_messages_py[0m
[6.014s] [  0%] Built target actionlib_msgs_generate_messages_py
[6.026s] [35m[1mScanning dependencies of target jsk_footstep_msgs_generate_messages_lisp[0m
[6.039s] [  0%] Built target jsk_footstep_msgs_generate_messages_lisp
[6.052s] [35m[1mScanning dependencies of target jsk_footstep_msgs_generate_messages_nodejs[0m
[6.065s] [  0%] Built target jsk_footstep_msgs_generate_messages_nodejs
[6.078s] [35m[1mScanning dependencies of target actionlib_msgs_generate_messages_lisp[0m
[6.089s] [  0%] Built target actionlib_msgs_generate_messages_lisp
[6.101s] [35m[1mScanning dependencies of target jsk_footstep_msgs_generate_messages_cpp[0m
[6.124s] [  0%] Built target jsk_footstep_msgs_generate_messages_cpp
[6.138s] [35m[1mScanning dependencies of target actionlib_msgs_generate_messages_cpp[0m
[6.152s] [  0%] Built target actionlib_msgs_generate_messages_cpp
[6.165s] [35m[1mScanning dependencies of target tf_generate_messages_eus[0m
[6.178s] [  0%] Built target tf_generate_messages_eus
[6.191s] [35m[1mScanning dependencies of target tf_generate_messages_lisp[0m
[6.206s] [  0%] Built target tf_generate_messages_lisp
[6.222s] [35m[1mScanning dependencies of target tf_generate_messages_nodejs[0m
[6.235s] [  0%] Built target tf_generate_messages_nodejs
[6.248s] [35m[1mScanning dependencies of target autoware_lanelet2_msgs_generate_messages_cpp[0m
[6.262s] [  0%] Built target autoware_lanelet2_msgs_generate_messages_cpp
[6.277s] [35m[1mScanning dependencies of target std_srvs_generate_messages_eus[0m
[6.294s] [  0%] Built target std_srvs_generate_messages_eus
[6.307s] [35m[1mScanning dependencies of target jsk_recognition_msgs_generate_messages_nodejs[0m
[6.319s] [  0%] Built target jsk_recognition_msgs_generate_messages_nodejs
[6.332s] [35m[1mScanning dependencies of target autoware_lanelet2_msgs_generate_messages_py[0m
[6.345s] [  0%] Built target autoware_lanelet2_msgs_generate_messages_py
[6.357s] [35m[1mScanning dependencies of target roscpp_generate_messages_lisp[0m
[6.369s] [  0%] Built target roscpp_generate_messages_lisp
[6.380s] [35m[1mScanning dependencies of target rosgraph_msgs_generate_messages_lisp[0m
[6.392s] [  0%] Built target rosgraph_msgs_generate_messages_lisp
[6.404s] [35m[1mScanning dependencies of target rosgraph_msgs_generate_messages_nodejs[0m
[6.426s] [  0%] Built target rosgraph_msgs_generate_messages_nodejs
[6.439s] [35m[1mScanning dependencies of target roscpp_generate_messages_eus[0m
[6.452s] [  0%] Built target roscpp_generate_messages_eus
[6.466s] [35m[1mScanning dependencies of target actionlib_msgs_generate_messages_eus[0m
[6.481s] [  0%] Built target actionlib_msgs_generate_messages_eus
[6.508s] [35m[1mScanning dependencies of target rosgraph_msgs_generate_messages_py[0m
[6.523s] [  0%] Built target rosgraph_msgs_generate_messages_py
[6.539s] [35m[1mScanning dependencies of target pcl_msgs_generate_messages_py[0m
[6.566s] [  0%] Built target pcl_msgs_generate_messages_py
[6.591s] [35m[1mScanning dependencies of target actionlib_generate_messages_eus[0m
[6.612s] [  0%] Built target actionlib_generate_messages_eus
[6.635s] [35m[1mScanning dependencies of target geometry_msgs_generate_messages_cpp[0m
[6.651s] [  0%] Built target geometry_msgs_generate_messages_cpp
[6.664s] [35m[1mScanning dependencies of target actionlib_generate_messages_lisp[0m
[6.679s] [  0%] Built target actionlib_generate_messages_lisp
[6.691s] [35m[1mScanning dependencies of target pcl_msgs_generate_messages_lisp[0m
[6.704s] [  0%] Built target pcl_msgs_generate_messages_lisp
[6.718s] [35m[1mScanning dependencies of target tf_generate_messages_cpp[0m
[6.731s] [  0%] Built target tf_generate_messages_cpp
[6.745s] [35m[1mScanning dependencies of target actionlib_generate_messages_nodejs[0m
[6.758s] [  0%] Built target actionlib_generate_messages_nodejs
[6.771s] [35m[1mScanning dependencies of target dynamic_reconfigure_gencfg[0m
[6.784s] [  0%] Built target dynamic_reconfigure_gencfg
[6.797s] [35m[1mScanning dependencies of target tf2_msgs_generate_messages_lisp[0m
[6.809s] [  0%] Built target tf2_msgs_generate_messages_lisp
[6.823s] [35m[1mScanning dependencies of target actionlib_generate_messages_py[0m
[6.835s] [  0%] Built target actionlib_generate_messages_py
[6.850s] [35m[1mScanning dependencies of target tf2_msgs_generate_messages_py[0m
[6.863s] [  0%] Built target tf2_msgs_generate_messages_py
[6.876s] [35m[1mScanning dependencies of target autoware_lanelet2_msgs_generate_messages_eus[0m
[6.888s] [  0%] Built target autoware_lanelet2_msgs_generate_messages_eus
[6.902s] [35m[1mScanning dependencies of target tf2_msgs_generate_messages_nodejs[0m
[6.915s] [  0%] Built target tf2_msgs_generate_messages_nodejs
[6.928s] [35m[1mScanning dependencies of target autoware_lanelet2_msgs_generate_messages_lisp[0m
[6.941s] [  0%] Built target autoware_lanelet2_msgs_generate_messages_lisp
[6.953s] [35m[1mScanning dependencies of target roscpp_generate_messages_py[0m
[6.967s] [  0%] Built target roscpp_generate_messages_py
[6.982s] [35m[1mScanning dependencies of target autoware_lanelet2_msgs_generate_messages_nodejs[0m
[6.995s] [  0%] Built target autoware_lanelet2_msgs_generate_messages_nodejs
[7.008s] [35m[1mScanning dependencies of target visualization_msgs_generate_messages_eus[0m
[7.021s] [  0%] Built target visualization_msgs_generate_messages_eus
[7.034s] [35m[1mScanning dependencies of target tf2_msgs_generate_messages_eus[0m
[7.047s] [  0%] Built target tf2_msgs_generate_messages_eus
[7.060s] [35m[1mScanning dependencies of target vector_map_msgs_generate_messages_cpp[0m
[7.073s] [  0%] Built target vector_map_msgs_generate_messages_cpp
[7.086s] [35m[1mScanning dependencies of target vector_map_msgs_generate_messages_eus[0m
[7.126s] [  0%] Built target vector_map_msgs_generate_messages_eus
[7.151s] [35m[1mScanning dependencies of target vector_map_msgs_generate_messages_lisp[0m
[7.165s] [  0%] Built target vector_map_msgs_generate_messages_lisp
[7.179s] [35m[1mScanning dependencies of target vector_map_msgs_generate_messages_py[0m
[7.198s] [  0%] Built target vector_map_msgs_generate_messages_py
[7.211s] [35m[1mScanning dependencies of target imm_ukf_pda_lanelet2[0m
[7.358s] [ 12%] [32mBuilding CXX object CMakeFiles/imm_ukf_pda_lanelet2.dir/nodes/imm_ukf_pda_lanelet2/imm_ukf_pda_main_lanelet2.cpp.o[0m
[17.629s] [ 25%] [32mBuilding CXX object CMakeFiles/imm_ukf_pda_lanelet2.dir/nodes/imm_ukf_pda/ukf.cpp.o[0m
[28.655s] [ 37%] [32mBuilding CXX object CMakeFiles/imm_ukf_pda_lanelet2.dir/nodes/imm_ukf_pda_lanelet2/imm_ukf_pda_lanelet2.cpp.o[0m
[46.461s] [ 50%] [32m[1mLinking CXX executable devel/lib/imm_ukf_pda_track/imm_ukf_pda_lanelet2[0m
[47.259s] [ 50%] Built target imm_ukf_pda_lanelet2
[47.274s] [35m[1mScanning dependencies of target imm_ukf_pda[0m
[47.396s] [ 62%] [32mBuilding CXX object CMakeFiles/imm_ukf_pda.dir/nodes/imm_ukf_pda/imm_ukf_pda_main.cpp.o[0m
[55.774s] [ 75%] [32mBuilding CXX object CMakeFiles/imm_ukf_pda.dir/nodes/imm_ukf_pda/ukf.cpp.o[0m
[66.371s] [ 87%] [32mBuilding CXX object CMakeFiles/imm_ukf_pda.dir/nodes/imm_ukf_pda/imm_ukf_pda.cpp.o[0m
[80.444s] [100%] [32m[1mLinking CXX executable devel/lib/imm_ukf_pda_track/imm_ukf_pda[0m
[81.289s] [100%] Built target imm_ukf_pda
[81.305s] Invoked command in '/home/yeap/APC_2022_Prac/airsimversion/autoware.ai/build/imm_ukf_pda_track' returned '0': CMAKE_PREFIX_PATH=/home/yeap/APC_2022_Prac/airsimversion/autoware.ai/install/lanelet2_extension:/home/yeap/APC_2022_Prac/airsimversion/autoware.ai/install/lanelet2_validation:/home/yeap/APC_2022_Prac/airsimversion/autoware.ai/install/lanelet2_routing:/home/yeap/APC_2022_Prac/airsimversion/autoware.ai/install/lanelet2_projection:/home/yeap/APC_2022_Prac/airsimversion/autoware.ai/install/lanelet2_traffic_rules:/home/yeap/APC_2022_Prac/airsimversion/autoware.ai/install/lanelet2_maps:/home/yeap/APC_2022_Prac/airsimversion/autoware.ai/install/lanelet2_io:/home/yeap/APC_2022_Prac/airsimversion/autoware.ai/install/vector_map:/home/yeap/APC_2022_Prac/airsimversion/autoware.ai/install/lanelet2_core:/home/yeap/APC_2022_Prac/airsimversion/autoware.ai/install/amathutils_lib:/home/yeap/APC_2022_Prac/airsimversion/autoware.ai/install/vector_map_msgs:/home/yeap/APC_2022_Prac/airsimversion/autoware.ai/install/autoware_msgs:/home/yeap/APC_2022_Prac/airsimversion/autoware.ai/install/autoware_lanelet2_msgs:/home/yeap/APC_2022_Prac/airsimversion/autoware.ai/install/autoware_build_flags:${CMAKE_PREFIX_PATH} LD_LIBRARY_PATH=/home/yeap/APC_2022_Prac/airsimversion/autoware.ai/install/lanelet2_extension/lib:/home/yeap/APC_2022_Prac/airsimversion/autoware.ai/install/lanelet2_validation/lib:/home/yeap/APC_2022_Prac/airsimversion/autoware.ai/install/lanelet2_routing/lib:/home/yeap/APC_2022_Prac/airsimversion/autoware.ai/install/lanelet2_projection/lib:/home/yeap/APC_2022_Prac/airsimversion/autoware.ai/install/lanelet2_traffic_rules/lib:/home/yeap/APC_2022_Prac/airsimversion/autoware.ai/install/lanelet2_io/lib:/home/yeap/APC_2022_Prac/airsimversion/autoware.ai/install/vector_map/lib:/home/yeap/APC_2022_Prac/airsimversion/autoware.ai/install/lanelet2_core/lib:/home/yeap/APC_2022_Prac/airsimversion/autoware.ai/install/amathutils_lib/lib:${LD_LIBRARY_PATH} PKG_CONFIG_PATH=/home/yeap/APC_2022_Prac/airsimversion/autoware.ai/install/lanelet2_extension/lib/x86_64-linux-gnu/pkgconfig:/home/yeap/APC_2022_Prac/airsimversion/autoware.ai/install/lanelet2_extension/lib/pkgconfig:/home/yeap/APC_2022_Prac/airsimversion/autoware.ai/install/lanelet2_validation/lib/x86_64-linux-gnu/pkgconfig:/home/yeap/APC_2022_Prac/airsimversion/autoware.ai/install/lanelet2_validation/lib/pkgconfig:/home/yeap/APC_2022_Prac/airsimversion/autoware.ai/install/lanelet2_routing/lib/x86_64-linux-gnu/pkgconfig:/home/yeap/APC_2022_Prac/airsimversion/autoware.ai/install/lanelet2_routing/lib/pkgconfig:/home/yeap/APC_2022_Prac/airsimversion/autoware.ai/install/lanelet2_projection/lib/x86_64-linux-gnu/pkgconfig:/home/yeap/APC_2022_Prac/airsimversion/autoware.ai/install/lanelet2_projection/lib/pkgconfig:/home/yeap/APC_2022_Prac/airsimversion/autoware.ai/install/lanelet2_traffic_rules/lib/x86_64-linux-gnu/pkgconfig:/home/yeap/APC_2022_Prac/airsimversion/autoware.ai/install/lanelet2_traffic_rules/lib/pkgconfig:/home/yeap/APC_2022_Prac/airsimversion/autoware.ai/install/lanelet2_maps/lib/x86_64-linux-gnu/pkgconfig:/home/yeap/APC_2022_Prac/airsimversion/autoware.ai/install/lanelet2_maps/lib/pkgconfig:/home/yeap/APC_2022_Prac/airsimversion/autoware.ai/install/lanelet2_io/lib/x86_64-linux-gnu/pkgconfig:/home/yeap/APC_2022_Prac/airsimversion/autoware.ai/install/lanelet2_io/lib/pkgconfig:/home/yeap/APC_2022_Prac/airsimversion/autoware.ai/install/vector_map/lib/x86_64-linux-gnu/pkgconfig:/home/yeap/APC_2022_Prac/airsimversion/autoware.ai/install/vector_map/lib/pkgconfig:/home/yeap/APC_2022_Prac/airsimversion/autoware.ai/install/lanelet2_core/lib/x86_64-linux-gnu/pkgconfig:/home/yeap/APC_2022_Prac/airsimversion/autoware.ai/install/lanelet2_core/lib/pkgconfig:/home/yeap/APC_2022_Prac/airsimversion/autoware.ai/install/amathutils_lib/lib/x86_64-linux-gnu/pkgconfig:/home/yeap/APC_2022_Prac/airsimversion/autoware.ai/install/amathutils_lib/lib/pkgconfig:/home/yeap/APC_2022_Prac/airsimversion/autoware.ai/install/vector_map_msgs/lib/x86_64-linux-gnu/pkgconfig:/home/yeap/APC_2022_Prac/airsimversion/autoware.ai/install/vector_map_msgs/lib/pkgconfig:/home/yeap/APC_2022_Prac/airsimversion/autoware.ai/install/autoware_msgs/lib/x86_64-linux-gnu/pkgconfig:/home/yeap/APC_2022_Prac/airsimversion/autoware.ai/install/autoware_msgs/lib/pkgconfig:/home/yeap/APC_2022_Prac/airsimversion/autoware.ai/install/autoware_lanelet2_msgs/lib/x86_64-linux-gnu/pkgconfig:/home/yeap/APC_2022_Prac/airsimversion/autoware.ai/install/autoware_lanelet2_msgs/lib/pkgconfig:/home/yeap/APC_2022_Prac/airsimversion/autoware.ai/install/autoware_build_flags/lib/x86_64-linux-gnu/pkgconfig:/home/yeap/APC_2022_Prac/airsimversion/autoware.ai/install/autoware_build_flags/lib/pkgconfig:${PKG_CONFIG_PATH} PYTHONPATH=/home/yeap/APC_2022_Prac/airsimversion/autoware.ai/install/vector_map_msgs/lib/python2.7/dist-packages:/home/yeap/APC_2022_Prac/airsimversion/autoware.ai/install/autoware_msgs/lib/python2.7/dist-packages:/home/yeap/APC_2022_Prac/airsimversion/autoware.ai/install/autoware_lanelet2_msgs/lib/python2.7/dist-packages:${PYTHONPATH} ROS_PACKAGE_PATH=/home/yeap/APC_2022_Prac/airsimversion/autoware.ai/install/lanelet2_extension/share:/home/yeap/APC_2022_Prac/airsimversion/autoware.ai/install/lanelet2_validation/share:/home/yeap/APC_2022_Prac/airsimversion/autoware.ai/install/lanelet2_routing/share:/home/yeap/APC_2022_Prac/airsimversion/autoware.ai/install/lanelet2_projection/share:/home/yeap/APC_2022_Prac/airsimversion/autoware.ai/install/lanelet2_traffic_rules/share:/home/yeap/APC_2022_Prac/airsimversion/autoware.ai/install/lanelet2_maps/share:/home/yeap/APC_2022_Prac/airsimversion/autoware.ai/install/lanelet2_io/share:/home/yeap/APC_2022_Prac/airsimversion/autoware.ai/install/vector_map/share:/home/yeap/APC_2022_Prac/airsimversion/autoware.ai/install/lanelet2_core/share:/home/yeap/APC_2022_Prac/airsimversion/autoware.ai/install/amathutils_lib/share:/home/yeap/APC_2022_Prac/airsimversion/autoware.ai/install/vector_map_msgs/share:/home/yeap/APC_2022_Prac/airsimversion/autoware.ai/install/autoware_msgs/share:/home/yeap/APC_2022_Prac/airsimversion/autoware.ai/install/autoware_lanelet2_msgs/share:/home/yeap/APC_2022_Prac/airsimversion/autoware.ai/install/autoware_build_flags/share:${ROS_PACKAGE_PATH} /usr/bin/cmake --build /home/yeap/APC_2022_Prac/airsimversion/autoware.ai/build/imm_ukf_pda_track -- -j6 -l6
[81.466s] Invoking command in '/home/yeap/APC_2022_Prac/airsimversion/autoware.ai/build/imm_ukf_pda_track': CMAKE_PREFIX_PATH=/home/yeap/APC_2022_Prac/airsimversion/autoware.ai/install/lanelet2_extension:/home/yeap/APC_2022_Prac/airsimversion/autoware.ai/install/lanelet2_validation:/home/yeap/APC_2022_Prac/airsimversion/autoware.ai/install/lanelet2_routing:/home/yeap/APC_2022_Prac/airsimversion/autoware.ai/install/lanelet2_projection:/home/yeap/APC_2022_Prac/airsimversion/autoware.ai/install/lanelet2_traffic_rules:/home/yeap/APC_2022_Prac/airsimversion/autoware.ai/install/lanelet2_maps:/home/yeap/APC_2022_Prac/airsimversion/autoware.ai/install/lanelet2_io:/home/yeap/APC_2022_Prac/airsimversion/autoware.ai/install/vector_map:/home/yeap/APC_2022_Prac/airsimversion/autoware.ai/install/lanelet2_core:/home/yeap/APC_2022_Prac/airsimversion/autoware.ai/install/amathutils_lib:/home/yeap/APC_2022_Prac/airsimversion/autoware.ai/install/vector_map_msgs:/home/yeap/APC_2022_Prac/airsimversion/autoware.ai/install/autoware_msgs:/home/yeap/APC_2022_Prac/airsimversion/autoware.ai/install/autoware_lanelet2_msgs:/home/yeap/APC_2022_Prac/airsimversion/autoware.ai/install/autoware_build_flags:${CMAKE_PREFIX_PATH} LD_LIBRARY_PATH=/home/yeap/APC_2022_Prac/airsimversion/autoware.ai/install/lanelet2_extension/lib:/home/yeap/APC_2022_Prac/airsimversion/autoware.ai/install/lanelet2_validation/lib:/home/yeap/APC_2022_Prac/airsimversion/autoware.ai/install/lanelet2_routing/lib:/home/yeap/APC_2022_Prac/airsimversion/autoware.ai/install/lanelet2_projection/lib:/home/yeap/APC_2022_Prac/airsimversion/autoware.ai/install/lanelet2_traffic_rules/lib:/home/yeap/APC_2022_Prac/airsimversion/autoware.ai/install/lanelet2_io/lib:/home/yeap/APC_2022_Prac/airsimversion/autoware.ai/install/vector_map/lib:/home/yeap/APC_2022_Prac/airsimversion/autoware.ai/install/lanelet2_core/lib:/home/yeap/APC_2022_Prac/airsimversion/autoware.ai/install/amathutils_lib/lib:${LD_LIBRARY_PATH} PKG_CONFIG_PATH=/home/yeap/APC_2022_Prac/airsimversion/autoware.ai/install/lanelet2_extension/lib/x86_64-linux-gnu/pkgconfig:/home/yeap/APC_2022_Prac/airsimversion/autoware.ai/install/lanelet2_extension/lib/pkgconfig:/home/yeap/APC_2022_Prac/airsimversion/autoware.ai/install/lanelet2_validation/lib/x86_64-linux-gnu/pkgconfig:/home/yeap/APC_2022_Prac/airsimversion/autoware.ai/install/lanelet2_validation/lib/pkgconfig:/home/yeap/APC_2022_Prac/airsimversion/autoware.ai/install/lanelet2_routing/lib/x86_64-linux-gnu/pkgconfig:/home/yeap/APC_2022_Prac/airsimversion/autoware.ai/install/lanelet2_routing/lib/pkgconfig:/home/yeap/APC_2022_Prac/airsimversion/autoware.ai/install/lanelet2_projection/lib/x86_64-linux-gnu/pkgconfig:/home/yeap/APC_2022_Prac/airsimversion/autoware.ai/install/lanelet2_projection/lib/pkgconfig:/home/yeap/APC_2022_Prac/airsimversion/autoware.ai/install/lanelet2_traffic_rules/lib/x86_64-linux-gnu/pkgconfig:/home/yeap/APC_2022_Prac/airsimversion/autoware.ai/install/lanelet2_traffic_rules/lib/pkgconfig:/home/yeap/APC_2022_Prac/airsimversion/autoware.ai/install/lanelet2_maps/lib/x86_64-linux-gnu/pkgconfig:/home/yeap/APC_2022_Prac/airsimversion/autoware.ai/install/lanelet2_maps/lib/pkgconfig:/home/yeap/APC_2022_Prac/airsimversion/autoware.ai/install/lanelet2_io/lib/x86_64-linux-gnu/pkgconfig:/home/yeap/APC_2022_Prac/airsimversion/autoware.ai/install/lanelet2_io/lib/pkgconfig:/home/yeap/APC_2022_Prac/airsimversion/autoware.ai/install/vector_map/lib/x86_64-linux-gnu/pkgconfig:/home/yeap/APC_2022_Prac/airsimversion/autoware.ai/install/vector_map/lib/pkgconfig:/home/yeap/APC_2022_Prac/airsimversion/autoware.ai/install/lanelet2_core/lib/x86_64-linux-gnu/pkgconfig:/home/yeap/APC_2022_Prac/airsimversion/autoware.ai/install/lanelet2_core/lib/pkgconfig:/home/yeap/APC_2022_Prac/airsimversion/autoware.ai/install/amathutils_lib/lib/x86_64-linux-gnu/pkgconfig:/home/yeap/APC_2022_Prac/airsimversion/autoware.ai/install/amathutils_lib/lib/pkgconfig:/home/yeap/APC_2022_Prac/airsimversion/autoware.ai/install/vector_map_msgs/lib/x86_64-linux-gnu/pkgconfig:/home/yeap/APC_2022_Prac/airsimversion/autoware.ai/install/vector_map_msgs/lib/pkgconfig:/home/yeap/APC_2022_Prac/airsimversion/autoware.ai/install/autoware_msgs/lib/x86_64-linux-gnu/pkgconfig:/home/yeap/APC_2022_Prac/airsimversion/autoware.ai/install/autoware_msgs/lib/pkgconfig:/home/yeap/APC_2022_Prac/airsimversion/autoware.ai/install/autoware_lanelet2_msgs/lib/x86_64-linux-gnu/pkgconfig:/home/yeap/APC_2022_Prac/airsimversion/autoware.ai/install/autoware_lanelet2_msgs/lib/pkgconfig:/home/yeap/APC_2022_Prac/airsimversion/autoware.ai/install/autoware_build_flags/lib/x86_64-linux-gnu/pkgconfig:/home/yeap/APC_2022_Prac/airsimversion/autoware.ai/install/autoware_build_flags/lib/pkgconfig:${PKG_CONFIG_PATH} PYTHONPATH=/home/yeap/APC_2022_Prac/airsimversion/autoware.ai/install/vector_map_msgs/lib/python2.7/dist-packages:/home/yeap/APC_2022_Prac/airsimversion/autoware.ai/install/autoware_msgs/lib/python2.7/dist-packages:/home/yeap/APC_2022_Prac/airsimversion/autoware.ai/install/autoware_lanelet2_msgs/lib/python2.7/dist-packages:${PYTHONPATH} ROS_PACKAGE_PATH=/home/yeap/APC_2022_Prac/airsimversion/autoware.ai/install/lanelet2_extension/share:/home/yeap/APC_2022_Prac/airsimversion/autoware.ai/install/lanelet2_validation/share:/home/yeap/APC_2022_Prac/airsimversion/autoware.ai/install/lanelet2_routing/share:/home/yeap/APC_2022_Prac/airsimversion/autoware.ai/install/lanelet2_projection/share:/home/yeap/APC_2022_Prac/airsimversion/autoware.ai/install/lanelet2_traffic_rules/share:/home/yeap/APC_2022_Prac/airsimversion/autoware.ai/install/lanelet2_maps/share:/home/yeap/APC_2022_Prac/airsimversion/autoware.ai/install/lanelet2_io/share:/home/yeap/APC_2022_Prac/airsimversion/autoware.ai/install/vector_map/share:/home/yeap/APC_2022_Prac/airsimversion/autoware.ai/install/lanelet2_core/share:/home/yeap/APC_2022_Prac/airsimversion/autoware.ai/install/amathutils_lib/share:/home/yeap/APC_2022_Prac/airsimversion/autoware.ai/install/vector_map_msgs/share:/home/yeap/APC_2022_Prac/airsimversion/autoware.ai/install/autoware_msgs/share:/home/yeap/APC_2022_Prac/airsimversion/autoware.ai/install/autoware_lanelet2_msgs/share:/home/yeap/APC_2022_Prac/airsimversion/autoware.ai/install/autoware_build_flags/share:${ROS_PACKAGE_PATH} /usr/bin/cmake --build /home/yeap/APC_2022_Prac/airsimversion/autoware.ai/build/imm_ukf_pda_track --target tests -- -j6 -l6
[81.548s] [35m[1mScanning dependencies of target tests[0m
[81.565s] Built target tests
[81.583s] Invoked command in '/home/yeap/APC_2022_Prac/airsimversion/autoware.ai/build/imm_ukf_pda_track' returned '0': CMAKE_PREFIX_PATH=/home/yeap/APC_2022_Prac/airsimversion/autoware.ai/install/lanelet2_extension:/home/yeap/APC_2022_Prac/airsimversion/autoware.ai/install/lanelet2_validation:/home/yeap/APC_2022_Prac/airsimversion/autoware.ai/install/lanelet2_routing:/home/yeap/APC_2022_Prac/airsimversion/autoware.ai/install/lanelet2_projection:/home/yeap/APC_2022_Prac/airsimversion/autoware.ai/install/lanelet2_traffic_rules:/home/yeap/APC_2022_Prac/airsimversion/autoware.ai/install/lanelet2_maps:/home/yeap/APC_2022_Prac/airsimversion/autoware.ai/install/lanelet2_io:/home/yeap/APC_2022_Prac/airsimversion/autoware.ai/install/vector_map:/home/yeap/APC_2022_Prac/airsimversion/autoware.ai/install/lanelet2_core:/home/yeap/APC_2022_Prac/airsimversion/autoware.ai/install/amathutils_lib:/home/yeap/APC_2022_Prac/airsimversion/autoware.ai/install/vector_map_msgs:/home/yeap/APC_2022_Prac/airsimversion/autoware.ai/install/autoware_msgs:/home/yeap/APC_2022_Prac/airsimversion/autoware.ai/install/autoware_lanelet2_msgs:/home/yeap/APC_2022_Prac/airsimversion/autoware.ai/install/autoware_build_flags:${CMAKE_PREFIX_PATH} LD_LIBRARY_PATH=/home/yeap/APC_2022_Prac/airsimversion/autoware.ai/install/lanelet2_extension/lib:/home/yeap/APC_2022_Prac/airsimversion/autoware.ai/install/lanelet2_validation/lib:/home/yeap/APC_2022_Prac/airsimversion/autoware.ai/install/lanelet2_routing/lib:/home/yeap/APC_2022_Prac/airsimversion/autoware.ai/install/lanelet2_projection/lib:/home/yeap/APC_2022_Prac/airsimversion/autoware.ai/install/lanelet2_traffic_rules/lib:/home/yeap/APC_2022_Prac/airsimversion/autoware.ai/install/lanelet2_io/lib:/home/yeap/APC_2022_Prac/airsimversion/autoware.ai/install/vector_map/lib:/home/yeap/APC_2022_Prac/airsimversion/autoware.ai/install/lanelet2_core/lib:/home/yeap/APC_2022_Prac/airsimversion/autoware.ai/install/amathutils_lib/lib:${LD_LIBRARY_PATH} PKG_CONFIG_PATH=/home/yeap/APC_2022_Prac/airsimversion/autoware.ai/install/lanelet2_extension/lib/x86_64-linux-gnu/pkgconfig:/home/yeap/APC_2022_Prac/airsimversion/autoware.ai/install/lanelet2_extension/lib/pkgconfig:/home/yeap/APC_2022_Prac/airsimversion/autoware.ai/install/lanelet2_validation/lib/x86_64-linux-gnu/pkgconfig:/home/yeap/APC_2022_Prac/airsimversion/autoware.ai/install/lanelet2_validation/lib/pkgconfig:/home/yeap/APC_2022_Prac/airsimversion/autoware.ai/install/lanelet2_routing/lib/x86_64-linux-gnu/pkgconfig:/home/yeap/APC_2022_Prac/airsimversion/autoware.ai/install/lanelet2_routing/lib/pkgconfig:/home/yeap/APC_2022_Prac/airsimversion/autoware.ai/install/lanelet2_projection/lib/x86_64-linux-gnu/pkgconfig:/home/yeap/APC_2022_Prac/airsimversion/autoware.ai/install/lanelet2_projection/lib/pkgconfig:/home/yeap/APC_2022_Prac/airsimversion/autoware.ai/install/lanelet2_traffic_rules/lib/x86_64-linux-gnu/pkgconfig:/home/yeap/APC_2022_Prac/airsimversion/autoware.ai/install/lanelet2_traffic_rules/lib/pkgconfig:/home/yeap/APC_2022_Prac/airsimversion/autoware.ai/install/lanelet2_maps/lib/x86_64-linux-gnu/pkgconfig:/home/yeap/APC_2022_Prac/airsimversion/autoware.ai/install/lanelet2_maps/lib/pkgconfig:/home/yeap/APC_2022_Prac/airsimversion/autoware.ai/install/lanelet2_io/lib/x86_64-linux-gnu/pkgconfig:/home/yeap/APC_2022_Prac/airsimversion/autoware.ai/install/lanelet2_io/lib/pkgconfig:/home/yeap/APC_2022_Prac/airsimversion/autoware.ai/install/vector_map/lib/x86_64-linux-gnu/pkgconfig:/home/yeap/APC_2022_Prac/airsimversion/autoware.ai/install/vector_map/lib/pkgconfig:/home/yeap/APC_2022_Prac/airsimversion/autoware.ai/install/lanelet2_core/lib/x86_64-linux-gnu/pkgconfig:/home/yeap/APC_2022_Prac/airsimversion/autoware.ai/install/lanelet2_core/lib/pkgconfig:/home/yeap/APC_2022_Prac/airsimversion/autoware.ai/install/amathutils_lib/lib/x86_64-linux-gnu/pkgconfig:/home/yeap/APC_2022_Prac/airsimversion/autoware.ai/install/amathutils_lib/lib/pkgconfig:/home/yeap/APC_2022_Prac/airsimversion/autoware.ai/install/vector_map_msgs/lib/x86_64-linux-gnu/pkgconfig:/home/yeap/APC_2022_Prac/airsimversion/autoware.ai/install/vector_map_msgs/lib/pkgconfig:/home/yeap/APC_2022_Prac/airsimversion/autoware.ai/install/autoware_msgs/lib/x86_64-linux-gnu/pkgconfig:/home/yeap/APC_2022_Prac/airsimversion/autoware.ai/install/autoware_msgs/lib/pkgconfig:/home/yeap/APC_2022_Prac/airsimversion/autoware.ai/install/autoware_lanelet2_msgs/lib/x86_64-linux-gnu/pkgconfig:/home/yeap/APC_2022_Prac/airsimversion/autoware.ai/install/autoware_lanelet2_msgs/lib/pkgconfig:/home/yeap/APC_2022_Prac/airsimversion/autoware.ai/install/autoware_build_flags/lib/x86_64-linux-gnu/pkgconfig:/home/yeap/APC_2022_Prac/airsimversion/autoware.ai/install/autoware_build_flags/lib/pkgconfig:${PKG_CONFIG_PATH} PYTHONPATH=/home/yeap/APC_2022_Prac/airsimversion/autoware.ai/install/vector_map_msgs/lib/python2.7/dist-packages:/home/yeap/APC_2022_Prac/airsimversion/autoware.ai/install/autoware_msgs/lib/python2.7/dist-packages:/home/yeap/APC_2022_Prac/airsimversion/autoware.ai/install/autoware_lanelet2_msgs/lib/python2.7/dist-packages:${PYTHONPATH} ROS_PACKAGE_PATH=/home/yeap/APC_2022_Prac/airsimversion/autoware.ai/install/lanelet2_extension/share:/home/yeap/APC_2022_Prac/airsimversion/autoware.ai/install/lanelet2_validation/share:/home/yeap/APC_2022_Prac/airsimversion/autoware.ai/install/lanelet2_routing/share:/home/yeap/APC_2022_Prac/airsimversion/autoware.ai/install/lanelet2_projection/share:/home/yeap/APC_2022_Prac/airsimversion/autoware.ai/install/lanelet2_traffic_rules/share:/home/yeap/APC_2022_Prac/airsimversion/autoware.ai/install/lanelet2_maps/share:/home/yeap/APC_2022_Prac/airsimversion/autoware.ai/install/lanelet2_io/share:/home/yeap/APC_2022_Prac/airsimversion/autoware.ai/install/vector_map/share:/home/yeap/APC_2022_Prac/airsimversion/autoware.ai/install/lanelet2_core/share:/home/yeap/APC_2022_Prac/airsimversion/autoware.ai/install/amathutils_lib/share:/home/yeap/APC_2022_Prac/airsimversion/autoware.ai/install/vector_map_msgs/share:/home/yeap/APC_2022_Prac/airsimversion/autoware.ai/install/autoware_msgs/share:/home/yeap/APC_2022_Prac/airsimversion/autoware.ai/install/autoware_lanelet2_msgs/share:/home/yeap/APC_2022_Prac/airsimversion/autoware.ai/install/autoware_build_flags/share:${ROS_PACKAGE_PATH} /usr/bin/cmake --build /home/yeap/APC_2022_Prac/airsimversion/autoware.ai/build/imm_ukf_pda_track --target tests -- -j6 -l6
[81.742s] Invoking command in '/home/yeap/APC_2022_Prac/airsimversion/autoware.ai/build/imm_ukf_pda_track': CMAKE_PREFIX_PATH=/home/yeap/APC_2022_Prac/airsimversion/autoware.ai/install/lanelet2_extension:/home/yeap/APC_2022_Prac/airsimversion/autoware.ai/install/lanelet2_validation:/home/yeap/APC_2022_Prac/airsimversion/autoware.ai/install/lanelet2_routing:/home/yeap/APC_2022_Prac/airsimversion/autoware.ai/install/lanelet2_projection:/home/yeap/APC_2022_Prac/airsimversion/autoware.ai/install/lanelet2_traffic_rules:/home/yeap/APC_2022_Prac/airsimversion/autoware.ai/install/lanelet2_maps:/home/yeap/APC_2022_Prac/airsimversion/autoware.ai/install/lanelet2_io:/home/yeap/APC_2022_Prac/airsimversion/autoware.ai/install/vector_map:/home/yeap/APC_2022_Prac/airsimversion/autoware.ai/install/lanelet2_core:/home/yeap/APC_2022_Prac/airsimversion/autoware.ai/install/amathutils_lib:/home/yeap/APC_2022_Prac/airsimversion/autoware.ai/install/vector_map_msgs:/home/yeap/APC_2022_Prac/airsimversion/autoware.ai/install/autoware_msgs:/home/yeap/APC_2022_Prac/airsimversion/autoware.ai/install/autoware_lanelet2_msgs:/home/yeap/APC_2022_Prac/airsimversion/autoware.ai/install/autoware_build_flags:${CMAKE_PREFIX_PATH} LD_LIBRARY_PATH=/home/yeap/APC_2022_Prac/airsimversion/autoware.ai/install/lanelet2_extension/lib:/home/yeap/APC_2022_Prac/airsimversion/autoware.ai/install/lanelet2_validation/lib:/home/yeap/APC_2022_Prac/airsimversion/autoware.ai/install/lanelet2_routing/lib:/home/yeap/APC_2022_Prac/airsimversion/autoware.ai/install/lanelet2_projection/lib:/home/yeap/APC_2022_Prac/airsimversion/autoware.ai/install/lanelet2_traffic_rules/lib:/home/yeap/APC_2022_Prac/airsimversion/autoware.ai/install/lanelet2_io/lib:/home/yeap/APC_2022_Prac/airsimversion/autoware.ai/install/vector_map/lib:/home/yeap/APC_2022_Prac/airsimversion/autoware.ai/install/lanelet2_core/lib:/home/yeap/APC_2022_Prac/airsimversion/autoware.ai/install/amathutils_lib/lib:${LD_LIBRARY_PATH} PKG_CONFIG_PATH=/home/yeap/APC_2022_Prac/airsimversion/autoware.ai/install/lanelet2_extension/lib/x86_64-linux-gnu/pkgconfig:/home/yeap/APC_2022_Prac/airsimversion/autoware.ai/install/lanelet2_extension/lib/pkgconfig:/home/yeap/APC_2022_Prac/airsimversion/autoware.ai/install/lanelet2_validation/lib/x86_64-linux-gnu/pkgconfig:/home/yeap/APC_2022_Prac/airsimversion/autoware.ai/install/lanelet2_validation/lib/pkgconfig:/home/yeap/APC_2022_Prac/airsimversion/autoware.ai/install/lanelet2_routing/lib/x86_64-linux-gnu/pkgconfig:/home/yeap/APC_2022_Prac/airsimversion/autoware.ai/install/lanelet2_routing/lib/pkgconfig:/home/yeap/APC_2022_Prac/airsimversion/autoware.ai/install/lanelet2_projection/lib/x86_64-linux-gnu/pkgconfig:/home/yeap/APC_2022_Prac/airsimversion/autoware.ai/install/lanelet2_projection/lib/pkgconfig:/home/yeap/APC_2022_Prac/airsimversion/autoware.ai/install/lanelet2_traffic_rules/lib/x86_64-linux-gnu/pkgconfig:/home/yeap/APC_2022_Prac/airsimversion/autoware.ai/install/lanelet2_traffic_rules/lib/pkgconfig:/home/yeap/APC_2022_Prac/airsimversion/autoware.ai/install/lanelet2_maps/lib/x86_64-linux-gnu/pkgconfig:/home/yeap/APC_2022_Prac/airsimversion/autoware.ai/install/lanelet2_maps/lib/pkgconfig:/home/yeap/APC_2022_Prac/airsimversion/autoware.ai/install/lanelet2_io/lib/x86_64-linux-gnu/pkgconfig:/home/yeap/APC_2022_Prac/airsimversion/autoware.ai/install/lanelet2_io/lib/pkgconfig:/home/yeap/APC_2022_Prac/airsimversion/autoware.ai/install/vector_map/lib/x86_64-linux-gnu/pkgconfig:/home/yeap/APC_2022_Prac/airsimversion/autoware.ai/install/vector_map/lib/pkgconfig:/home/yeap/APC_2022_Prac/airsimversion/autoware.ai/install/lanelet2_core/lib/x86_64-linux-gnu/pkgconfig:/home/yeap/APC_2022_Prac/airsimversion/autoware.ai/install/lanelet2_core/lib/pkgconfig:/home/yeap/APC_2022_Prac/airsimversion/autoware.ai/install/amathutils_lib/lib/x86_64-linux-gnu/pkgconfig:/home/yeap/APC_2022_Prac/airsimversion/autoware.ai/install/amathutils_lib/lib/pkgconfig:/home/yeap/APC_2022_Prac/airsimversion/autoware.ai/install/vector_map_msgs/lib/x86_64-linux-gnu/pkgconfig:/home/yeap/APC_2022_Prac/airsimversion/autoware.ai/install/vector_map_msgs/lib/pkgconfig:/home/yeap/APC_2022_Prac/airsimversion/autoware.ai/install/autoware_msgs/lib/x86_64-linux-gnu/pkgconfig:/home/yeap/APC_2022_Prac/airsimversion/autoware.ai/install/autoware_msgs/lib/pkgconfig:/home/yeap/APC_2022_Prac/airsimversion/autoware.ai/install/autoware_lanelet2_msgs/lib/x86_64-linux-gnu/pkgconfig:/home/yeap/APC_2022_Prac/airsimversion/autoware.ai/install/autoware_lanelet2_msgs/lib/pkgconfig:/home/yeap/APC_2022_Prac/airsimversion/autoware.ai/install/autoware_build_flags/lib/x86_64-linux-gnu/pkgconfig:/home/yeap/APC_2022_Prac/airsimversion/autoware.ai/install/autoware_build_flags/lib/pkgconfig:${PKG_CONFIG_PATH} PYTHONPATH=/home/yeap/APC_2022_Prac/airsimversion/autoware.ai/install/vector_map_msgs/lib/python2.7/dist-packages:/home/yeap/APC_2022_Prac/airsimversion/autoware.ai/install/autoware_msgs/lib/python2.7/dist-packages:/home/yeap/APC_2022_Prac/airsimversion/autoware.ai/install/autoware_lanelet2_msgs/lib/python2.7/dist-packages:${PYTHONPATH} ROS_PACKAGE_PATH=/home/yeap/APC_2022_Prac/airsimversion/autoware.ai/install/lanelet2_extension/share:/home/yeap/APC_2022_Prac/airsimversion/autoware.ai/install/lanelet2_validation/share:/home/yeap/APC_2022_Prac/airsimversion/autoware.ai/install/lanelet2_routing/share:/home/yeap/APC_2022_Prac/airsimversion/autoware.ai/install/lanelet2_projection/share:/home/yeap/APC_2022_Prac/airsimversion/autoware.ai/install/lanelet2_traffic_rules/share:/home/yeap/APC_2022_Prac/airsimversion/autoware.ai/install/lanelet2_maps/share:/home/yeap/APC_2022_Prac/airsimversion/autoware.ai/install/lanelet2_io/share:/home/yeap/APC_2022_Prac/airsimversion/autoware.ai/install/vector_map/share:/home/yeap/APC_2022_Prac/airsimversion/autoware.ai/install/lanelet2_core/share:/home/yeap/APC_2022_Prac/airsimversion/autoware.ai/install/amathutils_lib/share:/home/yeap/APC_2022_Prac/airsimversion/autoware.ai/install/vector_map_msgs/share:/home/yeap/APC_2022_Prac/airsimversion/autoware.ai/install/autoware_msgs/share:/home/yeap/APC_2022_Prac/airsimversion/autoware.ai/install/autoware_lanelet2_msgs/share:/home/yeap/APC_2022_Prac/airsimversion/autoware.ai/install/autoware_build_flags/share:${ROS_PACKAGE_PATH} /usr/bin/cmake --build /home/yeap/APC_2022_Prac/airsimversion/autoware.ai/build/imm_ukf_pda_track --target install -- -j6 -l6
[81.816s] [  0%] Built target visualization_msgs_generate_messages_cpp
[81.845s] [  0%] Built target topic_tools_generate_messages_nodejs
[81.872s] [  0%] Built target topic_tools_generate_messages_eus
[81.900s] [  0%] Built target topic_tools_generate_messages_cpp
[81.929s] [  0%] Built target std_srvs_generate_messages_py
[81.958s] [  0%] Built target std_srvs_generate_messages_nodejs
[81.987s] [  0%] Built target vector_map_msgs_generate_messages_nodejs
[82.017s] [  0%] Built target bond_generate_messages_py
[82.048s] [  0%] Built target bond_generate_messages_nodejs
[82.077s] [  0%] Built target bond_generate_messages_lisp
[82.106s] [  0%] Built target bond_generate_messages_eus
[82.135s] [  0%] Built target bond_generate_messages_cpp
[82.163s] [  0%] Built target nodelet_generate_messages_nodejs
[82.191s] [  0%] Built target nodelet_generate_messages_eus
[82.219s] [  0%] Built target nodelet_generate_messages_cpp
[82.247s] [  0%] Built target dynamic_reconfigure_generate_messages_py
[82.274s] [  0%] Built target dynamic_reconfigure_generate_messages_nodejs
[82.301s] [  0%] Built target dynamic_reconfigure_generate_messages_lisp
[82.330s] [  0%] Built target dynamic_reconfigure_generate_messages_eus
[82.359s] [  0%] Built target pcl_ros_gencfg
[82.388s] [  0%] Built target visualization_msgs_generate_messages_py
[82.416s] [  0%] Built target visualization_msgs_generate_messages_nodejs
[82.445s] [  0%] Built target geometry_msgs_generate_messages_py
[82.472s] [  0%] Built target sensor_msgs_generate_messages_nodejs
[82.500s] [  0%] Built target roscpp_generate_messages_cpp
[82.529s] [  0%] Built target actionlib_generate_messages_cpp
[82.557s] [  0%] Built target pcl_msgs_generate_messages_eus
[82.590s] [  0%] Built target rosgraph_msgs_generate_messages_eus
[82.619s] [  0%] Built target jsk_recognition_msgs_generate_messages_lisp
[82.648s] [  0%] Built target jsk_recognition_msgs_generate_messages_eus
[82.684s] [  0%] Built target tf2_msgs_generate_messages_cpp
[82.712s] [  0%] Built target std_msgs_generate_messages_py
[82.743s] [  0%] Built target nodelet_generate_messages_lisp
[82.771s] [  0%] Built target autoware_msgs_generate_messages_py
[82.799s] [  0%] Built target std_msgs_generate_messages_nodejs
[82.830s] [  0%] Built target sensor_msgs_generate_messages_eus
[82.858s] [  0%] Built target std_srvs_generate_messages_lisp
[82.893s] [  0%] Built target _catkin_empty_exported_target
[82.921s] [  0%] Built target sensor_msgs_generate_messages_cpp
[82.949s] [  0%] Built target autoware_msgs_generate_messages_cpp
[82.976s] [  0%] Built target rosgraph_msgs_generate_messages_cpp
[83.003s] [  0%] Built target pcl_msgs_generate_messages_nodejs
[83.033s] [  0%] Built target jsk_recognition_msgs_generate_messages_py
[83.066s] [  0%] Built target std_srvs_generate_messages_cpp
[83.089s] [  0%] Built target sensor_msgs_generate_messages_lisp
[83.114s] [  0%] Built target nodelet_generate_messages_py
[83.141s] [  0%] Built target sensor_msgs_generate_messages_py
[83.165s] [  0%] Built target dynamic_reconfigure_generate_messages_cpp
[83.189s] [  0%] Built target tf_generate_messages_py
[83.214s] [  0%] Built target std_msgs_generate_messages_cpp
[83.242s] [  0%] Built target jsk_footstep_msgs_generate_messages_py
[83.269s] [  0%] Built target topic_tools_generate_messages_py
[83.295s] [  0%] Built target nodelet_topic_tools_gencfg
[83.324s] [  0%] Built target actionlib_msgs_generate_messages_nodejs
[83.350s] [  0%] Built target geometry_msgs_generate_messages_eus
[83.377s] [  0%] Built target std_msgs_generate_messages_lisp
[83.404s] [  0%] Built target roscpp_generate_messages_nodejs
[83.433s] [  0%] Built target geometry_msgs_generate_messages_nodejs
[83.460s] [  0%] Built target geometry_msgs_generate_messages_lisp
[83.487s] [  0%] Built target pcl_msgs_generate_messages_cpp
[83.514s] [  0%] Built target topic_tools_generate_messages_lisp
[83.541s] [  0%] Built target jsk_recognition_msgs_generate_messages_cpp
[83.567s] [  0%] Built target autoware_msgs_generate_messages_eus
[83.592s] [  0%] Built target autoware_msgs_generate_messages_lisp
[83.624s] [  0%] Built target visualization_msgs_generate_messages_lisp
[83.651s] [  0%] Built target std_msgs_generate_messages_eus
[83.676s] [  0%] Built target autoware_msgs_generate_messages_nodejs
[83.702s] [  0%] Built target jsk_footstep_msgs_generate_messages_eus
[83.728s] [  0%] Built target actionlib_msgs_generate_messages_py
[83.754s] [  0%] Built target jsk_footstep_msgs_generate_messages_lisp
[83.780s] [  0%] Built target jsk_footstep_msgs_generate_messages_nodejs
[83.806s] [  0%] Built target actionlib_msgs_generate_messages_lisp
[83.834s] [  0%] Built target jsk_footstep_msgs_generate_messages_cpp
[83.860s] [  0%] Built target actionlib_msgs_generate_messages_cpp
[83.885s] [  0%] Built target tf_generate_messages_eus
[83.911s] [  0%] Built target tf_generate_messages_lisp
[83.938s] [  0%] Built target tf_generate_messages_nodejs
[83.964s] [  0%] Built target autoware_lanelet2_msgs_generate_messages_cpp
[83.990s] [  0%] Built target std_srvs_generate_messages_eus
[84.016s] [  0%] Built target jsk_recognition_msgs_generate_messages_nodejs
[84.043s] [  0%] Built target autoware_lanelet2_msgs_generate_messages_py
[84.069s] [  0%] Built target roscpp_generate_messages_lisp
[84.095s] [  0%] Built target rosgraph_msgs_generate_messages_lisp
[84.121s] [  0%] Built target rosgraph_msgs_generate_messages_nodejs
[84.147s] [  0%] Built target roscpp_generate_messages_eus
[84.174s] [  0%] Built target actionlib_msgs_generate_messages_eus
[84.200s] [  0%] Built target rosgraph_msgs_generate_messages_py
[84.228s] [  0%] Built target pcl_msgs_generate_messages_py
[84.254s] [  0%] Built target actionlib_generate_messages_eus
[84.279s] [  0%] Built target geometry_msgs_generate_messages_cpp
[84.306s] [  0%] Built target actionlib_generate_messages_lisp
[84.333s] [  0%] Built target pcl_msgs_generate_messages_lisp
[84.360s] [  0%] Built target tf_generate_messages_cpp
[84.386s] [  0%] Built target actionlib_generate_messages_nodejs
[84.413s] [  0%] Built target dynamic_reconfigure_gencfg
[84.440s] [  0%] Built target tf2_msgs_generate_messages_lisp
[84.466s] [  0%] Built target actionlib_generate_messages_py
[84.491s] [  0%] Built target tf2_msgs_generate_messages_py
[84.518s] [  0%] Built target autoware_lanelet2_msgs_generate_messages_eus
[84.547s] [  0%] Built target tf2_msgs_generate_messages_nodejs
[84.574s] [  0%] Built target autoware_lanelet2_msgs_generate_messages_lisp
[84.600s] [  0%] Built target roscpp_generate_messages_py
[84.627s] [  0%] Built target autoware_lanelet2_msgs_generate_messages_nodejs
[84.653s] [  0%] Built target visualization_msgs_generate_messages_eus
[84.678s] [  0%] Built target tf2_msgs_generate_messages_eus
[84.704s] [  0%] Built target vector_map_msgs_generate_messages_cpp
[84.731s] [  0%] Built target vector_map_msgs_generate_messages_eus
[84.757s] [  0%] Built target vector_map_msgs_generate_messages_lisp
[84.783s] [  0%] Built target vector_map_msgs_generate_messages_py
[84.842s] [ 50%] Built target imm_ukf_pda_lanelet2
[84.893s] [100%] Built target imm_ukf_pda
[84.922s] [36mInstall the project...[0m
[84.934s] -- Install configuration: "Release"
[84.934s] -- Installing: /home/yeap/APC_2022_Prac/airsimversion/autoware.ai/install/imm_ukf_pda_track/lib/pkgconfig/imm_ukf_pda_track.pc
[84.934s] -- Installing: /home/yeap/APC_2022_Prac/airsimversion/autoware.ai/install/imm_ukf_pda_track/share/imm_ukf_pda_track/cmake/imm_ukf_pda_trackConfig.cmake
[84.934s] -- Installing: /home/yeap/APC_2022_Prac/airsimversion/autoware.ai/install/imm_ukf_pda_track/share/imm_ukf_pda_track/cmake/imm_ukf_pda_trackConfig-version.cmake
[84.934s] -- Installing: /home/yeap/APC_2022_Prac/airsimversion/autoware.ai/install/imm_ukf_pda_track/share/imm_ukf_pda_track/package.xml
[84.935s] -- Installing: /home/yeap/APC_2022_Prac/airsimversion/autoware.ai/install/imm_ukf_pda_track/lib/imm_ukf_pda_track/imm_ukf_pda
[84.936s] -- Set runtime path of "/home/yeap/APC_2022_Prac/airsimversion/autoware.ai/install/imm_ukf_pda_track/lib/imm_ukf_pda_track/imm_ukf_pda" to ""
[84.936s] -- Installing: /home/yeap/APC_2022_Prac/airsimversion/autoware.ai/install/imm_ukf_pda_track/lib/imm_ukf_pda_track/imm_ukf_pda_lanelet2
[84.937s] -- Set runtime path of "/home/yeap/APC_2022_Prac/airsimversion/autoware.ai/install/imm_ukf_pda_track/lib/imm_ukf_pda_track/imm_ukf_pda_lanelet2" to ""
[84.937s] -- Installing: /home/yeap/APC_2022_Prac/airsimversion/autoware.ai/install/imm_ukf_pda_track/share/imm_ukf_pda_track/launch
[84.939s] -- Installing: /home/yeap/APC_2022_Prac/airsimversion/autoware.ai/install/imm_ukf_pda_track/share/imm_ukf_pda_track/launch/imm_ukf_pda_track_option.launch
[84.939s] -- Installing: /home/yeap/APC_2022_Prac/airsimversion/autoware.ai/install/imm_ukf_pda_track/share/imm_ukf_pda_track/launch/imm_ukf_pda_track_lanelet2.launch
[84.939s] -- Installing: /home/yeap/APC_2022_Prac/airsimversion/autoware.ai/install/imm_ukf_pda_track/share/imm_ukf_pda_track/launch/imm_ukf_pda_track.launch
[84.947s] Invoked command in '/home/yeap/APC_2022_Prac/airsimversion/autoware.ai/build/imm_ukf_pda_track' returned '0': CMAKE_PREFIX_PATH=/home/yeap/APC_2022_Prac/airsimversion/autoware.ai/install/lanelet2_extension:/home/yeap/APC_2022_Prac/airsimversion/autoware.ai/install/lanelet2_validation:/home/yeap/APC_2022_Prac/airsimversion/autoware.ai/install/lanelet2_routing:/home/yeap/APC_2022_Prac/airsimversion/autoware.ai/install/lanelet2_projection:/home/yeap/APC_2022_Prac/airsimversion/autoware.ai/install/lanelet2_traffic_rules:/home/yeap/APC_2022_Prac/airsimversion/autoware.ai/install/lanelet2_maps:/home/yeap/APC_2022_Prac/airsimversion/autoware.ai/install/lanelet2_io:/home/yeap/APC_2022_Prac/airsimversion/autoware.ai/install/vector_map:/home/yeap/APC_2022_Prac/airsimversion/autoware.ai/install/lanelet2_core:/home/yeap/APC_2022_Prac/airsimversion/autoware.ai/install/amathutils_lib:/home/yeap/APC_2022_Prac/airsimversion/autoware.ai/install/vector_map_msgs:/home/yeap/APC_2022_Prac/airsimversion/autoware.ai/install/autoware_msgs:/home/yeap/APC_2022_Prac/airsimversion/autoware.ai/install/autoware_lanelet2_msgs:/home/yeap/APC_2022_Prac/airsimversion/autoware.ai/install/autoware_build_flags:${CMAKE_PREFIX_PATH} LD_LIBRARY_PATH=/home/yeap/APC_2022_Prac/airsimversion/autoware.ai/install/lanelet2_extension/lib:/home/yeap/APC_2022_Prac/airsimversion/autoware.ai/install/lanelet2_validation/lib:/home/yeap/APC_2022_Prac/airsimversion/autoware.ai/install/lanelet2_routing/lib:/home/yeap/APC_2022_Prac/airsimversion/autoware.ai/install/lanelet2_projection/lib:/home/yeap/APC_2022_Prac/airsimversion/autoware.ai/install/lanelet2_traffic_rules/lib:/home/yeap/APC_2022_Prac/airsimversion/autoware.ai/install/lanelet2_io/lib:/home/yeap/APC_2022_Prac/airsimversion/autoware.ai/install/vector_map/lib:/home/yeap/APC_2022_Prac/airsimversion/autoware.ai/install/lanelet2_core/lib:/home/yeap/APC_2022_Prac/airsimversion/autoware.ai/install/amathutils_lib/lib:${LD_LIBRARY_PATH} PKG_CONFIG_PATH=/home/yeap/APC_2022_Prac/airsimversion/autoware.ai/install/lanelet2_extension/lib/x86_64-linux-gnu/pkgconfig:/home/yeap/APC_2022_Prac/airsimversion/autoware.ai/install/lanelet2_extension/lib/pkgconfig:/home/yeap/APC_2022_Prac/airsimversion/autoware.ai/install/lanelet2_validation/lib/x86_64-linux-gnu/pkgconfig:/home/yeap/APC_2022_Prac/airsimversion/autoware.ai/install/lanelet2_validation/lib/pkgconfig:/home/yeap/APC_2022_Prac/airsimversion/autoware.ai/install/lanelet2_routing/lib/x86_64-linux-gnu/pkgconfig:/home/yeap/APC_2022_Prac/airsimversion/autoware.ai/install/lanelet2_routing/lib/pkgconfig:/home/yeap/APC_2022_Prac/airsimversion/autoware.ai/install/lanelet2_projection/lib/x86_64-linux-gnu/pkgconfig:/home/yeap/APC_2022_Prac/airsimversion/autoware.ai/install/lanelet2_projection/lib/pkgconfig:/home/yeap/APC_2022_Prac/airsimversion/autoware.ai/install/lanelet2_traffic_rules/lib/x86_64-linux-gnu/pkgconfig:/home/yeap/APC_2022_Prac/airsimversion/autoware.ai/install/lanelet2_traffic_rules/lib/pkgconfig:/home/yeap/APC_2022_Prac/airsimversion/autoware.ai/install/lanelet2_maps/lib/x86_64-linux-gnu/pkgconfig:/home/yeap/APC_2022_Prac/airsimversion/autoware.ai/install/lanelet2_maps/lib/pkgconfig:/home/yeap/APC_2022_Prac/airsimversion/autoware.ai/install/lanelet2_io/lib/x86_64-linux-gnu/pkgconfig:/home/yeap/APC_2022_Prac/airsimversion/autoware.ai/install/lanelet2_io/lib/pkgconfig:/home/yeap/APC_2022_Prac/airsimversion/autoware.ai/install/vector_map/lib/x86_64-linux-gnu/pkgconfig:/home/yeap/APC_2022_Prac/airsimversion/autoware.ai/install/vector_map/lib/pkgconfig:/home/yeap/APC_2022_Prac/airsimversion/autoware.ai/install/lanelet2_core/lib/x86_64-linux-gnu/pkgconfig:/home/yeap/APC_2022_Prac/airsimversion/autoware.ai/install/lanelet2_core/lib/pkgconfig:/home/yeap/APC_2022_Prac/airsimversion/autoware.ai/install/amathutils_lib/lib/x86_64-linux-gnu/pkgconfig:/home/yeap/APC_2022_Prac/airsimversion/autoware.ai/install/amathutils_lib/lib/pkgconfig:/home/yeap/APC_2022_Prac/airsimversion/autoware.ai/install/vector_map_msgs/lib/x86_64-linux-gnu/pkgconfig:/home/yeap/APC_2022_Prac/airsimversion/autoware.ai/install/vector_map_msgs/lib/pkgconfig:/home/yeap/APC_2022_Prac/airsimversion/autoware.ai/install/autoware_msgs/lib/x86_64-linux-gnu/pkgconfig:/home/yeap/APC_2022_Prac/airsimversion/autoware.ai/install/autoware_msgs/lib/pkgconfig:/home/yeap/APC_2022_Prac/airsimversion/autoware.ai/install/autoware_lanelet2_msgs/lib/x86_64-linux-gnu/pkgconfig:/home/yeap/APC_2022_Prac/airsimversion/autoware.ai/install/autoware_lanelet2_msgs/lib/pkgconfig:/home/yeap/APC_2022_Prac/airsimversion/autoware.ai/install/autoware_build_flags/lib/x86_64-linux-gnu/pkgconfig:/home/yeap/APC_2022_Prac/airsimversion/autoware.ai/install/autoware_build_flags/lib/pkgconfig:${PKG_CONFIG_PATH} PYTHONPATH=/home/yeap/APC_2022_Prac/airsimversion/autoware.ai/install/vector_map_msgs/lib/python2.7/dist-packages:/home/yeap/APC_2022_Prac/airsimversion/autoware.ai/install/autoware_msgs/lib/python2.7/dist-packages:/home/yeap/APC_2022_Prac/airsimversion/autoware.ai/install/autoware_lanelet2_msgs/lib/python2.7/dist-packages:${PYTHONPATH} ROS_PACKAGE_PATH=/home/yeap/APC_2022_Prac/airsimversion/autoware.ai/install/lanelet2_extension/share:/home/yeap/APC_2022_Prac/airsimversion/autoware.ai/install/lanelet2_validation/share:/home/yeap/APC_2022_Prac/airsimversion/autoware.ai/install/lanelet2_routing/share:/home/yeap/APC_2022_Prac/airsimversion/autoware.ai/install/lanelet2_projection/share:/home/yeap/APC_2022_Prac/airsimversion/autoware.ai/install/lanelet2_traffic_rules/share:/home/yeap/APC_2022_Prac/airsimversion/autoware.ai/install/lanelet2_maps/share:/home/yeap/APC_2022_Prac/airsimversion/autoware.ai/install/lanelet2_io/share:/home/yeap/APC_2022_Prac/airsimversion/autoware.ai/install/vector_map/share:/home/yeap/APC_2022_Prac/airsimversion/autoware.ai/install/lanelet2_core/share:/home/yeap/APC_2022_Prac/airsimversion/autoware.ai/install/amathutils_lib/share:/home/yeap/APC_2022_Prac/airsimversion/autoware.ai/install/vector_map_msgs/share:/home/yeap/APC_2022_Prac/airsimversion/autoware.ai/install/autoware_msgs/share:/home/yeap/APC_2022_Prac/airsimversion/autoware.ai/install/autoware_lanelet2_msgs/share:/home/yeap/APC_2022_Prac/airsimversion/autoware.ai/install/autoware_build_flags/share:${ROS_PACKAGE_PATH} /usr/bin/cmake --build /home/yeap/APC_2022_Prac/airsimversion/autoware.ai/build/imm_ukf_pda_track --target install -- -j6 -l6
