[0.015s] Invoking command in '/home/yeap/APC_2022_Prac/airsimversion/autoware.ai/build/graph_tools': /usr/bin/cmake /home/yeap/APC_2022_Prac/airsimversion/autoware.ai/src/autoware/utilities/graph_tools -DCMAKE_BUILD_TYPE=Release -DCATKIN_INSTALL_INTO_PREFIX_ROOT=0 -DCMAKE_INSTALL_PREFIX=/home/yeap/APC_2022_Prac/airsimversion/autoware.ai/install/graph_tools
[0.083s] -- The C compiler identification is GNU 7.5.0
[0.146s] -- The CXX compiler identification is GNU 7.5.0
[0.151s] -- Check for working C compiler: /usr/bin/cc
[0.221s] -- Check for working C compiler: /usr/bin/cc -- works
[0.222s] -- Detecting C compiler ABI info
[0.293s] -- Detecting C compiler ABI info - done
[0.302s] -- Detecting C compile features
[0.527s] -- Detecting C compile features - done
[0.530s] -- Check for working CXX compiler: /usr/bin/c++
[0.616s] -- Check for working CXX compiler: /usr/bin/c++ -- works
[0.616s] -- Detecting CXX compiler ABI info
[0.697s] -- Detecting CXX compiler ABI info - done
[0.706s] -- Detecting CXX compile features
[1.086s] -- Detecting CXX compile features - done
[1.088s] -- Using CATKIN_DEVEL_PREFIX: /home/yeap/APC_2022_Prac/airsimversion/autoware.ai/build/graph_tools/devel
[1.088s] -- Using CMAKE_PREFIX_PATH: /opt/ros/melodic
[1.088s] -- This workspace overlays: /opt/ros/melodic
[1.102s] -- Found PythonInterp: /usr/bin/python2 (found suitable version "2.7.17", minimum required is "2") 
[1.102s] -- Using PYTHON_EXECUTABLE: /usr/bin/python2
[1.102s] -- Using Debian Python package layout
[1.103s] -- Using empy: /usr/bin/empy
[1.290s] -- Using CATKIN_ENABLE_TESTING: ON
[1.291s] -- Call enable_testing()
[1.294s] -- Using CATKIN_TEST_RESULTS_DIR: /home/yeap/APC_2022_Prac/airsimversion/autoware.ai/build/graph_tools/test_results
[1.319s] -- Found gtest sources under '/usr/src/googletest': gtests will be built
[1.320s] -- Found gmock sources under '/usr/src/googletest': gmock will be built
[1.336s] -- Found PythonInterp: /usr/bin/python2 (found version "2.7.17") 
[1.337s] -- Looking for pthread.h
[1.417s] -- Looking for pthread.h - found
[1.418s] -- Looking for pthread_create
[1.498s] -- Looking for pthread_create - not found
[1.498s] -- Looking for pthread_create in pthreads
[1.572s] -- Looking for pthread_create in pthreads - not found
[1.574s] -- Looking for pthread_create in pthread
[1.667s] -- Looking for pthread_create in pthread - found
[1.669s] -- Found Threads: TRUE  
[1.674s] -- Using Python nosetests: /usr/bin/nosetests-2.7
[1.725s] -- catkin 0.7.29
[1.725s] -- BUILD_SHARED_LIBS is on
[1.947s] -- Configuring done
[1.960s] -- Generating done
[1.962s] -- Build files have been written to: /home/yeap/APC_2022_Prac/airsimversion/autoware.ai/build/graph_tools
[1.971s] Invoked command in '/home/yeap/APC_2022_Prac/airsimversion/autoware.ai/build/graph_tools' returned '0': /usr/bin/cmake /home/yeap/APC_2022_Prac/airsimversion/autoware.ai/src/autoware/utilities/graph_tools -DCMAKE_BUILD_TYPE=Release -DCATKIN_INSTALL_INTO_PREFIX_ROOT=0 -DCMAKE_INSTALL_PREFIX=/home/yeap/APC_2022_Prac/airsimversion/autoware.ai/install/graph_tools
[1.972s] Invoking command in '/home/yeap/APC_2022_Prac/airsimversion/autoware.ai/build/graph_tools': /usr/bin/cmake --build /home/yeap/APC_2022_Prac/airsimversion/autoware.ai/build/graph_tools -- -j6 -l6
[2.021s] Invoked command in '/home/yeap/APC_2022_Prac/airsimversion/autoware.ai/build/graph_tools' returned '0': /usr/bin/cmake --build /home/yeap/APC_2022_Prac/airsimversion/autoware.ai/build/graph_tools -- -j6 -l6
[2.058s] Invoking command in '/home/yeap/APC_2022_Prac/airsimversion/autoware.ai/build/graph_tools': /usr/bin/cmake --build /home/yeap/APC_2022_Prac/airsimversion/autoware.ai/build/graph_tools --target tests -- -j6 -l6
[2.121s] [35m[1mScanning dependencies of target tests[0m
[2.137s] Built target tests
[2.155s] Invoked command in '/home/yeap/APC_2022_Prac/airsimversion/autoware.ai/build/graph_tools' returned '0': /usr/bin/cmake --build /home/yeap/APC_2022_Prac/airsimversion/autoware.ai/build/graph_tools --target tests -- -j6 -l6
[2.223s] Invoking command in '/home/yeap/APC_2022_Prac/airsimversion/autoware.ai/build/graph_tools': /usr/bin/cmake --build /home/yeap/APC_2022_Prac/airsimversion/autoware.ai/build/graph_tools --target install -- -j6 -l6
[2.277s] [36mInstall the project...[0m
[2.287s] -- Install configuration: "Release"
[2.287s] -- Installing: /home/yeap/APC_2022_Prac/airsimversion/autoware.ai/install/graph_tools/lib/pkgconfig/graph_tools.pc
[2.287s] -- Installing: /home/yeap/APC_2022_Prac/airsimversion/autoware.ai/install/graph_tools/share/graph_tools/cmake/graph_toolsConfig.cmake
[2.287s] -- Installing: /home/yeap/APC_2022_Prac/airsimversion/autoware.ai/install/graph_tools/share/graph_tools/cmake/graph_toolsConfig-version.cmake
[2.287s] -- Installing: /home/yeap/APC_2022_Prac/airsimversion/autoware.ai/install/graph_tools/share/graph_tools/package.xml
[2.293s] Invoked command in '/home/yeap/APC_2022_Prac/airsimversion/autoware.ai/build/graph_tools' returned '0': /usr/bin/cmake --build /home/yeap/APC_2022_Prac/airsimversion/autoware.ai/build/graph_tools --target install -- -j6 -l6
