[0.073s] Invoking command in '/home/yeap/APC_2022_Prac/airsimversion/autoware.ai/build/naive_motion_predict': CMAKE_PREFIX_PATH=/home/yeap/APC_2022_Prac/airsimversion/autoware.ai/install/imm_ukf_pda_track:/home/yeap/APC_2022_Prac/airsimversion/autoware.ai/install/lanelet2_extension:/home/yeap/APC_2022_Prac/airsimversion/autoware.ai/install/lanelet2_validation:/home/yeap/APC_2022_Prac/airsimversion/autoware.ai/install/lanelet2_routing:/home/yeap/APC_2022_Prac/airsimversion/autoware.ai/install/lanelet2_projection:/home/yeap/APC_2022_Prac/airsimversion/autoware.ai/install/lanelet2_traffic_rules:/home/yeap/APC_2022_Prac/airsimversion/autoware.ai/install/lanelet2_maps:/home/yeap/APC_2022_Prac/airsimversion/autoware.ai/install/lanelet2_io:/home/yeap/APC_2022_Prac/airsimversion/autoware.ai/install/vector_map:/home/yeap/APC_2022_Prac/airsimversion/autoware.ai/install/lanelet2_core:/home/yeap/APC_2022_Prac/airsimversion/autoware.ai/install/amathutils_lib:/home/yeap/APC_2022_Prac/airsimversion/autoware.ai/install/vector_map_msgs:/home/yeap/APC_2022_Prac/airsimversion/autoware.ai/install/autoware_msgs:/home/yeap/APC_2022_Prac/airsimversion/autoware.ai/install/autoware_lanelet2_msgs:/home/yeap/APC_2022_Prac/airsimversion/autoware.ai/install/autoware_build_flags:${CMAKE_PREFIX_PATH} LD_LIBRARY_PATH=/home/yeap/APC_2022_Prac/airsimversion/autoware.ai/install/lanelet2_extension/lib:/home/yeap/APC_2022_Prac/airsimversion/autoware.ai/install/lanelet2_validation/lib:/home/yeap/APC_2022_Prac/airsimversion/autoware.ai/install/lanelet2_routing/lib:/home/yeap/APC_2022_Prac/airsimversion/autoware.ai/install/lanelet2_projection/lib:/home/yeap/APC_2022_Prac/airsimversion/autoware.ai/install/lanelet2_traffic_rules/lib:/home/yeap/APC_2022_Prac/airsimversion/autoware.ai/install/lanelet2_io/lib:/home/yeap/APC_2022_Prac/airsimversion/autoware.ai/install/vector_map/lib:/home/yeap/APC_2022_Prac/airsimversion/autoware.ai/install/lanelet2_core/lib:/home/yeap/APC_2022_Prac/airsimversion/autoware.ai/install/amathutils_lib/lib:${LD_LIBRARY_PATH} PKG_CONFIG_PATH=/home/yeap/APC_2022_Prac/airsimversion/autoware.ai/install/imm_ukf_pda_track/lib/x86_64-linux-gnu/pkgconfig:/home/yeap/APC_2022_Prac/airsimversion/autoware.ai/install/imm_ukf_pda_track/lib/pkgconfig:/home/yeap/APC_2022_Prac/airsimversion/autoware.ai/install/lanelet2_extension/lib/x86_64-linux-gnu/pkgconfig:/home/yeap/APC_2022_Prac/airsimversion/autoware.ai/install/lanelet2_extension/lib/pkgconfig:/home/yeap/APC_2022_Prac/airsimversion/autoware.ai/install/lanelet2_validation/lib/x86_64-linux-gnu/pkgconfig:/home/yeap/APC_2022_Prac/airsimversion/autoware.ai/install/lanelet2_validation/lib/pkgconfig:/home/yeap/APC_2022_Prac/airsimversion/autoware.ai/install/lanelet2_routing/lib/x86_64-linux-gnu/pkgconfig:/home/yeap/APC_2022_Prac/airsimversion/autoware.ai/install/lanelet2_routing/lib/pkgconfig:/home/yeap/APC_2022_Prac/airsimversion/autoware.ai/install/lanelet2_projection/lib/x86_64-linux-gnu/pkgconfig:/home/yeap/APC_2022_Prac/airsimversion/autoware.ai/install/lanelet2_projection/lib/pkgconfig:/home/yeap/APC_2022_Prac/airsimversion/autoware.ai/install/lanelet2_traffic_rules/lib/x86_64-linux-gnu/pkgconfig:/home/yeap/APC_2022_Prac/airsimversion/autoware.ai/install/lanelet2_traffic_rules/lib/pkgconfig:/home/yeap/APC_2022_Prac/airsimversion/autoware.ai/install/lanelet2_maps/lib/x86_64-linux-gnu/pkgconfig:/home/yeap/APC_2022_Prac/airsimversion/autoware.ai/install/lanelet2_maps/lib/pkgconfig:/home/yeap/APC_2022_Prac/airsimversion/autoware.ai/install/lanelet2_io/lib/x86_64-linux-gnu/pkgconfig:/home/yeap/APC_2022_Prac/airsimversion/autoware.ai/install/lanelet2_io/lib/pkgconfig:/home/yeap/APC_2022_Prac/airsimversion/autoware.ai/install/vector_map/lib/x86_64-linux-gnu/pkgconfig:/home/yeap/APC_2022_Prac/airsimversion/autoware.ai/install/vector_map/lib/pkgconfig:/home/yeap/APC_2022_Prac/airsimversion/autoware.ai/install/lanelet2_core/lib/x86_64-linux-gnu/pkgconfig:/home/yeap/APC_2022_Prac/airsimversion/autoware.ai/install/lanelet2_core/lib/pkgconfig:/home/yeap/APC_2022_Prac/airsimversion/autoware.ai/install/amathutils_lib/lib/x86_64-linux-gnu/pkgconfig:/home/yeap/APC_2022_Prac/airsimversion/autoware.ai/install/amathutils_lib/lib/pkgconfig:/home/yeap/APC_2022_Prac/airsimversion/autoware.ai/install/vector_map_msgs/lib/x86_64-linux-gnu/pkgconfig:/home/yeap/APC_2022_Prac/airsimversion/autoware.ai/install/vector_map_msgs/lib/pkgconfig:/home/yeap/APC_2022_Prac/airsimversion/autoware.ai/install/autoware_msgs/lib/x86_64-linux-gnu/pkgconfig:/home/yeap/APC_2022_Prac/airsimversion/autoware.ai/install/autoware_msgs/lib/pkgconfig:/home/yeap/APC_2022_Prac/airsimversion/autoware.ai/install/autoware_lanelet2_msgs/lib/x86_64-linux-gnu/pkgconfig:/home/yeap/APC_2022_Prac/airsimversion/autoware.ai/install/autoware_lanelet2_msgs/lib/pkgconfig:/home/yeap/APC_2022_Prac/airsimversion/autoware.ai/install/autoware_build_flags/lib/x86_64-linux-gnu/pkgconfig:/home/yeap/APC_2022_Prac/airsimversion/autoware.ai/install/autoware_build_flags/lib/pkgconfig:${PKG_CONFIG_PATH} PYTHONPATH=/home/yeap/APC_2022_Prac/airsimversion/autoware.ai/install/vector_map_msgs/lib/python2.7/dist-packages:/home/yeap/APC_2022_Prac/airsimversion/autoware.ai/install/autoware_msgs/lib/python2.7/dist-packages:/home/yeap/APC_2022_Prac/airsimversion/autoware.ai/install/autoware_lanelet2_msgs/lib/python2.7/dist-packages:${PYTHONPATH} ROS_PACKAGE_PATH=/home/yeap/APC_2022_Prac/airsimversion/autoware.ai/install/imm_ukf_pda_track/share:/home/yeap/APC_2022_Prac/airsimversion/autoware.ai/install/lanelet2_extension/share:/home/yeap/APC_2022_Prac/airsimversion/autoware.ai/install/lanelet2_validation/share:/home/yeap/APC_2022_Prac/airsimversion/autoware.ai/install/lanelet2_routing/share:/home/yeap/APC_2022_Prac/airsimversion/autoware.ai/install/lanelet2_projection/share:/home/yeap/APC_2022_Prac/airsimversion/autoware.ai/install/lanelet2_traffic_rules/share:/home/yeap/APC_2022_Prac/airsimversion/autoware.ai/install/lanelet2_maps/share:/home/yeap/APC_2022_Prac/airsimversion/autoware.ai/install/lanelet2_io/share:/home/yeap/APC_2022_Prac/airsimversion/autoware.ai/install/vector_map/share:/home/yeap/APC_2022_Prac/airsimversion/autoware.ai/install/lanelet2_core/share:/home/yeap/APC_2022_Prac/airsimversion/autoware.ai/install/amathutils_lib/share:/home/yeap/APC_2022_Prac/airsimversion/autoware.ai/install/vector_map_msgs/share:/home/yeap/APC_2022_Prac/airsimversion/autoware.ai/install/autoware_msgs/share:/home/yeap/APC_2022_Prac/airsimversion/autoware.ai/install/autoware_lanelet2_msgs/share:/home/yeap/APC_2022_Prac/airsimversion/autoware.ai/install/autoware_build_flags/share:${ROS_PACKAGE_PATH} /usr/bin/cmake /home/yeap/APC_2022_Prac/airsimversion/autoware.ai/src/autoware/core_perception/naive_motion_predict -DCMAKE_BUILD_TYPE=Release -DCATKIN_INSTALL_INTO_PREFIX_ROOT=0 -DCMAKE_INSTALL_PREFIX=/home/yeap/APC_2022_Prac/airsimversion/autoware.ai/install/naive_motion_predict
[0.148s] -- The C compiler identification is GNU 7.5.0
[0.213s] -- The CXX compiler identification is GNU 7.5.0
[0.219s] -- Check for working C compiler: /usr/bin/cc
[0.298s] -- Check for working C compiler: /usr/bin/cc -- works
[0.299s] -- Detecting C compiler ABI info
[0.381s] -- Detecting C compiler ABI info - done
[0.390s] -- Detecting C compile features
[0.684s] -- Detecting C compile features - done
[0.688s] -- Check for working CXX compiler: /usr/bin/c++
[0.780s] -- Check for working CXX compiler: /usr/bin/c++ -- works
[0.781s] -- Detecting CXX compiler ABI info
[0.875s] -- Detecting CXX compiler ABI info - done
[0.885s] -- Detecting CXX compile features
[1.301s] -- Detecting CXX compile features - done
[1.307s] -- Found PkgConfig: /usr/bin/pkg-config (found version "0.29.1") 
[1.310s] -- CUDA compilation status: .
[1.313s] -- Using CATKIN_DEVEL_PREFIX: /home/yeap/APC_2022_Prac/airsimversion/autoware.ai/build/naive_motion_predict/devel
[1.314s] -- Using CMAKE_PREFIX_PATH: /home/yeap/APC_2022_Prac/airsimversion/autoware.ai/install/imm_ukf_pda_track;/home/yeap/APC_2022_Prac/airsimversion/autoware.ai/install/lanelet2_extension;/home/yeap/APC_2022_Prac/airsimversion/autoware.ai/install/lanelet2_validation;/home/yeap/APC_2022_Prac/airsimversion/autoware.ai/install/lanelet2_routing;/home/yeap/APC_2022_Prac/airsimversion/autoware.ai/install/lanelet2_projection;/home/yeap/APC_2022_Prac/airsimversion/autoware.ai/install/lanelet2_traffic_rules;/home/yeap/APC_2022_Prac/airsimversion/autoware.ai/install/lanelet2_maps;/home/yeap/APC_2022_Prac/airsimversion/autoware.ai/install/lanelet2_io;/home/yeap/APC_2022_Prac/airsimversion/autoware.ai/install/vector_map;/home/yeap/APC_2022_Prac/airsimversion/autoware.ai/install/lanelet2_core;/home/yeap/APC_2022_Prac/airsimversion/autoware.ai/install/amathutils_lib;/home/yeap/APC_2022_Prac/airsimversion/autoware.ai/install/vector_map_msgs;/home/yeap/APC_2022_Prac/airsimversion/autoware.ai/install/autoware_msgs;/home/yeap/APC_2022_Prac/airsimversion/autoware.ai/install/autoware_lanelet2_msgs;/home/yeap/APC_2022_Prac/airsimversion/autoware.ai/install/autoware_build_flags;/opt/ros/melodic
[1.315s] -- This workspace overlays: /home/yeap/APC_2022_Prac/airsimversion/autoware.ai/install/imm_ukf_pda_track;/home/yeap/APC_2022_Prac/airsimversion/autoware.ai/install/lanelet2_extension;/home/yeap/APC_2022_Prac/airsimversion/autoware.ai/install/lanelet2_validation;/home/yeap/APC_2022_Prac/airsimversion/autoware.ai/install/lanelet2_routing;/home/yeap/APC_2022_Prac/airsimversion/autoware.ai/install/lanelet2_projection;/home/yeap/APC_2022_Prac/airsimversion/autoware.ai/install/lanelet2_traffic_rules;/home/yeap/APC_2022_Prac/airsimversion/autoware.ai/install/lanelet2_maps;/home/yeap/APC_2022_Prac/airsimversion/autoware.ai/install/lanelet2_io;/home/yeap/APC_2022_Prac/airsimversion/autoware.ai/install/vector_map;/home/yeap/APC_2022_Prac/airsimversion/autoware.ai/install/lanelet2_core;/home/yeap/APC_2022_Prac/airsimversion/autoware.ai/install/amathutils_lib;/home/yeap/APC_2022_Prac/airsimversion/autoware.ai/install/vector_map_msgs;/home/yeap/APC_2022_Prac/airsimversion/autoware.ai/install/autoware_msgs;/home/yeap/APC_2022_Prac/airsimversion/autoware.ai/install/autoware_lanelet2_msgs;/home/yeap/APC_2022_Prac/airsimversion/autoware.ai/install/autoware_build_flags;/opt/ros/melodic
[1.332s] -- Found PythonInterp: /usr/bin/python2 (found suitable version "2.7.17", minimum required is "2") 
[1.332s] -- Using PYTHON_EXECUTABLE: /usr/bin/python2
[1.332s] -- Using Debian Python package layout
[1.333s] -- Using empy: /usr/bin/empy
[1.517s] -- Using CATKIN_ENABLE_TESTING: ON
[1.517s] -- Call enable_testing()
[1.519s] -- Using CATKIN_TEST_RESULTS_DIR: /home/yeap/APC_2022_Prac/airsimversion/autoware.ai/build/naive_motion_predict/test_results
[1.544s] -- Found gtest sources under '/usr/src/googletest': gtests will be built
[1.544s] -- Found gmock sources under '/usr/src/googletest': gmock will be built
[1.559s] -- Found PythonInterp: /usr/bin/python2 (found version "2.7.17") 
[1.560s] -- Looking for pthread.h
[1.639s] -- Looking for pthread.h - found
[1.640s] -- Looking for pthread_create
[1.718s] -- Looking for pthread_create - not found
[1.718s] -- Looking for pthread_create in pthreads
[1.781s] -- Looking for pthread_create in pthreads - not found
[1.781s] -- Looking for pthread_create in pthread
[1.858s] -- Looking for pthread_create in pthread - found
[1.860s] -- Found Threads: TRUE  
[1.865s] -- Using Python nosetests: /usr/bin/nosetests-2.7
[1.914s] -- catkin 0.7.29
[1.914s] -- BUILD_SHARED_LIBS is on
[2.084s] -- Using these message generators: gencpp;geneus;genlisp;gennodejs;genpy
[2.463s] -- Configuring done
[2.502s] -- Generating done
[2.513s] -- Build files have been written to: /home/yeap/APC_2022_Prac/airsimversion/autoware.ai/build/naive_motion_predict
[2.522s] Invoked command in '/home/yeap/APC_2022_Prac/airsimversion/autoware.ai/build/naive_motion_predict' returned '0': CMAKE_PREFIX_PATH=/home/yeap/APC_2022_Prac/airsimversion/autoware.ai/install/imm_ukf_pda_track:/home/yeap/APC_2022_Prac/airsimversion/autoware.ai/install/lanelet2_extension:/home/yeap/APC_2022_Prac/airsimversion/autoware.ai/install/lanelet2_validation:/home/yeap/APC_2022_Prac/airsimversion/autoware.ai/install/lanelet2_routing:/home/yeap/APC_2022_Prac/airsimversion/autoware.ai/install/lanelet2_projection:/home/yeap/APC_2022_Prac/airsimversion/autoware.ai/install/lanelet2_traffic_rules:/home/yeap/APC_2022_Prac/airsimversion/autoware.ai/install/lanelet2_maps:/home/yeap/APC_2022_Prac/airsimversion/autoware.ai/install/lanelet2_io:/home/yeap/APC_2022_Prac/airsimversion/autoware.ai/install/vector_map:/home/yeap/APC_2022_Prac/airsimversion/autoware.ai/install/lanelet2_core:/home/yeap/APC_2022_Prac/airsimversion/autoware.ai/install/amathutils_lib:/home/yeap/APC_2022_Prac/airsimversion/autoware.ai/install/vector_map_msgs:/home/yeap/APC_2022_Prac/airsimversion/autoware.ai/install/autoware_msgs:/home/yeap/APC_2022_Prac/airsimversion/autoware.ai/install/autoware_lanelet2_msgs:/home/yeap/APC_2022_Prac/airsimversion/autoware.ai/install/autoware_build_flags:${CMAKE_PREFIX_PATH} LD_LIBRARY_PATH=/home/yeap/APC_2022_Prac/airsimversion/autoware.ai/install/lanelet2_extension/lib:/home/yeap/APC_2022_Prac/airsimversion/autoware.ai/install/lanelet2_validation/lib:/home/yeap/APC_2022_Prac/airsimversion/autoware.ai/install/lanelet2_routing/lib:/home/yeap/APC_2022_Prac/airsimversion/autoware.ai/install/lanelet2_projection/lib:/home/yeap/APC_2022_Prac/airsimversion/autoware.ai/install/lanelet2_traffic_rules/lib:/home/yeap/APC_2022_Prac/airsimversion/autoware.ai/install/lanelet2_io/lib:/home/yeap/APC_2022_Prac/airsimversion/autoware.ai/install/vector_map/lib:/home/yeap/APC_2022_Prac/airsimversion/autoware.ai/install/lanelet2_core/lib:/home/yeap/APC_2022_Prac/airsimversion/autoware.ai/install/amathutils_lib/lib:${LD_LIBRARY_PATH} PKG_CONFIG_PATH=/home/yeap/APC_2022_Prac/airsimversion/autoware.ai/install/imm_ukf_pda_track/lib/x86_64-linux-gnu/pkgconfig:/home/yeap/APC_2022_Prac/airsimversion/autoware.ai/install/imm_ukf_pda_track/lib/pkgconfig:/home/yeap/APC_2022_Prac/airsimversion/autoware.ai/install/lanelet2_extension/lib/x86_64-linux-gnu/pkgconfig:/home/yeap/APC_2022_Prac/airsimversion/autoware.ai/install/lanelet2_extension/lib/pkgconfig:/home/yeap/APC_2022_Prac/airsimversion/autoware.ai/install/lanelet2_validation/lib/x86_64-linux-gnu/pkgconfig:/home/yeap/APC_2022_Prac/airsimversion/autoware.ai/install/lanelet2_validation/lib/pkgconfig:/home/yeap/APC_2022_Prac/airsimversion/autoware.ai/install/lanelet2_routing/lib/x86_64-linux-gnu/pkgconfig:/home/yeap/APC_2022_Prac/airsimversion/autoware.ai/install/lanelet2_routing/lib/pkgconfig:/home/yeap/APC_2022_Prac/airsimversion/autoware.ai/install/lanelet2_projection/lib/x86_64-linux-gnu/pkgconfig:/home/yeap/APC_2022_Prac/airsimversion/autoware.ai/install/lanelet2_projection/lib/pkgconfig:/home/yeap/APC_2022_Prac/airsimversion/autoware.ai/install/lanelet2_traffic_rules/lib/x86_64-linux-gnu/pkgconfig:/home/yeap/APC_2022_Prac/airsimversion/autoware.ai/install/lanelet2_traffic_rules/lib/pkgconfig:/home/yeap/APC_2022_Prac/airsimversion/autoware.ai/install/lanelet2_maps/lib/x86_64-linux-gnu/pkgconfig:/home/yeap/APC_2022_Prac/airsimversion/autoware.ai/install/lanelet2_maps/lib/pkgconfig:/home/yeap/APC_2022_Prac/airsimversion/autoware.ai/install/lanelet2_io/lib/x86_64-linux-gnu/pkgconfig:/home/yeap/APC_2022_Prac/airsimversion/autoware.ai/install/lanelet2_io/lib/pkgconfig:/home/yeap/APC_2022_Prac/airsimversion/autoware.ai/install/vector_map/lib/x86_64-linux-gnu/pkgconfig:/home/yeap/APC_2022_Prac/airsimversion/autoware.ai/install/vector_map/lib/pkgconfig:/home/yeap/APC_2022_Prac/airsimversion/autoware.ai/install/lanelet2_core/lib/x86_64-linux-gnu/pkgconfig:/home/yeap/APC_2022_Prac/airsimversion/autoware.ai/install/lanelet2_core/lib/pkgconfig:/home/yeap/APC_2022_Prac/airsimversion/autoware.ai/install/amathutils_lib/lib/x86_64-linux-gnu/pkgconfig:/home/yeap/APC_2022_Prac/airsimversion/autoware.ai/install/amathutils_lib/lib/pkgconfig:/home/yeap/APC_2022_Prac/airsimversion/autoware.ai/install/vector_map_msgs/lib/x86_64-linux-gnu/pkgconfig:/home/yeap/APC_2022_Prac/airsimversion/autoware.ai/install/vector_map_msgs/lib/pkgconfig:/home/yeap/APC_2022_Prac/airsimversion/autoware.ai/install/autoware_msgs/lib/x86_64-linux-gnu/pkgconfig:/home/yeap/APC_2022_Prac/airsimversion/autoware.ai/install/autoware_msgs/lib/pkgconfig:/home/yeap/APC_2022_Prac/airsimversion/autoware.ai/install/autoware_lanelet2_msgs/lib/x86_64-linux-gnu/pkgconfig:/home/yeap/APC_2022_Prac/airsimversion/autoware.ai/install/autoware_lanelet2_msgs/lib/pkgconfig:/home/yeap/APC_2022_Prac/airsimversion/autoware.ai/install/autoware_build_flags/lib/x86_64-linux-gnu/pkgconfig:/home/yeap/APC_2022_Prac/airsimversion/autoware.ai/install/autoware_build_flags/lib/pkgconfig:${PKG_CONFIG_PATH} PYTHONPATH=/home/yeap/APC_2022_Prac/airsimversion/autoware.ai/install/vector_map_msgs/lib/python2.7/dist-packages:/home/yeap/APC_2022_Prac/airsimversion/autoware.ai/install/autoware_msgs/lib/python2.7/dist-packages:/home/yeap/APC_2022_Prac/airsimversion/autoware.ai/install/autoware_lanelet2_msgs/lib/python2.7/dist-packages:${PYTHONPATH} ROS_PACKAGE_PATH=/home/yeap/APC_2022_Prac/airsimversion/autoware.ai/install/imm_ukf_pda_track/share:/home/yeap/APC_2022_Prac/airsimversion/autoware.ai/install/lanelet2_extension/share:/home/yeap/APC_2022_Prac/airsimversion/autoware.ai/install/lanelet2_validation/share:/home/yeap/APC_2022_Prac/airsimversion/autoware.ai/install/lanelet2_routing/share:/home/yeap/APC_2022_Prac/airsimversion/autoware.ai/install/lanelet2_projection/share:/home/yeap/APC_2022_Prac/airsimversion/autoware.ai/install/lanelet2_traffic_rules/share:/home/yeap/APC_2022_Prac/airsimversion/autoware.ai/install/lanelet2_maps/share:/home/yeap/APC_2022_Prac/airsimversion/autoware.ai/install/lanelet2_io/share:/home/yeap/APC_2022_Prac/airsimversion/autoware.ai/install/vector_map/share:/home/yeap/APC_2022_Prac/airsimversion/autoware.ai/install/lanelet2_core/share:/home/yeap/APC_2022_Prac/airsimversion/autoware.ai/install/amathutils_lib/share:/home/yeap/APC_2022_Prac/airsimversion/autoware.ai/install/vector_map_msgs/share:/home/yeap/APC_2022_Prac/airsimversion/autoware.ai/install/autoware_msgs/share:/home/yeap/APC_2022_Prac/airsimversion/autoware.ai/install/autoware_lanelet2_msgs/share:/home/yeap/APC_2022_Prac/airsimversion/autoware.ai/install/autoware_build_flags/share:${ROS_PACKAGE_PATH} /usr/bin/cmake /home/yeap/APC_2022_Prac/airsimversion/autoware.ai/src/autoware/core_perception/naive_motion_predict -DCMAKE_BUILD_TYPE=Release -DCATKIN_INSTALL_INTO_PREFIX_ROOT=0 -DCMAKE_INSTALL_PREFIX=/home/yeap/APC_2022_Prac/airsimversion/autoware.ai/install/naive_motion_predict
[2.523s] Invoking command in '/home/yeap/APC_2022_Prac/airsimversion/autoware.ai/build/naive_motion_predict': CMAKE_PREFIX_PATH=/home/yeap/APC_2022_Prac/airsimversion/autoware.ai/install/imm_ukf_pda_track:/home/yeap/APC_2022_Prac/airsimversion/autoware.ai/install/lanelet2_extension:/home/yeap/APC_2022_Prac/airsimversion/autoware.ai/install/lanelet2_validation:/home/yeap/APC_2022_Prac/airsimversion/autoware.ai/install/lanelet2_routing:/home/yeap/APC_2022_Prac/airsimversion/autoware.ai/install/lanelet2_projection:/home/yeap/APC_2022_Prac/airsimversion/autoware.ai/install/lanelet2_traffic_rules:/home/yeap/APC_2022_Prac/airsimversion/autoware.ai/install/lanelet2_maps:/home/yeap/APC_2022_Prac/airsimversion/autoware.ai/install/lanelet2_io:/home/yeap/APC_2022_Prac/airsimversion/autoware.ai/install/vector_map:/home/yeap/APC_2022_Prac/airsimversion/autoware.ai/install/lanelet2_core:/home/yeap/APC_2022_Prac/airsimversion/autoware.ai/install/amathutils_lib:/home/yeap/APC_2022_Prac/airsimversion/autoware.ai/install/vector_map_msgs:/home/yeap/APC_2022_Prac/airsimversion/autoware.ai/install/autoware_msgs:/home/yeap/APC_2022_Prac/airsimversion/autoware.ai/install/autoware_lanelet2_msgs:/home/yeap/APC_2022_Prac/airsimversion/autoware.ai/install/autoware_build_flags:${CMAKE_PREFIX_PATH} LD_LIBRARY_PATH=/home/yeap/APC_2022_Prac/airsimversion/autoware.ai/install/lanelet2_extension/lib:/home/yeap/APC_2022_Prac/airsimversion/autoware.ai/install/lanelet2_validation/lib:/home/yeap/APC_2022_Prac/airsimversion/autoware.ai/install/lanelet2_routing/lib:/home/yeap/APC_2022_Prac/airsimversion/autoware.ai/install/lanelet2_projection/lib:/home/yeap/APC_2022_Prac/airsimversion/autoware.ai/install/lanelet2_traffic_rules/lib:/home/yeap/APC_2022_Prac/airsimversion/autoware.ai/install/lanelet2_io/lib:/home/yeap/APC_2022_Prac/airsimversion/autoware.ai/install/vector_map/lib:/home/yeap/APC_2022_Prac/airsimversion/autoware.ai/install/lanelet2_core/lib:/home/yeap/APC_2022_Prac/airsimversion/autoware.ai/install/amathutils_lib/lib:${LD_LIBRARY_PATH} PKG_CONFIG_PATH=/home/yeap/APC_2022_Prac/airsimversion/autoware.ai/install/imm_ukf_pda_track/lib/x86_64-linux-gnu/pkgconfig:/home/yeap/APC_2022_Prac/airsimversion/autoware.ai/install/imm_ukf_pda_track/lib/pkgconfig:/home/yeap/APC_2022_Prac/airsimversion/autoware.ai/install/lanelet2_extension/lib/x86_64-linux-gnu/pkgconfig:/home/yeap/APC_2022_Prac/airsimversion/autoware.ai/install/lanelet2_extension/lib/pkgconfig:/home/yeap/APC_2022_Prac/airsimversion/autoware.ai/install/lanelet2_validation/lib/x86_64-linux-gnu/pkgconfig:/home/yeap/APC_2022_Prac/airsimversion/autoware.ai/install/lanelet2_validation/lib/pkgconfig:/home/yeap/APC_2022_Prac/airsimversion/autoware.ai/install/lanelet2_routing/lib/x86_64-linux-gnu/pkgconfig:/home/yeap/APC_2022_Prac/airsimversion/autoware.ai/install/lanelet2_routing/lib/pkgconfig:/home/yeap/APC_2022_Prac/airsimversion/autoware.ai/install/lanelet2_projection/lib/x86_64-linux-gnu/pkgconfig:/home/yeap/APC_2022_Prac/airsimversion/autoware.ai/install/lanelet2_projection/lib/pkgconfig:/home/yeap/APC_2022_Prac/airsimversion/autoware.ai/install/lanelet2_traffic_rules/lib/x86_64-linux-gnu/pkgconfig:/home/yeap/APC_2022_Prac/airsimversion/autoware.ai/install/lanelet2_traffic_rules/lib/pkgconfig:/home/yeap/APC_2022_Prac/airsimversion/autoware.ai/install/lanelet2_maps/lib/x86_64-linux-gnu/pkgconfig:/home/yeap/APC_2022_Prac/airsimversion/autoware.ai/install/lanelet2_maps/lib/pkgconfig:/home/yeap/APC_2022_Prac/airsimversion/autoware.ai/install/lanelet2_io/lib/x86_64-linux-gnu/pkgconfig:/home/yeap/APC_2022_Prac/airsimversion/autoware.ai/install/lanelet2_io/lib/pkgconfig:/home/yeap/APC_2022_Prac/airsimversion/autoware.ai/install/vector_map/lib/x86_64-linux-gnu/pkgconfig:/home/yeap/APC_2022_Prac/airsimversion/autoware.ai/install/vector_map/lib/pkgconfig:/home/yeap/APC_2022_Prac/airsimversion/autoware.ai/install/lanelet2_core/lib/x86_64-linux-gnu/pkgconfig:/home/yeap/APC_2022_Prac/airsimversion/autoware.ai/install/lanelet2_core/lib/pkgconfig:/home/yeap/APC_2022_Prac/airsimversion/autoware.ai/install/amathutils_lib/lib/x86_64-linux-gnu/pkgconfig:/home/yeap/APC_2022_Prac/airsimversion/autoware.ai/install/amathutils_lib/lib/pkgconfig:/home/yeap/APC_2022_Prac/airsimversion/autoware.ai/install/vector_map_msgs/lib/x86_64-linux-gnu/pkgconfig:/home/yeap/APC_2022_Prac/airsimversion/autoware.ai/install/vector_map_msgs/lib/pkgconfig:/home/yeap/APC_2022_Prac/airsimversion/autoware.ai/install/autoware_msgs/lib/x86_64-linux-gnu/pkgconfig:/home/yeap/APC_2022_Prac/airsimversion/autoware.ai/install/autoware_msgs/lib/pkgconfig:/home/yeap/APC_2022_Prac/airsimversion/autoware.ai/install/autoware_lanelet2_msgs/lib/x86_64-linux-gnu/pkgconfig:/home/yeap/APC_2022_Prac/airsimversion/autoware.ai/install/autoware_lanelet2_msgs/lib/pkgconfig:/home/yeap/APC_2022_Prac/airsimversion/autoware.ai/install/autoware_build_flags/lib/x86_64-linux-gnu/pkgconfig:/home/yeap/APC_2022_Prac/airsimversion/autoware.ai/install/autoware_build_flags/lib/pkgconfig:${PKG_CONFIG_PATH} PYTHONPATH=/home/yeap/APC_2022_Prac/airsimversion/autoware.ai/install/vector_map_msgs/lib/python2.7/dist-packages:/home/yeap/APC_2022_Prac/airsimversion/autoware.ai/install/autoware_msgs/lib/python2.7/dist-packages:/home/yeap/APC_2022_Prac/airsimversion/autoware.ai/install/autoware_lanelet2_msgs/lib/python2.7/dist-packages:${PYTHONPATH} ROS_PACKAGE_PATH=/home/yeap/APC_2022_Prac/airsimversion/autoware.ai/install/imm_ukf_pda_track/share:/home/yeap/APC_2022_Prac/airsimversion/autoware.ai/install/lanelet2_extension/share:/home/yeap/APC_2022_Prac/airsimversion/autoware.ai/install/lanelet2_validation/share:/home/yeap/APC_2022_Prac/airsimversion/autoware.ai/install/lanelet2_routing/share:/home/yeap/APC_2022_Prac/airsimversion/autoware.ai/install/lanelet2_projection/share:/home/yeap/APC_2022_Prac/airsimversion/autoware.ai/install/lanelet2_traffic_rules/share:/home/yeap/APC_2022_Prac/airsimversion/autoware.ai/install/lanelet2_maps/share:/home/yeap/APC_2022_Prac/airsimversion/autoware.ai/install/lanelet2_io/share:/home/yeap/APC_2022_Prac/airsimversion/autoware.ai/install/vector_map/share:/home/yeap/APC_2022_Prac/airsimversion/autoware.ai/install/lanelet2_core/share:/home/yeap/APC_2022_Prac/airsimversion/autoware.ai/install/amathutils_lib/share:/home/yeap/APC_2022_Prac/airsimversion/autoware.ai/install/vector_map_msgs/share:/home/yeap/APC_2022_Prac/airsimversion/autoware.ai/install/autoware_msgs/share:/home/yeap/APC_2022_Prac/airsimversion/autoware.ai/install/autoware_lanelet2_msgs/share:/home/yeap/APC_2022_Prac/airsimversion/autoware.ai/install/autoware_build_flags/share:${ROS_PACKAGE_PATH} /usr/bin/cmake --build /home/yeap/APC_2022_Prac/airsimversion/autoware.ai/build/naive_motion_predict -- -j6 -l6
[2.579s] [35m[1mScanning dependencies of target vector_map_msgs_generate_messages_eus[0m
[2.591s] [  0%] Built target vector_map_msgs_generate_messages_eus
[2.604s] [35m[1mScanning dependencies of target jsk_recognition_msgs_generate_messages_lisp[0m
[2.617s] [  0%] Built target jsk_recognition_msgs_generate_messages_lisp
[2.629s] [35m[1mScanning dependencies of target jsk_recognition_msgs_generate_messages_eus[0m
[2.642s] [  0%] Built target jsk_recognition_msgs_generate_messages_eus
[2.654s] [35m[1mScanning dependencies of target tf2_msgs_generate_messages_cpp[0m
[2.669s] [  0%] Built target tf2_msgs_generate_messages_cpp
[2.681s] [35m[1mScanning dependencies of target std_msgs_generate_messages_py[0m
[2.694s] [  0%] Built target std_msgs_generate_messages_py
[2.707s] [35m[1mScanning dependencies of target autoware_msgs_generate_messages_py[0m
[2.720s] [  0%] Built target autoware_msgs_generate_messages_py
[2.733s] [35m[1mScanning dependencies of target std_msgs_generate_messages_nodejs[0m
[2.746s] [  0%] Built target std_msgs_generate_messages_nodejs
[2.758s] [35m[1mScanning dependencies of target sensor_msgs_generate_messages_eus[0m
[2.773s] [  0%] Built target sensor_msgs_generate_messages_eus
[2.786s] [35m[1mScanning dependencies of target _catkin_empty_exported_target[0m
[2.798s] [  0%] Built target _catkin_empty_exported_target
[2.811s] [35m[1mScanning dependencies of target sensor_msgs_generate_messages_cpp[0m
[2.823s] [  0%] Built target sensor_msgs_generate_messages_cpp
[2.836s] [35m[1mScanning dependencies of target autoware_msgs_generate_messages_cpp[0m
[2.848s] [  0%] Built target autoware_msgs_generate_messages_cpp
[2.860s] [35m[1mScanning dependencies of target vector_map_msgs_generate_messages_py[0m
[2.874s] [  0%] Built target vector_map_msgs_generate_messages_py
[2.889s] [35m[1mScanning dependencies of target vector_map_msgs_generate_messages_nodejs[0m
[2.901s] [  0%] Built target vector_map_msgs_generate_messages_nodejs
[2.914s] [35m[1mScanning dependencies of target vector_map_msgs_generate_messages_lisp[0m
[2.926s] [  0%] Built target vector_map_msgs_generate_messages_lisp
[2.938s] [35m[1mScanning dependencies of target geometry_msgs_generate_messages_py[0m
[2.951s] [  0%] Built target geometry_msgs_generate_messages_py
[2.966s] [35m[1mScanning dependencies of target sensor_msgs_generate_messages_nodejs[0m
[2.979s] [  0%] Built target sensor_msgs_generate_messages_nodejs
[2.992s] [35m[1mScanning dependencies of target rosgraph_msgs_generate_messages_cpp[0m
[3.005s] [  0%] Built target rosgraph_msgs_generate_messages_cpp
[3.017s] [35m[1mScanning dependencies of target pcl_msgs_generate_messages_nodejs[0m
[3.030s] [  0%] Built target pcl_msgs_generate_messages_nodejs
[3.043s] [35m[1mScanning dependencies of target jsk_recognition_msgs_generate_messages_py[0m
[3.056s] [  0%] Built target jsk_recognition_msgs_generate_messages_py
[3.071s] [35m[1mScanning dependencies of target sensor_msgs_generate_messages_lisp[0m
[3.084s] [  0%] Built target sensor_msgs_generate_messages_lisp
[3.098s] [35m[1mScanning dependencies of target sensor_msgs_generate_messages_py[0m
[3.111s] [  0%] Built target sensor_msgs_generate_messages_py
[3.123s] [35m[1mScanning dependencies of target tf_generate_messages_py[0m
[3.137s] [  0%] Built target tf_generate_messages_py
[3.150s] [35m[1mScanning dependencies of target std_msgs_generate_messages_cpp[0m
[3.165s] [  0%] Built target std_msgs_generate_messages_cpp
[3.178s] [35m[1mScanning dependencies of target jsk_footstep_msgs_generate_messages_py[0m
[3.191s] [  0%] Built target jsk_footstep_msgs_generate_messages_py
[3.204s] [35m[1mScanning dependencies of target visualization_msgs_generate_messages_nodejs[0m
[3.218s] [  0%] Built target visualization_msgs_generate_messages_nodejs
[3.231s] [35m[1mScanning dependencies of target actionlib_msgs_generate_messages_nodejs[0m
[3.244s] [  0%] Built target actionlib_msgs_generate_messages_nodejs
[3.257s] [35m[1mScanning dependencies of target geometry_msgs_generate_messages_eus[0m
[3.272s] [  0%] Built target geometry_msgs_generate_messages_eus
[3.286s] [35m[1mScanning dependencies of target std_msgs_generate_messages_lisp[0m
[3.299s] [  0%] Built target std_msgs_generate_messages_lisp
[3.310s] [35m[1mScanning dependencies of target roscpp_generate_messages_nodejs[0m
[3.323s] [  0%] Built target roscpp_generate_messages_nodejs
[3.336s] [35m[1mScanning dependencies of target geometry_msgs_generate_messages_nodejs[0m
[3.350s] [  0%] Built target geometry_msgs_generate_messages_nodejs
[3.363s] [35m[1mScanning dependencies of target geometry_msgs_generate_messages_lisp[0m
[3.377s] [  0%] Built target geometry_msgs_generate_messages_lisp
[3.390s] [35m[1mScanning dependencies of target pcl_msgs_generate_messages_cpp[0m
[3.403s] [  0%] Built target pcl_msgs_generate_messages_cpp
[3.416s] [35m[1mScanning dependencies of target jsk_recognition_msgs_generate_messages_cpp[0m
[3.429s] [  0%] Built target jsk_recognition_msgs_generate_messages_cpp
[3.442s] [35m[1mScanning dependencies of target autoware_msgs_generate_messages_eus[0m
[3.455s] [  0%] Built target autoware_msgs_generate_messages_eus
[3.468s] [35m[1mScanning dependencies of target autoware_msgs_generate_messages_lisp[0m
[3.481s] [  0%] Built target autoware_msgs_generate_messages_lisp
[3.494s] [35m[1mScanning dependencies of target visualization_msgs_generate_messages_lisp[0m
[3.507s] [  0%] Built target visualization_msgs_generate_messages_lisp
[3.519s] [35m[1mScanning dependencies of target std_msgs_generate_messages_eus[0m
[3.532s] [  0%] Built target std_msgs_generate_messages_eus
[3.545s] [35m[1mScanning dependencies of target autoware_msgs_generate_messages_nodejs[0m
[3.558s] [  0%] Built target autoware_msgs_generate_messages_nodejs
[3.572s] [35m[1mScanning dependencies of target jsk_footstep_msgs_generate_messages_eus[0m
[3.586s] [  0%] Built target jsk_footstep_msgs_generate_messages_eus
[3.600s] [35m[1mScanning dependencies of target actionlib_msgs_generate_messages_py[0m
[3.614s] [  0%] Built target actionlib_msgs_generate_messages_py
[3.627s] [35m[1mScanning dependencies of target jsk_footstep_msgs_generate_messages_lisp[0m
[3.641s] [  0%] Built target jsk_footstep_msgs_generate_messages_lisp
[3.655s] [35m[1mScanning dependencies of target jsk_footstep_msgs_generate_messages_nodejs[0m
[3.670s] [  0%] Built target jsk_footstep_msgs_generate_messages_nodejs
[3.684s] [35m[1mScanning dependencies of target actionlib_msgs_generate_messages_lisp[0m
[3.697s] [  0%] Built target actionlib_msgs_generate_messages_lisp
[3.711s] [35m[1mScanning dependencies of target jsk_footstep_msgs_generate_messages_cpp[0m
[3.724s] [  0%] Built target jsk_footstep_msgs_generate_messages_cpp
[3.736s] [35m[1mScanning dependencies of target actionlib_msgs_generate_messages_cpp[0m
[3.749s] [  0%] Built target actionlib_msgs_generate_messages_cpp
[3.762s] [35m[1mScanning dependencies of target tf_generate_messages_eus[0m
[3.776s] [  0%] Built target tf_generate_messages_eus
[3.790s] [35m[1mScanning dependencies of target tf_generate_messages_lisp[0m
[3.804s] [  0%] Built target tf_generate_messages_lisp
[3.817s] [35m[1mScanning dependencies of target tf_generate_messages_nodejs[0m
[3.829s] [  0%] Built target tf_generate_messages_nodejs
[3.842s] [35m[1mScanning dependencies of target jsk_recognition_msgs_generate_messages_nodejs[0m
[3.855s] [  0%] Built target jsk_recognition_msgs_generate_messages_nodejs
[3.869s] [35m[1mScanning dependencies of target roscpp_generate_messages_lisp[0m
[3.882s] [  0%] Built target roscpp_generate_messages_lisp
[3.894s] [35m[1mScanning dependencies of target roscpp_generate_messages_py[0m
[3.907s] [  0%] Built target roscpp_generate_messages_py
[3.919s] [35m[1mScanning dependencies of target rosgraph_msgs_generate_messages_lisp[0m
[3.932s] [  0%] Built target rosgraph_msgs_generate_messages_lisp
[3.944s] [35m[1mScanning dependencies of target rosgraph_msgs_generate_messages_nodejs[0m
[3.956s] [  0%] Built target rosgraph_msgs_generate_messages_nodejs
[3.971s] [35m[1mScanning dependencies of target roscpp_generate_messages_eus[0m
[3.984s] [  0%] Built target roscpp_generate_messages_eus
[3.998s] [35m[1mScanning dependencies of target actionlib_msgs_generate_messages_eus[0m
[4.011s] [  0%] Built target actionlib_msgs_generate_messages_eus
[4.024s] [35m[1mScanning dependencies of target rosgraph_msgs_generate_messages_py[0m
[4.037s] [  0%] Built target rosgraph_msgs_generate_messages_py
[4.050s] [35m[1mScanning dependencies of target pcl_msgs_generate_messages_py[0m
[4.064s] [  0%] Built target pcl_msgs_generate_messages_py
[4.077s] [35m[1mScanning dependencies of target actionlib_generate_messages_eus[0m
[4.090s] [  0%] Built target actionlib_generate_messages_eus
[4.103s] [35m[1mScanning dependencies of target geometry_msgs_generate_messages_cpp[0m
[4.116s] [  0%] Built target geometry_msgs_generate_messages_cpp
[4.129s] [35m[1mScanning dependencies of target actionlib_generate_messages_lisp[0m
[4.141s] [  0%] Built target actionlib_generate_messages_lisp
[4.154s] [35m[1mScanning dependencies of target pcl_msgs_generate_messages_lisp[0m
[4.169s] [  0%] Built target pcl_msgs_generate_messages_lisp
[4.181s] [35m[1mScanning dependencies of target tf_generate_messages_cpp[0m
[4.194s] [  0%] Built target tf_generate_messages_cpp
[4.215s] [35m[1mScanning dependencies of target actionlib_generate_messages_nodejs[0m
[4.228s] [  0%] Built target actionlib_generate_messages_nodejs
[4.241s] [35m[1mScanning dependencies of target tf2_msgs_generate_messages_lisp[0m
[4.254s] [  0%] Built target tf2_msgs_generate_messages_lisp
[4.268s] [35m[1mScanning dependencies of target actionlib_generate_messages_py[0m
[4.280s] [  0%] Built target actionlib_generate_messages_py
[4.294s] [35m[1mScanning dependencies of target tf2_msgs_generate_messages_py[0m
[4.306s] [  0%] Built target tf2_msgs_generate_messages_py
[4.318s] [35m[1mScanning dependencies of target tf2_msgs_generate_messages_nodejs[0m
[4.330s] [  0%] Built target tf2_msgs_generate_messages_nodejs
[4.343s] [35m[1mScanning dependencies of target tf2_msgs_generate_messages_eus[0m
[4.358s] [  0%] Built target tf2_msgs_generate_messages_eus
[4.373s] [35m[1mScanning dependencies of target visualization_msgs_generate_messages_cpp[0m
[4.386s] [  0%] Built target visualization_msgs_generate_messages_cpp
[4.398s] [35m[1mScanning dependencies of target visualization_msgs_generate_messages_eus[0m
[4.410s] [  0%] Built target visualization_msgs_generate_messages_eus
[4.433s] [35m[1mScanning dependencies of target visualization_msgs_generate_messages_py[0m
[4.446s] [  0%] Built target visualization_msgs_generate_messages_py
[4.457s] [35m[1mScanning dependencies of target vector_map_msgs_generate_messages_cpp[0m
[4.469s] [  0%] Built target vector_map_msgs_generate_messages_cpp
[4.486s] [35m[1mScanning dependencies of target rosgraph_msgs_generate_messages_eus[0m
[4.497s] [  0%] Built target rosgraph_msgs_generate_messages_eus
[4.509s] [35m[1mScanning dependencies of target pcl_msgs_generate_messages_eus[0m
[4.527s] [  0%] Built target pcl_msgs_generate_messages_eus
[4.538s] [35m[1mScanning dependencies of target actionlib_generate_messages_cpp[0m
[4.551s] [  0%] Built target actionlib_generate_messages_cpp
[4.561s] [35m[1mScanning dependencies of target roscpp_generate_messages_cpp[0m
[4.584s] [  0%] Built target roscpp_generate_messages_cpp
[4.597s] [35m[1mScanning dependencies of target naive_motion_predict[0m
[4.626s] [ 33%] [32mBuilding CXX object CMakeFiles/naive_motion_predict.dir/nodes/naive_motion_predict/naive_motion_predict_node.cpp.o[0m
[6.081s] [ 66%] [32mBuilding CXX object CMakeFiles/naive_motion_predict.dir/nodes/naive_motion_predict/naive_motion_predict.cpp.o[0m
[9.996s] [100%] [32m[1mLinking CXX executable devel/lib/naive_motion_predict/naive_motion_predict[0m
[10.199s] [100%] Built target naive_motion_predict
[10.216s] Invoked command in '/home/yeap/APC_2022_Prac/airsimversion/autoware.ai/build/naive_motion_predict' returned '0': CMAKE_PREFIX_PATH=/home/yeap/APC_2022_Prac/airsimversion/autoware.ai/install/imm_ukf_pda_track:/home/yeap/APC_2022_Prac/airsimversion/autoware.ai/install/lanelet2_extension:/home/yeap/APC_2022_Prac/airsimversion/autoware.ai/install/lanelet2_validation:/home/yeap/APC_2022_Prac/airsimversion/autoware.ai/install/lanelet2_routing:/home/yeap/APC_2022_Prac/airsimversion/autoware.ai/install/lanelet2_projection:/home/yeap/APC_2022_Prac/airsimversion/autoware.ai/install/lanelet2_traffic_rules:/home/yeap/APC_2022_Prac/airsimversion/autoware.ai/install/lanelet2_maps:/home/yeap/APC_2022_Prac/airsimversion/autoware.ai/install/lanelet2_io:/home/yeap/APC_2022_Prac/airsimversion/autoware.ai/install/vector_map:/home/yeap/APC_2022_Prac/airsimversion/autoware.ai/install/lanelet2_core:/home/yeap/APC_2022_Prac/airsimversion/autoware.ai/install/amathutils_lib:/home/yeap/APC_2022_Prac/airsimversion/autoware.ai/install/vector_map_msgs:/home/yeap/APC_2022_Prac/airsimversion/autoware.ai/install/autoware_msgs:/home/yeap/APC_2022_Prac/airsimversion/autoware.ai/install/autoware_lanelet2_msgs:/home/yeap/APC_2022_Prac/airsimversion/autoware.ai/install/autoware_build_flags:${CMAKE_PREFIX_PATH} LD_LIBRARY_PATH=/home/yeap/APC_2022_Prac/airsimversion/autoware.ai/install/lanelet2_extension/lib:/home/yeap/APC_2022_Prac/airsimversion/autoware.ai/install/lanelet2_validation/lib:/home/yeap/APC_2022_Prac/airsimversion/autoware.ai/install/lanelet2_routing/lib:/home/yeap/APC_2022_Prac/airsimversion/autoware.ai/install/lanelet2_projection/lib:/home/yeap/APC_2022_Prac/airsimversion/autoware.ai/install/lanelet2_traffic_rules/lib:/home/yeap/APC_2022_Prac/airsimversion/autoware.ai/install/lanelet2_io/lib:/home/yeap/APC_2022_Prac/airsimversion/autoware.ai/install/vector_map/lib:/home/yeap/APC_2022_Prac/airsimversion/autoware.ai/install/lanelet2_core/lib:/home/yeap/APC_2022_Prac/airsimversion/autoware.ai/install/amathutils_lib/lib:${LD_LIBRARY_PATH} PKG_CONFIG_PATH=/home/yeap/APC_2022_Prac/airsimversion/autoware.ai/install/imm_ukf_pda_track/lib/x86_64-linux-gnu/pkgconfig:/home/yeap/APC_2022_Prac/airsimversion/autoware.ai/install/imm_ukf_pda_track/lib/pkgconfig:/home/yeap/APC_2022_Prac/airsimversion/autoware.ai/install/lanelet2_extension/lib/x86_64-linux-gnu/pkgconfig:/home/yeap/APC_2022_Prac/airsimversion/autoware.ai/install/lanelet2_extension/lib/pkgconfig:/home/yeap/APC_2022_Prac/airsimversion/autoware.ai/install/lanelet2_validation/lib/x86_64-linux-gnu/pkgconfig:/home/yeap/APC_2022_Prac/airsimversion/autoware.ai/install/lanelet2_validation/lib/pkgconfig:/home/yeap/APC_2022_Prac/airsimversion/autoware.ai/install/lanelet2_routing/lib/x86_64-linux-gnu/pkgconfig:/home/yeap/APC_2022_Prac/airsimversion/autoware.ai/install/lanelet2_routing/lib/pkgconfig:/home/yeap/APC_2022_Prac/airsimversion/autoware.ai/install/lanelet2_projection/lib/x86_64-linux-gnu/pkgconfig:/home/yeap/APC_2022_Prac/airsimversion/autoware.ai/install/lanelet2_projection/lib/pkgconfig:/home/yeap/APC_2022_Prac/airsimversion/autoware.ai/install/lanelet2_traffic_rules/lib/x86_64-linux-gnu/pkgconfig:/home/yeap/APC_2022_Prac/airsimversion/autoware.ai/install/lanelet2_traffic_rules/lib/pkgconfig:/home/yeap/APC_2022_Prac/airsimversion/autoware.ai/install/lanelet2_maps/lib/x86_64-linux-gnu/pkgconfig:/home/yeap/APC_2022_Prac/airsimversion/autoware.ai/install/lanelet2_maps/lib/pkgconfig:/home/yeap/APC_2022_Prac/airsimversion/autoware.ai/install/lanelet2_io/lib/x86_64-linux-gnu/pkgconfig:/home/yeap/APC_2022_Prac/airsimversion/autoware.ai/install/lanelet2_io/lib/pkgconfig:/home/yeap/APC_2022_Prac/airsimversion/autoware.ai/install/vector_map/lib/x86_64-linux-gnu/pkgconfig:/home/yeap/APC_2022_Prac/airsimversion/autoware.ai/install/vector_map/lib/pkgconfig:/home/yeap/APC_2022_Prac/airsimversion/autoware.ai/install/lanelet2_core/lib/x86_64-linux-gnu/pkgconfig:/home/yeap/APC_2022_Prac/airsimversion/autoware.ai/install/lanelet2_core/lib/pkgconfig:/home/yeap/APC_2022_Prac/airsimversion/autoware.ai/install/amathutils_lib/lib/x86_64-linux-gnu/pkgconfig:/home/yeap/APC_2022_Prac/airsimversion/autoware.ai/install/amathutils_lib/lib/pkgconfig:/home/yeap/APC_2022_Prac/airsimversion/autoware.ai/install/vector_map_msgs/lib/x86_64-linux-gnu/pkgconfig:/home/yeap/APC_2022_Prac/airsimversion/autoware.ai/install/vector_map_msgs/lib/pkgconfig:/home/yeap/APC_2022_Prac/airsimversion/autoware.ai/install/autoware_msgs/lib/x86_64-linux-gnu/pkgconfig:/home/yeap/APC_2022_Prac/airsimversion/autoware.ai/install/autoware_msgs/lib/pkgconfig:/home/yeap/APC_2022_Prac/airsimversion/autoware.ai/install/autoware_lanelet2_msgs/lib/x86_64-linux-gnu/pkgconfig:/home/yeap/APC_2022_Prac/airsimversion/autoware.ai/install/autoware_lanelet2_msgs/lib/pkgconfig:/home/yeap/APC_2022_Prac/airsimversion/autoware.ai/install/autoware_build_flags/lib/x86_64-linux-gnu/pkgconfig:/home/yeap/APC_2022_Prac/airsimversion/autoware.ai/install/autoware_build_flags/lib/pkgconfig:${PKG_CONFIG_PATH} PYTHONPATH=/home/yeap/APC_2022_Prac/airsimversion/autoware.ai/install/vector_map_msgs/lib/python2.7/dist-packages:/home/yeap/APC_2022_Prac/airsimversion/autoware.ai/install/autoware_msgs/lib/python2.7/dist-packages:/home/yeap/APC_2022_Prac/airsimversion/autoware.ai/install/autoware_lanelet2_msgs/lib/python2.7/dist-packages:${PYTHONPATH} ROS_PACKAGE_PATH=/home/yeap/APC_2022_Prac/airsimversion/autoware.ai/install/imm_ukf_pda_track/share:/home/yeap/APC_2022_Prac/airsimversion/autoware.ai/install/lanelet2_extension/share:/home/yeap/APC_2022_Prac/airsimversion/autoware.ai/install/lanelet2_validation/share:/home/yeap/APC_2022_Prac/airsimversion/autoware.ai/install/lanelet2_routing/share:/home/yeap/APC_2022_Prac/airsimversion/autoware.ai/install/lanelet2_projection/share:/home/yeap/APC_2022_Prac/airsimversion/autoware.ai/install/lanelet2_traffic_rules/share:/home/yeap/APC_2022_Prac/airsimversion/autoware.ai/install/lanelet2_maps/share:/home/yeap/APC_2022_Prac/airsimversion/autoware.ai/install/lanelet2_io/share:/home/yeap/APC_2022_Prac/airsimversion/autoware.ai/install/vector_map/share:/home/yeap/APC_2022_Prac/airsimversion/autoware.ai/install/lanelet2_core/share:/home/yeap/APC_2022_Prac/airsimversion/autoware.ai/install/amathutils_lib/share:/home/yeap/APC_2022_Prac/airsimversion/autoware.ai/install/vector_map_msgs/share:/home/yeap/APC_2022_Prac/airsimversion/autoware.ai/install/autoware_msgs/share:/home/yeap/APC_2022_Prac/airsimversion/autoware.ai/install/autoware_lanelet2_msgs/share:/home/yeap/APC_2022_Prac/airsimversion/autoware.ai/install/autoware_build_flags/share:${ROS_PACKAGE_PATH} /usr/bin/cmake --build /home/yeap/APC_2022_Prac/airsimversion/autoware.ai/build/naive_motion_predict -- -j6 -l6
[10.339s] Invoking command in '/home/yeap/APC_2022_Prac/airsimversion/autoware.ai/build/naive_motion_predict': CMAKE_PREFIX_PATH=/home/yeap/APC_2022_Prac/airsimversion/autoware.ai/install/imm_ukf_pda_track:/home/yeap/APC_2022_Prac/airsimversion/autoware.ai/install/lanelet2_extension:/home/yeap/APC_2022_Prac/airsimversion/autoware.ai/install/lanelet2_validation:/home/yeap/APC_2022_Prac/airsimversion/autoware.ai/install/lanelet2_routing:/home/yeap/APC_2022_Prac/airsimversion/autoware.ai/install/lanelet2_projection:/home/yeap/APC_2022_Prac/airsimversion/autoware.ai/install/lanelet2_traffic_rules:/home/yeap/APC_2022_Prac/airsimversion/autoware.ai/install/lanelet2_maps:/home/yeap/APC_2022_Prac/airsimversion/autoware.ai/install/lanelet2_io:/home/yeap/APC_2022_Prac/airsimversion/autoware.ai/install/vector_map:/home/yeap/APC_2022_Prac/airsimversion/autoware.ai/install/lanelet2_core:/home/yeap/APC_2022_Prac/airsimversion/autoware.ai/install/amathutils_lib:/home/yeap/APC_2022_Prac/airsimversion/autoware.ai/install/vector_map_msgs:/home/yeap/APC_2022_Prac/airsimversion/autoware.ai/install/autoware_msgs:/home/yeap/APC_2022_Prac/airsimversion/autoware.ai/install/autoware_lanelet2_msgs:/home/yeap/APC_2022_Prac/airsimversion/autoware.ai/install/autoware_build_flags:${CMAKE_PREFIX_PATH} LD_LIBRARY_PATH=/home/yeap/APC_2022_Prac/airsimversion/autoware.ai/install/lanelet2_extension/lib:/home/yeap/APC_2022_Prac/airsimversion/autoware.ai/install/lanelet2_validation/lib:/home/yeap/APC_2022_Prac/airsimversion/autoware.ai/install/lanelet2_routing/lib:/home/yeap/APC_2022_Prac/airsimversion/autoware.ai/install/lanelet2_projection/lib:/home/yeap/APC_2022_Prac/airsimversion/autoware.ai/install/lanelet2_traffic_rules/lib:/home/yeap/APC_2022_Prac/airsimversion/autoware.ai/install/lanelet2_io/lib:/home/yeap/APC_2022_Prac/airsimversion/autoware.ai/install/vector_map/lib:/home/yeap/APC_2022_Prac/airsimversion/autoware.ai/install/lanelet2_core/lib:/home/yeap/APC_2022_Prac/airsimversion/autoware.ai/install/amathutils_lib/lib:${LD_LIBRARY_PATH} PKG_CONFIG_PATH=/home/yeap/APC_2022_Prac/airsimversion/autoware.ai/install/imm_ukf_pda_track/lib/x86_64-linux-gnu/pkgconfig:/home/yeap/APC_2022_Prac/airsimversion/autoware.ai/install/imm_ukf_pda_track/lib/pkgconfig:/home/yeap/APC_2022_Prac/airsimversion/autoware.ai/install/lanelet2_extension/lib/x86_64-linux-gnu/pkgconfig:/home/yeap/APC_2022_Prac/airsimversion/autoware.ai/install/lanelet2_extension/lib/pkgconfig:/home/yeap/APC_2022_Prac/airsimversion/autoware.ai/install/lanelet2_validation/lib/x86_64-linux-gnu/pkgconfig:/home/yeap/APC_2022_Prac/airsimversion/autoware.ai/install/lanelet2_validation/lib/pkgconfig:/home/yeap/APC_2022_Prac/airsimversion/autoware.ai/install/lanelet2_routing/lib/x86_64-linux-gnu/pkgconfig:/home/yeap/APC_2022_Prac/airsimversion/autoware.ai/install/lanelet2_routing/lib/pkgconfig:/home/yeap/APC_2022_Prac/airsimversion/autoware.ai/install/lanelet2_projection/lib/x86_64-linux-gnu/pkgconfig:/home/yeap/APC_2022_Prac/airsimversion/autoware.ai/install/lanelet2_projection/lib/pkgconfig:/home/yeap/APC_2022_Prac/airsimversion/autoware.ai/install/lanelet2_traffic_rules/lib/x86_64-linux-gnu/pkgconfig:/home/yeap/APC_2022_Prac/airsimversion/autoware.ai/install/lanelet2_traffic_rules/lib/pkgconfig:/home/yeap/APC_2022_Prac/airsimversion/autoware.ai/install/lanelet2_maps/lib/x86_64-linux-gnu/pkgconfig:/home/yeap/APC_2022_Prac/airsimversion/autoware.ai/install/lanelet2_maps/lib/pkgconfig:/home/yeap/APC_2022_Prac/airsimversion/autoware.ai/install/lanelet2_io/lib/x86_64-linux-gnu/pkgconfig:/home/yeap/APC_2022_Prac/airsimversion/autoware.ai/install/lanelet2_io/lib/pkgconfig:/home/yeap/APC_2022_Prac/airsimversion/autoware.ai/install/vector_map/lib/x86_64-linux-gnu/pkgconfig:/home/yeap/APC_2022_Prac/airsimversion/autoware.ai/install/vector_map/lib/pkgconfig:/home/yeap/APC_2022_Prac/airsimversion/autoware.ai/install/lanelet2_core/lib/x86_64-linux-gnu/pkgconfig:/home/yeap/APC_2022_Prac/airsimversion/autoware.ai/install/lanelet2_core/lib/pkgconfig:/home/yeap/APC_2022_Prac/airsimversion/autoware.ai/install/amathutils_lib/lib/x86_64-linux-gnu/pkgconfig:/home/yeap/APC_2022_Prac/airsimversion/autoware.ai/install/amathutils_lib/lib/pkgconfig:/home/yeap/APC_2022_Prac/airsimversion/autoware.ai/install/vector_map_msgs/lib/x86_64-linux-gnu/pkgconfig:/home/yeap/APC_2022_Prac/airsimversion/autoware.ai/install/vector_map_msgs/lib/pkgconfig:/home/yeap/APC_2022_Prac/airsimversion/autoware.ai/install/autoware_msgs/lib/x86_64-linux-gnu/pkgconfig:/home/yeap/APC_2022_Prac/airsimversion/autoware.ai/install/autoware_msgs/lib/pkgconfig:/home/yeap/APC_2022_Prac/airsimversion/autoware.ai/install/autoware_lanelet2_msgs/lib/x86_64-linux-gnu/pkgconfig:/home/yeap/APC_2022_Prac/airsimversion/autoware.ai/install/autoware_lanelet2_msgs/lib/pkgconfig:/home/yeap/APC_2022_Prac/airsimversion/autoware.ai/install/autoware_build_flags/lib/x86_64-linux-gnu/pkgconfig:/home/yeap/APC_2022_Prac/airsimversion/autoware.ai/install/autoware_build_flags/lib/pkgconfig:${PKG_CONFIG_PATH} PYTHONPATH=/home/yeap/APC_2022_Prac/airsimversion/autoware.ai/install/vector_map_msgs/lib/python2.7/dist-packages:/home/yeap/APC_2022_Prac/airsimversion/autoware.ai/install/autoware_msgs/lib/python2.7/dist-packages:/home/yeap/APC_2022_Prac/airsimversion/autoware.ai/install/autoware_lanelet2_msgs/lib/python2.7/dist-packages:${PYTHONPATH} ROS_PACKAGE_PATH=/home/yeap/APC_2022_Prac/airsimversion/autoware.ai/install/imm_ukf_pda_track/share:/home/yeap/APC_2022_Prac/airsimversion/autoware.ai/install/lanelet2_extension/share:/home/yeap/APC_2022_Prac/airsimversion/autoware.ai/install/lanelet2_validation/share:/home/yeap/APC_2022_Prac/airsimversion/autoware.ai/install/lanelet2_routing/share:/home/yeap/APC_2022_Prac/airsimversion/autoware.ai/install/lanelet2_projection/share:/home/yeap/APC_2022_Prac/airsimversion/autoware.ai/install/lanelet2_traffic_rules/share:/home/yeap/APC_2022_Prac/airsimversion/autoware.ai/install/lanelet2_maps/share:/home/yeap/APC_2022_Prac/airsimversion/autoware.ai/install/lanelet2_io/share:/home/yeap/APC_2022_Prac/airsimversion/autoware.ai/install/vector_map/share:/home/yeap/APC_2022_Prac/airsimversion/autoware.ai/install/lanelet2_core/share:/home/yeap/APC_2022_Prac/airsimversion/autoware.ai/install/amathutils_lib/share:/home/yeap/APC_2022_Prac/airsimversion/autoware.ai/install/vector_map_msgs/share:/home/yeap/APC_2022_Prac/airsimversion/autoware.ai/install/autoware_msgs/share:/home/yeap/APC_2022_Prac/airsimversion/autoware.ai/install/autoware_lanelet2_msgs/share:/home/yeap/APC_2022_Prac/airsimversion/autoware.ai/install/autoware_build_flags/share:${ROS_PACKAGE_PATH} /usr/bin/cmake --build /home/yeap/APC_2022_Prac/airsimversion/autoware.ai/build/naive_motion_predict --target tests -- -j6 -l6
[10.416s] [35m[1mScanning dependencies of target tests[0m
[10.429s] Built target tests
[10.444s] Invoked command in '/home/yeap/APC_2022_Prac/airsimversion/autoware.ai/build/naive_motion_predict' returned '0': CMAKE_PREFIX_PATH=/home/yeap/APC_2022_Prac/airsimversion/autoware.ai/install/imm_ukf_pda_track:/home/yeap/APC_2022_Prac/airsimversion/autoware.ai/install/lanelet2_extension:/home/yeap/APC_2022_Prac/airsimversion/autoware.ai/install/lanelet2_validation:/home/yeap/APC_2022_Prac/airsimversion/autoware.ai/install/lanelet2_routing:/home/yeap/APC_2022_Prac/airsimversion/autoware.ai/install/lanelet2_projection:/home/yeap/APC_2022_Prac/airsimversion/autoware.ai/install/lanelet2_traffic_rules:/home/yeap/APC_2022_Prac/airsimversion/autoware.ai/install/lanelet2_maps:/home/yeap/APC_2022_Prac/airsimversion/autoware.ai/install/lanelet2_io:/home/yeap/APC_2022_Prac/airsimversion/autoware.ai/install/vector_map:/home/yeap/APC_2022_Prac/airsimversion/autoware.ai/install/lanelet2_core:/home/yeap/APC_2022_Prac/airsimversion/autoware.ai/install/amathutils_lib:/home/yeap/APC_2022_Prac/airsimversion/autoware.ai/install/vector_map_msgs:/home/yeap/APC_2022_Prac/airsimversion/autoware.ai/install/autoware_msgs:/home/yeap/APC_2022_Prac/airsimversion/autoware.ai/install/autoware_lanelet2_msgs:/home/yeap/APC_2022_Prac/airsimversion/autoware.ai/install/autoware_build_flags:${CMAKE_PREFIX_PATH} LD_LIBRARY_PATH=/home/yeap/APC_2022_Prac/airsimversion/autoware.ai/install/lanelet2_extension/lib:/home/yeap/APC_2022_Prac/airsimversion/autoware.ai/install/lanelet2_validation/lib:/home/yeap/APC_2022_Prac/airsimversion/autoware.ai/install/lanelet2_routing/lib:/home/yeap/APC_2022_Prac/airsimversion/autoware.ai/install/lanelet2_projection/lib:/home/yeap/APC_2022_Prac/airsimversion/autoware.ai/install/lanelet2_traffic_rules/lib:/home/yeap/APC_2022_Prac/airsimversion/autoware.ai/install/lanelet2_io/lib:/home/yeap/APC_2022_Prac/airsimversion/autoware.ai/install/vector_map/lib:/home/yeap/APC_2022_Prac/airsimversion/autoware.ai/install/lanelet2_core/lib:/home/yeap/APC_2022_Prac/airsimversion/autoware.ai/install/amathutils_lib/lib:${LD_LIBRARY_PATH} PKG_CONFIG_PATH=/home/yeap/APC_2022_Prac/airsimversion/autoware.ai/install/imm_ukf_pda_track/lib/x86_64-linux-gnu/pkgconfig:/home/yeap/APC_2022_Prac/airsimversion/autoware.ai/install/imm_ukf_pda_track/lib/pkgconfig:/home/yeap/APC_2022_Prac/airsimversion/autoware.ai/install/lanelet2_extension/lib/x86_64-linux-gnu/pkgconfig:/home/yeap/APC_2022_Prac/airsimversion/autoware.ai/install/lanelet2_extension/lib/pkgconfig:/home/yeap/APC_2022_Prac/airsimversion/autoware.ai/install/lanelet2_validation/lib/x86_64-linux-gnu/pkgconfig:/home/yeap/APC_2022_Prac/airsimversion/autoware.ai/install/lanelet2_validation/lib/pkgconfig:/home/yeap/APC_2022_Prac/airsimversion/autoware.ai/install/lanelet2_routing/lib/x86_64-linux-gnu/pkgconfig:/home/yeap/APC_2022_Prac/airsimversion/autoware.ai/install/lanelet2_routing/lib/pkgconfig:/home/yeap/APC_2022_Prac/airsimversion/autoware.ai/install/lanelet2_projection/lib/x86_64-linux-gnu/pkgconfig:/home/yeap/APC_2022_Prac/airsimversion/autoware.ai/install/lanelet2_projection/lib/pkgconfig:/home/yeap/APC_2022_Prac/airsimversion/autoware.ai/install/lanelet2_traffic_rules/lib/x86_64-linux-gnu/pkgconfig:/home/yeap/APC_2022_Prac/airsimversion/autoware.ai/install/lanelet2_traffic_rules/lib/pkgconfig:/home/yeap/APC_2022_Prac/airsimversion/autoware.ai/install/lanelet2_maps/lib/x86_64-linux-gnu/pkgconfig:/home/yeap/APC_2022_Prac/airsimversion/autoware.ai/install/lanelet2_maps/lib/pkgconfig:/home/yeap/APC_2022_Prac/airsimversion/autoware.ai/install/lanelet2_io/lib/x86_64-linux-gnu/pkgconfig:/home/yeap/APC_2022_Prac/airsimversion/autoware.ai/install/lanelet2_io/lib/pkgconfig:/home/yeap/APC_2022_Prac/airsimversion/autoware.ai/install/vector_map/lib/x86_64-linux-gnu/pkgconfig:/home/yeap/APC_2022_Prac/airsimversion/autoware.ai/install/vector_map/lib/pkgconfig:/home/yeap/APC_2022_Prac/airsimversion/autoware.ai/install/lanelet2_core/lib/x86_64-linux-gnu/pkgconfig:/home/yeap/APC_2022_Prac/airsimversion/autoware.ai/install/lanelet2_core/lib/pkgconfig:/home/yeap/APC_2022_Prac/airsimversion/autoware.ai/install/amathutils_lib/lib/x86_64-linux-gnu/pkgconfig:/home/yeap/APC_2022_Prac/airsimversion/autoware.ai/install/amathutils_lib/lib/pkgconfig:/home/yeap/APC_2022_Prac/airsimversion/autoware.ai/install/vector_map_msgs/lib/x86_64-linux-gnu/pkgconfig:/home/yeap/APC_2022_Prac/airsimversion/autoware.ai/install/vector_map_msgs/lib/pkgconfig:/home/yeap/APC_2022_Prac/airsimversion/autoware.ai/install/autoware_msgs/lib/x86_64-linux-gnu/pkgconfig:/home/yeap/APC_2022_Prac/airsimversion/autoware.ai/install/autoware_msgs/lib/pkgconfig:/home/yeap/APC_2022_Prac/airsimversion/autoware.ai/install/autoware_lanelet2_msgs/lib/x86_64-linux-gnu/pkgconfig:/home/yeap/APC_2022_Prac/airsimversion/autoware.ai/install/autoware_lanelet2_msgs/lib/pkgconfig:/home/yeap/APC_2022_Prac/airsimversion/autoware.ai/install/autoware_build_flags/lib/x86_64-linux-gnu/pkgconfig:/home/yeap/APC_2022_Prac/airsimversion/autoware.ai/install/autoware_build_flags/lib/pkgconfig:${PKG_CONFIG_PATH} PYTHONPATH=/home/yeap/APC_2022_Prac/airsimversion/autoware.ai/install/vector_map_msgs/lib/python2.7/dist-packages:/home/yeap/APC_2022_Prac/airsimversion/autoware.ai/install/autoware_msgs/lib/python2.7/dist-packages:/home/yeap/APC_2022_Prac/airsimversion/autoware.ai/install/autoware_lanelet2_msgs/lib/python2.7/dist-packages:${PYTHONPATH} ROS_PACKAGE_PATH=/home/yeap/APC_2022_Prac/airsimversion/autoware.ai/install/imm_ukf_pda_track/share:/home/yeap/APC_2022_Prac/airsimversion/autoware.ai/install/lanelet2_extension/share:/home/yeap/APC_2022_Prac/airsimversion/autoware.ai/install/lanelet2_validation/share:/home/yeap/APC_2022_Prac/airsimversion/autoware.ai/install/lanelet2_routing/share:/home/yeap/APC_2022_Prac/airsimversion/autoware.ai/install/lanelet2_projection/share:/home/yeap/APC_2022_Prac/airsimversion/autoware.ai/install/lanelet2_traffic_rules/share:/home/yeap/APC_2022_Prac/airsimversion/autoware.ai/install/lanelet2_maps/share:/home/yeap/APC_2022_Prac/airsimversion/autoware.ai/install/lanelet2_io/share:/home/yeap/APC_2022_Prac/airsimversion/autoware.ai/install/vector_map/share:/home/yeap/APC_2022_Prac/airsimversion/autoware.ai/install/lanelet2_core/share:/home/yeap/APC_2022_Prac/airsimversion/autoware.ai/install/amathutils_lib/share:/home/yeap/APC_2022_Prac/airsimversion/autoware.ai/install/vector_map_msgs/share:/home/yeap/APC_2022_Prac/airsimversion/autoware.ai/install/autoware_msgs/share:/home/yeap/APC_2022_Prac/airsimversion/autoware.ai/install/autoware_lanelet2_msgs/share:/home/yeap/APC_2022_Prac/airsimversion/autoware.ai/install/autoware_build_flags/share:${ROS_PACKAGE_PATH} /usr/bin/cmake --build /home/yeap/APC_2022_Prac/airsimversion/autoware.ai/build/naive_motion_predict --target tests -- -j6 -l6
[10.560s] Invoking command in '/home/yeap/APC_2022_Prac/airsimversion/autoware.ai/build/naive_motion_predict': CMAKE_PREFIX_PATH=/home/yeap/APC_2022_Prac/airsimversion/autoware.ai/install/imm_ukf_pda_track:/home/yeap/APC_2022_Prac/airsimversion/autoware.ai/install/lanelet2_extension:/home/yeap/APC_2022_Prac/airsimversion/autoware.ai/install/lanelet2_validation:/home/yeap/APC_2022_Prac/airsimversion/autoware.ai/install/lanelet2_routing:/home/yeap/APC_2022_Prac/airsimversion/autoware.ai/install/lanelet2_projection:/home/yeap/APC_2022_Prac/airsimversion/autoware.ai/install/lanelet2_traffic_rules:/home/yeap/APC_2022_Prac/airsimversion/autoware.ai/install/lanelet2_maps:/home/yeap/APC_2022_Prac/airsimversion/autoware.ai/install/lanelet2_io:/home/yeap/APC_2022_Prac/airsimversion/autoware.ai/install/vector_map:/home/yeap/APC_2022_Prac/airsimversion/autoware.ai/install/lanelet2_core:/home/yeap/APC_2022_Prac/airsimversion/autoware.ai/install/amathutils_lib:/home/yeap/APC_2022_Prac/airsimversion/autoware.ai/install/vector_map_msgs:/home/yeap/APC_2022_Prac/airsimversion/autoware.ai/install/autoware_msgs:/home/yeap/APC_2022_Prac/airsimversion/autoware.ai/install/autoware_lanelet2_msgs:/home/yeap/APC_2022_Prac/airsimversion/autoware.ai/install/autoware_build_flags:${CMAKE_PREFIX_PATH} LD_LIBRARY_PATH=/home/yeap/APC_2022_Prac/airsimversion/autoware.ai/install/lanelet2_extension/lib:/home/yeap/APC_2022_Prac/airsimversion/autoware.ai/install/lanelet2_validation/lib:/home/yeap/APC_2022_Prac/airsimversion/autoware.ai/install/lanelet2_routing/lib:/home/yeap/APC_2022_Prac/airsimversion/autoware.ai/install/lanelet2_projection/lib:/home/yeap/APC_2022_Prac/airsimversion/autoware.ai/install/lanelet2_traffic_rules/lib:/home/yeap/APC_2022_Prac/airsimversion/autoware.ai/install/lanelet2_io/lib:/home/yeap/APC_2022_Prac/airsimversion/autoware.ai/install/vector_map/lib:/home/yeap/APC_2022_Prac/airsimversion/autoware.ai/install/lanelet2_core/lib:/home/yeap/APC_2022_Prac/airsimversion/autoware.ai/install/amathutils_lib/lib:${LD_LIBRARY_PATH} PKG_CONFIG_PATH=/home/yeap/APC_2022_Prac/airsimversion/autoware.ai/install/imm_ukf_pda_track/lib/x86_64-linux-gnu/pkgconfig:/home/yeap/APC_2022_Prac/airsimversion/autoware.ai/install/imm_ukf_pda_track/lib/pkgconfig:/home/yeap/APC_2022_Prac/airsimversion/autoware.ai/install/lanelet2_extension/lib/x86_64-linux-gnu/pkgconfig:/home/yeap/APC_2022_Prac/airsimversion/autoware.ai/install/lanelet2_extension/lib/pkgconfig:/home/yeap/APC_2022_Prac/airsimversion/autoware.ai/install/lanelet2_validation/lib/x86_64-linux-gnu/pkgconfig:/home/yeap/APC_2022_Prac/airsimversion/autoware.ai/install/lanelet2_validation/lib/pkgconfig:/home/yeap/APC_2022_Prac/airsimversion/autoware.ai/install/lanelet2_routing/lib/x86_64-linux-gnu/pkgconfig:/home/yeap/APC_2022_Prac/airsimversion/autoware.ai/install/lanelet2_routing/lib/pkgconfig:/home/yeap/APC_2022_Prac/airsimversion/autoware.ai/install/lanelet2_projection/lib/x86_64-linux-gnu/pkgconfig:/home/yeap/APC_2022_Prac/airsimversion/autoware.ai/install/lanelet2_projection/lib/pkgconfig:/home/yeap/APC_2022_Prac/airsimversion/autoware.ai/install/lanelet2_traffic_rules/lib/x86_64-linux-gnu/pkgconfig:/home/yeap/APC_2022_Prac/airsimversion/autoware.ai/install/lanelet2_traffic_rules/lib/pkgconfig:/home/yeap/APC_2022_Prac/airsimversion/autoware.ai/install/lanelet2_maps/lib/x86_64-linux-gnu/pkgconfig:/home/yeap/APC_2022_Prac/airsimversion/autoware.ai/install/lanelet2_maps/lib/pkgconfig:/home/yeap/APC_2022_Prac/airsimversion/autoware.ai/install/lanelet2_io/lib/x86_64-linux-gnu/pkgconfig:/home/yeap/APC_2022_Prac/airsimversion/autoware.ai/install/lanelet2_io/lib/pkgconfig:/home/yeap/APC_2022_Prac/airsimversion/autoware.ai/install/vector_map/lib/x86_64-linux-gnu/pkgconfig:/home/yeap/APC_2022_Prac/airsimversion/autoware.ai/install/vector_map/lib/pkgconfig:/home/yeap/APC_2022_Prac/airsimversion/autoware.ai/install/lanelet2_core/lib/x86_64-linux-gnu/pkgconfig:/home/yeap/APC_2022_Prac/airsimversion/autoware.ai/install/lanelet2_core/lib/pkgconfig:/home/yeap/APC_2022_Prac/airsimversion/autoware.ai/install/amathutils_lib/lib/x86_64-linux-gnu/pkgconfig:/home/yeap/APC_2022_Prac/airsimversion/autoware.ai/install/amathutils_lib/lib/pkgconfig:/home/yeap/APC_2022_Prac/airsimversion/autoware.ai/install/vector_map_msgs/lib/x86_64-linux-gnu/pkgconfig:/home/yeap/APC_2022_Prac/airsimversion/autoware.ai/install/vector_map_msgs/lib/pkgconfig:/home/yeap/APC_2022_Prac/airsimversion/autoware.ai/install/autoware_msgs/lib/x86_64-linux-gnu/pkgconfig:/home/yeap/APC_2022_Prac/airsimversion/autoware.ai/install/autoware_msgs/lib/pkgconfig:/home/yeap/APC_2022_Prac/airsimversion/autoware.ai/install/autoware_lanelet2_msgs/lib/x86_64-linux-gnu/pkgconfig:/home/yeap/APC_2022_Prac/airsimversion/autoware.ai/install/autoware_lanelet2_msgs/lib/pkgconfig:/home/yeap/APC_2022_Prac/airsimversion/autoware.ai/install/autoware_build_flags/lib/x86_64-linux-gnu/pkgconfig:/home/yeap/APC_2022_Prac/airsimversion/autoware.ai/install/autoware_build_flags/lib/pkgconfig:${PKG_CONFIG_PATH} PYTHONPATH=/home/yeap/APC_2022_Prac/airsimversion/autoware.ai/install/vector_map_msgs/lib/python2.7/dist-packages:/home/yeap/APC_2022_Prac/airsimversion/autoware.ai/install/autoware_msgs/lib/python2.7/dist-packages:/home/yeap/APC_2022_Prac/airsimversion/autoware.ai/install/autoware_lanelet2_msgs/lib/python2.7/dist-packages:${PYTHONPATH} ROS_PACKAGE_PATH=/home/yeap/APC_2022_Prac/airsimversion/autoware.ai/install/imm_ukf_pda_track/share:/home/yeap/APC_2022_Prac/airsimversion/autoware.ai/install/lanelet2_extension/share:/home/yeap/APC_2022_Prac/airsimversion/autoware.ai/install/lanelet2_validation/share:/home/yeap/APC_2022_Prac/airsimversion/autoware.ai/install/lanelet2_routing/share:/home/yeap/APC_2022_Prac/airsimversion/autoware.ai/install/lanelet2_projection/share:/home/yeap/APC_2022_Prac/airsimversion/autoware.ai/install/lanelet2_traffic_rules/share:/home/yeap/APC_2022_Prac/airsimversion/autoware.ai/install/lanelet2_maps/share:/home/yeap/APC_2022_Prac/airsimversion/autoware.ai/install/lanelet2_io/share:/home/yeap/APC_2022_Prac/airsimversion/autoware.ai/install/vector_map/share:/home/yeap/APC_2022_Prac/airsimversion/autoware.ai/install/lanelet2_core/share:/home/yeap/APC_2022_Prac/airsimversion/autoware.ai/install/amathutils_lib/share:/home/yeap/APC_2022_Prac/airsimversion/autoware.ai/install/vector_map_msgs/share:/home/yeap/APC_2022_Prac/airsimversion/autoware.ai/install/autoware_msgs/share:/home/yeap/APC_2022_Prac/airsimversion/autoware.ai/install/autoware_lanelet2_msgs/share:/home/yeap/APC_2022_Prac/airsimversion/autoware.ai/install/autoware_build_flags/share:${ROS_PACKAGE_PATH} /usr/bin/cmake --build /home/yeap/APC_2022_Prac/airsimversion/autoware.ai/build/naive_motion_predict --target install -- -j6 -l6
[10.635s] [  0%] Built target vector_map_msgs_generate_messages_eus
[10.660s] [  0%] Built target jsk_recognition_msgs_generate_messages_lisp
[10.684s] [  0%] Built target jsk_recognition_msgs_generate_messages_eus
[10.709s] [  0%] Built target tf2_msgs_generate_messages_cpp
[10.733s] [  0%] Built target std_msgs_generate_messages_py
[10.757s] [  0%] Built target autoware_msgs_generate_messages_py
[10.782s] [  0%] Built target std_msgs_generate_messages_nodejs
[10.806s] [  0%] Built target sensor_msgs_generate_messages_eus
[10.831s] [  0%] Built target _catkin_empty_exported_target
[10.857s] [  0%] Built target sensor_msgs_generate_messages_cpp
[10.882s] [  0%] Built target autoware_msgs_generate_messages_cpp
[10.907s] [  0%] Built target vector_map_msgs_generate_messages_py
[10.931s] [  0%] Built target vector_map_msgs_generate_messages_nodejs
[10.955s] [  0%] Built target vector_map_msgs_generate_messages_lisp
[10.979s] [  0%] Built target geometry_msgs_generate_messages_py
[11.003s] [  0%] Built target sensor_msgs_generate_messages_nodejs
[11.027s] [  0%] Built target rosgraph_msgs_generate_messages_cpp
[11.051s] [  0%] Built target pcl_msgs_generate_messages_nodejs
[11.075s] [  0%] Built target jsk_recognition_msgs_generate_messages_py
[11.099s] [  0%] Built target sensor_msgs_generate_messages_lisp
[11.125s] [  0%] Built target sensor_msgs_generate_messages_py
[11.150s] [  0%] Built target tf_generate_messages_py
[11.174s] [  0%] Built target std_msgs_generate_messages_cpp
[11.201s] [  0%] Built target jsk_footstep_msgs_generate_messages_py
[11.229s] [  0%] Built target visualization_msgs_generate_messages_nodejs
[11.253s] [  0%] Built target actionlib_msgs_generate_messages_nodejs
[11.279s] [  0%] Built target geometry_msgs_generate_messages_eus
[11.307s] [  0%] Built target std_msgs_generate_messages_lisp
[11.332s] [  0%] Built target roscpp_generate_messages_nodejs
[11.358s] [  0%] Built target geometry_msgs_generate_messages_nodejs
[11.383s] [  0%] Built target geometry_msgs_generate_messages_lisp
[11.415s] [  0%] Built target pcl_msgs_generate_messages_cpp
[11.439s] [  0%] Built target jsk_recognition_msgs_generate_messages_cpp
[11.466s] [  0%] Built target autoware_msgs_generate_messages_eus
[11.492s] [  0%] Built target autoware_msgs_generate_messages_lisp
[11.519s] [  0%] Built target visualization_msgs_generate_messages_lisp
[11.546s] [  0%] Built target std_msgs_generate_messages_eus
[11.573s] [  0%] Built target autoware_msgs_generate_messages_nodejs
[11.600s] [  0%] Built target jsk_footstep_msgs_generate_messages_eus
[11.626s] [  0%] Built target actionlib_msgs_generate_messages_py
[11.652s] [  0%] Built target jsk_footstep_msgs_generate_messages_lisp
[11.678s] [  0%] Built target jsk_footstep_msgs_generate_messages_nodejs
[11.703s] [  0%] Built target actionlib_msgs_generate_messages_lisp
[11.728s] [  0%] Built target jsk_footstep_msgs_generate_messages_cpp
[11.755s] [  0%] Built target actionlib_msgs_generate_messages_cpp
[11.790s] [  0%] Built target tf_generate_messages_eus
[11.816s] [  0%] Built target tf_generate_messages_lisp
[11.843s] [  0%] Built target tf_generate_messages_nodejs
[11.871s] [  0%] Built target jsk_recognition_msgs_generate_messages_nodejs
[11.897s] [  0%] Built target roscpp_generate_messages_lisp
[11.922s] [  0%] Built target roscpp_generate_messages_py
[11.948s] [  0%] Built target rosgraph_msgs_generate_messages_lisp
[11.973s] [  0%] Built target rosgraph_msgs_generate_messages_nodejs
[12.000s] [  0%] Built target roscpp_generate_messages_eus
[12.026s] [  0%] Built target actionlib_msgs_generate_messages_eus
[12.051s] [  0%] Built target rosgraph_msgs_generate_messages_py
[12.077s] [  0%] Built target pcl_msgs_generate_messages_py
[12.104s] [  0%] Built target actionlib_generate_messages_eus
[12.129s] [  0%] Built target geometry_msgs_generate_messages_cpp
[12.154s] [  0%] Built target actionlib_generate_messages_lisp
[12.182s] [  0%] Built target pcl_msgs_generate_messages_lisp
[12.208s] [  0%] Built target tf_generate_messages_cpp
[12.236s] [  0%] Built target actionlib_generate_messages_nodejs
[12.263s] [  0%] Built target tf2_msgs_generate_messages_lisp
[12.288s] [  0%] Built target actionlib_generate_messages_py
[12.314s] [  0%] Built target tf2_msgs_generate_messages_py
[12.339s] [  0%] Built target tf2_msgs_generate_messages_nodejs
[12.364s] [  0%] Built target tf2_msgs_generate_messages_eus
[12.399s] [  0%] Built target visualization_msgs_generate_messages_cpp
[12.428s] [  0%] Built target visualization_msgs_generate_messages_eus
[12.452s] [  0%] Built target visualization_msgs_generate_messages_py
[12.478s] [  0%] Built target vector_map_msgs_generate_messages_cpp
[12.512s] [  0%] Built target rosgraph_msgs_generate_messages_eus
[12.546s] [  0%] Built target pcl_msgs_generate_messages_eus
[12.569s] [  0%] Built target actionlib_generate_messages_cpp
[12.595s] [  0%] Built target roscpp_generate_messages_cpp
[12.627s] [100%] Built target naive_motion_predict
[12.653s] [36mInstall the project...[0m
[12.664s] -- Install configuration: "Release"
[12.665s] -- Installing: /home/yeap/APC_2022_Prac/airsimversion/autoware.ai/install/naive_motion_predict/lib/pkgconfig/naive_motion_predict.pc
[12.665s] -- Installing: /home/yeap/APC_2022_Prac/airsimversion/autoware.ai/install/naive_motion_predict/share/naive_motion_predict/cmake/naive_motion_predictConfig.cmake
[12.665s] -- Installing: /home/yeap/APC_2022_Prac/airsimversion/autoware.ai/install/naive_motion_predict/share/naive_motion_predict/cmake/naive_motion_predictConfig-version.cmake
[12.666s] -- Installing: /home/yeap/APC_2022_Prac/airsimversion/autoware.ai/install/naive_motion_predict/share/naive_motion_predict/package.xml
[12.666s] -- Installing: /home/yeap/APC_2022_Prac/airsimversion/autoware.ai/install/naive_motion_predict/lib/naive_motion_predict/naive_motion_predict
[12.667s] -- Set runtime path of "/home/yeap/APC_2022_Prac/airsimversion/autoware.ai/install/naive_motion_predict/lib/naive_motion_predict/naive_motion_predict" to ""
[12.667s] -- Installing: /home/yeap/APC_2022_Prac/airsimversion/autoware.ai/install/naive_motion_predict/share/naive_motion_predict/launch
[12.668s] -- Installing: /home/yeap/APC_2022_Prac/airsimversion/autoware.ai/install/naive_motion_predict/share/naive_motion_predict/launch/naive_motion_predict.launch
[12.676s] Invoked command in '/home/yeap/APC_2022_Prac/airsimversion/autoware.ai/build/naive_motion_predict' returned '0': CMAKE_PREFIX_PATH=/home/yeap/APC_2022_Prac/airsimversion/autoware.ai/install/imm_ukf_pda_track:/home/yeap/APC_2022_Prac/airsimversion/autoware.ai/install/lanelet2_extension:/home/yeap/APC_2022_Prac/airsimversion/autoware.ai/install/lanelet2_validation:/home/yeap/APC_2022_Prac/airsimversion/autoware.ai/install/lanelet2_routing:/home/yeap/APC_2022_Prac/airsimversion/autoware.ai/install/lanelet2_projection:/home/yeap/APC_2022_Prac/airsimversion/autoware.ai/install/lanelet2_traffic_rules:/home/yeap/APC_2022_Prac/airsimversion/autoware.ai/install/lanelet2_maps:/home/yeap/APC_2022_Prac/airsimversion/autoware.ai/install/lanelet2_io:/home/yeap/APC_2022_Prac/airsimversion/autoware.ai/install/vector_map:/home/yeap/APC_2022_Prac/airsimversion/autoware.ai/install/lanelet2_core:/home/yeap/APC_2022_Prac/airsimversion/autoware.ai/install/amathutils_lib:/home/yeap/APC_2022_Prac/airsimversion/autoware.ai/install/vector_map_msgs:/home/yeap/APC_2022_Prac/airsimversion/autoware.ai/install/autoware_msgs:/home/yeap/APC_2022_Prac/airsimversion/autoware.ai/install/autoware_lanelet2_msgs:/home/yeap/APC_2022_Prac/airsimversion/autoware.ai/install/autoware_build_flags:${CMAKE_PREFIX_PATH} LD_LIBRARY_PATH=/home/yeap/APC_2022_Prac/airsimversion/autoware.ai/install/lanelet2_extension/lib:/home/yeap/APC_2022_Prac/airsimversion/autoware.ai/install/lanelet2_validation/lib:/home/yeap/APC_2022_Prac/airsimversion/autoware.ai/install/lanelet2_routing/lib:/home/yeap/APC_2022_Prac/airsimversion/autoware.ai/install/lanelet2_projection/lib:/home/yeap/APC_2022_Prac/airsimversion/autoware.ai/install/lanelet2_traffic_rules/lib:/home/yeap/APC_2022_Prac/airsimversion/autoware.ai/install/lanelet2_io/lib:/home/yeap/APC_2022_Prac/airsimversion/autoware.ai/install/vector_map/lib:/home/yeap/APC_2022_Prac/airsimversion/autoware.ai/install/lanelet2_core/lib:/home/yeap/APC_2022_Prac/airsimversion/autoware.ai/install/amathutils_lib/lib:${LD_LIBRARY_PATH} PKG_CONFIG_PATH=/home/yeap/APC_2022_Prac/airsimversion/autoware.ai/install/imm_ukf_pda_track/lib/x86_64-linux-gnu/pkgconfig:/home/yeap/APC_2022_Prac/airsimversion/autoware.ai/install/imm_ukf_pda_track/lib/pkgconfig:/home/yeap/APC_2022_Prac/airsimversion/autoware.ai/install/lanelet2_extension/lib/x86_64-linux-gnu/pkgconfig:/home/yeap/APC_2022_Prac/airsimversion/autoware.ai/install/lanelet2_extension/lib/pkgconfig:/home/yeap/APC_2022_Prac/airsimversion/autoware.ai/install/lanelet2_validation/lib/x86_64-linux-gnu/pkgconfig:/home/yeap/APC_2022_Prac/airsimversion/autoware.ai/install/lanelet2_validation/lib/pkgconfig:/home/yeap/APC_2022_Prac/airsimversion/autoware.ai/install/lanelet2_routing/lib/x86_64-linux-gnu/pkgconfig:/home/yeap/APC_2022_Prac/airsimversion/autoware.ai/install/lanelet2_routing/lib/pkgconfig:/home/yeap/APC_2022_Prac/airsimversion/autoware.ai/install/lanelet2_projection/lib/x86_64-linux-gnu/pkgconfig:/home/yeap/APC_2022_Prac/airsimversion/autoware.ai/install/lanelet2_projection/lib/pkgconfig:/home/yeap/APC_2022_Prac/airsimversion/autoware.ai/install/lanelet2_traffic_rules/lib/x86_64-linux-gnu/pkgconfig:/home/yeap/APC_2022_Prac/airsimversion/autoware.ai/install/lanelet2_traffic_rules/lib/pkgconfig:/home/yeap/APC_2022_Prac/airsimversion/autoware.ai/install/lanelet2_maps/lib/x86_64-linux-gnu/pkgconfig:/home/yeap/APC_2022_Prac/airsimversion/autoware.ai/install/lanelet2_maps/lib/pkgconfig:/home/yeap/APC_2022_Prac/airsimversion/autoware.ai/install/lanelet2_io/lib/x86_64-linux-gnu/pkgconfig:/home/yeap/APC_2022_Prac/airsimversion/autoware.ai/install/lanelet2_io/lib/pkgconfig:/home/yeap/APC_2022_Prac/airsimversion/autoware.ai/install/vector_map/lib/x86_64-linux-gnu/pkgconfig:/home/yeap/APC_2022_Prac/airsimversion/autoware.ai/install/vector_map/lib/pkgconfig:/home/yeap/APC_2022_Prac/airsimversion/autoware.ai/install/lanelet2_core/lib/x86_64-linux-gnu/pkgconfig:/home/yeap/APC_2022_Prac/airsimversion/autoware.ai/install/lanelet2_core/lib/pkgconfig:/home/yeap/APC_2022_Prac/airsimversion/autoware.ai/install/amathutils_lib/lib/x86_64-linux-gnu/pkgconfig:/home/yeap/APC_2022_Prac/airsimversion/autoware.ai/install/amathutils_lib/lib/pkgconfig:/home/yeap/APC_2022_Prac/airsimversion/autoware.ai/install/vector_map_msgs/lib/x86_64-linux-gnu/pkgconfig:/home/yeap/APC_2022_Prac/airsimversion/autoware.ai/install/vector_map_msgs/lib/pkgconfig:/home/yeap/APC_2022_Prac/airsimversion/autoware.ai/install/autoware_msgs/lib/x86_64-linux-gnu/pkgconfig:/home/yeap/APC_2022_Prac/airsimversion/autoware.ai/install/autoware_msgs/lib/pkgconfig:/home/yeap/APC_2022_Prac/airsimversion/autoware.ai/install/autoware_lanelet2_msgs/lib/x86_64-linux-gnu/pkgconfig:/home/yeap/APC_2022_Prac/airsimversion/autoware.ai/install/autoware_lanelet2_msgs/lib/pkgconfig:/home/yeap/APC_2022_Prac/airsimversion/autoware.ai/install/autoware_build_flags/lib/x86_64-linux-gnu/pkgconfig:/home/yeap/APC_2022_Prac/airsimversion/autoware.ai/install/autoware_build_flags/lib/pkgconfig:${PKG_CONFIG_PATH} PYTHONPATH=/home/yeap/APC_2022_Prac/airsimversion/autoware.ai/install/vector_map_msgs/lib/python2.7/dist-packages:/home/yeap/APC_2022_Prac/airsimversion/autoware.ai/install/autoware_msgs/lib/python2.7/dist-packages:/home/yeap/APC_2022_Prac/airsimversion/autoware.ai/install/autoware_lanelet2_msgs/lib/python2.7/dist-packages:${PYTHONPATH} ROS_PACKAGE_PATH=/home/yeap/APC_2022_Prac/airsimversion/autoware.ai/install/imm_ukf_pda_track/share:/home/yeap/APC_2022_Prac/airsimversion/autoware.ai/install/lanelet2_extension/share:/home/yeap/APC_2022_Prac/airsimversion/autoware.ai/install/lanelet2_validation/share:/home/yeap/APC_2022_Prac/airsimversion/autoware.ai/install/lanelet2_routing/share:/home/yeap/APC_2022_Prac/airsimversion/autoware.ai/install/lanelet2_projection/share:/home/yeap/APC_2022_Prac/airsimversion/autoware.ai/install/lanelet2_traffic_rules/share:/home/yeap/APC_2022_Prac/airsimversion/autoware.ai/install/lanelet2_maps/share:/home/yeap/APC_2022_Prac/airsimversion/autoware.ai/install/lanelet2_io/share:/home/yeap/APC_2022_Prac/airsimversion/autoware.ai/install/vector_map/share:/home/yeap/APC_2022_Prac/airsimversion/autoware.ai/install/lanelet2_core/share:/home/yeap/APC_2022_Prac/airsimversion/autoware.ai/install/amathutils_lib/share:/home/yeap/APC_2022_Prac/airsimversion/autoware.ai/install/vector_map_msgs/share:/home/yeap/APC_2022_Prac/airsimversion/autoware.ai/install/autoware_msgs/share:/home/yeap/APC_2022_Prac/airsimversion/autoware.ai/install/autoware_lanelet2_msgs/share:/home/yeap/APC_2022_Prac/airsimversion/autoware.ai/install/autoware_build_flags/share:${ROS_PACKAGE_PATH} /usr/bin/cmake --build /home/yeap/APC_2022_Prac/airsimversion/autoware.ai/build/naive_motion_predict --target install -- -j6 -l6
