[0.016s] Invoking command in '/home/yeap/APC_2022_Prac/airsimversion/autoware.ai/build/sick_ldmrs_description': /usr/bin/cmake /home/yeap/APC_2022_Prac/airsimversion/autoware.ai/src/drivers/awf_drivers/sick_ldmrs_description -DCMAKE_BUILD_TYPE=Release -DCATKIN_INSTALL_INTO_PREFIX_ROOT=0 -DCMAKE_INSTALL_PREFIX=/home/yeap/APC_2022_Prac/airsimversion/autoware.ai/install/sick_ldmrs_description
[0.093s] -- The C compiler identification is GNU 7.5.0
[0.165s] -- The CXX compiler identification is GNU 7.5.0
[0.170s] -- Check for working C compiler: /usr/bin/cc
[0.247s] -- Check for working C compiler: /usr/bin/cc -- works
[0.248s] -- Detecting C compiler ABI info
[0.325s] -- Detecting C compiler ABI info - done
[0.335s] -- Detecting C compile features
[0.569s] -- Detecting C compile features - done
[0.573s] -- Check for working CXX compiler: /usr/bin/c++
[0.652s] -- Check for working CXX compiler: /usr/bin/c++ -- works
[0.652s] -- Detecting CXX compiler ABI info
[0.742s] -- Detecting CXX compiler ABI info - done
[0.746s] -- Detecting CXX compile features
[1.108s] -- Detecting CXX compile features - done
[1.110s] -- Using CATKIN_DEVEL_PREFIX: /home/yeap/APC_2022_Prac/airsimversion/autoware.ai/build/sick_ldmrs_description/devel
[1.110s] -- Using CMAKE_PREFIX_PATH: /opt/ros/melodic
[1.110s] -- This workspace overlays: /opt/ros/melodic
[1.125s] -- Found PythonInterp: /usr/bin/python2 (found suitable version "2.7.17", minimum required is "2") 
[1.125s] -- Using PYTHON_EXECUTABLE: /usr/bin/python2
[1.125s] -- Using Debian Python package layout
[1.125s] -- Using empy: /usr/bin/empy
[1.296s] -- Using CATKIN_ENABLE_TESTING: ON
[1.296s] -- Call enable_testing()
[1.297s] -- Using CATKIN_TEST_RESULTS_DIR: /home/yeap/APC_2022_Prac/airsimversion/autoware.ai/build/sick_ldmrs_description/test_results
[1.316s] -- Found gtest sources under '/usr/src/googletest': gtests will be built
[1.316s] -- Found gmock sources under '/usr/src/googletest': gmock will be built
[1.331s] -- Found PythonInterp: /usr/bin/python2 (found version "2.7.17") 
[1.333s] -- Looking for pthread.h
[1.420s] -- Looking for pthread.h - found
[1.420s] -- Looking for pthread_create
[1.505s] -- Looking for pthread_create - not found
[1.505s] -- Looking for pthread_create in pthreads
[1.560s] -- Looking for pthread_create in pthreads - not found
[1.560s] -- Looking for pthread_create in pthread
[1.642s] -- Looking for pthread_create in pthread - found
[1.643s] -- Found Threads: TRUE  
[1.648s] -- Using Python nosetests: /usr/bin/nosetests-2.7
[1.692s] -- catkin 0.7.29
[1.692s] -- BUILD_SHARED_LIBS is on
[1.928s] -- Configuring done
[1.945s] -- Generating done
[1.945s] -- Build files have been written to: /home/yeap/APC_2022_Prac/airsimversion/autoware.ai/build/sick_ldmrs_description
[1.952s] Invoked command in '/home/yeap/APC_2022_Prac/airsimversion/autoware.ai/build/sick_ldmrs_description' returned '0': /usr/bin/cmake /home/yeap/APC_2022_Prac/airsimversion/autoware.ai/src/drivers/awf_drivers/sick_ldmrs_description -DCMAKE_BUILD_TYPE=Release -DCATKIN_INSTALL_INTO_PREFIX_ROOT=0 -DCMAKE_INSTALL_PREFIX=/home/yeap/APC_2022_Prac/airsimversion/autoware.ai/install/sick_ldmrs_description
[1.953s] Invoking command in '/home/yeap/APC_2022_Prac/airsimversion/autoware.ai/build/sick_ldmrs_description': /usr/bin/cmake --build /home/yeap/APC_2022_Prac/airsimversion/autoware.ai/build/sick_ldmrs_description -- -j6 -l6
[1.994s] Invoked command in '/home/yeap/APC_2022_Prac/airsimversion/autoware.ai/build/sick_ldmrs_description' returned '0': /usr/bin/cmake --build /home/yeap/APC_2022_Prac/airsimversion/autoware.ai/build/sick_ldmrs_description -- -j6 -l6
[2.036s] Invoking command in '/home/yeap/APC_2022_Prac/airsimversion/autoware.ai/build/sick_ldmrs_description': /usr/bin/cmake --build /home/yeap/APC_2022_Prac/airsimversion/autoware.ai/build/sick_ldmrs_description --target tests -- -j6 -l6
[2.094s] [35m[1mScanning dependencies of target tests[0m
[2.105s] Built target tests
[2.119s] Invoked command in '/home/yeap/APC_2022_Prac/airsimversion/autoware.ai/build/sick_ldmrs_description' returned '0': /usr/bin/cmake --build /home/yeap/APC_2022_Prac/airsimversion/autoware.ai/build/sick_ldmrs_description --target tests -- -j6 -l6
[2.154s] Invoking command in '/home/yeap/APC_2022_Prac/airsimversion/autoware.ai/build/sick_ldmrs_description': /usr/bin/cmake --build /home/yeap/APC_2022_Prac/airsimversion/autoware.ai/build/sick_ldmrs_description --target install -- -j6 -l6
[2.208s] [36mInstall the project...[0m
[2.217s] -- Install configuration: "Release"
[2.217s] -- Installing: /home/yeap/APC_2022_Prac/airsimversion/autoware.ai/install/sick_ldmrs_description/lib/pkgconfig/sick_ldmrs_description.pc
[2.218s] -- Installing: /home/yeap/APC_2022_Prac/airsimversion/autoware.ai/install/sick_ldmrs_description/share/sick_ldmrs_description/cmake/sick_ldmrs_descriptionConfig.cmake
[2.218s] -- Installing: /home/yeap/APC_2022_Prac/airsimversion/autoware.ai/install/sick_ldmrs_description/share/sick_ldmrs_description/cmake/sick_ldmrs_descriptionConfig-version.cmake
[2.218s] -- Installing: /home/yeap/APC_2022_Prac/airsimversion/autoware.ai/install/sick_ldmrs_description/share/sick_ldmrs_description/package.xml
[2.218s] -- Installing: /home/yeap/APC_2022_Prac/airsimversion/autoware.ai/install/sick_ldmrs_description/share/sick_ldmrs_description/launch
[2.219s] -- Installing: /home/yeap/APC_2022_Prac/airsimversion/autoware.ai/install/sick_ldmrs_description/share/sick_ldmrs_description/launch/upload_urdf.launch
[2.219s] -- Installing: /home/yeap/APC_2022_Prac/airsimversion/autoware.ai/install/sick_ldmrs_description/share/sick_ldmrs_description/launch/show_urdf.launch
[2.219s] -- Installing: /home/yeap/APC_2022_Prac/airsimversion/autoware.ai/install/sick_ldmrs_description/share/sick_ldmrs_description/meshes
[2.219s] -- Installing: /home/yeap/APC_2022_Prac/airsimversion/autoware.ai/install/sick_ldmrs_description/share/sick_ldmrs_description/meshes/sick_ldmrs.dae
[2.221s] -- Installing: /home/yeap/APC_2022_Prac/airsimversion/autoware.ai/install/sick_ldmrs_description/share/sick_ldmrs_description/meshes/sick_ldmrs_color.png
[2.222s] -- Installing: /home/yeap/APC_2022_Prac/airsimversion/autoware.ai/install/sick_ldmrs_description/share/sick_ldmrs_description/urdf
[2.222s] -- Installing: /home/yeap/APC_2022_Prac/airsimversion/autoware.ai/install/sick_ldmrs_description/share/sick_ldmrs_description/urdf/sick_ldmrs.urdf.xacro
[2.222s] -- Installing: /home/yeap/APC_2022_Prac/airsimversion/autoware.ai/install/sick_ldmrs_description/share/sick_ldmrs_description/urdf/sick_ldmrs_macros.urdf.xacro
[2.229s] Invoked command in '/home/yeap/APC_2022_Prac/airsimversion/autoware.ai/build/sick_ldmrs_description' returned '0': /usr/bin/cmake --build /home/yeap/APC_2022_Prac/airsimversion/autoware.ai/build/sick_ldmrs_description --target install -- -j6 -l6
