[0.015s] Invoking command in '/home/yeap/APC_2022_Prac/airsimversion/autoware.ai/build/ndt_tku': /usr/bin/cmake /home/yeap/APC_2022_Prac/airsimversion/autoware.ai/src/autoware/core_perception/ndt_tku -DCMAKE_BUILD_TYPE=Release -DCATKIN_INSTALL_INTO_PREFIX_ROOT=0 -DCMAKE_INSTALL_PREFIX=/home/yeap/APC_2022_Prac/airsimversion/autoware.ai/install/ndt_tku
[0.087s] -- The C compiler identification is GNU 7.5.0
[0.152s] -- The CXX compiler identification is GNU 7.5.0
[0.157s] -- Check for working C compiler: /usr/bin/cc
[0.233s] -- Check for working C compiler: /usr/bin/cc -- works
[0.235s] -- Detecting C compiler ABI info
[0.308s] -- Detecting C compiler ABI info - done
[0.317s] -- Detecting C compile features
[0.542s] -- Detecting C compile features - done
[0.545s] -- Check for working CXX compiler: /usr/bin/c++
[0.627s] -- Check for working CXX compiler: /usr/bin/c++ -- works
[0.627s] -- Detecting CXX compiler ABI info
[0.711s] -- Detecting CXX compiler ABI info - done
[0.720s] -- Detecting CXX compile features
[1.085s] -- Detecting CXX compile features - done
[1.087s] -- Using CATKIN_DEVEL_PREFIX: /home/yeap/APC_2022_Prac/airsimversion/autoware.ai/build/ndt_tku/devel
[1.087s] -- Using CMAKE_PREFIX_PATH: /opt/ros/melodic
[1.088s] -- This workspace overlays: /opt/ros/melodic
[1.103s] -- Found PythonInterp: /usr/bin/python2 (found suitable version "2.7.17", minimum required is "2") 
[1.104s] -- Using PYTHON_EXECUTABLE: /usr/bin/python2
[1.104s] -- Using Debian Python package layout
[1.105s] -- Using empy: /usr/bin/empy
[1.280s] -- Using CATKIN_ENABLE_TESTING: ON
[1.280s] -- Call enable_testing()
[1.288s] -- Using CATKIN_TEST_RESULTS_DIR: /home/yeap/APC_2022_Prac/airsimversion/autoware.ai/build/ndt_tku/test_results
[1.304s] -- Found gtest sources under '/usr/src/googletest': gtests will be built
[1.304s] -- Found gmock sources under '/usr/src/googletest': gmock will be built
[1.319s] -- Found PythonInterp: /usr/bin/python2 (found version "2.7.17") 
[1.320s] -- Looking for pthread.h
[1.396s] -- Looking for pthread.h - found
[1.397s] -- Looking for pthread_create
[1.472s] -- Looking for pthread_create - not found
[1.473s] -- Looking for pthread_create in pthreads
[1.532s] -- Looking for pthread_create in pthreads - not found
[1.533s] -- Looking for pthread_create in pthread
[1.605s] -- Looking for pthread_create in pthread - found
[1.607s] -- Found Threads: TRUE  
[1.613s] -- Using Python nosetests: /usr/bin/nosetests-2.7
[1.661s] -- catkin 0.7.29
[1.662s] -- BUILD_SHARED_LIBS is on
[1.900s] -- Found GLUT: /usr/lib/x86_64-linux-gnu/libglut.so  
[1.908s] -- Configuring done
[1.927s] -- Generating done
[1.930s] -- Build files have been written to: /home/yeap/APC_2022_Prac/airsimversion/autoware.ai/build/ndt_tku
[1.938s] Invoked command in '/home/yeap/APC_2022_Prac/airsimversion/autoware.ai/build/ndt_tku' returned '0': /usr/bin/cmake /home/yeap/APC_2022_Prac/airsimversion/autoware.ai/src/autoware/core_perception/ndt_tku -DCMAKE_BUILD_TYPE=Release -DCATKIN_INSTALL_INTO_PREFIX_ROOT=0 -DCMAKE_INSTALL_PREFIX=/home/yeap/APC_2022_Prac/airsimversion/autoware.ai/install/ndt_tku
[1.939s] Invoking command in '/home/yeap/APC_2022_Prac/airsimversion/autoware.ai/build/ndt_tku': /usr/bin/cmake --build /home/yeap/APC_2022_Prac/airsimversion/autoware.ai/build/ndt_tku -- -j6 -l6
[1.989s] [35m[1mScanning dependencies of target ndt_tku[0m
[2.006s] [ 25%] [32mBuilding CXX object CMakeFiles/ndt_tku.dir/src/algebra.cpp.o[0m
[2.340s] [ 50%] [32mBuilding CXX object CMakeFiles/ndt_tku.dir/src/manage_ND.cpp.o[0m
[2.620s] [ 75%] [32mBuilding CXX object CMakeFiles/ndt_tku.dir/src/newton.cpp.o[0m
[2.979s] [100%] [32m[1mLinking CXX shared library devel/lib/libndt_tku.so[0m
[3.035s] [100%] Built target ndt_tku
[3.050s] Invoked command in '/home/yeap/APC_2022_Prac/airsimversion/autoware.ai/build/ndt_tku' returned '0': /usr/bin/cmake --build /home/yeap/APC_2022_Prac/airsimversion/autoware.ai/build/ndt_tku -- -j6 -l6
[3.091s] Invoking command in '/home/yeap/APC_2022_Prac/airsimversion/autoware.ai/build/ndt_tku': /usr/bin/cmake --build /home/yeap/APC_2022_Prac/airsimversion/autoware.ai/build/ndt_tku --target tests -- -j6 -l6
[3.148s] [35m[1mScanning dependencies of target tests[0m
[3.161s] Built target tests
[3.176s] Invoked command in '/home/yeap/APC_2022_Prac/airsimversion/autoware.ai/build/ndt_tku' returned '0': /usr/bin/cmake --build /home/yeap/APC_2022_Prac/airsimversion/autoware.ai/build/ndt_tku --target tests -- -j6 -l6
[3.218s] Invoking command in '/home/yeap/APC_2022_Prac/airsimversion/autoware.ai/build/ndt_tku': /usr/bin/cmake --build /home/yeap/APC_2022_Prac/airsimversion/autoware.ai/build/ndt_tku --target install -- -j6 -l6
[3.278s] [100%] Built target ndt_tku
[3.299s] [36mInstall the project...[0m
[3.309s] -- Install configuration: "Release"
[3.309s] -- Installing: /home/yeap/APC_2022_Prac/airsimversion/autoware.ai/install/ndt_tku/lib/pkgconfig/ndt_tku.pc
[3.310s] -- Installing: /home/yeap/APC_2022_Prac/airsimversion/autoware.ai/install/ndt_tku/share/ndt_tku/cmake/ndt_tkuConfig.cmake
[3.310s] -- Installing: /home/yeap/APC_2022_Prac/airsimversion/autoware.ai/install/ndt_tku/share/ndt_tku/cmake/ndt_tkuConfig-version.cmake
[3.311s] -- Installing: /home/yeap/APC_2022_Prac/airsimversion/autoware.ai/install/ndt_tku/share/ndt_tku/package.xml
[3.311s] -- Installing: /home/yeap/APC_2022_Prac/airsimversion/autoware.ai/install/ndt_tku/lib/libndt_tku.so
[3.312s] -- Installing: /home/yeap/APC_2022_Prac/airsimversion/autoware.ai/install/ndt_tku/include
[3.312s] -- Installing: /home/yeap/APC_2022_Prac/airsimversion/autoware.ai/install/ndt_tku/include/ndt.h
[3.312s] -- Installing: /home/yeap/APC_2022_Prac/airsimversion/autoware.ai/install/ndt_tku/include/algebra.h
[3.319s] Invoked command in '/home/yeap/APC_2022_Prac/airsimversion/autoware.ai/build/ndt_tku' returned '0': /usr/bin/cmake --build /home/yeap/APC_2022_Prac/airsimversion/autoware.ai/build/ndt_tku --target install -- -j6 -l6
