[0.041s] Invoking command in '/home/yeap/APC_2022_Prac/airsimversion/autoware.ai/build/ds4': CMAKE_PREFIX_PATH=/home/yeap/APC_2022_Prac/airsimversion/autoware.ai/install/ds4_msgs:/home/yeap/APC_2022_Prac/airsimversion/autoware.ai/install/ds4_driver:${CMAKE_PREFIX_PATH} PKG_CONFIG_PATH=/home/yeap/APC_2022_Prac/airsimversion/autoware.ai/install/ds4_msgs/lib/x86_64-linux-gnu/pkgconfig:/home/yeap/APC_2022_Prac/airsimversion/autoware.ai/install/ds4_msgs/lib/pkgconfig:/home/yeap/APC_2022_Prac/airsimversion/autoware.ai/install/ds4_driver/lib/x86_64-linux-gnu/pkgconfig:/home/yeap/APC_2022_Prac/airsimversion/autoware.ai/install/ds4_driver/lib/pkgconfig:${PKG_CONFIG_PATH} PYTHONPATH=/home/yeap/APC_2022_Prac/airsimversion/autoware.ai/install/ds4_msgs/lib/python2.7/dist-packages:${PYTHONPATH} ROS_PACKAGE_PATH=/home/yeap/APC_2022_Prac/airsimversion/autoware.ai/install/ds4_msgs/share:/home/yeap/APC_2022_Prac/airsimversion/autoware.ai/install/ds4_driver/share:${ROS_PACKAGE_PATH} /usr/bin/cmake /home/yeap/APC_2022_Prac/airsimversion/autoware.ai/src/drivers/ds4/ds4 -DCMAKE_BUILD_TYPE=Release -DCATKIN_INSTALL_INTO_PREFIX_ROOT=0 -DCMAKE_INSTALL_PREFIX=/home/yeap/APC_2022_Prac/airsimversion/autoware.ai/install/ds4
[0.114s] -- The C compiler identification is GNU 7.5.0
[0.179s] -- The CXX compiler identification is GNU 7.5.0
[0.184s] -- Check for working C compiler: /usr/bin/cc
[0.266s] -- Check for working C compiler: /usr/bin/cc -- works
[0.266s] -- Detecting C compiler ABI info
[0.340s] -- Detecting C compiler ABI info - done
[0.347s] -- Detecting C compile features
[0.562s] -- Detecting C compile features - done
[0.563s] -- Check for working CXX compiler: /usr/bin/c++
[0.645s] -- Check for working CXX compiler: /usr/bin/c++ -- works
[0.648s] -- Detecting CXX compiler ABI info
[0.729s] -- Detecting CXX compiler ABI info - done
[0.739s] -- Detecting CXX compile features
[1.140s] -- Detecting CXX compile features - done
[1.143s] -- Using CATKIN_DEVEL_PREFIX: /home/yeap/APC_2022_Prac/airsimversion/autoware.ai/build/ds4/devel
[1.144s] -- Using CMAKE_PREFIX_PATH: /home/yeap/APC_2022_Prac/airsimversion/autoware.ai/install/ds4_msgs;/home/yeap/APC_2022_Prac/airsimversion/autoware.ai/install/ds4_driver;/opt/ros/melodic
[1.144s] -- This workspace overlays: /home/yeap/APC_2022_Prac/airsimversion/autoware.ai/install/ds4_msgs;/home/yeap/APC_2022_Prac/airsimversion/autoware.ai/install/ds4_driver;/opt/ros/melodic
[1.161s] -- Found PythonInterp: /usr/bin/python2 (found suitable version "2.7.17", minimum required is "2") 
[1.161s] -- Using PYTHON_EXECUTABLE: /usr/bin/python2
[1.161s] -- Using Debian Python package layout
[1.162s] -- Using empy: /usr/bin/empy
[1.332s] -- Using CATKIN_ENABLE_TESTING: ON
[1.332s] -- Call enable_testing()
[1.335s] -- Using CATKIN_TEST_RESULTS_DIR: /home/yeap/APC_2022_Prac/airsimversion/autoware.ai/build/ds4/test_results
[1.359s] -- Found gtest sources under '/usr/src/googletest': gtests will be built
[1.359s] -- Found gmock sources under '/usr/src/googletest': gmock will be built
[1.374s] -- Found PythonInterp: /usr/bin/python2 (found version "2.7.17") 
[1.376s] -- Looking for pthread.h
[1.451s] -- Looking for pthread.h - found
[1.451s] -- Looking for pthread_create
[1.526s] -- Looking for pthread_create - not found
[1.526s] -- Looking for pthread_create in pthreads
[1.587s] -- Looking for pthread_create in pthreads - not found
[1.587s] -- Looking for pthread_create in pthread
[1.657s] -- Looking for pthread_create in pthread - found
[1.659s] -- Found Threads: TRUE  
[1.664s] -- Using Python nosetests: /usr/bin/nosetests-2.7
[1.714s] -- catkin 0.7.29
[1.714s] -- BUILD_SHARED_LIBS is on
[1.865s] -- Configuring done
[1.875s] -- Generating done
[1.878s] -- Build files have been written to: /home/yeap/APC_2022_Prac/airsimversion/autoware.ai/build/ds4
[1.886s] Invoked command in '/home/yeap/APC_2022_Prac/airsimversion/autoware.ai/build/ds4' returned '0': CMAKE_PREFIX_PATH=/home/yeap/APC_2022_Prac/airsimversion/autoware.ai/install/ds4_msgs:/home/yeap/APC_2022_Prac/airsimversion/autoware.ai/install/ds4_driver:${CMAKE_PREFIX_PATH} PKG_CONFIG_PATH=/home/yeap/APC_2022_Prac/airsimversion/autoware.ai/install/ds4_msgs/lib/x86_64-linux-gnu/pkgconfig:/home/yeap/APC_2022_Prac/airsimversion/autoware.ai/install/ds4_msgs/lib/pkgconfig:/home/yeap/APC_2022_Prac/airsimversion/autoware.ai/install/ds4_driver/lib/x86_64-linux-gnu/pkgconfig:/home/yeap/APC_2022_Prac/airsimversion/autoware.ai/install/ds4_driver/lib/pkgconfig:${PKG_CONFIG_PATH} PYTHONPATH=/home/yeap/APC_2022_Prac/airsimversion/autoware.ai/install/ds4_msgs/lib/python2.7/dist-packages:${PYTHONPATH} ROS_PACKAGE_PATH=/home/yeap/APC_2022_Prac/airsimversion/autoware.ai/install/ds4_msgs/share:/home/yeap/APC_2022_Prac/airsimversion/autoware.ai/install/ds4_driver/share:${ROS_PACKAGE_PATH} /usr/bin/cmake /home/yeap/APC_2022_Prac/airsimversion/autoware.ai/src/drivers/ds4/ds4 -DCMAKE_BUILD_TYPE=Release -DCATKIN_INSTALL_INTO_PREFIX_ROOT=0 -DCMAKE_INSTALL_PREFIX=/home/yeap/APC_2022_Prac/airsimversion/autoware.ai/install/ds4
[1.887s] Invoking command in '/home/yeap/APC_2022_Prac/airsimversion/autoware.ai/build/ds4': CMAKE_PREFIX_PATH=/home/yeap/APC_2022_Prac/airsimversion/autoware.ai/install/ds4_msgs:/home/yeap/APC_2022_Prac/airsimversion/autoware.ai/install/ds4_driver:${CMAKE_PREFIX_PATH} PKG_CONFIG_PATH=/home/yeap/APC_2022_Prac/airsimversion/autoware.ai/install/ds4_msgs/lib/x86_64-linux-gnu/pkgconfig:/home/yeap/APC_2022_Prac/airsimversion/autoware.ai/install/ds4_msgs/lib/pkgconfig:/home/yeap/APC_2022_Prac/airsimversion/autoware.ai/install/ds4_driver/lib/x86_64-linux-gnu/pkgconfig:/home/yeap/APC_2022_Prac/airsimversion/autoware.ai/install/ds4_driver/lib/pkgconfig:${PKG_CONFIG_PATH} PYTHONPATH=/home/yeap/APC_2022_Prac/airsimversion/autoware.ai/install/ds4_msgs/lib/python2.7/dist-packages:${PYTHONPATH} ROS_PACKAGE_PATH=/home/yeap/APC_2022_Prac/airsimversion/autoware.ai/install/ds4_msgs/share:/home/yeap/APC_2022_Prac/airsimversion/autoware.ai/install/ds4_driver/share:${ROS_PACKAGE_PATH} /usr/bin/cmake --build /home/yeap/APC_2022_Prac/airsimversion/autoware.ai/build/ds4 -- -j6 -l6
[1.941s] Invoked command in '/home/yeap/APC_2022_Prac/airsimversion/autoware.ai/build/ds4' returned '0': CMAKE_PREFIX_PATH=/home/yeap/APC_2022_Prac/airsimversion/autoware.ai/install/ds4_msgs:/home/yeap/APC_2022_Prac/airsimversion/autoware.ai/install/ds4_driver:${CMAKE_PREFIX_PATH} PKG_CONFIG_PATH=/home/yeap/APC_2022_Prac/airsimversion/autoware.ai/install/ds4_msgs/lib/x86_64-linux-gnu/pkgconfig:/home/yeap/APC_2022_Prac/airsimversion/autoware.ai/install/ds4_msgs/lib/pkgconfig:/home/yeap/APC_2022_Prac/airsimversion/autoware.ai/install/ds4_driver/lib/x86_64-linux-gnu/pkgconfig:/home/yeap/APC_2022_Prac/airsimversion/autoware.ai/install/ds4_driver/lib/pkgconfig:${PKG_CONFIG_PATH} PYTHONPATH=/home/yeap/APC_2022_Prac/airsimversion/autoware.ai/install/ds4_msgs/lib/python2.7/dist-packages:${PYTHONPATH} ROS_PACKAGE_PATH=/home/yeap/APC_2022_Prac/airsimversion/autoware.ai/install/ds4_msgs/share:/home/yeap/APC_2022_Prac/airsimversion/autoware.ai/install/ds4_driver/share:${ROS_PACKAGE_PATH} /usr/bin/cmake --build /home/yeap/APC_2022_Prac/airsimversion/autoware.ai/build/ds4 -- -j6 -l6
[1.969s] Invoking command in '/home/yeap/APC_2022_Prac/airsimversion/autoware.ai/build/ds4': CMAKE_PREFIX_PATH=/home/yeap/APC_2022_Prac/airsimversion/autoware.ai/install/ds4_msgs:/home/yeap/APC_2022_Prac/airsimversion/autoware.ai/install/ds4_driver:${CMAKE_PREFIX_PATH} PKG_CONFIG_PATH=/home/yeap/APC_2022_Prac/airsimversion/autoware.ai/install/ds4_msgs/lib/x86_64-linux-gnu/pkgconfig:/home/yeap/APC_2022_Prac/airsimversion/autoware.ai/install/ds4_msgs/lib/pkgconfig:/home/yeap/APC_2022_Prac/airsimversion/autoware.ai/install/ds4_driver/lib/x86_64-linux-gnu/pkgconfig:/home/yeap/APC_2022_Prac/airsimversion/autoware.ai/install/ds4_driver/lib/pkgconfig:${PKG_CONFIG_PATH} PYTHONPATH=/home/yeap/APC_2022_Prac/airsimversion/autoware.ai/install/ds4_msgs/lib/python2.7/dist-packages:${PYTHONPATH} ROS_PACKAGE_PATH=/home/yeap/APC_2022_Prac/airsimversion/autoware.ai/install/ds4_msgs/share:/home/yeap/APC_2022_Prac/airsimversion/autoware.ai/install/ds4_driver/share:${ROS_PACKAGE_PATH} /usr/bin/cmake --build /home/yeap/APC_2022_Prac/airsimversion/autoware.ai/build/ds4 --target tests -- -j6 -l6
[2.024s] [35m[1mScanning dependencies of target tests[0m
[2.037s] Built target tests
[2.054s] Invoked command in '/home/yeap/APC_2022_Prac/airsimversion/autoware.ai/build/ds4' returned '0': CMAKE_PREFIX_PATH=/home/yeap/APC_2022_Prac/airsimversion/autoware.ai/install/ds4_msgs:/home/yeap/APC_2022_Prac/airsimversion/autoware.ai/install/ds4_driver:${CMAKE_PREFIX_PATH} PKG_CONFIG_PATH=/home/yeap/APC_2022_Prac/airsimversion/autoware.ai/install/ds4_msgs/lib/x86_64-linux-gnu/pkgconfig:/home/yeap/APC_2022_Prac/airsimversion/autoware.ai/install/ds4_msgs/lib/pkgconfig:/home/yeap/APC_2022_Prac/airsimversion/autoware.ai/install/ds4_driver/lib/x86_64-linux-gnu/pkgconfig:/home/yeap/APC_2022_Prac/airsimversion/autoware.ai/install/ds4_driver/lib/pkgconfig:${PKG_CONFIG_PATH} PYTHONPATH=/home/yeap/APC_2022_Prac/airsimversion/autoware.ai/install/ds4_msgs/lib/python2.7/dist-packages:${PYTHONPATH} ROS_PACKAGE_PATH=/home/yeap/APC_2022_Prac/airsimversion/autoware.ai/install/ds4_msgs/share:/home/yeap/APC_2022_Prac/airsimversion/autoware.ai/install/ds4_driver/share:${ROS_PACKAGE_PATH} /usr/bin/cmake --build /home/yeap/APC_2022_Prac/airsimversion/autoware.ai/build/ds4 --target tests -- -j6 -l6
[2.100s] Invoking command in '/home/yeap/APC_2022_Prac/airsimversion/autoware.ai/build/ds4': CMAKE_PREFIX_PATH=/home/yeap/APC_2022_Prac/airsimversion/autoware.ai/install/ds4_msgs:/home/yeap/APC_2022_Prac/airsimversion/autoware.ai/install/ds4_driver:${CMAKE_PREFIX_PATH} PKG_CONFIG_PATH=/home/yeap/APC_2022_Prac/airsimversion/autoware.ai/install/ds4_msgs/lib/x86_64-linux-gnu/pkgconfig:/home/yeap/APC_2022_Prac/airsimversion/autoware.ai/install/ds4_msgs/lib/pkgconfig:/home/yeap/APC_2022_Prac/airsimversion/autoware.ai/install/ds4_driver/lib/x86_64-linux-gnu/pkgconfig:/home/yeap/APC_2022_Prac/airsimversion/autoware.ai/install/ds4_driver/lib/pkgconfig:${PKG_CONFIG_PATH} PYTHONPATH=/home/yeap/APC_2022_Prac/airsimversion/autoware.ai/install/ds4_msgs/lib/python2.7/dist-packages:${PYTHONPATH} ROS_PACKAGE_PATH=/home/yeap/APC_2022_Prac/airsimversion/autoware.ai/install/ds4_msgs/share:/home/yeap/APC_2022_Prac/airsimversion/autoware.ai/install/ds4_driver/share:${ROS_PACKAGE_PATH} /usr/bin/cmake --build /home/yeap/APC_2022_Prac/airsimversion/autoware.ai/build/ds4 --target install -- -j6 -l6
[2.161s] [36mInstall the project...[0m
[2.171s] -- Install configuration: "Release"
[2.172s] -- Installing: /home/yeap/APC_2022_Prac/airsimversion/autoware.ai/install/ds4/share/ds4/package.xml
[2.178s] Invoked command in '/home/yeap/APC_2022_Prac/airsimversion/autoware.ai/build/ds4' returned '0': CMAKE_PREFIX_PATH=/home/yeap/APC_2022_Prac/airsimversion/autoware.ai/install/ds4_msgs:/home/yeap/APC_2022_Prac/airsimversion/autoware.ai/install/ds4_driver:${CMAKE_PREFIX_PATH} PKG_CONFIG_PATH=/home/yeap/APC_2022_Prac/airsimversion/autoware.ai/install/ds4_msgs/lib/x86_64-linux-gnu/pkgconfig:/home/yeap/APC_2022_Prac/airsimversion/autoware.ai/install/ds4_msgs/lib/pkgconfig:/home/yeap/APC_2022_Prac/airsimversion/autoware.ai/install/ds4_driver/lib/x86_64-linux-gnu/pkgconfig:/home/yeap/APC_2022_Prac/airsimversion/autoware.ai/install/ds4_driver/lib/pkgconfig:${PKG_CONFIG_PATH} PYTHONPATH=/home/yeap/APC_2022_Prac/airsimversion/autoware.ai/install/ds4_msgs/lib/python2.7/dist-packages:${PYTHONPATH} ROS_PACKAGE_PATH=/home/yeap/APC_2022_Prac/airsimversion/autoware.ai/install/ds4_msgs/share:/home/yeap/APC_2022_Prac/airsimversion/autoware.ai/install/ds4_driver/share:${ROS_PACKAGE_PATH} /usr/bin/cmake --build /home/yeap/APC_2022_Prac/airsimversion/autoware.ai/build/ds4 --target install -- -j6 -l6
