[0.034s] Invoking command in '/home/yeap/APC_2022_Prac/airsimversion/autoware.ai/build/vel_pose_diff_checker': CMAKE_PREFIX_PATH=/home/yeap/APC_2022_Prac/airsimversion/autoware.ai/install/autoware_health_checker:/home/yeap/APC_2022_Prac/airsimversion/autoware.ai/install/amathutils_lib:/home/yeap/APC_2022_Prac/airsimversion/autoware.ai/install/ros_observer:/home/yeap/APC_2022_Prac/airsimversion/autoware.ai/install/autoware_system_msgs:/home/yeap/APC_2022_Prac/airsimversion/autoware.ai/install/autoware_msgs:/home/yeap/APC_2022_Prac/airsimversion/autoware.ai/install/autoware_build_flags:${CMAKE_PREFIX_PATH} LD_LIBRARY_PATH=/home/yeap/APC_2022_Prac/airsimversion/autoware.ai/install/autoware_health_checker/lib:/home/yeap/APC_2022_Prac/airsimversion/autoware.ai/install/amathutils_lib/lib:/home/yeap/APC_2022_Prac/airsimversion/autoware.ai/install/ros_observer/lib:${LD_LIBRARY_PATH} PKG_CONFIG_PATH=/home/yeap/APC_2022_Prac/airsimversion/autoware.ai/install/autoware_health_checker/lib/x86_64-linux-gnu/pkgconfig:/home/yeap/APC_2022_Prac/airsimversion/autoware.ai/install/autoware_health_checker/lib/pkgconfig:/home/yeap/APC_2022_Prac/airsimversion/autoware.ai/install/amathutils_lib/lib/x86_64-linux-gnu/pkgconfig:/home/yeap/APC_2022_Prac/airsimversion/autoware.ai/install/amathutils_lib/lib/pkgconfig:/home/yeap/APC_2022_Prac/airsimversion/autoware.ai/install/ros_observer/lib/x86_64-linux-gnu/pkgconfig:/home/yeap/APC_2022_Prac/airsimversion/autoware.ai/install/ros_observer/lib/pkgconfig:/home/yeap/APC_2022_Prac/airsimversion/autoware.ai/install/autoware_system_msgs/lib/x86_64-linux-gnu/pkgconfig:/home/yeap/APC_2022_Prac/airsimversion/autoware.ai/install/autoware_system_msgs/lib/pkgconfig:/home/yeap/APC_2022_Prac/airsimversion/autoware.ai/install/autoware_msgs/lib/x86_64-linux-gnu/pkgconfig:/home/yeap/APC_2022_Prac/airsimversion/autoware.ai/install/autoware_msgs/lib/pkgconfig:/home/yeap/APC_2022_Prac/airsimversion/autoware.ai/install/autoware_build_flags/lib/x86_64-linux-gnu/pkgconfig:/home/yeap/APC_2022_Prac/airsimversion/autoware.ai/install/autoware_build_flags/lib/pkgconfig:${PKG_CONFIG_PATH} PYTHONPATH=/home/yeap/APC_2022_Prac/airsimversion/autoware.ai/install/autoware_system_msgs/lib/python2.7/dist-packages:/home/yeap/APC_2022_Prac/airsimversion/autoware.ai/install/autoware_msgs/lib/python2.7/dist-packages:${PYTHONPATH} ROS_PACKAGE_PATH=/home/yeap/APC_2022_Prac/airsimversion/autoware.ai/install/autoware_health_checker/share:/home/yeap/APC_2022_Prac/airsimversion/autoware.ai/install/amathutils_lib/share:/home/yeap/APC_2022_Prac/airsimversion/autoware.ai/install/ros_observer/share:/home/yeap/APC_2022_Prac/airsimversion/autoware.ai/install/autoware_system_msgs/share:/home/yeap/APC_2022_Prac/airsimversion/autoware.ai/install/autoware_msgs/share:/home/yeap/APC_2022_Prac/airsimversion/autoware.ai/install/autoware_build_flags/share:${ROS_PACKAGE_PATH} /usr/bin/cmake /home/yeap/APC_2022_Prac/airsimversion/autoware.ai/src/autoware/core_perception/vel_pose_diff_checker -DCMAKE_BUILD_TYPE=Release -DCATKIN_INSTALL_INTO_PREFIX_ROOT=0 -DCMAKE_INSTALL_PREFIX=/home/yeap/APC_2022_Prac/airsimversion/autoware.ai/install/vel_pose_diff_checker
[0.121s] -- The C compiler identification is GNU 7.5.0
[0.188s] -- The CXX compiler identification is GNU 7.5.0
[0.193s] -- Check for working C compiler: /usr/bin/cc
[0.271s] -- Check for working C compiler: /usr/bin/cc -- works
[0.272s] -- Detecting C compiler ABI info
[0.349s] -- Detecting C compiler ABI info - done
[0.359s] -- Detecting C compile features
[0.589s] -- Detecting C compile features - done
[0.592s] -- Check for working CXX compiler: /usr/bin/c++
[0.684s] -- Check for working CXX compiler: /usr/bin/c++ -- works
[0.684s] -- Detecting CXX compiler ABI info
[0.778s] -- Detecting CXX compiler ABI info - done
[0.787s] -- Detecting CXX compile features
[1.270s] -- Detecting CXX compile features - done
[1.273s] -- Using CATKIN_DEVEL_PREFIX: /home/yeap/APC_2022_Prac/airsimversion/autoware.ai/build/vel_pose_diff_checker/devel
[1.274s] -- Using CMAKE_PREFIX_PATH: /home/yeap/APC_2022_Prac/airsimversion/autoware.ai/install/autoware_health_checker;/home/yeap/APC_2022_Prac/airsimversion/autoware.ai/install/amathutils_lib;/home/yeap/APC_2022_Prac/airsimversion/autoware.ai/install/ros_observer;/home/yeap/APC_2022_Prac/airsimversion/autoware.ai/install/autoware_system_msgs;/home/yeap/APC_2022_Prac/airsimversion/autoware.ai/install/autoware_msgs;/home/yeap/APC_2022_Prac/airsimversion/autoware.ai/install/autoware_build_flags;/opt/ros/melodic
[1.275s] -- This workspace overlays: /home/yeap/APC_2022_Prac/airsimversion/autoware.ai/install/autoware_health_checker;/home/yeap/APC_2022_Prac/airsimversion/autoware.ai/install/amathutils_lib;/home/yeap/APC_2022_Prac/airsimversion/autoware.ai/install/ros_observer;/home/yeap/APC_2022_Prac/airsimversion/autoware.ai/install/autoware_system_msgs;/home/yeap/APC_2022_Prac/airsimversion/autoware.ai/install/autoware_msgs;/home/yeap/APC_2022_Prac/airsimversion/autoware.ai/install/autoware_build_flags;/opt/ros/melodic
[1.291s] -- Found PythonInterp: /usr/bin/python2 (found suitable version "2.7.17", minimum required is "2") 
[1.291s] -- Using PYTHON_EXECUTABLE: /usr/bin/python2
[1.292s] -- Using Debian Python package layout
[1.292s] -- Using empy: /usr/bin/empy
[1.475s] -- Using CATKIN_ENABLE_TESTING: ON
[1.475s] -- Call enable_testing()
[1.478s] -- Using CATKIN_TEST_RESULTS_DIR: /home/yeap/APC_2022_Prac/airsimversion/autoware.ai/build/vel_pose_diff_checker/test_results
[1.504s] -- Found gtest sources under '/usr/src/googletest': gtests will be built
[1.504s] -- Found gmock sources under '/usr/src/googletest': gmock will be built
[1.520s] -- Found PythonInterp: /usr/bin/python2 (found version "2.7.17") 
[1.522s] -- Looking for pthread.h
[1.605s] -- Looking for pthread.h - found
[1.606s] -- Looking for pthread_create
[1.686s] -- Looking for pthread_create - not found
[1.687s] -- Looking for pthread_create in pthreads
[1.750s] -- Looking for pthread_create in pthreads - not found
[1.751s] -- Looking for pthread_create in pthread
[1.838s] -- Looking for pthread_create in pthread - found
[1.840s] -- Found Threads: TRUE  
[1.845s] -- Using Python nosetests: /usr/bin/nosetests-2.7
[1.899s] -- catkin 0.7.29
[1.900s] -- BUILD_SHARED_LIBS is on
[2.093s] -- Using these message generators: gencpp;geneus;genlisp;gennodejs;genpy
[2.329s] -- CUDA compilation status: .
[2.502s] -- Configuring done
[2.548s] -- Generating done
[2.561s] -- Build files have been written to: /home/yeap/APC_2022_Prac/airsimversion/autoware.ai/build/vel_pose_diff_checker
[2.573s] Invoked command in '/home/yeap/APC_2022_Prac/airsimversion/autoware.ai/build/vel_pose_diff_checker' returned '0': CMAKE_PREFIX_PATH=/home/yeap/APC_2022_Prac/airsimversion/autoware.ai/install/autoware_health_checker:/home/yeap/APC_2022_Prac/airsimversion/autoware.ai/install/amathutils_lib:/home/yeap/APC_2022_Prac/airsimversion/autoware.ai/install/ros_observer:/home/yeap/APC_2022_Prac/airsimversion/autoware.ai/install/autoware_system_msgs:/home/yeap/APC_2022_Prac/airsimversion/autoware.ai/install/autoware_msgs:/home/yeap/APC_2022_Prac/airsimversion/autoware.ai/install/autoware_build_flags:${CMAKE_PREFIX_PATH} LD_LIBRARY_PATH=/home/yeap/APC_2022_Prac/airsimversion/autoware.ai/install/autoware_health_checker/lib:/home/yeap/APC_2022_Prac/airsimversion/autoware.ai/install/amathutils_lib/lib:/home/yeap/APC_2022_Prac/airsimversion/autoware.ai/install/ros_observer/lib:${LD_LIBRARY_PATH} PKG_CONFIG_PATH=/home/yeap/APC_2022_Prac/airsimversion/autoware.ai/install/autoware_health_checker/lib/x86_64-linux-gnu/pkgconfig:/home/yeap/APC_2022_Prac/airsimversion/autoware.ai/install/autoware_health_checker/lib/pkgconfig:/home/yeap/APC_2022_Prac/airsimversion/autoware.ai/install/amathutils_lib/lib/x86_64-linux-gnu/pkgconfig:/home/yeap/APC_2022_Prac/airsimversion/autoware.ai/install/amathutils_lib/lib/pkgconfig:/home/yeap/APC_2022_Prac/airsimversion/autoware.ai/install/ros_observer/lib/x86_64-linux-gnu/pkgconfig:/home/yeap/APC_2022_Prac/airsimversion/autoware.ai/install/ros_observer/lib/pkgconfig:/home/yeap/APC_2022_Prac/airsimversion/autoware.ai/install/autoware_system_msgs/lib/x86_64-linux-gnu/pkgconfig:/home/yeap/APC_2022_Prac/airsimversion/autoware.ai/install/autoware_system_msgs/lib/pkgconfig:/home/yeap/APC_2022_Prac/airsimversion/autoware.ai/install/autoware_msgs/lib/x86_64-linux-gnu/pkgconfig:/home/yeap/APC_2022_Prac/airsimversion/autoware.ai/install/autoware_msgs/lib/pkgconfig:/home/yeap/APC_2022_Prac/airsimversion/autoware.ai/install/autoware_build_flags/lib/x86_64-linux-gnu/pkgconfig:/home/yeap/APC_2022_Prac/airsimversion/autoware.ai/install/autoware_build_flags/lib/pkgconfig:${PKG_CONFIG_PATH} PYTHONPATH=/home/yeap/APC_2022_Prac/airsimversion/autoware.ai/install/autoware_system_msgs/lib/python2.7/dist-packages:/home/yeap/APC_2022_Prac/airsimversion/autoware.ai/install/autoware_msgs/lib/python2.7/dist-packages:${PYTHONPATH} ROS_PACKAGE_PATH=/home/yeap/APC_2022_Prac/airsimversion/autoware.ai/install/autoware_health_checker/share:/home/yeap/APC_2022_Prac/airsimversion/autoware.ai/install/amathutils_lib/share:/home/yeap/APC_2022_Prac/airsimversion/autoware.ai/install/ros_observer/share:/home/yeap/APC_2022_Prac/airsimversion/autoware.ai/install/autoware_system_msgs/share:/home/yeap/APC_2022_Prac/airsimversion/autoware.ai/install/autoware_msgs/share:/home/yeap/APC_2022_Prac/airsimversion/autoware.ai/install/autoware_build_flags/share:${ROS_PACKAGE_PATH} /usr/bin/cmake /home/yeap/APC_2022_Prac/airsimversion/autoware.ai/src/autoware/core_perception/vel_pose_diff_checker -DCMAKE_BUILD_TYPE=Release -DCATKIN_INSTALL_INTO_PREFIX_ROOT=0 -DCMAKE_INSTALL_PREFIX=/home/yeap/APC_2022_Prac/airsimversion/autoware.ai/install/vel_pose_diff_checker
[2.574s] Invoking command in '/home/yeap/APC_2022_Prac/airsimversion/autoware.ai/build/vel_pose_diff_checker': CMAKE_PREFIX_PATH=/home/yeap/APC_2022_Prac/airsimversion/autoware.ai/install/autoware_health_checker:/home/yeap/APC_2022_Prac/airsimversion/autoware.ai/install/amathutils_lib:/home/yeap/APC_2022_Prac/airsimversion/autoware.ai/install/ros_observer:/home/yeap/APC_2022_Prac/airsimversion/autoware.ai/install/autoware_system_msgs:/home/yeap/APC_2022_Prac/airsimversion/autoware.ai/install/autoware_msgs:/home/yeap/APC_2022_Prac/airsimversion/autoware.ai/install/autoware_build_flags:${CMAKE_PREFIX_PATH} LD_LIBRARY_PATH=/home/yeap/APC_2022_Prac/airsimversion/autoware.ai/install/autoware_health_checker/lib:/home/yeap/APC_2022_Prac/airsimversion/autoware.ai/install/amathutils_lib/lib:/home/yeap/APC_2022_Prac/airsimversion/autoware.ai/install/ros_observer/lib:${LD_LIBRARY_PATH} PKG_CONFIG_PATH=/home/yeap/APC_2022_Prac/airsimversion/autoware.ai/install/autoware_health_checker/lib/x86_64-linux-gnu/pkgconfig:/home/yeap/APC_2022_Prac/airsimversion/autoware.ai/install/autoware_health_checker/lib/pkgconfig:/home/yeap/APC_2022_Prac/airsimversion/autoware.ai/install/amathutils_lib/lib/x86_64-linux-gnu/pkgconfig:/home/yeap/APC_2022_Prac/airsimversion/autoware.ai/install/amathutils_lib/lib/pkgconfig:/home/yeap/APC_2022_Prac/airsimversion/autoware.ai/install/ros_observer/lib/x86_64-linux-gnu/pkgconfig:/home/yeap/APC_2022_Prac/airsimversion/autoware.ai/install/ros_observer/lib/pkgconfig:/home/yeap/APC_2022_Prac/airsimversion/autoware.ai/install/autoware_system_msgs/lib/x86_64-linux-gnu/pkgconfig:/home/yeap/APC_2022_Prac/airsimversion/autoware.ai/install/autoware_system_msgs/lib/pkgconfig:/home/yeap/APC_2022_Prac/airsimversion/autoware.ai/install/autoware_msgs/lib/x86_64-linux-gnu/pkgconfig:/home/yeap/APC_2022_Prac/airsimversion/autoware.ai/install/autoware_msgs/lib/pkgconfig:/home/yeap/APC_2022_Prac/airsimversion/autoware.ai/install/autoware_build_flags/lib/x86_64-linux-gnu/pkgconfig:/home/yeap/APC_2022_Prac/airsimversion/autoware.ai/install/autoware_build_flags/lib/pkgconfig:${PKG_CONFIG_PATH} PYTHONPATH=/home/yeap/APC_2022_Prac/airsimversion/autoware.ai/install/autoware_system_msgs/lib/python2.7/dist-packages:/home/yeap/APC_2022_Prac/airsimversion/autoware.ai/install/autoware_msgs/lib/python2.7/dist-packages:${PYTHONPATH} ROS_PACKAGE_PATH=/home/yeap/APC_2022_Prac/airsimversion/autoware.ai/install/autoware_health_checker/share:/home/yeap/APC_2022_Prac/airsimversion/autoware.ai/install/amathutils_lib/share:/home/yeap/APC_2022_Prac/airsimversion/autoware.ai/install/ros_observer/share:/home/yeap/APC_2022_Prac/airsimversion/autoware.ai/install/autoware_system_msgs/share:/home/yeap/APC_2022_Prac/airsimversion/autoware.ai/install/autoware_msgs/share:/home/yeap/APC_2022_Prac/airsimversion/autoware.ai/install/autoware_build_flags/share:${ROS_PACKAGE_PATH} /usr/bin/cmake --build /home/yeap/APC_2022_Prac/airsimversion/autoware.ai/build/vel_pose_diff_checker -- -j6 -l6
[2.628s] [35m[1mScanning dependencies of target autoware_system_msgs_generate_messages_py[0m
[2.642s] [  0%] Built target autoware_system_msgs_generate_messages_py
[2.654s] [35m[1mScanning dependencies of target rosgraph_msgs_generate_messages_eus[0m
[2.666s] [  0%] Built target rosgraph_msgs_generate_messages_eus
[2.682s] [35m[1mScanning dependencies of target jsk_recognition_msgs_generate_messages_lisp[0m
[2.698s] [  0%] Built target jsk_recognition_msgs_generate_messages_lisp
[2.710s] [35m[1mScanning dependencies of target jsk_recognition_msgs_generate_messages_eus[0m
[2.721s] [  0%] Built target jsk_recognition_msgs_generate_messages_eus
[2.733s] [35m[1mScanning dependencies of target tf2_msgs_generate_messages_cpp[0m
[2.745s] [  0%] Built target tf2_msgs_generate_messages_cpp
[2.767s] [35m[1mScanning dependencies of target std_msgs_generate_messages_py[0m
[2.779s] [  0%] Built target std_msgs_generate_messages_py
[2.792s] [35m[1mScanning dependencies of target autoware_msgs_generate_messages_py[0m
[2.806s] [  0%] Built target autoware_msgs_generate_messages_py
[2.818s] [35m[1mScanning dependencies of target std_msgs_generate_messages_nodejs[0m
[2.830s] [  0%] Built target std_msgs_generate_messages_nodejs
[2.844s] [35m[1mScanning dependencies of target sensor_msgs_generate_messages_eus[0m
[2.858s] [  0%] Built target sensor_msgs_generate_messages_eus
[2.870s] [35m[1mScanning dependencies of target _catkin_empty_exported_target[0m
[2.881s] [  0%] Built target _catkin_empty_exported_target
[2.897s] [35m[1mScanning dependencies of target sensor_msgs_generate_messages_cpp[0m
[2.911s] [  0%] Built target sensor_msgs_generate_messages_cpp
[2.924s] [35m[1mScanning dependencies of target autoware_msgs_generate_messages_cpp[0m
[2.937s] [  0%] Built target autoware_msgs_generate_messages_cpp
[2.947s] [35m[1mScanning dependencies of target rosgraph_msgs_generate_messages_cpp[0m
[2.959s] [  0%] Built target rosgraph_msgs_generate_messages_cpp
[2.970s] [35m[1mScanning dependencies of target pcl_msgs_generate_messages_nodejs[0m
[2.982s] [  0%] Built target pcl_msgs_generate_messages_nodejs
[2.993s] [35m[1mScanning dependencies of target jsk_recognition_msgs_generate_messages_py[0m
[3.005s] [  0%] Built target jsk_recognition_msgs_generate_messages_py
[3.015s] [35m[1mScanning dependencies of target sensor_msgs_generate_messages_lisp[0m
[3.035s] [  0%] Built target sensor_msgs_generate_messages_lisp
[3.047s] [35m[1mScanning dependencies of target sensor_msgs_generate_messages_py[0m
[3.057s] [  0%] Built target sensor_msgs_generate_messages_py
[3.069s] [35m[1mScanning dependencies of target tf_generate_messages_py[0m
[3.080s] [  0%] Built target tf_generate_messages_py
[3.091s] [35m[1mScanning dependencies of target std_msgs_generate_messages_cpp[0m
[3.102s] [  0%] Built target std_msgs_generate_messages_cpp
[3.113s] [35m[1mScanning dependencies of target jsk_footstep_msgs_generate_messages_py[0m
[3.124s] [  0%] Built target jsk_footstep_msgs_generate_messages_py
[3.135s] [35m[1mScanning dependencies of target actionlib_msgs_generate_messages_nodejs[0m
[3.147s] [  0%] Built target actionlib_msgs_generate_messages_nodejs
[3.158s] [35m[1mScanning dependencies of target geometry_msgs_generate_messages_eus[0m
[3.169s] [  0%] Built target geometry_msgs_generate_messages_eus
[3.179s] [35m[1mScanning dependencies of target std_msgs_generate_messages_lisp[0m
[3.191s] [  0%] Built target std_msgs_generate_messages_lisp
[3.202s] [35m[1mScanning dependencies of target roscpp_generate_messages_nodejs[0m
[3.213s] [  0%] Built target roscpp_generate_messages_nodejs
[3.225s] [35m[1mScanning dependencies of target autoware_system_msgs_generate_messages_cpp[0m
[3.236s] [  0%] Built target autoware_system_msgs_generate_messages_cpp
[3.257s] [35m[1mScanning dependencies of target geometry_msgs_generate_messages_nodejs[0m
[3.269s] [  0%] Built target geometry_msgs_generate_messages_nodejs
[3.281s] [35m[1mScanning dependencies of target geometry_msgs_generate_messages_lisp[0m
[3.293s] [  0%] Built target geometry_msgs_generate_messages_lisp
[3.302s] [35m[1mScanning dependencies of target pcl_msgs_generate_messages_cpp[0m
[3.313s] [  0%] Built target pcl_msgs_generate_messages_cpp
[3.325s] [35m[1mScanning dependencies of target jsk_recognition_msgs_generate_messages_cpp[0m
[3.342s] [  0%] Built target jsk_recognition_msgs_generate_messages_cpp
[3.354s] [35m[1mScanning dependencies of target autoware_msgs_generate_messages_eus[0m
[3.365s] [  0%] Built target autoware_msgs_generate_messages_eus
[3.378s] [35m[1mScanning dependencies of target autoware_msgs_generate_messages_lisp[0m
[3.392s] [  0%] Built target autoware_msgs_generate_messages_lisp
[3.404s] [35m[1mScanning dependencies of target std_msgs_generate_messages_eus[0m
[3.414s] [  0%] Built target std_msgs_generate_messages_eus
[3.424s] [35m[1mScanning dependencies of target autoware_msgs_generate_messages_nodejs[0m
[3.435s] [  0%] Built target autoware_msgs_generate_messages_nodejs
[3.455s] [35m[1mScanning dependencies of target jsk_footstep_msgs_generate_messages_eus[0m
[3.468s] [  0%] Built target jsk_footstep_msgs_generate_messages_eus
[3.479s] [35m[1mScanning dependencies of target actionlib_msgs_generate_messages_py[0m
[3.494s] [  0%] Built target actionlib_msgs_generate_messages_py
[3.505s] [35m[1mScanning dependencies of target jsk_footstep_msgs_generate_messages_lisp[0m
[3.517s] [  0%] Built target jsk_footstep_msgs_generate_messages_lisp
[3.529s] [35m[1mScanning dependencies of target jsk_footstep_msgs_generate_messages_nodejs[0m
[3.549s] [  0%] Built target jsk_footstep_msgs_generate_messages_nodejs
[3.561s] [35m[1mScanning dependencies of target autoware_system_msgs_generate_messages_nodejs[0m
[3.573s] [  0%] Built target autoware_system_msgs_generate_messages_nodejs
[3.584s] [35m[1mScanning dependencies of target actionlib_msgs_generate_messages_lisp[0m
[3.604s] [  0%] Built target actionlib_msgs_generate_messages_lisp
[3.615s] [35m[1mScanning dependencies of target jsk_footstep_msgs_generate_messages_cpp[0m
[3.627s] [  0%] Built target jsk_footstep_msgs_generate_messages_cpp
[3.638s] [35m[1mScanning dependencies of target actionlib_msgs_generate_messages_cpp[0m
[3.649s] [  0%] Built target actionlib_msgs_generate_messages_cpp
[3.661s] [35m[1mScanning dependencies of target tf_generate_messages_eus[0m
[3.672s] [  0%] Built target tf_generate_messages_eus
[3.693s] [35m[1mScanning dependencies of target tf_generate_messages_lisp[0m
[3.706s] [  0%] Built target tf_generate_messages_lisp
[3.733s] [35m[1mScanning dependencies of target tf_generate_messages_nodejs[0m
[3.745s] [  0%] Built target tf_generate_messages_nodejs
[3.758s] [35m[1mScanning dependencies of target jsk_recognition_msgs_generate_messages_nodejs[0m
[3.770s] [  0%] Built target jsk_recognition_msgs_generate_messages_nodejs
[3.783s] [35m[1mScanning dependencies of target roscpp_generate_messages_lisp[0m
[3.795s] [  0%] Built target roscpp_generate_messages_lisp
[3.806s] [35m[1mScanning dependencies of target roscpp_generate_messages_py[0m
[3.817s] [  0%] Built target roscpp_generate_messages_py
[3.832s] [35m[1mScanning dependencies of target rosgraph_msgs_generate_messages_lisp[0m
[3.849s] [  0%] Built target rosgraph_msgs_generate_messages_lisp
[3.861s] [35m[1mScanning dependencies of target rosgraph_msgs_generate_messages_nodejs[0m
[3.881s] [  0%] Built target rosgraph_msgs_generate_messages_nodejs
[3.893s] [35m[1mScanning dependencies of target roscpp_generate_messages_eus[0m
[3.905s] [  0%] Built target roscpp_generate_messages_eus
[3.915s] [35m[1mScanning dependencies of target actionlib_msgs_generate_messages_eus[0m
[3.926s] [  0%] Built target actionlib_msgs_generate_messages_eus
[3.937s] [35m[1mScanning dependencies of target rosgraph_msgs_generate_messages_py[0m
[3.949s] [  0%] Built target rosgraph_msgs_generate_messages_py
[3.960s] [35m[1mScanning dependencies of target pcl_msgs_generate_messages_py[0m
[3.975s] [  0%] Built target pcl_msgs_generate_messages_py
[4.004s] [35m[1mScanning dependencies of target actionlib_generate_messages_eus[0m
[4.016s] [  0%] Built target actionlib_generate_messages_eus
[4.026s] [35m[1mScanning dependencies of target geometry_msgs_generate_messages_cpp[0m
[4.040s] [  0%] Built target geometry_msgs_generate_messages_cpp
[4.052s] [35m[1mScanning dependencies of target actionlib_generate_messages_lisp[0m
[4.063s] [  0%] Built target actionlib_generate_messages_lisp
[4.084s] [35m[1mScanning dependencies of target pcl_msgs_generate_messages_lisp[0m
[4.096s] [  0%] Built target pcl_msgs_generate_messages_lisp
[4.109s] [35m[1mScanning dependencies of target tf_generate_messages_cpp[0m
[4.129s] [  0%] Built target tf_generate_messages_cpp
[4.141s] [35m[1mScanning dependencies of target actionlib_generate_messages_nodejs[0m
[4.153s] [  0%] Built target actionlib_generate_messages_nodejs
[4.165s] [35m[1mScanning dependencies of target autoware_system_msgs_generate_messages_eus[0m
[4.177s] [  0%] Built target autoware_system_msgs_generate_messages_eus
[4.188s] [35m[1mScanning dependencies of target tf2_msgs_generate_messages_eus[0m
[4.200s] [  0%] Built target tf2_msgs_generate_messages_eus
[4.211s] [35m[1mScanning dependencies of target tf2_msgs_generate_messages_lisp[0m
[4.223s] [  0%] Built target tf2_msgs_generate_messages_lisp
[4.235s] [35m[1mScanning dependencies of target actionlib_generate_messages_py[0m
[4.246s] [  0%] Built target actionlib_generate_messages_py
[4.259s] [35m[1mScanning dependencies of target tf2_msgs_generate_messages_py[0m
[4.271s] [  0%] Built target tf2_msgs_generate_messages_py
[4.283s] [35m[1mScanning dependencies of target autoware_system_msgs_generate_messages_lisp[0m
[4.294s] [  0%] Built target autoware_system_msgs_generate_messages_lisp
[4.306s] [35m[1mScanning dependencies of target tf2_msgs_generate_messages_nodejs[0m
[4.318s] [  0%] Built target tf2_msgs_generate_messages_nodejs
[4.330s] [35m[1mScanning dependencies of target sensor_msgs_generate_messages_nodejs[0m
[4.343s] [  0%] Built target sensor_msgs_generate_messages_nodejs
[4.355s] [35m[1mScanning dependencies of target pcl_msgs_generate_messages_eus[0m
[4.367s] [  0%] Built target pcl_msgs_generate_messages_eus
[4.379s] [35m[1mScanning dependencies of target actionlib_generate_messages_cpp[0m
[4.391s] [  0%] Built target actionlib_generate_messages_cpp
[4.403s] [35m[1mScanning dependencies of target roscpp_generate_messages_cpp[0m
[4.414s] [  0%] Built target roscpp_generate_messages_cpp
[4.426s] [35m[1mScanning dependencies of target geometry_msgs_generate_messages_py[0m
[4.439s] [  0%] Built target geometry_msgs_generate_messages_py
[4.451s] [35m[1mScanning dependencies of target vel_pose_diff_checker[0m
[4.490s] [ 25%] [32mBuilding CXX object CMakeFiles/vel_pose_diff_checker.dir/src/vel_pose_diff_checker_node.cpp.o[0m
[7.386s] [ 50%] [32mBuilding CXX object CMakeFiles/vel_pose_diff_checker.dir/src/value_time_queue.cpp.o[0m
[8.971s] [ 75%] [32mBuilding CXX object CMakeFiles/vel_pose_diff_checker.dir/src/vel_pose_diff_checker_core.cpp.o[0m
[13.284s] [100%] [32m[1mLinking CXX executable devel/lib/vel_pose_diff_checker/vel_pose_diff_checker[0m
[13.490s] [100%] Built target vel_pose_diff_checker
[13.507s] Invoked command in '/home/yeap/APC_2022_Prac/airsimversion/autoware.ai/build/vel_pose_diff_checker' returned '0': CMAKE_PREFIX_PATH=/home/yeap/APC_2022_Prac/airsimversion/autoware.ai/install/autoware_health_checker:/home/yeap/APC_2022_Prac/airsimversion/autoware.ai/install/amathutils_lib:/home/yeap/APC_2022_Prac/airsimversion/autoware.ai/install/ros_observer:/home/yeap/APC_2022_Prac/airsimversion/autoware.ai/install/autoware_system_msgs:/home/yeap/APC_2022_Prac/airsimversion/autoware.ai/install/autoware_msgs:/home/yeap/APC_2022_Prac/airsimversion/autoware.ai/install/autoware_build_flags:${CMAKE_PREFIX_PATH} LD_LIBRARY_PATH=/home/yeap/APC_2022_Prac/airsimversion/autoware.ai/install/autoware_health_checker/lib:/home/yeap/APC_2022_Prac/airsimversion/autoware.ai/install/amathutils_lib/lib:/home/yeap/APC_2022_Prac/airsimversion/autoware.ai/install/ros_observer/lib:${LD_LIBRARY_PATH} PKG_CONFIG_PATH=/home/yeap/APC_2022_Prac/airsimversion/autoware.ai/install/autoware_health_checker/lib/x86_64-linux-gnu/pkgconfig:/home/yeap/APC_2022_Prac/airsimversion/autoware.ai/install/autoware_health_checker/lib/pkgconfig:/home/yeap/APC_2022_Prac/airsimversion/autoware.ai/install/amathutils_lib/lib/x86_64-linux-gnu/pkgconfig:/home/yeap/APC_2022_Prac/airsimversion/autoware.ai/install/amathutils_lib/lib/pkgconfig:/home/yeap/APC_2022_Prac/airsimversion/autoware.ai/install/ros_observer/lib/x86_64-linux-gnu/pkgconfig:/home/yeap/APC_2022_Prac/airsimversion/autoware.ai/install/ros_observer/lib/pkgconfig:/home/yeap/APC_2022_Prac/airsimversion/autoware.ai/install/autoware_system_msgs/lib/x86_64-linux-gnu/pkgconfig:/home/yeap/APC_2022_Prac/airsimversion/autoware.ai/install/autoware_system_msgs/lib/pkgconfig:/home/yeap/APC_2022_Prac/airsimversion/autoware.ai/install/autoware_msgs/lib/x86_64-linux-gnu/pkgconfig:/home/yeap/APC_2022_Prac/airsimversion/autoware.ai/install/autoware_msgs/lib/pkgconfig:/home/yeap/APC_2022_Prac/airsimversion/autoware.ai/install/autoware_build_flags/lib/x86_64-linux-gnu/pkgconfig:/home/yeap/APC_2022_Prac/airsimversion/autoware.ai/install/autoware_build_flags/lib/pkgconfig:${PKG_CONFIG_PATH} PYTHONPATH=/home/yeap/APC_2022_Prac/airsimversion/autoware.ai/install/autoware_system_msgs/lib/python2.7/dist-packages:/home/yeap/APC_2022_Prac/airsimversion/autoware.ai/install/autoware_msgs/lib/python2.7/dist-packages:${PYTHONPATH} ROS_PACKAGE_PATH=/home/yeap/APC_2022_Prac/airsimversion/autoware.ai/install/autoware_health_checker/share:/home/yeap/APC_2022_Prac/airsimversion/autoware.ai/install/amathutils_lib/share:/home/yeap/APC_2022_Prac/airsimversion/autoware.ai/install/ros_observer/share:/home/yeap/APC_2022_Prac/airsimversion/autoware.ai/install/autoware_system_msgs/share:/home/yeap/APC_2022_Prac/airsimversion/autoware.ai/install/autoware_msgs/share:/home/yeap/APC_2022_Prac/airsimversion/autoware.ai/install/autoware_build_flags/share:${ROS_PACKAGE_PATH} /usr/bin/cmake --build /home/yeap/APC_2022_Prac/airsimversion/autoware.ai/build/vel_pose_diff_checker -- -j6 -l6
[13.617s] Invoking command in '/home/yeap/APC_2022_Prac/airsimversion/autoware.ai/build/vel_pose_diff_checker': CMAKE_PREFIX_PATH=/home/yeap/APC_2022_Prac/airsimversion/autoware.ai/install/autoware_health_checker:/home/yeap/APC_2022_Prac/airsimversion/autoware.ai/install/amathutils_lib:/home/yeap/APC_2022_Prac/airsimversion/autoware.ai/install/ros_observer:/home/yeap/APC_2022_Prac/airsimversion/autoware.ai/install/autoware_system_msgs:/home/yeap/APC_2022_Prac/airsimversion/autoware.ai/install/autoware_msgs:/home/yeap/APC_2022_Prac/airsimversion/autoware.ai/install/autoware_build_flags:${CMAKE_PREFIX_PATH} LD_LIBRARY_PATH=/home/yeap/APC_2022_Prac/airsimversion/autoware.ai/install/autoware_health_checker/lib:/home/yeap/APC_2022_Prac/airsimversion/autoware.ai/install/amathutils_lib/lib:/home/yeap/APC_2022_Prac/airsimversion/autoware.ai/install/ros_observer/lib:${LD_LIBRARY_PATH} PKG_CONFIG_PATH=/home/yeap/APC_2022_Prac/airsimversion/autoware.ai/install/autoware_health_checker/lib/x86_64-linux-gnu/pkgconfig:/home/yeap/APC_2022_Prac/airsimversion/autoware.ai/install/autoware_health_checker/lib/pkgconfig:/home/yeap/APC_2022_Prac/airsimversion/autoware.ai/install/amathutils_lib/lib/x86_64-linux-gnu/pkgconfig:/home/yeap/APC_2022_Prac/airsimversion/autoware.ai/install/amathutils_lib/lib/pkgconfig:/home/yeap/APC_2022_Prac/airsimversion/autoware.ai/install/ros_observer/lib/x86_64-linux-gnu/pkgconfig:/home/yeap/APC_2022_Prac/airsimversion/autoware.ai/install/ros_observer/lib/pkgconfig:/home/yeap/APC_2022_Prac/airsimversion/autoware.ai/install/autoware_system_msgs/lib/x86_64-linux-gnu/pkgconfig:/home/yeap/APC_2022_Prac/airsimversion/autoware.ai/install/autoware_system_msgs/lib/pkgconfig:/home/yeap/APC_2022_Prac/airsimversion/autoware.ai/install/autoware_msgs/lib/x86_64-linux-gnu/pkgconfig:/home/yeap/APC_2022_Prac/airsimversion/autoware.ai/install/autoware_msgs/lib/pkgconfig:/home/yeap/APC_2022_Prac/airsimversion/autoware.ai/install/autoware_build_flags/lib/x86_64-linux-gnu/pkgconfig:/home/yeap/APC_2022_Prac/airsimversion/autoware.ai/install/autoware_build_flags/lib/pkgconfig:${PKG_CONFIG_PATH} PYTHONPATH=/home/yeap/APC_2022_Prac/airsimversion/autoware.ai/install/autoware_system_msgs/lib/python2.7/dist-packages:/home/yeap/APC_2022_Prac/airsimversion/autoware.ai/install/autoware_msgs/lib/python2.7/dist-packages:${PYTHONPATH} ROS_PACKAGE_PATH=/home/yeap/APC_2022_Prac/airsimversion/autoware.ai/install/autoware_health_checker/share:/home/yeap/APC_2022_Prac/airsimversion/autoware.ai/install/amathutils_lib/share:/home/yeap/APC_2022_Prac/airsimversion/autoware.ai/install/ros_observer/share:/home/yeap/APC_2022_Prac/airsimversion/autoware.ai/install/autoware_system_msgs/share:/home/yeap/APC_2022_Prac/airsimversion/autoware.ai/install/autoware_msgs/share:/home/yeap/APC_2022_Prac/airsimversion/autoware.ai/install/autoware_build_flags/share:${ROS_PACKAGE_PATH} /usr/bin/cmake --build /home/yeap/APC_2022_Prac/airsimversion/autoware.ai/build/vel_pose_diff_checker --target tests -- -j6 -l6
[13.684s] [35m[1mScanning dependencies of target gtest[0m
[13.705s] [ 16%] [32mBuilding CXX object gtest/googlemock/gtest/CMakeFiles/gtest.dir/src/gtest-all.cc.o[0m
[18.843s] [ 33%] [32m[1mLinking CXX shared library libgtest.so[0m
[18.948s] [ 33%] Built target gtest
[18.960s] [35m[1mScanning dependencies of target vel_pose_diff_checker-test[0m
[19.002s] [ 50%] [32mBuilding CXX object CMakeFiles/vel_pose_diff_checker-test.dir/test/src/test_vel_pose_diff_checker.cpp.o[0m
[22.675s] [ 66%] [32mBuilding CXX object CMakeFiles/vel_pose_diff_checker-test.dir/src/value_time_queue.cpp.o[0m
[24.230s] [ 83%] [32mBuilding CXX object CMakeFiles/vel_pose_diff_checker-test.dir/src/vel_pose_diff_checker_core.cpp.o[0m
[28.772s] [100%] [32m[1mLinking CXX executable devel/lib/vel_pose_diff_checker/vel_pose_diff_checker-test[0m
[28.983s] [100%] Built target vel_pose_diff_checker-test
[28.995s] [35m[1mScanning dependencies of target tests[0m
[29.007s] [100%] Built target tests
[29.023s] Invoked command in '/home/yeap/APC_2022_Prac/airsimversion/autoware.ai/build/vel_pose_diff_checker' returned '0': CMAKE_PREFIX_PATH=/home/yeap/APC_2022_Prac/airsimversion/autoware.ai/install/autoware_health_checker:/home/yeap/APC_2022_Prac/airsimversion/autoware.ai/install/amathutils_lib:/home/yeap/APC_2022_Prac/airsimversion/autoware.ai/install/ros_observer:/home/yeap/APC_2022_Prac/airsimversion/autoware.ai/install/autoware_system_msgs:/home/yeap/APC_2022_Prac/airsimversion/autoware.ai/install/autoware_msgs:/home/yeap/APC_2022_Prac/airsimversion/autoware.ai/install/autoware_build_flags:${CMAKE_PREFIX_PATH} LD_LIBRARY_PATH=/home/yeap/APC_2022_Prac/airsimversion/autoware.ai/install/autoware_health_checker/lib:/home/yeap/APC_2022_Prac/airsimversion/autoware.ai/install/amathutils_lib/lib:/home/yeap/APC_2022_Prac/airsimversion/autoware.ai/install/ros_observer/lib:${LD_LIBRARY_PATH} PKG_CONFIG_PATH=/home/yeap/APC_2022_Prac/airsimversion/autoware.ai/install/autoware_health_checker/lib/x86_64-linux-gnu/pkgconfig:/home/yeap/APC_2022_Prac/airsimversion/autoware.ai/install/autoware_health_checker/lib/pkgconfig:/home/yeap/APC_2022_Prac/airsimversion/autoware.ai/install/amathutils_lib/lib/x86_64-linux-gnu/pkgconfig:/home/yeap/APC_2022_Prac/airsimversion/autoware.ai/install/amathutils_lib/lib/pkgconfig:/home/yeap/APC_2022_Prac/airsimversion/autoware.ai/install/ros_observer/lib/x86_64-linux-gnu/pkgconfig:/home/yeap/APC_2022_Prac/airsimversion/autoware.ai/install/ros_observer/lib/pkgconfig:/home/yeap/APC_2022_Prac/airsimversion/autoware.ai/install/autoware_system_msgs/lib/x86_64-linux-gnu/pkgconfig:/home/yeap/APC_2022_Prac/airsimversion/autoware.ai/install/autoware_system_msgs/lib/pkgconfig:/home/yeap/APC_2022_Prac/airsimversion/autoware.ai/install/autoware_msgs/lib/x86_64-linux-gnu/pkgconfig:/home/yeap/APC_2022_Prac/airsimversion/autoware.ai/install/autoware_msgs/lib/pkgconfig:/home/yeap/APC_2022_Prac/airsimversion/autoware.ai/install/autoware_build_flags/lib/x86_64-linux-gnu/pkgconfig:/home/yeap/APC_2022_Prac/airsimversion/autoware.ai/install/autoware_build_flags/lib/pkgconfig:${PKG_CONFIG_PATH} PYTHONPATH=/home/yeap/APC_2022_Prac/airsimversion/autoware.ai/install/autoware_system_msgs/lib/python2.7/dist-packages:/home/yeap/APC_2022_Prac/airsimversion/autoware.ai/install/autoware_msgs/lib/python2.7/dist-packages:${PYTHONPATH} ROS_PACKAGE_PATH=/home/yeap/APC_2022_Prac/airsimversion/autoware.ai/install/autoware_health_checker/share:/home/yeap/APC_2022_Prac/airsimversion/autoware.ai/install/amathutils_lib/share:/home/yeap/APC_2022_Prac/airsimversion/autoware.ai/install/ros_observer/share:/home/yeap/APC_2022_Prac/airsimversion/autoware.ai/install/autoware_system_msgs/share:/home/yeap/APC_2022_Prac/airsimversion/autoware.ai/install/autoware_msgs/share:/home/yeap/APC_2022_Prac/airsimversion/autoware.ai/install/autoware_build_flags/share:${ROS_PACKAGE_PATH} /usr/bin/cmake --build /home/yeap/APC_2022_Prac/airsimversion/autoware.ai/build/vel_pose_diff_checker --target tests -- -j6 -l6
[29.128s] Invoking command in '/home/yeap/APC_2022_Prac/airsimversion/autoware.ai/build/vel_pose_diff_checker': CMAKE_PREFIX_PATH=/home/yeap/APC_2022_Prac/airsimversion/autoware.ai/install/autoware_health_checker:/home/yeap/APC_2022_Prac/airsimversion/autoware.ai/install/amathutils_lib:/home/yeap/APC_2022_Prac/airsimversion/autoware.ai/install/ros_observer:/home/yeap/APC_2022_Prac/airsimversion/autoware.ai/install/autoware_system_msgs:/home/yeap/APC_2022_Prac/airsimversion/autoware.ai/install/autoware_msgs:/home/yeap/APC_2022_Prac/airsimversion/autoware.ai/install/autoware_build_flags:${CMAKE_PREFIX_PATH} LD_LIBRARY_PATH=/home/yeap/APC_2022_Prac/airsimversion/autoware.ai/install/autoware_health_checker/lib:/home/yeap/APC_2022_Prac/airsimversion/autoware.ai/install/amathutils_lib/lib:/home/yeap/APC_2022_Prac/airsimversion/autoware.ai/install/ros_observer/lib:${LD_LIBRARY_PATH} PKG_CONFIG_PATH=/home/yeap/APC_2022_Prac/airsimversion/autoware.ai/install/autoware_health_checker/lib/x86_64-linux-gnu/pkgconfig:/home/yeap/APC_2022_Prac/airsimversion/autoware.ai/install/autoware_health_checker/lib/pkgconfig:/home/yeap/APC_2022_Prac/airsimversion/autoware.ai/install/amathutils_lib/lib/x86_64-linux-gnu/pkgconfig:/home/yeap/APC_2022_Prac/airsimversion/autoware.ai/install/amathutils_lib/lib/pkgconfig:/home/yeap/APC_2022_Prac/airsimversion/autoware.ai/install/ros_observer/lib/x86_64-linux-gnu/pkgconfig:/home/yeap/APC_2022_Prac/airsimversion/autoware.ai/install/ros_observer/lib/pkgconfig:/home/yeap/APC_2022_Prac/airsimversion/autoware.ai/install/autoware_system_msgs/lib/x86_64-linux-gnu/pkgconfig:/home/yeap/APC_2022_Prac/airsimversion/autoware.ai/install/autoware_system_msgs/lib/pkgconfig:/home/yeap/APC_2022_Prac/airsimversion/autoware.ai/install/autoware_msgs/lib/x86_64-linux-gnu/pkgconfig:/home/yeap/APC_2022_Prac/airsimversion/autoware.ai/install/autoware_msgs/lib/pkgconfig:/home/yeap/APC_2022_Prac/airsimversion/autoware.ai/install/autoware_build_flags/lib/x86_64-linux-gnu/pkgconfig:/home/yeap/APC_2022_Prac/airsimversion/autoware.ai/install/autoware_build_flags/lib/pkgconfig:${PKG_CONFIG_PATH} PYTHONPATH=/home/yeap/APC_2022_Prac/airsimversion/autoware.ai/install/autoware_system_msgs/lib/python2.7/dist-packages:/home/yeap/APC_2022_Prac/airsimversion/autoware.ai/install/autoware_msgs/lib/python2.7/dist-packages:${PYTHONPATH} ROS_PACKAGE_PATH=/home/yeap/APC_2022_Prac/airsimversion/autoware.ai/install/autoware_health_checker/share:/home/yeap/APC_2022_Prac/airsimversion/autoware.ai/install/amathutils_lib/share:/home/yeap/APC_2022_Prac/airsimversion/autoware.ai/install/ros_observer/share:/home/yeap/APC_2022_Prac/airsimversion/autoware.ai/install/autoware_system_msgs/share:/home/yeap/APC_2022_Prac/airsimversion/autoware.ai/install/autoware_msgs/share:/home/yeap/APC_2022_Prac/airsimversion/autoware.ai/install/autoware_build_flags/share:${ROS_PACKAGE_PATH} /usr/bin/cmake --build /home/yeap/APC_2022_Prac/airsimversion/autoware.ai/build/vel_pose_diff_checker --target install -- -j6 -l6
[29.192s] [  0%] Built target autoware_system_msgs_generate_messages_py
[29.214s] [  0%] Built target rosgraph_msgs_generate_messages_eus
[29.238s] [  0%] Built target jsk_recognition_msgs_generate_messages_lisp
[29.262s] [  0%] Built target jsk_recognition_msgs_generate_messages_eus
[29.285s] [  0%] Built target tf2_msgs_generate_messages_cpp
[29.309s] [  0%] Built target std_msgs_generate_messages_py
[29.334s] [  0%] Built target autoware_msgs_generate_messages_py
[29.359s] [  0%] Built target std_msgs_generate_messages_nodejs
[29.382s] [  0%] Built target sensor_msgs_generate_messages_eus
[29.405s] [  0%] Built target _catkin_empty_exported_target
[29.429s] [  0%] Built target sensor_msgs_generate_messages_cpp
[29.453s] [  0%] Built target autoware_msgs_generate_messages_cpp
[29.476s] [  0%] Built target rosgraph_msgs_generate_messages_cpp
[29.499s] [  0%] Built target pcl_msgs_generate_messages_nodejs
[29.523s] [  0%] Built target jsk_recognition_msgs_generate_messages_py
[29.546s] [  0%] Built target sensor_msgs_generate_messages_lisp
[29.570s] [  0%] Built target sensor_msgs_generate_messages_py
[29.593s] [  0%] Built target tf_generate_messages_py
[29.616s] [  0%] Built target std_msgs_generate_messages_cpp
[29.639s] [  0%] Built target jsk_footstep_msgs_generate_messages_py
[29.663s] [  0%] Built target actionlib_msgs_generate_messages_nodejs
[29.687s] [  0%] Built target geometry_msgs_generate_messages_eus
[29.710s] [  0%] Built target std_msgs_generate_messages_lisp
[29.734s] [  0%] Built target roscpp_generate_messages_nodejs
[29.758s] [  0%] Built target autoware_system_msgs_generate_messages_cpp
[29.782s] [  0%] Built target geometry_msgs_generate_messages_nodejs
[29.805s] [  0%] Built target geometry_msgs_generate_messages_lisp
[29.831s] [  0%] Built target pcl_msgs_generate_messages_cpp
[29.855s] [  0%] Built target jsk_recognition_msgs_generate_messages_cpp
[29.878s] [  0%] Built target autoware_msgs_generate_messages_eus
[29.902s] [  0%] Built target autoware_msgs_generate_messages_lisp
[29.926s] [  0%] Built target std_msgs_generate_messages_eus
[29.949s] [  0%] Built target autoware_msgs_generate_messages_nodejs
[29.974s] [  0%] Built target jsk_footstep_msgs_generate_messages_eus
[29.997s] [  0%] Built target actionlib_msgs_generate_messages_py
[30.024s] [  0%] Built target jsk_footstep_msgs_generate_messages_lisp
[30.058s] [  0%] Built target jsk_footstep_msgs_generate_messages_nodejs
[30.082s] [  0%] Built target autoware_system_msgs_generate_messages_nodejs
[30.106s] [  0%] Built target actionlib_msgs_generate_messages_lisp
[30.129s] [  0%] Built target jsk_footstep_msgs_generate_messages_cpp
[30.154s] [  0%] Built target actionlib_msgs_generate_messages_cpp
[30.179s] [  0%] Built target tf_generate_messages_eus
[30.203s] [  0%] Built target tf_generate_messages_lisp
[30.228s] [  0%] Built target tf_generate_messages_nodejs
[30.253s] [  0%] Built target jsk_recognition_msgs_generate_messages_nodejs
[30.277s] [  0%] Built target roscpp_generate_messages_lisp
[30.301s] [  0%] Built target roscpp_generate_messages_py
[30.326s] [  0%] Built target rosgraph_msgs_generate_messages_lisp
[30.350s] [  0%] Built target rosgraph_msgs_generate_messages_nodejs
[30.375s] [  0%] Built target roscpp_generate_messages_eus
[30.399s] [  0%] Built target actionlib_msgs_generate_messages_eus
[30.423s] [  0%] Built target rosgraph_msgs_generate_messages_py
[30.447s] [  0%] Built target pcl_msgs_generate_messages_py
[30.472s] [  0%] Built target actionlib_generate_messages_eus
[30.496s] [  0%] Built target geometry_msgs_generate_messages_cpp
[30.520s] [  0%] Built target actionlib_generate_messages_lisp
[30.544s] [  0%] Built target pcl_msgs_generate_messages_lisp
[30.569s] [  0%] Built target tf_generate_messages_cpp
[30.592s] [  0%] Built target actionlib_generate_messages_nodejs
[30.617s] [  0%] Built target autoware_system_msgs_generate_messages_eus
[30.643s] [  0%] Built target tf2_msgs_generate_messages_eus
[30.669s] [  0%] Built target tf2_msgs_generate_messages_lisp
[30.692s] [  0%] Built target actionlib_generate_messages_py
[30.717s] [  0%] Built target tf2_msgs_generate_messages_py
[30.743s] [  0%] Built target autoware_system_msgs_generate_messages_lisp
[30.768s] [  0%] Built target tf2_msgs_generate_messages_nodejs
[30.795s] [  0%] Built target sensor_msgs_generate_messages_nodejs
[30.823s] [  0%] Built target pcl_msgs_generate_messages_eus
[30.847s] [  0%] Built target actionlib_generate_messages_cpp
[30.872s] [  0%] Built target roscpp_generate_messages_cpp
[30.895s] [  0%] Built target geometry_msgs_generate_messages_py
[30.928s] [100%] Built target vel_pose_diff_checker
[30.954s] [36mInstall the project...[0m
[30.964s] -- Install configuration: "Release"
[30.964s] -- Installing: /home/yeap/APC_2022_Prac/airsimversion/autoware.ai/install/vel_pose_diff_checker/lib/pkgconfig/vel_pose_diff_checker.pc
[30.965s] -- Installing: /home/yeap/APC_2022_Prac/airsimversion/autoware.ai/install/vel_pose_diff_checker/share/vel_pose_diff_checker/cmake/vel_pose_diff_checkerConfig.cmake
[30.965s] -- Installing: /home/yeap/APC_2022_Prac/airsimversion/autoware.ai/install/vel_pose_diff_checker/share/vel_pose_diff_checker/cmake/vel_pose_diff_checkerConfig-version.cmake
[30.967s] -- Installing: /home/yeap/APC_2022_Prac/airsimversion/autoware.ai/install/vel_pose_diff_checker/share/vel_pose_diff_checker/package.xml
[30.967s] -- Installing: /home/yeap/APC_2022_Prac/airsimversion/autoware.ai/install/vel_pose_diff_checker/lib/vel_pose_diff_checker/vel_pose_diff_checker
[30.968s] -- Set runtime path of "/home/yeap/APC_2022_Prac/airsimversion/autoware.ai/install/vel_pose_diff_checker/lib/vel_pose_diff_checker/vel_pose_diff_checker" to ""
[30.968s] -- Installing: /home/yeap/APC_2022_Prac/airsimversion/autoware.ai/install/vel_pose_diff_checker/share/vel_pose_diff_checker/launch
[30.968s] -- Installing: /home/yeap/APC_2022_Prac/airsimversion/autoware.ai/install/vel_pose_diff_checker/share/vel_pose_diff_checker/launch/vel_pose_diff_checker.launch
[30.968s] -- Installing: /home/yeap/APC_2022_Prac/airsimversion/autoware.ai/install/vel_pose_diff_checker/share/vel_pose_diff_checker/config
[30.969s] -- Installing: /home/yeap/APC_2022_Prac/airsimversion/autoware.ai/install/vel_pose_diff_checker/share/vel_pose_diff_checker/config/health_checker.yaml
[30.975s] Invoked command in '/home/yeap/APC_2022_Prac/airsimversion/autoware.ai/build/vel_pose_diff_checker' returned '0': CMAKE_PREFIX_PATH=/home/yeap/APC_2022_Prac/airsimversion/autoware.ai/install/autoware_health_checker:/home/yeap/APC_2022_Prac/airsimversion/autoware.ai/install/amathutils_lib:/home/yeap/APC_2022_Prac/airsimversion/autoware.ai/install/ros_observer:/home/yeap/APC_2022_Prac/airsimversion/autoware.ai/install/autoware_system_msgs:/home/yeap/APC_2022_Prac/airsimversion/autoware.ai/install/autoware_msgs:/home/yeap/APC_2022_Prac/airsimversion/autoware.ai/install/autoware_build_flags:${CMAKE_PREFIX_PATH} LD_LIBRARY_PATH=/home/yeap/APC_2022_Prac/airsimversion/autoware.ai/install/autoware_health_checker/lib:/home/yeap/APC_2022_Prac/airsimversion/autoware.ai/install/amathutils_lib/lib:/home/yeap/APC_2022_Prac/airsimversion/autoware.ai/install/ros_observer/lib:${LD_LIBRARY_PATH} PKG_CONFIG_PATH=/home/yeap/APC_2022_Prac/airsimversion/autoware.ai/install/autoware_health_checker/lib/x86_64-linux-gnu/pkgconfig:/home/yeap/APC_2022_Prac/airsimversion/autoware.ai/install/autoware_health_checker/lib/pkgconfig:/home/yeap/APC_2022_Prac/airsimversion/autoware.ai/install/amathutils_lib/lib/x86_64-linux-gnu/pkgconfig:/home/yeap/APC_2022_Prac/airsimversion/autoware.ai/install/amathutils_lib/lib/pkgconfig:/home/yeap/APC_2022_Prac/airsimversion/autoware.ai/install/ros_observer/lib/x86_64-linux-gnu/pkgconfig:/home/yeap/APC_2022_Prac/airsimversion/autoware.ai/install/ros_observer/lib/pkgconfig:/home/yeap/APC_2022_Prac/airsimversion/autoware.ai/install/autoware_system_msgs/lib/x86_64-linux-gnu/pkgconfig:/home/yeap/APC_2022_Prac/airsimversion/autoware.ai/install/autoware_system_msgs/lib/pkgconfig:/home/yeap/APC_2022_Prac/airsimversion/autoware.ai/install/autoware_msgs/lib/x86_64-linux-gnu/pkgconfig:/home/yeap/APC_2022_Prac/airsimversion/autoware.ai/install/autoware_msgs/lib/pkgconfig:/home/yeap/APC_2022_Prac/airsimversion/autoware.ai/install/autoware_build_flags/lib/x86_64-linux-gnu/pkgconfig:/home/yeap/APC_2022_Prac/airsimversion/autoware.ai/install/autoware_build_flags/lib/pkgconfig:${PKG_CONFIG_PATH} PYTHONPATH=/home/yeap/APC_2022_Prac/airsimversion/autoware.ai/install/autoware_system_msgs/lib/python2.7/dist-packages:/home/yeap/APC_2022_Prac/airsimversion/autoware.ai/install/autoware_msgs/lib/python2.7/dist-packages:${PYTHONPATH} ROS_PACKAGE_PATH=/home/yeap/APC_2022_Prac/airsimversion/autoware.ai/install/autoware_health_checker/share:/home/yeap/APC_2022_Prac/airsimversion/autoware.ai/install/amathutils_lib/share:/home/yeap/APC_2022_Prac/airsimversion/autoware.ai/install/ros_observer/share:/home/yeap/APC_2022_Prac/airsimversion/autoware.ai/install/autoware_system_msgs/share:/home/yeap/APC_2022_Prac/airsimversion/autoware.ai/install/autoware_msgs/share:/home/yeap/APC_2022_Prac/airsimversion/autoware.ai/install/autoware_build_flags/share:${ROS_PACKAGE_PATH} /usr/bin/cmake --build /home/yeap/APC_2022_Prac/airsimversion/autoware.ai/build/vel_pose_diff_checker --target install -- -j6 -l6
