[0.027s] Invoking command in '/home/yeap/APC_2022_Prac/airsimversion/autoware.ai/build/tablet_socket_msgs': /usr/bin/cmake --build /home/yeap/APC_2022_Prac/airsimversion/autoware.ai/build/tablet_socket_msgs -- -j6 -l6
[0.221s] [  0%] Built target _tablet_socket_msgs_generate_messages_check_deps_error_info
[0.252s] [  0%] Built target _tablet_socket_msgs_generate_messages_check_deps_route_cmd
[0.254s] [  0%] Built target _tablet_socket_msgs_generate_messages_check_deps_mode_info
[0.261s] [  0%] Built target _tablet_socket_msgs_generate_messages_check_deps_mode_cmd
[0.261s] [  0%] Built target _tablet_socket_msgs_generate_messages_check_deps_Waypoint
[0.266s] [  0%] Built target _tablet_socket_msgs_generate_messages_check_deps_gear_cmd
[0.306s] [  0%] Built target std_msgs_generate_messages_nodejs
[0.308s] [  0%] Built target std_msgs_generate_messages_cpp
[0.324s] [  0%] Built target std_msgs_generate_messages_lisp
[0.333s] [  0%] Built target std_msgs_generate_messages_eus
[0.343s] [  0%] Built target std_msgs_generate_messages_py
[0.348s] [ 18%] Built target tablet_socket_msgs_generate_messages_nodejs
[0.357s] [ 37%] Built target tablet_socket_msgs_generate_messages_cpp
[0.361s] [ 56%] Built target tablet_socket_msgs_generate_messages_lisp
[0.375s] [ 78%] Built target tablet_socket_msgs_generate_messages_py
[0.386s] [100%] Built target tablet_socket_msgs_generate_messages_eus
[0.418s] [100%] Built target tablet_socket_msgs_generate_messages
[0.453s] Invoked command in '/home/yeap/APC_2022_Prac/airsimversion/autoware.ai/build/tablet_socket_msgs' returned '0': /usr/bin/cmake --build /home/yeap/APC_2022_Prac/airsimversion/autoware.ai/build/tablet_socket_msgs -- -j6 -l6
[0.601s] Invoking command in '/home/yeap/APC_2022_Prac/airsimversion/autoware.ai/build/tablet_socket_msgs': /usr/bin/cmake --build /home/yeap/APC_2022_Prac/airsimversion/autoware.ai/build/tablet_socket_msgs --target tests -- -j6 -l6
[0.686s] Built target tests
[0.712s] Invoked command in '/home/yeap/APC_2022_Prac/airsimversion/autoware.ai/build/tablet_socket_msgs' returned '0': /usr/bin/cmake --build /home/yeap/APC_2022_Prac/airsimversion/autoware.ai/build/tablet_socket_msgs --target tests -- -j6 -l6
[0.907s] Invoking command in '/home/yeap/APC_2022_Prac/airsimversion/autoware.ai/build/tablet_socket_msgs': /usr/bin/cmake --build /home/yeap/APC_2022_Prac/airsimversion/autoware.ai/build/tablet_socket_msgs --target install -- -j6 -l6
[1.006s] [  0%] Built target _tablet_socket_msgs_generate_messages_check_deps_mode_info
[1.013s] [  0%] Built target _tablet_socket_msgs_generate_messages_check_deps_route_cmd
[1.031s] [  0%] Built target _tablet_socket_msgs_generate_messages_check_deps_mode_cmd
[1.061s] [  0%] Built target _tablet_socket_msgs_generate_messages_check_deps_gear_cmd
[1.073s] [  0%] Built target std_msgs_generate_messages_cpp
[1.078s] [  0%] Built target _tablet_socket_msgs_generate_messages_check_deps_Waypoint
[1.079s] [  0%] Built target std_msgs_generate_messages_py
[1.094s] [  0%] Built target _tablet_socket_msgs_generate_messages_check_deps_error_info
[1.095s] [  0%] Built target std_msgs_generate_messages_nodejs
[1.119s] [  0%] Built target std_msgs_generate_messages_eus
[1.136s] [ 40%] Built target tablet_socket_msgs_generate_messages_nodejs
[1.136s] [ 40%] Built target tablet_socket_msgs_generate_messages_py
[1.153s] [ 43%] Built target std_msgs_generate_messages_lisp
[1.153s] [ 62%] Built target tablet_socket_msgs_generate_messages_eus
[1.158s] [ 81%] Built target tablet_socket_msgs_generate_messages_cpp
[1.205s] [100%] Built target tablet_socket_msgs_generate_messages_lisp
[1.253s] [100%] Built target tablet_socket_msgs_generate_messages
[1.285s] [36mInstall the project...[0m
[1.312s] -- Install configuration: "Release"
[1.313s] -- Up-to-date: /home/yeap/APC_2022_Prac/airsimversion/autoware.ai/install/tablet_socket_msgs/share/tablet_socket_msgs/msg/Waypoint.msg
[1.313s] -- Up-to-date: /home/yeap/APC_2022_Prac/airsimversion/autoware.ai/install/tablet_socket_msgs/share/tablet_socket_msgs/msg/error_info.msg
[1.313s] -- Up-to-date: /home/yeap/APC_2022_Prac/airsimversion/autoware.ai/install/tablet_socket_msgs/share/tablet_socket_msgs/msg/gear_cmd.msg
[1.313s] -- Up-to-date: /home/yeap/APC_2022_Prac/airsimversion/autoware.ai/install/tablet_socket_msgs/share/tablet_socket_msgs/msg/mode_cmd.msg
[1.313s] -- Up-to-date: /home/yeap/APC_2022_Prac/airsimversion/autoware.ai/install/tablet_socket_msgs/share/tablet_socket_msgs/msg/mode_info.msg
[1.313s] -- Up-to-date: /home/yeap/APC_2022_Prac/airsimversion/autoware.ai/install/tablet_socket_msgs/share/tablet_socket_msgs/msg/route_cmd.msg
[1.313s] -- Up-to-date: /home/yeap/APC_2022_Prac/airsimversion/autoware.ai/install/tablet_socket_msgs/share/tablet_socket_msgs/cmake/tablet_socket_msgs-msg-paths.cmake
[1.313s] -- Up-to-date: /home/yeap/APC_2022_Prac/airsimversion/autoware.ai/install/tablet_socket_msgs/include/tablet_socket_msgs
[1.314s] -- Up-to-date: /home/yeap/APC_2022_Prac/airsimversion/autoware.ai/install/tablet_socket_msgs/include/tablet_socket_msgs/gear_cmd.h
[1.314s] -- Up-to-date: /home/yeap/APC_2022_Prac/airsimversion/autoware.ai/install/tablet_socket_msgs/include/tablet_socket_msgs/mode_cmd.h
[1.314s] -- Up-to-date: /home/yeap/APC_2022_Prac/airsimversion/autoware.ai/install/tablet_socket_msgs/include/tablet_socket_msgs/Waypoint.h
[1.314s] -- Up-to-date: /home/yeap/APC_2022_Prac/airsimversion/autoware.ai/install/tablet_socket_msgs/include/tablet_socket_msgs/route_cmd.h
[1.314s] -- Up-to-date: /home/yeap/APC_2022_Prac/airsimversion/autoware.ai/install/tablet_socket_msgs/include/tablet_socket_msgs/error_info.h
[1.314s] -- Up-to-date: /home/yeap/APC_2022_Prac/airsimversion/autoware.ai/install/tablet_socket_msgs/include/tablet_socket_msgs/mode_info.h
[1.314s] -- Up-to-date: /home/yeap/APC_2022_Prac/airsimversion/autoware.ai/install/tablet_socket_msgs/share/roseus/ros/tablet_socket_msgs
[1.314s] -- Up-to-date: /home/yeap/APC_2022_Prac/airsimversion/autoware.ai/install/tablet_socket_msgs/share/roseus/ros/tablet_socket_msgs/msg
[1.314s] -- Up-to-date: /home/yeap/APC_2022_Prac/airsimversion/autoware.ai/install/tablet_socket_msgs/share/roseus/ros/tablet_socket_msgs/msg/error_info.l
[1.314s] -- Up-to-date: /home/yeap/APC_2022_Prac/airsimversion/autoware.ai/install/tablet_socket_msgs/share/roseus/ros/tablet_socket_msgs/msg/mode_info.l
[1.314s] -- Up-to-date: /home/yeap/APC_2022_Prac/airsimversion/autoware.ai/install/tablet_socket_msgs/share/roseus/ros/tablet_socket_msgs/msg/gear_cmd.l
[1.314s] -- Up-to-date: /home/yeap/APC_2022_Prac/airsimversion/autoware.ai/install/tablet_socket_msgs/share/roseus/ros/tablet_socket_msgs/msg/mode_cmd.l
[1.314s] -- Up-to-date: /home/yeap/APC_2022_Prac/airsimversion/autoware.ai/install/tablet_socket_msgs/share/roseus/ros/tablet_socket_msgs/msg/Waypoint.l
[1.315s] -- Up-to-date: /home/yeap/APC_2022_Prac/airsimversion/autoware.ai/install/tablet_socket_msgs/share/roseus/ros/tablet_socket_msgs/msg/route_cmd.l
[1.315s] -- Up-to-date: /home/yeap/APC_2022_Prac/airsimversion/autoware.ai/install/tablet_socket_msgs/share/roseus/ros/tablet_socket_msgs/manifest.l
[1.317s] -- Up-to-date: /home/yeap/APC_2022_Prac/airsimversion/autoware.ai/install/tablet_socket_msgs/share/common-lisp/ros/tablet_socket_msgs
[1.317s] -- Up-to-date: /home/yeap/APC_2022_Prac/airsimversion/autoware.ai/install/tablet_socket_msgs/share/common-lisp/ros/tablet_socket_msgs/msg
[1.317s] -- Up-to-date: /home/yeap/APC_2022_Prac/airsimversion/autoware.ai/install/tablet_socket_msgs/share/common-lisp/ros/tablet_socket_msgs/msg/_package_route_cmd.lisp
[1.317s] -- Up-to-date: /home/yeap/APC_2022_Prac/airsimversion/autoware.ai/install/tablet_socket_msgs/share/common-lisp/ros/tablet_socket_msgs/msg/_package.lisp
[1.317s] -- Up-to-date: /home/yeap/APC_2022_Prac/airsimversion/autoware.ai/install/tablet_socket_msgs/share/common-lisp/ros/tablet_socket_msgs/msg/_package_Waypoint.lisp
[1.317s] -- Up-to-date: /home/yeap/APC_2022_Prac/airsimversion/autoware.ai/install/tablet_socket_msgs/share/common-lisp/ros/tablet_socket_msgs/msg/mode_info.lisp
[1.317s] -- Up-to-date: /home/yeap/APC_2022_Prac/airsimversion/autoware.ai/install/tablet_socket_msgs/share/common-lisp/ros/tablet_socket_msgs/msg/error_info.lisp
[1.317s] -- Up-to-date: /home/yeap/APC_2022_Prac/airsimversion/autoware.ai/install/tablet_socket_msgs/share/common-lisp/ros/tablet_socket_msgs/msg/_package_error_info.lisp
[1.317s] -- Up-to-date: /home/yeap/APC_2022_Prac/airsimversion/autoware.ai/install/tablet_socket_msgs/share/common-lisp/ros/tablet_socket_msgs/msg/mode_cmd.lisp
[1.317s] -- Up-to-date: /home/yeap/APC_2022_Prac/airsimversion/autoware.ai/install/tablet_socket_msgs/share/common-lisp/ros/tablet_socket_msgs/msg/_package_gear_cmd.lisp
[1.317s] -- Up-to-date: /home/yeap/APC_2022_Prac/airsimversion/autoware.ai/install/tablet_socket_msgs/share/common-lisp/ros/tablet_socket_msgs/msg/route_cmd.lisp
[1.317s] -- Up-to-date: /home/yeap/APC_2022_Prac/airsimversion/autoware.ai/install/tablet_socket_msgs/share/common-lisp/ros/tablet_socket_msgs/msg/tablet_socket_msgs-msg.asd
[1.317s] -- Up-to-date: /home/yeap/APC_2022_Prac/airsimversion/autoware.ai/install/tablet_socket_msgs/share/common-lisp/ros/tablet_socket_msgs/msg/_package_mode_info.lisp
[1.318s] -- Up-to-date: /home/yeap/APC_2022_Prac/airsimversion/autoware.ai/install/tablet_socket_msgs/share/common-lisp/ros/tablet_socket_msgs/msg/Waypoint.lisp
[1.318s] -- Up-to-date: /home/yeap/APC_2022_Prac/airsimversion/autoware.ai/install/tablet_socket_msgs/share/common-lisp/ros/tablet_socket_msgs/msg/gear_cmd.lisp
[1.318s] -- Up-to-date: /home/yeap/APC_2022_Prac/airsimversion/autoware.ai/install/tablet_socket_msgs/share/common-lisp/ros/tablet_socket_msgs/msg/_package_mode_cmd.lisp
[1.318s] -- Up-to-date: /home/yeap/APC_2022_Prac/airsimversion/autoware.ai/install/tablet_socket_msgs/share/gennodejs/ros/tablet_socket_msgs
[1.318s] -- Up-to-date: /home/yeap/APC_2022_Prac/airsimversion/autoware.ai/install/tablet_socket_msgs/share/gennodejs/ros/tablet_socket_msgs/msg
[1.318s] -- Up-to-date: /home/yeap/APC_2022_Prac/airsimversion/autoware.ai/install/tablet_socket_msgs/share/gennodejs/ros/tablet_socket_msgs/msg/route_cmd.js
[1.318s] -- Up-to-date: /home/yeap/APC_2022_Prac/airsimversion/autoware.ai/install/tablet_socket_msgs/share/gennodejs/ros/tablet_socket_msgs/msg/_index.js
[1.318s] -- Up-to-date: /home/yeap/APC_2022_Prac/airsimversion/autoware.ai/install/tablet_socket_msgs/share/gennodejs/ros/tablet_socket_msgs/msg/mode_info.js
[1.318s] -- Up-to-date: /home/yeap/APC_2022_Prac/airsimversion/autoware.ai/install/tablet_socket_msgs/share/gennodejs/ros/tablet_socket_msgs/msg/mode_cmd.js
[1.318s] -- Up-to-date: /home/yeap/APC_2022_Prac/airsimversion/autoware.ai/install/tablet_socket_msgs/share/gennodejs/ros/tablet_socket_msgs/msg/gear_cmd.js
[1.318s] -- Up-to-date: /home/yeap/APC_2022_Prac/airsimversion/autoware.ai/install/tablet_socket_msgs/share/gennodejs/ros/tablet_socket_msgs/msg/Waypoint.js
[1.318s] -- Up-to-date: /home/yeap/APC_2022_Prac/airsimversion/autoware.ai/install/tablet_socket_msgs/share/gennodejs/ros/tablet_socket_msgs/msg/error_info.js
[1.318s] -- Up-to-date: /home/yeap/APC_2022_Prac/airsimversion/autoware.ai/install/tablet_socket_msgs/share/gennodejs/ros/tablet_socket_msgs/_index.js
[1.329s] Listing /home/yeap/APC_2022_Prac/airsimversion/autoware.ai/build/tablet_socket_msgs/devel/lib/python2.7/dist-packages/tablet_socket_msgs ...
[1.329s] Listing /home/yeap/APC_2022_Prac/airsimversion/autoware.ai/build/tablet_socket_msgs/devel/lib/python2.7/dist-packages/tablet_socket_msgs/msg ...
[1.329s] -- Up-to-date: /home/yeap/APC_2022_Prac/airsimversion/autoware.ai/install/tablet_socket_msgs/lib/python2.7/dist-packages/tablet_socket_msgs
[1.330s] -- Up-to-date: /home/yeap/APC_2022_Prac/airsimversion/autoware.ai/install/tablet_socket_msgs/lib/python2.7/dist-packages/tablet_socket_msgs/msg
[1.332s] -- Up-to-date: /home/yeap/APC_2022_Prac/airsimversion/autoware.ai/install/tablet_socket_msgs/lib/python2.7/dist-packages/tablet_socket_msgs/msg/_error_info.pyc
[1.332s] -- Up-to-date: /home/yeap/APC_2022_Prac/airsimversion/autoware.ai/install/tablet_socket_msgs/lib/python2.7/dist-packages/tablet_socket_msgs/msg/__init__.pyc
[1.332s] -- Up-to-date: /home/yeap/APC_2022_Prac/airsimversion/autoware.ai/install/tablet_socket_msgs/lib/python2.7/dist-packages/tablet_socket_msgs/msg/_mode_info.py
[1.332s] -- Up-to-date: /home/yeap/APC_2022_Prac/airsimversion/autoware.ai/install/tablet_socket_msgs/lib/python2.7/dist-packages/tablet_socket_msgs/msg/_gear_cmd.pyc
[1.332s] -- Up-to-date: /home/yeap/APC_2022_Prac/airsimversion/autoware.ai/install/tablet_socket_msgs/lib/python2.7/dist-packages/tablet_socket_msgs/msg/_route_cmd.py
[1.332s] -- Up-to-date: /home/yeap/APC_2022_Prac/airsimversion/autoware.ai/install/tablet_socket_msgs/lib/python2.7/dist-packages/tablet_socket_msgs/msg/_Waypoint.py
[1.333s] -- Up-to-date: /home/yeap/APC_2022_Prac/airsimversion/autoware.ai/install/tablet_socket_msgs/lib/python2.7/dist-packages/tablet_socket_msgs/msg/_gear_cmd.py
[1.333s] -- Up-to-date: /home/yeap/APC_2022_Prac/airsimversion/autoware.ai/install/tablet_socket_msgs/lib/python2.7/dist-packages/tablet_socket_msgs/msg/__init__.py
[1.333s] -- Up-to-date: /home/yeap/APC_2022_Prac/airsimversion/autoware.ai/install/tablet_socket_msgs/lib/python2.7/dist-packages/tablet_socket_msgs/msg/_mode_cmd.py
[1.333s] -- Up-to-date: /home/yeap/APC_2022_Prac/airsimversion/autoware.ai/install/tablet_socket_msgs/lib/python2.7/dist-packages/tablet_socket_msgs/msg/_mode_cmd.pyc
[1.333s] -- Up-to-date: /home/yeap/APC_2022_Prac/airsimversion/autoware.ai/install/tablet_socket_msgs/lib/python2.7/dist-packages/tablet_socket_msgs/msg/_error_info.py
[1.333s] -- Up-to-date: /home/yeap/APC_2022_Prac/airsimversion/autoware.ai/install/tablet_socket_msgs/lib/python2.7/dist-packages/tablet_socket_msgs/msg/_mode_info.pyc
[1.333s] -- Up-to-date: /home/yeap/APC_2022_Prac/airsimversion/autoware.ai/install/tablet_socket_msgs/lib/python2.7/dist-packages/tablet_socket_msgs/msg/_Waypoint.pyc
[1.333s] -- Up-to-date: /home/yeap/APC_2022_Prac/airsimversion/autoware.ai/install/tablet_socket_msgs/lib/python2.7/dist-packages/tablet_socket_msgs/msg/_route_cmd.pyc
[1.333s] -- Up-to-date: /home/yeap/APC_2022_Prac/airsimversion/autoware.ai/install/tablet_socket_msgs/lib/python2.7/dist-packages/tablet_socket_msgs/__init__.pyc
[1.333s] -- Up-to-date: /home/yeap/APC_2022_Prac/airsimversion/autoware.ai/install/tablet_socket_msgs/lib/python2.7/dist-packages/tablet_socket_msgs/__init__.py
[1.333s] -- Up-to-date: /home/yeap/APC_2022_Prac/airsimversion/autoware.ai/install/tablet_socket_msgs/lib/pkgconfig/tablet_socket_msgs.pc
[1.333s] -- Up-to-date: /home/yeap/APC_2022_Prac/airsimversion/autoware.ai/install/tablet_socket_msgs/share/tablet_socket_msgs/cmake/tablet_socket_msgs-msg-extras.cmake
[1.333s] -- Up-to-date: /home/yeap/APC_2022_Prac/airsimversion/autoware.ai/install/tablet_socket_msgs/share/tablet_socket_msgs/cmake/tablet_socket_msgsConfig.cmake
[1.333s] -- Up-to-date: /home/yeap/APC_2022_Prac/airsimversion/autoware.ai/install/tablet_socket_msgs/share/tablet_socket_msgs/cmake/tablet_socket_msgsConfig-version.cmake
[1.333s] -- Up-to-date: /home/yeap/APC_2022_Prac/airsimversion/autoware.ai/install/tablet_socket_msgs/share/tablet_socket_msgs/package.xml
[1.346s] Invoked command in '/home/yeap/APC_2022_Prac/airsimversion/autoware.ai/build/tablet_socket_msgs' returned '0': /usr/bin/cmake --build /home/yeap/APC_2022_Prac/airsimversion/autoware.ai/build/tablet_socket_msgs --target install -- -j6 -l6
