[0.012s] Invoking command in '/home/yeap/APC_2022_Prac/airsimversion/autoware.ai/build/marker_downsampler': /usr/bin/cmake /home/yeap/APC_2022_Prac/airsimversion/autoware.ai/src/autoware/utilities/marker_downsampler -DCMAKE_BUILD_TYPE=Release -DCATKIN_INSTALL_INTO_PREFIX_ROOT=0 -DCMAKE_INSTALL_PREFIX=/home/yeap/APC_2022_Prac/airsimversion/autoware.ai/install/marker_downsampler
[0.086s] -- The C compiler identification is GNU 7.5.0
[0.147s] -- The CXX compiler identification is GNU 7.5.0
[0.153s] -- Check for working C compiler: /usr/bin/cc
[0.226s] -- Check for working C compiler: /usr/bin/cc -- works
[0.228s] -- Detecting C compiler ABI info
[0.303s] -- Detecting C compiler ABI info - done
[0.313s] -- Detecting C compile features
[0.652s] -- Detecting C compile features - done
[0.652s] -- Check for working CXX compiler: /usr/bin/c++
[0.735s] -- Check for working CXX compiler: /usr/bin/c++ -- works
[0.736s] -- Detecting CXX compiler ABI info
[0.817s] -- Detecting CXX compiler ABI info - done
[0.827s] -- Detecting CXX compile features
[1.226s] -- Detecting CXX compile features - done
[1.229s] -- Using CATKIN_DEVEL_PREFIX: /home/yeap/APC_2022_Prac/airsimversion/autoware.ai/build/marker_downsampler/devel
[1.229s] -- Using CMAKE_PREFIX_PATH: /opt/ros/melodic
[1.229s] -- This workspace overlays: /opt/ros/melodic
[1.245s] -- Found PythonInterp: /usr/bin/python2 (found suitable version "2.7.17", minimum required is "2") 
[1.245s] -- Using PYTHON_EXECUTABLE: /usr/bin/python2
[1.245s] -- Using Debian Python package layout
[1.246s] -- Using empy: /usr/bin/empy
[1.423s] -- Using CATKIN_ENABLE_TESTING: ON
[1.423s] -- Call enable_testing()
[1.425s] -- Using CATKIN_TEST_RESULTS_DIR: /home/yeap/APC_2022_Prac/airsimversion/autoware.ai/build/marker_downsampler/test_results
[1.448s] -- Found gtest sources under '/usr/src/googletest': gtests will be built
[1.448s] -- Found gmock sources under '/usr/src/googletest': gmock will be built
[1.465s] -- Found PythonInterp: /usr/bin/python2 (found version "2.7.17") 
[1.465s] -- Looking for pthread.h
[1.574s] -- Looking for pthread.h - found
[1.575s] -- Looking for pthread_create
[1.695s] -- Looking for pthread_create - not found
[1.696s] -- Looking for pthread_create in pthreads
[1.755s] -- Looking for pthread_create in pthreads - not found
[1.756s] -- Looking for pthread_create in pthread
[1.833s] -- Looking for pthread_create in pthread - found
[1.833s] -- Found Threads: TRUE  
[1.835s] -- Using Python nosetests: /usr/bin/nosetests-2.7
[1.882s] -- catkin 0.7.29
[1.882s] -- BUILD_SHARED_LIBS is on
[2.320s] -- Configuring done
[2.337s] -- Generating done
[2.343s] -- Build files have been written to: /home/yeap/APC_2022_Prac/airsimversion/autoware.ai/build/marker_downsampler
[2.352s] Invoked command in '/home/yeap/APC_2022_Prac/airsimversion/autoware.ai/build/marker_downsampler' returned '0': /usr/bin/cmake /home/yeap/APC_2022_Prac/airsimversion/autoware.ai/src/autoware/utilities/marker_downsampler -DCMAKE_BUILD_TYPE=Release -DCATKIN_INSTALL_INTO_PREFIX_ROOT=0 -DCMAKE_INSTALL_PREFIX=/home/yeap/APC_2022_Prac/airsimversion/autoware.ai/install/marker_downsampler
[2.353s] Invoking command in '/home/yeap/APC_2022_Prac/airsimversion/autoware.ai/build/marker_downsampler': /usr/bin/cmake --build /home/yeap/APC_2022_Prac/airsimversion/autoware.ai/build/marker_downsampler -- -j6 -l6
[2.405s] Invoked command in '/home/yeap/APC_2022_Prac/airsimversion/autoware.ai/build/marker_downsampler' returned '0': /usr/bin/cmake --build /home/yeap/APC_2022_Prac/airsimversion/autoware.ai/build/marker_downsampler -- -j6 -l6
[2.576s] Invoking command in '/home/yeap/APC_2022_Prac/airsimversion/autoware.ai/build/marker_downsampler': /usr/bin/cmake --build /home/yeap/APC_2022_Prac/airsimversion/autoware.ai/build/marker_downsampler --target tests -- -j6 -l6
[2.636s] [35m[1mScanning dependencies of target tests[0m
[2.648s] Built target tests
[2.662s] Invoked command in '/home/yeap/APC_2022_Prac/airsimversion/autoware.ai/build/marker_downsampler' returned '0': /usr/bin/cmake --build /home/yeap/APC_2022_Prac/airsimversion/autoware.ai/build/marker_downsampler --target tests -- -j6 -l6
[2.714s] Invoking command in '/home/yeap/APC_2022_Prac/airsimversion/autoware.ai/build/marker_downsampler': /usr/bin/cmake --build /home/yeap/APC_2022_Prac/airsimversion/autoware.ai/build/marker_downsampler --target install -- -j6 -l6
[2.820s] [36mInstall the project...[0m
[2.830s] -- Install configuration: "Release"
[2.830s] -- Installing: /home/yeap/APC_2022_Prac/airsimversion/autoware.ai/install/marker_downsampler/lib/pkgconfig/marker_downsampler.pc
[2.831s] -- Installing: /home/yeap/APC_2022_Prac/airsimversion/autoware.ai/install/marker_downsampler/share/marker_downsampler/cmake/marker_downsamplerConfig.cmake
[2.831s] -- Installing: /home/yeap/APC_2022_Prac/airsimversion/autoware.ai/install/marker_downsampler/share/marker_downsampler/cmake/marker_downsamplerConfig-version.cmake
[2.831s] -- Installing: /home/yeap/APC_2022_Prac/airsimversion/autoware.ai/install/marker_downsampler/share/marker_downsampler/package.xml
[2.831s] -- Installing: /home/yeap/APC_2022_Prac/airsimversion/autoware.ai/install/marker_downsampler/lib/marker_downsampler/app.py
[2.838s] Invoked command in '/home/yeap/APC_2022_Prac/airsimversion/autoware.ai/build/marker_downsampler' returned '0': /usr/bin/cmake --build /home/yeap/APC_2022_Prac/airsimversion/autoware.ai/build/marker_downsampler --target install -- -j6 -l6
