[0.022s] Invoking command in '/home/yeap/APC_2022_Prac/airsimversion/autoware.ai/build/glviewer': CMAKE_PREFIX_PATH=/home/yeap/APC_2022_Prac/airsimversion/autoware.ai/install/autoware_build_flags:${CMAKE_PREFIX_PATH} PKG_CONFIG_PATH=/home/yeap/APC_2022_Prac/airsimversion/autoware.ai/install/autoware_build_flags/lib/x86_64-linux-gnu/pkgconfig:/home/yeap/APC_2022_Prac/airsimversion/autoware.ai/install/autoware_build_flags/lib/pkgconfig:${PKG_CONFIG_PATH} ROS_PACKAGE_PATH=/home/yeap/APC_2022_Prac/airsimversion/autoware.ai/install/autoware_build_flags/share:${ROS_PACKAGE_PATH} /usr/bin/cmake /home/yeap/APC_2022_Prac/airsimversion/autoware.ai/src/autoware/visualization/glviewer -DCMAKE_BUILD_TYPE=Release -DCATKIN_INSTALL_INTO_PREFIX_ROOT=0 -DCMAKE_INSTALL_PREFIX=/home/yeap/APC_2022_Prac/airsimversion/autoware.ai/install/glviewer
[0.104s] -- The C compiler identification is GNU 7.5.0
[0.173s] -- The CXX compiler identification is GNU 7.5.0
[0.182s] -- Check for working C compiler: /usr/bin/cc
[0.261s] -- Check for working C compiler: /usr/bin/cc -- works
[0.261s] -- Detecting C compiler ABI info
[0.341s] -- Detecting C compiler ABI info - done
[0.343s] -- Detecting C compile features
[0.577s] -- Detecting C compile features - done
[0.581s] -- Check for working CXX compiler: /usr/bin/c++
[0.672s] -- Check for working CXX compiler: /usr/bin/c++ -- works
[0.673s] -- Detecting CXX compiler ABI info
[0.765s] -- Detecting CXX compiler ABI info - done
[0.775s] -- Detecting CXX compile features
[1.157s] -- Detecting CXX compile features - done
[1.162s] -- Found PkgConfig: /usr/bin/pkg-config (found version "0.29.1") 
[1.164s] -- CUDA compilation status: .
[1.166s] -- Using CATKIN_DEVEL_PREFIX: /home/yeap/APC_2022_Prac/airsimversion/autoware.ai/build/glviewer/devel
[1.167s] -- Using CMAKE_PREFIX_PATH: /home/yeap/APC_2022_Prac/airsimversion/autoware.ai/install/autoware_build_flags;/opt/ros/melodic
[1.167s] -- This workspace overlays: /home/yeap/APC_2022_Prac/airsimversion/autoware.ai/install/autoware_build_flags;/opt/ros/melodic
[1.183s] -- Found PythonInterp: /usr/bin/python2 (found suitable version "2.7.17", minimum required is "2") 
[1.184s] -- Using PYTHON_EXECUTABLE: /usr/bin/python2
[1.184s] -- Using Debian Python package layout
[1.185s] -- Using empy: /usr/bin/empy
[1.371s] -- Using CATKIN_ENABLE_TESTING: ON
[1.371s] -- Call enable_testing()
[1.374s] -- Using CATKIN_TEST_RESULTS_DIR: /home/yeap/APC_2022_Prac/airsimversion/autoware.ai/build/glviewer/test_results
[1.399s] -- Found gtest sources under '/usr/src/googletest': gtests will be built
[1.399s] -- Found gmock sources under '/usr/src/googletest': gmock will be built
[1.415s] -- Found PythonInterp: /usr/bin/python2 (found version "2.7.17") 
[1.416s] -- Looking for pthread.h
[1.497s] -- Looking for pthread.h - found
[1.498s] -- Looking for pthread_create
[1.579s] -- Looking for pthread_create - not found
[1.580s] -- Looking for pthread_create in pthreads
[1.646s] -- Looking for pthread_create in pthreads - not found
[1.646s] -- Looking for pthread_create in pthread
[1.722s] -- Looking for pthread_create in pthread - found
[1.723s] -- Found Threads: TRUE  
[1.729s] -- Using Python nosetests: /usr/bin/nosetests-2.7
[1.779s] -- catkin 0.7.29
[1.780s] -- BUILD_SHARED_LIBS is on
[1.998s] -- Found OpenGL: /usr/lib/x86_64-linux-gnu/libOpenGL.so   
[2.151s] -- Configuring done
[2.174s] -- Generating done
[2.179s] -- Build files have been written to: /home/yeap/APC_2022_Prac/airsimversion/autoware.ai/build/glviewer
[2.212s] Invoked command in '/home/yeap/APC_2022_Prac/airsimversion/autoware.ai/build/glviewer' returned '0': CMAKE_PREFIX_PATH=/home/yeap/APC_2022_Prac/airsimversion/autoware.ai/install/autoware_build_flags:${CMAKE_PREFIX_PATH} PKG_CONFIG_PATH=/home/yeap/APC_2022_Prac/airsimversion/autoware.ai/install/autoware_build_flags/lib/x86_64-linux-gnu/pkgconfig:/home/yeap/APC_2022_Prac/airsimversion/autoware.ai/install/autoware_build_flags/lib/pkgconfig:${PKG_CONFIG_PATH} ROS_PACKAGE_PATH=/home/yeap/APC_2022_Prac/airsimversion/autoware.ai/install/autoware_build_flags/share:${ROS_PACKAGE_PATH} /usr/bin/cmake /home/yeap/APC_2022_Prac/airsimversion/autoware.ai/src/autoware/visualization/glviewer -DCMAKE_BUILD_TYPE=Release -DCATKIN_INSTALL_INTO_PREFIX_ROOT=0 -DCMAKE_INSTALL_PREFIX=/home/yeap/APC_2022_Prac/airsimversion/autoware.ai/install/glviewer
[2.214s] Invoking command in '/home/yeap/APC_2022_Prac/airsimversion/autoware.ai/build/glviewer': CMAKE_PREFIX_PATH=/home/yeap/APC_2022_Prac/airsimversion/autoware.ai/install/autoware_build_flags:${CMAKE_PREFIX_PATH} PKG_CONFIG_PATH=/home/yeap/APC_2022_Prac/airsimversion/autoware.ai/install/autoware_build_flags/lib/x86_64-linux-gnu/pkgconfig:/home/yeap/APC_2022_Prac/airsimversion/autoware.ai/install/autoware_build_flags/lib/pkgconfig:${PKG_CONFIG_PATH} ROS_PACKAGE_PATH=/home/yeap/APC_2022_Prac/airsimversion/autoware.ai/install/autoware_build_flags/share:${ROS_PACKAGE_PATH} /usr/bin/cmake --build /home/yeap/APC_2022_Prac/airsimversion/autoware.ai/build/glviewer -- -j6 -l6
[2.290s] [35m[1mScanning dependencies of target glviewer_autogen[0m
[2.306s] [ 16%] [34m[1mAutomatic MOC for target glviewer[0m
[2.336s] [ 16%] Built target glviewer_autogen
[2.348s] [ 33%] [34m[1mGenerating include/glviewer/moc_glviewer.cpp[0m
[2.460s] [35m[1mScanning dependencies of target glviewer[0m
[2.550s] [ 50%] [32mBuilding CXX object CMakeFiles/glviewer.dir/GLViewer/glviewer.cpp.o[0m
[6.541s] In file included from [01m[K/usr/include/eigen3/Eigen/Core:430:0[m[K,
[6.541s]                  from [01m[K/usr/include/eigen3/Eigen/Dense:1[m[K,
[6.541s]                  from [01m[K/home/yeap/APC_2022_Prac/airsimversion/autoware.ai/src/autoware/visualization/glviewer/include/glviewer/glviewer.h:22[m[K,
[6.541s]                  from [01m[K/home/yeap/APC_2022_Prac/airsimversion/autoware.ai/src/autoware/visualization/glviewer/GLViewer/glviewer.cpp:17[m[K:
[6.541s] [01m[K/usr/include/eigen3/Eigen/src/Core/DenseStorage.h:[m[K In member function ‘[01m[Kvoid GLViewer::addDisplayLists(GLuint, GLuint)[m[K’:
[6.541s] [01m[K/usr/include/eigen3/Eigen/src/Core/DenseStorage.h:194:66:[m[K [01;35m[Kwarning: [m[K‘[01m[K*((void*)(& list)+16).Eigen::DenseStorage<double, 16, 4, 4, 0>::m_data[m[K’ may be used uninitialized in this function [[01;35m[K-Wmaybe-uninitialized[m[K]
[6.541s]      DenseStorage(const DenseStorage& other) : m_data(other.m_data[01;35m[K)[m[K {
[6.541s]                                                                   [01;35m[K^[m[K
[6.957s] [ 66%] [32mBuilding CXX object CMakeFiles/glviewer.dir/glviewer_autogen/mocs_compilation.cpp.o[0m
[6.980s] [ 83%] [32mBuilding CXX object CMakeFiles/glviewer.dir/include/glviewer/moc_glviewer.cpp.o[0m
[8.614s] [100%] [32m[1mLinking CXX shared library devel/lib/libglviewer.so[0m
[9.063s] [100%] Built target glviewer
[9.079s] Invoked command in '/home/yeap/APC_2022_Prac/airsimversion/autoware.ai/build/glviewer' returned '0': CMAKE_PREFIX_PATH=/home/yeap/APC_2022_Prac/airsimversion/autoware.ai/install/autoware_build_flags:${CMAKE_PREFIX_PATH} PKG_CONFIG_PATH=/home/yeap/APC_2022_Prac/airsimversion/autoware.ai/install/autoware_build_flags/lib/x86_64-linux-gnu/pkgconfig:/home/yeap/APC_2022_Prac/airsimversion/autoware.ai/install/autoware_build_flags/lib/pkgconfig:${PKG_CONFIG_PATH} ROS_PACKAGE_PATH=/home/yeap/APC_2022_Prac/airsimversion/autoware.ai/install/autoware_build_flags/share:${ROS_PACKAGE_PATH} /usr/bin/cmake --build /home/yeap/APC_2022_Prac/airsimversion/autoware.ai/build/glviewer -- -j6 -l6
[9.130s] Invoking command in '/home/yeap/APC_2022_Prac/airsimversion/autoware.ai/build/glviewer': CMAKE_PREFIX_PATH=/home/yeap/APC_2022_Prac/airsimversion/autoware.ai/install/autoware_build_flags:${CMAKE_PREFIX_PATH} PKG_CONFIG_PATH=/home/yeap/APC_2022_Prac/airsimversion/autoware.ai/install/autoware_build_flags/lib/x86_64-linux-gnu/pkgconfig:/home/yeap/APC_2022_Prac/airsimversion/autoware.ai/install/autoware_build_flags/lib/pkgconfig:${PKG_CONFIG_PATH} ROS_PACKAGE_PATH=/home/yeap/APC_2022_Prac/airsimversion/autoware.ai/install/autoware_build_flags/share:${ROS_PACKAGE_PATH} /usr/bin/cmake --build /home/yeap/APC_2022_Prac/airsimversion/autoware.ai/build/glviewer --target tests -- -j6 -l6
[9.187s] [35m[1mScanning dependencies of target tests[0m
[9.199s] Built target tests
[9.214s] Invoked command in '/home/yeap/APC_2022_Prac/airsimversion/autoware.ai/build/glviewer' returned '0': CMAKE_PREFIX_PATH=/home/yeap/APC_2022_Prac/airsimversion/autoware.ai/install/autoware_build_flags:${CMAKE_PREFIX_PATH} PKG_CONFIG_PATH=/home/yeap/APC_2022_Prac/airsimversion/autoware.ai/install/autoware_build_flags/lib/x86_64-linux-gnu/pkgconfig:/home/yeap/APC_2022_Prac/airsimversion/autoware.ai/install/autoware_build_flags/lib/pkgconfig:${PKG_CONFIG_PATH} ROS_PACKAGE_PATH=/home/yeap/APC_2022_Prac/airsimversion/autoware.ai/install/autoware_build_flags/share:${ROS_PACKAGE_PATH} /usr/bin/cmake --build /home/yeap/APC_2022_Prac/airsimversion/autoware.ai/build/glviewer --target tests -- -j6 -l6
[9.275s] Invoking command in '/home/yeap/APC_2022_Prac/airsimversion/autoware.ai/build/glviewer': CMAKE_PREFIX_PATH=/home/yeap/APC_2022_Prac/airsimversion/autoware.ai/install/autoware_build_flags:${CMAKE_PREFIX_PATH} PKG_CONFIG_PATH=/home/yeap/APC_2022_Prac/airsimversion/autoware.ai/install/autoware_build_flags/lib/x86_64-linux-gnu/pkgconfig:/home/yeap/APC_2022_Prac/airsimversion/autoware.ai/install/autoware_build_flags/lib/pkgconfig:${PKG_CONFIG_PATH} ROS_PACKAGE_PATH=/home/yeap/APC_2022_Prac/airsimversion/autoware.ai/install/autoware_build_flags/share:${ROS_PACKAGE_PATH} /usr/bin/cmake --build /home/yeap/APC_2022_Prac/airsimversion/autoware.ai/build/glviewer --target install -- -j6 -l6
[9.333s] [ 16%] [34m[1mAutomatic MOC for target glviewer[0m
[9.354s] [ 16%] Built target glviewer_autogen
[9.394s] [100%] Built target glviewer
[9.415s] [36mInstall the project...[0m
[9.426s] -- Install configuration: "Release"
[9.426s] -- Installing: /home/yeap/APC_2022_Prac/airsimversion/autoware.ai/install/glviewer/lib/pkgconfig/glviewer.pc
[9.427s] -- Installing: /home/yeap/APC_2022_Prac/airsimversion/autoware.ai/install/glviewer/share/glviewer/cmake/glviewerConfig.cmake
[9.427s] -- Installing: /home/yeap/APC_2022_Prac/airsimversion/autoware.ai/install/glviewer/share/glviewer/cmake/glviewerConfig-version.cmake
[9.428s] -- Installing: /home/yeap/APC_2022_Prac/airsimversion/autoware.ai/install/glviewer/share/glviewer/package.xml
[9.428s] -- Installing: /home/yeap/APC_2022_Prac/airsimversion/autoware.ai/install/glviewer/include/glviewer
[9.428s] -- Installing: /home/yeap/APC_2022_Prac/airsimversion/autoware.ai/install/glviewer/include/glviewer/glviewer.h
[9.429s] -- Installing: /home/yeap/APC_2022_Prac/airsimversion/autoware.ai/install/glviewer/lib/libglviewer.so
[9.432s] -- Set runtime path of "/home/yeap/APC_2022_Prac/airsimversion/autoware.ai/install/glviewer/lib/libglviewer.so" to ""
[9.439s] Invoked command in '/home/yeap/APC_2022_Prac/airsimversion/autoware.ai/build/glviewer' returned '0': CMAKE_PREFIX_PATH=/home/yeap/APC_2022_Prac/airsimversion/autoware.ai/install/autoware_build_flags:${CMAKE_PREFIX_PATH} PKG_CONFIG_PATH=/home/yeap/APC_2022_Prac/airsimversion/autoware.ai/install/autoware_build_flags/lib/x86_64-linux-gnu/pkgconfig:/home/yeap/APC_2022_Prac/airsimversion/autoware.ai/install/autoware_build_flags/lib/pkgconfig:${PKG_CONFIG_PATH} ROS_PACKAGE_PATH=/home/yeap/APC_2022_Prac/airsimversion/autoware.ai/install/autoware_build_flags/share:${ROS_PACKAGE_PATH} /usr/bin/cmake --build /home/yeap/APC_2022_Prac/airsimversion/autoware.ai/build/glviewer --target install -- -j6 -l6
