[0.017s] Invoking command in '/home/yeap/APC_2022_Prac/airsimversion/autoware.ai/build/integrated_viewer': CMAKE_PREFIX_PATH=/home/yeap/APC_2022_Prac/airsimversion/autoware.ai/install/autoware_msgs:/home/yeap/APC_2022_Prac/airsimversion/autoware.ai/install/autoware_build_flags:${CMAKE_PREFIX_PATH} PKG_CONFIG_PATH=/home/yeap/APC_2022_Prac/airsimversion/autoware.ai/install/autoware_msgs/lib/x86_64-linux-gnu/pkgconfig:/home/yeap/APC_2022_Prac/airsimversion/autoware.ai/install/autoware_msgs/lib/pkgconfig:/home/yeap/APC_2022_Prac/airsimversion/autoware.ai/install/autoware_build_flags/lib/x86_64-linux-gnu/pkgconfig:/home/yeap/APC_2022_Prac/airsimversion/autoware.ai/install/autoware_build_flags/lib/pkgconfig:${PKG_CONFIG_PATH} PYTHONPATH=/home/yeap/APC_2022_Prac/airsimversion/autoware.ai/install/autoware_msgs/lib/python2.7/dist-packages:${PYTHONPATH} ROS_PACKAGE_PATH=/home/yeap/APC_2022_Prac/airsimversion/autoware.ai/install/autoware_msgs/share:/home/yeap/APC_2022_Prac/airsimversion/autoware.ai/install/autoware_build_flags/share:${ROS_PACKAGE_PATH} /usr/bin/cmake /home/yeap/APC_2022_Prac/airsimversion/autoware.ai/src/autoware/visualization/integrated_viewer -DCMAKE_BUILD_TYPE=Release -DCATKIN_INSTALL_INTO_PREFIX_ROOT=0 -DCMAKE_INSTALL_PREFIX=/home/yeap/APC_2022_Prac/airsimversion/autoware.ai/install/integrated_viewer
[0.089s] -- The C compiler identification is GNU 7.5.0
[0.156s] -- The CXX compiler identification is GNU 7.5.0
[0.161s] -- Check for working C compiler: /usr/bin/cc
[0.235s] -- Check for working C compiler: /usr/bin/cc -- works
[0.236s] -- Detecting C compiler ABI info
[0.314s] -- Detecting C compiler ABI info - done
[0.332s] -- Detecting C compile features
[0.598s] -- Detecting C compile features - done
[0.602s] -- Check for working CXX compiler: /usr/bin/c++
[0.692s] -- Check for working CXX compiler: /usr/bin/c++ -- works
[0.693s] -- Detecting CXX compiler ABI info
[0.786s] -- Detecting CXX compiler ABI info - done
[0.795s] -- Detecting CXX compile features
[1.174s] -- Detecting CXX compile features - done
[1.175s] -- CUDA compilation status: .
[1.177s] -- Using CATKIN_DEVEL_PREFIX: /home/yeap/APC_2022_Prac/airsimversion/autoware.ai/build/integrated_viewer/devel
[1.178s] -- Using CMAKE_PREFIX_PATH: /home/yeap/APC_2022_Prac/airsimversion/autoware.ai/install/autoware_msgs;/home/yeap/APC_2022_Prac/airsimversion/autoware.ai/install/autoware_build_flags;/opt/ros/melodic
[1.178s] -- This workspace overlays: /home/yeap/APC_2022_Prac/airsimversion/autoware.ai/install/autoware_msgs;/home/yeap/APC_2022_Prac/airsimversion/autoware.ai/install/autoware_build_flags;/opt/ros/melodic
[1.194s] -- Found PythonInterp: /usr/bin/python2 (found suitable version "2.7.17", minimum required is "2") 
[1.195s] -- Using PYTHON_EXECUTABLE: /usr/bin/python2
[1.195s] -- Using Debian Python package layout
[1.196s] -- Using empy: /usr/bin/empy
[1.376s] -- Using CATKIN_ENABLE_TESTING: ON
[1.376s] -- Call enable_testing()
[1.379s] -- Using CATKIN_TEST_RESULTS_DIR: /home/yeap/APC_2022_Prac/airsimversion/autoware.ai/build/integrated_viewer/test_results
[1.404s] -- Found gtest sources under '/usr/src/googletest': gtests will be built
[1.404s] -- Found gmock sources under '/usr/src/googletest': gmock will be built
[1.421s] -- Found PythonInterp: /usr/bin/python2 (found version "2.7.17") 
[1.423s] -- Looking for pthread.h
[1.502s] -- Looking for pthread.h - found
[1.503s] -- Looking for pthread_create
[1.582s] -- Looking for pthread_create - not found
[1.583s] -- Looking for pthread_create in pthreads
[1.650s] -- Looking for pthread_create in pthreads - not found
[1.651s] -- Looking for pthread_create in pthread
[1.726s] -- Looking for pthread_create in pthread - found
[1.729s] -- Found Threads: TRUE  
[1.732s] -- Using Python nosetests: /usr/bin/nosetests-2.7
[1.783s] -- catkin 0.7.29
[1.783s] -- BUILD_SHARED_LIBS is on
[1.952s] -- Using these message generators: gencpp;geneus;genlisp;gennodejs;genpy
[2.493s] -- Configuring done
[2.540s] -- Generating done
[2.553s] -- Build files have been written to: /home/yeap/APC_2022_Prac/airsimversion/autoware.ai/build/integrated_viewer
[2.563s] Invoked command in '/home/yeap/APC_2022_Prac/airsimversion/autoware.ai/build/integrated_viewer' returned '0': CMAKE_PREFIX_PATH=/home/yeap/APC_2022_Prac/airsimversion/autoware.ai/install/autoware_msgs:/home/yeap/APC_2022_Prac/airsimversion/autoware.ai/install/autoware_build_flags:${CMAKE_PREFIX_PATH} PKG_CONFIG_PATH=/home/yeap/APC_2022_Prac/airsimversion/autoware.ai/install/autoware_msgs/lib/x86_64-linux-gnu/pkgconfig:/home/yeap/APC_2022_Prac/airsimversion/autoware.ai/install/autoware_msgs/lib/pkgconfig:/home/yeap/APC_2022_Prac/airsimversion/autoware.ai/install/autoware_build_flags/lib/x86_64-linux-gnu/pkgconfig:/home/yeap/APC_2022_Prac/airsimversion/autoware.ai/install/autoware_build_flags/lib/pkgconfig:${PKG_CONFIG_PATH} PYTHONPATH=/home/yeap/APC_2022_Prac/airsimversion/autoware.ai/install/autoware_msgs/lib/python2.7/dist-packages:${PYTHONPATH} ROS_PACKAGE_PATH=/home/yeap/APC_2022_Prac/airsimversion/autoware.ai/install/autoware_msgs/share:/home/yeap/APC_2022_Prac/airsimversion/autoware.ai/install/autoware_build_flags/share:${ROS_PACKAGE_PATH} /usr/bin/cmake /home/yeap/APC_2022_Prac/airsimversion/autoware.ai/src/autoware/visualization/integrated_viewer -DCMAKE_BUILD_TYPE=Release -DCATKIN_INSTALL_INTO_PREFIX_ROOT=0 -DCMAKE_INSTALL_PREFIX=/home/yeap/APC_2022_Prac/airsimversion/autoware.ai/install/integrated_viewer
[2.565s] Invoking command in '/home/yeap/APC_2022_Prac/airsimversion/autoware.ai/build/integrated_viewer': CMAKE_PREFIX_PATH=/home/yeap/APC_2022_Prac/airsimversion/autoware.ai/install/autoware_msgs:/home/yeap/APC_2022_Prac/airsimversion/autoware.ai/install/autoware_build_flags:${CMAKE_PREFIX_PATH} PKG_CONFIG_PATH=/home/yeap/APC_2022_Prac/airsimversion/autoware.ai/install/autoware_msgs/lib/x86_64-linux-gnu/pkgconfig:/home/yeap/APC_2022_Prac/airsimversion/autoware.ai/install/autoware_msgs/lib/pkgconfig:/home/yeap/APC_2022_Prac/airsimversion/autoware.ai/install/autoware_build_flags/lib/x86_64-linux-gnu/pkgconfig:/home/yeap/APC_2022_Prac/airsimversion/autoware.ai/install/autoware_build_flags/lib/pkgconfig:${PKG_CONFIG_PATH} PYTHONPATH=/home/yeap/APC_2022_Prac/airsimversion/autoware.ai/install/autoware_msgs/lib/python2.7/dist-packages:${PYTHONPATH} ROS_PACKAGE_PATH=/home/yeap/APC_2022_Prac/airsimversion/autoware.ai/install/autoware_msgs/share:/home/yeap/APC_2022_Prac/airsimversion/autoware.ai/install/autoware_build_flags/share:${ROS_PACKAGE_PATH} /usr/bin/cmake --build /home/yeap/APC_2022_Prac/airsimversion/autoware.ai/build/integrated_viewer -- -j6 -l6
[2.612s] [35m[1mScanning dependencies of target visualization_msgs_generate_messages_eus[0m
[2.624s] [  0%] Built target visualization_msgs_generate_messages_eus
[2.634s] [35m[1mScanning dependencies of target map_msgs_generate_messages_lisp[0m
[2.650s] [  0%] Built target map_msgs_generate_messages_lisp
[2.659s] [35m[1mScanning dependencies of target map_msgs_generate_messages_eus[0m
[2.673s] [  0%] Built target map_msgs_generate_messages_eus
[2.685s] [35m[1mScanning dependencies of target visualization_msgs_generate_messages_py[0m
[2.699s] [  0%] Built target visualization_msgs_generate_messages_py
[2.717s] [35m[1mScanning dependencies of target visualization_msgs_generate_messages_nodejs[0m
[2.731s] [  0%] Built target visualization_msgs_generate_messages_nodejs
[2.744s] [35m[1mScanning dependencies of target geometry_msgs_generate_messages_py[0m
[2.758s] [  0%] Built target geometry_msgs_generate_messages_py
[2.775s] [35m[1mScanning dependencies of target sensor_msgs_generate_messages_nodejs[0m
[2.790s] [  0%] Built target sensor_msgs_generate_messages_nodejs
[2.803s] [35m[1mScanning dependencies of target roscpp_generate_messages_cpp[0m
[2.816s] [  0%] Built target roscpp_generate_messages_cpp
[2.828s] [35m[1mScanning dependencies of target actionlib_generate_messages_cpp[0m
[2.844s] [  0%] Built target actionlib_generate_messages_cpp
[2.857s] [35m[1mScanning dependencies of target pcl_msgs_generate_messages_eus[0m
[2.869s] [  0%] Built target pcl_msgs_generate_messages_eus
[2.882s] [35m[1mScanning dependencies of target rosgraph_msgs_generate_messages_eus[0m
[2.897s] [  0%] Built target rosgraph_msgs_generate_messages_eus
[2.909s] [35m[1mScanning dependencies of target jsk_recognition_msgs_generate_messages_lisp[0m
[2.922s] [  0%] Built target jsk_recognition_msgs_generate_messages_lisp
[2.934s] [35m[1mScanning dependencies of target jsk_recognition_msgs_generate_messages_eus[0m
[2.946s] [  0%] Built target jsk_recognition_msgs_generate_messages_eus
[2.963s] [35m[1mScanning dependencies of target tf2_msgs_generate_messages_cpp[0m
[2.976s] [  0%] Built target tf2_msgs_generate_messages_cpp
[2.986s] [35m[1mScanning dependencies of target std_msgs_generate_messages_py[0m
[2.998s] [  0%] Built target std_msgs_generate_messages_py
[3.009s] [35m[1mScanning dependencies of target autoware_msgs_generate_messages_py[0m
[3.021s] [  0%] Built target autoware_msgs_generate_messages_py
[3.033s] [35m[1mScanning dependencies of target std_msgs_generate_messages_nodejs[0m
[3.043s] [  0%] Built target std_msgs_generate_messages_nodejs
[3.054s] [35m[1mScanning dependencies of target sensor_msgs_generate_messages_eus[0m
[3.065s] [  0%] Built target sensor_msgs_generate_messages_eus
[3.076s] [35m[1mScanning dependencies of target std_srvs_generate_messages_lisp[0m
[3.088s] [  0%] Built target std_srvs_generate_messages_lisp
[3.102s] [35m[1mScanning dependencies of target _catkin_empty_exported_target[0m
[3.113s] [  0%] Built target _catkin_empty_exported_target
[3.126s] [35m[1mScanning dependencies of target sensor_msgs_generate_messages_cpp[0m
[3.137s] [  0%] Built target sensor_msgs_generate_messages_cpp
[3.148s] [35m[1mScanning dependencies of target autoware_msgs_generate_messages_cpp[0m
[3.161s] [  0%] Built target autoware_msgs_generate_messages_cpp
[3.171s] [35m[1mScanning dependencies of target rosgraph_msgs_generate_messages_cpp[0m
[3.184s] [  0%] Built target rosgraph_msgs_generate_messages_cpp
[3.194s] [35m[1mScanning dependencies of target nav_msgs_generate_messages_lisp[0m
[3.208s] [  0%] Built target nav_msgs_generate_messages_lisp
[3.221s] [35m[1mScanning dependencies of target pcl_msgs_generate_messages_nodejs[0m
[3.233s] [  0%] Built target pcl_msgs_generate_messages_nodejs
[3.244s] [35m[1mScanning dependencies of target jsk_recognition_msgs_generate_messages_py[0m
[3.255s] [  0%] Built target jsk_recognition_msgs_generate_messages_py
[3.266s] [35m[1mScanning dependencies of target std_srvs_generate_messages_cpp[0m
[3.277s] [  0%] Built target std_srvs_generate_messages_cpp
[3.288s] [35m[1mScanning dependencies of target nav_msgs_generate_messages_cpp[0m
[3.299s] [  0%] Built target nav_msgs_generate_messages_cpp
[3.310s] [35m[1mScanning dependencies of target sensor_msgs_generate_messages_lisp[0m
[3.322s] [  0%] Built target sensor_msgs_generate_messages_lisp
[3.334s] [35m[1mScanning dependencies of target sensor_msgs_generate_messages_py[0m
[3.345s] [  0%] Built target sensor_msgs_generate_messages_py
[3.356s] [35m[1mScanning dependencies of target tf_generate_messages_py[0m
[3.368s] [  0%] Built target tf_generate_messages_py
[3.379s] [35m[1mScanning dependencies of target std_msgs_generate_messages_cpp[0m
[3.391s] [  0%] Built target std_msgs_generate_messages_cpp
[3.403s] [35m[1mScanning dependencies of target jsk_footstep_msgs_generate_messages_py[0m
[3.414s] [  0%] Built target jsk_footstep_msgs_generate_messages_py
[3.426s] [35m[1mScanning dependencies of target map_msgs_generate_messages_nodejs[0m
[3.440s] [  0%] Built target map_msgs_generate_messages_nodejs
[3.452s] [35m[1mScanning dependencies of target actionlib_msgs_generate_messages_nodejs[0m
[3.464s] [  0%] Built target actionlib_msgs_generate_messages_nodejs
[3.475s] [35m[1mScanning dependencies of target geometry_msgs_generate_messages_eus[0m
[3.487s] [  0%] Built target geometry_msgs_generate_messages_eus
[3.499s] [35m[1mScanning dependencies of target std_msgs_generate_messages_lisp[0m
[3.511s] [  0%] Built target std_msgs_generate_messages_lisp
[3.531s] [35m[1mScanning dependencies of target roscpp_generate_messages_nodejs[0m
[3.543s] [  0%] Built target roscpp_generate_messages_nodejs
[3.556s] [35m[1mScanning dependencies of target geometry_msgs_generate_messages_nodejs[0m
[3.567s] [  0%] Built target geometry_msgs_generate_messages_nodejs
[3.578s] [35m[1mScanning dependencies of target geometry_msgs_generate_messages_lisp[0m
[3.589s] [  0%] Built target geometry_msgs_generate_messages_lisp
[3.600s] [35m[1mScanning dependencies of target pcl_msgs_generate_messages_cpp[0m
[3.611s] [  0%] Built target pcl_msgs_generate_messages_cpp
[3.625s] [35m[1mScanning dependencies of target jsk_recognition_msgs_generate_messages_cpp[0m
[3.640s] [  0%] Built target jsk_recognition_msgs_generate_messages_cpp
[3.657s] [35m[1mScanning dependencies of target autoware_msgs_generate_messages_eus[0m
[3.668s] [  0%] Built target autoware_msgs_generate_messages_eus
[3.681s] [35m[1mScanning dependencies of target autoware_msgs_generate_messages_lisp[0m
[3.692s] [  0%] Built target autoware_msgs_generate_messages_lisp
[3.703s] [35m[1mScanning dependencies of target rviz_generate_messages_cpp[0m
[3.717s] [  0%] Built target rviz_generate_messages_cpp
[3.741s] [35m[1mScanning dependencies of target visualization_msgs_generate_messages_lisp[0m
[3.752s] [  0%] Built target visualization_msgs_generate_messages_lisp
[3.763s] [35m[1mScanning dependencies of target std_msgs_generate_messages_eus[0m
[3.777s] [  0%] Built target std_msgs_generate_messages_eus
[3.788s] [35m[1mScanning dependencies of target rviz_generate_messages_nodejs[0m
[3.799s] [  0%] Built target rviz_generate_messages_nodejs
[3.810s] [35m[1mScanning dependencies of target autoware_msgs_generate_messages_nodejs[0m
[3.821s] [  0%] Built target autoware_msgs_generate_messages_nodejs
[3.832s] [35m[1mScanning dependencies of target jsk_footstep_msgs_generate_messages_eus[0m
[3.844s] [  0%] Built target jsk_footstep_msgs_generate_messages_eus
[3.855s] [35m[1mScanning dependencies of target actionlib_msgs_generate_messages_py[0m
[3.867s] [  0%] Built target actionlib_msgs_generate_messages_py
[3.878s] [35m[1mScanning dependencies of target jsk_footstep_msgs_generate_messages_lisp[0m
[3.889s] [  0%] Built target jsk_footstep_msgs_generate_messages_lisp
[3.901s] [35m[1mScanning dependencies of target jsk_footstep_msgs_generate_messages_nodejs[0m
[3.911s] [  0%] Built target jsk_footstep_msgs_generate_messages_nodejs
[3.924s] [35m[1mScanning dependencies of target actionlib_msgs_generate_messages_lisp[0m
[3.936s] [  0%] Built target actionlib_msgs_generate_messages_lisp
[3.948s] [35m[1mScanning dependencies of target std_srvs_generate_messages_eus[0m
[3.960s] [  0%] Built target std_srvs_generate_messages_eus
[3.971s] [35m[1mScanning dependencies of target jsk_recognition_msgs_generate_messages_nodejs[0m
[3.983s] [  0%] Built target jsk_recognition_msgs_generate_messages_nodejs
[3.994s] [35m[1mScanning dependencies of target roscpp_generate_messages_lisp[0m
[4.006s] [  0%] Built target roscpp_generate_messages_lisp
[4.018s] [35m[1mScanning dependencies of target roscpp_generate_messages_py[0m
[4.035s] [  0%] Built target roscpp_generate_messages_py
[4.046s] [35m[1mScanning dependencies of target rosgraph_msgs_generate_messages_lisp[0m
[4.058s] [  0%] Built target rosgraph_msgs_generate_messages_lisp
[4.071s] [35m[1mScanning dependencies of target rosgraph_msgs_generate_messages_nodejs[0m
[4.083s] [  0%] Built target rosgraph_msgs_generate_messages_nodejs
[4.095s] [35m[1mScanning dependencies of target roscpp_generate_messages_eus[0m
[4.107s] [  0%] Built target roscpp_generate_messages_eus
[4.127s] [35m[1mScanning dependencies of target actionlib_msgs_generate_messages_eus[0m
[4.136s] [  0%] Built target actionlib_msgs_generate_messages_eus
[4.148s] [35m[1mScanning dependencies of target rosgraph_msgs_generate_messages_py[0m
[4.160s] [  0%] Built target rosgraph_msgs_generate_messages_py
[4.172s] [35m[1mScanning dependencies of target rviz_generate_messages_eus[0m
[4.183s] [  0%] Built target rviz_generate_messages_eus
[4.195s] [35m[1mScanning dependencies of target geometry_msgs_generate_messages_cpp[0m
[4.208s] [  0%] Built target geometry_msgs_generate_messages_cpp
[4.219s] [35m[1mScanning dependencies of target actionlib_generate_messages_lisp[0m
[4.230s] [  0%] Built target actionlib_generate_messages_lisp
[4.242s] [35m[1mScanning dependencies of target rviz_generate_messages_lisp[0m
[4.253s] [  0%] Built target rviz_generate_messages_lisp
[4.264s] [35m[1mScanning dependencies of target rviz_generate_messages_py[0m
[4.276s] [  0%] Built target rviz_generate_messages_py
[4.288s] [35m[1mScanning dependencies of target tf2_msgs_generate_messages_nodejs[0m
[4.300s] [  0%] Built target tf2_msgs_generate_messages_nodejs
[4.312s] [35m[1mScanning dependencies of target jsk_footstep_msgs_generate_messages_cpp[0m
[4.324s] [  0%] Built target jsk_footstep_msgs_generate_messages_cpp
[4.335s] [35m[1mScanning dependencies of target actionlib_msgs_generate_messages_cpp[0m
[4.347s] [  0%] Built target actionlib_msgs_generate_messages_cpp
[4.359s] [35m[1mScanning dependencies of target tf_generate_messages_eus[0m
[4.370s] [  0%] Built target tf_generate_messages_eus
[4.382s] [35m[1mScanning dependencies of target tf_generate_messages_lisp[0m
[4.393s] [  0%] Built target tf_generate_messages_lisp
[4.404s] [35m[1mScanning dependencies of target tf_generate_messages_nodejs[0m
[4.416s] [  0%] Built target tf_generate_messages_nodejs
[4.427s] [35m[1mScanning dependencies of target pcl_msgs_generate_messages_py[0m
[4.438s] [  0%] Built target pcl_msgs_generate_messages_py
[4.453s] [35m[1mScanning dependencies of target actionlib_generate_messages_eus[0m
[4.465s] [  0%] Built target actionlib_generate_messages_eus
[4.476s] [35m[1mScanning dependencies of target pcl_msgs_generate_messages_lisp[0m
[4.488s] [  0%] Built target pcl_msgs_generate_messages_lisp
[4.499s] [35m[1mScanning dependencies of target tf_generate_messages_cpp[0m
[4.510s] [  0%] Built target tf_generate_messages_cpp
[4.522s] [35m[1mScanning dependencies of target actionlib_generate_messages_nodejs[0m
[4.533s] [  0%] Built target actionlib_generate_messages_nodejs
[4.544s] [35m[1mScanning dependencies of target nav_msgs_generate_messages_py[0m
[4.556s] [  0%] Built target nav_msgs_generate_messages_py
[4.567s] [35m[1mScanning dependencies of target tf2_msgs_generate_messages_lisp[0m
[4.579s] [  0%] Built target tf2_msgs_generate_messages_lisp
[4.590s] [35m[1mScanning dependencies of target map_msgs_generate_messages_cpp[0m
[4.601s] [  0%] Built target map_msgs_generate_messages_cpp
[4.613s] [35m[1mScanning dependencies of target actionlib_generate_messages_py[0m
[4.624s] [  0%] Built target actionlib_generate_messages_py
[4.635s] [35m[1mScanning dependencies of target tf2_msgs_generate_messages_py[0m
[4.647s] [  0%] Built target tf2_msgs_generate_messages_py
[4.658s] [35m[1mScanning dependencies of target nav_msgs_generate_messages_eus[0m
[4.669s] [  0%] Built target nav_msgs_generate_messages_eus
[4.680s] [35m[1mScanning dependencies of target tf2_msgs_generate_messages_eus[0m
[4.691s] [  0%] Built target tf2_msgs_generate_messages_eus
[4.703s] [35m[1mScanning dependencies of target visualization_msgs_generate_messages_cpp[0m
[4.714s] [  0%] Built target visualization_msgs_generate_messages_cpp
[4.725s] [35m[1mScanning dependencies of target map_msgs_generate_messages_py[0m
[4.736s] [  0%] Built target map_msgs_generate_messages_py
[4.747s] [35m[1mScanning dependencies of target nav_msgs_generate_messages_nodejs[0m
[4.758s] [  0%] Built target nav_msgs_generate_messages_nodejs
[4.769s] [35m[1mScanning dependencies of target std_srvs_generate_messages_nodejs[0m
[4.781s] [  0%] Built target std_srvs_generate_messages_nodejs
[4.792s] [35m[1mScanning dependencies of target std_srvs_generate_messages_py[0m
[4.804s] [  0%] Built target std_srvs_generate_messages_py
[4.816s] [  6%] [34m[1mGenerating ui_data_rate_checker_form.h[0m
[4.837s] [ 12%] [34m[1mGenerating ui_image_viewer_form.h[0m
[4.856s] [ 18%] [34m[1mGenerating ui_form.h[0m
[4.872s] [ 25%] [34m[1mGenerating node/data_rate_checker_plugin/moc_data_rate_checker_plugin.cpp[0m
[4.885s] [ 31%] [34m[1mGenerating node/image_viewer_plugin/moc_image_viewer_plugin.cpp[0m
[4.902s] [ 37%] [34m[1mGenerating node/traffic_light_plugin/moc_traffic_light_plugin.cpp[0m
[4.915s] [35m[1mScanning dependencies of target integrated_viewer[0m
[4.997s] [ 43%] [32mBuilding CXX object CMakeFiles/integrated_viewer.dir/node/traffic_light_plugin/traffic_light_plugin.cpp.o[0m
[8.670s] [ 50%] [32mBuilding CXX object CMakeFiles/integrated_viewer.dir/node/data_rate_checker_plugin/data_rate_checker_plugin.cpp.o[0m
[12.539s] [ 56%] [32mBuilding CXX object CMakeFiles/integrated_viewer.dir/node/traffic_light_plugin/moc_traffic_light_plugin.cpp.o[0m
[14.965s] [ 62%] [32mBuilding CXX object CMakeFiles/integrated_viewer.dir/node/image_viewer_plugin/moc_image_viewer_plugin.cpp.o[0m
[17.638s] [ 68%] [32mBuilding CXX object CMakeFiles/integrated_viewer.dir/node/data_rate_checker_plugin/moc_data_rate_checker_plugin.cpp.o[0m
[20.121s] [ 75%] [32mBuilding CXX object CMakeFiles/integrated_viewer.dir/node/image_viewer_plugin/draw_lane.cpp.o[0m
[21.198s] [ 81%] [32mBuilding CXX object CMakeFiles/integrated_viewer.dir/node/image_viewer_plugin/draw_points.cpp.o[0m
[22.991s] [ 87%] [32mBuilding CXX object CMakeFiles/integrated_viewer.dir/node/image_viewer_plugin/draw_rects.cpp.o[0m
[25.257s] [ 93%] [32mBuilding CXX object CMakeFiles/integrated_viewer.dir/node/image_viewer_plugin/image_viewer_plugin.cpp.o[0m
[30.845s] [100%] [32m[1mLinking CXX shared library devel/lib/libintegrated_viewer.so[0m
[31.764s] [100%] Built target integrated_viewer
[31.781s] Invoked command in '/home/yeap/APC_2022_Prac/airsimversion/autoware.ai/build/integrated_viewer' returned '0': CMAKE_PREFIX_PATH=/home/yeap/APC_2022_Prac/airsimversion/autoware.ai/install/autoware_msgs:/home/yeap/APC_2022_Prac/airsimversion/autoware.ai/install/autoware_build_flags:${CMAKE_PREFIX_PATH} PKG_CONFIG_PATH=/home/yeap/APC_2022_Prac/airsimversion/autoware.ai/install/autoware_msgs/lib/x86_64-linux-gnu/pkgconfig:/home/yeap/APC_2022_Prac/airsimversion/autoware.ai/install/autoware_msgs/lib/pkgconfig:/home/yeap/APC_2022_Prac/airsimversion/autoware.ai/install/autoware_build_flags/lib/x86_64-linux-gnu/pkgconfig:/home/yeap/APC_2022_Prac/airsimversion/autoware.ai/install/autoware_build_flags/lib/pkgconfig:${PKG_CONFIG_PATH} PYTHONPATH=/home/yeap/APC_2022_Prac/airsimversion/autoware.ai/install/autoware_msgs/lib/python2.7/dist-packages:${PYTHONPATH} ROS_PACKAGE_PATH=/home/yeap/APC_2022_Prac/airsimversion/autoware.ai/install/autoware_msgs/share:/home/yeap/APC_2022_Prac/airsimversion/autoware.ai/install/autoware_build_flags/share:${ROS_PACKAGE_PATH} /usr/bin/cmake --build /home/yeap/APC_2022_Prac/airsimversion/autoware.ai/build/integrated_viewer -- -j6 -l6
[31.900s] Invoking command in '/home/yeap/APC_2022_Prac/airsimversion/autoware.ai/build/integrated_viewer': CMAKE_PREFIX_PATH=/home/yeap/APC_2022_Prac/airsimversion/autoware.ai/install/autoware_msgs:/home/yeap/APC_2022_Prac/airsimversion/autoware.ai/install/autoware_build_flags:${CMAKE_PREFIX_PATH} PKG_CONFIG_PATH=/home/yeap/APC_2022_Prac/airsimversion/autoware.ai/install/autoware_msgs/lib/x86_64-linux-gnu/pkgconfig:/home/yeap/APC_2022_Prac/airsimversion/autoware.ai/install/autoware_msgs/lib/pkgconfig:/home/yeap/APC_2022_Prac/airsimversion/autoware.ai/install/autoware_build_flags/lib/x86_64-linux-gnu/pkgconfig:/home/yeap/APC_2022_Prac/airsimversion/autoware.ai/install/autoware_build_flags/lib/pkgconfig:${PKG_CONFIG_PATH} PYTHONPATH=/home/yeap/APC_2022_Prac/airsimversion/autoware.ai/install/autoware_msgs/lib/python2.7/dist-packages:${PYTHONPATH} ROS_PACKAGE_PATH=/home/yeap/APC_2022_Prac/airsimversion/autoware.ai/install/autoware_msgs/share:/home/yeap/APC_2022_Prac/airsimversion/autoware.ai/install/autoware_build_flags/share:${ROS_PACKAGE_PATH} /usr/bin/cmake --build /home/yeap/APC_2022_Prac/airsimversion/autoware.ai/build/integrated_viewer --target tests -- -j6 -l6
[31.966s] [35m[1mScanning dependencies of target tests[0m
[31.977s] Built target tests
[31.992s] Invoked command in '/home/yeap/APC_2022_Prac/airsimversion/autoware.ai/build/integrated_viewer' returned '0': CMAKE_PREFIX_PATH=/home/yeap/APC_2022_Prac/airsimversion/autoware.ai/install/autoware_msgs:/home/yeap/APC_2022_Prac/airsimversion/autoware.ai/install/autoware_build_flags:${CMAKE_PREFIX_PATH} PKG_CONFIG_PATH=/home/yeap/APC_2022_Prac/airsimversion/autoware.ai/install/autoware_msgs/lib/x86_64-linux-gnu/pkgconfig:/home/yeap/APC_2022_Prac/airsimversion/autoware.ai/install/autoware_msgs/lib/pkgconfig:/home/yeap/APC_2022_Prac/airsimversion/autoware.ai/install/autoware_build_flags/lib/x86_64-linux-gnu/pkgconfig:/home/yeap/APC_2022_Prac/airsimversion/autoware.ai/install/autoware_build_flags/lib/pkgconfig:${PKG_CONFIG_PATH} PYTHONPATH=/home/yeap/APC_2022_Prac/airsimversion/autoware.ai/install/autoware_msgs/lib/python2.7/dist-packages:${PYTHONPATH} ROS_PACKAGE_PATH=/home/yeap/APC_2022_Prac/airsimversion/autoware.ai/install/autoware_msgs/share:/home/yeap/APC_2022_Prac/airsimversion/autoware.ai/install/autoware_build_flags/share:${ROS_PACKAGE_PATH} /usr/bin/cmake --build /home/yeap/APC_2022_Prac/airsimversion/autoware.ai/build/integrated_viewer --target tests -- -j6 -l6
[32.120s] Invoking command in '/home/yeap/APC_2022_Prac/airsimversion/autoware.ai/build/integrated_viewer': CMAKE_PREFIX_PATH=/home/yeap/APC_2022_Prac/airsimversion/autoware.ai/install/autoware_msgs:/home/yeap/APC_2022_Prac/airsimversion/autoware.ai/install/autoware_build_flags:${CMAKE_PREFIX_PATH} PKG_CONFIG_PATH=/home/yeap/APC_2022_Prac/airsimversion/autoware.ai/install/autoware_msgs/lib/x86_64-linux-gnu/pkgconfig:/home/yeap/APC_2022_Prac/airsimversion/autoware.ai/install/autoware_msgs/lib/pkgconfig:/home/yeap/APC_2022_Prac/airsimversion/autoware.ai/install/autoware_build_flags/lib/x86_64-linux-gnu/pkgconfig:/home/yeap/APC_2022_Prac/airsimversion/autoware.ai/install/autoware_build_flags/lib/pkgconfig:${PKG_CONFIG_PATH} PYTHONPATH=/home/yeap/APC_2022_Prac/airsimversion/autoware.ai/install/autoware_msgs/lib/python2.7/dist-packages:${PYTHONPATH} ROS_PACKAGE_PATH=/home/yeap/APC_2022_Prac/airsimversion/autoware.ai/install/autoware_msgs/share:/home/yeap/APC_2022_Prac/airsimversion/autoware.ai/install/autoware_build_flags/share:${ROS_PACKAGE_PATH} /usr/bin/cmake --build /home/yeap/APC_2022_Prac/airsimversion/autoware.ai/build/integrated_viewer --target install -- -j6 -l6
[32.181s] [  0%] Built target visualization_msgs_generate_messages_eus
[32.204s] [  0%] Built target map_msgs_generate_messages_lisp
[32.227s] [  0%] Built target map_msgs_generate_messages_eus
[32.249s] [  0%] Built target visualization_msgs_generate_messages_py
[32.271s] [  0%] Built target visualization_msgs_generate_messages_nodejs
[32.294s] [  0%] Built target geometry_msgs_generate_messages_py
[32.317s] [  0%] Built target sensor_msgs_generate_messages_nodejs
[32.339s] [  0%] Built target roscpp_generate_messages_cpp
[32.361s] [  0%] Built target actionlib_generate_messages_cpp
[32.382s] [  0%] Built target pcl_msgs_generate_messages_eus
[32.405s] [  0%] Built target rosgraph_msgs_generate_messages_eus
[32.429s] [  0%] Built target jsk_recognition_msgs_generate_messages_lisp
[32.450s] [  0%] Built target jsk_recognition_msgs_generate_messages_eus
[32.472s] [  0%] Built target tf2_msgs_generate_messages_cpp
[32.493s] [  0%] Built target std_msgs_generate_messages_py
[32.514s] [  0%] Built target autoware_msgs_generate_messages_py
[32.535s] [  0%] Built target std_msgs_generate_messages_nodejs
[32.557s] [  0%] Built target sensor_msgs_generate_messages_eus
[32.579s] [  0%] Built target std_srvs_generate_messages_lisp
[32.602s] [  0%] Built target _catkin_empty_exported_target
[32.625s] [  0%] Built target sensor_msgs_generate_messages_cpp
[32.647s] [  0%] Built target autoware_msgs_generate_messages_cpp
[32.669s] [  0%] Built target rosgraph_msgs_generate_messages_cpp
[32.691s] [  0%] Built target nav_msgs_generate_messages_lisp
[32.714s] [  0%] Built target pcl_msgs_generate_messages_nodejs
[32.737s] [  0%] Built target jsk_recognition_msgs_generate_messages_py
[32.760s] [  0%] Built target std_srvs_generate_messages_cpp
[32.782s] [  0%] Built target nav_msgs_generate_messages_cpp
[32.805s] [  0%] Built target sensor_msgs_generate_messages_lisp
[32.827s] [  0%] Built target sensor_msgs_generate_messages_py
[32.850s] [  0%] Built target tf_generate_messages_py
[32.872s] [  0%] Built target std_msgs_generate_messages_cpp
[32.895s] [  0%] Built target jsk_footstep_msgs_generate_messages_py
[32.918s] [  0%] Built target map_msgs_generate_messages_nodejs
[32.940s] [  0%] Built target actionlib_msgs_generate_messages_nodejs
[32.962s] [  0%] Built target geometry_msgs_generate_messages_eus
[32.984s] [  0%] Built target std_msgs_generate_messages_lisp
[33.007s] [  0%] Built target roscpp_generate_messages_nodejs
[33.029s] [  0%] Built target geometry_msgs_generate_messages_nodejs
[33.051s] [  0%] Built target geometry_msgs_generate_messages_lisp
[33.074s] [  0%] Built target pcl_msgs_generate_messages_cpp
[33.098s] [  0%] Built target jsk_recognition_msgs_generate_messages_cpp
[33.121s] [  0%] Built target autoware_msgs_generate_messages_eus
[33.149s] [  0%] Built target autoware_msgs_generate_messages_lisp
[33.172s] [  0%] Built target rviz_generate_messages_cpp
[33.194s] [  0%] Built target visualization_msgs_generate_messages_lisp
[33.218s] [  0%] Built target std_msgs_generate_messages_eus
[33.243s] [  0%] Built target rviz_generate_messages_nodejs
[33.266s] [  0%] Built target autoware_msgs_generate_messages_nodejs
[33.289s] [  0%] Built target jsk_footstep_msgs_generate_messages_eus
[33.312s] [  0%] Built target actionlib_msgs_generate_messages_py
[33.337s] [  0%] Built target jsk_footstep_msgs_generate_messages_lisp
[33.361s] [  0%] Built target jsk_footstep_msgs_generate_messages_nodejs
[33.385s] [  0%] Built target actionlib_msgs_generate_messages_lisp
[33.408s] [  0%] Built target std_srvs_generate_messages_eus
[33.433s] [  0%] Built target jsk_recognition_msgs_generate_messages_nodejs
[33.457s] [  0%] Built target roscpp_generate_messages_lisp
[33.481s] [  0%] Built target roscpp_generate_messages_py
[33.504s] [  0%] Built target rosgraph_msgs_generate_messages_lisp
[33.529s] [  0%] Built target rosgraph_msgs_generate_messages_nodejs
[33.554s] [  0%] Built target roscpp_generate_messages_eus
[33.576s] [  0%] Built target actionlib_msgs_generate_messages_eus
[33.599s] [  0%] Built target rosgraph_msgs_generate_messages_py
[33.622s] [  0%] Built target rviz_generate_messages_eus
[33.647s] [  0%] Built target geometry_msgs_generate_messages_cpp
[33.670s] [  0%] Built target actionlib_generate_messages_lisp
[33.693s] [  0%] Built target rviz_generate_messages_lisp
[33.717s] [  0%] Built target rviz_generate_messages_py
[33.742s] [  0%] Built target tf2_msgs_generate_messages_nodejs
[33.767s] [  0%] Built target jsk_footstep_msgs_generate_messages_cpp
[33.790s] [  0%] Built target actionlib_msgs_generate_messages_cpp
[33.814s] [  0%] Built target tf_generate_messages_eus
[33.839s] [  0%] Built target tf_generate_messages_lisp
[33.862s] [  0%] Built target tf_generate_messages_nodejs
[33.886s] [  0%] Built target pcl_msgs_generate_messages_py
[33.909s] [  0%] Built target actionlib_generate_messages_eus
[33.935s] [  0%] Built target pcl_msgs_generate_messages_lisp
[33.958s] [  0%] Built target tf_generate_messages_cpp
[33.982s] [  0%] Built target actionlib_generate_messages_nodejs
[34.005s] [  0%] Built target nav_msgs_generate_messages_py
[34.029s] [  0%] Built target tf2_msgs_generate_messages_lisp
[34.053s] [  0%] Built target map_msgs_generate_messages_cpp
[34.076s] [  0%] Built target actionlib_generate_messages_py
[34.098s] [  0%] Built target tf2_msgs_generate_messages_py
[34.121s] [  0%] Built target nav_msgs_generate_messages_eus
[34.146s] [  0%] Built target tf2_msgs_generate_messages_eus
[34.169s] [  0%] Built target visualization_msgs_generate_messages_cpp
[34.191s] [  0%] Built target map_msgs_generate_messages_py
[34.214s] [  0%] Built target nav_msgs_generate_messages_nodejs
[34.238s] [  0%] Built target std_srvs_generate_messages_nodejs
[34.261s] [  0%] Built target std_srvs_generate_messages_py
[34.307s] [100%] Built target integrated_viewer
[34.334s] [36mInstall the project...[0m
[34.344s] -- Install configuration: "Release"
[34.345s] -- Installing: /home/yeap/APC_2022_Prac/airsimversion/autoware.ai/install/integrated_viewer/lib/pkgconfig/integrated_viewer.pc
[34.345s] -- Installing: /home/yeap/APC_2022_Prac/airsimversion/autoware.ai/install/integrated_viewer/share/integrated_viewer/cmake/integrated_viewerConfig.cmake
[34.345s] -- Installing: /home/yeap/APC_2022_Prac/airsimversion/autoware.ai/install/integrated_viewer/share/integrated_viewer/cmake/integrated_viewerConfig-version.cmake
[34.345s] -- Installing: /home/yeap/APC_2022_Prac/airsimversion/autoware.ai/install/integrated_viewer/share/integrated_viewer/package.xml
[34.345s] -- Installing: /home/yeap/APC_2022_Prac/airsimversion/autoware.ai/install/integrated_viewer/lib/libintegrated_viewer.so
[34.346s] -- Set runtime path of "/home/yeap/APC_2022_Prac/airsimversion/autoware.ai/install/integrated_viewer/lib/libintegrated_viewer.so" to ""
[34.346s] -- Installing: /home/yeap/APC_2022_Prac/airsimversion/autoware.ai/install/integrated_viewer/share/integrated_viewer/rviz_plugin_description.xml
[34.355s] -- Installing: /home/yeap/APC_2022_Prac/airsimversion/autoware.ai/install/integrated_viewer/share/integrated_viewer/node/image_viewer_plugin/autoware_logo.png
[34.355s] -- Installing: /home/yeap/APC_2022_Prac/airsimversion/autoware.ai/install/integrated_viewer/share/integrated_viewer/node/image_viewer_plugin/car.png
[34.355s] -- Installing: /home/yeap/APC_2022_Prac/airsimversion/autoware.ai/install/integrated_viewer/share/integrated_viewer/node/image_viewer_plugin/pedestrian.png
[34.363s] Invoked command in '/home/yeap/APC_2022_Prac/airsimversion/autoware.ai/build/integrated_viewer' returned '0': CMAKE_PREFIX_PATH=/home/yeap/APC_2022_Prac/airsimversion/autoware.ai/install/autoware_msgs:/home/yeap/APC_2022_Prac/airsimversion/autoware.ai/install/autoware_build_flags:${CMAKE_PREFIX_PATH} PKG_CONFIG_PATH=/home/yeap/APC_2022_Prac/airsimversion/autoware.ai/install/autoware_msgs/lib/x86_64-linux-gnu/pkgconfig:/home/yeap/APC_2022_Prac/airsimversion/autoware.ai/install/autoware_msgs/lib/pkgconfig:/home/yeap/APC_2022_Prac/airsimversion/autoware.ai/install/autoware_build_flags/lib/x86_64-linux-gnu/pkgconfig:/home/yeap/APC_2022_Prac/airsimversion/autoware.ai/install/autoware_build_flags/lib/pkgconfig:${PKG_CONFIG_PATH} PYTHONPATH=/home/yeap/APC_2022_Prac/airsimversion/autoware.ai/install/autoware_msgs/lib/python2.7/dist-packages:${PYTHONPATH} ROS_PACKAGE_PATH=/home/yeap/APC_2022_Prac/airsimversion/autoware.ai/install/autoware_msgs/share:/home/yeap/APC_2022_Prac/airsimversion/autoware.ai/install/autoware_build_flags/share:${ROS_PACKAGE_PATH} /usr/bin/cmake --build /home/yeap/APC_2022_Prac/airsimversion/autoware.ai/build/integrated_viewer --target install -- -j6 -l6
