[0.046s] Invoking command in '/home/yeap/APC_2022_Prac/airsimversion/autoware.ai/build/kitti_launch': CMAKE_PREFIX_PATH=/home/yeap/APC_2022_Prac/airsimversion/autoware.ai/install/kitti_player:/home/yeap/APC_2022_Prac/airsimversion/autoware.ai/install/kitti_box_publisher:/home/yeap/APC_2022_Prac/airsimversion/autoware.ai/install/autoware_msgs:${CMAKE_PREFIX_PATH} PKG_CONFIG_PATH=/home/yeap/APC_2022_Prac/airsimversion/autoware.ai/install/kitti_player/lib/x86_64-linux-gnu/pkgconfig:/home/yeap/APC_2022_Prac/airsimversion/autoware.ai/install/kitti_player/lib/pkgconfig:/home/yeap/APC_2022_Prac/airsimversion/autoware.ai/install/kitti_box_publisher/lib/x86_64-linux-gnu/pkgconfig:/home/yeap/APC_2022_Prac/airsimversion/autoware.ai/install/kitti_box_publisher/lib/pkgconfig:/home/yeap/APC_2022_Prac/airsimversion/autoware.ai/install/autoware_msgs/lib/x86_64-linux-gnu/pkgconfig:/home/yeap/APC_2022_Prac/airsimversion/autoware.ai/install/autoware_msgs/lib/pkgconfig:${PKG_CONFIG_PATH} PYTHONPATH=/home/yeap/APC_2022_Prac/airsimversion/autoware.ai/install/kitti_player/lib/python2.7/dist-packages:/home/yeap/APC_2022_Prac/airsimversion/autoware.ai/install/autoware_msgs/lib/python2.7/dist-packages:${PYTHONPATH} ROS_PACKAGE_PATH=/home/yeap/APC_2022_Prac/airsimversion/autoware.ai/install/kitti_player/share:/home/yeap/APC_2022_Prac/airsimversion/autoware.ai/install/kitti_box_publisher/share:/home/yeap/APC_2022_Prac/airsimversion/autoware.ai/install/autoware_msgs/share:${ROS_PACKAGE_PATH} /usr/bin/cmake /home/yeap/APC_2022_Prac/airsimversion/autoware.ai/src/autoware/utilities/kitti_launch -DCMAKE_BUILD_TYPE=Release -DCATKIN_INSTALL_INTO_PREFIX_ROOT=0 -DCMAKE_INSTALL_PREFIX=/home/yeap/APC_2022_Prac/airsimversion/autoware.ai/install/kitti_launch
[0.130s] -- The C compiler identification is GNU 7.5.0
[0.192s] -- The CXX compiler identification is GNU 7.5.0
[0.197s] -- Check for working C compiler: /usr/bin/cc
[0.272s] -- Check for working C compiler: /usr/bin/cc -- works
[0.273s] -- Detecting C compiler ABI info
[0.350s] -- Detecting C compiler ABI info - done
[0.360s] -- Detecting C compile features
[0.598s] -- Detecting C compile features - done
[0.598s] -- Check for working CXX compiler: /usr/bin/c++
[0.722s] -- Check for working CXX compiler: /usr/bin/c++ -- works
[0.723s] -- Detecting CXX compiler ABI info
[0.816s] -- Detecting CXX compiler ABI info - done
[0.826s] -- Detecting CXX compile features
[1.226s] -- Detecting CXX compile features - done
[1.229s] -- Using CATKIN_DEVEL_PREFIX: /home/yeap/APC_2022_Prac/airsimversion/autoware.ai/build/kitti_launch/devel
[1.230s] -- Using CMAKE_PREFIX_PATH: /home/yeap/APC_2022_Prac/airsimversion/autoware.ai/install/kitti_player;/home/yeap/APC_2022_Prac/airsimversion/autoware.ai/install/kitti_box_publisher;/home/yeap/APC_2022_Prac/airsimversion/autoware.ai/install/autoware_msgs;/opt/ros/melodic
[1.230s] -- This workspace overlays: /home/yeap/APC_2022_Prac/airsimversion/autoware.ai/install/kitti_player;/home/yeap/APC_2022_Prac/airsimversion/autoware.ai/install/kitti_box_publisher;/home/yeap/APC_2022_Prac/airsimversion/autoware.ai/install/autoware_msgs;/opt/ros/melodic
[1.246s] -- Found PythonInterp: /usr/bin/python2 (found suitable version "2.7.17", minimum required is "2") 
[1.247s] -- Using PYTHON_EXECUTABLE: /usr/bin/python2
[1.247s] -- Using Debian Python package layout
[1.248s] -- Using empy: /usr/bin/empy
[1.423s] -- Using CATKIN_ENABLE_TESTING: ON
[1.423s] -- Call enable_testing()
[1.425s] -- Using CATKIN_TEST_RESULTS_DIR: /home/yeap/APC_2022_Prac/airsimversion/autoware.ai/build/kitti_launch/test_results
[1.454s] -- Found gtest sources under '/usr/src/googletest': gtests will be built
[1.454s] -- Found gmock sources under '/usr/src/googletest': gmock will be built
[1.472s] -- Found PythonInterp: /usr/bin/python2 (found version "2.7.17") 
[1.473s] -- Looking for pthread.h
[1.557s] -- Looking for pthread.h - found
[1.557s] -- Looking for pthread_create
[1.647s] -- Looking for pthread_create - not found
[1.647s] -- Looking for pthread_create in pthreads
[1.707s] -- Looking for pthread_create in pthreads - not found
[1.707s] -- Looking for pthread_create in pthread
[1.781s] -- Looking for pthread_create in pthread - found
[1.782s] -- Found Threads: TRUE  
[1.787s] -- Using Python nosetests: /usr/bin/nosetests-2.7
[1.837s] -- catkin 0.7.29
[1.837s] -- BUILD_SHARED_LIBS is on
[2.062s] -- Configuring done
[2.074s] -- Generating done
[2.076s] -- Build files have been written to: /home/yeap/APC_2022_Prac/airsimversion/autoware.ai/build/kitti_launch
[2.085s] Invoked command in '/home/yeap/APC_2022_Prac/airsimversion/autoware.ai/build/kitti_launch' returned '0': CMAKE_PREFIX_PATH=/home/yeap/APC_2022_Prac/airsimversion/autoware.ai/install/kitti_player:/home/yeap/APC_2022_Prac/airsimversion/autoware.ai/install/kitti_box_publisher:/home/yeap/APC_2022_Prac/airsimversion/autoware.ai/install/autoware_msgs:${CMAKE_PREFIX_PATH} PKG_CONFIG_PATH=/home/yeap/APC_2022_Prac/airsimversion/autoware.ai/install/kitti_player/lib/x86_64-linux-gnu/pkgconfig:/home/yeap/APC_2022_Prac/airsimversion/autoware.ai/install/kitti_player/lib/pkgconfig:/home/yeap/APC_2022_Prac/airsimversion/autoware.ai/install/kitti_box_publisher/lib/x86_64-linux-gnu/pkgconfig:/home/yeap/APC_2022_Prac/airsimversion/autoware.ai/install/kitti_box_publisher/lib/pkgconfig:/home/yeap/APC_2022_Prac/airsimversion/autoware.ai/install/autoware_msgs/lib/x86_64-linux-gnu/pkgconfig:/home/yeap/APC_2022_Prac/airsimversion/autoware.ai/install/autoware_msgs/lib/pkgconfig:${PKG_CONFIG_PATH} PYTHONPATH=/home/yeap/APC_2022_Prac/airsimversion/autoware.ai/install/kitti_player/lib/python2.7/dist-packages:/home/yeap/APC_2022_Prac/airsimversion/autoware.ai/install/autoware_msgs/lib/python2.7/dist-packages:${PYTHONPATH} ROS_PACKAGE_PATH=/home/yeap/APC_2022_Prac/airsimversion/autoware.ai/install/kitti_player/share:/home/yeap/APC_2022_Prac/airsimversion/autoware.ai/install/kitti_box_publisher/share:/home/yeap/APC_2022_Prac/airsimversion/autoware.ai/install/autoware_msgs/share:${ROS_PACKAGE_PATH} /usr/bin/cmake /home/yeap/APC_2022_Prac/airsimversion/autoware.ai/src/autoware/utilities/kitti_launch -DCMAKE_BUILD_TYPE=Release -DCATKIN_INSTALL_INTO_PREFIX_ROOT=0 -DCMAKE_INSTALL_PREFIX=/home/yeap/APC_2022_Prac/airsimversion/autoware.ai/install/kitti_launch
[2.086s] Invoking command in '/home/yeap/APC_2022_Prac/airsimversion/autoware.ai/build/kitti_launch': CMAKE_PREFIX_PATH=/home/yeap/APC_2022_Prac/airsimversion/autoware.ai/install/kitti_player:/home/yeap/APC_2022_Prac/airsimversion/autoware.ai/install/kitti_box_publisher:/home/yeap/APC_2022_Prac/airsimversion/autoware.ai/install/autoware_msgs:${CMAKE_PREFIX_PATH} PKG_CONFIG_PATH=/home/yeap/APC_2022_Prac/airsimversion/autoware.ai/install/kitti_player/lib/x86_64-linux-gnu/pkgconfig:/home/yeap/APC_2022_Prac/airsimversion/autoware.ai/install/kitti_player/lib/pkgconfig:/home/yeap/APC_2022_Prac/airsimversion/autoware.ai/install/kitti_box_publisher/lib/x86_64-linux-gnu/pkgconfig:/home/yeap/APC_2022_Prac/airsimversion/autoware.ai/install/kitti_box_publisher/lib/pkgconfig:/home/yeap/APC_2022_Prac/airsimversion/autoware.ai/install/autoware_msgs/lib/x86_64-linux-gnu/pkgconfig:/home/yeap/APC_2022_Prac/airsimversion/autoware.ai/install/autoware_msgs/lib/pkgconfig:${PKG_CONFIG_PATH} PYTHONPATH=/home/yeap/APC_2022_Prac/airsimversion/autoware.ai/install/kitti_player/lib/python2.7/dist-packages:/home/yeap/APC_2022_Prac/airsimversion/autoware.ai/install/autoware_msgs/lib/python2.7/dist-packages:${PYTHONPATH} ROS_PACKAGE_PATH=/home/yeap/APC_2022_Prac/airsimversion/autoware.ai/install/kitti_player/share:/home/yeap/APC_2022_Prac/airsimversion/autoware.ai/install/kitti_box_publisher/share:/home/yeap/APC_2022_Prac/airsimversion/autoware.ai/install/autoware_msgs/share:${ROS_PACKAGE_PATH} /usr/bin/cmake --build /home/yeap/APC_2022_Prac/airsimversion/autoware.ai/build/kitti_launch -- -j6 -l6
[2.145s] Invoked command in '/home/yeap/APC_2022_Prac/airsimversion/autoware.ai/build/kitti_launch' returned '0': CMAKE_PREFIX_PATH=/home/yeap/APC_2022_Prac/airsimversion/autoware.ai/install/kitti_player:/home/yeap/APC_2022_Prac/airsimversion/autoware.ai/install/kitti_box_publisher:/home/yeap/APC_2022_Prac/airsimversion/autoware.ai/install/autoware_msgs:${CMAKE_PREFIX_PATH} PKG_CONFIG_PATH=/home/yeap/APC_2022_Prac/airsimversion/autoware.ai/install/kitti_player/lib/x86_64-linux-gnu/pkgconfig:/home/yeap/APC_2022_Prac/airsimversion/autoware.ai/install/kitti_player/lib/pkgconfig:/home/yeap/APC_2022_Prac/airsimversion/autoware.ai/install/kitti_box_publisher/lib/x86_64-linux-gnu/pkgconfig:/home/yeap/APC_2022_Prac/airsimversion/autoware.ai/install/kitti_box_publisher/lib/pkgconfig:/home/yeap/APC_2022_Prac/airsimversion/autoware.ai/install/autoware_msgs/lib/x86_64-linux-gnu/pkgconfig:/home/yeap/APC_2022_Prac/airsimversion/autoware.ai/install/autoware_msgs/lib/pkgconfig:${PKG_CONFIG_PATH} PYTHONPATH=/home/yeap/APC_2022_Prac/airsimversion/autoware.ai/install/kitti_player/lib/python2.7/dist-packages:/home/yeap/APC_2022_Prac/airsimversion/autoware.ai/install/autoware_msgs/lib/python2.7/dist-packages:${PYTHONPATH} ROS_PACKAGE_PATH=/home/yeap/APC_2022_Prac/airsimversion/autoware.ai/install/kitti_player/share:/home/yeap/APC_2022_Prac/airsimversion/autoware.ai/install/kitti_box_publisher/share:/home/yeap/APC_2022_Prac/airsimversion/autoware.ai/install/autoware_msgs/share:${ROS_PACKAGE_PATH} /usr/bin/cmake --build /home/yeap/APC_2022_Prac/airsimversion/autoware.ai/build/kitti_launch -- -j6 -l6
[2.179s] Invoking command in '/home/yeap/APC_2022_Prac/airsimversion/autoware.ai/build/kitti_launch': CMAKE_PREFIX_PATH=/home/yeap/APC_2022_Prac/airsimversion/autoware.ai/install/kitti_player:/home/yeap/APC_2022_Prac/airsimversion/autoware.ai/install/kitti_box_publisher:/home/yeap/APC_2022_Prac/airsimversion/autoware.ai/install/autoware_msgs:${CMAKE_PREFIX_PATH} PKG_CONFIG_PATH=/home/yeap/APC_2022_Prac/airsimversion/autoware.ai/install/kitti_player/lib/x86_64-linux-gnu/pkgconfig:/home/yeap/APC_2022_Prac/airsimversion/autoware.ai/install/kitti_player/lib/pkgconfig:/home/yeap/APC_2022_Prac/airsimversion/autoware.ai/install/kitti_box_publisher/lib/x86_64-linux-gnu/pkgconfig:/home/yeap/APC_2022_Prac/airsimversion/autoware.ai/install/kitti_box_publisher/lib/pkgconfig:/home/yeap/APC_2022_Prac/airsimversion/autoware.ai/install/autoware_msgs/lib/x86_64-linux-gnu/pkgconfig:/home/yeap/APC_2022_Prac/airsimversion/autoware.ai/install/autoware_msgs/lib/pkgconfig:${PKG_CONFIG_PATH} PYTHONPATH=/home/yeap/APC_2022_Prac/airsimversion/autoware.ai/install/kitti_player/lib/python2.7/dist-packages:/home/yeap/APC_2022_Prac/airsimversion/autoware.ai/install/autoware_msgs/lib/python2.7/dist-packages:${PYTHONPATH} ROS_PACKAGE_PATH=/home/yeap/APC_2022_Prac/airsimversion/autoware.ai/install/kitti_player/share:/home/yeap/APC_2022_Prac/airsimversion/autoware.ai/install/kitti_box_publisher/share:/home/yeap/APC_2022_Prac/airsimversion/autoware.ai/install/autoware_msgs/share:${ROS_PACKAGE_PATH} /usr/bin/cmake --build /home/yeap/APC_2022_Prac/airsimversion/autoware.ai/build/kitti_launch --target tests -- -j6 -l6
[2.237s] [35m[1mScanning dependencies of target tests[0m
[2.248s] Built target tests
[2.264s] Invoked command in '/home/yeap/APC_2022_Prac/airsimversion/autoware.ai/build/kitti_launch' returned '0': CMAKE_PREFIX_PATH=/home/yeap/APC_2022_Prac/airsimversion/autoware.ai/install/kitti_player:/home/yeap/APC_2022_Prac/airsimversion/autoware.ai/install/kitti_box_publisher:/home/yeap/APC_2022_Prac/airsimversion/autoware.ai/install/autoware_msgs:${CMAKE_PREFIX_PATH} PKG_CONFIG_PATH=/home/yeap/APC_2022_Prac/airsimversion/autoware.ai/install/kitti_player/lib/x86_64-linux-gnu/pkgconfig:/home/yeap/APC_2022_Prac/airsimversion/autoware.ai/install/kitti_player/lib/pkgconfig:/home/yeap/APC_2022_Prac/airsimversion/autoware.ai/install/kitti_box_publisher/lib/x86_64-linux-gnu/pkgconfig:/home/yeap/APC_2022_Prac/airsimversion/autoware.ai/install/kitti_box_publisher/lib/pkgconfig:/home/yeap/APC_2022_Prac/airsimversion/autoware.ai/install/autoware_msgs/lib/x86_64-linux-gnu/pkgconfig:/home/yeap/APC_2022_Prac/airsimversion/autoware.ai/install/autoware_msgs/lib/pkgconfig:${PKG_CONFIG_PATH} PYTHONPATH=/home/yeap/APC_2022_Prac/airsimversion/autoware.ai/install/kitti_player/lib/python2.7/dist-packages:/home/yeap/APC_2022_Prac/airsimversion/autoware.ai/install/autoware_msgs/lib/python2.7/dist-packages:${PYTHONPATH} ROS_PACKAGE_PATH=/home/yeap/APC_2022_Prac/airsimversion/autoware.ai/install/kitti_player/share:/home/yeap/APC_2022_Prac/airsimversion/autoware.ai/install/kitti_box_publisher/share:/home/yeap/APC_2022_Prac/airsimversion/autoware.ai/install/autoware_msgs/share:${ROS_PACKAGE_PATH} /usr/bin/cmake --build /home/yeap/APC_2022_Prac/airsimversion/autoware.ai/build/kitti_launch --target tests -- -j6 -l6
[2.298s] Invoking command in '/home/yeap/APC_2022_Prac/airsimversion/autoware.ai/build/kitti_launch': CMAKE_PREFIX_PATH=/home/yeap/APC_2022_Prac/airsimversion/autoware.ai/install/kitti_player:/home/yeap/APC_2022_Prac/airsimversion/autoware.ai/install/kitti_box_publisher:/home/yeap/APC_2022_Prac/airsimversion/autoware.ai/install/autoware_msgs:${CMAKE_PREFIX_PATH} PKG_CONFIG_PATH=/home/yeap/APC_2022_Prac/airsimversion/autoware.ai/install/kitti_player/lib/x86_64-linux-gnu/pkgconfig:/home/yeap/APC_2022_Prac/airsimversion/autoware.ai/install/kitti_player/lib/pkgconfig:/home/yeap/APC_2022_Prac/airsimversion/autoware.ai/install/kitti_box_publisher/lib/x86_64-linux-gnu/pkgconfig:/home/yeap/APC_2022_Prac/airsimversion/autoware.ai/install/kitti_box_publisher/lib/pkgconfig:/home/yeap/APC_2022_Prac/airsimversion/autoware.ai/install/autoware_msgs/lib/x86_64-linux-gnu/pkgconfig:/home/yeap/APC_2022_Prac/airsimversion/autoware.ai/install/autoware_msgs/lib/pkgconfig:${PKG_CONFIG_PATH} PYTHONPATH=/home/yeap/APC_2022_Prac/airsimversion/autoware.ai/install/kitti_player/lib/python2.7/dist-packages:/home/yeap/APC_2022_Prac/airsimversion/autoware.ai/install/autoware_msgs/lib/python2.7/dist-packages:${PYTHONPATH} ROS_PACKAGE_PATH=/home/yeap/APC_2022_Prac/airsimversion/autoware.ai/install/kitti_player/share:/home/yeap/APC_2022_Prac/airsimversion/autoware.ai/install/kitti_box_publisher/share:/home/yeap/APC_2022_Prac/airsimversion/autoware.ai/install/autoware_msgs/share:${ROS_PACKAGE_PATH} /usr/bin/cmake --build /home/yeap/APC_2022_Prac/airsimversion/autoware.ai/build/kitti_launch --target install -- -j6 -l6
[2.351s] [36mInstall the project...[0m
[2.360s] -- Install configuration: "Release"
[2.361s] -- Installing: /home/yeap/APC_2022_Prac/airsimversion/autoware.ai/install/kitti_launch/lib/pkgconfig/kitti_launch.pc
[2.362s] -- Installing: /home/yeap/APC_2022_Prac/airsimversion/autoware.ai/install/kitti_launch/share/kitti_launch/cmake/kitti_launchConfig.cmake
[2.362s] -- Installing: /home/yeap/APC_2022_Prac/airsimversion/autoware.ai/install/kitti_launch/share/kitti_launch/cmake/kitti_launchConfig-version.cmake
[2.362s] -- Installing: /home/yeap/APC_2022_Prac/airsimversion/autoware.ai/install/kitti_launch/share/kitti_launch/package.xml
[2.362s] -- Installing: /home/yeap/APC_2022_Prac/airsimversion/autoware.ai/install/kitti_launch/share/kitti_launch/launch/launch
[2.363s] -- Installing: /home/yeap/APC_2022_Prac/airsimversion/autoware.ai/install/kitti_launch/share/kitti_launch/launch/launch/kittiplayer.launch
[2.364s] -- Installing: /home/yeap/APC_2022_Prac/airsimversion/autoware.ai/install/kitti_launch/share/kitti_launch/launch/launch/xml
[2.365s] -- Installing: /home/yeap/APC_2022_Prac/airsimversion/autoware.ai/install/kitti_launch/share/kitti_launch/launch/launch/xml/camera_lidar.xml
[2.366s] -- Installing: /home/yeap/APC_2022_Prac/airsimversion/autoware.ai/install/kitti_launch/share/kitti_launch/launch/launch/xml/points_raw.xml
[2.366s] -- Installing: /home/yeap/APC_2022_Prac/airsimversion/autoware.ai/install/kitti_launch/share/kitti_launch/launch/xml/xml
[2.367s] -- Installing: /home/yeap/APC_2022_Prac/airsimversion/autoware.ai/install/kitti_launch/share/kitti_launch/launch/xml/xml/camera_lidar.xml
[2.367s] -- Installing: /home/yeap/APC_2022_Prac/airsimversion/autoware.ai/install/kitti_launch/share/kitti_launch/launch/xml/xml/points_raw.xml
[2.367s] -- Installing: /home/yeap/APC_2022_Prac/airsimversion/autoware.ai/install/kitti_launch/share/kitti_launch/calib/calib
[2.368s] -- Installing: /home/yeap/APC_2022_Prac/airsimversion/autoware.ai/install/kitti_launch/share/kitti_launch/calib/calib/kitti_cam02_sync_kitti_conv.yml
[2.368s] -- Installing: /home/yeap/APC_2022_Prac/airsimversion/autoware.ai/install/kitti_launch/share/kitti_launch/calib/calib/kitti_cam02_sync.yml
[2.375s] Invoked command in '/home/yeap/APC_2022_Prac/airsimversion/autoware.ai/build/kitti_launch' returned '0': CMAKE_PREFIX_PATH=/home/yeap/APC_2022_Prac/airsimversion/autoware.ai/install/kitti_player:/home/yeap/APC_2022_Prac/airsimversion/autoware.ai/install/kitti_box_publisher:/home/yeap/APC_2022_Prac/airsimversion/autoware.ai/install/autoware_msgs:${CMAKE_PREFIX_PATH} PKG_CONFIG_PATH=/home/yeap/APC_2022_Prac/airsimversion/autoware.ai/install/kitti_player/lib/x86_64-linux-gnu/pkgconfig:/home/yeap/APC_2022_Prac/airsimversion/autoware.ai/install/kitti_player/lib/pkgconfig:/home/yeap/APC_2022_Prac/airsimversion/autoware.ai/install/kitti_box_publisher/lib/x86_64-linux-gnu/pkgconfig:/home/yeap/APC_2022_Prac/airsimversion/autoware.ai/install/kitti_box_publisher/lib/pkgconfig:/home/yeap/APC_2022_Prac/airsimversion/autoware.ai/install/autoware_msgs/lib/x86_64-linux-gnu/pkgconfig:/home/yeap/APC_2022_Prac/airsimversion/autoware.ai/install/autoware_msgs/lib/pkgconfig:${PKG_CONFIG_PATH} PYTHONPATH=/home/yeap/APC_2022_Prac/airsimversion/autoware.ai/install/kitti_player/lib/python2.7/dist-packages:/home/yeap/APC_2022_Prac/airsimversion/autoware.ai/install/autoware_msgs/lib/python2.7/dist-packages:${PYTHONPATH} ROS_PACKAGE_PATH=/home/yeap/APC_2022_Prac/airsimversion/autoware.ai/install/kitti_player/share:/home/yeap/APC_2022_Prac/airsimversion/autoware.ai/install/kitti_box_publisher/share:/home/yeap/APC_2022_Prac/airsimversion/autoware.ai/install/autoware_msgs/share:${ROS_PACKAGE_PATH} /usr/bin/cmake --build /home/yeap/APC_2022_Prac/airsimversion/autoware.ai/build/kitti_launch --target install -- -j6 -l6
