[0.030s] Invoking command in '/home/yeap/APC_2022_Prac/airsimversion/autoware.ai/build/runtime_manager': CMAKE_PREFIX_PATH=/home/yeap/APC_2022_Prac/airsimversion/autoware.ai/install/tablet_socket_msgs:/home/yeap/APC_2022_Prac/airsimversion/autoware.ai/install/autoware_msgs:/home/yeap/APC_2022_Prac/airsimversion/autoware.ai/install/autoware_config_msgs:${CMAKE_PREFIX_PATH} PKG_CONFIG_PATH=/home/yeap/APC_2022_Prac/airsimversion/autoware.ai/install/tablet_socket_msgs/lib/x86_64-linux-gnu/pkgconfig:/home/yeap/APC_2022_Prac/airsimversion/autoware.ai/install/tablet_socket_msgs/lib/pkgconfig:/home/yeap/APC_2022_Prac/airsimversion/autoware.ai/install/autoware_msgs/lib/x86_64-linux-gnu/pkgconfig:/home/yeap/APC_2022_Prac/airsimversion/autoware.ai/install/autoware_msgs/lib/pkgconfig:/home/yeap/APC_2022_Prac/airsimversion/autoware.ai/install/autoware_config_msgs/lib/x86_64-linux-gnu/pkgconfig:/home/yeap/APC_2022_Prac/airsimversion/autoware.ai/install/autoware_config_msgs/lib/pkgconfig:${PKG_CONFIG_PATH} PYTHONPATH=/home/yeap/APC_2022_Prac/airsimversion/autoware.ai/install/tablet_socket_msgs/lib/python2.7/dist-packages:/home/yeap/APC_2022_Prac/airsimversion/autoware.ai/install/autoware_msgs/lib/python2.7/dist-packages:/home/yeap/APC_2022_Prac/airsimversion/autoware.ai/install/autoware_config_msgs/lib/python2.7/dist-packages:${PYTHONPATH} ROS_PACKAGE_PATH=/home/yeap/APC_2022_Prac/airsimversion/autoware.ai/install/tablet_socket_msgs/share:/home/yeap/APC_2022_Prac/airsimversion/autoware.ai/install/autoware_msgs/share:/home/yeap/APC_2022_Prac/airsimversion/autoware.ai/install/autoware_config_msgs/share:${ROS_PACKAGE_PATH} /usr/bin/cmake /home/yeap/APC_2022_Prac/airsimversion/autoware.ai/src/autoware/utilities/runtime_manager -DCMAKE_BUILD_TYPE=Release -DCATKIN_INSTALL_INTO_PREFIX_ROOT=0 -DCMAKE_INSTALL_PREFIX=/home/yeap/APC_2022_Prac/airsimversion/autoware.ai/install/runtime_manager
[0.113s] -- The C compiler identification is GNU 7.5.0
[0.184s] -- The CXX compiler identification is GNU 7.5.0
[0.190s] -- Check for working C compiler: /usr/bin/cc
[0.264s] -- Check for working C compiler: /usr/bin/cc -- works
[0.266s] -- Detecting C compiler ABI info
[0.341s] -- Detecting C compiler ABI info - done
[0.351s] -- Detecting C compile features
[0.576s] -- Detecting C compile features - done
[0.580s] -- Check for working CXX compiler: /usr/bin/c++
[0.665s] -- Check for working CXX compiler: /usr/bin/c++ -- works
[0.667s] -- Detecting CXX compiler ABI info
[0.760s] -- Detecting CXX compiler ABI info - done
[0.770s] -- Detecting CXX compile features
[1.155s] -- Detecting CXX compile features - done
[1.158s] -- Using CATKIN_DEVEL_PREFIX: /home/yeap/APC_2022_Prac/airsimversion/autoware.ai/build/runtime_manager/devel
[1.158s] -- Using CMAKE_PREFIX_PATH: /home/yeap/APC_2022_Prac/airsimversion/autoware.ai/install/tablet_socket_msgs;/home/yeap/APC_2022_Prac/airsimversion/autoware.ai/install/autoware_msgs;/home/yeap/APC_2022_Prac/airsimversion/autoware.ai/install/autoware_config_msgs;/opt/ros/melodic
[1.158s] -- This workspace overlays: /home/yeap/APC_2022_Prac/airsimversion/autoware.ai/install/tablet_socket_msgs;/home/yeap/APC_2022_Prac/airsimversion/autoware.ai/install/autoware_msgs;/home/yeap/APC_2022_Prac/airsimversion/autoware.ai/install/autoware_config_msgs;/opt/ros/melodic
[1.178s] -- Found PythonInterp: /usr/bin/python2 (found suitable version "2.7.17", minimum required is "2") 
[1.178s] -- Using PYTHON_EXECUTABLE: /usr/bin/python2
[1.178s] -- Using Debian Python package layout
[1.179s] -- Using empy: /usr/bin/empy
[1.366s] -- Using CATKIN_ENABLE_TESTING: ON
[1.366s] -- Call enable_testing()
[1.368s] -- Using CATKIN_TEST_RESULTS_DIR: /home/yeap/APC_2022_Prac/airsimversion/autoware.ai/build/runtime_manager/test_results
[1.393s] -- Found gtest sources under '/usr/src/googletest': gtests will be built
[1.393s] -- Found gmock sources under '/usr/src/googletest': gmock will be built
[1.409s] -- Found PythonInterp: /usr/bin/python2 (found version "2.7.17") 
[1.411s] -- Looking for pthread.h
[1.489s] -- Looking for pthread.h - found
[1.489s] -- Looking for pthread_create
[1.578s] -- Looking for pthread_create - not found
[1.579s] -- Looking for pthread_create in pthreads
[1.641s] -- Looking for pthread_create in pthreads - not found
[1.641s] -- Looking for pthread_create in pthread
[1.712s] -- Looking for pthread_create in pthread - found
[1.712s] -- Found Threads: TRUE  
[1.716s] -- Using Python nosetests: /usr/bin/nosetests-2.7
[1.765s] -- catkin 0.7.29
[1.765s] -- BUILD_SHARED_LIBS is on
[1.934s] -- Using these message generators: gencpp;geneus;genlisp;gennodejs;genpy
[2.170s] -- Configuring done
[2.195s] -- Generating done
[2.203s] -- Build files have been written to: /home/yeap/APC_2022_Prac/airsimversion/autoware.ai/build/runtime_manager
[2.213s] Invoked command in '/home/yeap/APC_2022_Prac/airsimversion/autoware.ai/build/runtime_manager' returned '0': CMAKE_PREFIX_PATH=/home/yeap/APC_2022_Prac/airsimversion/autoware.ai/install/tablet_socket_msgs:/home/yeap/APC_2022_Prac/airsimversion/autoware.ai/install/autoware_msgs:/home/yeap/APC_2022_Prac/airsimversion/autoware.ai/install/autoware_config_msgs:${CMAKE_PREFIX_PATH} PKG_CONFIG_PATH=/home/yeap/APC_2022_Prac/airsimversion/autoware.ai/install/tablet_socket_msgs/lib/x86_64-linux-gnu/pkgconfig:/home/yeap/APC_2022_Prac/airsimversion/autoware.ai/install/tablet_socket_msgs/lib/pkgconfig:/home/yeap/APC_2022_Prac/airsimversion/autoware.ai/install/autoware_msgs/lib/x86_64-linux-gnu/pkgconfig:/home/yeap/APC_2022_Prac/airsimversion/autoware.ai/install/autoware_msgs/lib/pkgconfig:/home/yeap/APC_2022_Prac/airsimversion/autoware.ai/install/autoware_config_msgs/lib/x86_64-linux-gnu/pkgconfig:/home/yeap/APC_2022_Prac/airsimversion/autoware.ai/install/autoware_config_msgs/lib/pkgconfig:${PKG_CONFIG_PATH} PYTHONPATH=/home/yeap/APC_2022_Prac/airsimversion/autoware.ai/install/tablet_socket_msgs/lib/python2.7/dist-packages:/home/yeap/APC_2022_Prac/airsimversion/autoware.ai/install/autoware_msgs/lib/python2.7/dist-packages:/home/yeap/APC_2022_Prac/airsimversion/autoware.ai/install/autoware_config_msgs/lib/python2.7/dist-packages:${PYTHONPATH} ROS_PACKAGE_PATH=/home/yeap/APC_2022_Prac/airsimversion/autoware.ai/install/tablet_socket_msgs/share:/home/yeap/APC_2022_Prac/airsimversion/autoware.ai/install/autoware_msgs/share:/home/yeap/APC_2022_Prac/airsimversion/autoware.ai/install/autoware_config_msgs/share:${ROS_PACKAGE_PATH} /usr/bin/cmake /home/yeap/APC_2022_Prac/airsimversion/autoware.ai/src/autoware/utilities/runtime_manager -DCMAKE_BUILD_TYPE=Release -DCATKIN_INSTALL_INTO_PREFIX_ROOT=0 -DCMAKE_INSTALL_PREFIX=/home/yeap/APC_2022_Prac/airsimversion/autoware.ai/install/runtime_manager
[2.214s] Invoking command in '/home/yeap/APC_2022_Prac/airsimversion/autoware.ai/build/runtime_manager': CMAKE_PREFIX_PATH=/home/yeap/APC_2022_Prac/airsimversion/autoware.ai/install/tablet_socket_msgs:/home/yeap/APC_2022_Prac/airsimversion/autoware.ai/install/autoware_msgs:/home/yeap/APC_2022_Prac/airsimversion/autoware.ai/install/autoware_config_msgs:${CMAKE_PREFIX_PATH} PKG_CONFIG_PATH=/home/yeap/APC_2022_Prac/airsimversion/autoware.ai/install/tablet_socket_msgs/lib/x86_64-linux-gnu/pkgconfig:/home/yeap/APC_2022_Prac/airsimversion/autoware.ai/install/tablet_socket_msgs/lib/pkgconfig:/home/yeap/APC_2022_Prac/airsimversion/autoware.ai/install/autoware_msgs/lib/x86_64-linux-gnu/pkgconfig:/home/yeap/APC_2022_Prac/airsimversion/autoware.ai/install/autoware_msgs/lib/pkgconfig:/home/yeap/APC_2022_Prac/airsimversion/autoware.ai/install/autoware_config_msgs/lib/x86_64-linux-gnu/pkgconfig:/home/yeap/APC_2022_Prac/airsimversion/autoware.ai/install/autoware_config_msgs/lib/pkgconfig:${PKG_CONFIG_PATH} PYTHONPATH=/home/yeap/APC_2022_Prac/airsimversion/autoware.ai/install/tablet_socket_msgs/lib/python2.7/dist-packages:/home/yeap/APC_2022_Prac/airsimversion/autoware.ai/install/autoware_msgs/lib/python2.7/dist-packages:/home/yeap/APC_2022_Prac/airsimversion/autoware.ai/install/autoware_config_msgs/lib/python2.7/dist-packages:${PYTHONPATH} ROS_PACKAGE_PATH=/home/yeap/APC_2022_Prac/airsimversion/autoware.ai/install/tablet_socket_msgs/share:/home/yeap/APC_2022_Prac/airsimversion/autoware.ai/install/autoware_msgs/share:/home/yeap/APC_2022_Prac/airsimversion/autoware.ai/install/autoware_config_msgs/share:${ROS_PACKAGE_PATH} /usr/bin/cmake --build /home/yeap/APC_2022_Prac/airsimversion/autoware.ai/build/runtime_manager -- -j6 -l6
[2.273s] Invoked command in '/home/yeap/APC_2022_Prac/airsimversion/autoware.ai/build/runtime_manager' returned '0': CMAKE_PREFIX_PATH=/home/yeap/APC_2022_Prac/airsimversion/autoware.ai/install/tablet_socket_msgs:/home/yeap/APC_2022_Prac/airsimversion/autoware.ai/install/autoware_msgs:/home/yeap/APC_2022_Prac/airsimversion/autoware.ai/install/autoware_config_msgs:${CMAKE_PREFIX_PATH} PKG_CONFIG_PATH=/home/yeap/APC_2022_Prac/airsimversion/autoware.ai/install/tablet_socket_msgs/lib/x86_64-linux-gnu/pkgconfig:/home/yeap/APC_2022_Prac/airsimversion/autoware.ai/install/tablet_socket_msgs/lib/pkgconfig:/home/yeap/APC_2022_Prac/airsimversion/autoware.ai/install/autoware_msgs/lib/x86_64-linux-gnu/pkgconfig:/home/yeap/APC_2022_Prac/airsimversion/autoware.ai/install/autoware_msgs/lib/pkgconfig:/home/yeap/APC_2022_Prac/airsimversion/autoware.ai/install/autoware_config_msgs/lib/x86_64-linux-gnu/pkgconfig:/home/yeap/APC_2022_Prac/airsimversion/autoware.ai/install/autoware_config_msgs/lib/pkgconfig:${PKG_CONFIG_PATH} PYTHONPATH=/home/yeap/APC_2022_Prac/airsimversion/autoware.ai/install/tablet_socket_msgs/lib/python2.7/dist-packages:/home/yeap/APC_2022_Prac/airsimversion/autoware.ai/install/autoware_msgs/lib/python2.7/dist-packages:/home/yeap/APC_2022_Prac/airsimversion/autoware.ai/install/autoware_config_msgs/lib/python2.7/dist-packages:${PYTHONPATH} ROS_PACKAGE_PATH=/home/yeap/APC_2022_Prac/airsimversion/autoware.ai/install/tablet_socket_msgs/share:/home/yeap/APC_2022_Prac/airsimversion/autoware.ai/install/autoware_msgs/share:/home/yeap/APC_2022_Prac/airsimversion/autoware.ai/install/autoware_config_msgs/share:${ROS_PACKAGE_PATH} /usr/bin/cmake --build /home/yeap/APC_2022_Prac/airsimversion/autoware.ai/build/runtime_manager -- -j6 -l6
[2.338s] Invoking command in '/home/yeap/APC_2022_Prac/airsimversion/autoware.ai/build/runtime_manager': CMAKE_PREFIX_PATH=/home/yeap/APC_2022_Prac/airsimversion/autoware.ai/install/tablet_socket_msgs:/home/yeap/APC_2022_Prac/airsimversion/autoware.ai/install/autoware_msgs:/home/yeap/APC_2022_Prac/airsimversion/autoware.ai/install/autoware_config_msgs:${CMAKE_PREFIX_PATH} PKG_CONFIG_PATH=/home/yeap/APC_2022_Prac/airsimversion/autoware.ai/install/tablet_socket_msgs/lib/x86_64-linux-gnu/pkgconfig:/home/yeap/APC_2022_Prac/airsimversion/autoware.ai/install/tablet_socket_msgs/lib/pkgconfig:/home/yeap/APC_2022_Prac/airsimversion/autoware.ai/install/autoware_msgs/lib/x86_64-linux-gnu/pkgconfig:/home/yeap/APC_2022_Prac/airsimversion/autoware.ai/install/autoware_msgs/lib/pkgconfig:/home/yeap/APC_2022_Prac/airsimversion/autoware.ai/install/autoware_config_msgs/lib/x86_64-linux-gnu/pkgconfig:/home/yeap/APC_2022_Prac/airsimversion/autoware.ai/install/autoware_config_msgs/lib/pkgconfig:${PKG_CONFIG_PATH} PYTHONPATH=/home/yeap/APC_2022_Prac/airsimversion/autoware.ai/install/tablet_socket_msgs/lib/python2.7/dist-packages:/home/yeap/APC_2022_Prac/airsimversion/autoware.ai/install/autoware_msgs/lib/python2.7/dist-packages:/home/yeap/APC_2022_Prac/airsimversion/autoware.ai/install/autoware_config_msgs/lib/python2.7/dist-packages:${PYTHONPATH} ROS_PACKAGE_PATH=/home/yeap/APC_2022_Prac/airsimversion/autoware.ai/install/tablet_socket_msgs/share:/home/yeap/APC_2022_Prac/airsimversion/autoware.ai/install/autoware_msgs/share:/home/yeap/APC_2022_Prac/airsimversion/autoware.ai/install/autoware_config_msgs/share:${ROS_PACKAGE_PATH} /usr/bin/cmake --build /home/yeap/APC_2022_Prac/airsimversion/autoware.ai/build/runtime_manager --target tests -- -j6 -l6
[2.403s] [35m[1mScanning dependencies of target tests[0m
[2.415s] Built target tests
[2.434s] Invoked command in '/home/yeap/APC_2022_Prac/airsimversion/autoware.ai/build/runtime_manager' returned '0': CMAKE_PREFIX_PATH=/home/yeap/APC_2022_Prac/airsimversion/autoware.ai/install/tablet_socket_msgs:/home/yeap/APC_2022_Prac/airsimversion/autoware.ai/install/autoware_msgs:/home/yeap/APC_2022_Prac/airsimversion/autoware.ai/install/autoware_config_msgs:${CMAKE_PREFIX_PATH} PKG_CONFIG_PATH=/home/yeap/APC_2022_Prac/airsimversion/autoware.ai/install/tablet_socket_msgs/lib/x86_64-linux-gnu/pkgconfig:/home/yeap/APC_2022_Prac/airsimversion/autoware.ai/install/tablet_socket_msgs/lib/pkgconfig:/home/yeap/APC_2022_Prac/airsimversion/autoware.ai/install/autoware_msgs/lib/x86_64-linux-gnu/pkgconfig:/home/yeap/APC_2022_Prac/airsimversion/autoware.ai/install/autoware_msgs/lib/pkgconfig:/home/yeap/APC_2022_Prac/airsimversion/autoware.ai/install/autoware_config_msgs/lib/x86_64-linux-gnu/pkgconfig:/home/yeap/APC_2022_Prac/airsimversion/autoware.ai/install/autoware_config_msgs/lib/pkgconfig:${PKG_CONFIG_PATH} PYTHONPATH=/home/yeap/APC_2022_Prac/airsimversion/autoware.ai/install/tablet_socket_msgs/lib/python2.7/dist-packages:/home/yeap/APC_2022_Prac/airsimversion/autoware.ai/install/autoware_msgs/lib/python2.7/dist-packages:/home/yeap/APC_2022_Prac/airsimversion/autoware.ai/install/autoware_config_msgs/lib/python2.7/dist-packages:${PYTHONPATH} ROS_PACKAGE_PATH=/home/yeap/APC_2022_Prac/airsimversion/autoware.ai/install/tablet_socket_msgs/share:/home/yeap/APC_2022_Prac/airsimversion/autoware.ai/install/autoware_msgs/share:/home/yeap/APC_2022_Prac/airsimversion/autoware.ai/install/autoware_config_msgs/share:${ROS_PACKAGE_PATH} /usr/bin/cmake --build /home/yeap/APC_2022_Prac/airsimversion/autoware.ai/build/runtime_manager --target tests -- -j6 -l6
[2.501s] Invoking command in '/home/yeap/APC_2022_Prac/airsimversion/autoware.ai/build/runtime_manager': CMAKE_PREFIX_PATH=/home/yeap/APC_2022_Prac/airsimversion/autoware.ai/install/tablet_socket_msgs:/home/yeap/APC_2022_Prac/airsimversion/autoware.ai/install/autoware_msgs:/home/yeap/APC_2022_Prac/airsimversion/autoware.ai/install/autoware_config_msgs:${CMAKE_PREFIX_PATH} PKG_CONFIG_PATH=/home/yeap/APC_2022_Prac/airsimversion/autoware.ai/install/tablet_socket_msgs/lib/x86_64-linux-gnu/pkgconfig:/home/yeap/APC_2022_Prac/airsimversion/autoware.ai/install/tablet_socket_msgs/lib/pkgconfig:/home/yeap/APC_2022_Prac/airsimversion/autoware.ai/install/autoware_msgs/lib/x86_64-linux-gnu/pkgconfig:/home/yeap/APC_2022_Prac/airsimversion/autoware.ai/install/autoware_msgs/lib/pkgconfig:/home/yeap/APC_2022_Prac/airsimversion/autoware.ai/install/autoware_config_msgs/lib/x86_64-linux-gnu/pkgconfig:/home/yeap/APC_2022_Prac/airsimversion/autoware.ai/install/autoware_config_msgs/lib/pkgconfig:${PKG_CONFIG_PATH} PYTHONPATH=/home/yeap/APC_2022_Prac/airsimversion/autoware.ai/install/tablet_socket_msgs/lib/python2.7/dist-packages:/home/yeap/APC_2022_Prac/airsimversion/autoware.ai/install/autoware_msgs/lib/python2.7/dist-packages:/home/yeap/APC_2022_Prac/airsimversion/autoware.ai/install/autoware_config_msgs/lib/python2.7/dist-packages:${PYTHONPATH} ROS_PACKAGE_PATH=/home/yeap/APC_2022_Prac/airsimversion/autoware.ai/install/tablet_socket_msgs/share:/home/yeap/APC_2022_Prac/airsimversion/autoware.ai/install/autoware_msgs/share:/home/yeap/APC_2022_Prac/airsimversion/autoware.ai/install/autoware_config_msgs/share:${ROS_PACKAGE_PATH} /usr/bin/cmake --build /home/yeap/APC_2022_Prac/airsimversion/autoware.ai/build/runtime_manager --target install -- -j6 -l6
[2.562s] [36mInstall the project...[0m
[2.572s] -- Install configuration: "Release"
[2.572s] -- Installing: /home/yeap/APC_2022_Prac/airsimversion/autoware.ai/install/runtime_manager/lib/pkgconfig/runtime_manager.pc
[2.572s] -- Installing: /home/yeap/APC_2022_Prac/airsimversion/autoware.ai/install/runtime_manager/share/runtime_manager/cmake/runtime_managerConfig.cmake
[2.572s] -- Installing: /home/yeap/APC_2022_Prac/airsimversion/autoware.ai/install/runtime_manager/share/runtime_manager/cmake/runtime_managerConfig-version.cmake
[2.572s] -- Installing: /home/yeap/APC_2022_Prac/airsimversion/autoware.ai/install/runtime_manager/share/runtime_manager/package.xml
[2.573s] -- Installing: /home/yeap/APC_2022_Prac/airsimversion/autoware.ai/install/runtime_manager/lib/runtime_manager/ftrace.py
[2.573s] -- Installing: /home/yeap/APC_2022_Prac/airsimversion/autoware.ai/install/runtime_manager/lib/runtime_manager/proc_manager.py
[2.573s] -- Installing: /home/yeap/APC_2022_Prac/airsimversion/autoware.ai/install/runtime_manager/lib/runtime_manager/rtmgr.py
[2.573s] -- Installing: /home/yeap/APC_2022_Prac/airsimversion/autoware.ai/install/runtime_manager/lib/runtime_manager/runtime_manager_dialog.py
[2.573s] -- Installing: /home/yeap/APC_2022_Prac/airsimversion/autoware.ai/install/runtime_manager/lib/runtime_manager/test_pub.py
[2.574s] -- Installing: /home/yeap/APC_2022_Prac/airsimversion/autoware.ai/install/runtime_manager/lib/runtime_manager/test_srv.py
[2.574s] -- Installing: /home/yeap/APC_2022_Prac/airsimversion/autoware.ai/install/runtime_manager/share/runtime_manager/scripts/3dm_gx5_15.sh
[2.574s] -- Installing: /home/yeap/APC_2022_Prac/airsimversion/autoware.ai/install/runtime_manager/share/runtime_manager/scripts/add_perm.sh
[2.574s] -- Installing: /home/yeap/APC_2022_Prac/airsimversion/autoware.ai/install/runtime_manager/share/runtime_manager/scripts/adis16470.sh
[2.575s] -- Installing: /home/yeap/APC_2022_Prac/airsimversion/autoware.ai/install/runtime_manager/share/runtime_manager/scripts/avt_vimba.sh
[2.575s] -- Installing: /home/yeap/APC_2022_Prac/airsimversion/autoware.ai/install/runtime_manager/share/runtime_manager/scripts/gazebo.sh
[2.575s] -- Installing: /home/yeap/APC_2022_Prac/airsimversion/autoware.ai/install/runtime_manager/share/runtime_manager/scripts/mti300.sh
[2.575s] -- Installing: /home/yeap/APC_2022_Prac/airsimversion/autoware.ai/install/runtime_manager/share/runtime_manager/scripts/vg440.sh
[2.575s] -- Installing: /home/yeap/APC_2022_Prac/airsimversion/autoware.ai/install/runtime_manager/share/runtime_manager/scripts/cleanup
[2.576s] -- Installing: /home/yeap/APC_2022_Prac/airsimversion/autoware.ai/install/runtime_manager/share/runtime_manager/scripts/run
[2.576s] -- Installing: /home/yeap/APC_2022_Prac/airsimversion/autoware.ai/install/runtime_manager/share/runtime_manager/scripts/run_proc_manager
[2.576s] -- Installing: /home/yeap/APC_2022_Prac/airsimversion/autoware.ai/install/runtime_manager/share/runtime_manager/scripts/subnet_chk.py
[2.576s] -- Installing: /home/yeap/APC_2022_Prac/airsimversion/autoware.ai/install/runtime_manager/lib/runtime_manager/computing.yaml
[2.577s] -- Installing: /home/yeap/APC_2022_Prac/airsimversion/autoware.ai/install/runtime_manager/lib/runtime_manager/data.yaml
[2.578s] -- Installing: /home/yeap/APC_2022_Prac/airsimversion/autoware.ai/install/runtime_manager/lib/runtime_manager/empty.yaml
[2.578s] -- Installing: /home/yeap/APC_2022_Prac/airsimversion/autoware.ai/install/runtime_manager/lib/runtime_manager/interface.yaml
[2.578s] -- Installing: /home/yeap/APC_2022_Prac/airsimversion/autoware.ai/install/runtime_manager/lib/runtime_manager/main.yaml
[2.578s] -- Installing: /home/yeap/APC_2022_Prac/airsimversion/autoware.ai/install/runtime_manager/lib/runtime_manager/map.yaml
[2.578s] -- Installing: /home/yeap/APC_2022_Prac/airsimversion/autoware.ai/install/runtime_manager/lib/runtime_manager/qs.yaml
[2.579s] -- Installing: /home/yeap/APC_2022_Prac/airsimversion/autoware.ai/install/runtime_manager/lib/runtime_manager/rtmgr.wxg
[2.580s] -- Installing: /home/yeap/APC_2022_Prac/airsimversion/autoware.ai/install/runtime_manager/lib/runtime_manager/rtmgr_icon.xpm
[2.580s] -- Installing: /home/yeap/APC_2022_Prac/airsimversion/autoware.ai/install/runtime_manager/lib/runtime_manager/sensing.yaml
[2.581s] -- Installing: /home/yeap/APC_2022_Prac/airsimversion/autoware.ai/install/runtime_manager/lib/runtime_manager/setup.yaml
[2.581s] -- Installing: /home/yeap/APC_2022_Prac/airsimversion/autoware.ai/install/runtime_manager/lib/runtime_manager/simulation.yaml
[2.581s] -- Installing: /home/yeap/APC_2022_Prac/airsimversion/autoware.ai/install/runtime_manager/lib/runtime_manager/state.yaml
[2.581s] -- Installing: /home/yeap/APC_2022_Prac/airsimversion/autoware.ai/install/runtime_manager/lib/runtime_manager/status.yaml
[2.581s] -- Installing: /home/yeap/APC_2022_Prac/airsimversion/autoware.ai/install/runtime_manager/lib/runtime_manager/topics.yaml
[2.582s] -- Installing: /home/yeap/APC_2022_Prac/airsimversion/autoware.ai/install/runtime_manager/lib/runtime_manager/vector_map_files.yaml
[2.582s] -- Installing: /home/yeap/APC_2022_Prac/airsimversion/autoware.ai/install/runtime_manager/lib/runtime_manager/viewer.yaml
[2.582s] -- Installing: /home/yeap/APC_2022_Prac/airsimversion/autoware.ai/install/runtime_manager/lib/runtime_manager/images/autoware_logo_1.png
[2.583s] -- Installing: /home/yeap/APC_2022_Prac/airsimversion/autoware.ai/install/runtime_manager/lib/runtime_manager/images/autoware_logo_2.png
[2.583s] -- Installing: /home/yeap/APC_2022_Prac/airsimversion/autoware.ai/install/runtime_manager/lib/runtime_manager/images/autoware_logo_2_white.png
[2.584s] -- Installing: /home/yeap/APC_2022_Prac/airsimversion/autoware.ai/install/runtime_manager/lib/runtime_manager/images/axe.png
[2.584s] -- Installing: /home/yeap/APC_2022_Prac/airsimversion/autoware.ai/install/runtime_manager/lib/runtime_manager/images/database.png
[2.585s] -- Installing: /home/yeap/APC_2022_Prac/airsimversion/autoware.ai/install/runtime_manager/lib/runtime_manager/images/dec.png
[2.585s] -- Installing: /home/yeap/APC_2022_Prac/airsimversion/autoware.ai/install/runtime_manager/lib/runtime_manager/images/inc.png
[2.585s] -- Installing: /home/yeap/APC_2022_Prac/airsimversion/autoware.ai/install/runtime_manager/lib/runtime_manager/images/mobile.png
[2.585s] -- Installing: /home/yeap/APC_2022_Prac/airsimversion/autoware.ai/install/runtime_manager/lib/runtime_manager/images/nagoya_university.png
[2.586s] -- Installing: /home/yeap/APC_2022_Prac/airsimversion/autoware.ai/install/runtime_manager/lib/runtime_manager/images/tablet.png
[2.586s] -- Installing: /home/yeap/APC_2022_Prac/airsimversion/autoware.ai/install/runtime_manager/lib/runtime_manager/images/vehicle.png
[2.587s] -- Installing: /home/yeap/APC_2022_Prac/airsimversion/autoware.ai/install/runtime_manager/share/runtime_manager/launch_files/avt_camera.launch
[2.587s] -- Installing: /home/yeap/APC_2022_Prac/airsimversion/autoware.ai/install/runtime_manager/share/runtime_manager/launch_files/calibration_publisher.launch
[2.587s] -- Installing: /home/yeap/APC_2022_Prac/airsimversion/autoware.ai/install/runtime_manager/share/runtime_manager/launch_files/ex_mat_pub.launch
[2.587s] -- Installing: /home/yeap/APC_2022_Prac/airsimversion/autoware.ai/install/runtime_manager/share/runtime_manager/launch_files/check.launch
[2.588s] -- Installing: /home/yeap/APC_2022_Prac/airsimversion/autoware.ai/install/runtime_manager/share/runtime_manager/launch_files/control.launch
[2.588s] -- Installing: /home/yeap/APC_2022_Prac/airsimversion/autoware.ai/install/runtime_manager/share/runtime_manager/launch_files/init.launch
[2.588s] -- Installing: /home/yeap/APC_2022_Prac/airsimversion/autoware.ai/install/runtime_manager/share/runtime_manager/launch_files/map.launch
[2.588s] -- Installing: /home/yeap/APC_2022_Prac/airsimversion/autoware.ai/install/runtime_manager/share/runtime_manager/launch_files/perception.launch
[2.589s] -- Installing: /home/yeap/APC_2022_Prac/airsimversion/autoware.ai/install/runtime_manager/share/runtime_manager/launch_files/planning.launch
[2.589s] -- Installing: /home/yeap/APC_2022_Prac/airsimversion/autoware.ai/install/runtime_manager/share/runtime_manager/launch_files/sensor.launch
[2.589s] -- Installing: /home/yeap/APC_2022_Prac/airsimversion/autoware.ai/install/runtime_manager/share/runtime_manager/launch_files/set.launch
[2.589s] -- Installing: /home/yeap/APC_2022_Prac/airsimversion/autoware.ai/install/runtime_manager/share/runtime_manager/launch_files/velodyne_hdl32e.launch
[2.590s] -- Installing: /home/yeap/APC_2022_Prac/airsimversion/autoware.ai/install/runtime_manager/share/runtime_manager/launch_files/velodyne_hdl64e_s2.launch
[2.590s] -- Installing: /home/yeap/APC_2022_Prac/airsimversion/autoware.ai/install/runtime_manager/share/runtime_manager/launch_files/velodyne_hdl64e_s3.launch
[2.590s] -- Installing: /home/yeap/APC_2022_Prac/airsimversion/autoware.ai/install/runtime_manager/share/runtime_manager/launch_files/velodyne_vlp16.launch
[2.591s] -- Installing: /home/yeap/APC_2022_Prac/airsimversion/autoware.ai/install/runtime_manager/share/runtime_manager/launch_files/velodyne_vlp16_hires.launch
[2.591s] -- Installing: /home/yeap/APC_2022_Prac/airsimversion/autoware.ai/install/runtime_manager/share/runtime_manager/launch_files/velodyne_vlp32c.launch
[2.591s] -- Installing: /home/yeap/APC_2022_Prac/airsimversion/autoware.ai/install/runtime_manager/share/runtime_manager/launch_files/mqtt_socket.launch
[2.591s] -- Installing: /home/yeap/APC_2022_Prac/airsimversion/autoware.ai/install/runtime_manager/share/runtime_manager/launch_files/points2image.launch
[2.592s] -- Installing: /home/yeap/APC_2022_Prac/airsimversion/autoware.ai/install/runtime_manager/share/runtime_manager/launch_files/setup_tf.launch
[2.592s] -- Installing: /home/yeap/APC_2022_Prac/airsimversion/autoware.ai/install/runtime_manager/share/runtime_manager/launch_files/setup_vehicle_info.launch
[2.592s] -- Installing: /home/yeap/APC_2022_Prac/airsimversion/autoware.ai/install/runtime_manager/share/runtime_manager/launch_files/synchronization.launch
[2.592s] -- Installing: /home/yeap/APC_2022_Prac/airsimversion/autoware.ai/install/runtime_manager/share/runtime_manager/launch_files/tablet_socket.launch
[2.593s] -- Installing: /home/yeap/APC_2022_Prac/airsimversion/autoware.ai/install/runtime_manager/share/runtime_manager/launch_files/traffic_light.launch
[2.593s] -- Installing: /home/yeap/APC_2022_Prac/airsimversion/autoware.ai/install/runtime_manager/share/runtime_manager/launch_files/uvc_camera.launch
[2.593s] -- Installing: /home/yeap/APC_2022_Prac/airsimversion/autoware.ai/install/runtime_manager/share/runtime_manager/launch_files/vehicle_socket.launch
[2.593s] -- Installing: /home/yeap/APC_2022_Prac/airsimversion/autoware.ai/install/runtime_manager/share/runtime_manager/launch_files/vscan.launch
[2.594s] -- Installing: /home/yeap/APC_2022_Prac/airsimversion/autoware.ai/install/runtime_manager/share/runtime_manager/launch
[2.594s] -- Installing: /home/yeap/APC_2022_Prac/airsimversion/autoware.ai/install/runtime_manager/share/runtime_manager/launch/runtime_manager.launch
[2.601s] Invoked command in '/home/yeap/APC_2022_Prac/airsimversion/autoware.ai/build/runtime_manager' returned '0': CMAKE_PREFIX_PATH=/home/yeap/APC_2022_Prac/airsimversion/autoware.ai/install/tablet_socket_msgs:/home/yeap/APC_2022_Prac/airsimversion/autoware.ai/install/autoware_msgs:/home/yeap/APC_2022_Prac/airsimversion/autoware.ai/install/autoware_config_msgs:${CMAKE_PREFIX_PATH} PKG_CONFIG_PATH=/home/yeap/APC_2022_Prac/airsimversion/autoware.ai/install/tablet_socket_msgs/lib/x86_64-linux-gnu/pkgconfig:/home/yeap/APC_2022_Prac/airsimversion/autoware.ai/install/tablet_socket_msgs/lib/pkgconfig:/home/yeap/APC_2022_Prac/airsimversion/autoware.ai/install/autoware_msgs/lib/x86_64-linux-gnu/pkgconfig:/home/yeap/APC_2022_Prac/airsimversion/autoware.ai/install/autoware_msgs/lib/pkgconfig:/home/yeap/APC_2022_Prac/airsimversion/autoware.ai/install/autoware_config_msgs/lib/x86_64-linux-gnu/pkgconfig:/home/yeap/APC_2022_Prac/airsimversion/autoware.ai/install/autoware_config_msgs/lib/pkgconfig:${PKG_CONFIG_PATH} PYTHONPATH=/home/yeap/APC_2022_Prac/airsimversion/autoware.ai/install/tablet_socket_msgs/lib/python2.7/dist-packages:/home/yeap/APC_2022_Prac/airsimversion/autoware.ai/install/autoware_msgs/lib/python2.7/dist-packages:/home/yeap/APC_2022_Prac/airsimversion/autoware.ai/install/autoware_config_msgs/lib/python2.7/dist-packages:${PYTHONPATH} ROS_PACKAGE_PATH=/home/yeap/APC_2022_Prac/airsimversion/autoware.ai/install/tablet_socket_msgs/share:/home/yeap/APC_2022_Prac/airsimversion/autoware.ai/install/autoware_msgs/share:/home/yeap/APC_2022_Prac/airsimversion/autoware.ai/install/autoware_config_msgs/share:${ROS_PACKAGE_PATH} /usr/bin/cmake --build /home/yeap/APC_2022_Prac/airsimversion/autoware.ai/build/runtime_manager --target install -- -j6 -l6
