[0.031s] Invoking command in '/home/yeap/APC_2022_Prac/airsimversion/autoware.ai/build/multi_lidar_calibrator': CMAKE_PREFIX_PATH=/home/yeap/APC_2022_Prac/airsimversion/autoware.ai/install/autoware_build_flags:${CMAKE_PREFIX_PATH} PKG_CONFIG_PATH=/home/yeap/APC_2022_Prac/airsimversion/autoware.ai/install/autoware_build_flags/lib/x86_64-linux-gnu/pkgconfig:/home/yeap/APC_2022_Prac/airsimversion/autoware.ai/install/autoware_build_flags/lib/pkgconfig:${PKG_CONFIG_PATH} ROS_PACKAGE_PATH=/home/yeap/APC_2022_Prac/airsimversion/autoware.ai/install/autoware_build_flags/share:${ROS_PACKAGE_PATH} /usr/bin/cmake --build /home/yeap/APC_2022_Prac/airsimversion/autoware.ai/build/multi_lidar_calibrator -- -j6 -l6
[0.143s] [ 50%] Built target multi_lidar_calibrator_lib
[0.218s] [100%] Built target multi_lidar_calibrator
[0.243s] Invoked command in '/home/yeap/APC_2022_Prac/airsimversion/autoware.ai/build/multi_lidar_calibrator' returned '0': CMAKE_PREFIX_PATH=/home/yeap/APC_2022_Prac/airsimversion/autoware.ai/install/autoware_build_flags:${CMAKE_PREFIX_PATH} PKG_CONFIG_PATH=/home/yeap/APC_2022_Prac/airsimversion/autoware.ai/install/autoware_build_flags/lib/x86_64-linux-gnu/pkgconfig:/home/yeap/APC_2022_Prac/airsimversion/autoware.ai/install/autoware_build_flags/lib/pkgconfig:${PKG_CONFIG_PATH} ROS_PACKAGE_PATH=/home/yeap/APC_2022_Prac/airsimversion/autoware.ai/install/autoware_build_flags/share:${ROS_PACKAGE_PATH} /usr/bin/cmake --build /home/yeap/APC_2022_Prac/airsimversion/autoware.ai/build/multi_lidar_calibrator -- -j6 -l6
[0.558s] Invoking command in '/home/yeap/APC_2022_Prac/airsimversion/autoware.ai/build/multi_lidar_calibrator': CMAKE_PREFIX_PATH=/home/yeap/APC_2022_Prac/airsimversion/autoware.ai/install/autoware_build_flags:${CMAKE_PREFIX_PATH} PKG_CONFIG_PATH=/home/yeap/APC_2022_Prac/airsimversion/autoware.ai/install/autoware_build_flags/lib/x86_64-linux-gnu/pkgconfig:/home/yeap/APC_2022_Prac/airsimversion/autoware.ai/install/autoware_build_flags/lib/pkgconfig:${PKG_CONFIG_PATH} ROS_PACKAGE_PATH=/home/yeap/APC_2022_Prac/airsimversion/autoware.ai/install/autoware_build_flags/share:${ROS_PACKAGE_PATH} /usr/bin/cmake --build /home/yeap/APC_2022_Prac/airsimversion/autoware.ai/build/multi_lidar_calibrator --target tests -- -j6 -l6
[0.640s] Built target tests
[0.655s] Invoked command in '/home/yeap/APC_2022_Prac/airsimversion/autoware.ai/build/multi_lidar_calibrator' returned '0': CMAKE_PREFIX_PATH=/home/yeap/APC_2022_Prac/airsimversion/autoware.ai/install/autoware_build_flags:${CMAKE_PREFIX_PATH} PKG_CONFIG_PATH=/home/yeap/APC_2022_Prac/airsimversion/autoware.ai/install/autoware_build_flags/lib/x86_64-linux-gnu/pkgconfig:/home/yeap/APC_2022_Prac/airsimversion/autoware.ai/install/autoware_build_flags/lib/pkgconfig:${PKG_CONFIG_PATH} ROS_PACKAGE_PATH=/home/yeap/APC_2022_Prac/airsimversion/autoware.ai/install/autoware_build_flags/share:${ROS_PACKAGE_PATH} /usr/bin/cmake --build /home/yeap/APC_2022_Prac/airsimversion/autoware.ai/build/multi_lidar_calibrator --target tests -- -j6 -l6
[0.947s] Invoking command in '/home/yeap/APC_2022_Prac/airsimversion/autoware.ai/build/multi_lidar_calibrator': CMAKE_PREFIX_PATH=/home/yeap/APC_2022_Prac/airsimversion/autoware.ai/install/autoware_build_flags:${CMAKE_PREFIX_PATH} PKG_CONFIG_PATH=/home/yeap/APC_2022_Prac/airsimversion/autoware.ai/install/autoware_build_flags/lib/x86_64-linux-gnu/pkgconfig:/home/yeap/APC_2022_Prac/airsimversion/autoware.ai/install/autoware_build_flags/lib/pkgconfig:${PKG_CONFIG_PATH} ROS_PACKAGE_PATH=/home/yeap/APC_2022_Prac/airsimversion/autoware.ai/install/autoware_build_flags/share:${ROS_PACKAGE_PATH} /usr/bin/cmake --build /home/yeap/APC_2022_Prac/airsimversion/autoware.ai/build/multi_lidar_calibrator --target install -- -j6 -l6
[1.064s] [ 50%] Built target multi_lidar_calibrator_lib
[1.131s] [100%] Built target multi_lidar_calibrator
[1.164s] [36mInstall the project...[0m
[1.177s] -- Install configuration: "Release"
[1.178s] -- Up-to-date: /home/yeap/APC_2022_Prac/airsimversion/autoware.ai/install/multi_lidar_calibrator/lib/pkgconfig/multi_lidar_calibrator.pc
[1.178s] -- Up-to-date: /home/yeap/APC_2022_Prac/airsimversion/autoware.ai/install/multi_lidar_calibrator/share/multi_lidar_calibrator/cmake/multi_lidar_calibratorConfig.cmake
[1.178s] -- Up-to-date: /home/yeap/APC_2022_Prac/airsimversion/autoware.ai/install/multi_lidar_calibrator/share/multi_lidar_calibrator/cmake/multi_lidar_calibratorConfig-version.cmake
[1.178s] -- Up-to-date: /home/yeap/APC_2022_Prac/airsimversion/autoware.ai/install/multi_lidar_calibrator/share/multi_lidar_calibrator/package.xml
[1.179s] -- Up-to-date: /home/yeap/APC_2022_Prac/airsimversion/autoware.ai/install/multi_lidar_calibrator/lib/multi_lidar_calibrator/multi_lidar_calibrator
[1.180s] -- Up-to-date: /home/yeap/APC_2022_Prac/airsimversion/autoware.ai/install/multi_lidar_calibrator/lib/libmulti_lidar_calibrator_lib.so
[1.180s] -- Up-to-date: /home/yeap/APC_2022_Prac/airsimversion/autoware.ai/install/multi_lidar_calibrator/share/multi_lidar_calibrator/launch
[1.180s] -- Up-to-date: /home/yeap/APC_2022_Prac/airsimversion/autoware.ai/install/multi_lidar_calibrator/share/multi_lidar_calibrator/launch/multi_lidar_calibrator.launch
[1.188s] Invoked command in '/home/yeap/APC_2022_Prac/airsimversion/autoware.ai/build/multi_lidar_calibrator' returned '0': CMAKE_PREFIX_PATH=/home/yeap/APC_2022_Prac/airsimversion/autoware.ai/install/autoware_build_flags:${CMAKE_PREFIX_PATH} PKG_CONFIG_PATH=/home/yeap/APC_2022_Prac/airsimversion/autoware.ai/install/autoware_build_flags/lib/x86_64-linux-gnu/pkgconfig:/home/yeap/APC_2022_Prac/airsimversion/autoware.ai/install/autoware_build_flags/lib/pkgconfig:${PKG_CONFIG_PATH} ROS_PACKAGE_PATH=/home/yeap/APC_2022_Prac/airsimversion/autoware.ai/install/autoware_build_flags/share:${ROS_PACKAGE_PATH} /usr/bin/cmake --build /home/yeap/APC_2022_Prac/airsimversion/autoware.ai/build/multi_lidar_calibrator --target install -- -j6 -l6
