[0.039s] Invoking command in '/home/yeap/APC_2022_Prac/airsimversion/autoware.ai/build/sick_lms5xx': /usr/bin/cmake --build /home/yeap/APC_2022_Prac/airsimversion/autoware.ai/build/sick_lms5xx -- -j6 -l6
[0.099s] [  0%] Built target tf2_msgs_generate_messages_lisp
[0.108s] [  0%] Built target tf2_msgs_generate_messages_nodejs
[0.110s] [  0%] Built target geometry_msgs_generate_messages_py
[0.111s] [  0%] Built target tf2_msgs_generate_messages_py
[0.119s] [  0%] Built target actionlib_msgs_generate_messages_eus
[0.132s] [  0%] Built target actionlib_msgs_generate_messages_cpp
[0.138s] [  0%] Built target actionlib_generate_messages_py
[0.141s] [  0%] Built target actionlib_generate_messages_nodejs
[0.149s] [  0%] Built target tf2_msgs_generate_messages_eus
[0.151s] [  0%] Built target tf2_msgs_generate_messages_cpp
[0.163s] [  0%] Built target actionlib_msgs_generate_messages_lisp
[0.170s] [  0%] Built target actionlib_msgs_generate_messages_py
[0.179s] [  0%] Built target actionlib_generate_messages_eus
[0.180s] [  0%] Built target actionlib_generate_messages_lisp
[0.192s] [  0%] Built target rosgraph_msgs_generate_messages_nodejs
[0.198s] [  0%] Built target rosgraph_msgs_generate_messages_py
[0.203s] [  0%] Built target rosgraph_msgs_generate_messages_eus
[0.206s] [  0%] Built target std_msgs_generate_messages_eus
[0.208s] [  0%] Built target rosgraph_msgs_generate_messages_lisp
[0.216s] [  0%] Built target tf_generate_messages_eus
[0.232s] [  0%] Built target roscpp_generate_messages_py
[0.233s] [  0%] Built target std_msgs_generate_messages_py
[0.239s] [  0%] Built target rosgraph_msgs_generate_messages_cpp
[0.247s] [  0%] Built target roscpp_generate_messages_nodejs
[0.247s] [  0%] Built target geometry_msgs_generate_messages_eus
[0.257s] [  0%] Built target roscpp_generate_messages_eus
[0.262s] [  0%] Built target roscpp_generate_messages_lisp
[0.273s] [  0%] Built target std_msgs_generate_messages_cpp
[0.277s] [  0%] Built target tf_generate_messages_lisp
[0.283s] [  0%] Built target actionlib_msgs_generate_messages_nodejs
[0.291s] [  0%] Built target geometry_msgs_generate_messages_nodejs
[0.292s] [  0%] Built target tf_generate_messages_py
[0.313s] [  0%] Built target sensor_msgs_generate_messages_py
[0.319s] [  0%] Built target sensor_msgs_generate_messages_cpp
[0.319s] [  0%] Built target sensor_msgs_generate_messages_eus
[0.324s] [  0%] Built target tf_generate_messages_nodejs
[0.329s] [  0%] Built target std_msgs_generate_messages_lisp
[0.344s] [  0%] Built target tf_generate_messages_cpp
[0.354s] [  0%] Built target sensor_msgs_generate_messages_lisp
[0.356s] [  0%] Built target std_msgs_generate_messages_nodejs
[0.356s] [  0%] Built target actionlib_generate_messages_cpp
[0.366s] [  0%] Built target roscpp_generate_messages_cpp
[0.368s] [  0%] Built target sensor_msgs_generate_messages_nodejs
[0.379s] [  0%] Built target geometry_msgs_generate_messages_lisp
[0.387s] [  0%] Built target geometry_msgs_generate_messages_cpp
[0.414s] [100%] Built target lms511_node
[0.434s] Invoked command in '/home/yeap/APC_2022_Prac/airsimversion/autoware.ai/build/sick_lms5xx' returned '0': /usr/bin/cmake --build /home/yeap/APC_2022_Prac/airsimversion/autoware.ai/build/sick_lms5xx -- -j6 -l6
[0.667s] Invoking command in '/home/yeap/APC_2022_Prac/airsimversion/autoware.ai/build/sick_lms5xx': /usr/bin/cmake --build /home/yeap/APC_2022_Prac/airsimversion/autoware.ai/build/sick_lms5xx --target tests -- -j6 -l6
[0.768s] Built target tests
[0.786s] Invoked command in '/home/yeap/APC_2022_Prac/airsimversion/autoware.ai/build/sick_lms5xx' returned '0': /usr/bin/cmake --build /home/yeap/APC_2022_Prac/airsimversion/autoware.ai/build/sick_lms5xx --target tests -- -j6 -l6
[0.875s] Invoking command in '/home/yeap/APC_2022_Prac/airsimversion/autoware.ai/build/sick_lms5xx': /usr/bin/cmake --build /home/yeap/APC_2022_Prac/airsimversion/autoware.ai/build/sick_lms5xx --target install -- -j6 -l6
[0.958s] [  0%] Built target tf2_msgs_generate_messages_lisp
[0.958s] [  0%] Built target tf2_msgs_generate_messages_nodejs
[0.960s] [  0%] Built target geometry_msgs_generate_messages_py
[0.962s] [  0%] Built target actionlib_msgs_generate_messages_eus
[0.979s] [  0%] Built target tf2_msgs_generate_messages_py
[0.985s] [  0%] Built target actionlib_generate_messages_py
[1.007s] [  0%] Built target tf2_msgs_generate_messages_eus
[1.014s] [  0%] Built target actionlib_msgs_generate_messages_cpp
[1.026s] [  0%] Built target actionlib_generate_messages_nodejs
[1.033s] [  0%] Built target tf2_msgs_generate_messages_cpp
[1.044s] [  0%] Built target actionlib_msgs_generate_messages_py
[1.057s] [  0%] Built target actionlib_msgs_generate_messages_lisp
[1.057s] [  0%] Built target actionlib_generate_messages_lisp
[1.076s] [  0%] Built target actionlib_generate_messages_eus
[1.079s] [  0%] Built target std_msgs_generate_messages_eus
[1.086s] [  0%] Built target rosgraph_msgs_generate_messages_py
[1.088s] [  0%] Built target rosgraph_msgs_generate_messages_nodejs
[1.091s] [  0%] Built target rosgraph_msgs_generate_messages_lisp
[1.120s] [  0%] Built target roscpp_generate_messages_py
[1.120s] [  0%] Built target std_msgs_generate_messages_py
[1.122s] [  0%] Built target rosgraph_msgs_generate_messages_cpp
[1.124s] [  0%] Built target tf_generate_messages_eus
[1.144s] [  0%] Built target geometry_msgs_generate_messages_eus
[1.152s] [  0%] Built target roscpp_generate_messages_nodejs
[1.156s] [  0%] Built target rosgraph_msgs_generate_messages_eus
[1.166s] [  0%] Built target roscpp_generate_messages_eus
[1.175s] [  0%] Built target roscpp_generate_messages_lisp
[1.180s] [  0%] Built target actionlib_msgs_generate_messages_nodejs
[1.184s] [  0%] Built target tf_generate_messages_lisp
[1.209s] [  0%] Built target std_msgs_generate_messages_cpp
[1.211s] [  0%] Built target geometry_msgs_generate_messages_nodejs
[1.214s] [  0%] Built target tf_generate_messages_nodejs
[1.232s] [  0%] Built target sensor_msgs_generate_messages_py
[1.240s] [  0%] Built target tf_generate_messages_py
[1.255s] [  0%] Built target std_msgs_generate_messages_lisp
[1.260s] [  0%] Built target sensor_msgs_generate_messages_eus
[1.267s] [  0%] Built target sensor_msgs_generate_messages_cpp
[1.295s] [  0%] Built target std_msgs_generate_messages_nodejs
[1.311s] [  0%] Built target actionlib_generate_messages_cpp
[1.314s] [  0%] Built target tf_generate_messages_cpp
[1.322s] [  0%] Built target sensor_msgs_generate_messages_lisp
[1.329s] [  0%] Built target roscpp_generate_messages_cpp
[1.354s] [  0%] Built target geometry_msgs_generate_messages_cpp
[1.359s] [  0%] Built target geometry_msgs_generate_messages_lisp
[1.362s] [  0%] Built target sensor_msgs_generate_messages_nodejs
[1.426s] [100%] Built target lms511_node
[1.494s] [36mInstall the project...[0m
[1.509s] -- Install configuration: "Release"
[1.509s] -- Up-to-date: /home/yeap/APC_2022_Prac/airsimversion/autoware.ai/install/sick_lms5xx/lib/pkgconfig/sick_lms5xx.pc
[1.510s] -- Up-to-date: /home/yeap/APC_2022_Prac/airsimversion/autoware.ai/install/sick_lms5xx/share/sick_lms5xx/cmake/sick_lms5xxConfig.cmake
[1.510s] -- Up-to-date: /home/yeap/APC_2022_Prac/airsimversion/autoware.ai/install/sick_lms5xx/share/sick_lms5xx/cmake/sick_lms5xxConfig-version.cmake
[1.510s] -- Up-to-date: /home/yeap/APC_2022_Prac/airsimversion/autoware.ai/install/sick_lms5xx/share/sick_lms5xx/package.xml
[1.511s] -- Up-to-date: /home/yeap/APC_2022_Prac/airsimversion/autoware.ai/install/sick_lms5xx/lib/sick_lms5xx/lms511_node
[1.518s] Invoked command in '/home/yeap/APC_2022_Prac/airsimversion/autoware.ai/build/sick_lms5xx' returned '0': /usr/bin/cmake --build /home/yeap/APC_2022_Prac/airsimversion/autoware.ai/build/sick_lms5xx --target install -- -j6 -l6
