[0.096s] Invoking command in '/home/yeap/APC_2022_Prac/airsimversion/autoware.ai/build/lanelet_aisan_converter': CMAKE_PREFIX_PATH=/home/yeap/APC_2022_Prac/airsimversion/autoware.ai/install/map_file:/home/yeap/APC_2022_Prac/airsimversion/autoware.ai/install/lanelet2_extension:/home/yeap/APC_2022_Prac/airsimversion/autoware.ai/install/lanelet2_validation:/home/yeap/APC_2022_Prac/airsimversion/autoware.ai/install/lanelet2_routing:/home/yeap/APC_2022_Prac/airsimversion/autoware.ai/install/lanelet2_projection:/home/yeap/APC_2022_Prac/airsimversion/autoware.ai/install/lanelet2_traffic_rules:/home/yeap/APC_2022_Prac/airsimversion/autoware.ai/install/lanelet2_maps:/home/yeap/APC_2022_Prac/airsimversion/autoware.ai/install/lanelet2_io:/home/yeap/APC_2022_Prac/airsimversion/autoware.ai/install/vector_map:/home/yeap/APC_2022_Prac/airsimversion/autoware.ai/install/lanelet2_core:/home/yeap/APC_2022_Prac/airsimversion/autoware.ai/install/amathutils_lib:/home/yeap/APC_2022_Prac/airsimversion/autoware.ai/install/vector_map_msgs:/home/yeap/APC_2022_Prac/airsimversion/autoware.ai/install/autoware_msgs:/home/yeap/APC_2022_Prac/airsimversion/autoware.ai/install/autoware_lanelet2_msgs:${CMAKE_PREFIX_PATH} LD_LIBRARY_PATH=/home/yeap/APC_2022_Prac/airsimversion/autoware.ai/install/map_file/lib:/home/yeap/APC_2022_Prac/airsimversion/autoware.ai/install/lanelet2_extension/lib:/home/yeap/APC_2022_Prac/airsimversion/autoware.ai/install/lanelet2_validation/lib:/home/yeap/APC_2022_Prac/airsimversion/autoware.ai/install/lanelet2_routing/lib:/home/yeap/APC_2022_Prac/airsimversion/autoware.ai/install/lanelet2_projection/lib:/home/yeap/APC_2022_Prac/airsimversion/autoware.ai/install/lanelet2_traffic_rules/lib:/home/yeap/APC_2022_Prac/airsimversion/autoware.ai/install/lanelet2_io/lib:/home/yeap/APC_2022_Prac/airsimversion/autoware.ai/install/vector_map/lib:/home/yeap/APC_2022_Prac/airsimversion/autoware.ai/install/lanelet2_core/lib:/home/yeap/APC_2022_Prac/airsimversion/autoware.ai/install/amathutils_lib/lib:${LD_LIBRARY_PATH} PKG_CONFIG_PATH=/home/yeap/APC_2022_Prac/airsimversion/autoware.ai/install/map_file/lib/x86_64-linux-gnu/pkgconfig:/home/yeap/APC_2022_Prac/airsimversion/autoware.ai/install/map_file/lib/pkgconfig:/home/yeap/APC_2022_Prac/airsimversion/autoware.ai/install/lanelet2_extension/lib/x86_64-linux-gnu/pkgconfig:/home/yeap/APC_2022_Prac/airsimversion/autoware.ai/install/lanelet2_extension/lib/pkgconfig:/home/yeap/APC_2022_Prac/airsimversion/autoware.ai/install/lanelet2_validation/lib/x86_64-linux-gnu/pkgconfig:/home/yeap/APC_2022_Prac/airsimversion/autoware.ai/install/lanelet2_validation/lib/pkgconfig:/home/yeap/APC_2022_Prac/airsimversion/autoware.ai/install/lanelet2_routing/lib/x86_64-linux-gnu/pkgconfig:/home/yeap/APC_2022_Prac/airsimversion/autoware.ai/install/lanelet2_routing/lib/pkgconfig:/home/yeap/APC_2022_Prac/airsimversion/autoware.ai/install/lanelet2_projection/lib/x86_64-linux-gnu/pkgconfig:/home/yeap/APC_2022_Prac/airsimversion/autoware.ai/install/lanelet2_projection/lib/pkgconfig:/home/yeap/APC_2022_Prac/airsimversion/autoware.ai/install/lanelet2_traffic_rules/lib/x86_64-linux-gnu/pkgconfig:/home/yeap/APC_2022_Prac/airsimversion/autoware.ai/install/lanelet2_traffic_rules/lib/pkgconfig:/home/yeap/APC_2022_Prac/airsimversion/autoware.ai/install/lanelet2_maps/lib/x86_64-linux-gnu/pkgconfig:/home/yeap/APC_2022_Prac/airsimversion/autoware.ai/install/lanelet2_maps/lib/pkgconfig:/home/yeap/APC_2022_Prac/airsimversion/autoware.ai/install/lanelet2_io/lib/x86_64-linux-gnu/pkgconfig:/home/yeap/APC_2022_Prac/airsimversion/autoware.ai/install/lanelet2_io/lib/pkgconfig:/home/yeap/APC_2022_Prac/airsimversion/autoware.ai/install/vector_map/lib/x86_64-linux-gnu/pkgconfig:/home/yeap/APC_2022_Prac/airsimversion/autoware.ai/install/vector_map/lib/pkgconfig:/home/yeap/APC_2022_Prac/airsimversion/autoware.ai/install/lanelet2_core/lib/x86_64-linux-gnu/pkgconfig:/home/yeap/APC_2022_Prac/airsimversion/autoware.ai/install/lanelet2_core/lib/pkgconfig:/home/yeap/APC_2022_Prac/airsimversion/autoware.ai/install/amathutils_lib/lib/x86_64-linux-gnu/pkgconfig:/home/yeap/APC_2022_Prac/airsimversion/autoware.ai/install/amathutils_lib/lib/pkgconfig:/home/yeap/APC_2022_Prac/airsimversion/autoware.ai/install/vector_map_msgs/lib/x86_64-linux-gnu/pkgconfig:/home/yeap/APC_2022_Prac/airsimversion/autoware.ai/install/vector_map_msgs/lib/pkgconfig:/home/yeap/APC_2022_Prac/airsimversion/autoware.ai/install/autoware_msgs/lib/x86_64-linux-gnu/pkgconfig:/home/yeap/APC_2022_Prac/airsimversion/autoware.ai/install/autoware_msgs/lib/pkgconfig:/home/yeap/APC_2022_Prac/airsimversion/autoware.ai/install/autoware_lanelet2_msgs/lib/x86_64-linux-gnu/pkgconfig:/home/yeap/APC_2022_Prac/airsimversion/autoware.ai/install/autoware_lanelet2_msgs/lib/pkgconfig:${PKG_CONFIG_PATH} PYTHONPATH=/home/yeap/APC_2022_Prac/airsimversion/autoware.ai/install/vector_map_msgs/lib/python2.7/dist-packages:/home/yeap/APC_2022_Prac/airsimversion/autoware.ai/install/autoware_msgs/lib/python2.7/dist-packages:/home/yeap/APC_2022_Prac/airsimversion/autoware.ai/install/autoware_lanelet2_msgs/lib/python2.7/dist-packages:${PYTHONPATH} ROS_PACKAGE_PATH=/home/yeap/APC_2022_Prac/airsimversion/autoware.ai/install/map_file/share:/home/yeap/APC_2022_Prac/airsimversion/autoware.ai/install/lanelet2_extension/share:/home/yeap/APC_2022_Prac/airsimversion/autoware.ai/install/lanelet2_validation/share:/home/yeap/APC_2022_Prac/airsimversion/autoware.ai/install/lanelet2_routing/share:/home/yeap/APC_2022_Prac/airsimversion/autoware.ai/install/lanelet2_projection/share:/home/yeap/APC_2022_Prac/airsimversion/autoware.ai/install/lanelet2_traffic_rules/share:/home/yeap/APC_2022_Prac/airsimversion/autoware.ai/install/lanelet2_maps/share:/home/yeap/APC_2022_Prac/airsimversion/autoware.ai/install/lanelet2_io/share:/home/yeap/APC_2022_Prac/airsimversion/autoware.ai/install/vector_map/share:/home/yeap/APC_2022_Prac/airsimversion/autoware.ai/install/lanelet2_core/share:/home/yeap/APC_2022_Prac/airsimversion/autoware.ai/install/amathutils_lib/share:/home/yeap/APC_2022_Prac/airsimversion/autoware.ai/install/vector_map_msgs/share:/home/yeap/APC_2022_Prac/airsimversion/autoware.ai/install/autoware_msgs/share:/home/yeap/APC_2022_Prac/airsimversion/autoware.ai/install/autoware_lanelet2_msgs/share:${ROS_PACKAGE_PATH} /usr/bin/cmake /home/yeap/APC_2022_Prac/airsimversion/autoware.ai/src/autoware/utilities/lanelet_aisan_converter -DCMAKE_BUILD_TYPE=Release -DCATKIN_INSTALL_INTO_PREFIX_ROOT=0 -DCMAKE_INSTALL_PREFIX=/home/yeap/APC_2022_Prac/airsimversion/autoware.ai/install/lanelet_aisan_converter
[0.172s] -- The C compiler identification is GNU 7.5.0
[0.242s] -- The CXX compiler identification is GNU 7.5.0
[0.249s] -- Check for working C compiler: /usr/bin/cc
[0.331s] -- Check for working C compiler: /usr/bin/cc -- works
[0.331s] -- Detecting C compiler ABI info
[0.410s] -- Detecting C compiler ABI info - done
[0.417s] -- Detecting C compile features
[0.657s] -- Detecting C compile features - done
[0.661s] -- Check for working CXX compiler: /usr/bin/c++
[0.757s] -- Check for working CXX compiler: /usr/bin/c++ -- works
[0.757s] -- Detecting CXX compiler ABI info
[0.850s] -- Detecting CXX compiler ABI info - done
[0.854s] -- Detecting CXX compile features
[1.407s] -- Detecting CXX compile features - done
[1.411s] -- Using CATKIN_DEVEL_PREFIX: /home/yeap/APC_2022_Prac/airsimversion/autoware.ai/build/lanelet_aisan_converter/devel
[1.412s] -- Using CMAKE_PREFIX_PATH: /home/yeap/APC_2022_Prac/airsimversion/autoware.ai/install/map_file;/home/yeap/APC_2022_Prac/airsimversion/autoware.ai/install/lanelet2_extension;/home/yeap/APC_2022_Prac/airsimversion/autoware.ai/install/lanelet2_validation;/home/yeap/APC_2022_Prac/airsimversion/autoware.ai/install/lanelet2_routing;/home/yeap/APC_2022_Prac/airsimversion/autoware.ai/install/lanelet2_projection;/home/yeap/APC_2022_Prac/airsimversion/autoware.ai/install/lanelet2_traffic_rules;/home/yeap/APC_2022_Prac/airsimversion/autoware.ai/install/lanelet2_maps;/home/yeap/APC_2022_Prac/airsimversion/autoware.ai/install/lanelet2_io;/home/yeap/APC_2022_Prac/airsimversion/autoware.ai/install/vector_map;/home/yeap/APC_2022_Prac/airsimversion/autoware.ai/install/lanelet2_core;/home/yeap/APC_2022_Prac/airsimversion/autoware.ai/install/amathutils_lib;/home/yeap/APC_2022_Prac/airsimversion/autoware.ai/install/vector_map_msgs;/home/yeap/APC_2022_Prac/airsimversion/autoware.ai/install/autoware_msgs;/home/yeap/APC_2022_Prac/airsimversion/autoware.ai/install/autoware_lanelet2_msgs;/opt/ros/melodic
[1.413s] -- This workspace overlays: /home/yeap/APC_2022_Prac/airsimversion/autoware.ai/install/map_file;/home/yeap/APC_2022_Prac/airsimversion/autoware.ai/install/lanelet2_extension;/home/yeap/APC_2022_Prac/airsimversion/autoware.ai/install/lanelet2_validation;/home/yeap/APC_2022_Prac/airsimversion/autoware.ai/install/lanelet2_routing;/home/yeap/APC_2022_Prac/airsimversion/autoware.ai/install/lanelet2_projection;/home/yeap/APC_2022_Prac/airsimversion/autoware.ai/install/lanelet2_traffic_rules;/home/yeap/APC_2022_Prac/airsimversion/autoware.ai/install/lanelet2_maps;/home/yeap/APC_2022_Prac/airsimversion/autoware.ai/install/lanelet2_io;/home/yeap/APC_2022_Prac/airsimversion/autoware.ai/install/vector_map;/home/yeap/APC_2022_Prac/airsimversion/autoware.ai/install/lanelet2_core;/home/yeap/APC_2022_Prac/airsimversion/autoware.ai/install/amathutils_lib;/home/yeap/APC_2022_Prac/airsimversion/autoware.ai/install/vector_map_msgs;/home/yeap/APC_2022_Prac/airsimversion/autoware.ai/install/autoware_msgs;/home/yeap/APC_2022_Prac/airsimversion/autoware.ai/install/autoware_lanelet2_msgs;/opt/ros/melodic
[1.430s] -- Found PythonInterp: /usr/bin/python2 (found suitable version "2.7.17", minimum required is "2") 
[1.430s] -- Using PYTHON_EXECUTABLE: /usr/bin/python2
[1.430s] -- Using Debian Python package layout
[1.431s] -- Using empy: /usr/bin/empy
[1.611s] -- Using CATKIN_ENABLE_TESTING: ON
[1.611s] -- Call enable_testing()
[1.614s] -- Using CATKIN_TEST_RESULTS_DIR: /home/yeap/APC_2022_Prac/airsimversion/autoware.ai/build/lanelet_aisan_converter/test_results
[1.641s] -- Found gtest sources under '/usr/src/googletest': gtests will be built
[1.642s] -- Found gmock sources under '/usr/src/googletest': gmock will be built
[1.659s] -- Found PythonInterp: /usr/bin/python2 (found version "2.7.17") 
[1.661s] -- Looking for pthread.h
[1.740s] -- Looking for pthread.h - found
[1.741s] -- Looking for pthread_create
[1.819s] -- Looking for pthread_create - not found
[1.819s] -- Looking for pthread_create in pthreads
[1.881s] -- Looking for pthread_create in pthreads - not found
[1.882s] -- Looking for pthread_create in pthread
[1.960s] -- Looking for pthread_create in pthread - found
[1.962s] -- Found Threads: TRUE  
[1.967s] -- Using Python nosetests: /usr/bin/nosetests-2.7
[2.016s] -- catkin 0.7.29
[2.016s] -- BUILD_SHARED_LIBS is on
[2.185s] -- Using these message generators: gencpp;geneus;genlisp;gennodejs;genpy
[2.662s] -- Boost version: 1.65.1
[2.662s] -- Found the following Boost libraries:
[2.662s] --   filesystem
[2.662s] --   system
[2.937s] -- Configuring done
[3.033s] -- Generating done
[3.050s] -- Build files have been written to: /home/yeap/APC_2022_Prac/airsimversion/autoware.ai/build/lanelet_aisan_converter
[3.060s] Invoked command in '/home/yeap/APC_2022_Prac/airsimversion/autoware.ai/build/lanelet_aisan_converter' returned '0': CMAKE_PREFIX_PATH=/home/yeap/APC_2022_Prac/airsimversion/autoware.ai/install/map_file:/home/yeap/APC_2022_Prac/airsimversion/autoware.ai/install/lanelet2_extension:/home/yeap/APC_2022_Prac/airsimversion/autoware.ai/install/lanelet2_validation:/home/yeap/APC_2022_Prac/airsimversion/autoware.ai/install/lanelet2_routing:/home/yeap/APC_2022_Prac/airsimversion/autoware.ai/install/lanelet2_projection:/home/yeap/APC_2022_Prac/airsimversion/autoware.ai/install/lanelet2_traffic_rules:/home/yeap/APC_2022_Prac/airsimversion/autoware.ai/install/lanelet2_maps:/home/yeap/APC_2022_Prac/airsimversion/autoware.ai/install/lanelet2_io:/home/yeap/APC_2022_Prac/airsimversion/autoware.ai/install/vector_map:/home/yeap/APC_2022_Prac/airsimversion/autoware.ai/install/lanelet2_core:/home/yeap/APC_2022_Prac/airsimversion/autoware.ai/install/amathutils_lib:/home/yeap/APC_2022_Prac/airsimversion/autoware.ai/install/vector_map_msgs:/home/yeap/APC_2022_Prac/airsimversion/autoware.ai/install/autoware_msgs:/home/yeap/APC_2022_Prac/airsimversion/autoware.ai/install/autoware_lanelet2_msgs:${CMAKE_PREFIX_PATH} LD_LIBRARY_PATH=/home/yeap/APC_2022_Prac/airsimversion/autoware.ai/install/map_file/lib:/home/yeap/APC_2022_Prac/airsimversion/autoware.ai/install/lanelet2_extension/lib:/home/yeap/APC_2022_Prac/airsimversion/autoware.ai/install/lanelet2_validation/lib:/home/yeap/APC_2022_Prac/airsimversion/autoware.ai/install/lanelet2_routing/lib:/home/yeap/APC_2022_Prac/airsimversion/autoware.ai/install/lanelet2_projection/lib:/home/yeap/APC_2022_Prac/airsimversion/autoware.ai/install/lanelet2_traffic_rules/lib:/home/yeap/APC_2022_Prac/airsimversion/autoware.ai/install/lanelet2_io/lib:/home/yeap/APC_2022_Prac/airsimversion/autoware.ai/install/vector_map/lib:/home/yeap/APC_2022_Prac/airsimversion/autoware.ai/install/lanelet2_core/lib:/home/yeap/APC_2022_Prac/airsimversion/autoware.ai/install/amathutils_lib/lib:${LD_LIBRARY_PATH} PKG_CONFIG_PATH=/home/yeap/APC_2022_Prac/airsimversion/autoware.ai/install/map_file/lib/x86_64-linux-gnu/pkgconfig:/home/yeap/APC_2022_Prac/airsimversion/autoware.ai/install/map_file/lib/pkgconfig:/home/yeap/APC_2022_Prac/airsimversion/autoware.ai/install/lanelet2_extension/lib/x86_64-linux-gnu/pkgconfig:/home/yeap/APC_2022_Prac/airsimversion/autoware.ai/install/lanelet2_extension/lib/pkgconfig:/home/yeap/APC_2022_Prac/airsimversion/autoware.ai/install/lanelet2_validation/lib/x86_64-linux-gnu/pkgconfig:/home/yeap/APC_2022_Prac/airsimversion/autoware.ai/install/lanelet2_validation/lib/pkgconfig:/home/yeap/APC_2022_Prac/airsimversion/autoware.ai/install/lanelet2_routing/lib/x86_64-linux-gnu/pkgconfig:/home/yeap/APC_2022_Prac/airsimversion/autoware.ai/install/lanelet2_routing/lib/pkgconfig:/home/yeap/APC_2022_Prac/airsimversion/autoware.ai/install/lanelet2_projection/lib/x86_64-linux-gnu/pkgconfig:/home/yeap/APC_2022_Prac/airsimversion/autoware.ai/install/lanelet2_projection/lib/pkgconfig:/home/yeap/APC_2022_Prac/airsimversion/autoware.ai/install/lanelet2_traffic_rules/lib/x86_64-linux-gnu/pkgconfig:/home/yeap/APC_2022_Prac/airsimversion/autoware.ai/install/lanelet2_traffic_rules/lib/pkgconfig:/home/yeap/APC_2022_Prac/airsimversion/autoware.ai/install/lanelet2_maps/lib/x86_64-linux-gnu/pkgconfig:/home/yeap/APC_2022_Prac/airsimversion/autoware.ai/install/lanelet2_maps/lib/pkgconfig:/home/yeap/APC_2022_Prac/airsimversion/autoware.ai/install/lanelet2_io/lib/x86_64-linux-gnu/pkgconfig:/home/yeap/APC_2022_Prac/airsimversion/autoware.ai/install/lanelet2_io/lib/pkgconfig:/home/yeap/APC_2022_Prac/airsimversion/autoware.ai/install/vector_map/lib/x86_64-linux-gnu/pkgconfig:/home/yeap/APC_2022_Prac/airsimversion/autoware.ai/install/vector_map/lib/pkgconfig:/home/yeap/APC_2022_Prac/airsimversion/autoware.ai/install/lanelet2_core/lib/x86_64-linux-gnu/pkgconfig:/home/yeap/APC_2022_Prac/airsimversion/autoware.ai/install/lanelet2_core/lib/pkgconfig:/home/yeap/APC_2022_Prac/airsimversion/autoware.ai/install/amathutils_lib/lib/x86_64-linux-gnu/pkgconfig:/home/yeap/APC_2022_Prac/airsimversion/autoware.ai/install/amathutils_lib/lib/pkgconfig:/home/yeap/APC_2022_Prac/airsimversion/autoware.ai/install/vector_map_msgs/lib/x86_64-linux-gnu/pkgconfig:/home/yeap/APC_2022_Prac/airsimversion/autoware.ai/install/vector_map_msgs/lib/pkgconfig:/home/yeap/APC_2022_Prac/airsimversion/autoware.ai/install/autoware_msgs/lib/x86_64-linux-gnu/pkgconfig:/home/yeap/APC_2022_Prac/airsimversion/autoware.ai/install/autoware_msgs/lib/pkgconfig:/home/yeap/APC_2022_Prac/airsimversion/autoware.ai/install/autoware_lanelet2_msgs/lib/x86_64-linux-gnu/pkgconfig:/home/yeap/APC_2022_Prac/airsimversion/autoware.ai/install/autoware_lanelet2_msgs/lib/pkgconfig:${PKG_CONFIG_PATH} PYTHONPATH=/home/yeap/APC_2022_Prac/airsimversion/autoware.ai/install/vector_map_msgs/lib/python2.7/dist-packages:/home/yeap/APC_2022_Prac/airsimversion/autoware.ai/install/autoware_msgs/lib/python2.7/dist-packages:/home/yeap/APC_2022_Prac/airsimversion/autoware.ai/install/autoware_lanelet2_msgs/lib/python2.7/dist-packages:${PYTHONPATH} ROS_PACKAGE_PATH=/home/yeap/APC_2022_Prac/airsimversion/autoware.ai/install/map_file/share:/home/yeap/APC_2022_Prac/airsimversion/autoware.ai/install/lanelet2_extension/share:/home/yeap/APC_2022_Prac/airsimversion/autoware.ai/install/lanelet2_validation/share:/home/yeap/APC_2022_Prac/airsimversion/autoware.ai/install/lanelet2_routing/share:/home/yeap/APC_2022_Prac/airsimversion/autoware.ai/install/lanelet2_projection/share:/home/yeap/APC_2022_Prac/airsimversion/autoware.ai/install/lanelet2_traffic_rules/share:/home/yeap/APC_2022_Prac/airsimversion/autoware.ai/install/lanelet2_maps/share:/home/yeap/APC_2022_Prac/airsimversion/autoware.ai/install/lanelet2_io/share:/home/yeap/APC_2022_Prac/airsimversion/autoware.ai/install/vector_map/share:/home/yeap/APC_2022_Prac/airsimversion/autoware.ai/install/lanelet2_core/share:/home/yeap/APC_2022_Prac/airsimversion/autoware.ai/install/amathutils_lib/share:/home/yeap/APC_2022_Prac/airsimversion/autoware.ai/install/vector_map_msgs/share:/home/yeap/APC_2022_Prac/airsimversion/autoware.ai/install/autoware_msgs/share:/home/yeap/APC_2022_Prac/airsimversion/autoware.ai/install/autoware_lanelet2_msgs/share:${ROS_PACKAGE_PATH} /usr/bin/cmake /home/yeap/APC_2022_Prac/airsimversion/autoware.ai/src/autoware/utilities/lanelet_aisan_converter -DCMAKE_BUILD_TYPE=Release -DCATKIN_INSTALL_INTO_PREFIX_ROOT=0 -DCMAKE_INSTALL_PREFIX=/home/yeap/APC_2022_Prac/airsimversion/autoware.ai/install/lanelet_aisan_converter
[3.062s] Invoking command in '/home/yeap/APC_2022_Prac/airsimversion/autoware.ai/build/lanelet_aisan_converter': CMAKE_PREFIX_PATH=/home/yeap/APC_2022_Prac/airsimversion/autoware.ai/install/map_file:/home/yeap/APC_2022_Prac/airsimversion/autoware.ai/install/lanelet2_extension:/home/yeap/APC_2022_Prac/airsimversion/autoware.ai/install/lanelet2_validation:/home/yeap/APC_2022_Prac/airsimversion/autoware.ai/install/lanelet2_routing:/home/yeap/APC_2022_Prac/airsimversion/autoware.ai/install/lanelet2_projection:/home/yeap/APC_2022_Prac/airsimversion/autoware.ai/install/lanelet2_traffic_rules:/home/yeap/APC_2022_Prac/airsimversion/autoware.ai/install/lanelet2_maps:/home/yeap/APC_2022_Prac/airsimversion/autoware.ai/install/lanelet2_io:/home/yeap/APC_2022_Prac/airsimversion/autoware.ai/install/vector_map:/home/yeap/APC_2022_Prac/airsimversion/autoware.ai/install/lanelet2_core:/home/yeap/APC_2022_Prac/airsimversion/autoware.ai/install/amathutils_lib:/home/yeap/APC_2022_Prac/airsimversion/autoware.ai/install/vector_map_msgs:/home/yeap/APC_2022_Prac/airsimversion/autoware.ai/install/autoware_msgs:/home/yeap/APC_2022_Prac/airsimversion/autoware.ai/install/autoware_lanelet2_msgs:${CMAKE_PREFIX_PATH} LD_LIBRARY_PATH=/home/yeap/APC_2022_Prac/airsimversion/autoware.ai/install/map_file/lib:/home/yeap/APC_2022_Prac/airsimversion/autoware.ai/install/lanelet2_extension/lib:/home/yeap/APC_2022_Prac/airsimversion/autoware.ai/install/lanelet2_validation/lib:/home/yeap/APC_2022_Prac/airsimversion/autoware.ai/install/lanelet2_routing/lib:/home/yeap/APC_2022_Prac/airsimversion/autoware.ai/install/lanelet2_projection/lib:/home/yeap/APC_2022_Prac/airsimversion/autoware.ai/install/lanelet2_traffic_rules/lib:/home/yeap/APC_2022_Prac/airsimversion/autoware.ai/install/lanelet2_io/lib:/home/yeap/APC_2022_Prac/airsimversion/autoware.ai/install/vector_map/lib:/home/yeap/APC_2022_Prac/airsimversion/autoware.ai/install/lanelet2_core/lib:/home/yeap/APC_2022_Prac/airsimversion/autoware.ai/install/amathutils_lib/lib:${LD_LIBRARY_PATH} PKG_CONFIG_PATH=/home/yeap/APC_2022_Prac/airsimversion/autoware.ai/install/map_file/lib/x86_64-linux-gnu/pkgconfig:/home/yeap/APC_2022_Prac/airsimversion/autoware.ai/install/map_file/lib/pkgconfig:/home/yeap/APC_2022_Prac/airsimversion/autoware.ai/install/lanelet2_extension/lib/x86_64-linux-gnu/pkgconfig:/home/yeap/APC_2022_Prac/airsimversion/autoware.ai/install/lanelet2_extension/lib/pkgconfig:/home/yeap/APC_2022_Prac/airsimversion/autoware.ai/install/lanelet2_validation/lib/x86_64-linux-gnu/pkgconfig:/home/yeap/APC_2022_Prac/airsimversion/autoware.ai/install/lanelet2_validation/lib/pkgconfig:/home/yeap/APC_2022_Prac/airsimversion/autoware.ai/install/lanelet2_routing/lib/x86_64-linux-gnu/pkgconfig:/home/yeap/APC_2022_Prac/airsimversion/autoware.ai/install/lanelet2_routing/lib/pkgconfig:/home/yeap/APC_2022_Prac/airsimversion/autoware.ai/install/lanelet2_projection/lib/x86_64-linux-gnu/pkgconfig:/home/yeap/APC_2022_Prac/airsimversion/autoware.ai/install/lanelet2_projection/lib/pkgconfig:/home/yeap/APC_2022_Prac/airsimversion/autoware.ai/install/lanelet2_traffic_rules/lib/x86_64-linux-gnu/pkgconfig:/home/yeap/APC_2022_Prac/airsimversion/autoware.ai/install/lanelet2_traffic_rules/lib/pkgconfig:/home/yeap/APC_2022_Prac/airsimversion/autoware.ai/install/lanelet2_maps/lib/x86_64-linux-gnu/pkgconfig:/home/yeap/APC_2022_Prac/airsimversion/autoware.ai/install/lanelet2_maps/lib/pkgconfig:/home/yeap/APC_2022_Prac/airsimversion/autoware.ai/install/lanelet2_io/lib/x86_64-linux-gnu/pkgconfig:/home/yeap/APC_2022_Prac/airsimversion/autoware.ai/install/lanelet2_io/lib/pkgconfig:/home/yeap/APC_2022_Prac/airsimversion/autoware.ai/install/vector_map/lib/x86_64-linux-gnu/pkgconfig:/home/yeap/APC_2022_Prac/airsimversion/autoware.ai/install/vector_map/lib/pkgconfig:/home/yeap/APC_2022_Prac/airsimversion/autoware.ai/install/lanelet2_core/lib/x86_64-linux-gnu/pkgconfig:/home/yeap/APC_2022_Prac/airsimversion/autoware.ai/install/lanelet2_core/lib/pkgconfig:/home/yeap/APC_2022_Prac/airsimversion/autoware.ai/install/amathutils_lib/lib/x86_64-linux-gnu/pkgconfig:/home/yeap/APC_2022_Prac/airsimversion/autoware.ai/install/amathutils_lib/lib/pkgconfig:/home/yeap/APC_2022_Prac/airsimversion/autoware.ai/install/vector_map_msgs/lib/x86_64-linux-gnu/pkgconfig:/home/yeap/APC_2022_Prac/airsimversion/autoware.ai/install/vector_map_msgs/lib/pkgconfig:/home/yeap/APC_2022_Prac/airsimversion/autoware.ai/install/autoware_msgs/lib/x86_64-linux-gnu/pkgconfig:/home/yeap/APC_2022_Prac/airsimversion/autoware.ai/install/autoware_msgs/lib/pkgconfig:/home/yeap/APC_2022_Prac/airsimversion/autoware.ai/install/autoware_lanelet2_msgs/lib/x86_64-linux-gnu/pkgconfig:/home/yeap/APC_2022_Prac/airsimversion/autoware.ai/install/autoware_lanelet2_msgs/lib/pkgconfig:${PKG_CONFIG_PATH} PYTHONPATH=/home/yeap/APC_2022_Prac/airsimversion/autoware.ai/install/vector_map_msgs/lib/python2.7/dist-packages:/home/yeap/APC_2022_Prac/airsimversion/autoware.ai/install/autoware_msgs/lib/python2.7/dist-packages:/home/yeap/APC_2022_Prac/airsimversion/autoware.ai/install/autoware_lanelet2_msgs/lib/python2.7/dist-packages:${PYTHONPATH} ROS_PACKAGE_PATH=/home/yeap/APC_2022_Prac/airsimversion/autoware.ai/install/map_file/share:/home/yeap/APC_2022_Prac/airsimversion/autoware.ai/install/lanelet2_extension/share:/home/yeap/APC_2022_Prac/airsimversion/autoware.ai/install/lanelet2_validation/share:/home/yeap/APC_2022_Prac/airsimversion/autoware.ai/install/lanelet2_routing/share:/home/yeap/APC_2022_Prac/airsimversion/autoware.ai/install/lanelet2_projection/share:/home/yeap/APC_2022_Prac/airsimversion/autoware.ai/install/lanelet2_traffic_rules/share:/home/yeap/APC_2022_Prac/airsimversion/autoware.ai/install/lanelet2_maps/share:/home/yeap/APC_2022_Prac/airsimversion/autoware.ai/install/lanelet2_io/share:/home/yeap/APC_2022_Prac/airsimversion/autoware.ai/install/vector_map/share:/home/yeap/APC_2022_Prac/airsimversion/autoware.ai/install/lanelet2_core/share:/home/yeap/APC_2022_Prac/airsimversion/autoware.ai/install/amathutils_lib/share:/home/yeap/APC_2022_Prac/airsimversion/autoware.ai/install/vector_map_msgs/share:/home/yeap/APC_2022_Prac/airsimversion/autoware.ai/install/autoware_msgs/share:/home/yeap/APC_2022_Prac/airsimversion/autoware.ai/install/autoware_lanelet2_msgs/share:${ROS_PACKAGE_PATH} /usr/bin/cmake --build /home/yeap/APC_2022_Prac/airsimversion/autoware.ai/build/lanelet_aisan_converter -- -j6 -l6
[3.150s] [35m[1mScanning dependencies of target uuid_msgs_generate_messages_cpp[0m
[3.170s] [  0%] Built target uuid_msgs_generate_messages_cpp
[3.193s] [35m[1mScanning dependencies of target vector_map_msgs_generate_messages_cpp[0m
[3.213s] [  0%] Built target vector_map_msgs_generate_messages_cpp
[3.236s] [35m[1mScanning dependencies of target visualization_msgs_generate_messages_py[0m
[3.259s] [  0%] Built target visualization_msgs_generate_messages_py
[3.307s] [35m[1mScanning dependencies of target visualization_msgs_generate_messages_nodejs[0m
[3.336s] [  0%] Built target visualization_msgs_generate_messages_nodejs
[3.371s] [35m[1mScanning dependencies of target visualization_msgs_generate_messages_eus[0m
[3.384s] [  0%] Built target visualization_msgs_generate_messages_eus
[3.408s] [35m[1mScanning dependencies of target uuid_msgs_generate_messages_nodejs[0m
[3.438s] [  0%] Built target uuid_msgs_generate_messages_nodejs
[3.456s] [35m[1mScanning dependencies of target uuid_msgs_generate_messages_lisp[0m
[3.508s] [  0%] Built target uuid_msgs_generate_messages_lisp
[3.523s] [35m[1mScanning dependencies of target geometry_msgs_generate_messages_py[0m
[3.545s] [  0%] Built target geometry_msgs_generate_messages_py
[3.564s] [35m[1mScanning dependencies of target sensor_msgs_generate_messages_nodejs[0m
[3.613s] [  0%] Built target sensor_msgs_generate_messages_nodejs
[3.628s] [35m[1mScanning dependencies of target actionlib_generate_messages_cpp[0m
[3.654s] [  0%] Built target actionlib_generate_messages_cpp
[3.675s] [35m[1mScanning dependencies of target pcl_msgs_generate_messages_eus[0m
[3.703s] [  0%] Built target pcl_msgs_generate_messages_eus
[3.724s] [35m[1mScanning dependencies of target rosgraph_msgs_generate_messages_eus[0m
[3.764s] [  0%] Built target rosgraph_msgs_generate_messages_eus
[3.777s] [35m[1mScanning dependencies of target jsk_recognition_msgs_generate_messages_lisp[0m
[3.801s] [  0%] Built target jsk_recognition_msgs_generate_messages_lisp
[3.840s] [35m[1mScanning dependencies of target jsk_recognition_msgs_generate_messages_eus[0m
[3.864s] [  0%] Built target jsk_recognition_msgs_generate_messages_eus
[3.888s] [35m[1mScanning dependencies of target tf2_msgs_generate_messages_cpp[0m
[3.901s] [  0%] Built target tf2_msgs_generate_messages_cpp
[3.913s] [35m[1mScanning dependencies of target std_msgs_generate_messages_py[0m
[3.928s] [  0%] Built target std_msgs_generate_messages_py
[3.943s] [35m[1mScanning dependencies of target autoware_msgs_generate_messages_py[0m
[3.959s] [  0%] Built target autoware_msgs_generate_messages_py
[3.982s] [35m[1mScanning dependencies of target std_msgs_generate_messages_nodejs[0m
[4.007s] [  0%] Built target std_msgs_generate_messages_nodejs
[4.024s] [35m[1mScanning dependencies of target sensor_msgs_generate_messages_eus[0m
[4.040s] [  0%] Built target sensor_msgs_generate_messages_eus
[4.058s] [35m[1mScanning dependencies of target _catkin_empty_exported_target[0m
[4.089s] [  0%] Built target _catkin_empty_exported_target
[4.110s] [35m[1mScanning dependencies of target sensor_msgs_generate_messages_cpp[0m
[4.123s] [  0%] Built target sensor_msgs_generate_messages_cpp
[4.135s] [35m[1mScanning dependencies of target autoware_msgs_generate_messages_cpp[0m
[4.148s] [  0%] Built target autoware_msgs_generate_messages_cpp
[4.161s] [35m[1mScanning dependencies of target rosgraph_msgs_generate_messages_cpp[0m
[4.174s] [  0%] Built target rosgraph_msgs_generate_messages_cpp
[4.187s] [35m[1mScanning dependencies of target pcl_msgs_generate_messages_nodejs[0m
[4.201s] [  0%] Built target pcl_msgs_generate_messages_nodejs
[4.216s] [35m[1mScanning dependencies of target jsk_recognition_msgs_generate_messages_py[0m
[4.230s] [  0%] Built target jsk_recognition_msgs_generate_messages_py
[4.242s] [35m[1mScanning dependencies of target sensor_msgs_generate_messages_lisp[0m
[4.256s] [  0%] Built target sensor_msgs_generate_messages_lisp
[4.269s] [35m[1mScanning dependencies of target sensor_msgs_generate_messages_py[0m
[4.281s] [  0%] Built target sensor_msgs_generate_messages_py
[4.295s] [35m[1mScanning dependencies of target tf_generate_messages_py[0m
[4.307s] [  0%] Built target tf_generate_messages_py
[4.320s] [35m[1mScanning dependencies of target std_msgs_generate_messages_cpp[0m
[4.333s] [  0%] Built target std_msgs_generate_messages_cpp
[4.345s] [35m[1mScanning dependencies of target jsk_footstep_msgs_generate_messages_py[0m
[4.359s] [  0%] Built target jsk_footstep_msgs_generate_messages_py
[4.372s] [35m[1mScanning dependencies of target actionlib_msgs_generate_messages_nodejs[0m
[4.385s] [  0%] Built target actionlib_msgs_generate_messages_nodejs
[4.398s] [35m[1mScanning dependencies of target uuid_msgs_generate_messages_py[0m
[4.411s] [  0%] Built target uuid_msgs_generate_messages_py
[4.424s] [35m[1mScanning dependencies of target geometry_msgs_generate_messages_eus[0m
[4.437s] [  0%] Built target geometry_msgs_generate_messages_eus
[4.451s] [35m[1mScanning dependencies of target std_msgs_generate_messages_lisp[0m
[4.464s] [  0%] Built target std_msgs_generate_messages_lisp
[4.477s] [35m[1mScanning dependencies of target roscpp_generate_messages_nodejs[0m
[4.490s] [  0%] Built target roscpp_generate_messages_nodejs
[4.503s] [35m[1mScanning dependencies of target geometry_msgs_generate_messages_nodejs[0m
[4.516s] [  0%] Built target geometry_msgs_generate_messages_nodejs
[4.530s] [35m[1mScanning dependencies of target geometry_msgs_generate_messages_lisp[0m
[4.543s] [  0%] Built target geometry_msgs_generate_messages_lisp
[4.557s] [35m[1mScanning dependencies of target pcl_msgs_generate_messages_cpp[0m
[4.572s] [  0%] Built target pcl_msgs_generate_messages_cpp
[4.585s] [35m[1mScanning dependencies of target geographic_msgs_generate_messages_cpp[0m
[4.599s] [  0%] Built target geographic_msgs_generate_messages_cpp
[4.611s] [35m[1mScanning dependencies of target jsk_recognition_msgs_generate_messages_cpp[0m
[4.624s] [  0%] Built target jsk_recognition_msgs_generate_messages_cpp
[4.637s] [35m[1mScanning dependencies of target autoware_msgs_generate_messages_eus[0m
[4.653s] [  0%] Built target autoware_msgs_generate_messages_eus
[4.666s] [35m[1mScanning dependencies of target autoware_msgs_generate_messages_lisp[0m
[4.683s] [  0%] Built target autoware_msgs_generate_messages_lisp
[4.697s] [35m[1mScanning dependencies of target visualization_msgs_generate_messages_lisp[0m
[4.710s] [  0%] Built target visualization_msgs_generate_messages_lisp
[4.723s] [35m[1mScanning dependencies of target std_msgs_generate_messages_eus[0m
[4.737s] [  0%] Built target std_msgs_generate_messages_eus
[4.752s] [35m[1mScanning dependencies of target jsk_footstep_msgs_generate_messages_eus[0m
[4.765s] [  0%] Built target jsk_footstep_msgs_generate_messages_eus
[4.778s] [35m[1mScanning dependencies of target actionlib_msgs_generate_messages_py[0m
[4.791s] [  0%] Built target actionlib_msgs_generate_messages_py
[4.804s] [35m[1mScanning dependencies of target jsk_footstep_msgs_generate_messages_lisp[0m
[4.817s] [  0%] Built target jsk_footstep_msgs_generate_messages_lisp
[4.831s] [35m[1mScanning dependencies of target jsk_footstep_msgs_generate_messages_nodejs[0m
[4.844s] [  0%] Built target jsk_footstep_msgs_generate_messages_nodejs
[4.858s] [35m[1mScanning dependencies of target actionlib_msgs_generate_messages_lisp[0m
[4.872s] [  0%] Built target actionlib_msgs_generate_messages_lisp
[4.885s] [35m[1mScanning dependencies of target jsk_footstep_msgs_generate_messages_cpp[0m
[4.898s] [  0%] Built target jsk_footstep_msgs_generate_messages_cpp
[4.911s] [35m[1mScanning dependencies of target actionlib_msgs_generate_messages_cpp[0m
[4.924s] [  0%] Built target actionlib_msgs_generate_messages_cpp
[4.937s] [35m[1mScanning dependencies of target tf_generate_messages_eus[0m
[4.953s] [  0%] Built target tf_generate_messages_eus
[4.966s] [35m[1mScanning dependencies of target tf_generate_messages_lisp[0m
[4.980s] [  0%] Built target tf_generate_messages_lisp
[4.993s] [35m[1mScanning dependencies of target tf_generate_messages_nodejs[0m
[5.008s] [  0%] Built target tf_generate_messages_nodejs
[5.021s] [35m[1mScanning dependencies of target jsk_recognition_msgs_generate_messages_nodejs[0m
[5.034s] [  0%] Built target jsk_recognition_msgs_generate_messages_nodejs
[5.048s] [35m[1mScanning dependencies of target roscpp_generate_messages_lisp[0m
[5.074s] [  0%] Built target roscpp_generate_messages_lisp
[5.087s] [35m[1mScanning dependencies of target roscpp_generate_messages_py[0m
[5.100s] [  0%] Built target roscpp_generate_messages_py
[5.113s] [35m[1mScanning dependencies of target rosgraph_msgs_generate_messages_lisp[0m
[5.127s] [  0%] Built target rosgraph_msgs_generate_messages_lisp
[5.140s] [35m[1mScanning dependencies of target rosgraph_msgs_generate_messages_nodejs[0m
[5.155s] [  0%] Built target rosgraph_msgs_generate_messages_nodejs
[5.168s] [35m[1mScanning dependencies of target geographic_msgs_generate_messages_lisp[0m
[5.182s] [  0%] Built target geographic_msgs_generate_messages_lisp
[5.195s] [35m[1mScanning dependencies of target roscpp_generate_messages_eus[0m
[5.211s] [  0%] Built target roscpp_generate_messages_eus
[5.224s] [35m[1mScanning dependencies of target actionlib_msgs_generate_messages_eus[0m
[5.237s] [  0%] Built target actionlib_msgs_generate_messages_eus
[5.252s] [35m[1mScanning dependencies of target rosgraph_msgs_generate_messages_py[0m
[5.266s] [  0%] Built target rosgraph_msgs_generate_messages_py
[5.279s] [35m[1mScanning dependencies of target pcl_msgs_generate_messages_py[0m
[5.293s] [  0%] Built target pcl_msgs_generate_messages_py
[5.306s] [35m[1mScanning dependencies of target actionlib_generate_messages_eus[0m
[5.320s] [  0%] Built target actionlib_generate_messages_eus
[5.332s] [35m[1mScanning dependencies of target geometry_msgs_generate_messages_cpp[0m
[5.347s] [  0%] Built target geometry_msgs_generate_messages_cpp
[5.361s] [35m[1mScanning dependencies of target actionlib_generate_messages_lisp[0m
[5.374s] [  0%] Built target actionlib_generate_messages_lisp
[5.387s] [35m[1mScanning dependencies of target pcl_msgs_generate_messages_lisp[0m
[5.414s] [  0%] Built target pcl_msgs_generate_messages_lisp
[5.435s] [35m[1mScanning dependencies of target tf_generate_messages_cpp[0m
[5.449s] [  0%] Built target tf_generate_messages_cpp
[5.508s] [35m[1mScanning dependencies of target actionlib_generate_messages_nodejs[0m
[5.529s] [  0%] Built target actionlib_generate_messages_nodejs
[5.546s] [35m[1mScanning dependencies of target geographic_msgs_generate_messages_nodejs[0m
[5.561s] [  0%] Built target geographic_msgs_generate_messages_nodejs
[5.574s] [35m[1mScanning dependencies of target visualization_msgs_generate_messages_cpp[0m
[5.589s] [  0%] Built target visualization_msgs_generate_messages_cpp
[5.604s] [35m[1mScanning dependencies of target tf2_msgs_generate_messages_eus[0m
[5.618s] [  0%] Built target tf2_msgs_generate_messages_eus
[5.635s] [35m[1mScanning dependencies of target tf2_msgs_generate_messages_lisp[0m
[5.665s] [  0%] Built target tf2_msgs_generate_messages_lisp
[5.679s] [35m[1mScanning dependencies of target actionlib_generate_messages_py[0m
[5.692s] [  0%] Built target actionlib_generate_messages_py
[5.713s] [35m[1mScanning dependencies of target tf2_msgs_generate_messages_py[0m
[5.729s] [  0%] Built target tf2_msgs_generate_messages_py
[5.742s] [35m[1mScanning dependencies of target tf2_msgs_generate_messages_nodejs[0m
[5.756s] [  0%] Built target tf2_msgs_generate_messages_nodejs
[5.769s] [35m[1mScanning dependencies of target autoware_msgs_generate_messages_nodejs[0m
[5.782s] [  0%] Built target autoware_msgs_generate_messages_nodejs
[5.795s] [35m[1mScanning dependencies of target geographic_msgs_generate_messages_eus[0m
[5.808s] [  0%] Built target geographic_msgs_generate_messages_eus
[5.821s] [35m[1mScanning dependencies of target roscpp_generate_messages_cpp[0m
[5.834s] [  0%] Built target roscpp_generate_messages_cpp
[5.848s] [35m[1mScanning dependencies of target geographic_msgs_generate_messages_py[0m
[5.864s] [  0%] Built target geographic_msgs_generate_messages_py
[5.877s] [35m[1mScanning dependencies of target uuid_msgs_generate_messages_eus[0m
[5.891s] [  0%] Built target uuid_msgs_generate_messages_eus
[5.906s] [35m[1mScanning dependencies of target vector_map_msgs_generate_messages_eus[0m
[5.922s] [  0%] Built target vector_map_msgs_generate_messages_eus
[5.936s] [35m[1mScanning dependencies of target vector_map_msgs_generate_messages_lisp[0m
[5.956s] [  0%] Built target vector_map_msgs_generate_messages_lisp
[5.982s] [35m[1mScanning dependencies of target vector_map_msgs_generate_messages_nodejs[0m
[6.008s] [  0%] Built target vector_map_msgs_generate_messages_nodejs
[6.029s] [35m[1mScanning dependencies of target vector_map_msgs_generate_messages_py[0m
[6.044s] [  0%] Built target vector_map_msgs_generate_messages_py
[6.060s] [35m[1mScanning dependencies of target lanelet_helper[0m
[6.153s] [  9%] [32mBuilding CXX object CMakeFiles/lanelet_helper.dir/lib/lanelet_helper/lanelet_helper.cpp.o[0m
[17.543s] [ 18%] [32m[1mLinking CXX static library devel/lib/liblanelet_helper.a[0m
[17.592s] [ 18%] Built target lanelet_helper
[17.605s] [35m[1mScanning dependencies of target aisan_map[0m
[17.623s] [ 27%] [32mBuilding CXX object CMakeFiles/aisan_map.dir/lib/aisan_map/aisan_map.cpp.o[0m
[20.031s] [ 36%] [32m[1mLinking CXX static library devel/lib/libaisan_map.a[0m
[20.069s] [ 36%] Built target aisan_map
[20.082s] [35m[1mScanning dependencies of target lanelet2aisan_converter[0m
[20.169s] [ 45%] [32mBuilding CXX object CMakeFiles/lanelet2aisan_converter.dir/lib/lanelet2aisan_converter/create_basic_shape.cpp.o[0m
[23.698s] [ 54%] [32mBuilding CXX object CMakeFiles/lanelet2aisan_converter.dir/lib/lanelet2aisan_converter/lanelet2aisan_converter.cpp.o[0m
[30.086s] [ 63%] [32mBuilding CXX object CMakeFiles/lanelet2aisan_converter.dir/lib/lanelet2aisan_converter/overwrite.cpp.o[0m
[36.711s] [ 72%] [32mBuilding CXX object CMakeFiles/lanelet2aisan_converter.dir/lib/lanelet2aisan_converter/create_feature.cpp.o[0m
[49.270s] [ 81%] [32m[1mLinking CXX static library devel/lib/liblanelet2aisan_converter.a[0m
[49.314s] [ 81%] Built target lanelet2aisan_converter
[49.327s] [35m[1mScanning dependencies of target lanelet2aisan[0m
[49.388s] [ 90%] [32mBuilding CXX object CMakeFiles/lanelet2aisan.dir/nodes/lanelet2aisan/lanelet2aisan.cpp.o[0m
[53.691s] [100%] [32m[1mLinking CXX executable devel/lib/lanelet_aisan_converter/lanelet2aisan[0m
[54.111s] [100%] Built target lanelet2aisan
[54.126s] Invoked command in '/home/yeap/APC_2022_Prac/airsimversion/autoware.ai/build/lanelet_aisan_converter' returned '0': CMAKE_PREFIX_PATH=/home/yeap/APC_2022_Prac/airsimversion/autoware.ai/install/map_file:/home/yeap/APC_2022_Prac/airsimversion/autoware.ai/install/lanelet2_extension:/home/yeap/APC_2022_Prac/airsimversion/autoware.ai/install/lanelet2_validation:/home/yeap/APC_2022_Prac/airsimversion/autoware.ai/install/lanelet2_routing:/home/yeap/APC_2022_Prac/airsimversion/autoware.ai/install/lanelet2_projection:/home/yeap/APC_2022_Prac/airsimversion/autoware.ai/install/lanelet2_traffic_rules:/home/yeap/APC_2022_Prac/airsimversion/autoware.ai/install/lanelet2_maps:/home/yeap/APC_2022_Prac/airsimversion/autoware.ai/install/lanelet2_io:/home/yeap/APC_2022_Prac/airsimversion/autoware.ai/install/vector_map:/home/yeap/APC_2022_Prac/airsimversion/autoware.ai/install/lanelet2_core:/home/yeap/APC_2022_Prac/airsimversion/autoware.ai/install/amathutils_lib:/home/yeap/APC_2022_Prac/airsimversion/autoware.ai/install/vector_map_msgs:/home/yeap/APC_2022_Prac/airsimversion/autoware.ai/install/autoware_msgs:/home/yeap/APC_2022_Prac/airsimversion/autoware.ai/install/autoware_lanelet2_msgs:${CMAKE_PREFIX_PATH} LD_LIBRARY_PATH=/home/yeap/APC_2022_Prac/airsimversion/autoware.ai/install/map_file/lib:/home/yeap/APC_2022_Prac/airsimversion/autoware.ai/install/lanelet2_extension/lib:/home/yeap/APC_2022_Prac/airsimversion/autoware.ai/install/lanelet2_validation/lib:/home/yeap/APC_2022_Prac/airsimversion/autoware.ai/install/lanelet2_routing/lib:/home/yeap/APC_2022_Prac/airsimversion/autoware.ai/install/lanelet2_projection/lib:/home/yeap/APC_2022_Prac/airsimversion/autoware.ai/install/lanelet2_traffic_rules/lib:/home/yeap/APC_2022_Prac/airsimversion/autoware.ai/install/lanelet2_io/lib:/home/yeap/APC_2022_Prac/airsimversion/autoware.ai/install/vector_map/lib:/home/yeap/APC_2022_Prac/airsimversion/autoware.ai/install/lanelet2_core/lib:/home/yeap/APC_2022_Prac/airsimversion/autoware.ai/install/amathutils_lib/lib:${LD_LIBRARY_PATH} PKG_CONFIG_PATH=/home/yeap/APC_2022_Prac/airsimversion/autoware.ai/install/map_file/lib/x86_64-linux-gnu/pkgconfig:/home/yeap/APC_2022_Prac/airsimversion/autoware.ai/install/map_file/lib/pkgconfig:/home/yeap/APC_2022_Prac/airsimversion/autoware.ai/install/lanelet2_extension/lib/x86_64-linux-gnu/pkgconfig:/home/yeap/APC_2022_Prac/airsimversion/autoware.ai/install/lanelet2_extension/lib/pkgconfig:/home/yeap/APC_2022_Prac/airsimversion/autoware.ai/install/lanelet2_validation/lib/x86_64-linux-gnu/pkgconfig:/home/yeap/APC_2022_Prac/airsimversion/autoware.ai/install/lanelet2_validation/lib/pkgconfig:/home/yeap/APC_2022_Prac/airsimversion/autoware.ai/install/lanelet2_routing/lib/x86_64-linux-gnu/pkgconfig:/home/yeap/APC_2022_Prac/airsimversion/autoware.ai/install/lanelet2_routing/lib/pkgconfig:/home/yeap/APC_2022_Prac/airsimversion/autoware.ai/install/lanelet2_projection/lib/x86_64-linux-gnu/pkgconfig:/home/yeap/APC_2022_Prac/airsimversion/autoware.ai/install/lanelet2_projection/lib/pkgconfig:/home/yeap/APC_2022_Prac/airsimversion/autoware.ai/install/lanelet2_traffic_rules/lib/x86_64-linux-gnu/pkgconfig:/home/yeap/APC_2022_Prac/airsimversion/autoware.ai/install/lanelet2_traffic_rules/lib/pkgconfig:/home/yeap/APC_2022_Prac/airsimversion/autoware.ai/install/lanelet2_maps/lib/x86_64-linux-gnu/pkgconfig:/home/yeap/APC_2022_Prac/airsimversion/autoware.ai/install/lanelet2_maps/lib/pkgconfig:/home/yeap/APC_2022_Prac/airsimversion/autoware.ai/install/lanelet2_io/lib/x86_64-linux-gnu/pkgconfig:/home/yeap/APC_2022_Prac/airsimversion/autoware.ai/install/lanelet2_io/lib/pkgconfig:/home/yeap/APC_2022_Prac/airsimversion/autoware.ai/install/vector_map/lib/x86_64-linux-gnu/pkgconfig:/home/yeap/APC_2022_Prac/airsimversion/autoware.ai/install/vector_map/lib/pkgconfig:/home/yeap/APC_2022_Prac/airsimversion/autoware.ai/install/lanelet2_core/lib/x86_64-linux-gnu/pkgconfig:/home/yeap/APC_2022_Prac/airsimversion/autoware.ai/install/lanelet2_core/lib/pkgconfig:/home/yeap/APC_2022_Prac/airsimversion/autoware.ai/install/amathutils_lib/lib/x86_64-linux-gnu/pkgconfig:/home/yeap/APC_2022_Prac/airsimversion/autoware.ai/install/amathutils_lib/lib/pkgconfig:/home/yeap/APC_2022_Prac/airsimversion/autoware.ai/install/vector_map_msgs/lib/x86_64-linux-gnu/pkgconfig:/home/yeap/APC_2022_Prac/airsimversion/autoware.ai/install/vector_map_msgs/lib/pkgconfig:/home/yeap/APC_2022_Prac/airsimversion/autoware.ai/install/autoware_msgs/lib/x86_64-linux-gnu/pkgconfig:/home/yeap/APC_2022_Prac/airsimversion/autoware.ai/install/autoware_msgs/lib/pkgconfig:/home/yeap/APC_2022_Prac/airsimversion/autoware.ai/install/autoware_lanelet2_msgs/lib/x86_64-linux-gnu/pkgconfig:/home/yeap/APC_2022_Prac/airsimversion/autoware.ai/install/autoware_lanelet2_msgs/lib/pkgconfig:${PKG_CONFIG_PATH} PYTHONPATH=/home/yeap/APC_2022_Prac/airsimversion/autoware.ai/install/vector_map_msgs/lib/python2.7/dist-packages:/home/yeap/APC_2022_Prac/airsimversion/autoware.ai/install/autoware_msgs/lib/python2.7/dist-packages:/home/yeap/APC_2022_Prac/airsimversion/autoware.ai/install/autoware_lanelet2_msgs/lib/python2.7/dist-packages:${PYTHONPATH} ROS_PACKAGE_PATH=/home/yeap/APC_2022_Prac/airsimversion/autoware.ai/install/map_file/share:/home/yeap/APC_2022_Prac/airsimversion/autoware.ai/install/lanelet2_extension/share:/home/yeap/APC_2022_Prac/airsimversion/autoware.ai/install/lanelet2_validation/share:/home/yeap/APC_2022_Prac/airsimversion/autoware.ai/install/lanelet2_routing/share:/home/yeap/APC_2022_Prac/airsimversion/autoware.ai/install/lanelet2_projection/share:/home/yeap/APC_2022_Prac/airsimversion/autoware.ai/install/lanelet2_traffic_rules/share:/home/yeap/APC_2022_Prac/airsimversion/autoware.ai/install/lanelet2_maps/share:/home/yeap/APC_2022_Prac/airsimversion/autoware.ai/install/lanelet2_io/share:/home/yeap/APC_2022_Prac/airsimversion/autoware.ai/install/vector_map/share:/home/yeap/APC_2022_Prac/airsimversion/autoware.ai/install/lanelet2_core/share:/home/yeap/APC_2022_Prac/airsimversion/autoware.ai/install/amathutils_lib/share:/home/yeap/APC_2022_Prac/airsimversion/autoware.ai/install/vector_map_msgs/share:/home/yeap/APC_2022_Prac/airsimversion/autoware.ai/install/autoware_msgs/share:/home/yeap/APC_2022_Prac/airsimversion/autoware.ai/install/autoware_lanelet2_msgs/share:${ROS_PACKAGE_PATH} /usr/bin/cmake --build /home/yeap/APC_2022_Prac/airsimversion/autoware.ai/build/lanelet_aisan_converter -- -j6 -l6
[54.276s] Invoking command in '/home/yeap/APC_2022_Prac/airsimversion/autoware.ai/build/lanelet_aisan_converter': CMAKE_PREFIX_PATH=/home/yeap/APC_2022_Prac/airsimversion/autoware.ai/install/map_file:/home/yeap/APC_2022_Prac/airsimversion/autoware.ai/install/lanelet2_extension:/home/yeap/APC_2022_Prac/airsimversion/autoware.ai/install/lanelet2_validation:/home/yeap/APC_2022_Prac/airsimversion/autoware.ai/install/lanelet2_routing:/home/yeap/APC_2022_Prac/airsimversion/autoware.ai/install/lanelet2_projection:/home/yeap/APC_2022_Prac/airsimversion/autoware.ai/install/lanelet2_traffic_rules:/home/yeap/APC_2022_Prac/airsimversion/autoware.ai/install/lanelet2_maps:/home/yeap/APC_2022_Prac/airsimversion/autoware.ai/install/lanelet2_io:/home/yeap/APC_2022_Prac/airsimversion/autoware.ai/install/vector_map:/home/yeap/APC_2022_Prac/airsimversion/autoware.ai/install/lanelet2_core:/home/yeap/APC_2022_Prac/airsimversion/autoware.ai/install/amathutils_lib:/home/yeap/APC_2022_Prac/airsimversion/autoware.ai/install/vector_map_msgs:/home/yeap/APC_2022_Prac/airsimversion/autoware.ai/install/autoware_msgs:/home/yeap/APC_2022_Prac/airsimversion/autoware.ai/install/autoware_lanelet2_msgs:${CMAKE_PREFIX_PATH} LD_LIBRARY_PATH=/home/yeap/APC_2022_Prac/airsimversion/autoware.ai/install/map_file/lib:/home/yeap/APC_2022_Prac/airsimversion/autoware.ai/install/lanelet2_extension/lib:/home/yeap/APC_2022_Prac/airsimversion/autoware.ai/install/lanelet2_validation/lib:/home/yeap/APC_2022_Prac/airsimversion/autoware.ai/install/lanelet2_routing/lib:/home/yeap/APC_2022_Prac/airsimversion/autoware.ai/install/lanelet2_projection/lib:/home/yeap/APC_2022_Prac/airsimversion/autoware.ai/install/lanelet2_traffic_rules/lib:/home/yeap/APC_2022_Prac/airsimversion/autoware.ai/install/lanelet2_io/lib:/home/yeap/APC_2022_Prac/airsimversion/autoware.ai/install/vector_map/lib:/home/yeap/APC_2022_Prac/airsimversion/autoware.ai/install/lanelet2_core/lib:/home/yeap/APC_2022_Prac/airsimversion/autoware.ai/install/amathutils_lib/lib:${LD_LIBRARY_PATH} PKG_CONFIG_PATH=/home/yeap/APC_2022_Prac/airsimversion/autoware.ai/install/map_file/lib/x86_64-linux-gnu/pkgconfig:/home/yeap/APC_2022_Prac/airsimversion/autoware.ai/install/map_file/lib/pkgconfig:/home/yeap/APC_2022_Prac/airsimversion/autoware.ai/install/lanelet2_extension/lib/x86_64-linux-gnu/pkgconfig:/home/yeap/APC_2022_Prac/airsimversion/autoware.ai/install/lanelet2_extension/lib/pkgconfig:/home/yeap/APC_2022_Prac/airsimversion/autoware.ai/install/lanelet2_validation/lib/x86_64-linux-gnu/pkgconfig:/home/yeap/APC_2022_Prac/airsimversion/autoware.ai/install/lanelet2_validation/lib/pkgconfig:/home/yeap/APC_2022_Prac/airsimversion/autoware.ai/install/lanelet2_routing/lib/x86_64-linux-gnu/pkgconfig:/home/yeap/APC_2022_Prac/airsimversion/autoware.ai/install/lanelet2_routing/lib/pkgconfig:/home/yeap/APC_2022_Prac/airsimversion/autoware.ai/install/lanelet2_projection/lib/x86_64-linux-gnu/pkgconfig:/home/yeap/APC_2022_Prac/airsimversion/autoware.ai/install/lanelet2_projection/lib/pkgconfig:/home/yeap/APC_2022_Prac/airsimversion/autoware.ai/install/lanelet2_traffic_rules/lib/x86_64-linux-gnu/pkgconfig:/home/yeap/APC_2022_Prac/airsimversion/autoware.ai/install/lanelet2_traffic_rules/lib/pkgconfig:/home/yeap/APC_2022_Prac/airsimversion/autoware.ai/install/lanelet2_maps/lib/x86_64-linux-gnu/pkgconfig:/home/yeap/APC_2022_Prac/airsimversion/autoware.ai/install/lanelet2_maps/lib/pkgconfig:/home/yeap/APC_2022_Prac/airsimversion/autoware.ai/install/lanelet2_io/lib/x86_64-linux-gnu/pkgconfig:/home/yeap/APC_2022_Prac/airsimversion/autoware.ai/install/lanelet2_io/lib/pkgconfig:/home/yeap/APC_2022_Prac/airsimversion/autoware.ai/install/vector_map/lib/x86_64-linux-gnu/pkgconfig:/home/yeap/APC_2022_Prac/airsimversion/autoware.ai/install/vector_map/lib/pkgconfig:/home/yeap/APC_2022_Prac/airsimversion/autoware.ai/install/lanelet2_core/lib/x86_64-linux-gnu/pkgconfig:/home/yeap/APC_2022_Prac/airsimversion/autoware.ai/install/lanelet2_core/lib/pkgconfig:/home/yeap/APC_2022_Prac/airsimversion/autoware.ai/install/amathutils_lib/lib/x86_64-linux-gnu/pkgconfig:/home/yeap/APC_2022_Prac/airsimversion/autoware.ai/install/amathutils_lib/lib/pkgconfig:/home/yeap/APC_2022_Prac/airsimversion/autoware.ai/install/vector_map_msgs/lib/x86_64-linux-gnu/pkgconfig:/home/yeap/APC_2022_Prac/airsimversion/autoware.ai/install/vector_map_msgs/lib/pkgconfig:/home/yeap/APC_2022_Prac/airsimversion/autoware.ai/install/autoware_msgs/lib/x86_64-linux-gnu/pkgconfig:/home/yeap/APC_2022_Prac/airsimversion/autoware.ai/install/autoware_msgs/lib/pkgconfig:/home/yeap/APC_2022_Prac/airsimversion/autoware.ai/install/autoware_lanelet2_msgs/lib/x86_64-linux-gnu/pkgconfig:/home/yeap/APC_2022_Prac/airsimversion/autoware.ai/install/autoware_lanelet2_msgs/lib/pkgconfig:${PKG_CONFIG_PATH} PYTHONPATH=/home/yeap/APC_2022_Prac/airsimversion/autoware.ai/install/vector_map_msgs/lib/python2.7/dist-packages:/home/yeap/APC_2022_Prac/airsimversion/autoware.ai/install/autoware_msgs/lib/python2.7/dist-packages:/home/yeap/APC_2022_Prac/airsimversion/autoware.ai/install/autoware_lanelet2_msgs/lib/python2.7/dist-packages:${PYTHONPATH} ROS_PACKAGE_PATH=/home/yeap/APC_2022_Prac/airsimversion/autoware.ai/install/map_file/share:/home/yeap/APC_2022_Prac/airsimversion/autoware.ai/install/lanelet2_extension/share:/home/yeap/APC_2022_Prac/airsimversion/autoware.ai/install/lanelet2_validation/share:/home/yeap/APC_2022_Prac/airsimversion/autoware.ai/install/lanelet2_routing/share:/home/yeap/APC_2022_Prac/airsimversion/autoware.ai/install/lanelet2_projection/share:/home/yeap/APC_2022_Prac/airsimversion/autoware.ai/install/lanelet2_traffic_rules/share:/home/yeap/APC_2022_Prac/airsimversion/autoware.ai/install/lanelet2_maps/share:/home/yeap/APC_2022_Prac/airsimversion/autoware.ai/install/lanelet2_io/share:/home/yeap/APC_2022_Prac/airsimversion/autoware.ai/install/vector_map/share:/home/yeap/APC_2022_Prac/airsimversion/autoware.ai/install/lanelet2_core/share:/home/yeap/APC_2022_Prac/airsimversion/autoware.ai/install/amathutils_lib/share:/home/yeap/APC_2022_Prac/airsimversion/autoware.ai/install/vector_map_msgs/share:/home/yeap/APC_2022_Prac/airsimversion/autoware.ai/install/autoware_msgs/share:/home/yeap/APC_2022_Prac/airsimversion/autoware.ai/install/autoware_lanelet2_msgs/share:${ROS_PACKAGE_PATH} /usr/bin/cmake --build /home/yeap/APC_2022_Prac/airsimversion/autoware.ai/build/lanelet_aisan_converter --target tests -- -j6 -l6
[54.356s] [35m[1mScanning dependencies of target gtest[0m
[54.378s] [  7%] [32mBuilding CXX object gtest/googlemock/gtest/CMakeFiles/gtest.dir/src/gtest-all.cc.o[0m
[59.470s] [ 15%] [32m[1mLinking CXX shared library libgtest.so[0m
[59.582s] [ 15%] Built target gtest
[59.607s] [ 15%] Built target vector_map_msgs_generate_messages_eus
[59.632s] [ 15%] Built target vector_map_msgs_generate_messages_cpp
[59.658s] [ 15%] Built target visualization_msgs_generate_messages_py
[59.682s] [ 15%] Built target visualization_msgs_generate_messages_nodejs
[59.707s] [ 15%] Built target visualization_msgs_generate_messages_eus
[59.732s] [ 15%] Built target uuid_msgs_generate_messages_nodejs
[59.757s] [ 15%] Built target uuid_msgs_generate_messages_lisp
[59.782s] [ 15%] Built target geometry_msgs_generate_messages_py
[59.808s] [ 15%] Built target sensor_msgs_generate_messages_nodejs
[59.833s] [ 15%] Built target actionlib_generate_messages_cpp
[59.859s] [ 15%] Built target pcl_msgs_generate_messages_eus
[59.885s] [ 15%] Built target rosgraph_msgs_generate_messages_eus
[59.911s] [ 15%] Built target jsk_recognition_msgs_generate_messages_lisp
[59.936s] [ 15%] Built target jsk_recognition_msgs_generate_messages_eus
[59.962s] [ 15%] Built target tf2_msgs_generate_messages_cpp
[59.988s] [ 15%] Built target std_msgs_generate_messages_py
[60.014s] [ 15%] Built target autoware_msgs_generate_messages_py
[60.039s] [ 15%] Built target std_msgs_generate_messages_nodejs
[60.064s] [ 15%] Built target sensor_msgs_generate_messages_eus
[60.089s] [ 15%] Built target _catkin_empty_exported_target
[60.115s] [ 15%] Built target sensor_msgs_generate_messages_cpp
[60.140s] [ 15%] Built target autoware_msgs_generate_messages_cpp
[60.165s] [ 15%] Built target rosgraph_msgs_generate_messages_cpp
[60.191s] [ 15%] Built target pcl_msgs_generate_messages_nodejs
[60.215s] [ 15%] Built target jsk_recognition_msgs_generate_messages_py
[60.240s] [ 15%] Built target sensor_msgs_generate_messages_lisp
[60.264s] [ 15%] Built target sensor_msgs_generate_messages_py
[60.289s] [ 15%] Built target tf_generate_messages_py
[60.313s] [ 15%] Built target std_msgs_generate_messages_cpp
[60.338s] [ 15%] Built target jsk_footstep_msgs_generate_messages_py
[60.363s] [ 15%] Built target actionlib_msgs_generate_messages_nodejs
[60.388s] [ 15%] Built target uuid_msgs_generate_messages_py
[60.412s] [ 15%] Built target geometry_msgs_generate_messages_eus
[60.437s] [ 15%] Built target std_msgs_generate_messages_lisp
[60.461s] [ 15%] Built target roscpp_generate_messages_nodejs
[60.486s] [ 15%] Built target geometry_msgs_generate_messages_nodejs
[60.511s] [ 15%] Built target geometry_msgs_generate_messages_lisp
[60.536s] [ 15%] Built target pcl_msgs_generate_messages_cpp
[60.561s] [ 15%] Built target geographic_msgs_generate_messages_cpp
[60.587s] [ 15%] Built target jsk_recognition_msgs_generate_messages_cpp
[60.611s] [ 15%] Built target autoware_msgs_generate_messages_eus
[60.635s] [ 15%] Built target autoware_msgs_generate_messages_lisp
[60.660s] [ 15%] Built target visualization_msgs_generate_messages_lisp
[60.686s] [ 15%] Built target std_msgs_generate_messages_eus
[60.711s] [ 15%] Built target jsk_footstep_msgs_generate_messages_eus
[60.736s] [ 15%] Built target actionlib_msgs_generate_messages_py
[60.762s] [ 15%] Built target jsk_footstep_msgs_generate_messages_lisp
[60.789s] [ 15%] Built target jsk_footstep_msgs_generate_messages_nodejs
[60.814s] [ 15%] Built target actionlib_msgs_generate_messages_lisp
[60.838s] [ 15%] Built target jsk_footstep_msgs_generate_messages_cpp
[60.863s] [ 15%] Built target actionlib_msgs_generate_messages_cpp
[60.887s] [ 15%] Built target tf_generate_messages_eus
[60.912s] [ 15%] Built target tf_generate_messages_lisp
[60.937s] [ 15%] Built target tf_generate_messages_nodejs
[60.964s] [ 15%] Built target jsk_recognition_msgs_generate_messages_nodejs
[60.989s] [ 15%] Built target roscpp_generate_messages_lisp
[61.014s] [ 15%] Built target roscpp_generate_messages_py
[61.038s] [ 15%] Built target rosgraph_msgs_generate_messages_lisp
[61.062s] [ 15%] Built target rosgraph_msgs_generate_messages_nodejs
[61.088s] [ 15%] Built target geographic_msgs_generate_messages_lisp
[61.113s] [ 15%] Built target roscpp_generate_messages_eus
[61.137s] [ 15%] Built target actionlib_msgs_generate_messages_eus
[61.162s] [ 15%] Built target rosgraph_msgs_generate_messages_py
[61.187s] [ 15%] Built target pcl_msgs_generate_messages_py
[61.211s] [ 15%] Built target actionlib_generate_messages_eus
[61.236s] [ 15%] Built target geometry_msgs_generate_messages_cpp
[61.263s] [ 15%] Built target actionlib_generate_messages_lisp
[61.288s] [ 15%] Built target pcl_msgs_generate_messages_lisp
[61.313s] [ 15%] Built target tf_generate_messages_cpp
[61.338s] [ 15%] Built target actionlib_generate_messages_nodejs
[61.363s] [ 15%] Built target geographic_msgs_generate_messages_nodejs
[61.387s] [ 15%] Built target visualization_msgs_generate_messages_cpp
[61.411s] [ 15%] Built target tf2_msgs_generate_messages_eus
[61.436s] [ 15%] Built target tf2_msgs_generate_messages_lisp
[61.460s] [ 15%] Built target actionlib_generate_messages_py
[61.485s] [ 15%] Built target tf2_msgs_generate_messages_py
[61.510s] [ 15%] Built target tf2_msgs_generate_messages_nodejs
[61.534s] [ 15%] Built target autoware_msgs_generate_messages_nodejs
[61.558s] [ 15%] Built target geographic_msgs_generate_messages_eus
[61.584s] [ 15%] Built target roscpp_generate_messages_cpp
[61.608s] [ 15%] Built target geographic_msgs_generate_messages_py
[61.632s] [ 15%] Built target uuid_msgs_generate_messages_eus
[61.657s] [ 15%] Built target vector_map_msgs_generate_messages_lisp
[61.681s] [ 15%] Built target vector_map_msgs_generate_messages_nodejs
[61.705s] [ 15%] Built target vector_map_msgs_generate_messages_py
[61.729s] [ 15%] Built target uuid_msgs_generate_messages_cpp
[61.762s] [ 30%] Built target lanelet_helper
[61.788s] [ 46%] Built target aisan_map
[61.829s] [ 84%] Built target lanelet2aisan_converter
[61.842s] [35m[1mScanning dependencies of target test_lanelet2aisan_converter[0m
[61.931s] [ 92%] [32mBuilding CXX object CMakeFiles/test_lanelet2aisan_converter.dir/test/src/test_lanelet2aisan_converter.cpp.o[0m
[68.275s] [100%] [32m[1mLinking CXX executable devel/lib/lanelet_aisan_converter/test_lanelet2aisan_converter[0m
[68.786s] [100%] Built target test_lanelet2aisan_converter
[68.799s] [35m[1mScanning dependencies of target tests[0m
[68.817s] [100%] Built target tests
[68.832s] Invoked command in '/home/yeap/APC_2022_Prac/airsimversion/autoware.ai/build/lanelet_aisan_converter' returned '0': CMAKE_PREFIX_PATH=/home/yeap/APC_2022_Prac/airsimversion/autoware.ai/install/map_file:/home/yeap/APC_2022_Prac/airsimversion/autoware.ai/install/lanelet2_extension:/home/yeap/APC_2022_Prac/airsimversion/autoware.ai/install/lanelet2_validation:/home/yeap/APC_2022_Prac/airsimversion/autoware.ai/install/lanelet2_routing:/home/yeap/APC_2022_Prac/airsimversion/autoware.ai/install/lanelet2_projection:/home/yeap/APC_2022_Prac/airsimversion/autoware.ai/install/lanelet2_traffic_rules:/home/yeap/APC_2022_Prac/airsimversion/autoware.ai/install/lanelet2_maps:/home/yeap/APC_2022_Prac/airsimversion/autoware.ai/install/lanelet2_io:/home/yeap/APC_2022_Prac/airsimversion/autoware.ai/install/vector_map:/home/yeap/APC_2022_Prac/airsimversion/autoware.ai/install/lanelet2_core:/home/yeap/APC_2022_Prac/airsimversion/autoware.ai/install/amathutils_lib:/home/yeap/APC_2022_Prac/airsimversion/autoware.ai/install/vector_map_msgs:/home/yeap/APC_2022_Prac/airsimversion/autoware.ai/install/autoware_msgs:/home/yeap/APC_2022_Prac/airsimversion/autoware.ai/install/autoware_lanelet2_msgs:${CMAKE_PREFIX_PATH} LD_LIBRARY_PATH=/home/yeap/APC_2022_Prac/airsimversion/autoware.ai/install/map_file/lib:/home/yeap/APC_2022_Prac/airsimversion/autoware.ai/install/lanelet2_extension/lib:/home/yeap/APC_2022_Prac/airsimversion/autoware.ai/install/lanelet2_validation/lib:/home/yeap/APC_2022_Prac/airsimversion/autoware.ai/install/lanelet2_routing/lib:/home/yeap/APC_2022_Prac/airsimversion/autoware.ai/install/lanelet2_projection/lib:/home/yeap/APC_2022_Prac/airsimversion/autoware.ai/install/lanelet2_traffic_rules/lib:/home/yeap/APC_2022_Prac/airsimversion/autoware.ai/install/lanelet2_io/lib:/home/yeap/APC_2022_Prac/airsimversion/autoware.ai/install/vector_map/lib:/home/yeap/APC_2022_Prac/airsimversion/autoware.ai/install/lanelet2_core/lib:/home/yeap/APC_2022_Prac/airsimversion/autoware.ai/install/amathutils_lib/lib:${LD_LIBRARY_PATH} PKG_CONFIG_PATH=/home/yeap/APC_2022_Prac/airsimversion/autoware.ai/install/map_file/lib/x86_64-linux-gnu/pkgconfig:/home/yeap/APC_2022_Prac/airsimversion/autoware.ai/install/map_file/lib/pkgconfig:/home/yeap/APC_2022_Prac/airsimversion/autoware.ai/install/lanelet2_extension/lib/x86_64-linux-gnu/pkgconfig:/home/yeap/APC_2022_Prac/airsimversion/autoware.ai/install/lanelet2_extension/lib/pkgconfig:/home/yeap/APC_2022_Prac/airsimversion/autoware.ai/install/lanelet2_validation/lib/x86_64-linux-gnu/pkgconfig:/home/yeap/APC_2022_Prac/airsimversion/autoware.ai/install/lanelet2_validation/lib/pkgconfig:/home/yeap/APC_2022_Prac/airsimversion/autoware.ai/install/lanelet2_routing/lib/x86_64-linux-gnu/pkgconfig:/home/yeap/APC_2022_Prac/airsimversion/autoware.ai/install/lanelet2_routing/lib/pkgconfig:/home/yeap/APC_2022_Prac/airsimversion/autoware.ai/install/lanelet2_projection/lib/x86_64-linux-gnu/pkgconfig:/home/yeap/APC_2022_Prac/airsimversion/autoware.ai/install/lanelet2_projection/lib/pkgconfig:/home/yeap/APC_2022_Prac/airsimversion/autoware.ai/install/lanelet2_traffic_rules/lib/x86_64-linux-gnu/pkgconfig:/home/yeap/APC_2022_Prac/airsimversion/autoware.ai/install/lanelet2_traffic_rules/lib/pkgconfig:/home/yeap/APC_2022_Prac/airsimversion/autoware.ai/install/lanelet2_maps/lib/x86_64-linux-gnu/pkgconfig:/home/yeap/APC_2022_Prac/airsimversion/autoware.ai/install/lanelet2_maps/lib/pkgconfig:/home/yeap/APC_2022_Prac/airsimversion/autoware.ai/install/lanelet2_io/lib/x86_64-linux-gnu/pkgconfig:/home/yeap/APC_2022_Prac/airsimversion/autoware.ai/install/lanelet2_io/lib/pkgconfig:/home/yeap/APC_2022_Prac/airsimversion/autoware.ai/install/vector_map/lib/x86_64-linux-gnu/pkgconfig:/home/yeap/APC_2022_Prac/airsimversion/autoware.ai/install/vector_map/lib/pkgconfig:/home/yeap/APC_2022_Prac/airsimversion/autoware.ai/install/lanelet2_core/lib/x86_64-linux-gnu/pkgconfig:/home/yeap/APC_2022_Prac/airsimversion/autoware.ai/install/lanelet2_core/lib/pkgconfig:/home/yeap/APC_2022_Prac/airsimversion/autoware.ai/install/amathutils_lib/lib/x86_64-linux-gnu/pkgconfig:/home/yeap/APC_2022_Prac/airsimversion/autoware.ai/install/amathutils_lib/lib/pkgconfig:/home/yeap/APC_2022_Prac/airsimversion/autoware.ai/install/vector_map_msgs/lib/x86_64-linux-gnu/pkgconfig:/home/yeap/APC_2022_Prac/airsimversion/autoware.ai/install/vector_map_msgs/lib/pkgconfig:/home/yeap/APC_2022_Prac/airsimversion/autoware.ai/install/autoware_msgs/lib/x86_64-linux-gnu/pkgconfig:/home/yeap/APC_2022_Prac/airsimversion/autoware.ai/install/autoware_msgs/lib/pkgconfig:/home/yeap/APC_2022_Prac/airsimversion/autoware.ai/install/autoware_lanelet2_msgs/lib/x86_64-linux-gnu/pkgconfig:/home/yeap/APC_2022_Prac/airsimversion/autoware.ai/install/autoware_lanelet2_msgs/lib/pkgconfig:${PKG_CONFIG_PATH} PYTHONPATH=/home/yeap/APC_2022_Prac/airsimversion/autoware.ai/install/vector_map_msgs/lib/python2.7/dist-packages:/home/yeap/APC_2022_Prac/airsimversion/autoware.ai/install/autoware_msgs/lib/python2.7/dist-packages:/home/yeap/APC_2022_Prac/airsimversion/autoware.ai/install/autoware_lanelet2_msgs/lib/python2.7/dist-packages:${PYTHONPATH} ROS_PACKAGE_PATH=/home/yeap/APC_2022_Prac/airsimversion/autoware.ai/install/map_file/share:/home/yeap/APC_2022_Prac/airsimversion/autoware.ai/install/lanelet2_extension/share:/home/yeap/APC_2022_Prac/airsimversion/autoware.ai/install/lanelet2_validation/share:/home/yeap/APC_2022_Prac/airsimversion/autoware.ai/install/lanelet2_routing/share:/home/yeap/APC_2022_Prac/airsimversion/autoware.ai/install/lanelet2_projection/share:/home/yeap/APC_2022_Prac/airsimversion/autoware.ai/install/lanelet2_traffic_rules/share:/home/yeap/APC_2022_Prac/airsimversion/autoware.ai/install/lanelet2_maps/share:/home/yeap/APC_2022_Prac/airsimversion/autoware.ai/install/lanelet2_io/share:/home/yeap/APC_2022_Prac/airsimversion/autoware.ai/install/vector_map/share:/home/yeap/APC_2022_Prac/airsimversion/autoware.ai/install/lanelet2_core/share:/home/yeap/APC_2022_Prac/airsimversion/autoware.ai/install/amathutils_lib/share:/home/yeap/APC_2022_Prac/airsimversion/autoware.ai/install/vector_map_msgs/share:/home/yeap/APC_2022_Prac/airsimversion/autoware.ai/install/autoware_msgs/share:/home/yeap/APC_2022_Prac/airsimversion/autoware.ai/install/autoware_lanelet2_msgs/share:${ROS_PACKAGE_PATH} /usr/bin/cmake --build /home/yeap/APC_2022_Prac/airsimversion/autoware.ai/build/lanelet_aisan_converter --target tests -- -j6 -l6
[68.961s] Invoking command in '/home/yeap/APC_2022_Prac/airsimversion/autoware.ai/build/lanelet_aisan_converter': CMAKE_PREFIX_PATH=/home/yeap/APC_2022_Prac/airsimversion/autoware.ai/install/map_file:/home/yeap/APC_2022_Prac/airsimversion/autoware.ai/install/lanelet2_extension:/home/yeap/APC_2022_Prac/airsimversion/autoware.ai/install/lanelet2_validation:/home/yeap/APC_2022_Prac/airsimversion/autoware.ai/install/lanelet2_routing:/home/yeap/APC_2022_Prac/airsimversion/autoware.ai/install/lanelet2_projection:/home/yeap/APC_2022_Prac/airsimversion/autoware.ai/install/lanelet2_traffic_rules:/home/yeap/APC_2022_Prac/airsimversion/autoware.ai/install/lanelet2_maps:/home/yeap/APC_2022_Prac/airsimversion/autoware.ai/install/lanelet2_io:/home/yeap/APC_2022_Prac/airsimversion/autoware.ai/install/vector_map:/home/yeap/APC_2022_Prac/airsimversion/autoware.ai/install/lanelet2_core:/home/yeap/APC_2022_Prac/airsimversion/autoware.ai/install/amathutils_lib:/home/yeap/APC_2022_Prac/airsimversion/autoware.ai/install/vector_map_msgs:/home/yeap/APC_2022_Prac/airsimversion/autoware.ai/install/autoware_msgs:/home/yeap/APC_2022_Prac/airsimversion/autoware.ai/install/autoware_lanelet2_msgs:${CMAKE_PREFIX_PATH} LD_LIBRARY_PATH=/home/yeap/APC_2022_Prac/airsimversion/autoware.ai/install/map_file/lib:/home/yeap/APC_2022_Prac/airsimversion/autoware.ai/install/lanelet2_extension/lib:/home/yeap/APC_2022_Prac/airsimversion/autoware.ai/install/lanelet2_validation/lib:/home/yeap/APC_2022_Prac/airsimversion/autoware.ai/install/lanelet2_routing/lib:/home/yeap/APC_2022_Prac/airsimversion/autoware.ai/install/lanelet2_projection/lib:/home/yeap/APC_2022_Prac/airsimversion/autoware.ai/install/lanelet2_traffic_rules/lib:/home/yeap/APC_2022_Prac/airsimversion/autoware.ai/install/lanelet2_io/lib:/home/yeap/APC_2022_Prac/airsimversion/autoware.ai/install/vector_map/lib:/home/yeap/APC_2022_Prac/airsimversion/autoware.ai/install/lanelet2_core/lib:/home/yeap/APC_2022_Prac/airsimversion/autoware.ai/install/amathutils_lib/lib:${LD_LIBRARY_PATH} PKG_CONFIG_PATH=/home/yeap/APC_2022_Prac/airsimversion/autoware.ai/install/map_file/lib/x86_64-linux-gnu/pkgconfig:/home/yeap/APC_2022_Prac/airsimversion/autoware.ai/install/map_file/lib/pkgconfig:/home/yeap/APC_2022_Prac/airsimversion/autoware.ai/install/lanelet2_extension/lib/x86_64-linux-gnu/pkgconfig:/home/yeap/APC_2022_Prac/airsimversion/autoware.ai/install/lanelet2_extension/lib/pkgconfig:/home/yeap/APC_2022_Prac/airsimversion/autoware.ai/install/lanelet2_validation/lib/x86_64-linux-gnu/pkgconfig:/home/yeap/APC_2022_Prac/airsimversion/autoware.ai/install/lanelet2_validation/lib/pkgconfig:/home/yeap/APC_2022_Prac/airsimversion/autoware.ai/install/lanelet2_routing/lib/x86_64-linux-gnu/pkgconfig:/home/yeap/APC_2022_Prac/airsimversion/autoware.ai/install/lanelet2_routing/lib/pkgconfig:/home/yeap/APC_2022_Prac/airsimversion/autoware.ai/install/lanelet2_projection/lib/x86_64-linux-gnu/pkgconfig:/home/yeap/APC_2022_Prac/airsimversion/autoware.ai/install/lanelet2_projection/lib/pkgconfig:/home/yeap/APC_2022_Prac/airsimversion/autoware.ai/install/lanelet2_traffic_rules/lib/x86_64-linux-gnu/pkgconfig:/home/yeap/APC_2022_Prac/airsimversion/autoware.ai/install/lanelet2_traffic_rules/lib/pkgconfig:/home/yeap/APC_2022_Prac/airsimversion/autoware.ai/install/lanelet2_maps/lib/x86_64-linux-gnu/pkgconfig:/home/yeap/APC_2022_Prac/airsimversion/autoware.ai/install/lanelet2_maps/lib/pkgconfig:/home/yeap/APC_2022_Prac/airsimversion/autoware.ai/install/lanelet2_io/lib/x86_64-linux-gnu/pkgconfig:/home/yeap/APC_2022_Prac/airsimversion/autoware.ai/install/lanelet2_io/lib/pkgconfig:/home/yeap/APC_2022_Prac/airsimversion/autoware.ai/install/vector_map/lib/x86_64-linux-gnu/pkgconfig:/home/yeap/APC_2022_Prac/airsimversion/autoware.ai/install/vector_map/lib/pkgconfig:/home/yeap/APC_2022_Prac/airsimversion/autoware.ai/install/lanelet2_core/lib/x86_64-linux-gnu/pkgconfig:/home/yeap/APC_2022_Prac/airsimversion/autoware.ai/install/lanelet2_core/lib/pkgconfig:/home/yeap/APC_2022_Prac/airsimversion/autoware.ai/install/amathutils_lib/lib/x86_64-linux-gnu/pkgconfig:/home/yeap/APC_2022_Prac/airsimversion/autoware.ai/install/amathutils_lib/lib/pkgconfig:/home/yeap/APC_2022_Prac/airsimversion/autoware.ai/install/vector_map_msgs/lib/x86_64-linux-gnu/pkgconfig:/home/yeap/APC_2022_Prac/airsimversion/autoware.ai/install/vector_map_msgs/lib/pkgconfig:/home/yeap/APC_2022_Prac/airsimversion/autoware.ai/install/autoware_msgs/lib/x86_64-linux-gnu/pkgconfig:/home/yeap/APC_2022_Prac/airsimversion/autoware.ai/install/autoware_msgs/lib/pkgconfig:/home/yeap/APC_2022_Prac/airsimversion/autoware.ai/install/autoware_lanelet2_msgs/lib/x86_64-linux-gnu/pkgconfig:/home/yeap/APC_2022_Prac/airsimversion/autoware.ai/install/autoware_lanelet2_msgs/lib/pkgconfig:${PKG_CONFIG_PATH} PYTHONPATH=/home/yeap/APC_2022_Prac/airsimversion/autoware.ai/install/vector_map_msgs/lib/python2.7/dist-packages:/home/yeap/APC_2022_Prac/airsimversion/autoware.ai/install/autoware_msgs/lib/python2.7/dist-packages:/home/yeap/APC_2022_Prac/airsimversion/autoware.ai/install/autoware_lanelet2_msgs/lib/python2.7/dist-packages:${PYTHONPATH} ROS_PACKAGE_PATH=/home/yeap/APC_2022_Prac/airsimversion/autoware.ai/install/map_file/share:/home/yeap/APC_2022_Prac/airsimversion/autoware.ai/install/lanelet2_extension/share:/home/yeap/APC_2022_Prac/airsimversion/autoware.ai/install/lanelet2_validation/share:/home/yeap/APC_2022_Prac/airsimversion/autoware.ai/install/lanelet2_routing/share:/home/yeap/APC_2022_Prac/airsimversion/autoware.ai/install/lanelet2_projection/share:/home/yeap/APC_2022_Prac/airsimversion/autoware.ai/install/lanelet2_traffic_rules/share:/home/yeap/APC_2022_Prac/airsimversion/autoware.ai/install/lanelet2_maps/share:/home/yeap/APC_2022_Prac/airsimversion/autoware.ai/install/lanelet2_io/share:/home/yeap/APC_2022_Prac/airsimversion/autoware.ai/install/vector_map/share:/home/yeap/APC_2022_Prac/airsimversion/autoware.ai/install/lanelet2_core/share:/home/yeap/APC_2022_Prac/airsimversion/autoware.ai/install/amathutils_lib/share:/home/yeap/APC_2022_Prac/airsimversion/autoware.ai/install/vector_map_msgs/share:/home/yeap/APC_2022_Prac/airsimversion/autoware.ai/install/autoware_msgs/share:/home/yeap/APC_2022_Prac/airsimversion/autoware.ai/install/autoware_lanelet2_msgs/share:${ROS_PACKAGE_PATH} /usr/bin/cmake --build /home/yeap/APC_2022_Prac/airsimversion/autoware.ai/build/lanelet_aisan_converter --target install -- -j6 -l6
[69.036s] [  0%] Built target uuid_msgs_generate_messages_cpp
[69.069s] [  0%] Built target vector_map_msgs_generate_messages_cpp
[69.094s] [  0%] Built target visualization_msgs_generate_messages_py
[69.119s] [  0%] Built target visualization_msgs_generate_messages_nodejs
[69.144s] [  0%] Built target visualization_msgs_generate_messages_eus
[69.167s] [  0%] Built target uuid_msgs_generate_messages_nodejs
[69.201s] [  0%] Built target uuid_msgs_generate_messages_lisp
[69.226s] [  0%] Built target geometry_msgs_generate_messages_py
[69.250s] [  0%] Built target sensor_msgs_generate_messages_nodejs
[69.275s] [  0%] Built target actionlib_generate_messages_cpp
[69.302s] [  0%] Built target pcl_msgs_generate_messages_eus
[69.327s] [  0%] Built target rosgraph_msgs_generate_messages_eus
[69.351s] [  0%] Built target jsk_recognition_msgs_generate_messages_lisp
[69.375s] [  0%] Built target jsk_recognition_msgs_generate_messages_eus
[69.411s] [  0%] Built target tf2_msgs_generate_messages_cpp
[69.437s] [  0%] Built target std_msgs_generate_messages_py
[69.462s] [  0%] Built target autoware_msgs_generate_messages_py
[69.487s] [  0%] Built target std_msgs_generate_messages_nodejs
[69.512s] [  0%] Built target sensor_msgs_generate_messages_eus
[69.540s] [  0%] Built target _catkin_empty_exported_target
[69.566s] [  0%] Built target sensor_msgs_generate_messages_cpp
[69.592s] [  0%] Built target autoware_msgs_generate_messages_cpp
[69.618s] [  0%] Built target rosgraph_msgs_generate_messages_cpp
[69.644s] [  0%] Built target pcl_msgs_generate_messages_nodejs
[69.670s] [  0%] Built target jsk_recognition_msgs_generate_messages_py
[69.696s] [  0%] Built target sensor_msgs_generate_messages_lisp
[69.722s] [  0%] Built target sensor_msgs_generate_messages_py
[69.748s] [  0%] Built target tf_generate_messages_py
[69.773s] [  0%] Built target std_msgs_generate_messages_cpp
[69.799s] [  0%] Built target jsk_footstep_msgs_generate_messages_py
[69.826s] [  0%] Built target actionlib_msgs_generate_messages_nodejs
[69.851s] [  0%] Built target uuid_msgs_generate_messages_py
[69.876s] [  0%] Built target geometry_msgs_generate_messages_eus
[69.901s] [  0%] Built target std_msgs_generate_messages_lisp
[69.928s] [  0%] Built target roscpp_generate_messages_nodejs
[69.951s] [  0%] Built target geometry_msgs_generate_messages_nodejs
[69.993s] [  0%] Built target geometry_msgs_generate_messages_lisp
[70.021s] [  0%] Built target pcl_msgs_generate_messages_cpp
[70.046s] [  0%] Built target geographic_msgs_generate_messages_cpp
[70.072s] [  0%] Built target jsk_recognition_msgs_generate_messages_cpp
[70.100s] [  0%] Built target autoware_msgs_generate_messages_eus
[70.136s] [  0%] Built target autoware_msgs_generate_messages_lisp
[70.171s] [  0%] Built target visualization_msgs_generate_messages_lisp
[70.202s] [  0%] Built target std_msgs_generate_messages_eus
[70.232s] [  0%] Built target jsk_footstep_msgs_generate_messages_eus
[70.263s] [  0%] Built target actionlib_msgs_generate_messages_py
[70.297s] [  0%] Built target jsk_footstep_msgs_generate_messages_lisp
[70.326s] [  0%] Built target jsk_footstep_msgs_generate_messages_nodejs
[70.355s] [  0%] Built target actionlib_msgs_generate_messages_lisp
[70.382s] [  0%] Built target jsk_footstep_msgs_generate_messages_cpp
[70.412s] [  0%] Built target actionlib_msgs_generate_messages_cpp
[70.439s] [  0%] Built target tf_generate_messages_eus
[70.465s] [  0%] Built target tf_generate_messages_lisp
[70.490s] [  0%] Built target tf_generate_messages_nodejs
[70.516s] [  0%] Built target jsk_recognition_msgs_generate_messages_nodejs
[70.541s] [  0%] Built target roscpp_generate_messages_lisp
[70.567s] [  0%] Built target roscpp_generate_messages_py
[70.593s] [  0%] Built target rosgraph_msgs_generate_messages_lisp
[70.624s] [  0%] Built target rosgraph_msgs_generate_messages_nodejs
[70.647s] [  0%] Built target geographic_msgs_generate_messages_lisp
[70.675s] [  0%] Built target roscpp_generate_messages_eus
[70.702s] [  0%] Built target actionlib_msgs_generate_messages_eus
[70.726s] [  0%] Built target rosgraph_msgs_generate_messages_py
[70.751s] [  0%] Built target pcl_msgs_generate_messages_py
[70.775s] [  0%] Built target actionlib_generate_messages_eus
[70.804s] [  0%] Built target geometry_msgs_generate_messages_cpp
[70.828s] [  0%] Built target actionlib_generate_messages_lisp
[70.852s] [  0%] Built target pcl_msgs_generate_messages_lisp
[70.877s] [  0%] Built target tf_generate_messages_cpp
[70.903s] [  0%] Built target actionlib_generate_messages_nodejs
[70.931s] [  0%] Built target geographic_msgs_generate_messages_nodejs
[70.957s] [  0%] Built target visualization_msgs_generate_messages_cpp
[70.982s] [  0%] Built target tf2_msgs_generate_messages_eus
[71.008s] [  0%] Built target tf2_msgs_generate_messages_lisp
[71.031s] [  0%] Built target actionlib_generate_messages_py
[71.055s] [  0%] Built target tf2_msgs_generate_messages_py
[71.079s] [  0%] Built target tf2_msgs_generate_messages_nodejs
[71.105s] [  0%] Built target autoware_msgs_generate_messages_nodejs
[71.130s] [  0%] Built target geographic_msgs_generate_messages_eus
[71.156s] [  0%] Built target roscpp_generate_messages_cpp
[71.181s] [  0%] Built target geographic_msgs_generate_messages_py
[71.208s] [  0%] Built target uuid_msgs_generate_messages_eus
[71.233s] [  0%] Built target vector_map_msgs_generate_messages_eus
[71.258s] [  0%] Built target vector_map_msgs_generate_messages_lisp
[71.285s] [  0%] Built target vector_map_msgs_generate_messages_nodejs
[71.310s] [  0%] Built target vector_map_msgs_generate_messages_py
[71.342s] [ 18%] Built target lanelet_helper
[71.366s] [ 36%] Built target aisan_map
[71.417s] [ 81%] Built target lanelet2aisan_converter
[71.452s] [100%] Built target lanelet2aisan
[71.483s] [36mInstall the project...[0m
[71.494s] -- Install configuration: "Release"
[71.495s] -- Installing: /home/yeap/APC_2022_Prac/airsimversion/autoware.ai/install/lanelet_aisan_converter/lib/pkgconfig/lanelet_aisan_converter.pc
[71.495s] -- Installing: /home/yeap/APC_2022_Prac/airsimversion/autoware.ai/install/lanelet_aisan_converter/share/lanelet_aisan_converter/cmake/lanelet_aisan_converterConfig.cmake
[71.495s] -- Installing: /home/yeap/APC_2022_Prac/airsimversion/autoware.ai/install/lanelet_aisan_converter/share/lanelet_aisan_converter/cmake/lanelet_aisan_converterConfig-version.cmake
[71.495s] -- Installing: /home/yeap/APC_2022_Prac/airsimversion/autoware.ai/install/lanelet_aisan_converter/share/lanelet_aisan_converter/package.xml
[71.495s] -- Installing: /home/yeap/APC_2022_Prac/airsimversion/autoware.ai/install/lanelet_aisan_converter/lib/lanelet_aisan_converter/lanelet2aisan
[71.496s] -- Set runtime path of "/home/yeap/APC_2022_Prac/airsimversion/autoware.ai/install/lanelet_aisan_converter/lib/lanelet_aisan_converter/lanelet2aisan" to ""
[71.496s] -- Installing: /home/yeap/APC_2022_Prac/airsimversion/autoware.ai/install/lanelet_aisan_converter/lib/liblanelet_helper.a
[71.496s] -- Installing: /home/yeap/APC_2022_Prac/airsimversion/autoware.ai/install/lanelet_aisan_converter/lib/liblanelet2aisan_converter.a
[71.497s] -- Installing: /home/yeap/APC_2022_Prac/airsimversion/autoware.ai/install/lanelet_aisan_converter/lib/libaisan_map.a
[71.497s] -- Installing: /home/yeap/APC_2022_Prac/airsimversion/autoware.ai/install/lanelet_aisan_converter/include/lanelet_aisan_converter
[71.497s] -- Installing: /home/yeap/APC_2022_Prac/airsimversion/autoware.ai/install/lanelet_aisan_converter/include/lanelet_aisan_converter/lanelet2aisan_converter
[71.497s] -- Installing: /home/yeap/APC_2022_Prac/airsimversion/autoware.ai/install/lanelet_aisan_converter/include/lanelet_aisan_converter/lanelet2aisan_converter/lanelet2aisan_converter.h
[71.497s] -- Installing: /home/yeap/APC_2022_Prac/airsimversion/autoware.ai/install/lanelet_aisan_converter/include/lanelet_aisan_converter/lanelet2aisan_converter/unique_id_handler.h
[71.497s] -- Installing: /home/yeap/APC_2022_Prac/airsimversion/autoware.ai/install/lanelet_aisan_converter/include/lanelet_aisan_converter/aisan_map
[71.497s] -- Installing: /home/yeap/APC_2022_Prac/airsimversion/autoware.ai/install/lanelet_aisan_converter/include/lanelet_aisan_converter/aisan_map/supported_vector_map_msgs.h
[71.498s] -- Installing: /home/yeap/APC_2022_Prac/airsimversion/autoware.ai/install/lanelet_aisan_converter/include/lanelet_aisan_converter/aisan_map/aisan_map.h
[71.498s] -- Installing: /home/yeap/APC_2022_Prac/airsimversion/autoware.ai/install/lanelet_aisan_converter/include/lanelet_aisan_converter/aisan_map/csv_def.h
[71.498s] -- Installing: /home/yeap/APC_2022_Prac/airsimversion/autoware.ai/install/lanelet_aisan_converter/include/lanelet_aisan_converter/lanelet_helper
[71.498s] -- Installing: /home/yeap/APC_2022_Prac/airsimversion/autoware.ai/install/lanelet_aisan_converter/include/lanelet_aisan_converter/lanelet_helper/lanelet_helper.h
[71.498s] -- Installing: /home/yeap/APC_2022_Prac/airsimversion/autoware.ai/install/lanelet_aisan_converter/share/lanelet_aisan_converter/scripts/launch_vector_map_loader.sh
[71.511s] Invoked command in '/home/yeap/APC_2022_Prac/airsimversion/autoware.ai/build/lanelet_aisan_converter' returned '0': CMAKE_PREFIX_PATH=/home/yeap/APC_2022_Prac/airsimversion/autoware.ai/install/map_file:/home/yeap/APC_2022_Prac/airsimversion/autoware.ai/install/lanelet2_extension:/home/yeap/APC_2022_Prac/airsimversion/autoware.ai/install/lanelet2_validation:/home/yeap/APC_2022_Prac/airsimversion/autoware.ai/install/lanelet2_routing:/home/yeap/APC_2022_Prac/airsimversion/autoware.ai/install/lanelet2_projection:/home/yeap/APC_2022_Prac/airsimversion/autoware.ai/install/lanelet2_traffic_rules:/home/yeap/APC_2022_Prac/airsimversion/autoware.ai/install/lanelet2_maps:/home/yeap/APC_2022_Prac/airsimversion/autoware.ai/install/lanelet2_io:/home/yeap/APC_2022_Prac/airsimversion/autoware.ai/install/vector_map:/home/yeap/APC_2022_Prac/airsimversion/autoware.ai/install/lanelet2_core:/home/yeap/APC_2022_Prac/airsimversion/autoware.ai/install/amathutils_lib:/home/yeap/APC_2022_Prac/airsimversion/autoware.ai/install/vector_map_msgs:/home/yeap/APC_2022_Prac/airsimversion/autoware.ai/install/autoware_msgs:/home/yeap/APC_2022_Prac/airsimversion/autoware.ai/install/autoware_lanelet2_msgs:${CMAKE_PREFIX_PATH} LD_LIBRARY_PATH=/home/yeap/APC_2022_Prac/airsimversion/autoware.ai/install/map_file/lib:/home/yeap/APC_2022_Prac/airsimversion/autoware.ai/install/lanelet2_extension/lib:/home/yeap/APC_2022_Prac/airsimversion/autoware.ai/install/lanelet2_validation/lib:/home/yeap/APC_2022_Prac/airsimversion/autoware.ai/install/lanelet2_routing/lib:/home/yeap/APC_2022_Prac/airsimversion/autoware.ai/install/lanelet2_projection/lib:/home/yeap/APC_2022_Prac/airsimversion/autoware.ai/install/lanelet2_traffic_rules/lib:/home/yeap/APC_2022_Prac/airsimversion/autoware.ai/install/lanelet2_io/lib:/home/yeap/APC_2022_Prac/airsimversion/autoware.ai/install/vector_map/lib:/home/yeap/APC_2022_Prac/airsimversion/autoware.ai/install/lanelet2_core/lib:/home/yeap/APC_2022_Prac/airsimversion/autoware.ai/install/amathutils_lib/lib:${LD_LIBRARY_PATH} PKG_CONFIG_PATH=/home/yeap/APC_2022_Prac/airsimversion/autoware.ai/install/map_file/lib/x86_64-linux-gnu/pkgconfig:/home/yeap/APC_2022_Prac/airsimversion/autoware.ai/install/map_file/lib/pkgconfig:/home/yeap/APC_2022_Prac/airsimversion/autoware.ai/install/lanelet2_extension/lib/x86_64-linux-gnu/pkgconfig:/home/yeap/APC_2022_Prac/airsimversion/autoware.ai/install/lanelet2_extension/lib/pkgconfig:/home/yeap/APC_2022_Prac/airsimversion/autoware.ai/install/lanelet2_validation/lib/x86_64-linux-gnu/pkgconfig:/home/yeap/APC_2022_Prac/airsimversion/autoware.ai/install/lanelet2_validation/lib/pkgconfig:/home/yeap/APC_2022_Prac/airsimversion/autoware.ai/install/lanelet2_routing/lib/x86_64-linux-gnu/pkgconfig:/home/yeap/APC_2022_Prac/airsimversion/autoware.ai/install/lanelet2_routing/lib/pkgconfig:/home/yeap/APC_2022_Prac/airsimversion/autoware.ai/install/lanelet2_projection/lib/x86_64-linux-gnu/pkgconfig:/home/yeap/APC_2022_Prac/airsimversion/autoware.ai/install/lanelet2_projection/lib/pkgconfig:/home/yeap/APC_2022_Prac/airsimversion/autoware.ai/install/lanelet2_traffic_rules/lib/x86_64-linux-gnu/pkgconfig:/home/yeap/APC_2022_Prac/airsimversion/autoware.ai/install/lanelet2_traffic_rules/lib/pkgconfig:/home/yeap/APC_2022_Prac/airsimversion/autoware.ai/install/lanelet2_maps/lib/x86_64-linux-gnu/pkgconfig:/home/yeap/APC_2022_Prac/airsimversion/autoware.ai/install/lanelet2_maps/lib/pkgconfig:/home/yeap/APC_2022_Prac/airsimversion/autoware.ai/install/lanelet2_io/lib/x86_64-linux-gnu/pkgconfig:/home/yeap/APC_2022_Prac/airsimversion/autoware.ai/install/lanelet2_io/lib/pkgconfig:/home/yeap/APC_2022_Prac/airsimversion/autoware.ai/install/vector_map/lib/x86_64-linux-gnu/pkgconfig:/home/yeap/APC_2022_Prac/airsimversion/autoware.ai/install/vector_map/lib/pkgconfig:/home/yeap/APC_2022_Prac/airsimversion/autoware.ai/install/lanelet2_core/lib/x86_64-linux-gnu/pkgconfig:/home/yeap/APC_2022_Prac/airsimversion/autoware.ai/install/lanelet2_core/lib/pkgconfig:/home/yeap/APC_2022_Prac/airsimversion/autoware.ai/install/amathutils_lib/lib/x86_64-linux-gnu/pkgconfig:/home/yeap/APC_2022_Prac/airsimversion/autoware.ai/install/amathutils_lib/lib/pkgconfig:/home/yeap/APC_2022_Prac/airsimversion/autoware.ai/install/vector_map_msgs/lib/x86_64-linux-gnu/pkgconfig:/home/yeap/APC_2022_Prac/airsimversion/autoware.ai/install/vector_map_msgs/lib/pkgconfig:/home/yeap/APC_2022_Prac/airsimversion/autoware.ai/install/autoware_msgs/lib/x86_64-linux-gnu/pkgconfig:/home/yeap/APC_2022_Prac/airsimversion/autoware.ai/install/autoware_msgs/lib/pkgconfig:/home/yeap/APC_2022_Prac/airsimversion/autoware.ai/install/autoware_lanelet2_msgs/lib/x86_64-linux-gnu/pkgconfig:/home/yeap/APC_2022_Prac/airsimversion/autoware.ai/install/autoware_lanelet2_msgs/lib/pkgconfig:${PKG_CONFIG_PATH} PYTHONPATH=/home/yeap/APC_2022_Prac/airsimversion/autoware.ai/install/vector_map_msgs/lib/python2.7/dist-packages:/home/yeap/APC_2022_Prac/airsimversion/autoware.ai/install/autoware_msgs/lib/python2.7/dist-packages:/home/yeap/APC_2022_Prac/airsimversion/autoware.ai/install/autoware_lanelet2_msgs/lib/python2.7/dist-packages:${PYTHONPATH} ROS_PACKAGE_PATH=/home/yeap/APC_2022_Prac/airsimversion/autoware.ai/install/map_file/share:/home/yeap/APC_2022_Prac/airsimversion/autoware.ai/install/lanelet2_extension/share:/home/yeap/APC_2022_Prac/airsimversion/autoware.ai/install/lanelet2_validation/share:/home/yeap/APC_2022_Prac/airsimversion/autoware.ai/install/lanelet2_routing/share:/home/yeap/APC_2022_Prac/airsimversion/autoware.ai/install/lanelet2_projection/share:/home/yeap/APC_2022_Prac/airsimversion/autoware.ai/install/lanelet2_traffic_rules/share:/home/yeap/APC_2022_Prac/airsimversion/autoware.ai/install/lanelet2_maps/share:/home/yeap/APC_2022_Prac/airsimversion/autoware.ai/install/lanelet2_io/share:/home/yeap/APC_2022_Prac/airsimversion/autoware.ai/install/vector_map/share:/home/yeap/APC_2022_Prac/airsimversion/autoware.ai/install/lanelet2_core/share:/home/yeap/APC_2022_Prac/airsimversion/autoware.ai/install/amathutils_lib/share:/home/yeap/APC_2022_Prac/airsimversion/autoware.ai/install/vector_map_msgs/share:/home/yeap/APC_2022_Prac/airsimversion/autoware.ai/install/autoware_msgs/share:/home/yeap/APC_2022_Prac/airsimversion/autoware.ai/install/autoware_lanelet2_msgs/share:${ROS_PACKAGE_PATH} /usr/bin/cmake --build /home/yeap/APC_2022_Prac/airsimversion/autoware.ai/build/lanelet_aisan_converter --target install -- -j6 -l6
