[0.032s] Invoking command in '/home/yeap/APC_2022_Prac/airsimversion/autoware.ai/build/javad_navsat_driver': /usr/bin/cmake --build /home/yeap/APC_2022_Prac/airsimversion/autoware.ai/build/javad_navsat_driver -- -j6 -l6
[0.115s] Invoked command in '/home/yeap/APC_2022_Prac/airsimversion/autoware.ai/build/javad_navsat_driver' returned '0': /usr/bin/cmake --build /home/yeap/APC_2022_Prac/airsimversion/autoware.ai/build/javad_navsat_driver -- -j6 -l6
[0.203s] Invoking command in '/home/yeap/APC_2022_Prac/airsimversion/autoware.ai/build/javad_navsat_driver': /usr/bin/cmake --build /home/yeap/APC_2022_Prac/airsimversion/autoware.ai/build/javad_navsat_driver --target tests -- -j6 -l6
[0.280s] Built target tests
[0.292s] Invoked command in '/home/yeap/APC_2022_Prac/airsimversion/autoware.ai/build/javad_navsat_driver' returned '0': /usr/bin/cmake --build /home/yeap/APC_2022_Prac/airsimversion/autoware.ai/build/javad_navsat_driver --target tests -- -j6 -l6
[0.401s] Invoking command in '/home/yeap/APC_2022_Prac/airsimversion/autoware.ai/build/javad_navsat_driver': /usr/bin/cmake --build /home/yeap/APC_2022_Prac/airsimversion/autoware.ai/build/javad_navsat_driver --target install -- -j6 -l6
[0.474s] [36mInstall the project...[0m
[0.484s] -- Install configuration: "Release"
[0.486s] + cd /home/yeap/APC_2022_Prac/airsimversion/autoware.ai/src/drivers/awf_drivers/javad_navsat_driver
[0.486s] + mkdir -p /home/yeap/APC_2022_Prac/airsimversion/autoware.ai/install/javad_navsat_driver/lib/python2.7/dist-packages
[0.488s] + /usr/bin/env PYTHONPATH=/home/yeap/APC_2022_Prac/airsimversion/autoware.ai/install/javad_navsat_driver/lib/python2.7/dist-packages:/home/yeap/APC_2022_Prac/airsimversion/autoware.ai/build/javad_navsat_driver/lib/python2.7/dist-packages:/opt/ros/melodic/lib/python2.7/dist-packages CATKIN_BINARY_DIR=/home/yeap/APC_2022_Prac/airsimversion/autoware.ai/build/javad_navsat_driver /usr/bin/python2 /home/yeap/APC_2022_Prac/airsimversion/autoware.ai/src/drivers/awf_drivers/javad_navsat_driver/setup.py build --build-base /home/yeap/APC_2022_Prac/airsimversion/autoware.ai/build/javad_navsat_driver install --root=/ --install-layout=deb --prefix=/home/yeap/APC_2022_Prac/airsimversion/autoware.ai/install/javad_navsat_driver --install-scripts=/home/yeap/APC_2022_Prac/airsimversion/autoware.ai/install/javad_navsat_driver/bin
[0.546s] running build
[0.546s] running build_py
[0.550s] running install
[0.550s] running install_lib
[0.556s] running install_egg_info
[0.557s] Removing /home/yeap/APC_2022_Prac/airsimversion/autoware.ai/install/javad_navsat_driver/lib/python2.7/dist-packages/javad_navsat_driver-1.12.0.egg-info
[0.560s] Writing /home/yeap/APC_2022_Prac/airsimversion/autoware.ai/install/javad_navsat_driver/lib/python2.7/dist-packages/javad_navsat_driver-1.12.0.egg-info
[0.561s] -- Up-to-date: /home/yeap/APC_2022_Prac/airsimversion/autoware.ai/install/javad_navsat_driver/lib/pkgconfig/javad_navsat_driver.pc
[0.561s] -- Up-to-date: /home/yeap/APC_2022_Prac/airsimversion/autoware.ai/install/javad_navsat_driver/share/javad_navsat_driver/cmake/javad_navsat_driverConfig.cmake
[0.561s] -- Up-to-date: /home/yeap/APC_2022_Prac/airsimversion/autoware.ai/install/javad_navsat_driver/share/javad_navsat_driver/cmake/javad_navsat_driverConfig-version.cmake
[0.561s] -- Up-to-date: /home/yeap/APC_2022_Prac/airsimversion/autoware.ai/install/javad_navsat_driver/share/javad_navsat_driver/package.xml
[0.561s] -- Up-to-date: /home/yeap/APC_2022_Prac/airsimversion/autoware.ai/install/javad_navsat_driver/lib/javad_navsat_driver/javad_serial_driver
[0.562s] -- Up-to-date: /home/yeap/APC_2022_Prac/airsimversion/autoware.ai/install/javad_navsat_driver/lib/javad_navsat_driver/javad_topic_driver
[0.562s] -- Up-to-date: /home/yeap/APC_2022_Prac/airsimversion/autoware.ai/install/javad_navsat_driver/lib/javad_navsat_driver/javad_topic_serial_reader
[0.562s] -- Up-to-date: /home/yeap/APC_2022_Prac/airsimversion/autoware.ai/install/javad_navsat_driver/share/javad_navsat_driver/launch
[0.562s] -- Up-to-date: /home/yeap/APC_2022_Prac/airsimversion/autoware.ai/install/javad_navsat_driver/share/javad_navsat_driver/launch/javad_navsat.launch
[0.562s] -- Up-to-date: /home/yeap/APC_2022_Prac/airsimversion/autoware.ai/install/javad_navsat_driver/share/javad_navsat_driver/cfg
[0.562s] -- Up-to-date: /home/yeap/APC_2022_Prac/airsimversion/autoware.ai/install/javad_navsat_driver/share/javad_navsat_driver/cfg/disable.cfg
[0.562s] -- Up-to-date: /home/yeap/APC_2022_Prac/airsimversion/autoware.ai/install/javad_navsat_driver/share/javad_navsat_driver/cfg/enable.cfg
[0.571s] Invoked command in '/home/yeap/APC_2022_Prac/airsimversion/autoware.ai/build/javad_navsat_driver' returned '0': /usr/bin/cmake --build /home/yeap/APC_2022_Prac/airsimversion/autoware.ai/build/javad_navsat_driver --target install -- -j6 -l6
