[0.099s] Invoking command in '/home/yeap/APC_2022_Prac/airsimversion/autoware.ai/build/sick_ldmrs_tools': CMAKE_PREFIX_PATH=/home/yeap/APC_2022_Prac/airsimversion/autoware.ai/install/sick_ldmrs_driver:/home/yeap/APC_2022_Prac/airsimversion/autoware.ai/install/sick_ldmrs_msgs:/home/yeap/APC_2022_Prac/airsimversion/autoware.ai/install/sick_ldmrs_description:${CMAKE_PREFIX_PATH} LD_LIBRARY_PATH=/home/yeap/APC_2022_Prac/airsimversion/autoware.ai/install/sick_ldmrs_driver/lib:${LD_LIBRARY_PATH} PATH=/home/yeap/APC_2022_Prac/airsimversion/autoware.ai/install/sick_ldmrs_driver/bin:${PATH} PKG_CONFIG_PATH=/home/yeap/APC_2022_Prac/airsimversion/autoware.ai/install/sick_ldmrs_driver/lib/x86_64-linux-gnu/pkgconfig:/home/yeap/APC_2022_Prac/airsimversion/autoware.ai/install/sick_ldmrs_driver/lib/pkgconfig:/home/yeap/APC_2022_Prac/airsimversion/autoware.ai/install/sick_ldmrs_msgs/lib/x86_64-linux-gnu/pkgconfig:/home/yeap/APC_2022_Prac/airsimversion/autoware.ai/install/sick_ldmrs_msgs/lib/pkgconfig:/home/yeap/APC_2022_Prac/airsimversion/autoware.ai/install/sick_ldmrs_description/lib/x86_64-linux-gnu/pkgconfig:/home/yeap/APC_2022_Prac/airsimversion/autoware.ai/install/sick_ldmrs_description/lib/pkgconfig:${PKG_CONFIG_PATH} PYTHONPATH=/home/yeap/APC_2022_Prac/airsimversion/autoware.ai/install/sick_ldmrs_driver/lib/python2.7/dist-packages:/home/yeap/APC_2022_Prac/airsimversion/autoware.ai/install/sick_ldmrs_msgs/lib/python2.7/dist-packages:${PYTHONPATH} ROS_PACKAGE_PATH=/home/yeap/APC_2022_Prac/airsimversion/autoware.ai/install/sick_ldmrs_driver/share:/home/yeap/APC_2022_Prac/airsimversion/autoware.ai/install/sick_ldmrs_msgs/share:/home/yeap/APC_2022_Prac/airsimversion/autoware.ai/install/sick_ldmrs_description/share:${ROS_PACKAGE_PATH} /usr/bin/cmake --build /home/yeap/APC_2022_Prac/airsimversion/autoware.ai/build/sick_ldmrs_tools -- -j6 -l6
[0.242s] [  0%] Built target visualization_msgs_generate_messages_nodejs
[0.245s] [  0%] Built target actionlib_msgs_generate_messages_py
[0.252s] [  0%] Built target sick_ldmrs_msgs_generate_messages_nodejs
[0.255s] [  0%] Built target sick_ldmrs_msgs_generate_messages_lisp
[0.269s] [  0%] Built target visualization_msgs_generate_messages_py
[0.282s] [  0%] Built target visualization_msgs_generate_messages_eus
[0.303s] [  0%] Built target sick_ldmrs_msgs_generate_messages_cpp
[0.310s] [  0%] Built target tf2_msgs_generate_messages_cpp
[0.320s] [  0%] Built target visualization_msgs_generate_messages_cpp
[0.326s] [  0%] Built target tf2_msgs_generate_messages_eus
[0.326s] [  0%] Built target tf2_msgs_generate_messages_nodejs
[0.349s] [  0%] Built target geometry_msgs_generate_messages_py
[0.384s] [  0%] Built target topic_tools_generate_messages_nodejs
[0.405s] [  0%] Built target tf2_msgs_generate_messages_py
[0.414s] [  0%] Built target pcl_ros_gencfg
[0.430s] [  0%] Built target sick_ldmrs_msgs_generate_messages_py
[0.431s] [  0%] Built target geometry_msgs_generate_messages_lisp
[0.441s] [  0%] Built target roscpp_generate_messages_cpp
[0.456s] [  0%] Built target sensor_msgs_generate_messages_lisp
[0.473s] [  0%] Built target actionlib_generate_messages_py
[0.482s] [  0%] Built target sensor_msgs_generate_messages_nodejs
[0.493s] [  0%] Built target actionlib_generate_messages_cpp
[0.497s] [  0%] Built target pcl_msgs_generate_messages_eus
[0.520s] [  0%] Built target pcl_msgs_generate_messages_cpp
[0.521s] [  0%] Built target sensor_msgs_generate_messages_eus
[0.529s] [  0%] Built target dynamic_reconfigure_generate_messages_lisp
[0.533s] [  0%] Built target std_msgs_generate_messages_nodejs
[0.545s] [  0%] Built target bond_generate_messages_lisp
[0.568s] [  0%] Built target sensor_msgs_generate_messages_cpp
[0.585s] [  0%] Built target pcl_msgs_generate_messages_nodejs
[0.593s] [  0%] Built target sensor_msgs_generate_messages_py
[0.601s] [  0%] Built target nodelet_generate_messages_nodejs
[0.623s] [  0%] Built target geometry_msgs_generate_messages_nodejs
[0.633s] [  0%] Built target nodelet_generate_messages_py
[0.640s] [  0%] Built target std_msgs_generate_messages_cpp
[0.660s] [  0%] Built target roscpp_generate_messages_lisp
[0.667s] [  0%] Built target bond_generate_messages_eus
[0.689s] [  0%] Built target std_srvs_generate_messages_eus
[0.693s] [  0%] Built target geometry_msgs_generate_messages_eus
[0.703s] [  0%] Built target std_msgs_generate_messages_lisp
[0.733s] [  0%] Built target roscpp_generate_messages_nodejs
[0.738s] [  0%] Built target tf_generate_messages_py
[0.743s] [  0%] Built target rosgraph_msgs_generate_messages_cpp
[0.747s] [  0%] Built target sick_ldmrs_msgs_generate_messages_eus
[0.758s] [  0%] Built target std_msgs_generate_messages_py
[0.767s] [  0%] Built target roscpp_generate_messages_py
[0.788s] [  0%] Built target topic_tools_generate_messages_cpp
[0.790s] [  0%] Built target rosgraph_msgs_generate_messages_eus
[0.797s] [  0%] Built target dynamic_reconfigure_generate_messages_cpp
[0.821s] [  0%] Built target topic_tools_generate_messages_eus
[0.828s] [  0%] Built target rosgraph_msgs_generate_messages_nodejs
[0.833s] [  0%] Built target rosgraph_msgs_generate_messages_lisp
[0.836s] [  0%] Built target dynamic_reconfigure_generate_messages_eus
[0.840s] [  0%] Built target visualization_msgs_generate_messages_lisp
[0.862s] [  0%] Built target std_msgs_generate_messages_eus
[0.862s] [  0%] Built target tf2_msgs_generate_messages_lisp
[0.879s] [  0%] Built target dynamic_reconfigure_generate_messages_nodejs
[0.887s] [  0%] Built target dynamic_reconfigure_generate_messages_py
[0.887s] [  0%] Built target nodelet_generate_messages_cpp
[0.898s] [  0%] Built target dynamic_reconfigure_gencfg
[0.912s] [  0%] Built target std_srvs_generate_messages_nodejs
[0.928s] [  0%] Built target actionlib_generate_messages_lisp
[0.930s] [  0%] Built target bond_generate_messages_py
[0.941s] [  0%] Built target geometry_msgs_generate_messages_cpp
[0.950s] [  0%] Built target nodelet_generate_messages_eus
[0.958s] [  0%] Built target nodelet_generate_messages_lisp
[0.973s] [  0%] Built target roscpp_generate_messages_eus
[0.973s] [  0%] Built target bond_generate_messages_cpp
[0.982s] [  0%] Built target actionlib_msgs_generate_messages_eus
[0.985s] [  0%] Built target rosgraph_msgs_generate_messages_py
[1.005s] [  0%] Built target actionlib_msgs_generate_messages_nodejs
[1.019s] [  0%] Built target bond_generate_messages_nodejs
[1.021s] [  0%] Built target std_srvs_generate_messages_lisp
[1.031s] [  0%] Built target nodelet_topic_tools_gencfg
[1.041s] [  0%] Built target topic_tools_generate_messages_py
[1.043s] [  0%] Built target topic_tools_generate_messages_lisp
[1.050s] [  0%] Built target tf_generate_messages_eus
[1.060s] [  0%] Built target actionlib_msgs_generate_messages_cpp
[1.066s] [  0%] Built target std_srvs_generate_messages_cpp
[1.086s] [  0%] Built target std_srvs_generate_messages_py
[1.095s] [  0%] Built target tf_generate_messages_nodejs
[1.099s] [  0%] Built target tf_generate_messages_lisp
[1.125s] [  0%] Built target pcl_msgs_generate_messages_py
[1.125s] [  0%] Built target actionlib_generate_messages_eus
[1.137s] [  0%] Built target tf_generate_messages_cpp
[1.140s] [  0%] Built target pcl_msgs_generate_messages_lisp
[1.140s] [  0%] Built target actionlib_generate_messages_nodejs
[1.160s] [  0%] Built target actionlib_msgs_generate_messages_lisp
[1.233s] [ 12%] Built target sick_ldmrs_object_marker
[1.235s] [ 25%] Built target sick_ldmrs_print_resolution
[1.242s] [ 37%] Built target sick_ldmrs_all_layer_assembler
[1.243s] [ 50%] Built target sick_ldmrs_filter_last
[1.243s] [ 62%] Built target sick_ldmrs_remove_background
[1.248s] [ 75%] Built target sick_ldmrs_filter_first
[1.285s] [ 87%] Built target sick_ldmrs_make_organized
[1.296s] [100%] Built target sick_ldmrs_filter_layer
[1.310s] Invoked command in '/home/yeap/APC_2022_Prac/airsimversion/autoware.ai/build/sick_ldmrs_tools' returned '0': CMAKE_PREFIX_PATH=/home/yeap/APC_2022_Prac/airsimversion/autoware.ai/install/sick_ldmrs_driver:/home/yeap/APC_2022_Prac/airsimversion/autoware.ai/install/sick_ldmrs_msgs:/home/yeap/APC_2022_Prac/airsimversion/autoware.ai/install/sick_ldmrs_description:${CMAKE_PREFIX_PATH} LD_LIBRARY_PATH=/home/yeap/APC_2022_Prac/airsimversion/autoware.ai/install/sick_ldmrs_driver/lib:${LD_LIBRARY_PATH} PATH=/home/yeap/APC_2022_Prac/airsimversion/autoware.ai/install/sick_ldmrs_driver/bin:${PATH} PKG_CONFIG_PATH=/home/yeap/APC_2022_Prac/airsimversion/autoware.ai/install/sick_ldmrs_driver/lib/x86_64-linux-gnu/pkgconfig:/home/yeap/APC_2022_Prac/airsimversion/autoware.ai/install/sick_ldmrs_driver/lib/pkgconfig:/home/yeap/APC_2022_Prac/airsimversion/autoware.ai/install/sick_ldmrs_msgs/lib/x86_64-linux-gnu/pkgconfig:/home/yeap/APC_2022_Prac/airsimversion/autoware.ai/install/sick_ldmrs_msgs/lib/pkgconfig:/home/yeap/APC_2022_Prac/airsimversion/autoware.ai/install/sick_ldmrs_description/lib/x86_64-linux-gnu/pkgconfig:/home/yeap/APC_2022_Prac/airsimversion/autoware.ai/install/sick_ldmrs_description/lib/pkgconfig:${PKG_CONFIG_PATH} PYTHONPATH=/home/yeap/APC_2022_Prac/airsimversion/autoware.ai/install/sick_ldmrs_driver/lib/python2.7/dist-packages:/home/yeap/APC_2022_Prac/airsimversion/autoware.ai/install/sick_ldmrs_msgs/lib/python2.7/dist-packages:${PYTHONPATH} ROS_PACKAGE_PATH=/home/yeap/APC_2022_Prac/airsimversion/autoware.ai/install/sick_ldmrs_driver/share:/home/yeap/APC_2022_Prac/airsimversion/autoware.ai/install/sick_ldmrs_msgs/share:/home/yeap/APC_2022_Prac/airsimversion/autoware.ai/install/sick_ldmrs_description/share:${ROS_PACKAGE_PATH} /usr/bin/cmake --build /home/yeap/APC_2022_Prac/airsimversion/autoware.ai/build/sick_ldmrs_tools -- -j6 -l6
[1.669s] Invoking command in '/home/yeap/APC_2022_Prac/airsimversion/autoware.ai/build/sick_ldmrs_tools': CMAKE_PREFIX_PATH=/home/yeap/APC_2022_Prac/airsimversion/autoware.ai/install/sick_ldmrs_driver:/home/yeap/APC_2022_Prac/airsimversion/autoware.ai/install/sick_ldmrs_msgs:/home/yeap/APC_2022_Prac/airsimversion/autoware.ai/install/sick_ldmrs_description:${CMAKE_PREFIX_PATH} LD_LIBRARY_PATH=/home/yeap/APC_2022_Prac/airsimversion/autoware.ai/install/sick_ldmrs_driver/lib:${LD_LIBRARY_PATH} PATH=/home/yeap/APC_2022_Prac/airsimversion/autoware.ai/install/sick_ldmrs_driver/bin:${PATH} PKG_CONFIG_PATH=/home/yeap/APC_2022_Prac/airsimversion/autoware.ai/install/sick_ldmrs_driver/lib/x86_64-linux-gnu/pkgconfig:/home/yeap/APC_2022_Prac/airsimversion/autoware.ai/install/sick_ldmrs_driver/lib/pkgconfig:/home/yeap/APC_2022_Prac/airsimversion/autoware.ai/install/sick_ldmrs_msgs/lib/x86_64-linux-gnu/pkgconfig:/home/yeap/APC_2022_Prac/airsimversion/autoware.ai/install/sick_ldmrs_msgs/lib/pkgconfig:/home/yeap/APC_2022_Prac/airsimversion/autoware.ai/install/sick_ldmrs_description/lib/x86_64-linux-gnu/pkgconfig:/home/yeap/APC_2022_Prac/airsimversion/autoware.ai/install/sick_ldmrs_description/lib/pkgconfig:${PKG_CONFIG_PATH} PYTHONPATH=/home/yeap/APC_2022_Prac/airsimversion/autoware.ai/install/sick_ldmrs_driver/lib/python2.7/dist-packages:/home/yeap/APC_2022_Prac/airsimversion/autoware.ai/install/sick_ldmrs_msgs/lib/python2.7/dist-packages:${PYTHONPATH} ROS_PACKAGE_PATH=/home/yeap/APC_2022_Prac/airsimversion/autoware.ai/install/sick_ldmrs_driver/share:/home/yeap/APC_2022_Prac/airsimversion/autoware.ai/install/sick_ldmrs_msgs/share:/home/yeap/APC_2022_Prac/airsimversion/autoware.ai/install/sick_ldmrs_description/share:${ROS_PACKAGE_PATH} /usr/bin/cmake --build /home/yeap/APC_2022_Prac/airsimversion/autoware.ai/build/sick_ldmrs_tools --target tests -- -j6 -l6
[1.865s] Built target tests
[1.893s] Invoked command in '/home/yeap/APC_2022_Prac/airsimversion/autoware.ai/build/sick_ldmrs_tools' returned '0': CMAKE_PREFIX_PATH=/home/yeap/APC_2022_Prac/airsimversion/autoware.ai/install/sick_ldmrs_driver:/home/yeap/APC_2022_Prac/airsimversion/autoware.ai/install/sick_ldmrs_msgs:/home/yeap/APC_2022_Prac/airsimversion/autoware.ai/install/sick_ldmrs_description:${CMAKE_PREFIX_PATH} LD_LIBRARY_PATH=/home/yeap/APC_2022_Prac/airsimversion/autoware.ai/install/sick_ldmrs_driver/lib:${LD_LIBRARY_PATH} PATH=/home/yeap/APC_2022_Prac/airsimversion/autoware.ai/install/sick_ldmrs_driver/bin:${PATH} PKG_CONFIG_PATH=/home/yeap/APC_2022_Prac/airsimversion/autoware.ai/install/sick_ldmrs_driver/lib/x86_64-linux-gnu/pkgconfig:/home/yeap/APC_2022_Prac/airsimversion/autoware.ai/install/sick_ldmrs_driver/lib/pkgconfig:/home/yeap/APC_2022_Prac/airsimversion/autoware.ai/install/sick_ldmrs_msgs/lib/x86_64-linux-gnu/pkgconfig:/home/yeap/APC_2022_Prac/airsimversion/autoware.ai/install/sick_ldmrs_msgs/lib/pkgconfig:/home/yeap/APC_2022_Prac/airsimversion/autoware.ai/install/sick_ldmrs_description/lib/x86_64-linux-gnu/pkgconfig:/home/yeap/APC_2022_Prac/airsimversion/autoware.ai/install/sick_ldmrs_description/lib/pkgconfig:${PKG_CONFIG_PATH} PYTHONPATH=/home/yeap/APC_2022_Prac/airsimversion/autoware.ai/install/sick_ldmrs_driver/lib/python2.7/dist-packages:/home/yeap/APC_2022_Prac/airsimversion/autoware.ai/install/sick_ldmrs_msgs/lib/python2.7/dist-packages:${PYTHONPATH} ROS_PACKAGE_PATH=/home/yeap/APC_2022_Prac/airsimversion/autoware.ai/install/sick_ldmrs_driver/share:/home/yeap/APC_2022_Prac/airsimversion/autoware.ai/install/sick_ldmrs_msgs/share:/home/yeap/APC_2022_Prac/airsimversion/autoware.ai/install/sick_ldmrs_description/share:${ROS_PACKAGE_PATH} /usr/bin/cmake --build /home/yeap/APC_2022_Prac/airsimversion/autoware.ai/build/sick_ldmrs_tools --target tests -- -j6 -l6
[2.326s] Invoking command in '/home/yeap/APC_2022_Prac/airsimversion/autoware.ai/build/sick_ldmrs_tools': CMAKE_PREFIX_PATH=/home/yeap/APC_2022_Prac/airsimversion/autoware.ai/install/sick_ldmrs_driver:/home/yeap/APC_2022_Prac/airsimversion/autoware.ai/install/sick_ldmrs_msgs:/home/yeap/APC_2022_Prac/airsimversion/autoware.ai/install/sick_ldmrs_description:${CMAKE_PREFIX_PATH} LD_LIBRARY_PATH=/home/yeap/APC_2022_Prac/airsimversion/autoware.ai/install/sick_ldmrs_driver/lib:${LD_LIBRARY_PATH} PATH=/home/yeap/APC_2022_Prac/airsimversion/autoware.ai/install/sick_ldmrs_driver/bin:${PATH} PKG_CONFIG_PATH=/home/yeap/APC_2022_Prac/airsimversion/autoware.ai/install/sick_ldmrs_driver/lib/x86_64-linux-gnu/pkgconfig:/home/yeap/APC_2022_Prac/airsimversion/autoware.ai/install/sick_ldmrs_driver/lib/pkgconfig:/home/yeap/APC_2022_Prac/airsimversion/autoware.ai/install/sick_ldmrs_msgs/lib/x86_64-linux-gnu/pkgconfig:/home/yeap/APC_2022_Prac/airsimversion/autoware.ai/install/sick_ldmrs_msgs/lib/pkgconfig:/home/yeap/APC_2022_Prac/airsimversion/autoware.ai/install/sick_ldmrs_description/lib/x86_64-linux-gnu/pkgconfig:/home/yeap/APC_2022_Prac/airsimversion/autoware.ai/install/sick_ldmrs_description/lib/pkgconfig:${PKG_CONFIG_PATH} PYTHONPATH=/home/yeap/APC_2022_Prac/airsimversion/autoware.ai/install/sick_ldmrs_driver/lib/python2.7/dist-packages:/home/yeap/APC_2022_Prac/airsimversion/autoware.ai/install/sick_ldmrs_msgs/lib/python2.7/dist-packages:${PYTHONPATH} ROS_PACKAGE_PATH=/home/yeap/APC_2022_Prac/airsimversion/autoware.ai/install/sick_ldmrs_driver/share:/home/yeap/APC_2022_Prac/airsimversion/autoware.ai/install/sick_ldmrs_msgs/share:/home/yeap/APC_2022_Prac/airsimversion/autoware.ai/install/sick_ldmrs_description/share:${ROS_PACKAGE_PATH} /usr/bin/cmake --build /home/yeap/APC_2022_Prac/airsimversion/autoware.ai/build/sick_ldmrs_tools --target install -- -j6 -l6
[2.454s] [  0%] Built target visualization_msgs_generate_messages_nodejs
[2.475s] [  0%] Built target sick_ldmrs_msgs_generate_messages_nodejs
[2.490s] [  0%] Built target actionlib_msgs_generate_messages_py
[2.493s] [  0%] Built target visualization_msgs_generate_messages_eus
[2.493s] [  0%] Built target visualization_msgs_generate_messages_py
[2.512s] [  0%] Built target sick_ldmrs_msgs_generate_messages_lisp
[2.513s] [  0%] Built target sick_ldmrs_msgs_generate_messages_cpp
[2.545s] [  0%] Built target tf2_msgs_generate_messages_nodejs
[2.551s] [  0%] Built target tf2_msgs_generate_messages_eus
[2.559s] [  0%] Built target visualization_msgs_generate_messages_cpp
[2.581s] [  0%] Built target geometry_msgs_generate_messages_py
[2.583s] [  0%] Built target pcl_ros_gencfg
[2.587s] [  0%] Built target sick_ldmrs_msgs_generate_messages_py
[2.590s] [  0%] Built target tf2_msgs_generate_messages_cpp
[2.600s] [  0%] Built target topic_tools_generate_messages_nodejs
[2.622s] [  0%] Built target tf2_msgs_generate_messages_py
[2.638s] [  0%] Built target roscpp_generate_messages_cpp
[2.639s] [  0%] Built target sensor_msgs_generate_messages_nodejs
[2.649s] [  0%] Built target geometry_msgs_generate_messages_lisp
[2.655s] [  0%] Built target actionlib_generate_messages_py
[2.655s] [  0%] Built target actionlib_generate_messages_cpp
[2.678s] [  0%] Built target dynamic_reconfigure_generate_messages_lisp
[2.679s] [  0%] Built target pcl_msgs_generate_messages_eus
[2.712s] [  0%] Built target sensor_msgs_generate_messages_lisp
[2.714s] [  0%] Built target bond_generate_messages_lisp
[2.719s] [  0%] Built target pcl_msgs_generate_messages_cpp
[2.733s] [  0%] Built target sensor_msgs_generate_messages_eus
[2.734s] [  0%] Built target std_msgs_generate_messages_nodejs
[2.737s] [  0%] Built target sensor_msgs_generate_messages_cpp
[2.773s] [  0%] Built target pcl_msgs_generate_messages_nodejs
[2.790s] [  0%] Built target nodelet_generate_messages_py
[2.798s] [  0%] Built target nodelet_generate_messages_nodejs
[2.801s] [  0%] Built target std_msgs_generate_messages_cpp
[2.802s] [  0%] Built target geometry_msgs_generate_messages_nodejs
[2.820s] [  0%] Built target sensor_msgs_generate_messages_py
[2.821s] [  0%] Built target std_srvs_generate_messages_eus
[2.850s] [  0%] Built target roscpp_generate_messages_lisp
[2.868s] [  0%] Built target std_msgs_generate_messages_lisp
[2.870s] [  0%] Built target bond_generate_messages_eus
[2.885s] [  0%] Built target roscpp_generate_messages_nodejs
[2.886s] [  0%] Built target sick_ldmrs_msgs_generate_messages_eus
[2.904s] [  0%] Built target geometry_msgs_generate_messages_eus
[2.918s] [  0%] Built target dynamic_reconfigure_generate_messages_cpp
[2.928s] [  0%] Built target std_msgs_generate_messages_py
[2.931s] [  0%] Built target rosgraph_msgs_generate_messages_cpp
[2.934s] [  0%] Built target tf_generate_messages_py
[2.963s] [  0%] Built target roscpp_generate_messages_py
[2.969s] [  0%] Built target rosgraph_msgs_generate_messages_lisp
[2.980s] [  0%] Built target topic_tools_generate_messages_cpp
[2.988s] [  0%] Built target rosgraph_msgs_generate_messages_eus
[2.997s] [  0%] Built target topic_tools_generate_messages_eus
[3.014s] [  0%] Built target visualization_msgs_generate_messages_lisp
[3.017s] [  0%] Built target rosgraph_msgs_generate_messages_nodejs
[3.021s] [  0%] Built target std_msgs_generate_messages_eus
[3.042s] [  0%] Built target dynamic_reconfigure_generate_messages_eus
[3.061s] [  0%] Built target dynamic_reconfigure_generate_messages_nodejs
[3.074s] [  0%] Built target tf2_msgs_generate_messages_lisp
[3.085s] [  0%] Built target dynamic_reconfigure_generate_messages_py
[3.086s] [  0%] Built target nodelet_generate_messages_cpp
[3.099s] [  0%] Built target dynamic_reconfigure_gencfg
[3.142s] [  0%] Built target nodelet_generate_messages_eus
[3.142s] [  0%] Built target bond_generate_messages_py
[3.157s] [  0%] Built target nodelet_generate_messages_lisp
[3.170s] [  0%] Built target actionlib_generate_messages_lisp
[3.173s] [  0%] Built target geometry_msgs_generate_messages_cpp
[3.199s] [  0%] Built target std_srvs_generate_messages_nodejs
[3.222s] [  0%] Built target rosgraph_msgs_generate_messages_py
[3.229s] [  0%] Built target bond_generate_messages_cpp
[3.257s] [  0%] Built target roscpp_generate_messages_eus
[3.258s] [  0%] Built target actionlib_msgs_generate_messages_eus
[3.273s] [  0%] Built target actionlib_msgs_generate_messages_nodejs
[3.306s] [  0%] Built target topic_tools_generate_messages_py
[3.308s] [  0%] Built target bond_generate_messages_nodejs
[3.320s] [  0%] Built target nodelet_topic_tools_gencfg
[3.335s] [  0%] Built target std_srvs_generate_messages_lisp
[3.336s] [  0%] Built target std_srvs_generate_messages_cpp
[3.348s] [  0%] Built target topic_tools_generate_messages_lisp
[3.373s] [  0%] Built target tf_generate_messages_eus
[3.390s] [  0%] Built target std_srvs_generate_messages_py
[3.399s] [  0%] Built target tf_generate_messages_lisp
[3.425s] [  0%] Built target tf_generate_messages_nodejs
[3.429s] [  0%] Built target actionlib_msgs_generate_messages_cpp
[3.490s] [  0%] Built target actionlib_generate_messages_eus
[3.516s] [  0%] Built target pcl_msgs_generate_messages_py
[3.521s] [  0%] Built target actionlib_msgs_generate_messages_lisp
[3.521s] [  0%] Built target actionlib_generate_messages_nodejs
[3.524s] [  0%] Built target pcl_msgs_generate_messages_lisp
[3.536s] [  0%] Built target tf_generate_messages_cpp
[3.657s] [ 12%] Built target sick_ldmrs_filter_last
[3.659s] [ 25%] Built target sick_ldmrs_print_resolution
[3.675s] [ 37%] Built target sick_ldmrs_remove_background
[3.675s] [ 50%] Built target sick_ldmrs_filter_first
[3.721s] [ 62%] Built target sick_ldmrs_object_marker
[3.737s] [ 75%] Built target sick_ldmrs_all_layer_assembler
[3.796s] [ 87%] Built target sick_ldmrs_make_organized
[3.808s] [100%] Built target sick_ldmrs_filter_layer
[3.865s] [36mInstall the project...[0m
[3.892s] -- Install configuration: "Release"
[3.895s] -- Up-to-date: /home/yeap/APC_2022_Prac/airsimversion/autoware.ai/install/sick_ldmrs_tools/lib/pkgconfig/sick_ldmrs_tools.pc
[3.897s] -- Up-to-date: /home/yeap/APC_2022_Prac/airsimversion/autoware.ai/install/sick_ldmrs_tools/share/sick_ldmrs_tools/cmake/sick_ldmrs_toolsConfig.cmake
[3.897s] -- Up-to-date: /home/yeap/APC_2022_Prac/airsimversion/autoware.ai/install/sick_ldmrs_tools/share/sick_ldmrs_tools/cmake/sick_ldmrs_toolsConfig-version.cmake
[3.897s] -- Up-to-date: /home/yeap/APC_2022_Prac/airsimversion/autoware.ai/install/sick_ldmrs_tools/share/sick_ldmrs_tools/package.xml
[3.904s] -- Up-to-date: /home/yeap/APC_2022_Prac/airsimversion/autoware.ai/install/sick_ldmrs_tools/lib/sick_ldmrs_tools/sick_ldmrs_object_marker
[3.907s] -- Up-to-date: /home/yeap/APC_2022_Prac/airsimversion/autoware.ai/install/sick_ldmrs_tools/lib/sick_ldmrs_tools/sick_ldmrs_filter_layer
[3.908s] -- Up-to-date: /home/yeap/APC_2022_Prac/airsimversion/autoware.ai/install/sick_ldmrs_tools/lib/sick_ldmrs_tools/sick_ldmrs_filter_first
[3.909s] -- Up-to-date: /home/yeap/APC_2022_Prac/airsimversion/autoware.ai/install/sick_ldmrs_tools/lib/sick_ldmrs_tools/sick_ldmrs_filter_last
[3.909s] -- Up-to-date: /home/yeap/APC_2022_Prac/airsimversion/autoware.ai/install/sick_ldmrs_tools/lib/sick_ldmrs_tools/sick_ldmrs_all_layer_assembler
[3.911s] -- Up-to-date: /home/yeap/APC_2022_Prac/airsimversion/autoware.ai/install/sick_ldmrs_tools/lib/sick_ldmrs_tools/sick_ldmrs_make_organized
[3.911s] -- Up-to-date: /home/yeap/APC_2022_Prac/airsimversion/autoware.ai/install/sick_ldmrs_tools/lib/sick_ldmrs_tools/sick_ldmrs_remove_background
[3.912s] -- Up-to-date: /home/yeap/APC_2022_Prac/airsimversion/autoware.ai/install/sick_ldmrs_tools/lib/sick_ldmrs_tools/sick_ldmrs_print_resolution
[3.912s] -- Up-to-date: /home/yeap/APC_2022_Prac/airsimversion/autoware.ai/install/sick_ldmrs_tools/share/sick_ldmrs_tools/config
[3.915s] -- Up-to-date: /home/yeap/APC_2022_Prac/airsimversion/autoware.ai/install/sick_ldmrs_tools/share/sick_ldmrs_tools/config/sick_ldmrs.rviz
[3.915s] -- Up-to-date: /home/yeap/APC_2022_Prac/airsimversion/autoware.ai/install/sick_ldmrs_tools/share/sick_ldmrs_tools/launch
[3.916s] -- Up-to-date: /home/yeap/APC_2022_Prac/airsimversion/autoware.ai/install/sick_ldmrs_tools/share/sick_ldmrs_tools/launch/sick_ldmrs_demo.launch
[3.924s] Invoked command in '/home/yeap/APC_2022_Prac/airsimversion/autoware.ai/build/sick_ldmrs_tools' returned '0': CMAKE_PREFIX_PATH=/home/yeap/APC_2022_Prac/airsimversion/autoware.ai/install/sick_ldmrs_driver:/home/yeap/APC_2022_Prac/airsimversion/autoware.ai/install/sick_ldmrs_msgs:/home/yeap/APC_2022_Prac/airsimversion/autoware.ai/install/sick_ldmrs_description:${CMAKE_PREFIX_PATH} LD_LIBRARY_PATH=/home/yeap/APC_2022_Prac/airsimversion/autoware.ai/install/sick_ldmrs_driver/lib:${LD_LIBRARY_PATH} PATH=/home/yeap/APC_2022_Prac/airsimversion/autoware.ai/install/sick_ldmrs_driver/bin:${PATH} PKG_CONFIG_PATH=/home/yeap/APC_2022_Prac/airsimversion/autoware.ai/install/sick_ldmrs_driver/lib/x86_64-linux-gnu/pkgconfig:/home/yeap/APC_2022_Prac/airsimversion/autoware.ai/install/sick_ldmrs_driver/lib/pkgconfig:/home/yeap/APC_2022_Prac/airsimversion/autoware.ai/install/sick_ldmrs_msgs/lib/x86_64-linux-gnu/pkgconfig:/home/yeap/APC_2022_Prac/airsimversion/autoware.ai/install/sick_ldmrs_msgs/lib/pkgconfig:/home/yeap/APC_2022_Prac/airsimversion/autoware.ai/install/sick_ldmrs_description/lib/x86_64-linux-gnu/pkgconfig:/home/yeap/APC_2022_Prac/airsimversion/autoware.ai/install/sick_ldmrs_description/lib/pkgconfig:${PKG_CONFIG_PATH} PYTHONPATH=/home/yeap/APC_2022_Prac/airsimversion/autoware.ai/install/sick_ldmrs_driver/lib/python2.7/dist-packages:/home/yeap/APC_2022_Prac/airsimversion/autoware.ai/install/sick_ldmrs_msgs/lib/python2.7/dist-packages:${PYTHONPATH} ROS_PACKAGE_PATH=/home/yeap/APC_2022_Prac/airsimversion/autoware.ai/install/sick_ldmrs_driver/share:/home/yeap/APC_2022_Prac/airsimversion/autoware.ai/install/sick_ldmrs_msgs/share:/home/yeap/APC_2022_Prac/airsimversion/autoware.ai/install/sick_ldmrs_description/share:${ROS_PACKAGE_PATH} /usr/bin/cmake --build /home/yeap/APC_2022_Prac/airsimversion/autoware.ai/build/sick_ldmrs_tools --target install -- -j6 -l6
