[0.106s] Invoking command in '/home/yeap/APC_2022_Prac/airsimversion/autoware.ai/build/costmap_generator': CMAKE_PREFIX_PATH=/home/yeap/APC_2022_Prac/airsimversion/autoware.ai/install/object_map:/home/yeap/APC_2022_Prac/airsimversion/autoware.ai/install/lanelet2_extension:/home/yeap/APC_2022_Prac/airsimversion/autoware.ai/install/lanelet2_validation:/home/yeap/APC_2022_Prac/airsimversion/autoware.ai/install/lanelet2_routing:/home/yeap/APC_2022_Prac/airsimversion/autoware.ai/install/lanelet2_projection:/home/yeap/APC_2022_Prac/airsimversion/autoware.ai/install/lanelet2_traffic_rules:/home/yeap/APC_2022_Prac/airsimversion/autoware.ai/install/lanelet2_maps:/home/yeap/APC_2022_Prac/airsimversion/autoware.ai/install/lanelet2_io:/home/yeap/APC_2022_Prac/airsimversion/autoware.ai/install/vector_map:/home/yeap/APC_2022_Prac/airsimversion/autoware.ai/install/lanelet2_core:/home/yeap/APC_2022_Prac/airsimversion/autoware.ai/install/amathutils_lib:/home/yeap/APC_2022_Prac/airsimversion/autoware.ai/install/vector_map_msgs:/home/yeap/APC_2022_Prac/airsimversion/autoware.ai/install/autoware_msgs:/home/yeap/APC_2022_Prac/airsimversion/autoware.ai/install/autoware_lanelet2_msgs:/home/yeap/APC_2022_Prac/airsimversion/autoware.ai/install/autoware_build_flags:${CMAKE_PREFIX_PATH} LD_LIBRARY_PATH=/home/yeap/APC_2022_Prac/airsimversion/autoware.ai/install/object_map/lib:/home/yeap/APC_2022_Prac/airsimversion/autoware.ai/install/lanelet2_extension/lib:/home/yeap/APC_2022_Prac/airsimversion/autoware.ai/install/lanelet2_validation/lib:/home/yeap/APC_2022_Prac/airsimversion/autoware.ai/install/lanelet2_routing/lib:/home/yeap/APC_2022_Prac/airsimversion/autoware.ai/install/lanelet2_projection/lib:/home/yeap/APC_2022_Prac/airsimversion/autoware.ai/install/lanelet2_traffic_rules/lib:/home/yeap/APC_2022_Prac/airsimversion/autoware.ai/install/lanelet2_io/lib:/home/yeap/APC_2022_Prac/airsimversion/autoware.ai/install/vector_map/lib:/home/yeap/APC_2022_Prac/airsimversion/autoware.ai/install/lanelet2_core/lib:/home/yeap/APC_2022_Prac/airsimversion/autoware.ai/install/amathutils_lib/lib:${LD_LIBRARY_PATH} PKG_CONFIG_PATH=/home/yeap/APC_2022_Prac/airsimversion/autoware.ai/install/object_map/lib/x86_64-linux-gnu/pkgconfig:/home/yeap/APC_2022_Prac/airsimversion/autoware.ai/install/object_map/lib/pkgconfig:/home/yeap/APC_2022_Prac/airsimversion/autoware.ai/install/lanelet2_extension/lib/x86_64-linux-gnu/pkgconfig:/home/yeap/APC_2022_Prac/airsimversion/autoware.ai/install/lanelet2_extension/lib/pkgconfig:/home/yeap/APC_2022_Prac/airsimversion/autoware.ai/install/lanelet2_validation/lib/x86_64-linux-gnu/pkgconfig:/home/yeap/APC_2022_Prac/airsimversion/autoware.ai/install/lanelet2_validation/lib/pkgconfig:/home/yeap/APC_2022_Prac/airsimversion/autoware.ai/install/lanelet2_routing/lib/x86_64-linux-gnu/pkgconfig:/home/yeap/APC_2022_Prac/airsimversion/autoware.ai/install/lanelet2_routing/lib/pkgconfig:/home/yeap/APC_2022_Prac/airsimversion/autoware.ai/install/lanelet2_projection/lib/x86_64-linux-gnu/pkgconfig:/home/yeap/APC_2022_Prac/airsimversion/autoware.ai/install/lanelet2_projection/lib/pkgconfig:/home/yeap/APC_2022_Prac/airsimversion/autoware.ai/install/lanelet2_traffic_rules/lib/x86_64-linux-gnu/pkgconfig:/home/yeap/APC_2022_Prac/airsimversion/autoware.ai/install/lanelet2_traffic_rules/lib/pkgconfig:/home/yeap/APC_2022_Prac/airsimversion/autoware.ai/install/lanelet2_maps/lib/x86_64-linux-gnu/pkgconfig:/home/yeap/APC_2022_Prac/airsimversion/autoware.ai/install/lanelet2_maps/lib/pkgconfig:/home/yeap/APC_2022_Prac/airsimversion/autoware.ai/install/lanelet2_io/lib/x86_64-linux-gnu/pkgconfig:/home/yeap/APC_2022_Prac/airsimversion/autoware.ai/install/lanelet2_io/lib/pkgconfig:/home/yeap/APC_2022_Prac/airsimversion/autoware.ai/install/vector_map/lib/x86_64-linux-gnu/pkgconfig:/home/yeap/APC_2022_Prac/airsimversion/autoware.ai/install/vector_map/lib/pkgconfig:/home/yeap/APC_2022_Prac/airsimversion/autoware.ai/install/lanelet2_core/lib/x86_64-linux-gnu/pkgconfig:/home/yeap/APC_2022_Prac/airsimversion/autoware.ai/install/lanelet2_core/lib/pkgconfig:/home/yeap/APC_2022_Prac/airsimversion/autoware.ai/install/amathutils_lib/lib/x86_64-linux-gnu/pkgconfig:/home/yeap/APC_2022_Prac/airsimversion/autoware.ai/install/amathutils_lib/lib/pkgconfig:/home/yeap/APC_2022_Prac/airsimversion/autoware.ai/install/vector_map_msgs/lib/x86_64-linux-gnu/pkgconfig:/home/yeap/APC_2022_Prac/airsimversion/autoware.ai/install/vector_map_msgs/lib/pkgconfig:/home/yeap/APC_2022_Prac/airsimversion/autoware.ai/install/autoware_msgs/lib/x86_64-linux-gnu/pkgconfig:/home/yeap/APC_2022_Prac/airsimversion/autoware.ai/install/autoware_msgs/lib/pkgconfig:/home/yeap/APC_2022_Prac/airsimversion/autoware.ai/install/autoware_lanelet2_msgs/lib/x86_64-linux-gnu/pkgconfig:/home/yeap/APC_2022_Prac/airsimversion/autoware.ai/install/autoware_lanelet2_msgs/lib/pkgconfig:/home/yeap/APC_2022_Prac/airsimversion/autoware.ai/install/autoware_build_flags/lib/x86_64-linux-gnu/pkgconfig:/home/yeap/APC_2022_Prac/airsimversion/autoware.ai/install/autoware_build_flags/lib/pkgconfig:${PKG_CONFIG_PATH} PYTHONPATH=/home/yeap/APC_2022_Prac/airsimversion/autoware.ai/install/vector_map_msgs/lib/python2.7/dist-packages:/home/yeap/APC_2022_Prac/airsimversion/autoware.ai/install/autoware_msgs/lib/python2.7/dist-packages:/home/yeap/APC_2022_Prac/airsimversion/autoware.ai/install/autoware_lanelet2_msgs/lib/python2.7/dist-packages:${PYTHONPATH} ROS_PACKAGE_PATH=/home/yeap/APC_2022_Prac/airsimversion/autoware.ai/install/object_map/share:/home/yeap/APC_2022_Prac/airsimversion/autoware.ai/install/lanelet2_extension/share:/home/yeap/APC_2022_Prac/airsimversion/autoware.ai/install/lanelet2_validation/share:/home/yeap/APC_2022_Prac/airsimversion/autoware.ai/install/lanelet2_routing/share:/home/yeap/APC_2022_Prac/airsimversion/autoware.ai/install/lanelet2_projection/share:/home/yeap/APC_2022_Prac/airsimversion/autoware.ai/install/lanelet2_traffic_rules/share:/home/yeap/APC_2022_Prac/airsimversion/autoware.ai/install/lanelet2_maps/share:/home/yeap/APC_2022_Prac/airsimversion/autoware.ai/install/lanelet2_io/share:/home/yeap/APC_2022_Prac/airsimversion/autoware.ai/install/vector_map/share:/home/yeap/APC_2022_Prac/airsimversion/autoware.ai/install/lanelet2_core/share:/home/yeap/APC_2022_Prac/airsimversion/autoware.ai/install/amathutils_lib/share:/home/yeap/APC_2022_Prac/airsimversion/autoware.ai/install/vector_map_msgs/share:/home/yeap/APC_2022_Prac/airsimversion/autoware.ai/install/autoware_msgs/share:/home/yeap/APC_2022_Prac/airsimversion/autoware.ai/install/autoware_lanelet2_msgs/share:/home/yeap/APC_2022_Prac/airsimversion/autoware.ai/install/autoware_build_flags/share:${ROS_PACKAGE_PATH} /usr/bin/cmake /home/yeap/APC_2022_Prac/airsimversion/autoware.ai/src/autoware/core_planning/costmap_generator -DCMAKE_BUILD_TYPE=Release -DCATKIN_INSTALL_INTO_PREFIX_ROOT=0 -DCMAKE_INSTALL_PREFIX=/home/yeap/APC_2022_Prac/airsimversion/autoware.ai/install/costmap_generator
[0.200s] -- The C compiler identification is GNU 7.5.0
[0.266s] -- The CXX compiler identification is GNU 7.5.0
[0.273s] -- Check for working C compiler: /usr/bin/cc
[0.349s] -- Check for working C compiler: /usr/bin/cc -- works
[0.350s] -- Detecting C compiler ABI info
[0.436s] -- Detecting C compiler ABI info - done
[0.442s] -- Detecting C compile features
[0.687s] -- Detecting C compile features - done
[0.691s] -- Check for working CXX compiler: /usr/bin/c++
[0.785s] -- Check for working CXX compiler: /usr/bin/c++ -- works
[0.786s] -- Detecting CXX compiler ABI info
[0.880s] -- Detecting CXX compiler ABI info - done
[0.889s] -- Detecting CXX compile features
[1.314s] -- Detecting CXX compile features - done
[1.317s] -- CUDA compilation status: .
[1.320s] -- Using CATKIN_DEVEL_PREFIX: /home/yeap/APC_2022_Prac/airsimversion/autoware.ai/build/costmap_generator/devel
[1.320s] -- Using CMAKE_PREFIX_PATH: /home/yeap/APC_2022_Prac/airsimversion/autoware.ai/install/object_map;/home/yeap/APC_2022_Prac/airsimversion/autoware.ai/install/lanelet2_extension;/home/yeap/APC_2022_Prac/airsimversion/autoware.ai/install/lanelet2_validation;/home/yeap/APC_2022_Prac/airsimversion/autoware.ai/install/lanelet2_routing;/home/yeap/APC_2022_Prac/airsimversion/autoware.ai/install/lanelet2_projection;/home/yeap/APC_2022_Prac/airsimversion/autoware.ai/install/lanelet2_traffic_rules;/home/yeap/APC_2022_Prac/airsimversion/autoware.ai/install/lanelet2_maps;/home/yeap/APC_2022_Prac/airsimversion/autoware.ai/install/lanelet2_io;/home/yeap/APC_2022_Prac/airsimversion/autoware.ai/install/vector_map;/home/yeap/APC_2022_Prac/airsimversion/autoware.ai/install/lanelet2_core;/home/yeap/APC_2022_Prac/airsimversion/autoware.ai/install/amathutils_lib;/home/yeap/APC_2022_Prac/airsimversion/autoware.ai/install/vector_map_msgs;/home/yeap/APC_2022_Prac/airsimversion/autoware.ai/install/autoware_msgs;/home/yeap/APC_2022_Prac/airsimversion/autoware.ai/install/autoware_lanelet2_msgs;/home/yeap/APC_2022_Prac/airsimversion/autoware.ai/install/autoware_build_flags;/opt/ros/melodic
[1.321s] -- This workspace overlays: /home/yeap/APC_2022_Prac/airsimversion/autoware.ai/install/object_map;/home/yeap/APC_2022_Prac/airsimversion/autoware.ai/install/lanelet2_extension;/home/yeap/APC_2022_Prac/airsimversion/autoware.ai/install/lanelet2_validation;/home/yeap/APC_2022_Prac/airsimversion/autoware.ai/install/lanelet2_routing;/home/yeap/APC_2022_Prac/airsimversion/autoware.ai/install/lanelet2_projection;/home/yeap/APC_2022_Prac/airsimversion/autoware.ai/install/lanelet2_traffic_rules;/home/yeap/APC_2022_Prac/airsimversion/autoware.ai/install/lanelet2_maps;/home/yeap/APC_2022_Prac/airsimversion/autoware.ai/install/lanelet2_io;/home/yeap/APC_2022_Prac/airsimversion/autoware.ai/install/vector_map;/home/yeap/APC_2022_Prac/airsimversion/autoware.ai/install/lanelet2_core;/home/yeap/APC_2022_Prac/airsimversion/autoware.ai/install/amathutils_lib;/home/yeap/APC_2022_Prac/airsimversion/autoware.ai/install/vector_map_msgs;/home/yeap/APC_2022_Prac/airsimversion/autoware.ai/install/autoware_msgs;/home/yeap/APC_2022_Prac/airsimversion/autoware.ai/install/autoware_lanelet2_msgs;/home/yeap/APC_2022_Prac/airsimversion/autoware.ai/install/autoware_build_flags;/opt/ros/melodic
[1.339s] -- Found PythonInterp: /usr/bin/python2 (found suitable version "2.7.17", minimum required is "2") 
[1.339s] -- Using PYTHON_EXECUTABLE: /usr/bin/python2
[1.339s] -- Using Debian Python package layout
[1.340s] -- Using empy: /usr/bin/empy
[1.522s] -- Using CATKIN_ENABLE_TESTING: ON
[1.523s] -- Call enable_testing()
[1.526s] -- Using CATKIN_TEST_RESULTS_DIR: /home/yeap/APC_2022_Prac/airsimversion/autoware.ai/build/costmap_generator/test_results
[1.554s] -- Found gtest sources under '/usr/src/googletest': gtests will be built
[1.554s] -- Found gmock sources under '/usr/src/googletest': gmock will be built
[1.572s] -- Found PythonInterp: /usr/bin/python2 (found version "2.7.17") 
[1.574s] -- Looking for pthread.h
[1.659s] -- Looking for pthread.h - found
[1.660s] -- Looking for pthread_create
[1.745s] -- Looking for pthread_create - not found
[1.746s] -- Looking for pthread_create in pthreads
[1.816s] -- Looking for pthread_create in pthreads - not found
[1.817s] -- Looking for pthread_create in pthread
[1.901s] -- Looking for pthread_create in pthread - found
[1.903s] -- Found Threads: TRUE  
[1.909s] -- Using Python nosetests: /usr/bin/nosetests-2.7
[1.963s] -- catkin 0.7.29
[1.963s] -- BUILD_SHARED_LIBS is on
[2.148s] -- Using these message generators: gencpp;geneus;genlisp;gennodejs;genpy
[4.068s] -- Configuring done
[4.296s] -- Generating done
[4.317s] -- Build files have been written to: /home/yeap/APC_2022_Prac/airsimversion/autoware.ai/build/costmap_generator
[4.331s] Invoked command in '/home/yeap/APC_2022_Prac/airsimversion/autoware.ai/build/costmap_generator' returned '0': CMAKE_PREFIX_PATH=/home/yeap/APC_2022_Prac/airsimversion/autoware.ai/install/object_map:/home/yeap/APC_2022_Prac/airsimversion/autoware.ai/install/lanelet2_extension:/home/yeap/APC_2022_Prac/airsimversion/autoware.ai/install/lanelet2_validation:/home/yeap/APC_2022_Prac/airsimversion/autoware.ai/install/lanelet2_routing:/home/yeap/APC_2022_Prac/airsimversion/autoware.ai/install/lanelet2_projection:/home/yeap/APC_2022_Prac/airsimversion/autoware.ai/install/lanelet2_traffic_rules:/home/yeap/APC_2022_Prac/airsimversion/autoware.ai/install/lanelet2_maps:/home/yeap/APC_2022_Prac/airsimversion/autoware.ai/install/lanelet2_io:/home/yeap/APC_2022_Prac/airsimversion/autoware.ai/install/vector_map:/home/yeap/APC_2022_Prac/airsimversion/autoware.ai/install/lanelet2_core:/home/yeap/APC_2022_Prac/airsimversion/autoware.ai/install/amathutils_lib:/home/yeap/APC_2022_Prac/airsimversion/autoware.ai/install/vector_map_msgs:/home/yeap/APC_2022_Prac/airsimversion/autoware.ai/install/autoware_msgs:/home/yeap/APC_2022_Prac/airsimversion/autoware.ai/install/autoware_lanelet2_msgs:/home/yeap/APC_2022_Prac/airsimversion/autoware.ai/install/autoware_build_flags:${CMAKE_PREFIX_PATH} LD_LIBRARY_PATH=/home/yeap/APC_2022_Prac/airsimversion/autoware.ai/install/object_map/lib:/home/yeap/APC_2022_Prac/airsimversion/autoware.ai/install/lanelet2_extension/lib:/home/yeap/APC_2022_Prac/airsimversion/autoware.ai/install/lanelet2_validation/lib:/home/yeap/APC_2022_Prac/airsimversion/autoware.ai/install/lanelet2_routing/lib:/home/yeap/APC_2022_Prac/airsimversion/autoware.ai/install/lanelet2_projection/lib:/home/yeap/APC_2022_Prac/airsimversion/autoware.ai/install/lanelet2_traffic_rules/lib:/home/yeap/APC_2022_Prac/airsimversion/autoware.ai/install/lanelet2_io/lib:/home/yeap/APC_2022_Prac/airsimversion/autoware.ai/install/vector_map/lib:/home/yeap/APC_2022_Prac/airsimversion/autoware.ai/install/lanelet2_core/lib:/home/yeap/APC_2022_Prac/airsimversion/autoware.ai/install/amathutils_lib/lib:${LD_LIBRARY_PATH} PKG_CONFIG_PATH=/home/yeap/APC_2022_Prac/airsimversion/autoware.ai/install/object_map/lib/x86_64-linux-gnu/pkgconfig:/home/yeap/APC_2022_Prac/airsimversion/autoware.ai/install/object_map/lib/pkgconfig:/home/yeap/APC_2022_Prac/airsimversion/autoware.ai/install/lanelet2_extension/lib/x86_64-linux-gnu/pkgconfig:/home/yeap/APC_2022_Prac/airsimversion/autoware.ai/install/lanelet2_extension/lib/pkgconfig:/home/yeap/APC_2022_Prac/airsimversion/autoware.ai/install/lanelet2_validation/lib/x86_64-linux-gnu/pkgconfig:/home/yeap/APC_2022_Prac/airsimversion/autoware.ai/install/lanelet2_validation/lib/pkgconfig:/home/yeap/APC_2022_Prac/airsimversion/autoware.ai/install/lanelet2_routing/lib/x86_64-linux-gnu/pkgconfig:/home/yeap/APC_2022_Prac/airsimversion/autoware.ai/install/lanelet2_routing/lib/pkgconfig:/home/yeap/APC_2022_Prac/airsimversion/autoware.ai/install/lanelet2_projection/lib/x86_64-linux-gnu/pkgconfig:/home/yeap/APC_2022_Prac/airsimversion/autoware.ai/install/lanelet2_projection/lib/pkgconfig:/home/yeap/APC_2022_Prac/airsimversion/autoware.ai/install/lanelet2_traffic_rules/lib/x86_64-linux-gnu/pkgconfig:/home/yeap/APC_2022_Prac/airsimversion/autoware.ai/install/lanelet2_traffic_rules/lib/pkgconfig:/home/yeap/APC_2022_Prac/airsimversion/autoware.ai/install/lanelet2_maps/lib/x86_64-linux-gnu/pkgconfig:/home/yeap/APC_2022_Prac/airsimversion/autoware.ai/install/lanelet2_maps/lib/pkgconfig:/home/yeap/APC_2022_Prac/airsimversion/autoware.ai/install/lanelet2_io/lib/x86_64-linux-gnu/pkgconfig:/home/yeap/APC_2022_Prac/airsimversion/autoware.ai/install/lanelet2_io/lib/pkgconfig:/home/yeap/APC_2022_Prac/airsimversion/autoware.ai/install/vector_map/lib/x86_64-linux-gnu/pkgconfig:/home/yeap/APC_2022_Prac/airsimversion/autoware.ai/install/vector_map/lib/pkgconfig:/home/yeap/APC_2022_Prac/airsimversion/autoware.ai/install/lanelet2_core/lib/x86_64-linux-gnu/pkgconfig:/home/yeap/APC_2022_Prac/airsimversion/autoware.ai/install/lanelet2_core/lib/pkgconfig:/home/yeap/APC_2022_Prac/airsimversion/autoware.ai/install/amathutils_lib/lib/x86_64-linux-gnu/pkgconfig:/home/yeap/APC_2022_Prac/airsimversion/autoware.ai/install/amathutils_lib/lib/pkgconfig:/home/yeap/APC_2022_Prac/airsimversion/autoware.ai/install/vector_map_msgs/lib/x86_64-linux-gnu/pkgconfig:/home/yeap/APC_2022_Prac/airsimversion/autoware.ai/install/vector_map_msgs/lib/pkgconfig:/home/yeap/APC_2022_Prac/airsimversion/autoware.ai/install/autoware_msgs/lib/x86_64-linux-gnu/pkgconfig:/home/yeap/APC_2022_Prac/airsimversion/autoware.ai/install/autoware_msgs/lib/pkgconfig:/home/yeap/APC_2022_Prac/airsimversion/autoware.ai/install/autoware_lanelet2_msgs/lib/x86_64-linux-gnu/pkgconfig:/home/yeap/APC_2022_Prac/airsimversion/autoware.ai/install/autoware_lanelet2_msgs/lib/pkgconfig:/home/yeap/APC_2022_Prac/airsimversion/autoware.ai/install/autoware_build_flags/lib/x86_64-linux-gnu/pkgconfig:/home/yeap/APC_2022_Prac/airsimversion/autoware.ai/install/autoware_build_flags/lib/pkgconfig:${PKG_CONFIG_PATH} PYTHONPATH=/home/yeap/APC_2022_Prac/airsimversion/autoware.ai/install/vector_map_msgs/lib/python2.7/dist-packages:/home/yeap/APC_2022_Prac/airsimversion/autoware.ai/install/autoware_msgs/lib/python2.7/dist-packages:/home/yeap/APC_2022_Prac/airsimversion/autoware.ai/install/autoware_lanelet2_msgs/lib/python2.7/dist-packages:${PYTHONPATH} ROS_PACKAGE_PATH=/home/yeap/APC_2022_Prac/airsimversion/autoware.ai/install/object_map/share:/home/yeap/APC_2022_Prac/airsimversion/autoware.ai/install/lanelet2_extension/share:/home/yeap/APC_2022_Prac/airsimversion/autoware.ai/install/lanelet2_validation/share:/home/yeap/APC_2022_Prac/airsimversion/autoware.ai/install/lanelet2_routing/share:/home/yeap/APC_2022_Prac/airsimversion/autoware.ai/install/lanelet2_projection/share:/home/yeap/APC_2022_Prac/airsimversion/autoware.ai/install/lanelet2_traffic_rules/share:/home/yeap/APC_2022_Prac/airsimversion/autoware.ai/install/lanelet2_maps/share:/home/yeap/APC_2022_Prac/airsimversion/autoware.ai/install/lanelet2_io/share:/home/yeap/APC_2022_Prac/airsimversion/autoware.ai/install/vector_map/share:/home/yeap/APC_2022_Prac/airsimversion/autoware.ai/install/lanelet2_core/share:/home/yeap/APC_2022_Prac/airsimversion/autoware.ai/install/amathutils_lib/share:/home/yeap/APC_2022_Prac/airsimversion/autoware.ai/install/vector_map_msgs/share:/home/yeap/APC_2022_Prac/airsimversion/autoware.ai/install/autoware_msgs/share:/home/yeap/APC_2022_Prac/airsimversion/autoware.ai/install/autoware_lanelet2_msgs/share:/home/yeap/APC_2022_Prac/airsimversion/autoware.ai/install/autoware_build_flags/share:${ROS_PACKAGE_PATH} /usr/bin/cmake /home/yeap/APC_2022_Prac/airsimversion/autoware.ai/src/autoware/core_planning/costmap_generator -DCMAKE_BUILD_TYPE=Release -DCATKIN_INSTALL_INTO_PREFIX_ROOT=0 -DCMAKE_INSTALL_PREFIX=/home/yeap/APC_2022_Prac/airsimversion/autoware.ai/install/costmap_generator
[4.332s] Invoking command in '/home/yeap/APC_2022_Prac/airsimversion/autoware.ai/build/costmap_generator': CMAKE_PREFIX_PATH=/home/yeap/APC_2022_Prac/airsimversion/autoware.ai/install/object_map:/home/yeap/APC_2022_Prac/airsimversion/autoware.ai/install/lanelet2_extension:/home/yeap/APC_2022_Prac/airsimversion/autoware.ai/install/lanelet2_validation:/home/yeap/APC_2022_Prac/airsimversion/autoware.ai/install/lanelet2_routing:/home/yeap/APC_2022_Prac/airsimversion/autoware.ai/install/lanelet2_projection:/home/yeap/APC_2022_Prac/airsimversion/autoware.ai/install/lanelet2_traffic_rules:/home/yeap/APC_2022_Prac/airsimversion/autoware.ai/install/lanelet2_maps:/home/yeap/APC_2022_Prac/airsimversion/autoware.ai/install/lanelet2_io:/home/yeap/APC_2022_Prac/airsimversion/autoware.ai/install/vector_map:/home/yeap/APC_2022_Prac/airsimversion/autoware.ai/install/lanelet2_core:/home/yeap/APC_2022_Prac/airsimversion/autoware.ai/install/amathutils_lib:/home/yeap/APC_2022_Prac/airsimversion/autoware.ai/install/vector_map_msgs:/home/yeap/APC_2022_Prac/airsimversion/autoware.ai/install/autoware_msgs:/home/yeap/APC_2022_Prac/airsimversion/autoware.ai/install/autoware_lanelet2_msgs:/home/yeap/APC_2022_Prac/airsimversion/autoware.ai/install/autoware_build_flags:${CMAKE_PREFIX_PATH} LD_LIBRARY_PATH=/home/yeap/APC_2022_Prac/airsimversion/autoware.ai/install/object_map/lib:/home/yeap/APC_2022_Prac/airsimversion/autoware.ai/install/lanelet2_extension/lib:/home/yeap/APC_2022_Prac/airsimversion/autoware.ai/install/lanelet2_validation/lib:/home/yeap/APC_2022_Prac/airsimversion/autoware.ai/install/lanelet2_routing/lib:/home/yeap/APC_2022_Prac/airsimversion/autoware.ai/install/lanelet2_projection/lib:/home/yeap/APC_2022_Prac/airsimversion/autoware.ai/install/lanelet2_traffic_rules/lib:/home/yeap/APC_2022_Prac/airsimversion/autoware.ai/install/lanelet2_io/lib:/home/yeap/APC_2022_Prac/airsimversion/autoware.ai/install/vector_map/lib:/home/yeap/APC_2022_Prac/airsimversion/autoware.ai/install/lanelet2_core/lib:/home/yeap/APC_2022_Prac/airsimversion/autoware.ai/install/amathutils_lib/lib:${LD_LIBRARY_PATH} PKG_CONFIG_PATH=/home/yeap/APC_2022_Prac/airsimversion/autoware.ai/install/object_map/lib/x86_64-linux-gnu/pkgconfig:/home/yeap/APC_2022_Prac/airsimversion/autoware.ai/install/object_map/lib/pkgconfig:/home/yeap/APC_2022_Prac/airsimversion/autoware.ai/install/lanelet2_extension/lib/x86_64-linux-gnu/pkgconfig:/home/yeap/APC_2022_Prac/airsimversion/autoware.ai/install/lanelet2_extension/lib/pkgconfig:/home/yeap/APC_2022_Prac/airsimversion/autoware.ai/install/lanelet2_validation/lib/x86_64-linux-gnu/pkgconfig:/home/yeap/APC_2022_Prac/airsimversion/autoware.ai/install/lanelet2_validation/lib/pkgconfig:/home/yeap/APC_2022_Prac/airsimversion/autoware.ai/install/lanelet2_routing/lib/x86_64-linux-gnu/pkgconfig:/home/yeap/APC_2022_Prac/airsimversion/autoware.ai/install/lanelet2_routing/lib/pkgconfig:/home/yeap/APC_2022_Prac/airsimversion/autoware.ai/install/lanelet2_projection/lib/x86_64-linux-gnu/pkgconfig:/home/yeap/APC_2022_Prac/airsimversion/autoware.ai/install/lanelet2_projection/lib/pkgconfig:/home/yeap/APC_2022_Prac/airsimversion/autoware.ai/install/lanelet2_traffic_rules/lib/x86_64-linux-gnu/pkgconfig:/home/yeap/APC_2022_Prac/airsimversion/autoware.ai/install/lanelet2_traffic_rules/lib/pkgconfig:/home/yeap/APC_2022_Prac/airsimversion/autoware.ai/install/lanelet2_maps/lib/x86_64-linux-gnu/pkgconfig:/home/yeap/APC_2022_Prac/airsimversion/autoware.ai/install/lanelet2_maps/lib/pkgconfig:/home/yeap/APC_2022_Prac/airsimversion/autoware.ai/install/lanelet2_io/lib/x86_64-linux-gnu/pkgconfig:/home/yeap/APC_2022_Prac/airsimversion/autoware.ai/install/lanelet2_io/lib/pkgconfig:/home/yeap/APC_2022_Prac/airsimversion/autoware.ai/install/vector_map/lib/x86_64-linux-gnu/pkgconfig:/home/yeap/APC_2022_Prac/airsimversion/autoware.ai/install/vector_map/lib/pkgconfig:/home/yeap/APC_2022_Prac/airsimversion/autoware.ai/install/lanelet2_core/lib/x86_64-linux-gnu/pkgconfig:/home/yeap/APC_2022_Prac/airsimversion/autoware.ai/install/lanelet2_core/lib/pkgconfig:/home/yeap/APC_2022_Prac/airsimversion/autoware.ai/install/amathutils_lib/lib/x86_64-linux-gnu/pkgconfig:/home/yeap/APC_2022_Prac/airsimversion/autoware.ai/install/amathutils_lib/lib/pkgconfig:/home/yeap/APC_2022_Prac/airsimversion/autoware.ai/install/vector_map_msgs/lib/x86_64-linux-gnu/pkgconfig:/home/yeap/APC_2022_Prac/airsimversion/autoware.ai/install/vector_map_msgs/lib/pkgconfig:/home/yeap/APC_2022_Prac/airsimversion/autoware.ai/install/autoware_msgs/lib/x86_64-linux-gnu/pkgconfig:/home/yeap/APC_2022_Prac/airsimversion/autoware.ai/install/autoware_msgs/lib/pkgconfig:/home/yeap/APC_2022_Prac/airsimversion/autoware.ai/install/autoware_lanelet2_msgs/lib/x86_64-linux-gnu/pkgconfig:/home/yeap/APC_2022_Prac/airsimversion/autoware.ai/install/autoware_lanelet2_msgs/lib/pkgconfig:/home/yeap/APC_2022_Prac/airsimversion/autoware.ai/install/autoware_build_flags/lib/x86_64-linux-gnu/pkgconfig:/home/yeap/APC_2022_Prac/airsimversion/autoware.ai/install/autoware_build_flags/lib/pkgconfig:${PKG_CONFIG_PATH} PYTHONPATH=/home/yeap/APC_2022_Prac/airsimversion/autoware.ai/install/vector_map_msgs/lib/python2.7/dist-packages:/home/yeap/APC_2022_Prac/airsimversion/autoware.ai/install/autoware_msgs/lib/python2.7/dist-packages:/home/yeap/APC_2022_Prac/airsimversion/autoware.ai/install/autoware_lanelet2_msgs/lib/python2.7/dist-packages:${PYTHONPATH} ROS_PACKAGE_PATH=/home/yeap/APC_2022_Prac/airsimversion/autoware.ai/install/object_map/share:/home/yeap/APC_2022_Prac/airsimversion/autoware.ai/install/lanelet2_extension/share:/home/yeap/APC_2022_Prac/airsimversion/autoware.ai/install/lanelet2_validation/share:/home/yeap/APC_2022_Prac/airsimversion/autoware.ai/install/lanelet2_routing/share:/home/yeap/APC_2022_Prac/airsimversion/autoware.ai/install/lanelet2_projection/share:/home/yeap/APC_2022_Prac/airsimversion/autoware.ai/install/lanelet2_traffic_rules/share:/home/yeap/APC_2022_Prac/airsimversion/autoware.ai/install/lanelet2_maps/share:/home/yeap/APC_2022_Prac/airsimversion/autoware.ai/install/lanelet2_io/share:/home/yeap/APC_2022_Prac/airsimversion/autoware.ai/install/vector_map/share:/home/yeap/APC_2022_Prac/airsimversion/autoware.ai/install/lanelet2_core/share:/home/yeap/APC_2022_Prac/airsimversion/autoware.ai/install/amathutils_lib/share:/home/yeap/APC_2022_Prac/airsimversion/autoware.ai/install/vector_map_msgs/share:/home/yeap/APC_2022_Prac/airsimversion/autoware.ai/install/autoware_msgs/share:/home/yeap/APC_2022_Prac/airsimversion/autoware.ai/install/autoware_lanelet2_msgs/share:/home/yeap/APC_2022_Prac/airsimversion/autoware.ai/install/autoware_build_flags/share:${ROS_PACKAGE_PATH} /usr/bin/cmake --build /home/yeap/APC_2022_Prac/airsimversion/autoware.ai/build/costmap_generator -- -j6 -l6
[4.431s] [35m[1mScanning dependencies of target tf_generate_messages_eus[0m
[4.446s] [  0%] Built target tf_generate_messages_eus
[4.464s] [35m[1mScanning dependencies of target vector_map_msgs_generate_messages_lisp[0m
[4.478s] [  0%] Built target vector_map_msgs_generate_messages_lisp
[4.494s] [35m[1mScanning dependencies of target vector_map_msgs_generate_messages_eus[0m
[4.510s] [  0%] Built target vector_map_msgs_generate_messages_eus
[4.527s] [35m[1mScanning dependencies of target vector_map_msgs_generate_messages_cpp[0m
[4.544s] [  0%] Built target vector_map_msgs_generate_messages_cpp
[4.558s] [35m[1mScanning dependencies of target vector_map_msgs_generate_messages_nodejs[0m
[4.576s] [  0%] Built target vector_map_msgs_generate_messages_nodejs
[4.592s] [35m[1mScanning dependencies of target bond_generate_messages_py[0m
[4.608s] [  0%] Built target bond_generate_messages_py
[4.624s] [35m[1mScanning dependencies of target bond_generate_messages_nodejs[0m
[4.639s] [  0%] Built target bond_generate_messages_nodejs
[4.658s] [35m[1mScanning dependencies of target bond_generate_messages_lisp[0m
[4.675s] [  0%] Built target bond_generate_messages_lisp
[4.692s] [35m[1mScanning dependencies of target bond_generate_messages_eus[0m
[4.709s] [  0%] Built target bond_generate_messages_eus
[4.726s] [35m[1mScanning dependencies of target bond_generate_messages_cpp[0m
[4.743s] [  0%] Built target bond_generate_messages_cpp
[4.760s] [35m[1mScanning dependencies of target nodelet_generate_messages_nodejs[0m
[4.778s] [  0%] Built target nodelet_generate_messages_nodejs
[4.795s] [35m[1mScanning dependencies of target nodelet_generate_messages_eus[0m
[4.812s] [  0%] Built target nodelet_generate_messages_eus
[4.830s] [35m[1mScanning dependencies of target nodelet_generate_messages_cpp[0m
[4.849s] [  0%] Built target nodelet_generate_messages_cpp
[4.875s] [35m[1mScanning dependencies of target dynamic_reconfigure_generate_messages_py[0m
[4.892s] [  0%] Built target dynamic_reconfigure_generate_messages_py
[4.908s] [35m[1mScanning dependencies of target dynamic_reconfigure_generate_messages_nodejs[0m
[4.924s] [  0%] Built target dynamic_reconfigure_generate_messages_nodejs
[4.957s] [35m[1mScanning dependencies of target dynamic_reconfigure_generate_messages_lisp[0m
[4.971s] [  0%] Built target dynamic_reconfigure_generate_messages_lisp
[4.985s] [35m[1mScanning dependencies of target dynamic_reconfigure_generate_messages_eus[0m
[4.998s] [  0%] Built target dynamic_reconfigure_generate_messages_eus
[5.012s] [35m[1mScanning dependencies of target pcl_ros_gencfg[0m
[5.025s] [  0%] Built target pcl_ros_gencfg
[5.039s] [35m[1mScanning dependencies of target visualization_msgs_generate_messages_py[0m
[5.054s] [  0%] Built target visualization_msgs_generate_messages_py
[5.067s] [35m[1mScanning dependencies of target visualization_msgs_generate_messages_nodejs[0m
[5.081s] [  0%] Built target visualization_msgs_generate_messages_nodejs
[5.094s] [35m[1mScanning dependencies of target visualization_msgs_generate_messages_eus[0m
[5.108s] [  0%] Built target visualization_msgs_generate_messages_eus
[5.121s] [35m[1mScanning dependencies of target tf2_msgs_generate_messages_nodejs[0m
[5.135s] [  0%] Built target tf2_msgs_generate_messages_nodejs
[5.150s] [35m[1mScanning dependencies of target tf2_msgs_generate_messages_cpp[0m
[5.164s] [  0%] Built target tf2_msgs_generate_messages_cpp
[5.178s] [35m[1mScanning dependencies of target tf2_msgs_generate_messages_py[0m
[5.192s] [  0%] Built target tf2_msgs_generate_messages_py
[5.206s] [35m[1mScanning dependencies of target actionlib_generate_messages_py[0m
[5.219s] [  0%] Built target actionlib_generate_messages_py
[5.232s] [35m[1mScanning dependencies of target actionlib_generate_messages_cpp[0m
[5.245s] [  0%] Built target actionlib_generate_messages_cpp
[5.260s] [35m[1mScanning dependencies of target dynamic_reconfigure_generate_messages_cpp[0m
[5.273s] [  0%] Built target dynamic_reconfigure_generate_messages_cpp
[5.288s] [35m[1mScanning dependencies of target tf_generate_messages_py[0m
[5.301s] [  0%] Built target tf_generate_messages_py
[5.315s] [35m[1mScanning dependencies of target tf_generate_messages_nodejs[0m
[5.328s] [  0%] Built target tf_generate_messages_nodejs
[5.342s] [35m[1mScanning dependencies of target tf_generate_messages_lisp[0m
[5.356s] [  0%] Built target tf_generate_messages_lisp
[5.369s] [35m[1mScanning dependencies of target geometry_msgs_generate_messages_py[0m
[5.383s] [  0%] Built target geometry_msgs_generate_messages_py
[5.398s] [35m[1mScanning dependencies of target sensor_msgs_generate_messages_nodejs[0m
[5.411s] [  0%] Built target sensor_msgs_generate_messages_nodejs
[5.425s] [35m[1mScanning dependencies of target roscpp_generate_messages_cpp[0m
[5.440s] [  0%] Built target roscpp_generate_messages_cpp
[5.454s] [35m[1mScanning dependencies of target pcl_msgs_generate_messages_eus[0m
[5.468s] [  0%] Built target pcl_msgs_generate_messages_eus
[5.481s] [35m[1mScanning dependencies of target rosgraph_msgs_generate_messages_eus[0m
[5.495s] [  0%] Built target rosgraph_msgs_generate_messages_eus
[5.509s] [35m[1mScanning dependencies of target jsk_recognition_msgs_generate_messages_lisp[0m
[5.523s] [  0%] Built target jsk_recognition_msgs_generate_messages_lisp
[5.537s] [35m[1mScanning dependencies of target jsk_recognition_msgs_generate_messages_eus[0m
[5.552s] [  0%] Built target jsk_recognition_msgs_generate_messages_eus
[5.565s] [35m[1mScanning dependencies of target std_msgs_generate_messages_py[0m
[5.579s] [  0%] Built target std_msgs_generate_messages_py
[5.592s] [35m[1mScanning dependencies of target nodelet_generate_messages_lisp[0m
[5.606s] [  0%] Built target nodelet_generate_messages_lisp
[5.619s] [35m[1mScanning dependencies of target autoware_msgs_generate_messages_py[0m
[5.633s] [  0%] Built target autoware_msgs_generate_messages_py
[5.646s] [35m[1mScanning dependencies of target std_msgs_generate_messages_nodejs[0m
[5.661s] [  0%] Built target std_msgs_generate_messages_nodejs
[5.675s] [35m[1mScanning dependencies of target sensor_msgs_generate_messages_eus[0m
[5.688s] [  0%] Built target sensor_msgs_generate_messages_eus
[5.701s] [35m[1mScanning dependencies of target sensor_msgs_generate_messages_cpp[0m
[5.715s] [  0%] Built target sensor_msgs_generate_messages_cpp
[5.728s] [35m[1mScanning dependencies of target autoware_msgs_generate_messages_cpp[0m
[5.741s] [  0%] Built target autoware_msgs_generate_messages_cpp
[5.755s] [35m[1mScanning dependencies of target rosgraph_msgs_generate_messages_cpp[0m
[5.768s] [  0%] Built target rosgraph_msgs_generate_messages_cpp
[5.782s] [35m[1mScanning dependencies of target topic_tools_generate_messages_cpp[0m
[5.796s] [  0%] Built target topic_tools_generate_messages_cpp
[5.809s] [35m[1mScanning dependencies of target jsk_recognition_msgs_generate_messages_py[0m
[5.822s] [  0%] Built target jsk_recognition_msgs_generate_messages_py
[5.835s] [35m[1mScanning dependencies of target nodelet_generate_messages_py[0m
[5.849s] [  0%] Built target nodelet_generate_messages_py
[5.863s] [35m[1mScanning dependencies of target sensor_msgs_generate_messages_py[0m
[5.876s] [  0%] Built target sensor_msgs_generate_messages_py
[5.890s] [35m[1mScanning dependencies of target std_msgs_generate_messages_cpp[0m
[5.904s] [  0%] Built target std_msgs_generate_messages_cpp
[5.917s] [35m[1mScanning dependencies of target jsk_footstep_msgs_generate_messages_py[0m
[5.930s] [  0%] Built target jsk_footstep_msgs_generate_messages_py
[5.944s] [35m[1mScanning dependencies of target nav_msgs_generate_messages_nodejs[0m
[5.958s] [  0%] Built target nav_msgs_generate_messages_nodejs
[5.975s] [35m[1mScanning dependencies of target geometry_msgs_generate_messages_eus[0m
[5.992s] [  0%] Built target geometry_msgs_generate_messages_eus
[6.005s] [35m[1mScanning dependencies of target std_msgs_generate_messages_lisp[0m
[6.019s] [  0%] Built target std_msgs_generate_messages_lisp
[6.032s] [35m[1mScanning dependencies of target roscpp_generate_messages_nodejs[0m
[6.046s] [  0%] Built target roscpp_generate_messages_nodejs
[6.061s] [35m[1mScanning dependencies of target geometry_msgs_generate_messages_nodejs[0m
[6.075s] [  0%] Built target geometry_msgs_generate_messages_nodejs
[6.088s] [35m[1mScanning dependencies of target actionlib_generate_messages_eus[0m
[6.102s] [  0%] Built target actionlib_generate_messages_eus
[6.115s] [35m[1mScanning dependencies of target pcl_msgs_generate_messages_py[0m
[6.128s] [  0%] Built target pcl_msgs_generate_messages_py
[6.142s] [35m[1mScanning dependencies of target geometry_msgs_generate_messages_lisp[0m
[6.155s] [  0%] Built target geometry_msgs_generate_messages_lisp
[6.168s] [35m[1mScanning dependencies of target actionlib_generate_messages_lisp[0m
[6.181s] [  0%] Built target actionlib_generate_messages_lisp
[6.195s] [35m[1mScanning dependencies of target geometry_msgs_generate_messages_cpp[0m
[6.209s] [  0%] Built target geometry_msgs_generate_messages_cpp
[6.222s] [35m[1mScanning dependencies of target pcl_msgs_generate_messages_cpp[0m
[6.236s] [  0%] Built target pcl_msgs_generate_messages_cpp
[6.248s] [35m[1mScanning dependencies of target autoware_msgs_generate_messages_eus[0m
[6.262s] [  0%] Built target autoware_msgs_generate_messages_eus
[6.275s] [35m[1mScanning dependencies of target autoware_msgs_generate_messages_lisp[0m
[6.289s] [  0%] Built target autoware_msgs_generate_messages_lisp
[6.302s] [35m[1mScanning dependencies of target topic_tools_generate_messages_eus[0m
[6.317s] [  0%] Built target topic_tools_generate_messages_eus
[6.329s] [35m[1mScanning dependencies of target visualization_msgs_generate_messages_lisp[0m
[6.342s] [  0%] Built target visualization_msgs_generate_messages_lisp
[6.356s] [35m[1mScanning dependencies of target std_msgs_generate_messages_eus[0m
[6.369s] [  0%] Built target std_msgs_generate_messages_eus
[6.382s] [35m[1mScanning dependencies of target autoware_msgs_generate_messages_nodejs[0m
[6.395s] [  0%] Built target autoware_msgs_generate_messages_nodejs
[6.409s] [35m[1mScanning dependencies of target jsk_footstep_msgs_generate_messages_eus[0m
[6.424s] [  0%] Built target jsk_footstep_msgs_generate_messages_eus
[6.438s] [35m[1mScanning dependencies of target actionlib_msgs_generate_messages_py[0m
[6.452s] [  0%] Built target actionlib_msgs_generate_messages_py
[6.467s] [35m[1mScanning dependencies of target visualization_msgs_generate_messages_cpp[0m
[6.482s] [  0%] Built target visualization_msgs_generate_messages_cpp
[6.497s] [35m[1mScanning dependencies of target tf2_msgs_generate_messages_eus[0m
[6.512s] [  0%] Built target tf2_msgs_generate_messages_eus
[6.526s] [35m[1mScanning dependencies of target nav_msgs_generate_messages_eus[0m
[6.541s] [  0%] Built target nav_msgs_generate_messages_eus
[6.555s] [35m[1mScanning dependencies of target jsk_footstep_msgs_generate_messages_lisp[0m
[6.572s] [  0%] Built target jsk_footstep_msgs_generate_messages_lisp
[6.590s] [35m[1mScanning dependencies of target jsk_footstep_msgs_generate_messages_nodejs[0m
[6.606s] [  0%] Built target jsk_footstep_msgs_generate_messages_nodejs
[6.622s] [35m[1mScanning dependencies of target grid_map_msgs_generate_messages_nodejs[0m
[6.636s] [  0%] Built target grid_map_msgs_generate_messages_nodejs
[6.651s] [35m[1mScanning dependencies of target std_srvs_generate_messages_cpp[0m
[6.666s] [  0%] Built target std_srvs_generate_messages_cpp
[6.682s] [35m[1mScanning dependencies of target actionlib_msgs_generate_messages_lisp[0m
[6.697s] [  0%] Built target actionlib_msgs_generate_messages_lisp
[6.712s] [35m[1mScanning dependencies of target grid_map_msgs_generate_messages_lisp[0m
[6.727s] [  0%] Built target grid_map_msgs_generate_messages_lisp
[6.742s] [35m[1mScanning dependencies of target autoware_lanelet2_msgs_generate_messages_py[0m
[6.756s] [  0%] Built target autoware_lanelet2_msgs_generate_messages_py
[6.770s] [35m[1mScanning dependencies of target jsk_recognition_msgs_generate_messages_nodejs[0m
[6.788s] [  0%] Built target jsk_recognition_msgs_generate_messages_nodejs
[6.802s] [35m[1mScanning dependencies of target std_srvs_generate_messages_eus[0m
[6.817s] [  0%] Built target std_srvs_generate_messages_eus
[6.831s] [35m[1mScanning dependencies of target roscpp_generate_messages_lisp[0m
[6.846s] [  0%] Built target roscpp_generate_messages_lisp
[6.861s] [35m[1mScanning dependencies of target grid_map_msgs_generate_messages_eus[0m
[6.876s] [  0%] Built target grid_map_msgs_generate_messages_eus
[6.892s] [35m[1mScanning dependencies of target rosgraph_msgs_generate_messages_lisp[0m
[6.908s] [  0%] Built target rosgraph_msgs_generate_messages_lisp
[6.922s] [35m[1mScanning dependencies of target rosgraph_msgs_generate_messages_nodejs[0m
[6.937s] [  0%] Built target rosgraph_msgs_generate_messages_nodejs
[6.952s] [35m[1mScanning dependencies of target roscpp_generate_messages_eus[0m
[6.967s] [  0%] Built target roscpp_generate_messages_eus
[6.982s] [35m[1mScanning dependencies of target actionlib_msgs_generate_messages_eus[0m
[6.998s] [  0%] Built target actionlib_msgs_generate_messages_eus
[7.013s] [35m[1mScanning dependencies of target rosgraph_msgs_generate_messages_py[0m
[7.027s] [  0%] Built target rosgraph_msgs_generate_messages_py
[7.042s] [35m[1mScanning dependencies of target autoware_lanelet2_msgs_generate_messages_nodejs[0m
[7.057s] [  0%] Built target autoware_lanelet2_msgs_generate_messages_nodejs
[7.071s] [35m[1mScanning dependencies of target roscpp_generate_messages_py[0m
[7.088s] [  0%] Built target roscpp_generate_messages_py
[7.102s] [35m[1mScanning dependencies of target grid_map_msgs_generate_messages_cpp[0m
[7.117s] [  0%] Built target grid_map_msgs_generate_messages_cpp
[7.131s] [35m[1mScanning dependencies of target grid_map_msgs_generate_messages_py[0m
[7.145s] [  0%] Built target grid_map_msgs_generate_messages_py
[7.160s] [35m[1mScanning dependencies of target sensor_msgs_generate_messages_lisp[0m
[7.175s] [  0%] Built target sensor_msgs_generate_messages_lisp
[7.192s] [35m[1mScanning dependencies of target nav_msgs_generate_messages_cpp[0m
[7.206s] [  0%] Built target nav_msgs_generate_messages_cpp
[7.222s] [35m[1mScanning dependencies of target pcl_msgs_generate_messages_nodejs[0m
[7.237s] [  0%] Built target pcl_msgs_generate_messages_nodejs
[7.252s] [35m[1mScanning dependencies of target nav_msgs_generate_messages_lisp[0m
[7.268s] [  0%] Built target nav_msgs_generate_messages_lisp
[7.284s] [35m[1mScanning dependencies of target dynamic_reconfigure_gencfg[0m
[7.299s] [  0%] Built target dynamic_reconfigure_gencfg
[7.314s] [35m[1mScanning dependencies of target tf2_msgs_generate_messages_lisp[0m
[7.329s] [  0%] Built target tf2_msgs_generate_messages_lisp
[7.343s] [35m[1mScanning dependencies of target nav_msgs_generate_messages_py[0m
[7.358s] [  0%] Built target nav_msgs_generate_messages_py
[7.374s] [35m[1mScanning dependencies of target _catkin_empty_exported_target[0m
[7.390s] [  0%] Built target _catkin_empty_exported_target
[7.405s] [35m[1mScanning dependencies of target std_srvs_generate_messages_lisp[0m
[7.419s] [  0%] Built target std_srvs_generate_messages_lisp
[7.434s] [35m[1mScanning dependencies of target jsk_recognition_msgs_generate_messages_cpp[0m
[7.449s] [  0%] Built target jsk_recognition_msgs_generate_messages_cpp
[7.463s] [35m[1mScanning dependencies of target topic_tools_generate_messages_lisp[0m
[7.479s] [  0%] Built target topic_tools_generate_messages_lisp
[7.494s] [35m[1mScanning dependencies of target std_srvs_generate_messages_nodejs[0m
[7.509s] [  0%] Built target std_srvs_generate_messages_nodejs
[7.524s] [35m[1mScanning dependencies of target std_srvs_generate_messages_py[0m
[7.538s] [  0%] Built target std_srvs_generate_messages_py
[7.553s] [35m[1mScanning dependencies of target topic_tools_generate_messages_nodejs[0m
[7.568s] [  0%] Built target topic_tools_generate_messages_nodejs
[7.584s] [35m[1mScanning dependencies of target nodelet_topic_tools_gencfg[0m
[7.598s] [  0%] Built target nodelet_topic_tools_gencfg
[7.613s] [35m[1mScanning dependencies of target actionlib_msgs_generate_messages_nodejs[0m
[7.627s] [  0%] Built target actionlib_msgs_generate_messages_nodejs
[7.642s] [35m[1mScanning dependencies of target topic_tools_generate_messages_py[0m
[7.656s] [  0%] Built target topic_tools_generate_messages_py
[7.670s] [35m[1mScanning dependencies of target actionlib_generate_messages_nodejs[0m
[7.686s] [  0%] Built target actionlib_generate_messages_nodejs
[7.701s] [35m[1mScanning dependencies of target pcl_msgs_generate_messages_lisp[0m
[7.715s] [  0%] Built target pcl_msgs_generate_messages_lisp
[7.730s] [35m[1mScanning dependencies of target tf_generate_messages_cpp[0m
[7.745s] [  0%] Built target tf_generate_messages_cpp
[7.759s] [35m[1mScanning dependencies of target jsk_footstep_msgs_generate_messages_cpp[0m
[7.775s] [  0%] Built target jsk_footstep_msgs_generate_messages_cpp
[7.791s] [35m[1mScanning dependencies of target actionlib_msgs_generate_messages_cpp[0m
[7.807s] [  0%] Built target actionlib_msgs_generate_messages_cpp
[7.823s] [35m[1mScanning dependencies of target vector_map_msgs_generate_messages_py[0m
[7.839s] [  0%] Built target vector_map_msgs_generate_messages_py
[7.853s] [35m[1mScanning dependencies of target autoware_lanelet2_msgs_generate_messages_cpp[0m
[7.869s] [  0%] Built target autoware_lanelet2_msgs_generate_messages_cpp
[7.885s] [35m[1mScanning dependencies of target autoware_lanelet2_msgs_generate_messages_eus[0m
[7.900s] [  0%] Built target autoware_lanelet2_msgs_generate_messages_eus
[7.916s] [35m[1mScanning dependencies of target autoware_lanelet2_msgs_generate_messages_lisp[0m
[7.931s] [  0%] Built target autoware_lanelet2_msgs_generate_messages_lisp
[7.947s] [35m[1mScanning dependencies of target costmap_generator_lanelet2[0m
[8.096s] [  6%] [32mBuilding CXX object CMakeFiles/costmap_generator_lanelet2.dir/nodes/costmap_generator/costmap_generator_lanelet2_node.cpp.o[0m
[20.565s] [ 13%] [32mBuilding CXX object CMakeFiles/costmap_generator_lanelet2.dir/nodes/costmap_generator/objects_to_costmap.cpp.o[0m
[25.421s] [ 20%] [32mBuilding CXX object CMakeFiles/costmap_generator_lanelet2.dir/nodes/costmap_generator/points_to_costmap.cpp.o[0m
[34.746s] [ 26%] [32mBuilding CXX object CMakeFiles/costmap_generator_lanelet2.dir/nodes/costmap_generator/costmap_generator_lanelet2.cpp.o[0m
[53.622s] [ 33%] [32m[1mLinking CXX executable devel/lib/costmap_generator/costmap_generator_lanelet2[0m
[54.919s] [ 33%] Built target costmap_generator_lanelet2
[54.936s] [35m[1mScanning dependencies of target costmap_generator_lib[0m
[55.081s] [ 40%] [32mBuilding CXX object CMakeFiles/costmap_generator_lib.dir/nodes/costmap_generator/costmap_generator_node.cpp.o[0m
[64.398s] [ 46%] [32mBuilding CXX object CMakeFiles/costmap_generator_lib.dir/nodes/costmap_generator/objects_to_costmap.cpp.o[0m
[69.153s] [ 53%] [32mBuilding CXX object CMakeFiles/costmap_generator_lib.dir/nodes/costmap_generator/points_to_costmap.cpp.o[0m
[77.587s] [ 60%] [32mBuilding CXX object CMakeFiles/costmap_generator_lib.dir/nodes/costmap_generator/costmap_generator.cpp.o[0m
[92.462s] [ 66%] [32m[1mLinking CXX shared library devel/lib/libcostmap_generator_lib.so[0m
[93.303s] [ 66%] Built target costmap_generator_lib
[93.318s] [35m[1mScanning dependencies of target costmap_generator[0m
[93.448s] [ 73%] [32mBuilding CXX object CMakeFiles/costmap_generator.dir/nodes/costmap_generator/costmap_generator_node.cpp.o[0m
[102.522s] [ 80%] [32mBuilding CXX object CMakeFiles/costmap_generator.dir/nodes/costmap_generator/objects_to_costmap.cpp.o[0m
[107.213s] [ 86%] [32mBuilding CXX object CMakeFiles/costmap_generator.dir/nodes/costmap_generator/points_to_costmap.cpp.o[0m
[115.503s] [ 93%] [32mBuilding CXX object CMakeFiles/costmap_generator.dir/nodes/costmap_generator/costmap_generator.cpp.o[0m
[130.317s] [100%] [32m[1mLinking CXX executable devel/lib/costmap_generator/costmap_generator[0m
[131.641s] [100%] Built target costmap_generator
[131.656s] Invoked command in '/home/yeap/APC_2022_Prac/airsimversion/autoware.ai/build/costmap_generator' returned '0': CMAKE_PREFIX_PATH=/home/yeap/APC_2022_Prac/airsimversion/autoware.ai/install/object_map:/home/yeap/APC_2022_Prac/airsimversion/autoware.ai/install/lanelet2_extension:/home/yeap/APC_2022_Prac/airsimversion/autoware.ai/install/lanelet2_validation:/home/yeap/APC_2022_Prac/airsimversion/autoware.ai/install/lanelet2_routing:/home/yeap/APC_2022_Prac/airsimversion/autoware.ai/install/lanelet2_projection:/home/yeap/APC_2022_Prac/airsimversion/autoware.ai/install/lanelet2_traffic_rules:/home/yeap/APC_2022_Prac/airsimversion/autoware.ai/install/lanelet2_maps:/home/yeap/APC_2022_Prac/airsimversion/autoware.ai/install/lanelet2_io:/home/yeap/APC_2022_Prac/airsimversion/autoware.ai/install/vector_map:/home/yeap/APC_2022_Prac/airsimversion/autoware.ai/install/lanelet2_core:/home/yeap/APC_2022_Prac/airsimversion/autoware.ai/install/amathutils_lib:/home/yeap/APC_2022_Prac/airsimversion/autoware.ai/install/vector_map_msgs:/home/yeap/APC_2022_Prac/airsimversion/autoware.ai/install/autoware_msgs:/home/yeap/APC_2022_Prac/airsimversion/autoware.ai/install/autoware_lanelet2_msgs:/home/yeap/APC_2022_Prac/airsimversion/autoware.ai/install/autoware_build_flags:${CMAKE_PREFIX_PATH} LD_LIBRARY_PATH=/home/yeap/APC_2022_Prac/airsimversion/autoware.ai/install/object_map/lib:/home/yeap/APC_2022_Prac/airsimversion/autoware.ai/install/lanelet2_extension/lib:/home/yeap/APC_2022_Prac/airsimversion/autoware.ai/install/lanelet2_validation/lib:/home/yeap/APC_2022_Prac/airsimversion/autoware.ai/install/lanelet2_routing/lib:/home/yeap/APC_2022_Prac/airsimversion/autoware.ai/install/lanelet2_projection/lib:/home/yeap/APC_2022_Prac/airsimversion/autoware.ai/install/lanelet2_traffic_rules/lib:/home/yeap/APC_2022_Prac/airsimversion/autoware.ai/install/lanelet2_io/lib:/home/yeap/APC_2022_Prac/airsimversion/autoware.ai/install/vector_map/lib:/home/yeap/APC_2022_Prac/airsimversion/autoware.ai/install/lanelet2_core/lib:/home/yeap/APC_2022_Prac/airsimversion/autoware.ai/install/amathutils_lib/lib:${LD_LIBRARY_PATH} PKG_CONFIG_PATH=/home/yeap/APC_2022_Prac/airsimversion/autoware.ai/install/object_map/lib/x86_64-linux-gnu/pkgconfig:/home/yeap/APC_2022_Prac/airsimversion/autoware.ai/install/object_map/lib/pkgconfig:/home/yeap/APC_2022_Prac/airsimversion/autoware.ai/install/lanelet2_extension/lib/x86_64-linux-gnu/pkgconfig:/home/yeap/APC_2022_Prac/airsimversion/autoware.ai/install/lanelet2_extension/lib/pkgconfig:/home/yeap/APC_2022_Prac/airsimversion/autoware.ai/install/lanelet2_validation/lib/x86_64-linux-gnu/pkgconfig:/home/yeap/APC_2022_Prac/airsimversion/autoware.ai/install/lanelet2_validation/lib/pkgconfig:/home/yeap/APC_2022_Prac/airsimversion/autoware.ai/install/lanelet2_routing/lib/x86_64-linux-gnu/pkgconfig:/home/yeap/APC_2022_Prac/airsimversion/autoware.ai/install/lanelet2_routing/lib/pkgconfig:/home/yeap/APC_2022_Prac/airsimversion/autoware.ai/install/lanelet2_projection/lib/x86_64-linux-gnu/pkgconfig:/home/yeap/APC_2022_Prac/airsimversion/autoware.ai/install/lanelet2_projection/lib/pkgconfig:/home/yeap/APC_2022_Prac/airsimversion/autoware.ai/install/lanelet2_traffic_rules/lib/x86_64-linux-gnu/pkgconfig:/home/yeap/APC_2022_Prac/airsimversion/autoware.ai/install/lanelet2_traffic_rules/lib/pkgconfig:/home/yeap/APC_2022_Prac/airsimversion/autoware.ai/install/lanelet2_maps/lib/x86_64-linux-gnu/pkgconfig:/home/yeap/APC_2022_Prac/airsimversion/autoware.ai/install/lanelet2_maps/lib/pkgconfig:/home/yeap/APC_2022_Prac/airsimversion/autoware.ai/install/lanelet2_io/lib/x86_64-linux-gnu/pkgconfig:/home/yeap/APC_2022_Prac/airsimversion/autoware.ai/install/lanelet2_io/lib/pkgconfig:/home/yeap/APC_2022_Prac/airsimversion/autoware.ai/install/vector_map/lib/x86_64-linux-gnu/pkgconfig:/home/yeap/APC_2022_Prac/airsimversion/autoware.ai/install/vector_map/lib/pkgconfig:/home/yeap/APC_2022_Prac/airsimversion/autoware.ai/install/lanelet2_core/lib/x86_64-linux-gnu/pkgconfig:/home/yeap/APC_2022_Prac/airsimversion/autoware.ai/install/lanelet2_core/lib/pkgconfig:/home/yeap/APC_2022_Prac/airsimversion/autoware.ai/install/amathutils_lib/lib/x86_64-linux-gnu/pkgconfig:/home/yeap/APC_2022_Prac/airsimversion/autoware.ai/install/amathutils_lib/lib/pkgconfig:/home/yeap/APC_2022_Prac/airsimversion/autoware.ai/install/vector_map_msgs/lib/x86_64-linux-gnu/pkgconfig:/home/yeap/APC_2022_Prac/airsimversion/autoware.ai/install/vector_map_msgs/lib/pkgconfig:/home/yeap/APC_2022_Prac/airsimversion/autoware.ai/install/autoware_msgs/lib/x86_64-linux-gnu/pkgconfig:/home/yeap/APC_2022_Prac/airsimversion/autoware.ai/install/autoware_msgs/lib/pkgconfig:/home/yeap/APC_2022_Prac/airsimversion/autoware.ai/install/autoware_lanelet2_msgs/lib/x86_64-linux-gnu/pkgconfig:/home/yeap/APC_2022_Prac/airsimversion/autoware.ai/install/autoware_lanelet2_msgs/lib/pkgconfig:/home/yeap/APC_2022_Prac/airsimversion/autoware.ai/install/autoware_build_flags/lib/x86_64-linux-gnu/pkgconfig:/home/yeap/APC_2022_Prac/airsimversion/autoware.ai/install/autoware_build_flags/lib/pkgconfig:${PKG_CONFIG_PATH} PYTHONPATH=/home/yeap/APC_2022_Prac/airsimversion/autoware.ai/install/vector_map_msgs/lib/python2.7/dist-packages:/home/yeap/APC_2022_Prac/airsimversion/autoware.ai/install/autoware_msgs/lib/python2.7/dist-packages:/home/yeap/APC_2022_Prac/airsimversion/autoware.ai/install/autoware_lanelet2_msgs/lib/python2.7/dist-packages:${PYTHONPATH} ROS_PACKAGE_PATH=/home/yeap/APC_2022_Prac/airsimversion/autoware.ai/install/object_map/share:/home/yeap/APC_2022_Prac/airsimversion/autoware.ai/install/lanelet2_extension/share:/home/yeap/APC_2022_Prac/airsimversion/autoware.ai/install/lanelet2_validation/share:/home/yeap/APC_2022_Prac/airsimversion/autoware.ai/install/lanelet2_routing/share:/home/yeap/APC_2022_Prac/airsimversion/autoware.ai/install/lanelet2_projection/share:/home/yeap/APC_2022_Prac/airsimversion/autoware.ai/install/lanelet2_traffic_rules/share:/home/yeap/APC_2022_Prac/airsimversion/autoware.ai/install/lanelet2_maps/share:/home/yeap/APC_2022_Prac/airsimversion/autoware.ai/install/lanelet2_io/share:/home/yeap/APC_2022_Prac/airsimversion/autoware.ai/install/vector_map/share:/home/yeap/APC_2022_Prac/airsimversion/autoware.ai/install/lanelet2_core/share:/home/yeap/APC_2022_Prac/airsimversion/autoware.ai/install/amathutils_lib/share:/home/yeap/APC_2022_Prac/airsimversion/autoware.ai/install/vector_map_msgs/share:/home/yeap/APC_2022_Prac/airsimversion/autoware.ai/install/autoware_msgs/share:/home/yeap/APC_2022_Prac/airsimversion/autoware.ai/install/autoware_lanelet2_msgs/share:/home/yeap/APC_2022_Prac/airsimversion/autoware.ai/install/autoware_build_flags/share:${ROS_PACKAGE_PATH} /usr/bin/cmake --build /home/yeap/APC_2022_Prac/airsimversion/autoware.ai/build/costmap_generator -- -j6 -l6
[131.825s] Invoking command in '/home/yeap/APC_2022_Prac/airsimversion/autoware.ai/build/costmap_generator': CMAKE_PREFIX_PATH=/home/yeap/APC_2022_Prac/airsimversion/autoware.ai/install/object_map:/home/yeap/APC_2022_Prac/airsimversion/autoware.ai/install/lanelet2_extension:/home/yeap/APC_2022_Prac/airsimversion/autoware.ai/install/lanelet2_validation:/home/yeap/APC_2022_Prac/airsimversion/autoware.ai/install/lanelet2_routing:/home/yeap/APC_2022_Prac/airsimversion/autoware.ai/install/lanelet2_projection:/home/yeap/APC_2022_Prac/airsimversion/autoware.ai/install/lanelet2_traffic_rules:/home/yeap/APC_2022_Prac/airsimversion/autoware.ai/install/lanelet2_maps:/home/yeap/APC_2022_Prac/airsimversion/autoware.ai/install/lanelet2_io:/home/yeap/APC_2022_Prac/airsimversion/autoware.ai/install/vector_map:/home/yeap/APC_2022_Prac/airsimversion/autoware.ai/install/lanelet2_core:/home/yeap/APC_2022_Prac/airsimversion/autoware.ai/install/amathutils_lib:/home/yeap/APC_2022_Prac/airsimversion/autoware.ai/install/vector_map_msgs:/home/yeap/APC_2022_Prac/airsimversion/autoware.ai/install/autoware_msgs:/home/yeap/APC_2022_Prac/airsimversion/autoware.ai/install/autoware_lanelet2_msgs:/home/yeap/APC_2022_Prac/airsimversion/autoware.ai/install/autoware_build_flags:${CMAKE_PREFIX_PATH} LD_LIBRARY_PATH=/home/yeap/APC_2022_Prac/airsimversion/autoware.ai/install/object_map/lib:/home/yeap/APC_2022_Prac/airsimversion/autoware.ai/install/lanelet2_extension/lib:/home/yeap/APC_2022_Prac/airsimversion/autoware.ai/install/lanelet2_validation/lib:/home/yeap/APC_2022_Prac/airsimversion/autoware.ai/install/lanelet2_routing/lib:/home/yeap/APC_2022_Prac/airsimversion/autoware.ai/install/lanelet2_projection/lib:/home/yeap/APC_2022_Prac/airsimversion/autoware.ai/install/lanelet2_traffic_rules/lib:/home/yeap/APC_2022_Prac/airsimversion/autoware.ai/install/lanelet2_io/lib:/home/yeap/APC_2022_Prac/airsimversion/autoware.ai/install/vector_map/lib:/home/yeap/APC_2022_Prac/airsimversion/autoware.ai/install/lanelet2_core/lib:/home/yeap/APC_2022_Prac/airsimversion/autoware.ai/install/amathutils_lib/lib:${LD_LIBRARY_PATH} PKG_CONFIG_PATH=/home/yeap/APC_2022_Prac/airsimversion/autoware.ai/install/object_map/lib/x86_64-linux-gnu/pkgconfig:/home/yeap/APC_2022_Prac/airsimversion/autoware.ai/install/object_map/lib/pkgconfig:/home/yeap/APC_2022_Prac/airsimversion/autoware.ai/install/lanelet2_extension/lib/x86_64-linux-gnu/pkgconfig:/home/yeap/APC_2022_Prac/airsimversion/autoware.ai/install/lanelet2_extension/lib/pkgconfig:/home/yeap/APC_2022_Prac/airsimversion/autoware.ai/install/lanelet2_validation/lib/x86_64-linux-gnu/pkgconfig:/home/yeap/APC_2022_Prac/airsimversion/autoware.ai/install/lanelet2_validation/lib/pkgconfig:/home/yeap/APC_2022_Prac/airsimversion/autoware.ai/install/lanelet2_routing/lib/x86_64-linux-gnu/pkgconfig:/home/yeap/APC_2022_Prac/airsimversion/autoware.ai/install/lanelet2_routing/lib/pkgconfig:/home/yeap/APC_2022_Prac/airsimversion/autoware.ai/install/lanelet2_projection/lib/x86_64-linux-gnu/pkgconfig:/home/yeap/APC_2022_Prac/airsimversion/autoware.ai/install/lanelet2_projection/lib/pkgconfig:/home/yeap/APC_2022_Prac/airsimversion/autoware.ai/install/lanelet2_traffic_rules/lib/x86_64-linux-gnu/pkgconfig:/home/yeap/APC_2022_Prac/airsimversion/autoware.ai/install/lanelet2_traffic_rules/lib/pkgconfig:/home/yeap/APC_2022_Prac/airsimversion/autoware.ai/install/lanelet2_maps/lib/x86_64-linux-gnu/pkgconfig:/home/yeap/APC_2022_Prac/airsimversion/autoware.ai/install/lanelet2_maps/lib/pkgconfig:/home/yeap/APC_2022_Prac/airsimversion/autoware.ai/install/lanelet2_io/lib/x86_64-linux-gnu/pkgconfig:/home/yeap/APC_2022_Prac/airsimversion/autoware.ai/install/lanelet2_io/lib/pkgconfig:/home/yeap/APC_2022_Prac/airsimversion/autoware.ai/install/vector_map/lib/x86_64-linux-gnu/pkgconfig:/home/yeap/APC_2022_Prac/airsimversion/autoware.ai/install/vector_map/lib/pkgconfig:/home/yeap/APC_2022_Prac/airsimversion/autoware.ai/install/lanelet2_core/lib/x86_64-linux-gnu/pkgconfig:/home/yeap/APC_2022_Prac/airsimversion/autoware.ai/install/lanelet2_core/lib/pkgconfig:/home/yeap/APC_2022_Prac/airsimversion/autoware.ai/install/amathutils_lib/lib/x86_64-linux-gnu/pkgconfig:/home/yeap/APC_2022_Prac/airsimversion/autoware.ai/install/amathutils_lib/lib/pkgconfig:/home/yeap/APC_2022_Prac/airsimversion/autoware.ai/install/vector_map_msgs/lib/x86_64-linux-gnu/pkgconfig:/home/yeap/APC_2022_Prac/airsimversion/autoware.ai/install/vector_map_msgs/lib/pkgconfig:/home/yeap/APC_2022_Prac/airsimversion/autoware.ai/install/autoware_msgs/lib/x86_64-linux-gnu/pkgconfig:/home/yeap/APC_2022_Prac/airsimversion/autoware.ai/install/autoware_msgs/lib/pkgconfig:/home/yeap/APC_2022_Prac/airsimversion/autoware.ai/install/autoware_lanelet2_msgs/lib/x86_64-linux-gnu/pkgconfig:/home/yeap/APC_2022_Prac/airsimversion/autoware.ai/install/autoware_lanelet2_msgs/lib/pkgconfig:/home/yeap/APC_2022_Prac/airsimversion/autoware.ai/install/autoware_build_flags/lib/x86_64-linux-gnu/pkgconfig:/home/yeap/APC_2022_Prac/airsimversion/autoware.ai/install/autoware_build_flags/lib/pkgconfig:${PKG_CONFIG_PATH} PYTHONPATH=/home/yeap/APC_2022_Prac/airsimversion/autoware.ai/install/vector_map_msgs/lib/python2.7/dist-packages:/home/yeap/APC_2022_Prac/airsimversion/autoware.ai/install/autoware_msgs/lib/python2.7/dist-packages:/home/yeap/APC_2022_Prac/airsimversion/autoware.ai/install/autoware_lanelet2_msgs/lib/python2.7/dist-packages:${PYTHONPATH} ROS_PACKAGE_PATH=/home/yeap/APC_2022_Prac/airsimversion/autoware.ai/install/object_map/share:/home/yeap/APC_2022_Prac/airsimversion/autoware.ai/install/lanelet2_extension/share:/home/yeap/APC_2022_Prac/airsimversion/autoware.ai/install/lanelet2_validation/share:/home/yeap/APC_2022_Prac/airsimversion/autoware.ai/install/lanelet2_routing/share:/home/yeap/APC_2022_Prac/airsimversion/autoware.ai/install/lanelet2_projection/share:/home/yeap/APC_2022_Prac/airsimversion/autoware.ai/install/lanelet2_traffic_rules/share:/home/yeap/APC_2022_Prac/airsimversion/autoware.ai/install/lanelet2_maps/share:/home/yeap/APC_2022_Prac/airsimversion/autoware.ai/install/lanelet2_io/share:/home/yeap/APC_2022_Prac/airsimversion/autoware.ai/install/vector_map/share:/home/yeap/APC_2022_Prac/airsimversion/autoware.ai/install/lanelet2_core/share:/home/yeap/APC_2022_Prac/airsimversion/autoware.ai/install/amathutils_lib/share:/home/yeap/APC_2022_Prac/airsimversion/autoware.ai/install/vector_map_msgs/share:/home/yeap/APC_2022_Prac/airsimversion/autoware.ai/install/autoware_msgs/share:/home/yeap/APC_2022_Prac/airsimversion/autoware.ai/install/autoware_lanelet2_msgs/share:/home/yeap/APC_2022_Prac/airsimversion/autoware.ai/install/autoware_build_flags/share:${ROS_PACKAGE_PATH} /usr/bin/cmake --build /home/yeap/APC_2022_Prac/airsimversion/autoware.ai/build/costmap_generator --target tests -- -j6 -l6
[131.926s] [35m[1mScanning dependencies of target gtest[0m
[131.949s] [ 11%] [32mBuilding CXX object gtest/googlemock/gtest/CMakeFiles/gtest.dir/src/gtest-all.cc.o[0m
[137.039s] [ 22%] [32m[1mLinking CXX shared library libgtest.so[0m
[137.153s] [ 22%] Built target gtest
[137.178s] [ 22%] Built target vector_map_msgs_generate_messages_py
[137.204s] [ 22%] Built target vector_map_msgs_generate_messages_lisp
[137.232s] [ 22%] Built target vector_map_msgs_generate_messages_eus
[137.258s] [ 22%] Built target vector_map_msgs_generate_messages_cpp
[137.285s] [ 22%] Built target vector_map_msgs_generate_messages_nodejs
[137.311s] [ 22%] Built target bond_generate_messages_py
[137.337s] [ 22%] Built target bond_generate_messages_nodejs
[137.365s] [ 22%] Built target bond_generate_messages_lisp
[137.392s] [ 22%] Built target bond_generate_messages_eus
[137.419s] [ 22%] Built target bond_generate_messages_cpp
[137.448s] [ 22%] Built target nodelet_generate_messages_nodejs
[137.474s] [ 22%] Built target nodelet_generate_messages_eus
[137.500s] [ 22%] Built target nodelet_generate_messages_cpp
[137.534s] [ 22%] Built target dynamic_reconfigure_generate_messages_py
[137.562s] [ 22%] Built target dynamic_reconfigure_generate_messages_nodejs
[137.596s] [ 22%] Built target dynamic_reconfigure_generate_messages_lisp
[137.622s] [ 22%] Built target dynamic_reconfigure_generate_messages_eus
[137.649s] [ 22%] Built target pcl_ros_gencfg
[137.677s] [ 22%] Built target visualization_msgs_generate_messages_py
[137.703s] [ 22%] Built target visualization_msgs_generate_messages_nodejs
[137.730s] [ 22%] Built target visualization_msgs_generate_messages_eus
[137.760s] [ 22%] Built target tf2_msgs_generate_messages_nodejs
[137.789s] [ 22%] Built target tf2_msgs_generate_messages_cpp
[137.814s] [ 22%] Built target tf2_msgs_generate_messages_py
[137.841s] [ 22%] Built target actionlib_generate_messages_py
[137.867s] [ 22%] Built target actionlib_generate_messages_cpp
[137.892s] [ 22%] Built target dynamic_reconfigure_generate_messages_cpp
[137.926s] [ 22%] Built target tf_generate_messages_py
[137.955s] [ 22%] Built target tf_generate_messages_nodejs
[137.980s] [ 22%] Built target tf_generate_messages_lisp
[138.005s] [ 22%] Built target geometry_msgs_generate_messages_py
[138.032s] [ 22%] Built target sensor_msgs_generate_messages_nodejs
[138.058s] [ 22%] Built target roscpp_generate_messages_cpp
[138.083s] [ 22%] Built target pcl_msgs_generate_messages_eus
[138.111s] [ 22%] Built target rosgraph_msgs_generate_messages_eus
[138.138s] [ 22%] Built target jsk_recognition_msgs_generate_messages_lisp
[138.164s] [ 22%] Built target jsk_recognition_msgs_generate_messages_eus
[138.189s] [ 22%] Built target std_msgs_generate_messages_py
[138.215s] [ 22%] Built target nodelet_generate_messages_lisp
[138.246s] [ 22%] Built target autoware_msgs_generate_messages_py
[138.271s] [ 22%] Built target std_msgs_generate_messages_nodejs
[138.295s] [ 22%] Built target sensor_msgs_generate_messages_eus
[138.320s] [ 22%] Built target sensor_msgs_generate_messages_cpp
[138.352s] [ 22%] Built target autoware_msgs_generate_messages_cpp
[138.379s] [ 22%] Built target rosgraph_msgs_generate_messages_cpp
[138.402s] [ 22%] Built target topic_tools_generate_messages_cpp
[138.438s] [ 22%] Built target jsk_recognition_msgs_generate_messages_py
[138.462s] [ 22%] Built target nodelet_generate_messages_py
[138.486s] [ 22%] Built target sensor_msgs_generate_messages_py
[138.510s] [ 22%] Built target std_msgs_generate_messages_cpp
[138.538s] [ 22%] Built target jsk_footstep_msgs_generate_messages_py
[138.563s] [ 22%] Built target nav_msgs_generate_messages_nodejs
[138.588s] [ 22%] Built target geometry_msgs_generate_messages_eus
[138.617s] [ 22%] Built target std_msgs_generate_messages_lisp
[138.643s] [ 22%] Built target roscpp_generate_messages_nodejs
[138.677s] [ 22%] Built target geometry_msgs_generate_messages_nodejs
[138.701s] [ 22%] Built target actionlib_generate_messages_eus
[138.726s] [ 22%] Built target pcl_msgs_generate_messages_py
[138.761s] [ 22%] Built target geometry_msgs_generate_messages_lisp
[138.790s] [ 22%] Built target actionlib_generate_messages_lisp
[138.815s] [ 22%] Built target geometry_msgs_generate_messages_cpp
[138.841s] [ 22%] Built target pcl_msgs_generate_messages_cpp
[138.882s] [ 22%] Built target autoware_msgs_generate_messages_eus
[138.907s] [ 22%] Built target autoware_msgs_generate_messages_lisp
[138.934s] [ 22%] Built target topic_tools_generate_messages_eus
[138.961s] [ 22%] Built target visualization_msgs_generate_messages_lisp
[138.986s] [ 22%] Built target std_msgs_generate_messages_eus
[139.012s] [ 22%] Built target autoware_msgs_generate_messages_nodejs
[139.038s] [ 22%] Built target jsk_footstep_msgs_generate_messages_eus
[139.068s] [ 22%] Built target actionlib_msgs_generate_messages_py
[139.093s] [ 22%] Built target visualization_msgs_generate_messages_cpp
[139.122s] [ 22%] Built target tf2_msgs_generate_messages_eus
[139.147s] [ 22%] Built target nav_msgs_generate_messages_eus
[139.173s] [ 22%] Built target jsk_footstep_msgs_generate_messages_lisp
[139.199s] [ 22%] Built target jsk_footstep_msgs_generate_messages_nodejs
[139.226s] [ 22%] Built target grid_map_msgs_generate_messages_nodejs
[139.251s] [ 22%] Built target std_srvs_generate_messages_cpp
[139.279s] [ 22%] Built target actionlib_msgs_generate_messages_lisp
[139.305s] [ 22%] Built target grid_map_msgs_generate_messages_lisp
[139.331s] [ 22%] Built target autoware_lanelet2_msgs_generate_messages_py
[139.359s] [ 22%] Built target jsk_recognition_msgs_generate_messages_nodejs
[139.385s] [ 22%] Built target std_srvs_generate_messages_eus
[139.414s] [ 22%] Built target roscpp_generate_messages_lisp
[139.440s] [ 22%] Built target grid_map_msgs_generate_messages_eus
[139.466s] [ 22%] Built target rosgraph_msgs_generate_messages_lisp
[139.492s] [ 22%] Built target rosgraph_msgs_generate_messages_nodejs
[139.520s] [ 22%] Built target roscpp_generate_messages_eus
[139.549s] [ 22%] Built target actionlib_msgs_generate_messages_eus
[139.583s] [ 22%] Built target rosgraph_msgs_generate_messages_py
[139.607s] [ 22%] Built target autoware_lanelet2_msgs_generate_messages_nodejs
[139.635s] [ 22%] Built target roscpp_generate_messages_py
[139.661s] [ 22%] Built target grid_map_msgs_generate_messages_cpp
[139.688s] [ 22%] Built target grid_map_msgs_generate_messages_py
[139.714s] [ 22%] Built target sensor_msgs_generate_messages_lisp
[139.742s] [ 22%] Built target nav_msgs_generate_messages_cpp
[139.771s] [ 22%] Built target pcl_msgs_generate_messages_nodejs
[139.807s] [ 22%] Built target nav_msgs_generate_messages_lisp
[139.832s] [ 22%] Built target dynamic_reconfigure_gencfg
[139.857s] [ 22%] Built target tf2_msgs_generate_messages_lisp
[139.884s] [ 22%] Built target nav_msgs_generate_messages_py
[139.909s] [ 22%] Built target _catkin_empty_exported_target
[139.937s] [ 22%] Built target std_srvs_generate_messages_lisp
[139.967s] [ 22%] Built target jsk_recognition_msgs_generate_messages_cpp
[139.996s] [ 22%] Built target topic_tools_generate_messages_lisp
[140.022s] [ 22%] Built target std_srvs_generate_messages_nodejs
[140.050s] [ 22%] Built target std_srvs_generate_messages_py
[140.077s] [ 22%] Built target topic_tools_generate_messages_nodejs
[140.105s] [ 22%] Built target nodelet_topic_tools_gencfg
[140.134s] [ 22%] Built target actionlib_msgs_generate_messages_nodejs
[140.161s] [ 22%] Built target topic_tools_generate_messages_py
[140.188s] [ 22%] Built target actionlib_generate_messages_nodejs
[140.214s] [ 22%] Built target pcl_msgs_generate_messages_lisp
[140.240s] [ 22%] Built target tf_generate_messages_cpp
[140.267s] [ 22%] Built target jsk_footstep_msgs_generate_messages_cpp
[140.293s] [ 22%] Built target actionlib_msgs_generate_messages_cpp
[140.321s] [ 22%] Built target autoware_lanelet2_msgs_generate_messages_cpp
[140.350s] [ 22%] Built target autoware_lanelet2_msgs_generate_messages_eus
[140.376s] [ 22%] Built target autoware_lanelet2_msgs_generate_messages_lisp
[140.404s] [ 22%] Built target tf_generate_messages_eus
[140.465s] [ 77%] Built target costmap_generator_lib
[140.483s] [35m[1mScanning dependencies of target test-costmap_generator[0m
[140.606s] [ 88%] [32mBuilding CXX object CMakeFiles/test-costmap_generator.dir/test/src/test_costmap_generator.cpp.o[0m
[151.780s] [100%] [32m[1mLinking CXX executable devel/lib/costmap_generator/test-costmap_generator[0m
[153.425s] [100%] Built target test-costmap_generator
[153.437s] [35m[1mScanning dependencies of target tests[0m
[153.450s] [100%] Built target tests
[153.467s] Invoked command in '/home/yeap/APC_2022_Prac/airsimversion/autoware.ai/build/costmap_generator' returned '0': CMAKE_PREFIX_PATH=/home/yeap/APC_2022_Prac/airsimversion/autoware.ai/install/object_map:/home/yeap/APC_2022_Prac/airsimversion/autoware.ai/install/lanelet2_extension:/home/yeap/APC_2022_Prac/airsimversion/autoware.ai/install/lanelet2_validation:/home/yeap/APC_2022_Prac/airsimversion/autoware.ai/install/lanelet2_routing:/home/yeap/APC_2022_Prac/airsimversion/autoware.ai/install/lanelet2_projection:/home/yeap/APC_2022_Prac/airsimversion/autoware.ai/install/lanelet2_traffic_rules:/home/yeap/APC_2022_Prac/airsimversion/autoware.ai/install/lanelet2_maps:/home/yeap/APC_2022_Prac/airsimversion/autoware.ai/install/lanelet2_io:/home/yeap/APC_2022_Prac/airsimversion/autoware.ai/install/vector_map:/home/yeap/APC_2022_Prac/airsimversion/autoware.ai/install/lanelet2_core:/home/yeap/APC_2022_Prac/airsimversion/autoware.ai/install/amathutils_lib:/home/yeap/APC_2022_Prac/airsimversion/autoware.ai/install/vector_map_msgs:/home/yeap/APC_2022_Prac/airsimversion/autoware.ai/install/autoware_msgs:/home/yeap/APC_2022_Prac/airsimversion/autoware.ai/install/autoware_lanelet2_msgs:/home/yeap/APC_2022_Prac/airsimversion/autoware.ai/install/autoware_build_flags:${CMAKE_PREFIX_PATH} LD_LIBRARY_PATH=/home/yeap/APC_2022_Prac/airsimversion/autoware.ai/install/object_map/lib:/home/yeap/APC_2022_Prac/airsimversion/autoware.ai/install/lanelet2_extension/lib:/home/yeap/APC_2022_Prac/airsimversion/autoware.ai/install/lanelet2_validation/lib:/home/yeap/APC_2022_Prac/airsimversion/autoware.ai/install/lanelet2_routing/lib:/home/yeap/APC_2022_Prac/airsimversion/autoware.ai/install/lanelet2_projection/lib:/home/yeap/APC_2022_Prac/airsimversion/autoware.ai/install/lanelet2_traffic_rules/lib:/home/yeap/APC_2022_Prac/airsimversion/autoware.ai/install/lanelet2_io/lib:/home/yeap/APC_2022_Prac/airsimversion/autoware.ai/install/vector_map/lib:/home/yeap/APC_2022_Prac/airsimversion/autoware.ai/install/lanelet2_core/lib:/home/yeap/APC_2022_Prac/airsimversion/autoware.ai/install/amathutils_lib/lib:${LD_LIBRARY_PATH} PKG_CONFIG_PATH=/home/yeap/APC_2022_Prac/airsimversion/autoware.ai/install/object_map/lib/x86_64-linux-gnu/pkgconfig:/home/yeap/APC_2022_Prac/airsimversion/autoware.ai/install/object_map/lib/pkgconfig:/home/yeap/APC_2022_Prac/airsimversion/autoware.ai/install/lanelet2_extension/lib/x86_64-linux-gnu/pkgconfig:/home/yeap/APC_2022_Prac/airsimversion/autoware.ai/install/lanelet2_extension/lib/pkgconfig:/home/yeap/APC_2022_Prac/airsimversion/autoware.ai/install/lanelet2_validation/lib/x86_64-linux-gnu/pkgconfig:/home/yeap/APC_2022_Prac/airsimversion/autoware.ai/install/lanelet2_validation/lib/pkgconfig:/home/yeap/APC_2022_Prac/airsimversion/autoware.ai/install/lanelet2_routing/lib/x86_64-linux-gnu/pkgconfig:/home/yeap/APC_2022_Prac/airsimversion/autoware.ai/install/lanelet2_routing/lib/pkgconfig:/home/yeap/APC_2022_Prac/airsimversion/autoware.ai/install/lanelet2_projection/lib/x86_64-linux-gnu/pkgconfig:/home/yeap/APC_2022_Prac/airsimversion/autoware.ai/install/lanelet2_projection/lib/pkgconfig:/home/yeap/APC_2022_Prac/airsimversion/autoware.ai/install/lanelet2_traffic_rules/lib/x86_64-linux-gnu/pkgconfig:/home/yeap/APC_2022_Prac/airsimversion/autoware.ai/install/lanelet2_traffic_rules/lib/pkgconfig:/home/yeap/APC_2022_Prac/airsimversion/autoware.ai/install/lanelet2_maps/lib/x86_64-linux-gnu/pkgconfig:/home/yeap/APC_2022_Prac/airsimversion/autoware.ai/install/lanelet2_maps/lib/pkgconfig:/home/yeap/APC_2022_Prac/airsimversion/autoware.ai/install/lanelet2_io/lib/x86_64-linux-gnu/pkgconfig:/home/yeap/APC_2022_Prac/airsimversion/autoware.ai/install/lanelet2_io/lib/pkgconfig:/home/yeap/APC_2022_Prac/airsimversion/autoware.ai/install/vector_map/lib/x86_64-linux-gnu/pkgconfig:/home/yeap/APC_2022_Prac/airsimversion/autoware.ai/install/vector_map/lib/pkgconfig:/home/yeap/APC_2022_Prac/airsimversion/autoware.ai/install/lanelet2_core/lib/x86_64-linux-gnu/pkgconfig:/home/yeap/APC_2022_Prac/airsimversion/autoware.ai/install/lanelet2_core/lib/pkgconfig:/home/yeap/APC_2022_Prac/airsimversion/autoware.ai/install/amathutils_lib/lib/x86_64-linux-gnu/pkgconfig:/home/yeap/APC_2022_Prac/airsimversion/autoware.ai/install/amathutils_lib/lib/pkgconfig:/home/yeap/APC_2022_Prac/airsimversion/autoware.ai/install/vector_map_msgs/lib/x86_64-linux-gnu/pkgconfig:/home/yeap/APC_2022_Prac/airsimversion/autoware.ai/install/vector_map_msgs/lib/pkgconfig:/home/yeap/APC_2022_Prac/airsimversion/autoware.ai/install/autoware_msgs/lib/x86_64-linux-gnu/pkgconfig:/home/yeap/APC_2022_Prac/airsimversion/autoware.ai/install/autoware_msgs/lib/pkgconfig:/home/yeap/APC_2022_Prac/airsimversion/autoware.ai/install/autoware_lanelet2_msgs/lib/x86_64-linux-gnu/pkgconfig:/home/yeap/APC_2022_Prac/airsimversion/autoware.ai/install/autoware_lanelet2_msgs/lib/pkgconfig:/home/yeap/APC_2022_Prac/airsimversion/autoware.ai/install/autoware_build_flags/lib/x86_64-linux-gnu/pkgconfig:/home/yeap/APC_2022_Prac/airsimversion/autoware.ai/install/autoware_build_flags/lib/pkgconfig:${PKG_CONFIG_PATH} PYTHONPATH=/home/yeap/APC_2022_Prac/airsimversion/autoware.ai/install/vector_map_msgs/lib/python2.7/dist-packages:/home/yeap/APC_2022_Prac/airsimversion/autoware.ai/install/autoware_msgs/lib/python2.7/dist-packages:/home/yeap/APC_2022_Prac/airsimversion/autoware.ai/install/autoware_lanelet2_msgs/lib/python2.7/dist-packages:${PYTHONPATH} ROS_PACKAGE_PATH=/home/yeap/APC_2022_Prac/airsimversion/autoware.ai/install/object_map/share:/home/yeap/APC_2022_Prac/airsimversion/autoware.ai/install/lanelet2_extension/share:/home/yeap/APC_2022_Prac/airsimversion/autoware.ai/install/lanelet2_validation/share:/home/yeap/APC_2022_Prac/airsimversion/autoware.ai/install/lanelet2_routing/share:/home/yeap/APC_2022_Prac/airsimversion/autoware.ai/install/lanelet2_projection/share:/home/yeap/APC_2022_Prac/airsimversion/autoware.ai/install/lanelet2_traffic_rules/share:/home/yeap/APC_2022_Prac/airsimversion/autoware.ai/install/lanelet2_maps/share:/home/yeap/APC_2022_Prac/airsimversion/autoware.ai/install/lanelet2_io/share:/home/yeap/APC_2022_Prac/airsimversion/autoware.ai/install/vector_map/share:/home/yeap/APC_2022_Prac/airsimversion/autoware.ai/install/lanelet2_core/share:/home/yeap/APC_2022_Prac/airsimversion/autoware.ai/install/amathutils_lib/share:/home/yeap/APC_2022_Prac/airsimversion/autoware.ai/install/vector_map_msgs/share:/home/yeap/APC_2022_Prac/airsimversion/autoware.ai/install/autoware_msgs/share:/home/yeap/APC_2022_Prac/airsimversion/autoware.ai/install/autoware_lanelet2_msgs/share:/home/yeap/APC_2022_Prac/airsimversion/autoware.ai/install/autoware_build_flags/share:${ROS_PACKAGE_PATH} /usr/bin/cmake --build /home/yeap/APC_2022_Prac/airsimversion/autoware.ai/build/costmap_generator --target tests -- -j6 -l6
[153.686s] Invoking command in '/home/yeap/APC_2022_Prac/airsimversion/autoware.ai/build/costmap_generator': CMAKE_PREFIX_PATH=/home/yeap/APC_2022_Prac/airsimversion/autoware.ai/install/object_map:/home/yeap/APC_2022_Prac/airsimversion/autoware.ai/install/lanelet2_extension:/home/yeap/APC_2022_Prac/airsimversion/autoware.ai/install/lanelet2_validation:/home/yeap/APC_2022_Prac/airsimversion/autoware.ai/install/lanelet2_routing:/home/yeap/APC_2022_Prac/airsimversion/autoware.ai/install/lanelet2_projection:/home/yeap/APC_2022_Prac/airsimversion/autoware.ai/install/lanelet2_traffic_rules:/home/yeap/APC_2022_Prac/airsimversion/autoware.ai/install/lanelet2_maps:/home/yeap/APC_2022_Prac/airsimversion/autoware.ai/install/lanelet2_io:/home/yeap/APC_2022_Prac/airsimversion/autoware.ai/install/vector_map:/home/yeap/APC_2022_Prac/airsimversion/autoware.ai/install/lanelet2_core:/home/yeap/APC_2022_Prac/airsimversion/autoware.ai/install/amathutils_lib:/home/yeap/APC_2022_Prac/airsimversion/autoware.ai/install/vector_map_msgs:/home/yeap/APC_2022_Prac/airsimversion/autoware.ai/install/autoware_msgs:/home/yeap/APC_2022_Prac/airsimversion/autoware.ai/install/autoware_lanelet2_msgs:/home/yeap/APC_2022_Prac/airsimversion/autoware.ai/install/autoware_build_flags:${CMAKE_PREFIX_PATH} LD_LIBRARY_PATH=/home/yeap/APC_2022_Prac/airsimversion/autoware.ai/install/object_map/lib:/home/yeap/APC_2022_Prac/airsimversion/autoware.ai/install/lanelet2_extension/lib:/home/yeap/APC_2022_Prac/airsimversion/autoware.ai/install/lanelet2_validation/lib:/home/yeap/APC_2022_Prac/airsimversion/autoware.ai/install/lanelet2_routing/lib:/home/yeap/APC_2022_Prac/airsimversion/autoware.ai/install/lanelet2_projection/lib:/home/yeap/APC_2022_Prac/airsimversion/autoware.ai/install/lanelet2_traffic_rules/lib:/home/yeap/APC_2022_Prac/airsimversion/autoware.ai/install/lanelet2_io/lib:/home/yeap/APC_2022_Prac/airsimversion/autoware.ai/install/vector_map/lib:/home/yeap/APC_2022_Prac/airsimversion/autoware.ai/install/lanelet2_core/lib:/home/yeap/APC_2022_Prac/airsimversion/autoware.ai/install/amathutils_lib/lib:${LD_LIBRARY_PATH} PKG_CONFIG_PATH=/home/yeap/APC_2022_Prac/airsimversion/autoware.ai/install/object_map/lib/x86_64-linux-gnu/pkgconfig:/home/yeap/APC_2022_Prac/airsimversion/autoware.ai/install/object_map/lib/pkgconfig:/home/yeap/APC_2022_Prac/airsimversion/autoware.ai/install/lanelet2_extension/lib/x86_64-linux-gnu/pkgconfig:/home/yeap/APC_2022_Prac/airsimversion/autoware.ai/install/lanelet2_extension/lib/pkgconfig:/home/yeap/APC_2022_Prac/airsimversion/autoware.ai/install/lanelet2_validation/lib/x86_64-linux-gnu/pkgconfig:/home/yeap/APC_2022_Prac/airsimversion/autoware.ai/install/lanelet2_validation/lib/pkgconfig:/home/yeap/APC_2022_Prac/airsimversion/autoware.ai/install/lanelet2_routing/lib/x86_64-linux-gnu/pkgconfig:/home/yeap/APC_2022_Prac/airsimversion/autoware.ai/install/lanelet2_routing/lib/pkgconfig:/home/yeap/APC_2022_Prac/airsimversion/autoware.ai/install/lanelet2_projection/lib/x86_64-linux-gnu/pkgconfig:/home/yeap/APC_2022_Prac/airsimversion/autoware.ai/install/lanelet2_projection/lib/pkgconfig:/home/yeap/APC_2022_Prac/airsimversion/autoware.ai/install/lanelet2_traffic_rules/lib/x86_64-linux-gnu/pkgconfig:/home/yeap/APC_2022_Prac/airsimversion/autoware.ai/install/lanelet2_traffic_rules/lib/pkgconfig:/home/yeap/APC_2022_Prac/airsimversion/autoware.ai/install/lanelet2_maps/lib/x86_64-linux-gnu/pkgconfig:/home/yeap/APC_2022_Prac/airsimversion/autoware.ai/install/lanelet2_maps/lib/pkgconfig:/home/yeap/APC_2022_Prac/airsimversion/autoware.ai/install/lanelet2_io/lib/x86_64-linux-gnu/pkgconfig:/home/yeap/APC_2022_Prac/airsimversion/autoware.ai/install/lanelet2_io/lib/pkgconfig:/home/yeap/APC_2022_Prac/airsimversion/autoware.ai/install/vector_map/lib/x86_64-linux-gnu/pkgconfig:/home/yeap/APC_2022_Prac/airsimversion/autoware.ai/install/vector_map/lib/pkgconfig:/home/yeap/APC_2022_Prac/airsimversion/autoware.ai/install/lanelet2_core/lib/x86_64-linux-gnu/pkgconfig:/home/yeap/APC_2022_Prac/airsimversion/autoware.ai/install/lanelet2_core/lib/pkgconfig:/home/yeap/APC_2022_Prac/airsimversion/autoware.ai/install/amathutils_lib/lib/x86_64-linux-gnu/pkgconfig:/home/yeap/APC_2022_Prac/airsimversion/autoware.ai/install/amathutils_lib/lib/pkgconfig:/home/yeap/APC_2022_Prac/airsimversion/autoware.ai/install/vector_map_msgs/lib/x86_64-linux-gnu/pkgconfig:/home/yeap/APC_2022_Prac/airsimversion/autoware.ai/install/vector_map_msgs/lib/pkgconfig:/home/yeap/APC_2022_Prac/airsimversion/autoware.ai/install/autoware_msgs/lib/x86_64-linux-gnu/pkgconfig:/home/yeap/APC_2022_Prac/airsimversion/autoware.ai/install/autoware_msgs/lib/pkgconfig:/home/yeap/APC_2022_Prac/airsimversion/autoware.ai/install/autoware_lanelet2_msgs/lib/x86_64-linux-gnu/pkgconfig:/home/yeap/APC_2022_Prac/airsimversion/autoware.ai/install/autoware_lanelet2_msgs/lib/pkgconfig:/home/yeap/APC_2022_Prac/airsimversion/autoware.ai/install/autoware_build_flags/lib/x86_64-linux-gnu/pkgconfig:/home/yeap/APC_2022_Prac/airsimversion/autoware.ai/install/autoware_build_flags/lib/pkgconfig:${PKG_CONFIG_PATH} PYTHONPATH=/home/yeap/APC_2022_Prac/airsimversion/autoware.ai/install/vector_map_msgs/lib/python2.7/dist-packages:/home/yeap/APC_2022_Prac/airsimversion/autoware.ai/install/autoware_msgs/lib/python2.7/dist-packages:/home/yeap/APC_2022_Prac/airsimversion/autoware.ai/install/autoware_lanelet2_msgs/lib/python2.7/dist-packages:${PYTHONPATH} ROS_PACKAGE_PATH=/home/yeap/APC_2022_Prac/airsimversion/autoware.ai/install/object_map/share:/home/yeap/APC_2022_Prac/airsimversion/autoware.ai/install/lanelet2_extension/share:/home/yeap/APC_2022_Prac/airsimversion/autoware.ai/install/lanelet2_validation/share:/home/yeap/APC_2022_Prac/airsimversion/autoware.ai/install/lanelet2_routing/share:/home/yeap/APC_2022_Prac/airsimversion/autoware.ai/install/lanelet2_projection/share:/home/yeap/APC_2022_Prac/airsimversion/autoware.ai/install/lanelet2_traffic_rules/share:/home/yeap/APC_2022_Prac/airsimversion/autoware.ai/install/lanelet2_maps/share:/home/yeap/APC_2022_Prac/airsimversion/autoware.ai/install/lanelet2_io/share:/home/yeap/APC_2022_Prac/airsimversion/autoware.ai/install/vector_map/share:/home/yeap/APC_2022_Prac/airsimversion/autoware.ai/install/lanelet2_core/share:/home/yeap/APC_2022_Prac/airsimversion/autoware.ai/install/amathutils_lib/share:/home/yeap/APC_2022_Prac/airsimversion/autoware.ai/install/vector_map_msgs/share:/home/yeap/APC_2022_Prac/airsimversion/autoware.ai/install/autoware_msgs/share:/home/yeap/APC_2022_Prac/airsimversion/autoware.ai/install/autoware_lanelet2_msgs/share:/home/yeap/APC_2022_Prac/airsimversion/autoware.ai/install/autoware_build_flags/share:${ROS_PACKAGE_PATH} /usr/bin/cmake --build /home/yeap/APC_2022_Prac/airsimversion/autoware.ai/build/costmap_generator --target install -- -j6 -l6
[153.758s] [  0%] Built target tf_generate_messages_eus
[153.783s] [  0%] Built target vector_map_msgs_generate_messages_lisp
[153.810s] [  0%] Built target vector_map_msgs_generate_messages_eus
[153.836s] [  0%] Built target vector_map_msgs_generate_messages_cpp
[153.861s] [  0%] Built target vector_map_msgs_generate_messages_nodejs
[153.886s] [  0%] Built target bond_generate_messages_py
[153.911s] [  0%] Built target bond_generate_messages_nodejs
[153.937s] [  0%] Built target bond_generate_messages_lisp
[153.964s] [  0%] Built target bond_generate_messages_eus
[153.991s] [  0%] Built target bond_generate_messages_cpp
[154.019s] [  0%] Built target nodelet_generate_messages_nodejs
[154.045s] [  0%] Built target nodelet_generate_messages_eus
[154.071s] [  0%] Built target nodelet_generate_messages_cpp
[154.097s] [  0%] Built target dynamic_reconfigure_generate_messages_py
[154.123s] [  0%] Built target dynamic_reconfigure_generate_messages_nodejs
[154.149s] [  0%] Built target dynamic_reconfigure_generate_messages_lisp
[154.174s] [  0%] Built target dynamic_reconfigure_generate_messages_eus
[154.201s] [  0%] Built target pcl_ros_gencfg
[154.227s] [  0%] Built target visualization_msgs_generate_messages_py
[154.253s] [  0%] Built target visualization_msgs_generate_messages_nodejs
[154.279s] [  0%] Built target visualization_msgs_generate_messages_eus
[154.305s] [  0%] Built target tf2_msgs_generate_messages_nodejs
[154.332s] [  0%] Built target tf2_msgs_generate_messages_cpp
[154.358s] [  0%] Built target tf2_msgs_generate_messages_py
[154.385s] [  0%] Built target actionlib_generate_messages_py
[154.411s] [  0%] Built target actionlib_generate_messages_cpp
[154.437s] [  0%] Built target dynamic_reconfigure_generate_messages_cpp
[154.464s] [  0%] Built target tf_generate_messages_py
[154.490s] [  0%] Built target tf_generate_messages_nodejs
[154.518s] [  0%] Built target tf_generate_messages_lisp
[154.544s] [  0%] Built target geometry_msgs_generate_messages_py
[154.568s] [  0%] Built target sensor_msgs_generate_messages_nodejs
[154.594s] [  0%] Built target roscpp_generate_messages_cpp
[154.620s] [  0%] Built target pcl_msgs_generate_messages_eus
[154.645s] [  0%] Built target rosgraph_msgs_generate_messages_eus
[154.670s] [  0%] Built target jsk_recognition_msgs_generate_messages_lisp
[154.696s] [  0%] Built target jsk_recognition_msgs_generate_messages_eus
[154.723s] [  0%] Built target std_msgs_generate_messages_py
[154.749s] [  0%] Built target nodelet_generate_messages_lisp
[154.774s] [  0%] Built target autoware_msgs_generate_messages_py
[154.799s] [  0%] Built target std_msgs_generate_messages_nodejs
[154.823s] [  0%] Built target sensor_msgs_generate_messages_eus
[154.848s] [  0%] Built target sensor_msgs_generate_messages_cpp
[154.874s] [  0%] Built target autoware_msgs_generate_messages_cpp
[154.899s] [  0%] Built target rosgraph_msgs_generate_messages_cpp
[154.926s] [  0%] Built target topic_tools_generate_messages_cpp
[154.952s] [  0%] Built target jsk_recognition_msgs_generate_messages_py
[154.978s] [  0%] Built target nodelet_generate_messages_py
[155.009s] [  0%] Built target sensor_msgs_generate_messages_py
[155.036s] [  0%] Built target std_msgs_generate_messages_cpp
[155.064s] [  0%] Built target jsk_footstep_msgs_generate_messages_py
[155.091s] [  0%] Built target nav_msgs_generate_messages_nodejs
[155.119s] [  0%] Built target geometry_msgs_generate_messages_eus
[155.146s] [  0%] Built target std_msgs_generate_messages_lisp
[155.172s] [  0%] Built target roscpp_generate_messages_nodejs
[155.200s] [  0%] Built target geometry_msgs_generate_messages_nodejs
[155.227s] [  0%] Built target actionlib_generate_messages_eus
[155.253s] [  0%] Built target pcl_msgs_generate_messages_py
[155.280s] [  0%] Built target geometry_msgs_generate_messages_lisp
[155.307s] [  0%] Built target actionlib_generate_messages_lisp
[155.334s] [  0%] Built target geometry_msgs_generate_messages_cpp
[155.360s] [  0%] Built target pcl_msgs_generate_messages_cpp
[155.387s] [  0%] Built target autoware_msgs_generate_messages_eus
[155.415s] [  0%] Built target autoware_msgs_generate_messages_lisp
[155.441s] [  0%] Built target topic_tools_generate_messages_eus
[155.467s] [  0%] Built target visualization_msgs_generate_messages_lisp
[155.493s] [  0%] Built target std_msgs_generate_messages_eus
[155.519s] [  0%] Built target autoware_msgs_generate_messages_nodejs
[155.545s] [  0%] Built target jsk_footstep_msgs_generate_messages_eus
[155.571s] [  0%] Built target actionlib_msgs_generate_messages_py
[155.598s] [  0%] Built target visualization_msgs_generate_messages_cpp
[155.625s] [  0%] Built target tf2_msgs_generate_messages_eus
[155.651s] [  0%] Built target nav_msgs_generate_messages_eus
[155.678s] [  0%] Built target jsk_footstep_msgs_generate_messages_lisp
[155.705s] [  0%] Built target jsk_footstep_msgs_generate_messages_nodejs
[155.735s] [  0%] Built target grid_map_msgs_generate_messages_nodejs
[155.761s] [  0%] Built target std_srvs_generate_messages_cpp
[155.788s] [  0%] Built target actionlib_msgs_generate_messages_lisp
[155.815s] [  0%] Built target grid_map_msgs_generate_messages_lisp
[155.842s] [  0%] Built target autoware_lanelet2_msgs_generate_messages_py
[155.867s] [  0%] Built target jsk_recognition_msgs_generate_messages_nodejs
[155.892s] [  0%] Built target std_srvs_generate_messages_eus
[155.916s] [  0%] Built target roscpp_generate_messages_lisp
[155.943s] [  0%] Built target grid_map_msgs_generate_messages_eus
[155.969s] [  0%] Built target rosgraph_msgs_generate_messages_lisp
[155.995s] [  0%] Built target rosgraph_msgs_generate_messages_nodejs
[156.020s] [  0%] Built target roscpp_generate_messages_eus
[156.045s] [  0%] Built target actionlib_msgs_generate_messages_eus
[156.069s] [  0%] Built target rosgraph_msgs_generate_messages_py
[156.094s] [  0%] Built target autoware_lanelet2_msgs_generate_messages_nodejs
[156.119s] [  0%] Built target roscpp_generate_messages_py
[156.143s] [  0%] Built target grid_map_msgs_generate_messages_cpp
[156.168s] [  0%] Built target grid_map_msgs_generate_messages_py
[156.193s] [  0%] Built target sensor_msgs_generate_messages_lisp
[156.218s] [  0%] Built target nav_msgs_generate_messages_cpp
[156.243s] [  0%] Built target pcl_msgs_generate_messages_nodejs
[156.268s] [  0%] Built target nav_msgs_generate_messages_lisp
[156.297s] [  0%] Built target dynamic_reconfigure_gencfg
[156.324s] [  0%] Built target tf2_msgs_generate_messages_lisp
[156.349s] [  0%] Built target nav_msgs_generate_messages_py
[156.374s] [  0%] Built target _catkin_empty_exported_target
[156.398s] [  0%] Built target std_srvs_generate_messages_lisp
[156.422s] [  0%] Built target jsk_recognition_msgs_generate_messages_cpp
[156.447s] [  0%] Built target topic_tools_generate_messages_lisp
[156.473s] [  0%] Built target std_srvs_generate_messages_nodejs
[156.499s] [  0%] Built target std_srvs_generate_messages_py
[156.525s] [  0%] Built target topic_tools_generate_messages_nodejs
[156.551s] [  0%] Built target nodelet_topic_tools_gencfg
[156.578s] [  0%] Built target actionlib_msgs_generate_messages_nodejs
[156.604s] [  0%] Built target topic_tools_generate_messages_py
[156.628s] [  0%] Built target actionlib_generate_messages_nodejs
[156.657s] [  0%] Built target pcl_msgs_generate_messages_lisp
[156.683s] [  0%] Built target tf_generate_messages_cpp
[156.709s] [  0%] Built target jsk_footstep_msgs_generate_messages_cpp
[156.735s] [  0%] Built target actionlib_msgs_generate_messages_cpp
[156.761s] [  0%] Built target vector_map_msgs_generate_messages_py
[156.787s] [  0%] Built target autoware_lanelet2_msgs_generate_messages_cpp
[156.813s] [  0%] Built target autoware_lanelet2_msgs_generate_messages_eus
[156.839s] [  0%] Built target autoware_lanelet2_msgs_generate_messages_lisp
[156.901s] [ 33%] Built target costmap_generator_lanelet2
[156.959s] [ 66%] Built target costmap_generator_lib
[157.016s] [100%] Built target costmap_generator
[157.045s] [36mInstall the project...[0m
[157.057s] -- Install configuration: "Release"
[157.058s] -- Installing: /home/yeap/APC_2022_Prac/airsimversion/autoware.ai/install/costmap_generator/lib/pkgconfig/costmap_generator.pc
[157.058s] -- Installing: /home/yeap/APC_2022_Prac/airsimversion/autoware.ai/install/costmap_generator/share/costmap_generator/cmake/costmap_generatorConfig.cmake
[157.059s] -- Installing: /home/yeap/APC_2022_Prac/airsimversion/autoware.ai/install/costmap_generator/share/costmap_generator/cmake/costmap_generatorConfig-version.cmake
[157.059s] -- Installing: /home/yeap/APC_2022_Prac/airsimversion/autoware.ai/install/costmap_generator/share/costmap_generator/package.xml
[157.060s] -- Installing: /home/yeap/APC_2022_Prac/airsimversion/autoware.ai/install/costmap_generator/lib/costmap_generator/costmap_generator
[157.071s] -- Set runtime path of "/home/yeap/APC_2022_Prac/airsimversion/autoware.ai/install/costmap_generator/lib/costmap_generator/costmap_generator" to ""
[157.072s] -- Installing: /home/yeap/APC_2022_Prac/airsimversion/autoware.ai/install/costmap_generator/lib/costmap_generator/costmap_generator_lanelet2
[157.083s] -- Set runtime path of "/home/yeap/APC_2022_Prac/airsimversion/autoware.ai/install/costmap_generator/lib/costmap_generator/costmap_generator_lanelet2" to ""
[157.083s] -- Installing: /home/yeap/APC_2022_Prac/airsimversion/autoware.ai/install/costmap_generator/share/costmap_generator/launch
[157.084s] -- Installing: /home/yeap/APC_2022_Prac/airsimversion/autoware.ai/install/costmap_generator/share/costmap_generator/launch/costmap_generator.launch
[157.084s] -- Installing: /home/yeap/APC_2022_Prac/airsimversion/autoware.ai/install/costmap_generator/share/costmap_generator/launch/costmap_generator_option.launch
[157.084s] -- Installing: /home/yeap/APC_2022_Prac/airsimversion/autoware.ai/install/costmap_generator/share/costmap_generator/launch/costmap_generator_lanelet2.launch
[157.085s] -- Installing: /home/yeap/APC_2022_Prac/airsimversion/autoware.ai/install/costmap_generator/include/costmap_generator
[157.085s] -- Installing: /home/yeap/APC_2022_Prac/airsimversion/autoware.ai/install/costmap_generator/include/costmap_generator/costmap_generator_lanelet2.h
[157.085s] -- Installing: /home/yeap/APC_2022_Prac/airsimversion/autoware.ai/install/costmap_generator/include/costmap_generator/points_to_costmap.h
[157.086s] -- Installing: /home/yeap/APC_2022_Prac/airsimversion/autoware.ai/install/costmap_generator/include/costmap_generator/costmap_generator.h
[157.086s] -- Installing: /home/yeap/APC_2022_Prac/airsimversion/autoware.ai/install/costmap_generator/include/costmap_generator/objects_to_costmap.h
[157.093s] Invoked command in '/home/yeap/APC_2022_Prac/airsimversion/autoware.ai/build/costmap_generator' returned '0': CMAKE_PREFIX_PATH=/home/yeap/APC_2022_Prac/airsimversion/autoware.ai/install/object_map:/home/yeap/APC_2022_Prac/airsimversion/autoware.ai/install/lanelet2_extension:/home/yeap/APC_2022_Prac/airsimversion/autoware.ai/install/lanelet2_validation:/home/yeap/APC_2022_Prac/airsimversion/autoware.ai/install/lanelet2_routing:/home/yeap/APC_2022_Prac/airsimversion/autoware.ai/install/lanelet2_projection:/home/yeap/APC_2022_Prac/airsimversion/autoware.ai/install/lanelet2_traffic_rules:/home/yeap/APC_2022_Prac/airsimversion/autoware.ai/install/lanelet2_maps:/home/yeap/APC_2022_Prac/airsimversion/autoware.ai/install/lanelet2_io:/home/yeap/APC_2022_Prac/airsimversion/autoware.ai/install/vector_map:/home/yeap/APC_2022_Prac/airsimversion/autoware.ai/install/lanelet2_core:/home/yeap/APC_2022_Prac/airsimversion/autoware.ai/install/amathutils_lib:/home/yeap/APC_2022_Prac/airsimversion/autoware.ai/install/vector_map_msgs:/home/yeap/APC_2022_Prac/airsimversion/autoware.ai/install/autoware_msgs:/home/yeap/APC_2022_Prac/airsimversion/autoware.ai/install/autoware_lanelet2_msgs:/home/yeap/APC_2022_Prac/airsimversion/autoware.ai/install/autoware_build_flags:${CMAKE_PREFIX_PATH} LD_LIBRARY_PATH=/home/yeap/APC_2022_Prac/airsimversion/autoware.ai/install/object_map/lib:/home/yeap/APC_2022_Prac/airsimversion/autoware.ai/install/lanelet2_extension/lib:/home/yeap/APC_2022_Prac/airsimversion/autoware.ai/install/lanelet2_validation/lib:/home/yeap/APC_2022_Prac/airsimversion/autoware.ai/install/lanelet2_routing/lib:/home/yeap/APC_2022_Prac/airsimversion/autoware.ai/install/lanelet2_projection/lib:/home/yeap/APC_2022_Prac/airsimversion/autoware.ai/install/lanelet2_traffic_rules/lib:/home/yeap/APC_2022_Prac/airsimversion/autoware.ai/install/lanelet2_io/lib:/home/yeap/APC_2022_Prac/airsimversion/autoware.ai/install/vector_map/lib:/home/yeap/APC_2022_Prac/airsimversion/autoware.ai/install/lanelet2_core/lib:/home/yeap/APC_2022_Prac/airsimversion/autoware.ai/install/amathutils_lib/lib:${LD_LIBRARY_PATH} PKG_CONFIG_PATH=/home/yeap/APC_2022_Prac/airsimversion/autoware.ai/install/object_map/lib/x86_64-linux-gnu/pkgconfig:/home/yeap/APC_2022_Prac/airsimversion/autoware.ai/install/object_map/lib/pkgconfig:/home/yeap/APC_2022_Prac/airsimversion/autoware.ai/install/lanelet2_extension/lib/x86_64-linux-gnu/pkgconfig:/home/yeap/APC_2022_Prac/airsimversion/autoware.ai/install/lanelet2_extension/lib/pkgconfig:/home/yeap/APC_2022_Prac/airsimversion/autoware.ai/install/lanelet2_validation/lib/x86_64-linux-gnu/pkgconfig:/home/yeap/APC_2022_Prac/airsimversion/autoware.ai/install/lanelet2_validation/lib/pkgconfig:/home/yeap/APC_2022_Prac/airsimversion/autoware.ai/install/lanelet2_routing/lib/x86_64-linux-gnu/pkgconfig:/home/yeap/APC_2022_Prac/airsimversion/autoware.ai/install/lanelet2_routing/lib/pkgconfig:/home/yeap/APC_2022_Prac/airsimversion/autoware.ai/install/lanelet2_projection/lib/x86_64-linux-gnu/pkgconfig:/home/yeap/APC_2022_Prac/airsimversion/autoware.ai/install/lanelet2_projection/lib/pkgconfig:/home/yeap/APC_2022_Prac/airsimversion/autoware.ai/install/lanelet2_traffic_rules/lib/x86_64-linux-gnu/pkgconfig:/home/yeap/APC_2022_Prac/airsimversion/autoware.ai/install/lanelet2_traffic_rules/lib/pkgconfig:/home/yeap/APC_2022_Prac/airsimversion/autoware.ai/install/lanelet2_maps/lib/x86_64-linux-gnu/pkgconfig:/home/yeap/APC_2022_Prac/airsimversion/autoware.ai/install/lanelet2_maps/lib/pkgconfig:/home/yeap/APC_2022_Prac/airsimversion/autoware.ai/install/lanelet2_io/lib/x86_64-linux-gnu/pkgconfig:/home/yeap/APC_2022_Prac/airsimversion/autoware.ai/install/lanelet2_io/lib/pkgconfig:/home/yeap/APC_2022_Prac/airsimversion/autoware.ai/install/vector_map/lib/x86_64-linux-gnu/pkgconfig:/home/yeap/APC_2022_Prac/airsimversion/autoware.ai/install/vector_map/lib/pkgconfig:/home/yeap/APC_2022_Prac/airsimversion/autoware.ai/install/lanelet2_core/lib/x86_64-linux-gnu/pkgconfig:/home/yeap/APC_2022_Prac/airsimversion/autoware.ai/install/lanelet2_core/lib/pkgconfig:/home/yeap/APC_2022_Prac/airsimversion/autoware.ai/install/amathutils_lib/lib/x86_64-linux-gnu/pkgconfig:/home/yeap/APC_2022_Prac/airsimversion/autoware.ai/install/amathutils_lib/lib/pkgconfig:/home/yeap/APC_2022_Prac/airsimversion/autoware.ai/install/vector_map_msgs/lib/x86_64-linux-gnu/pkgconfig:/home/yeap/APC_2022_Prac/airsimversion/autoware.ai/install/vector_map_msgs/lib/pkgconfig:/home/yeap/APC_2022_Prac/airsimversion/autoware.ai/install/autoware_msgs/lib/x86_64-linux-gnu/pkgconfig:/home/yeap/APC_2022_Prac/airsimversion/autoware.ai/install/autoware_msgs/lib/pkgconfig:/home/yeap/APC_2022_Prac/airsimversion/autoware.ai/install/autoware_lanelet2_msgs/lib/x86_64-linux-gnu/pkgconfig:/home/yeap/APC_2022_Prac/airsimversion/autoware.ai/install/autoware_lanelet2_msgs/lib/pkgconfig:/home/yeap/APC_2022_Prac/airsimversion/autoware.ai/install/autoware_build_flags/lib/x86_64-linux-gnu/pkgconfig:/home/yeap/APC_2022_Prac/airsimversion/autoware.ai/install/autoware_build_flags/lib/pkgconfig:${PKG_CONFIG_PATH} PYTHONPATH=/home/yeap/APC_2022_Prac/airsimversion/autoware.ai/install/vector_map_msgs/lib/python2.7/dist-packages:/home/yeap/APC_2022_Prac/airsimversion/autoware.ai/install/autoware_msgs/lib/python2.7/dist-packages:/home/yeap/APC_2022_Prac/airsimversion/autoware.ai/install/autoware_lanelet2_msgs/lib/python2.7/dist-packages:${PYTHONPATH} ROS_PACKAGE_PATH=/home/yeap/APC_2022_Prac/airsimversion/autoware.ai/install/object_map/share:/home/yeap/APC_2022_Prac/airsimversion/autoware.ai/install/lanelet2_extension/share:/home/yeap/APC_2022_Prac/airsimversion/autoware.ai/install/lanelet2_validation/share:/home/yeap/APC_2022_Prac/airsimversion/autoware.ai/install/lanelet2_routing/share:/home/yeap/APC_2022_Prac/airsimversion/autoware.ai/install/lanelet2_projection/share:/home/yeap/APC_2022_Prac/airsimversion/autoware.ai/install/lanelet2_traffic_rules/share:/home/yeap/APC_2022_Prac/airsimversion/autoware.ai/install/lanelet2_maps/share:/home/yeap/APC_2022_Prac/airsimversion/autoware.ai/install/lanelet2_io/share:/home/yeap/APC_2022_Prac/airsimversion/autoware.ai/install/vector_map/share:/home/yeap/APC_2022_Prac/airsimversion/autoware.ai/install/lanelet2_core/share:/home/yeap/APC_2022_Prac/airsimversion/autoware.ai/install/amathutils_lib/share:/home/yeap/APC_2022_Prac/airsimversion/autoware.ai/install/vector_map_msgs/share:/home/yeap/APC_2022_Prac/airsimversion/autoware.ai/install/autoware_msgs/share:/home/yeap/APC_2022_Prac/airsimversion/autoware.ai/install/autoware_lanelet2_msgs/share:/home/yeap/APC_2022_Prac/airsimversion/autoware.ai/install/autoware_build_flags/share:${ROS_PACKAGE_PATH} /usr/bin/cmake --build /home/yeap/APC_2022_Prac/airsimversion/autoware.ai/build/costmap_generator --target install -- -j6 -l6
