[0.023s] Invoking command in '/home/yeap/APC_2022_Prac/airsimversion/autoware.ai/build/gnss_localizer': CMAKE_PREFIX_PATH=/home/yeap/APC_2022_Prac/airsimversion/autoware.ai/install/gnss:/home/yeap/APC_2022_Prac/airsimversion/autoware.ai/install/autoware_build_flags:${CMAKE_PREFIX_PATH} LD_LIBRARY_PATH=/home/yeap/APC_2022_Prac/airsimversion/autoware.ai/install/gnss/lib:${LD_LIBRARY_PATH} PKG_CONFIG_PATH=/home/yeap/APC_2022_Prac/airsimversion/autoware.ai/install/gnss/lib/x86_64-linux-gnu/pkgconfig:/home/yeap/APC_2022_Prac/airsimversion/autoware.ai/install/gnss/lib/pkgconfig:/home/yeap/APC_2022_Prac/airsimversion/autoware.ai/install/autoware_build_flags/lib/x86_64-linux-gnu/pkgconfig:/home/yeap/APC_2022_Prac/airsimversion/autoware.ai/install/autoware_build_flags/lib/pkgconfig:${PKG_CONFIG_PATH} ROS_PACKAGE_PATH=/home/yeap/APC_2022_Prac/airsimversion/autoware.ai/install/gnss/share:/home/yeap/APC_2022_Prac/airsimversion/autoware.ai/install/autoware_build_flags/share:${ROS_PACKAGE_PATH} /usr/bin/cmake --build /home/yeap/APC_2022_Prac/airsimversion/autoware.ai/build/gnss_localizer -- -j6 -l6
[0.126s] [  0%] Built target tf2_msgs_generate_messages_lisp
[0.132s] [  0%] Built target tf2_msgs_generate_messages_py
[0.135s] [  0%] Built target tf2_msgs_generate_messages_nodejs
[0.136s] [  0%] Built target rosgraph_msgs_generate_messages_lisp
[0.166s] [  0%] Built target actionlib_msgs_generate_messages_eus
[0.173s] [  0%] Built target actionlib_msgs_generate_messages_py
[0.173s] [  0%] Built target actionlib_msgs_generate_messages_lisp
[0.181s] [  0%] Built target tf2_msgs_generate_messages_cpp
[0.191s] [  0%] Built target actionlib_generate_messages_py
[0.207s] [  0%] Built target actionlib_generate_messages_nodejs
[0.215s] [  0%] Built target actionlib_generate_messages_lisp
[0.219s] [  0%] Built target actionlib_generate_messages_eus
[0.224s] [  0%] Built target std_msgs_generate_messages_py
[0.227s] [  0%] Built target tf2_msgs_generate_messages_eus
[0.234s] [  0%] Built target actionlib_msgs_generate_messages_cpp
[0.245s] [  0%] Built target nmea_msgs_generate_messages_eus
[0.252s] [  0%] Built target tf_generate_messages_cpp
[0.260s] [  0%] Built target std_msgs_generate_messages_lisp
[0.261s] [  0%] Built target sensor_msgs_generate_messages_cpp
[0.272s] [  0%] Built target geometry_msgs_generate_messages_py
[0.282s] [  0%] Built target sensor_msgs_generate_messages_nodejs
[0.284s] [  0%] Built target roscpp_generate_messages_cpp
[0.284s] [  0%] Built target actionlib_generate_messages_cpp
[0.285s] [  0%] Built target std_msgs_generate_messages_eus
[0.299s] [  0%] Built target rosgraph_msgs_generate_messages_nodejs
[0.307s] [  0%] Built target tf_generate_messages_py
[0.310s] [  0%] Built target actionlib_msgs_generate_messages_nodejs
[0.313s] [  0%] Built target sensor_msgs_generate_messages_py
[0.318s] [  0%] Built target roscpp_generate_messages_py
[0.325s] [  0%] Built target std_msgs_generate_messages_cpp
[0.330s] [  0%] Built target roscpp_generate_messages_lisp
[0.339s] [  0%] Built target sensor_msgs_generate_messages_eus
[0.342s] [  0%] Built target tf_generate_messages_lisp
[0.351s] [  0%] Built target nmea_msgs_generate_messages_lisp
[0.352s] [  0%] Built target geometry_msgs_generate_messages_nodejs
[0.361s] [  0%] Built target sensor_msgs_generate_messages_lisp
[0.365s] [  0%] Built target tf_generate_messages_nodejs
[0.377s] [  0%] Built target rosgraph_msgs_generate_messages_py
[0.385s] [  0%] Built target nmea_msgs_generate_messages_cpp
[0.398s] [  0%] Built target std_msgs_generate_messages_nodejs
[0.399s] [  0%] Built target geometry_msgs_generate_messages_lisp
[0.409s] [  0%] Built target geometry_msgs_generate_messages_cpp
[0.409s] [  0%] Built target nmea_msgs_generate_messages_py
[0.425s] [  0%] Built target roscpp_generate_messages_nodejs
[0.427s] [  0%] Built target nmea_msgs_generate_messages_nodejs
[0.431s] [  0%] Built target geometry_msgs_generate_messages_eus
[0.437s] [  0%] Built target rosgraph_msgs_generate_messages_cpp
[0.447s] [  0%] Built target roscpp_generate_messages_eus
[0.457s] [  0%] Built target rosgraph_msgs_generate_messages_eus
[0.470s] [  0%] Built target tf_generate_messages_eus
[0.498s] [ 40%] Built target fix2tfpose
[0.498s] [100%] Built target nmea2tfpose
[0.512s] Invoked command in '/home/yeap/APC_2022_Prac/airsimversion/autoware.ai/build/gnss_localizer' returned '0': CMAKE_PREFIX_PATH=/home/yeap/APC_2022_Prac/airsimversion/autoware.ai/install/gnss:/home/yeap/APC_2022_Prac/airsimversion/autoware.ai/install/autoware_build_flags:${CMAKE_PREFIX_PATH} LD_LIBRARY_PATH=/home/yeap/APC_2022_Prac/airsimversion/autoware.ai/install/gnss/lib:${LD_LIBRARY_PATH} PKG_CONFIG_PATH=/home/yeap/APC_2022_Prac/airsimversion/autoware.ai/install/gnss/lib/x86_64-linux-gnu/pkgconfig:/home/yeap/APC_2022_Prac/airsimversion/autoware.ai/install/gnss/lib/pkgconfig:/home/yeap/APC_2022_Prac/airsimversion/autoware.ai/install/autoware_build_flags/lib/x86_64-linux-gnu/pkgconfig:/home/yeap/APC_2022_Prac/airsimversion/autoware.ai/install/autoware_build_flags/lib/pkgconfig:${PKG_CONFIG_PATH} ROS_PACKAGE_PATH=/home/yeap/APC_2022_Prac/airsimversion/autoware.ai/install/gnss/share:/home/yeap/APC_2022_Prac/airsimversion/autoware.ai/install/autoware_build_flags/share:${ROS_PACKAGE_PATH} /usr/bin/cmake --build /home/yeap/APC_2022_Prac/airsimversion/autoware.ai/build/gnss_localizer -- -j6 -l6
[0.620s] Invoking command in '/home/yeap/APC_2022_Prac/airsimversion/autoware.ai/build/gnss_localizer': CMAKE_PREFIX_PATH=/home/yeap/APC_2022_Prac/airsimversion/autoware.ai/install/gnss:/home/yeap/APC_2022_Prac/airsimversion/autoware.ai/install/autoware_build_flags:${CMAKE_PREFIX_PATH} LD_LIBRARY_PATH=/home/yeap/APC_2022_Prac/airsimversion/autoware.ai/install/gnss/lib:${LD_LIBRARY_PATH} PKG_CONFIG_PATH=/home/yeap/APC_2022_Prac/airsimversion/autoware.ai/install/gnss/lib/x86_64-linux-gnu/pkgconfig:/home/yeap/APC_2022_Prac/airsimversion/autoware.ai/install/gnss/lib/pkgconfig:/home/yeap/APC_2022_Prac/airsimversion/autoware.ai/install/autoware_build_flags/lib/x86_64-linux-gnu/pkgconfig:/home/yeap/APC_2022_Prac/airsimversion/autoware.ai/install/autoware_build_flags/lib/pkgconfig:${PKG_CONFIG_PATH} ROS_PACKAGE_PATH=/home/yeap/APC_2022_Prac/airsimversion/autoware.ai/install/gnss/share:/home/yeap/APC_2022_Prac/airsimversion/autoware.ai/install/autoware_build_flags/share:${ROS_PACKAGE_PATH} /usr/bin/cmake --build /home/yeap/APC_2022_Prac/airsimversion/autoware.ai/build/gnss_localizer --target tests -- -j6 -l6
[0.734s] [  0%] Built target tf2_msgs_generate_messages_py
[0.740s] [  0%] Built target tf2_msgs_generate_messages_lisp
[0.750s] [  0%] Built target tf2_msgs_generate_messages_nodejs
[0.765s] [ 50%] Built target gtest
[0.787s] [ 50%] Built target tf2_msgs_generate_messages_cpp
[0.794s] [ 50%] Built target actionlib_msgs_generate_messages_py
[0.811s] [ 50%] Built target actionlib_msgs_generate_messages_eus
[0.820s] [ 50%] Built target actionlib_msgs_generate_messages_lisp
[0.830s] [ 50%] Built target actionlib_generate_messages_py
[0.836s] [ 50%] Built target actionlib_generate_messages_nodejs
[0.866s] [ 50%] Built target actionlib_generate_messages_lisp
[0.871s] [ 50%] Built target std_msgs_generate_messages_py
[0.876s] [ 50%] Built target actionlib_generate_messages_eus
[0.884s] [ 50%] Built target actionlib_msgs_generate_messages_cpp
[0.909s] [ 50%] Built target nmea_msgs_generate_messages_eus
[0.947s] [ 50%] Built target sensor_msgs_generate_messages_cpp
[0.948s] [ 50%] Built target geometry_msgs_generate_messages_py
[0.951s] [ 50%] Built target std_msgs_generate_messages_lisp
[0.953s] [ 50%] Built target tf_generate_messages_cpp
[0.995s] [ 50%] Built target actionlib_generate_messages_cpp
[1.013s] [ 50%] Built target sensor_msgs_generate_messages_nodejs
[1.013s] [ 50%] Built target roscpp_generate_messages_cpp
[1.024s] [ 50%] Built target std_msgs_generate_messages_eus
[1.060s] [ 50%] Built target sensor_msgs_generate_messages_py
[1.061s] [ 50%] Built target rosgraph_msgs_generate_messages_nodejs
[1.081s] [ 50%] Built target roscpp_generate_messages_py
[1.082s] [ 50%] Built target tf_generate_messages_py
[1.122s] [ 50%] Built target actionlib_msgs_generate_messages_nodejs
[1.130s] [ 50%] Built target roscpp_generate_messages_lisp
[1.144s] [ 50%] Built target std_msgs_generate_messages_cpp
[1.150s] [ 50%] Built target tf_generate_messages_lisp
[1.155s] [ 50%] Built target geometry_msgs_generate_messages_nodejs
[1.186s] [ 50%] Built target sensor_msgs_generate_messages_eus
[1.193s] [ 50%] Built target nmea_msgs_generate_messages_lisp
[1.201s] [ 50%] Built target sensor_msgs_generate_messages_lisp
[1.213s] [ 50%] Built target tf_generate_messages_nodejs
[1.224s] [ 50%] Built target rosgraph_msgs_generate_messages_py
[1.241s] [ 50%] Built target tf2_msgs_generate_messages_eus
[1.256s] [ 50%] Built target geometry_msgs_generate_messages_cpp
[1.260s] [ 50%] Built target nmea_msgs_generate_messages_cpp
[1.267s] [ 50%] Built target geometry_msgs_generate_messages_lisp
[1.281s] [ 50%] Built target nmea_msgs_generate_messages_py
[1.292s] [ 50%] Built target std_msgs_generate_messages_nodejs
[1.298s] [ 50%] Built target nmea_msgs_generate_messages_nodejs
[1.301s] [ 50%] Built target roscpp_generate_messages_nodejs
[1.324s] [ 50%] Built target geometry_msgs_generate_messages_eus
[1.344s] [ 50%] Built target rosgraph_msgs_generate_messages_lisp
[1.349s] [ 50%] Built target rosgraph_msgs_generate_messages_cpp
[1.360s] [ 50%] Built target rosgraph_msgs_generate_messages_eus
[1.360s] [ 50%] Built target roscpp_generate_messages_eus
[1.371s] [ 50%] Built target tf_generate_messages_eus
[1.423s] [100%] Built target nmea_test
[1.481s] [100%] Built target tests
[1.494s] Invoked command in '/home/yeap/APC_2022_Prac/airsimversion/autoware.ai/build/gnss_localizer' returned '0': CMAKE_PREFIX_PATH=/home/yeap/APC_2022_Prac/airsimversion/autoware.ai/install/gnss:/home/yeap/APC_2022_Prac/airsimversion/autoware.ai/install/autoware_build_flags:${CMAKE_PREFIX_PATH} LD_LIBRARY_PATH=/home/yeap/APC_2022_Prac/airsimversion/autoware.ai/install/gnss/lib:${LD_LIBRARY_PATH} PKG_CONFIG_PATH=/home/yeap/APC_2022_Prac/airsimversion/autoware.ai/install/gnss/lib/x86_64-linux-gnu/pkgconfig:/home/yeap/APC_2022_Prac/airsimversion/autoware.ai/install/gnss/lib/pkgconfig:/home/yeap/APC_2022_Prac/airsimversion/autoware.ai/install/autoware_build_flags/lib/x86_64-linux-gnu/pkgconfig:/home/yeap/APC_2022_Prac/airsimversion/autoware.ai/install/autoware_build_flags/lib/pkgconfig:${PKG_CONFIG_PATH} ROS_PACKAGE_PATH=/home/yeap/APC_2022_Prac/airsimversion/autoware.ai/install/gnss/share:/home/yeap/APC_2022_Prac/airsimversion/autoware.ai/install/autoware_build_flags/share:${ROS_PACKAGE_PATH} /usr/bin/cmake --build /home/yeap/APC_2022_Prac/airsimversion/autoware.ai/build/gnss_localizer --target tests -- -j6 -l6
[1.694s] Invoking command in '/home/yeap/APC_2022_Prac/airsimversion/autoware.ai/build/gnss_localizer': CMAKE_PREFIX_PATH=/home/yeap/APC_2022_Prac/airsimversion/autoware.ai/install/gnss:/home/yeap/APC_2022_Prac/airsimversion/autoware.ai/install/autoware_build_flags:${CMAKE_PREFIX_PATH} LD_LIBRARY_PATH=/home/yeap/APC_2022_Prac/airsimversion/autoware.ai/install/gnss/lib:${LD_LIBRARY_PATH} PKG_CONFIG_PATH=/home/yeap/APC_2022_Prac/airsimversion/autoware.ai/install/gnss/lib/x86_64-linux-gnu/pkgconfig:/home/yeap/APC_2022_Prac/airsimversion/autoware.ai/install/gnss/lib/pkgconfig:/home/yeap/APC_2022_Prac/airsimversion/autoware.ai/install/autoware_build_flags/lib/x86_64-linux-gnu/pkgconfig:/home/yeap/APC_2022_Prac/airsimversion/autoware.ai/install/autoware_build_flags/lib/pkgconfig:${PKG_CONFIG_PATH} ROS_PACKAGE_PATH=/home/yeap/APC_2022_Prac/airsimversion/autoware.ai/install/gnss/share:/home/yeap/APC_2022_Prac/airsimversion/autoware.ai/install/autoware_build_flags/share:${ROS_PACKAGE_PATH} /usr/bin/cmake --build /home/yeap/APC_2022_Prac/airsimversion/autoware.ai/build/gnss_localizer --target install -- -j6 -l6
[1.745s] [  0%] Built target tf2_msgs_generate_messages_nodejs
[1.754s] [  0%] Built target tf2_msgs_generate_messages_py
[1.755s] [  0%] Built target rosgraph_msgs_generate_messages_lisp
[1.758s] [  0%] Built target tf2_msgs_generate_messages_lisp
[1.793s] [  0%] Built target tf2_msgs_generate_messages_eus
[1.794s] [  0%] Built target tf2_msgs_generate_messages_cpp
[1.794s] [  0%] Built target actionlib_msgs_generate_messages_py
[1.805s] [  0%] Built target actionlib_msgs_generate_messages_eus
[1.826s] [  0%] Built target actionlib_generate_messages_py
[1.831s] [  0%] Built target actionlib_generate_messages_eus
[1.834s] [  0%] Built target actionlib_msgs_generate_messages_lisp
[1.851s] [  0%] Built target actionlib_generate_messages_nodejs
[1.852s] [  0%] Built target std_msgs_generate_messages_py
[1.863s] [  0%] Built target nmea_msgs_generate_messages_eus
[1.882s] [  0%] Built target actionlib_msgs_generate_messages_cpp
[1.900s] [  0%] Built target std_msgs_generate_messages_lisp
[1.900s] [  0%] Built target sensor_msgs_generate_messages_cpp
[1.900s] [  0%] Built target actionlib_generate_messages_lisp
[1.907s] [  0%] Built target geometry_msgs_generate_messages_py
[1.932s] [  0%] Built target tf_generate_messages_cpp
[1.935s] [  0%] Built target actionlib_generate_messages_cpp
[1.943s] [  0%] Built target roscpp_generate_messages_cpp
[1.944s] [  0%] Built target std_msgs_generate_messages_eus
[1.964s] [  0%] Built target rosgraph_msgs_generate_messages_nodejs
[1.978s] [  0%] Built target sensor_msgs_generate_messages_py
[1.991s] [  0%] Built target actionlib_msgs_generate_messages_nodejs
[1.991s] [  0%] Built target roscpp_generate_messages_py
[1.997s] [  0%] Built target tf_generate_messages_py
[2.027s] [  0%] Built target geometry_msgs_generate_messages_nodejs
[2.031s] [  0%] Built target tf_generate_messages_lisp
[2.034s] [  0%] Built target std_msgs_generate_messages_cpp
[2.036s] [  0%] Built target roscpp_generate_messages_lisp
[2.054s] [  0%] Built target nmea_msgs_generate_messages_lisp
[2.076s] [  0%] Built target sensor_msgs_generate_messages_eus
[2.079s] [  0%] Built target rosgraph_msgs_generate_messages_py
[2.082s] [  0%] Built target sensor_msgs_generate_messages_lisp
[2.091s] [  0%] Built target tf_generate_messages_nodejs
[2.109s] [  0%] Built target nmea_msgs_generate_messages_cpp
[2.116s] [  0%] Built target geometry_msgs_generate_messages_cpp
[2.120s] [  0%] Built target geometry_msgs_generate_messages_lisp
[2.127s] [  0%] Built target std_msgs_generate_messages_nodejs
[2.145s] [  0%] Built target nmea_msgs_generate_messages_py
[2.150s] [  0%] Built target nmea_msgs_generate_messages_nodejs
[2.167s] [  0%] Built target roscpp_generate_messages_nodejs
[2.177s] [  0%] Built target geometry_msgs_generate_messages_eus
[2.186s] [  0%] Built target rosgraph_msgs_generate_messages_cpp
[2.199s] [  0%] Built target roscpp_generate_messages_eus
[2.199s] [  0%] Built target rosgraph_msgs_generate_messages_eus
[2.215s] [  0%] Built target tf_generate_messages_eus
[2.216s] [  0%] Built target sensor_msgs_generate_messages_nodejs
[2.255s] [ 40%] Built target fix2tfpose
[2.255s] [100%] Built target nmea2tfpose
[2.285s] [36mInstall the project...[0m
[2.298s] -- Install configuration: "Release"
[2.299s] -- Up-to-date: /home/yeap/APC_2022_Prac/airsimversion/autoware.ai/install/gnss_localizer/lib/pkgconfig/gnss_localizer.pc
[2.299s] -- Up-to-date: /home/yeap/APC_2022_Prac/airsimversion/autoware.ai/install/gnss_localizer/share/gnss_localizer/cmake/gnss_localizerConfig.cmake
[2.299s] -- Up-to-date: /home/yeap/APC_2022_Prac/airsimversion/autoware.ai/install/gnss_localizer/share/gnss_localizer/cmake/gnss_localizerConfig-version.cmake
[2.300s] -- Up-to-date: /home/yeap/APC_2022_Prac/airsimversion/autoware.ai/install/gnss_localizer/share/gnss_localizer/package.xml
[2.300s] -- Up-to-date: /home/yeap/APC_2022_Prac/airsimversion/autoware.ai/install/gnss_localizer/lib/gnss_localizer/nmea2tfpose
[2.301s] -- Up-to-date: /home/yeap/APC_2022_Prac/airsimversion/autoware.ai/install/gnss_localizer/lib/gnss_localizer/fix2tfpose
[2.301s] -- Up-to-date: /home/yeap/APC_2022_Prac/airsimversion/autoware.ai/install/gnss_localizer/share/gnss_localizer/launch
[2.303s] -- Up-to-date: /home/yeap/APC_2022_Prac/airsimversion/autoware.ai/install/gnss_localizer/share/gnss_localizer/launch/nmea2tfpose.launch
[2.303s] -- Up-to-date: /home/yeap/APC_2022_Prac/airsimversion/autoware.ai/install/gnss_localizer/share/gnss_localizer/launch/fix2tfpose.launch
[2.366s] Invoked command in '/home/yeap/APC_2022_Prac/airsimversion/autoware.ai/build/gnss_localizer' returned '0': CMAKE_PREFIX_PATH=/home/yeap/APC_2022_Prac/airsimversion/autoware.ai/install/gnss:/home/yeap/APC_2022_Prac/airsimversion/autoware.ai/install/autoware_build_flags:${CMAKE_PREFIX_PATH} LD_LIBRARY_PATH=/home/yeap/APC_2022_Prac/airsimversion/autoware.ai/install/gnss/lib:${LD_LIBRARY_PATH} PKG_CONFIG_PATH=/home/yeap/APC_2022_Prac/airsimversion/autoware.ai/install/gnss/lib/x86_64-linux-gnu/pkgconfig:/home/yeap/APC_2022_Prac/airsimversion/autoware.ai/install/gnss/lib/pkgconfig:/home/yeap/APC_2022_Prac/airsimversion/autoware.ai/install/autoware_build_flags/lib/x86_64-linux-gnu/pkgconfig:/home/yeap/APC_2022_Prac/airsimversion/autoware.ai/install/autoware_build_flags/lib/pkgconfig:${PKG_CONFIG_PATH} ROS_PACKAGE_PATH=/home/yeap/APC_2022_Prac/airsimversion/autoware.ai/install/gnss/share:/home/yeap/APC_2022_Prac/airsimversion/autoware.ai/install/autoware_build_flags/share:${ROS_PACKAGE_PATH} /usr/bin/cmake --build /home/yeap/APC_2022_Prac/airsimversion/autoware.ai/build/gnss_localizer --target install -- -j6 -l6
