[0.013s] Invoking command in '/home/yeap/APC_2022_Prac/airsimversion/autoware.ai/build/gazebo_imu_description': /usr/bin/cmake /home/yeap/APC_2022_Prac/airsimversion/autoware.ai/src/autoware/simulation/gazebo_imu_description -DCMAKE_BUILD_TYPE=Release -DCATKIN_INSTALL_INTO_PREFIX_ROOT=0 -DCMAKE_INSTALL_PREFIX=/home/yeap/APC_2022_Prac/airsimversion/autoware.ai/install/gazebo_imu_description
[0.092s] -- The C compiler identification is GNU 7.5.0
[0.154s] -- The CXX compiler identification is GNU 7.5.0
[0.159s] -- Check for working C compiler: /usr/bin/cc
[0.228s] -- Check for working C compiler: /usr/bin/cc -- works
[0.229s] -- Detecting C compiler ABI info
[0.308s] -- Detecting C compiler ABI info - done
[0.317s] -- Detecting C compile features
[0.533s] -- Detecting C compile features - done
[0.536s] -- Check for working CXX compiler: /usr/bin/c++
[0.618s] -- Check for working CXX compiler: /usr/bin/c++ -- works
[0.619s] -- Detecting CXX compiler ABI info
[0.707s] -- Detecting CXX compiler ABI info - done
[0.712s] -- Detecting CXX compile features
[1.069s] -- Detecting CXX compile features - done
[1.072s] -- Using CATKIN_DEVEL_PREFIX: /home/yeap/APC_2022_Prac/airsimversion/autoware.ai/build/gazebo_imu_description/devel
[1.072s] -- Using CMAKE_PREFIX_PATH: /opt/ros/melodic
[1.073s] -- This workspace overlays: /opt/ros/melodic
[1.088s] -- Found PythonInterp: /usr/bin/python2 (found suitable version "2.7.17", minimum required is "2") 
[1.088s] -- Using PYTHON_EXECUTABLE: /usr/bin/python2
[1.088s] -- Using Debian Python package layout
[1.089s] -- Using empy: /usr/bin/empy
[1.255s] -- Using CATKIN_ENABLE_TESTING: ON
[1.256s] -- Call enable_testing()
[1.258s] -- Using CATKIN_TEST_RESULTS_DIR: /home/yeap/APC_2022_Prac/airsimversion/autoware.ai/build/gazebo_imu_description/test_results
[1.282s] -- Found gtest sources under '/usr/src/googletest': gtests will be built
[1.282s] -- Found gmock sources under '/usr/src/googletest': gmock will be built
[1.297s] -- Found PythonInterp: /usr/bin/python2 (found version "2.7.17") 
[1.298s] -- Looking for pthread.h
[1.377s] -- Looking for pthread.h - found
[1.378s] -- Looking for pthread_create
[1.453s] -- Looking for pthread_create - not found
[1.455s] -- Looking for pthread_create in pthreads
[1.516s] -- Looking for pthread_create in pthreads - not found
[1.516s] -- Looking for pthread_create in pthread
[1.589s] -- Looking for pthread_create in pthread - found
[1.590s] -- Found Threads: TRUE  
[1.596s] -- Using Python nosetests: /usr/bin/nosetests-2.7
[1.645s] -- catkin 0.7.29
[1.645s] -- BUILD_SHARED_LIBS is on
[1.864s] -- Configuring done
[1.876s] -- Generating done
[1.879s] -- Build files have been written to: /home/yeap/APC_2022_Prac/airsimversion/autoware.ai/build/gazebo_imu_description
[1.887s] Invoked command in '/home/yeap/APC_2022_Prac/airsimversion/autoware.ai/build/gazebo_imu_description' returned '0': /usr/bin/cmake /home/yeap/APC_2022_Prac/airsimversion/autoware.ai/src/autoware/simulation/gazebo_imu_description -DCMAKE_BUILD_TYPE=Release -DCATKIN_INSTALL_INTO_PREFIX_ROOT=0 -DCMAKE_INSTALL_PREFIX=/home/yeap/APC_2022_Prac/airsimversion/autoware.ai/install/gazebo_imu_description
[1.888s] Invoking command in '/home/yeap/APC_2022_Prac/airsimversion/autoware.ai/build/gazebo_imu_description': /usr/bin/cmake --build /home/yeap/APC_2022_Prac/airsimversion/autoware.ai/build/gazebo_imu_description -- -j6 -l6
[1.936s] Invoked command in '/home/yeap/APC_2022_Prac/airsimversion/autoware.ai/build/gazebo_imu_description' returned '0': /usr/bin/cmake --build /home/yeap/APC_2022_Prac/airsimversion/autoware.ai/build/gazebo_imu_description -- -j6 -l6
[1.970s] Invoking command in '/home/yeap/APC_2022_Prac/airsimversion/autoware.ai/build/gazebo_imu_description': /usr/bin/cmake --build /home/yeap/APC_2022_Prac/airsimversion/autoware.ai/build/gazebo_imu_description --target tests -- -j6 -l6
[2.027s] [35m[1mScanning dependencies of target tests[0m
[2.039s] Built target tests
[2.054s] Invoked command in '/home/yeap/APC_2022_Prac/airsimversion/autoware.ai/build/gazebo_imu_description' returned '0': /usr/bin/cmake --build /home/yeap/APC_2022_Prac/airsimversion/autoware.ai/build/gazebo_imu_description --target tests -- -j6 -l6
[2.096s] Invoking command in '/home/yeap/APC_2022_Prac/airsimversion/autoware.ai/build/gazebo_imu_description': /usr/bin/cmake --build /home/yeap/APC_2022_Prac/airsimversion/autoware.ai/build/gazebo_imu_description --target install -- -j6 -l6
[2.153s] [36mInstall the project...[0m
[2.162s] -- Install configuration: "Release"
[2.163s] -- Installing: /home/yeap/APC_2022_Prac/airsimversion/autoware.ai/install/gazebo_imu_description/lib/pkgconfig/gazebo_imu_description.pc
[2.163s] -- Installing: /home/yeap/APC_2022_Prac/airsimversion/autoware.ai/install/gazebo_imu_description/share/gazebo_imu_description/cmake/gazebo_imu_descriptionConfig.cmake
[2.163s] -- Installing: /home/yeap/APC_2022_Prac/airsimversion/autoware.ai/install/gazebo_imu_description/share/gazebo_imu_description/cmake/gazebo_imu_descriptionConfig-version.cmake
[2.163s] -- Installing: /home/yeap/APC_2022_Prac/airsimversion/autoware.ai/install/gazebo_imu_description/share/gazebo_imu_description/package.xml
[2.163s] -- Installing: /home/yeap/APC_2022_Prac/airsimversion/autoware.ai/install/gazebo_imu_description/share/gazebo_imu_description/urdf
[2.163s] -- Installing: /home/yeap/APC_2022_Prac/airsimversion/autoware.ai/install/gazebo_imu_description/share/gazebo_imu_description/urdf/imu.xacro
[2.170s] Invoked command in '/home/yeap/APC_2022_Prac/airsimversion/autoware.ai/build/gazebo_imu_description' returned '0': /usr/bin/cmake --build /home/yeap/APC_2022_Prac/airsimversion/autoware.ai/build/gazebo_imu_description --target install -- -j6 -l6
