[0.048s] Invoking command in '/home/yeap/APC_2022_Prac/airsimversion/autoware.ai/build/vehicle_model': CMAKE_PREFIX_PATH=/home/yeap/APC_2022_Prac/airsimversion/autoware.ai/install/gazebo_imu_description:/home/yeap/APC_2022_Prac/airsimversion/autoware.ai/install/gazebo_camera_description:/home/yeap/APC_2022_Prac/airsimversion/autoware.ai/install/autoware_build_flags:${CMAKE_PREFIX_PATH} PKG_CONFIG_PATH=/home/yeap/APC_2022_Prac/airsimversion/autoware.ai/install/gazebo_imu_description/lib/x86_64-linux-gnu/pkgconfig:/home/yeap/APC_2022_Prac/airsimversion/autoware.ai/install/gazebo_imu_description/lib/pkgconfig:/home/yeap/APC_2022_Prac/airsimversion/autoware.ai/install/gazebo_camera_description/lib/x86_64-linux-gnu/pkgconfig:/home/yeap/APC_2022_Prac/airsimversion/autoware.ai/install/gazebo_camera_description/lib/pkgconfig:/home/yeap/APC_2022_Prac/airsimversion/autoware.ai/install/autoware_build_flags/lib/x86_64-linux-gnu/pkgconfig:/home/yeap/APC_2022_Prac/airsimversion/autoware.ai/install/autoware_build_flags/lib/pkgconfig:${PKG_CONFIG_PATH} ROS_PACKAGE_PATH=/home/yeap/APC_2022_Prac/airsimversion/autoware.ai/install/gazebo_imu_description/share:/home/yeap/APC_2022_Prac/airsimversion/autoware.ai/install/gazebo_camera_description/share:/home/yeap/APC_2022_Prac/airsimversion/autoware.ai/install/autoware_build_flags/share:${ROS_PACKAGE_PATH} /usr/bin/cmake /home/yeap/APC_2022_Prac/airsimversion/autoware.ai/src/autoware/visualization/vehicle_model -DCMAKE_BUILD_TYPE=Release -DCATKIN_INSTALL_INTO_PREFIX_ROOT=0 -DCMAKE_INSTALL_PREFIX=/home/yeap/APC_2022_Prac/airsimversion/autoware.ai/install/vehicle_model
[0.125s] -- The C compiler identification is GNU 7.5.0
[0.189s] -- The CXX compiler identification is GNU 7.5.0
[0.194s] -- Check for working C compiler: /usr/bin/cc
[0.271s] -- Check for working C compiler: /usr/bin/cc -- works
[0.271s] -- Detecting C compiler ABI info
[0.341s] -- Detecting C compiler ABI info - done
[0.350s] -- Detecting C compile features
[0.569s] -- Detecting C compile features - done
[0.570s] -- Check for working CXX compiler: /usr/bin/c++
[0.662s] -- Check for working CXX compiler: /usr/bin/c++ -- works
[0.662s] -- Detecting CXX compiler ABI info
[0.742s] -- Detecting CXX compiler ABI info - done
[0.751s] -- Detecting CXX compile features
[1.120s] -- Detecting CXX compile features - done
[1.123s] -- Using CATKIN_DEVEL_PREFIX: /home/yeap/APC_2022_Prac/airsimversion/autoware.ai/build/vehicle_model/devel
[1.124s] -- Using CMAKE_PREFIX_PATH: /home/yeap/APC_2022_Prac/airsimversion/autoware.ai/install/gazebo_imu_description;/home/yeap/APC_2022_Prac/airsimversion/autoware.ai/install/gazebo_camera_description;/home/yeap/APC_2022_Prac/airsimversion/autoware.ai/install/autoware_build_flags;/opt/ros/melodic
[1.124s] -- This workspace overlays: /home/yeap/APC_2022_Prac/airsimversion/autoware.ai/install/gazebo_imu_description;/home/yeap/APC_2022_Prac/airsimversion/autoware.ai/install/gazebo_camera_description;/home/yeap/APC_2022_Prac/airsimversion/autoware.ai/install/autoware_build_flags;/opt/ros/melodic
[1.140s] -- Found PythonInterp: /usr/bin/python2 (found suitable version "2.7.17", minimum required is "2") 
[1.140s] -- Using PYTHON_EXECUTABLE: /usr/bin/python2
[1.140s] -- Using Debian Python package layout
[1.141s] -- Using empy: /usr/bin/empy
[1.305s] -- Using CATKIN_ENABLE_TESTING: ON
[1.306s] -- Call enable_testing()
[1.307s] -- Using CATKIN_TEST_RESULTS_DIR: /home/yeap/APC_2022_Prac/airsimversion/autoware.ai/build/vehicle_model/test_results
[1.330s] -- Found gtest sources under '/usr/src/googletest': gtests will be built
[1.330s] -- Found gmock sources under '/usr/src/googletest': gmock will be built
[1.345s] -- Found PythonInterp: /usr/bin/python2 (found version "2.7.17") 
[1.346s] -- Looking for pthread.h
[1.428s] -- Looking for pthread.h - found
[1.429s] -- Looking for pthread_create
[1.503s] -- Looking for pthread_create - not found
[1.504s] -- Looking for pthread_create in pthreads
[1.566s] -- Looking for pthread_create in pthreads - not found
[1.566s] -- Looking for pthread_create in pthread
[1.637s] -- Looking for pthread_create in pthread - found
[1.638s] -- Found Threads: TRUE  
[1.643s] -- Using Python nosetests: /usr/bin/nosetests-2.7
[1.690s] -- catkin 0.7.29
[1.690s] -- BUILD_SHARED_LIBS is on
[1.771s] -- CUDA compilation status: .
[1.908s] -- Configuring done
[1.920s] -- Generating done
[1.923s] -- Build files have been written to: /home/yeap/APC_2022_Prac/airsimversion/autoware.ai/build/vehicle_model
[1.931s] Invoked command in '/home/yeap/APC_2022_Prac/airsimversion/autoware.ai/build/vehicle_model' returned '0': CMAKE_PREFIX_PATH=/home/yeap/APC_2022_Prac/airsimversion/autoware.ai/install/gazebo_imu_description:/home/yeap/APC_2022_Prac/airsimversion/autoware.ai/install/gazebo_camera_description:/home/yeap/APC_2022_Prac/airsimversion/autoware.ai/install/autoware_build_flags:${CMAKE_PREFIX_PATH} PKG_CONFIG_PATH=/home/yeap/APC_2022_Prac/airsimversion/autoware.ai/install/gazebo_imu_description/lib/x86_64-linux-gnu/pkgconfig:/home/yeap/APC_2022_Prac/airsimversion/autoware.ai/install/gazebo_imu_description/lib/pkgconfig:/home/yeap/APC_2022_Prac/airsimversion/autoware.ai/install/gazebo_camera_description/lib/x86_64-linux-gnu/pkgconfig:/home/yeap/APC_2022_Prac/airsimversion/autoware.ai/install/gazebo_camera_description/lib/pkgconfig:/home/yeap/APC_2022_Prac/airsimversion/autoware.ai/install/autoware_build_flags/lib/x86_64-linux-gnu/pkgconfig:/home/yeap/APC_2022_Prac/airsimversion/autoware.ai/install/autoware_build_flags/lib/pkgconfig:${PKG_CONFIG_PATH} ROS_PACKAGE_PATH=/home/yeap/APC_2022_Prac/airsimversion/autoware.ai/install/gazebo_imu_description/share:/home/yeap/APC_2022_Prac/airsimversion/autoware.ai/install/gazebo_camera_description/share:/home/yeap/APC_2022_Prac/airsimversion/autoware.ai/install/autoware_build_flags/share:${ROS_PACKAGE_PATH} /usr/bin/cmake /home/yeap/APC_2022_Prac/airsimversion/autoware.ai/src/autoware/visualization/vehicle_model -DCMAKE_BUILD_TYPE=Release -DCATKIN_INSTALL_INTO_PREFIX_ROOT=0 -DCMAKE_INSTALL_PREFIX=/home/yeap/APC_2022_Prac/airsimversion/autoware.ai/install/vehicle_model
[1.932s] Invoking command in '/home/yeap/APC_2022_Prac/airsimversion/autoware.ai/build/vehicle_model': CMAKE_PREFIX_PATH=/home/yeap/APC_2022_Prac/airsimversion/autoware.ai/install/gazebo_imu_description:/home/yeap/APC_2022_Prac/airsimversion/autoware.ai/install/gazebo_camera_description:/home/yeap/APC_2022_Prac/airsimversion/autoware.ai/install/autoware_build_flags:${CMAKE_PREFIX_PATH} PKG_CONFIG_PATH=/home/yeap/APC_2022_Prac/airsimversion/autoware.ai/install/gazebo_imu_description/lib/x86_64-linux-gnu/pkgconfig:/home/yeap/APC_2022_Prac/airsimversion/autoware.ai/install/gazebo_imu_description/lib/pkgconfig:/home/yeap/APC_2022_Prac/airsimversion/autoware.ai/install/gazebo_camera_description/lib/x86_64-linux-gnu/pkgconfig:/home/yeap/APC_2022_Prac/airsimversion/autoware.ai/install/gazebo_camera_description/lib/pkgconfig:/home/yeap/APC_2022_Prac/airsimversion/autoware.ai/install/autoware_build_flags/lib/x86_64-linux-gnu/pkgconfig:/home/yeap/APC_2022_Prac/airsimversion/autoware.ai/install/autoware_build_flags/lib/pkgconfig:${PKG_CONFIG_PATH} ROS_PACKAGE_PATH=/home/yeap/APC_2022_Prac/airsimversion/autoware.ai/install/gazebo_imu_description/share:/home/yeap/APC_2022_Prac/airsimversion/autoware.ai/install/gazebo_camera_description/share:/home/yeap/APC_2022_Prac/airsimversion/autoware.ai/install/autoware_build_flags/share:${ROS_PACKAGE_PATH} /usr/bin/cmake --build /home/yeap/APC_2022_Prac/airsimversion/autoware.ai/build/vehicle_model -- -j6 -l6
[1.981s] Invoked command in '/home/yeap/APC_2022_Prac/airsimversion/autoware.ai/build/vehicle_model' returned '0': CMAKE_PREFIX_PATH=/home/yeap/APC_2022_Prac/airsimversion/autoware.ai/install/gazebo_imu_description:/home/yeap/APC_2022_Prac/airsimversion/autoware.ai/install/gazebo_camera_description:/home/yeap/APC_2022_Prac/airsimversion/autoware.ai/install/autoware_build_flags:${CMAKE_PREFIX_PATH} PKG_CONFIG_PATH=/home/yeap/APC_2022_Prac/airsimversion/autoware.ai/install/gazebo_imu_description/lib/x86_64-linux-gnu/pkgconfig:/home/yeap/APC_2022_Prac/airsimversion/autoware.ai/install/gazebo_imu_description/lib/pkgconfig:/home/yeap/APC_2022_Prac/airsimversion/autoware.ai/install/gazebo_camera_description/lib/x86_64-linux-gnu/pkgconfig:/home/yeap/APC_2022_Prac/airsimversion/autoware.ai/install/gazebo_camera_description/lib/pkgconfig:/home/yeap/APC_2022_Prac/airsimversion/autoware.ai/install/autoware_build_flags/lib/x86_64-linux-gnu/pkgconfig:/home/yeap/APC_2022_Prac/airsimversion/autoware.ai/install/autoware_build_flags/lib/pkgconfig:${PKG_CONFIG_PATH} ROS_PACKAGE_PATH=/home/yeap/APC_2022_Prac/airsimversion/autoware.ai/install/gazebo_imu_description/share:/home/yeap/APC_2022_Prac/airsimversion/autoware.ai/install/gazebo_camera_description/share:/home/yeap/APC_2022_Prac/airsimversion/autoware.ai/install/autoware_build_flags/share:${ROS_PACKAGE_PATH} /usr/bin/cmake --build /home/yeap/APC_2022_Prac/airsimversion/autoware.ai/build/vehicle_model -- -j6 -l6
[2.015s] Invoking command in '/home/yeap/APC_2022_Prac/airsimversion/autoware.ai/build/vehicle_model': CMAKE_PREFIX_PATH=/home/yeap/APC_2022_Prac/airsimversion/autoware.ai/install/gazebo_imu_description:/home/yeap/APC_2022_Prac/airsimversion/autoware.ai/install/gazebo_camera_description:/home/yeap/APC_2022_Prac/airsimversion/autoware.ai/install/autoware_build_flags:${CMAKE_PREFIX_PATH} PKG_CONFIG_PATH=/home/yeap/APC_2022_Prac/airsimversion/autoware.ai/install/gazebo_imu_description/lib/x86_64-linux-gnu/pkgconfig:/home/yeap/APC_2022_Prac/airsimversion/autoware.ai/install/gazebo_imu_description/lib/pkgconfig:/home/yeap/APC_2022_Prac/airsimversion/autoware.ai/install/gazebo_camera_description/lib/x86_64-linux-gnu/pkgconfig:/home/yeap/APC_2022_Prac/airsimversion/autoware.ai/install/gazebo_camera_description/lib/pkgconfig:/home/yeap/APC_2022_Prac/airsimversion/autoware.ai/install/autoware_build_flags/lib/x86_64-linux-gnu/pkgconfig:/home/yeap/APC_2022_Prac/airsimversion/autoware.ai/install/autoware_build_flags/lib/pkgconfig:${PKG_CONFIG_PATH} ROS_PACKAGE_PATH=/home/yeap/APC_2022_Prac/airsimversion/autoware.ai/install/gazebo_imu_description/share:/home/yeap/APC_2022_Prac/airsimversion/autoware.ai/install/gazebo_camera_description/share:/home/yeap/APC_2022_Prac/airsimversion/autoware.ai/install/autoware_build_flags/share:${ROS_PACKAGE_PATH} /usr/bin/cmake --build /home/yeap/APC_2022_Prac/airsimversion/autoware.ai/build/vehicle_model --target tests -- -j6 -l6
[2.074s] [35m[1mScanning dependencies of target tests[0m
[2.086s] Built target tests
[2.102s] Invoked command in '/home/yeap/APC_2022_Prac/airsimversion/autoware.ai/build/vehicle_model' returned '0': CMAKE_PREFIX_PATH=/home/yeap/APC_2022_Prac/airsimversion/autoware.ai/install/gazebo_imu_description:/home/yeap/APC_2022_Prac/airsimversion/autoware.ai/install/gazebo_camera_description:/home/yeap/APC_2022_Prac/airsimversion/autoware.ai/install/autoware_build_flags:${CMAKE_PREFIX_PATH} PKG_CONFIG_PATH=/home/yeap/APC_2022_Prac/airsimversion/autoware.ai/install/gazebo_imu_description/lib/x86_64-linux-gnu/pkgconfig:/home/yeap/APC_2022_Prac/airsimversion/autoware.ai/install/gazebo_imu_description/lib/pkgconfig:/home/yeap/APC_2022_Prac/airsimversion/autoware.ai/install/gazebo_camera_description/lib/x86_64-linux-gnu/pkgconfig:/home/yeap/APC_2022_Prac/airsimversion/autoware.ai/install/gazebo_camera_description/lib/pkgconfig:/home/yeap/APC_2022_Prac/airsimversion/autoware.ai/install/autoware_build_flags/lib/x86_64-linux-gnu/pkgconfig:/home/yeap/APC_2022_Prac/airsimversion/autoware.ai/install/autoware_build_flags/lib/pkgconfig:${PKG_CONFIG_PATH} ROS_PACKAGE_PATH=/home/yeap/APC_2022_Prac/airsimversion/autoware.ai/install/gazebo_imu_description/share:/home/yeap/APC_2022_Prac/airsimversion/autoware.ai/install/gazebo_camera_description/share:/home/yeap/APC_2022_Prac/airsimversion/autoware.ai/install/autoware_build_flags/share:${ROS_PACKAGE_PATH} /usr/bin/cmake --build /home/yeap/APC_2022_Prac/airsimversion/autoware.ai/build/vehicle_model --target tests -- -j6 -l6
[2.136s] Invoking command in '/home/yeap/APC_2022_Prac/airsimversion/autoware.ai/build/vehicle_model': CMAKE_PREFIX_PATH=/home/yeap/APC_2022_Prac/airsimversion/autoware.ai/install/gazebo_imu_description:/home/yeap/APC_2022_Prac/airsimversion/autoware.ai/install/gazebo_camera_description:/home/yeap/APC_2022_Prac/airsimversion/autoware.ai/install/autoware_build_flags:${CMAKE_PREFIX_PATH} PKG_CONFIG_PATH=/home/yeap/APC_2022_Prac/airsimversion/autoware.ai/install/gazebo_imu_description/lib/x86_64-linux-gnu/pkgconfig:/home/yeap/APC_2022_Prac/airsimversion/autoware.ai/install/gazebo_imu_description/lib/pkgconfig:/home/yeap/APC_2022_Prac/airsimversion/autoware.ai/install/gazebo_camera_description/lib/x86_64-linux-gnu/pkgconfig:/home/yeap/APC_2022_Prac/airsimversion/autoware.ai/install/gazebo_camera_description/lib/pkgconfig:/home/yeap/APC_2022_Prac/airsimversion/autoware.ai/install/autoware_build_flags/lib/x86_64-linux-gnu/pkgconfig:/home/yeap/APC_2022_Prac/airsimversion/autoware.ai/install/autoware_build_flags/lib/pkgconfig:${PKG_CONFIG_PATH} ROS_PACKAGE_PATH=/home/yeap/APC_2022_Prac/airsimversion/autoware.ai/install/gazebo_imu_description/share:/home/yeap/APC_2022_Prac/airsimversion/autoware.ai/install/gazebo_camera_description/share:/home/yeap/APC_2022_Prac/airsimversion/autoware.ai/install/autoware_build_flags/share:${ROS_PACKAGE_PATH} /usr/bin/cmake --build /home/yeap/APC_2022_Prac/airsimversion/autoware.ai/build/vehicle_model --target install -- -j6 -l6
[2.189s] [36mInstall the project...[0m
[2.199s] -- Install configuration: "Release"
[2.199s] -- Installing: /home/yeap/APC_2022_Prac/airsimversion/autoware.ai/install/vehicle_model/lib/pkgconfig/vehicle_model.pc
[2.199s] -- Installing: /home/yeap/APC_2022_Prac/airsimversion/autoware.ai/install/vehicle_model/share/vehicle_model/cmake/vehicle_modelConfig.cmake
[2.199s] -- Installing: /home/yeap/APC_2022_Prac/airsimversion/autoware.ai/install/vehicle_model/share/vehicle_model/cmake/vehicle_modelConfig-version.cmake
[2.199s] -- Installing: /home/yeap/APC_2022_Prac/airsimversion/autoware.ai/install/vehicle_model/share/vehicle_model/package.xml
[2.200s] -- Installing: /home/yeap/APC_2022_Prac/airsimversion/autoware.ai/install/vehicle_model/share/vehicle_model/mesh
[2.200s] -- Installing: /home/yeap/APC_2022_Prac/airsimversion/autoware.ai/install/vehicle_model/share/vehicle_model/mesh/body.dae
[2.203s] -- Installing: /home/yeap/APC_2022_Prac/airsimversion/autoware.ai/install/vehicle_model/share/vehicle_model/mesh/_51225ex2diffuse.jpeg
[2.205s] -- Installing: /home/yeap/APC_2022_Prac/airsimversion/autoware.ai/install/vehicle_model/share/vehicle_model/mesh/README.md
[2.205s] -- Installing: /home/yeap/APC_2022_Prac/airsimversion/autoware.ai/install/vehicle_model/share/vehicle_model/mesh/_51225ex1diffuse.jpeg
[2.207s] -- Installing: /home/yeap/APC_2022_Prac/airsimversion/autoware.ai/install/vehicle_model/share/vehicle_model/mesh/wheel.dae
[2.208s] -- Installing: /home/yeap/APC_2022_Prac/airsimversion/autoware.ai/install/vehicle_model/share/vehicle_model/urdf
[2.208s] -- Installing: /home/yeap/APC_2022_Prac/airsimversion/autoware.ai/install/vehicle_model/share/vehicle_model/urdf/wheel.xacro
[2.209s] -- Installing: /home/yeap/APC_2022_Prac/airsimversion/autoware.ai/install/vehicle_model/share/vehicle_model/urdf/body.xacro
[2.209s] -- Installing: /home/yeap/APC_2022_Prac/airsimversion/autoware.ai/install/vehicle_model/share/vehicle_model/urdf/wheel.gazebo
[2.209s] -- Installing: /home/yeap/APC_2022_Prac/airsimversion/autoware.ai/install/vehicle_model/share/vehicle_model/urdf/steering.xacro
[2.209s] -- Installing: /home/yeap/APC_2022_Prac/airsimversion/autoware.ai/install/vehicle_model/share/vehicle_model/urdf/vehicle.xacro
[2.209s] -- Installing: /home/yeap/APC_2022_Prac/airsimversion/autoware.ai/install/vehicle_model/share/vehicle_model/urdf/vehicle.gazebo
[2.209s] -- Installing: /home/yeap/APC_2022_Prac/airsimversion/autoware.ai/install/vehicle_model/share/vehicle_model/urdf/steering.gazebo
[2.210s] -- Installing: /home/yeap/APC_2022_Prac/airsimversion/autoware.ai/install/vehicle_model/share/vehicle_model/urdf/actuator.xacro
[2.210s] -- Installing: /home/yeap/APC_2022_Prac/airsimversion/autoware.ai/install/vehicle_model/share/vehicle_model/config
[2.210s] -- Installing: /home/yeap/APC_2022_Prac/airsimversion/autoware.ai/install/vehicle_model/share/vehicle_model/config/controller.yaml
[2.210s] -- Installing: /home/yeap/APC_2022_Prac/airsimversion/autoware.ai/install/vehicle_model/share/vehicle_model/config/calibration.yaml
[2.211s] -- Installing: /home/yeap/APC_2022_Prac/airsimversion/autoware.ai/install/vehicle_model/share/vehicle_model/config/vehicle_info.yaml
[2.219s] Invoked command in '/home/yeap/APC_2022_Prac/airsimversion/autoware.ai/build/vehicle_model' returned '0': CMAKE_PREFIX_PATH=/home/yeap/APC_2022_Prac/airsimversion/autoware.ai/install/gazebo_imu_description:/home/yeap/APC_2022_Prac/airsimversion/autoware.ai/install/gazebo_camera_description:/home/yeap/APC_2022_Prac/airsimversion/autoware.ai/install/autoware_build_flags:${CMAKE_PREFIX_PATH} PKG_CONFIG_PATH=/home/yeap/APC_2022_Prac/airsimversion/autoware.ai/install/gazebo_imu_description/lib/x86_64-linux-gnu/pkgconfig:/home/yeap/APC_2022_Prac/airsimversion/autoware.ai/install/gazebo_imu_description/lib/pkgconfig:/home/yeap/APC_2022_Prac/airsimversion/autoware.ai/install/gazebo_camera_description/lib/x86_64-linux-gnu/pkgconfig:/home/yeap/APC_2022_Prac/airsimversion/autoware.ai/install/gazebo_camera_description/lib/pkgconfig:/home/yeap/APC_2022_Prac/airsimversion/autoware.ai/install/autoware_build_flags/lib/x86_64-linux-gnu/pkgconfig:/home/yeap/APC_2022_Prac/airsimversion/autoware.ai/install/autoware_build_flags/lib/pkgconfig:${PKG_CONFIG_PATH} ROS_PACKAGE_PATH=/home/yeap/APC_2022_Prac/airsimversion/autoware.ai/install/gazebo_imu_description/share:/home/yeap/APC_2022_Prac/airsimversion/autoware.ai/install/gazebo_camera_description/share:/home/yeap/APC_2022_Prac/airsimversion/autoware.ai/install/autoware_build_flags/share:${ROS_PACKAGE_PATH} /usr/bin/cmake --build /home/yeap/APC_2022_Prac/airsimversion/autoware.ai/build/vehicle_model --target install -- -j6 -l6
