[0.051s] Invoking command in '/home/yeap/APC_2022_Prac/airsimversion/autoware.ai/build/obj_db': CMAKE_PREFIX_PATH=/home/yeap/APC_2022_Prac/airsimversion/autoware.ai/install/gnss:/home/yeap/APC_2022_Prac/airsimversion/autoware.ai/install/autoware_can_msgs:/home/yeap/APC_2022_Prac/airsimversion/autoware.ai/install/autoware_build_flags:${CMAKE_PREFIX_PATH} LD_LIBRARY_PATH=/home/yeap/APC_2022_Prac/airsimversion/autoware.ai/install/gnss/lib:${LD_LIBRARY_PATH} PKG_CONFIG_PATH=/home/yeap/APC_2022_Prac/airsimversion/autoware.ai/install/gnss/lib/x86_64-linux-gnu/pkgconfig:/home/yeap/APC_2022_Prac/airsimversion/autoware.ai/install/gnss/lib/pkgconfig:/home/yeap/APC_2022_Prac/airsimversion/autoware.ai/install/autoware_can_msgs/lib/x86_64-linux-gnu/pkgconfig:/home/yeap/APC_2022_Prac/airsimversion/autoware.ai/install/autoware_can_msgs/lib/pkgconfig:/home/yeap/APC_2022_Prac/airsimversion/autoware.ai/install/autoware_build_flags/lib/x86_64-linux-gnu/pkgconfig:/home/yeap/APC_2022_Prac/airsimversion/autoware.ai/install/autoware_build_flags/lib/pkgconfig:${PKG_CONFIG_PATH} PYTHONPATH=/home/yeap/APC_2022_Prac/airsimversion/autoware.ai/install/autoware_can_msgs/lib/python2.7/dist-packages:${PYTHONPATH} ROS_PACKAGE_PATH=/home/yeap/APC_2022_Prac/airsimversion/autoware.ai/install/gnss/share:/home/yeap/APC_2022_Prac/airsimversion/autoware.ai/install/autoware_can_msgs/share:/home/yeap/APC_2022_Prac/airsimversion/autoware.ai/install/autoware_build_flags/share:${ROS_PACKAGE_PATH} /usr/bin/cmake --build /home/yeap/APC_2022_Prac/airsimversion/autoware.ai/build/obj_db -- -j6 -l6
[0.142s] [  0%] Built target std_msgs_generate_messages_nodejs
[0.143s] [ 33%] Built target obj_db
[0.190s] [ 33%] Built target geometry_msgs_generate_messages_py
[0.199s] [ 33%] Built target visualization_msgs_generate_messages_py
[0.236s] [ 33%] Built target rosgraph_msgs_generate_messages_nodejs
[0.242s] [ 33%] Built target std_msgs_generate_messages_eus
[0.268s] [ 33%] Built target autoware_can_msgs_generate_messages_eus
[0.273s] [ 33%] Built target rosgraph_msgs_generate_messages_py
[0.322s] [ 33%] Built target roscpp_generate_messages_lisp
[0.336s] [ 33%] Built target geometry_msgs_generate_messages_nodejs
[0.360s] [ 33%] Built target autoware_can_msgs_generate_messages_nodejs
[0.382s] [ 33%] Built target autoware_can_msgs_generate_messages_lisp
[0.420s] [ 33%] Built target rosgraph_msgs_generate_messages_cpp
[0.424s] [ 33%] Built target autoware_can_msgs_generate_messages_cpp
[0.460s] [ 33%] Built target roscpp_generate_messages_nodejs
[0.471s] [ 33%] Built target roscpp_generate_messages_py
[0.498s] [ 33%] Built target roscpp_generate_messages_eus
[0.509s] [ 33%] Built target geometry_msgs_generate_messages_eus
[0.532s] [ 33%] Built target rosgraph_msgs_generate_messages_eus
[0.544s] [ 33%] Built target rosgraph_msgs_generate_messages_lisp
[0.583s] [ 33%] Built target visualization_msgs_generate_messages_cpp
[0.598s] [ 33%] Built target visualization_msgs_generate_messages_eus
[0.617s] [ 33%] Built target std_msgs_generate_messages_cpp
[0.645s] [ 33%] Built target visualization_msgs_generate_messages_nodejs
[0.651s] [ 33%] Built target visualization_msgs_generate_messages_lisp
[0.682s] [ 33%] Built target geometry_msgs_generate_messages_lisp
[0.683s] [ 33%] Built target geometry_msgs_generate_messages_cpp
[0.724s] [ 33%] Built target std_msgs_generate_messages_py
[0.737s] [ 55%] Built target obj_uploader
[0.775s] [ 77%] Built target obj_downloader
[0.777s] [ 77%] Built target autoware_can_msgs_generate_messages_py
[0.803s] [ 77%] Built target roscpp_generate_messages_cpp
[0.813s] [ 77%] Built target std_msgs_generate_messages_lisp
[0.856s] [100%] Built target can_uploader
[0.881s] Invoked command in '/home/yeap/APC_2022_Prac/airsimversion/autoware.ai/build/obj_db' returned '0': CMAKE_PREFIX_PATH=/home/yeap/APC_2022_Prac/airsimversion/autoware.ai/install/gnss:/home/yeap/APC_2022_Prac/airsimversion/autoware.ai/install/autoware_can_msgs:/home/yeap/APC_2022_Prac/airsimversion/autoware.ai/install/autoware_build_flags:${CMAKE_PREFIX_PATH} LD_LIBRARY_PATH=/home/yeap/APC_2022_Prac/airsimversion/autoware.ai/install/gnss/lib:${LD_LIBRARY_PATH} PKG_CONFIG_PATH=/home/yeap/APC_2022_Prac/airsimversion/autoware.ai/install/gnss/lib/x86_64-linux-gnu/pkgconfig:/home/yeap/APC_2022_Prac/airsimversion/autoware.ai/install/gnss/lib/pkgconfig:/home/yeap/APC_2022_Prac/airsimversion/autoware.ai/install/autoware_can_msgs/lib/x86_64-linux-gnu/pkgconfig:/home/yeap/APC_2022_Prac/airsimversion/autoware.ai/install/autoware_can_msgs/lib/pkgconfig:/home/yeap/APC_2022_Prac/airsimversion/autoware.ai/install/autoware_build_flags/lib/x86_64-linux-gnu/pkgconfig:/home/yeap/APC_2022_Prac/airsimversion/autoware.ai/install/autoware_build_flags/lib/pkgconfig:${PKG_CONFIG_PATH} PYTHONPATH=/home/yeap/APC_2022_Prac/airsimversion/autoware.ai/install/autoware_can_msgs/lib/python2.7/dist-packages:${PYTHONPATH} ROS_PACKAGE_PATH=/home/yeap/APC_2022_Prac/airsimversion/autoware.ai/install/gnss/share:/home/yeap/APC_2022_Prac/airsimversion/autoware.ai/install/autoware_can_msgs/share:/home/yeap/APC_2022_Prac/airsimversion/autoware.ai/install/autoware_build_flags/share:${ROS_PACKAGE_PATH} /usr/bin/cmake --build /home/yeap/APC_2022_Prac/airsimversion/autoware.ai/build/obj_db -- -j6 -l6
[1.003s] Invoking command in '/home/yeap/APC_2022_Prac/airsimversion/autoware.ai/build/obj_db': CMAKE_PREFIX_PATH=/home/yeap/APC_2022_Prac/airsimversion/autoware.ai/install/gnss:/home/yeap/APC_2022_Prac/airsimversion/autoware.ai/install/autoware_can_msgs:/home/yeap/APC_2022_Prac/airsimversion/autoware.ai/install/autoware_build_flags:${CMAKE_PREFIX_PATH} LD_LIBRARY_PATH=/home/yeap/APC_2022_Prac/airsimversion/autoware.ai/install/gnss/lib:${LD_LIBRARY_PATH} PKG_CONFIG_PATH=/home/yeap/APC_2022_Prac/airsimversion/autoware.ai/install/gnss/lib/x86_64-linux-gnu/pkgconfig:/home/yeap/APC_2022_Prac/airsimversion/autoware.ai/install/gnss/lib/pkgconfig:/home/yeap/APC_2022_Prac/airsimversion/autoware.ai/install/autoware_can_msgs/lib/x86_64-linux-gnu/pkgconfig:/home/yeap/APC_2022_Prac/airsimversion/autoware.ai/install/autoware_can_msgs/lib/pkgconfig:/home/yeap/APC_2022_Prac/airsimversion/autoware.ai/install/autoware_build_flags/lib/x86_64-linux-gnu/pkgconfig:/home/yeap/APC_2022_Prac/airsimversion/autoware.ai/install/autoware_build_flags/lib/pkgconfig:${PKG_CONFIG_PATH} PYTHONPATH=/home/yeap/APC_2022_Prac/airsimversion/autoware.ai/install/autoware_can_msgs/lib/python2.7/dist-packages:${PYTHONPATH} ROS_PACKAGE_PATH=/home/yeap/APC_2022_Prac/airsimversion/autoware.ai/install/gnss/share:/home/yeap/APC_2022_Prac/airsimversion/autoware.ai/install/autoware_can_msgs/share:/home/yeap/APC_2022_Prac/airsimversion/autoware.ai/install/autoware_build_flags/share:${ROS_PACKAGE_PATH} /usr/bin/cmake --build /home/yeap/APC_2022_Prac/airsimversion/autoware.ai/build/obj_db --target tests -- -j6 -l6
[1.098s] Built target tests
[1.117s] Invoked command in '/home/yeap/APC_2022_Prac/airsimversion/autoware.ai/build/obj_db' returned '0': CMAKE_PREFIX_PATH=/home/yeap/APC_2022_Prac/airsimversion/autoware.ai/install/gnss:/home/yeap/APC_2022_Prac/airsimversion/autoware.ai/install/autoware_can_msgs:/home/yeap/APC_2022_Prac/airsimversion/autoware.ai/install/autoware_build_flags:${CMAKE_PREFIX_PATH} LD_LIBRARY_PATH=/home/yeap/APC_2022_Prac/airsimversion/autoware.ai/install/gnss/lib:${LD_LIBRARY_PATH} PKG_CONFIG_PATH=/home/yeap/APC_2022_Prac/airsimversion/autoware.ai/install/gnss/lib/x86_64-linux-gnu/pkgconfig:/home/yeap/APC_2022_Prac/airsimversion/autoware.ai/install/gnss/lib/pkgconfig:/home/yeap/APC_2022_Prac/airsimversion/autoware.ai/install/autoware_can_msgs/lib/x86_64-linux-gnu/pkgconfig:/home/yeap/APC_2022_Prac/airsimversion/autoware.ai/install/autoware_can_msgs/lib/pkgconfig:/home/yeap/APC_2022_Prac/airsimversion/autoware.ai/install/autoware_build_flags/lib/x86_64-linux-gnu/pkgconfig:/home/yeap/APC_2022_Prac/airsimversion/autoware.ai/install/autoware_build_flags/lib/pkgconfig:${PKG_CONFIG_PATH} PYTHONPATH=/home/yeap/APC_2022_Prac/airsimversion/autoware.ai/install/autoware_can_msgs/lib/python2.7/dist-packages:${PYTHONPATH} ROS_PACKAGE_PATH=/home/yeap/APC_2022_Prac/airsimversion/autoware.ai/install/gnss/share:/home/yeap/APC_2022_Prac/airsimversion/autoware.ai/install/autoware_can_msgs/share:/home/yeap/APC_2022_Prac/airsimversion/autoware.ai/install/autoware_build_flags/share:${ROS_PACKAGE_PATH} /usr/bin/cmake --build /home/yeap/APC_2022_Prac/airsimversion/autoware.ai/build/obj_db --target tests -- -j6 -l6
[1.269s] Invoking command in '/home/yeap/APC_2022_Prac/airsimversion/autoware.ai/build/obj_db': CMAKE_PREFIX_PATH=/home/yeap/APC_2022_Prac/airsimversion/autoware.ai/install/gnss:/home/yeap/APC_2022_Prac/airsimversion/autoware.ai/install/autoware_can_msgs:/home/yeap/APC_2022_Prac/airsimversion/autoware.ai/install/autoware_build_flags:${CMAKE_PREFIX_PATH} LD_LIBRARY_PATH=/home/yeap/APC_2022_Prac/airsimversion/autoware.ai/install/gnss/lib:${LD_LIBRARY_PATH} PKG_CONFIG_PATH=/home/yeap/APC_2022_Prac/airsimversion/autoware.ai/install/gnss/lib/x86_64-linux-gnu/pkgconfig:/home/yeap/APC_2022_Prac/airsimversion/autoware.ai/install/gnss/lib/pkgconfig:/home/yeap/APC_2022_Prac/airsimversion/autoware.ai/install/autoware_can_msgs/lib/x86_64-linux-gnu/pkgconfig:/home/yeap/APC_2022_Prac/airsimversion/autoware.ai/install/autoware_can_msgs/lib/pkgconfig:/home/yeap/APC_2022_Prac/airsimversion/autoware.ai/install/autoware_build_flags/lib/x86_64-linux-gnu/pkgconfig:/home/yeap/APC_2022_Prac/airsimversion/autoware.ai/install/autoware_build_flags/lib/pkgconfig:${PKG_CONFIG_PATH} PYTHONPATH=/home/yeap/APC_2022_Prac/airsimversion/autoware.ai/install/autoware_can_msgs/lib/python2.7/dist-packages:${PYTHONPATH} ROS_PACKAGE_PATH=/home/yeap/APC_2022_Prac/airsimversion/autoware.ai/install/gnss/share:/home/yeap/APC_2022_Prac/airsimversion/autoware.ai/install/autoware_can_msgs/share:/home/yeap/APC_2022_Prac/airsimversion/autoware.ai/install/autoware_build_flags/share:${ROS_PACKAGE_PATH} /usr/bin/cmake --build /home/yeap/APC_2022_Prac/airsimversion/autoware.ai/build/obj_db --target install -- -j6 -l6
[1.335s] [  0%] Built target std_msgs_generate_messages_nodejs
[1.349s] [ 33%] Built target obj_db
[1.363s] [ 33%] Built target visualization_msgs_generate_messages_py
[1.380s] [ 33%] Built target geometry_msgs_generate_messages_py
[1.413s] [ 33%] Built target std_msgs_generate_messages_eus
[1.428s] [ 33%] Built target rosgraph_msgs_generate_messages_nodejs
[1.462s] [ 33%] Built target rosgraph_msgs_generate_messages_py
[1.473s] [ 33%] Built target autoware_can_msgs_generate_messages_eus
[1.498s] [ 33%] Built target roscpp_generate_messages_lisp
[1.500s] [ 33%] Built target geometry_msgs_generate_messages_nodejs
[1.538s] [ 33%] Built target autoware_can_msgs_generate_messages_nodejs
[1.549s] [ 33%] Built target autoware_can_msgs_generate_messages_lisp
[1.581s] [ 33%] Built target autoware_can_msgs_generate_messages_cpp
[1.587s] [ 33%] Built target rosgraph_msgs_generate_messages_cpp
[1.627s] [ 33%] Built target roscpp_generate_messages_nodejs
[1.630s] [ 33%] Built target roscpp_generate_messages_py
[1.654s] [ 33%] Built target roscpp_generate_messages_eus
[1.660s] [ 33%] Built target geometry_msgs_generate_messages_eus
[1.690s] [ 33%] Built target rosgraph_msgs_generate_messages_lisp
[1.690s] [ 33%] Built target rosgraph_msgs_generate_messages_eus
[1.734s] [ 33%] Built target visualization_msgs_generate_messages_cpp
[1.738s] [ 33%] Built target autoware_can_msgs_generate_messages_py
[1.769s] [ 33%] Built target std_msgs_generate_messages_cpp
[1.779s] [ 33%] Built target visualization_msgs_generate_messages_lisp
[1.798s] [ 33%] Built target visualization_msgs_generate_messages_nodejs
[1.820s] [ 33%] Built target geometry_msgs_generate_messages_cpp
[1.839s] [ 33%] Built target geometry_msgs_generate_messages_lisp
[1.857s] [ 33%] Built target std_msgs_generate_messages_py
[1.901s] [ 55%] Built target obj_downloader
[1.906s] [ 77%] Built target obj_uploader
[1.935s] [ 77%] Built target visualization_msgs_generate_messages_eus
[1.950s] [ 77%] Built target roscpp_generate_messages_cpp
[1.967s] [ 77%] Built target std_msgs_generate_messages_lisp
[2.002s] [100%] Built target can_uploader
[2.032s] [36mInstall the project...[0m
[2.042s] -- Install configuration: "Release"
[2.043s] -- Up-to-date: /home/yeap/APC_2022_Prac/airsimversion/autoware.ai/install/obj_db/lib/pkgconfig/obj_db.pc
[2.043s] -- Up-to-date: /home/yeap/APC_2022_Prac/airsimversion/autoware.ai/install/obj_db/share/obj_db/cmake/obj_dbConfig.cmake
[2.043s] -- Up-to-date: /home/yeap/APC_2022_Prac/airsimversion/autoware.ai/install/obj_db/share/obj_db/cmake/obj_dbConfig-version.cmake
[2.044s] -- Up-to-date: /home/yeap/APC_2022_Prac/airsimversion/autoware.ai/install/obj_db/share/obj_db/package.xml
[2.044s] -- Up-to-date: /home/yeap/APC_2022_Prac/airsimversion/autoware.ai/install/obj_db/lib/obj_db/can_uploader
[2.045s] -- Up-to-date: /home/yeap/APC_2022_Prac/airsimversion/autoware.ai/install/obj_db/lib/obj_db/obj_uploader
[2.045s] -- Up-to-date: /home/yeap/APC_2022_Prac/airsimversion/autoware.ai/install/obj_db/lib/libobj_db.so
[2.046s] -- Up-to-date: /home/yeap/APC_2022_Prac/airsimversion/autoware.ai/install/obj_db/lib/obj_db/obj_downloader
[2.047s] -- Up-to-date: /home/yeap/APC_2022_Prac/airsimversion/autoware.ai/install/obj_db/include/obj_db/include
[2.047s] -- Up-to-date: /home/yeap/APC_2022_Prac/airsimversion/autoware.ai/install/obj_db/include/obj_db/include/obj_db.h
[2.051s] Invoked command in '/home/yeap/APC_2022_Prac/airsimversion/autoware.ai/build/obj_db' returned '0': CMAKE_PREFIX_PATH=/home/yeap/APC_2022_Prac/airsimversion/autoware.ai/install/gnss:/home/yeap/APC_2022_Prac/airsimversion/autoware.ai/install/autoware_can_msgs:/home/yeap/APC_2022_Prac/airsimversion/autoware.ai/install/autoware_build_flags:${CMAKE_PREFIX_PATH} LD_LIBRARY_PATH=/home/yeap/APC_2022_Prac/airsimversion/autoware.ai/install/gnss/lib:${LD_LIBRARY_PATH} PKG_CONFIG_PATH=/home/yeap/APC_2022_Prac/airsimversion/autoware.ai/install/gnss/lib/x86_64-linux-gnu/pkgconfig:/home/yeap/APC_2022_Prac/airsimversion/autoware.ai/install/gnss/lib/pkgconfig:/home/yeap/APC_2022_Prac/airsimversion/autoware.ai/install/autoware_can_msgs/lib/x86_64-linux-gnu/pkgconfig:/home/yeap/APC_2022_Prac/airsimversion/autoware.ai/install/autoware_can_msgs/lib/pkgconfig:/home/yeap/APC_2022_Prac/airsimversion/autoware.ai/install/autoware_build_flags/lib/x86_64-linux-gnu/pkgconfig:/home/yeap/APC_2022_Prac/airsimversion/autoware.ai/install/autoware_build_flags/lib/pkgconfig:${PKG_CONFIG_PATH} PYTHONPATH=/home/yeap/APC_2022_Prac/airsimversion/autoware.ai/install/autoware_can_msgs/lib/python2.7/dist-packages:${PYTHONPATH} ROS_PACKAGE_PATH=/home/yeap/APC_2022_Prac/airsimversion/autoware.ai/install/gnss/share:/home/yeap/APC_2022_Prac/airsimversion/autoware.ai/install/autoware_can_msgs/share:/home/yeap/APC_2022_Prac/airsimversion/autoware.ai/install/autoware_build_flags/share:${ROS_PACKAGE_PATH} /usr/bin/cmake --build /home/yeap/APC_2022_Prac/airsimversion/autoware.ai/build/obj_db --target install -- -j6 -l6
