[0.044s] Invoking command in '/home/yeap/APC_2022_Prac/airsimversion/autoware.ai/build/freespace_planner': CMAKE_PREFIX_PATH=/home/yeap/APC_2022_Prac/airsimversion/autoware.ai/install/astar_search:/home/yeap/APC_2022_Prac/airsimversion/autoware.ai/install/autoware_msgs:/home/yeap/APC_2022_Prac/airsimversion/autoware.ai/install/autoware_build_flags:${CMAKE_PREFIX_PATH} LD_LIBRARY_PATH=/home/yeap/APC_2022_Prac/airsimversion/autoware.ai/install/astar_search/lib:${LD_LIBRARY_PATH} PKG_CONFIG_PATH=/home/yeap/APC_2022_Prac/airsimversion/autoware.ai/install/astar_search/lib/x86_64-linux-gnu/pkgconfig:/home/yeap/APC_2022_Prac/airsimversion/autoware.ai/install/astar_search/lib/pkgconfig:/home/yeap/APC_2022_Prac/airsimversion/autoware.ai/install/autoware_msgs/lib/x86_64-linux-gnu/pkgconfig:/home/yeap/APC_2022_Prac/airsimversion/autoware.ai/install/autoware_msgs/lib/pkgconfig:/home/yeap/APC_2022_Prac/airsimversion/autoware.ai/install/autoware_build_flags/lib/x86_64-linux-gnu/pkgconfig:/home/yeap/APC_2022_Prac/airsimversion/autoware.ai/install/autoware_build_flags/lib/pkgconfig:${PKG_CONFIG_PATH} PYTHONPATH=/home/yeap/APC_2022_Prac/airsimversion/autoware.ai/install/autoware_msgs/lib/python2.7/dist-packages:${PYTHONPATH} ROS_PACKAGE_PATH=/home/yeap/APC_2022_Prac/airsimversion/autoware.ai/install/astar_search/share:/home/yeap/APC_2022_Prac/airsimversion/autoware.ai/install/autoware_msgs/share:/home/yeap/APC_2022_Prac/airsimversion/autoware.ai/install/autoware_build_flags/share:${ROS_PACKAGE_PATH} /usr/bin/cmake /home/yeap/APC_2022_Prac/airsimversion/autoware.ai/src/autoware/core_planning/freespace_planner -DCMAKE_BUILD_TYPE=Release -DCATKIN_INSTALL_INTO_PREFIX_ROOT=0 -DCMAKE_INSTALL_PREFIX=/home/yeap/APC_2022_Prac/airsimversion/autoware.ai/install/freespace_planner
[0.118s] -- The C compiler identification is GNU 7.5.0
[0.182s] -- The CXX compiler identification is GNU 7.5.0
[0.187s] -- Check for working C compiler: /usr/bin/cc
[0.261s] -- Check for working C compiler: /usr/bin/cc -- works
[0.262s] -- Detecting C compiler ABI info
[0.334s] -- Detecting C compiler ABI info - done
[0.343s] -- Detecting C compile features
[0.572s] -- Detecting C compile features - done
[0.577s] -- Check for working CXX compiler: /usr/bin/c++
[0.672s] -- Check for working CXX compiler: /usr/bin/c++ -- works
[0.674s] -- Detecting CXX compiler ABI info
[0.760s] -- Detecting CXX compiler ABI info - done
[0.770s] -- Detecting CXX compile features
[1.146s] -- Detecting CXX compile features - done
[1.149s] -- CUDA compilation status: .
[1.152s] -- Using CATKIN_DEVEL_PREFIX: /home/yeap/APC_2022_Prac/airsimversion/autoware.ai/build/freespace_planner/devel
[1.152s] -- Using CMAKE_PREFIX_PATH: /home/yeap/APC_2022_Prac/airsimversion/autoware.ai/install/astar_search;/home/yeap/APC_2022_Prac/airsimversion/autoware.ai/install/autoware_msgs;/home/yeap/APC_2022_Prac/airsimversion/autoware.ai/install/autoware_build_flags;/opt/ros/melodic
[1.153s] -- This workspace overlays: /home/yeap/APC_2022_Prac/airsimversion/autoware.ai/install/astar_search;/home/yeap/APC_2022_Prac/airsimversion/autoware.ai/install/autoware_msgs;/home/yeap/APC_2022_Prac/airsimversion/autoware.ai/install/autoware_build_flags;/opt/ros/melodic
[1.169s] -- Found PythonInterp: /usr/bin/python2 (found suitable version "2.7.17", minimum required is "2") 
[1.169s] -- Using PYTHON_EXECUTABLE: /usr/bin/python2
[1.170s] -- Using Debian Python package layout
[1.170s] -- Using empy: /usr/bin/empy
[1.339s] -- Using CATKIN_ENABLE_TESTING: ON
[1.339s] -- Call enable_testing()
[1.342s] -- Using CATKIN_TEST_RESULTS_DIR: /home/yeap/APC_2022_Prac/airsimversion/autoware.ai/build/freespace_planner/test_results
[1.369s] -- Found gtest sources under '/usr/src/googletest': gtests will be built
[1.369s] -- Found gmock sources under '/usr/src/googletest': gmock will be built
[1.385s] -- Found PythonInterp: /usr/bin/python2 (found version "2.7.17") 
[1.387s] -- Looking for pthread.h
[1.464s] -- Looking for pthread.h - found
[1.464s] -- Looking for pthread_create
[1.540s] -- Looking for pthread_create - not found
[1.540s] -- Looking for pthread_create in pthreads
[1.604s] -- Looking for pthread_create in pthreads - not found
[1.604s] -- Looking for pthread_create in pthread
[1.679s] -- Looking for pthread_create in pthread - found
[1.681s] -- Found Threads: TRUE  
[1.686s] -- Using Python nosetests: /usr/bin/nosetests-2.7
[1.738s] -- catkin 0.7.29
[1.738s] -- BUILD_SHARED_LIBS is on
[1.903s] -- Using these message generators: gencpp;geneus;genlisp;gennodejs;genpy
[2.239s] -- Configuring done
[2.278s] -- Generating done
[2.290s] -- Build files have been written to: /home/yeap/APC_2022_Prac/airsimversion/autoware.ai/build/freespace_planner
[2.299s] Invoked command in '/home/yeap/APC_2022_Prac/airsimversion/autoware.ai/build/freespace_planner' returned '0': CMAKE_PREFIX_PATH=/home/yeap/APC_2022_Prac/airsimversion/autoware.ai/install/astar_search:/home/yeap/APC_2022_Prac/airsimversion/autoware.ai/install/autoware_msgs:/home/yeap/APC_2022_Prac/airsimversion/autoware.ai/install/autoware_build_flags:${CMAKE_PREFIX_PATH} LD_LIBRARY_PATH=/home/yeap/APC_2022_Prac/airsimversion/autoware.ai/install/astar_search/lib:${LD_LIBRARY_PATH} PKG_CONFIG_PATH=/home/yeap/APC_2022_Prac/airsimversion/autoware.ai/install/astar_search/lib/x86_64-linux-gnu/pkgconfig:/home/yeap/APC_2022_Prac/airsimversion/autoware.ai/install/astar_search/lib/pkgconfig:/home/yeap/APC_2022_Prac/airsimversion/autoware.ai/install/autoware_msgs/lib/x86_64-linux-gnu/pkgconfig:/home/yeap/APC_2022_Prac/airsimversion/autoware.ai/install/autoware_msgs/lib/pkgconfig:/home/yeap/APC_2022_Prac/airsimversion/autoware.ai/install/autoware_build_flags/lib/x86_64-linux-gnu/pkgconfig:/home/yeap/APC_2022_Prac/airsimversion/autoware.ai/install/autoware_build_flags/lib/pkgconfig:${PKG_CONFIG_PATH} PYTHONPATH=/home/yeap/APC_2022_Prac/airsimversion/autoware.ai/install/autoware_msgs/lib/python2.7/dist-packages:${PYTHONPATH} ROS_PACKAGE_PATH=/home/yeap/APC_2022_Prac/airsimversion/autoware.ai/install/astar_search/share:/home/yeap/APC_2022_Prac/airsimversion/autoware.ai/install/autoware_msgs/share:/home/yeap/APC_2022_Prac/airsimversion/autoware.ai/install/autoware_build_flags/share:${ROS_PACKAGE_PATH} /usr/bin/cmake /home/yeap/APC_2022_Prac/airsimversion/autoware.ai/src/autoware/core_planning/freespace_planner -DCMAKE_BUILD_TYPE=Release -DCATKIN_INSTALL_INTO_PREFIX_ROOT=0 -DCMAKE_INSTALL_PREFIX=/home/yeap/APC_2022_Prac/airsimversion/autoware.ai/install/freespace_planner
[2.301s] Invoking command in '/home/yeap/APC_2022_Prac/airsimversion/autoware.ai/build/freespace_planner': CMAKE_PREFIX_PATH=/home/yeap/APC_2022_Prac/airsimversion/autoware.ai/install/astar_search:/home/yeap/APC_2022_Prac/airsimversion/autoware.ai/install/autoware_msgs:/home/yeap/APC_2022_Prac/airsimversion/autoware.ai/install/autoware_build_flags:${CMAKE_PREFIX_PATH} LD_LIBRARY_PATH=/home/yeap/APC_2022_Prac/airsimversion/autoware.ai/install/astar_search/lib:${LD_LIBRARY_PATH} PKG_CONFIG_PATH=/home/yeap/APC_2022_Prac/airsimversion/autoware.ai/install/astar_search/lib/x86_64-linux-gnu/pkgconfig:/home/yeap/APC_2022_Prac/airsimversion/autoware.ai/install/astar_search/lib/pkgconfig:/home/yeap/APC_2022_Prac/airsimversion/autoware.ai/install/autoware_msgs/lib/x86_64-linux-gnu/pkgconfig:/home/yeap/APC_2022_Prac/airsimversion/autoware.ai/install/autoware_msgs/lib/pkgconfig:/home/yeap/APC_2022_Prac/airsimversion/autoware.ai/install/autoware_build_flags/lib/x86_64-linux-gnu/pkgconfig:/home/yeap/APC_2022_Prac/airsimversion/autoware.ai/install/autoware_build_flags/lib/pkgconfig:${PKG_CONFIG_PATH} PYTHONPATH=/home/yeap/APC_2022_Prac/airsimversion/autoware.ai/install/autoware_msgs/lib/python2.7/dist-packages:${PYTHONPATH} ROS_PACKAGE_PATH=/home/yeap/APC_2022_Prac/airsimversion/autoware.ai/install/astar_search/share:/home/yeap/APC_2022_Prac/airsimversion/autoware.ai/install/autoware_msgs/share:/home/yeap/APC_2022_Prac/airsimversion/autoware.ai/install/autoware_build_flags/share:${ROS_PACKAGE_PATH} /usr/bin/cmake --build /home/yeap/APC_2022_Prac/airsimversion/autoware.ai/build/freespace_planner -- -j6 -l6
[2.354s] [35m[1mScanning dependencies of target visualization_msgs_generate_messages_eus[0m
[2.367s] [  0%] Built target visualization_msgs_generate_messages_eus
[2.379s] [35m[1mScanning dependencies of target roscpp_generate_messages_cpp[0m
[2.391s] [  0%] Built target roscpp_generate_messages_cpp
[2.403s] [35m[1mScanning dependencies of target actionlib_generate_messages_cpp[0m
[2.415s] [  0%] Built target actionlib_generate_messages_cpp
[2.427s] [35m[1mScanning dependencies of target pcl_msgs_generate_messages_eus[0m
[2.451s] [  0%] Built target pcl_msgs_generate_messages_eus
[2.462s] [35m[1mScanning dependencies of target rosgraph_msgs_generate_messages_eus[0m
[2.475s] [  0%] Built target rosgraph_msgs_generate_messages_eus
[2.486s] [35m[1mScanning dependencies of target jsk_recognition_msgs_generate_messages_lisp[0m
[2.497s] [  0%] Built target jsk_recognition_msgs_generate_messages_lisp
[2.509s] [35m[1mScanning dependencies of target jsk_recognition_msgs_generate_messages_eus[0m
[2.520s] [  0%] Built target jsk_recognition_msgs_generate_messages_eus
[2.531s] [35m[1mScanning dependencies of target tf2_msgs_generate_messages_cpp[0m
[2.543s] [  0%] Built target tf2_msgs_generate_messages_cpp
[2.554s] [35m[1mScanning dependencies of target std_msgs_generate_messages_py[0m
[2.565s] [  0%] Built target std_msgs_generate_messages_py
[2.577s] [35m[1mScanning dependencies of target autoware_msgs_generate_messages_py[0m
[2.588s] [  0%] Built target autoware_msgs_generate_messages_py
[2.600s] [35m[1mScanning dependencies of target std_msgs_generate_messages_nodejs[0m
[2.612s] [  0%] Built target std_msgs_generate_messages_nodejs
[2.624s] [35m[1mScanning dependencies of target sensor_msgs_generate_messages_eus[0m
[2.638s] [  0%] Built target sensor_msgs_generate_messages_eus
[2.650s] [35m[1mScanning dependencies of target _catkin_empty_exported_target[0m
[2.663s] [  0%] Built target _catkin_empty_exported_target
[2.676s] [35m[1mScanning dependencies of target sensor_msgs_generate_messages_cpp[0m
[2.688s] [  0%] Built target sensor_msgs_generate_messages_cpp
[2.702s] [35m[1mScanning dependencies of target autoware_msgs_generate_messages_cpp[0m
[2.718s] [  0%] Built target autoware_msgs_generate_messages_cpp
[2.730s] [35m[1mScanning dependencies of target rosgraph_msgs_generate_messages_cpp[0m
[2.742s] [  0%] Built target rosgraph_msgs_generate_messages_cpp
[2.753s] [35m[1mScanning dependencies of target jsk_recognition_msgs_generate_messages_py[0m
[2.777s] [  0%] Built target jsk_recognition_msgs_generate_messages_py
[2.814s] [35m[1mScanning dependencies of target sensor_msgs_generate_messages_py[0m
[2.851s] [  0%] Built target sensor_msgs_generate_messages_py
[2.868s] [35m[1mScanning dependencies of target tf_generate_messages_py[0m
[2.887s] [  0%] Built target tf_generate_messages_py
[2.908s] [35m[1mScanning dependencies of target std_msgs_generate_messages_cpp[0m
[2.925s] [  0%] Built target std_msgs_generate_messages_cpp
[2.936s] [35m[1mScanning dependencies of target jsk_footstep_msgs_generate_messages_py[0m
[2.947s] [  0%] Built target jsk_footstep_msgs_generate_messages_py
[2.958s] [35m[1mScanning dependencies of target actionlib_msgs_generate_messages_nodejs[0m
[2.970s] [  0%] Built target actionlib_msgs_generate_messages_nodejs
[2.981s] [35m[1mScanning dependencies of target nav_msgs_generate_messages_nodejs[0m
[2.994s] [  0%] Built target nav_msgs_generate_messages_nodejs
[3.006s] [35m[1mScanning dependencies of target geometry_msgs_generate_messages_eus[0m
[3.018s] [  0%] Built target geometry_msgs_generate_messages_eus
[3.029s] [35m[1mScanning dependencies of target std_msgs_generate_messages_lisp[0m
[3.040s] [  0%] Built target std_msgs_generate_messages_lisp
[3.051s] [35m[1mScanning dependencies of target roscpp_generate_messages_nodejs[0m
[3.063s] [  0%] Built target roscpp_generate_messages_nodejs
[3.074s] [35m[1mScanning dependencies of target geometry_msgs_generate_messages_nodejs[0m
[3.085s] [  0%] Built target geometry_msgs_generate_messages_nodejs
[3.096s] [35m[1mScanning dependencies of target geometry_msgs_generate_messages_lisp[0m
[3.112s] [  0%] Built target geometry_msgs_generate_messages_lisp
[3.133s] [35m[1mScanning dependencies of target pcl_msgs_generate_messages_cpp[0m
[3.150s] [  0%] Built target pcl_msgs_generate_messages_cpp
[3.162s] [35m[1mScanning dependencies of target jsk_recognition_msgs_generate_messages_cpp[0m
[3.174s] [  0%] Built target jsk_recognition_msgs_generate_messages_cpp
[3.185s] [35m[1mScanning dependencies of target autoware_msgs_generate_messages_eus[0m
[3.197s] [  0%] Built target autoware_msgs_generate_messages_eus
[3.208s] [35m[1mScanning dependencies of target autoware_msgs_generate_messages_lisp[0m
[3.220s] [  0%] Built target autoware_msgs_generate_messages_lisp
[3.232s] [35m[1mScanning dependencies of target visualization_msgs_generate_messages_lisp[0m
[3.243s] [  0%] Built target visualization_msgs_generate_messages_lisp
[3.254s] [35m[1mScanning dependencies of target std_msgs_generate_messages_eus[0m
[3.265s] [  0%] Built target std_msgs_generate_messages_eus
[3.277s] [35m[1mScanning dependencies of target autoware_msgs_generate_messages_nodejs[0m
[3.289s] [  0%] Built target autoware_msgs_generate_messages_nodejs
[3.311s] [35m[1mScanning dependencies of target jsk_footstep_msgs_generate_messages_eus[0m
[3.324s] [  0%] Built target jsk_footstep_msgs_generate_messages_eus
[3.335s] [35m[1mScanning dependencies of target actionlib_msgs_generate_messages_py[0m
[3.354s] [  0%] Built target actionlib_msgs_generate_messages_py
[3.366s] [35m[1mScanning dependencies of target jsk_footstep_msgs_generate_messages_lisp[0m
[3.378s] [  0%] Built target jsk_footstep_msgs_generate_messages_lisp
[3.389s] [35m[1mScanning dependencies of target jsk_footstep_msgs_generate_messages_nodejs[0m
[3.401s] [  0%] Built target jsk_footstep_msgs_generate_messages_nodejs
[3.414s] [35m[1mScanning dependencies of target actionlib_msgs_generate_messages_lisp[0m
[3.426s] [  0%] Built target actionlib_msgs_generate_messages_lisp
[3.438s] [35m[1mScanning dependencies of target sensor_msgs_generate_messages_lisp[0m
[3.449s] [  0%] Built target sensor_msgs_generate_messages_lisp
[3.461s] [35m[1mScanning dependencies of target nav_msgs_generate_messages_cpp[0m
[3.472s] [  0%] Built target nav_msgs_generate_messages_cpp
[3.484s] [35m[1mScanning dependencies of target pcl_msgs_generate_messages_nodejs[0m
[3.497s] [  0%] Built target pcl_msgs_generate_messages_nodejs
[3.510s] [35m[1mScanning dependencies of target nav_msgs_generate_messages_lisp[0m
[3.521s] [  0%] Built target nav_msgs_generate_messages_lisp
[3.533s] [35m[1mScanning dependencies of target jsk_recognition_msgs_generate_messages_nodejs[0m
[3.545s] [  0%] Built target jsk_recognition_msgs_generate_messages_nodejs
[3.556s] [35m[1mScanning dependencies of target roscpp_generate_messages_lisp[0m
[3.568s] [  0%] Built target roscpp_generate_messages_lisp
[3.580s] [35m[1mScanning dependencies of target roscpp_generate_messages_py[0m
[3.593s] [  0%] Built target roscpp_generate_messages_py
[3.606s] [35m[1mScanning dependencies of target rosgraph_msgs_generate_messages_lisp[0m
[3.618s] [  0%] Built target rosgraph_msgs_generate_messages_lisp
[3.630s] [35m[1mScanning dependencies of target rosgraph_msgs_generate_messages_nodejs[0m
[3.642s] [  0%] Built target rosgraph_msgs_generate_messages_nodejs
[3.654s] [35m[1mScanning dependencies of target roscpp_generate_messages_eus[0m
[3.665s] [  0%] Built target roscpp_generate_messages_eus
[3.676s] [35m[1mScanning dependencies of target actionlib_msgs_generate_messages_eus[0m
[3.687s] [  0%] Built target actionlib_msgs_generate_messages_eus
[3.699s] [35m[1mScanning dependencies of target rosgraph_msgs_generate_messages_py[0m
[3.712s] [  0%] Built target rosgraph_msgs_generate_messages_py
[3.724s] [35m[1mScanning dependencies of target jsk_footstep_msgs_generate_messages_cpp[0m
[3.735s] [  0%] Built target jsk_footstep_msgs_generate_messages_cpp
[3.747s] [35m[1mScanning dependencies of target actionlib_msgs_generate_messages_cpp[0m
[3.764s] [  0%] Built target actionlib_msgs_generate_messages_cpp
[3.775s] [35m[1mScanning dependencies of target tf_generate_messages_eus[0m
[3.787s] [  0%] Built target tf_generate_messages_eus
[3.802s] [35m[1mScanning dependencies of target tf_generate_messages_lisp[0m
[3.822s] [  0%] Built target tf_generate_messages_lisp
[3.833s] [35m[1mScanning dependencies of target tf_generate_messages_nodejs[0m
[3.846s] [  0%] Built target tf_generate_messages_nodejs
[3.858s] [35m[1mScanning dependencies of target pcl_msgs_generate_messages_py[0m
[3.871s] [  0%] Built target pcl_msgs_generate_messages_py
[3.881s] [35m[1mScanning dependencies of target actionlib_generate_messages_eus[0m
[3.893s] [  0%] Built target actionlib_generate_messages_eus
[3.908s] [35m[1mScanning dependencies of target geometry_msgs_generate_messages_cpp[0m
[3.923s] [  0%] Built target geometry_msgs_generate_messages_cpp
[3.935s] [35m[1mScanning dependencies of target actionlib_generate_messages_lisp[0m
[3.947s] [  0%] Built target actionlib_generate_messages_lisp
[3.958s] [35m[1mScanning dependencies of target pcl_msgs_generate_messages_lisp[0m
[3.970s] [  0%] Built target pcl_msgs_generate_messages_lisp
[3.984s] [35m[1mScanning dependencies of target tf_generate_messages_cpp[0m
[3.996s] [  0%] Built target tf_generate_messages_cpp
[4.008s] [35m[1mScanning dependencies of target actionlib_generate_messages_nodejs[0m
[4.020s] [  0%] Built target actionlib_generate_messages_nodejs
[4.032s] [35m[1mScanning dependencies of target nav_msgs_generate_messages_py[0m
[4.044s] [  0%] Built target nav_msgs_generate_messages_py
[4.056s] [35m[1mScanning dependencies of target tf2_msgs_generate_messages_lisp[0m
[4.068s] [  0%] Built target tf2_msgs_generate_messages_lisp
[4.080s] [35m[1mScanning dependencies of target actionlib_generate_messages_py[0m
[4.092s] [  0%] Built target actionlib_generate_messages_py
[4.103s] [35m[1mScanning dependencies of target tf2_msgs_generate_messages_py[0m
[4.115s] [  0%] Built target tf2_msgs_generate_messages_py
[4.127s] [35m[1mScanning dependencies of target tf2_msgs_generate_messages_nodejs[0m
[4.139s] [  0%] Built target tf2_msgs_generate_messages_nodejs
[4.150s] [35m[1mScanning dependencies of target nav_msgs_generate_messages_eus[0m
[4.163s] [  0%] Built target nav_msgs_generate_messages_eus
[4.174s] [35m[1mScanning dependencies of target tf2_msgs_generate_messages_eus[0m
[4.186s] [  0%] Built target tf2_msgs_generate_messages_eus
[4.198s] [35m[1mScanning dependencies of target visualization_msgs_generate_messages_cpp[0m
[4.209s] [  0%] Built target visualization_msgs_generate_messages_cpp
[4.221s] [35m[1mScanning dependencies of target sensor_msgs_generate_messages_nodejs[0m
[4.233s] [  0%] Built target sensor_msgs_generate_messages_nodejs
[4.245s] [35m[1mScanning dependencies of target geometry_msgs_generate_messages_py[0m
[4.257s] [  0%] Built target geometry_msgs_generate_messages_py
[4.271s] [35m[1mScanning dependencies of target visualization_msgs_generate_messages_nodejs[0m
[4.286s] [  0%] Built target visualization_msgs_generate_messages_nodejs
[4.295s] [35m[1mScanning dependencies of target visualization_msgs_generate_messages_py[0m
[4.306s] [  0%] Built target visualization_msgs_generate_messages_py
[4.317s] [35m[1mScanning dependencies of target astar_navi[0m
[4.354s] [ 33%] [32mBuilding CXX object CMakeFiles/astar_navi.dir/src/astar_navi/astar_navi.cpp.o[0m
[9.602s] [ 66%] [32mBuilding CXX object CMakeFiles/astar_navi.dir/src/astar_navi/astar_navi_node.cpp.o[0m
[13.406s] [100%] [32m[1mLinking CXX executable devel/lib/freespace_planner/astar_navi[0m
[13.621s] [100%] Built target astar_navi
[13.637s] Invoked command in '/home/yeap/APC_2022_Prac/airsimversion/autoware.ai/build/freespace_planner' returned '0': CMAKE_PREFIX_PATH=/home/yeap/APC_2022_Prac/airsimversion/autoware.ai/install/astar_search:/home/yeap/APC_2022_Prac/airsimversion/autoware.ai/install/autoware_msgs:/home/yeap/APC_2022_Prac/airsimversion/autoware.ai/install/autoware_build_flags:${CMAKE_PREFIX_PATH} LD_LIBRARY_PATH=/home/yeap/APC_2022_Prac/airsimversion/autoware.ai/install/astar_search/lib:${LD_LIBRARY_PATH} PKG_CONFIG_PATH=/home/yeap/APC_2022_Prac/airsimversion/autoware.ai/install/astar_search/lib/x86_64-linux-gnu/pkgconfig:/home/yeap/APC_2022_Prac/airsimversion/autoware.ai/install/astar_search/lib/pkgconfig:/home/yeap/APC_2022_Prac/airsimversion/autoware.ai/install/autoware_msgs/lib/x86_64-linux-gnu/pkgconfig:/home/yeap/APC_2022_Prac/airsimversion/autoware.ai/install/autoware_msgs/lib/pkgconfig:/home/yeap/APC_2022_Prac/airsimversion/autoware.ai/install/autoware_build_flags/lib/x86_64-linux-gnu/pkgconfig:/home/yeap/APC_2022_Prac/airsimversion/autoware.ai/install/autoware_build_flags/lib/pkgconfig:${PKG_CONFIG_PATH} PYTHONPATH=/home/yeap/APC_2022_Prac/airsimversion/autoware.ai/install/autoware_msgs/lib/python2.7/dist-packages:${PYTHONPATH} ROS_PACKAGE_PATH=/home/yeap/APC_2022_Prac/airsimversion/autoware.ai/install/astar_search/share:/home/yeap/APC_2022_Prac/airsimversion/autoware.ai/install/autoware_msgs/share:/home/yeap/APC_2022_Prac/airsimversion/autoware.ai/install/autoware_build_flags/share:${ROS_PACKAGE_PATH} /usr/bin/cmake --build /home/yeap/APC_2022_Prac/airsimversion/autoware.ai/build/freespace_planner -- -j6 -l6
[13.734s] Invoking command in '/home/yeap/APC_2022_Prac/airsimversion/autoware.ai/build/freespace_planner': CMAKE_PREFIX_PATH=/home/yeap/APC_2022_Prac/airsimversion/autoware.ai/install/astar_search:/home/yeap/APC_2022_Prac/airsimversion/autoware.ai/install/autoware_msgs:/home/yeap/APC_2022_Prac/airsimversion/autoware.ai/install/autoware_build_flags:${CMAKE_PREFIX_PATH} LD_LIBRARY_PATH=/home/yeap/APC_2022_Prac/airsimversion/autoware.ai/install/astar_search/lib:${LD_LIBRARY_PATH} PKG_CONFIG_PATH=/home/yeap/APC_2022_Prac/airsimversion/autoware.ai/install/astar_search/lib/x86_64-linux-gnu/pkgconfig:/home/yeap/APC_2022_Prac/airsimversion/autoware.ai/install/astar_search/lib/pkgconfig:/home/yeap/APC_2022_Prac/airsimversion/autoware.ai/install/autoware_msgs/lib/x86_64-linux-gnu/pkgconfig:/home/yeap/APC_2022_Prac/airsimversion/autoware.ai/install/autoware_msgs/lib/pkgconfig:/home/yeap/APC_2022_Prac/airsimversion/autoware.ai/install/autoware_build_flags/lib/x86_64-linux-gnu/pkgconfig:/home/yeap/APC_2022_Prac/airsimversion/autoware.ai/install/autoware_build_flags/lib/pkgconfig:${PKG_CONFIG_PATH} PYTHONPATH=/home/yeap/APC_2022_Prac/airsimversion/autoware.ai/install/autoware_msgs/lib/python2.7/dist-packages:${PYTHONPATH} ROS_PACKAGE_PATH=/home/yeap/APC_2022_Prac/airsimversion/autoware.ai/install/astar_search/share:/home/yeap/APC_2022_Prac/airsimversion/autoware.ai/install/autoware_msgs/share:/home/yeap/APC_2022_Prac/airsimversion/autoware.ai/install/autoware_build_flags/share:${ROS_PACKAGE_PATH} /usr/bin/cmake --build /home/yeap/APC_2022_Prac/airsimversion/autoware.ai/build/freespace_planner --target tests -- -j6 -l6
[13.801s] [35m[1mScanning dependencies of target tests[0m
[13.813s] Built target tests
[13.830s] Invoked command in '/home/yeap/APC_2022_Prac/airsimversion/autoware.ai/build/freespace_planner' returned '0': CMAKE_PREFIX_PATH=/home/yeap/APC_2022_Prac/airsimversion/autoware.ai/install/astar_search:/home/yeap/APC_2022_Prac/airsimversion/autoware.ai/install/autoware_msgs:/home/yeap/APC_2022_Prac/airsimversion/autoware.ai/install/autoware_build_flags:${CMAKE_PREFIX_PATH} LD_LIBRARY_PATH=/home/yeap/APC_2022_Prac/airsimversion/autoware.ai/install/astar_search/lib:${LD_LIBRARY_PATH} PKG_CONFIG_PATH=/home/yeap/APC_2022_Prac/airsimversion/autoware.ai/install/astar_search/lib/x86_64-linux-gnu/pkgconfig:/home/yeap/APC_2022_Prac/airsimversion/autoware.ai/install/astar_search/lib/pkgconfig:/home/yeap/APC_2022_Prac/airsimversion/autoware.ai/install/autoware_msgs/lib/x86_64-linux-gnu/pkgconfig:/home/yeap/APC_2022_Prac/airsimversion/autoware.ai/install/autoware_msgs/lib/pkgconfig:/home/yeap/APC_2022_Prac/airsimversion/autoware.ai/install/autoware_build_flags/lib/x86_64-linux-gnu/pkgconfig:/home/yeap/APC_2022_Prac/airsimversion/autoware.ai/install/autoware_build_flags/lib/pkgconfig:${PKG_CONFIG_PATH} PYTHONPATH=/home/yeap/APC_2022_Prac/airsimversion/autoware.ai/install/autoware_msgs/lib/python2.7/dist-packages:${PYTHONPATH} ROS_PACKAGE_PATH=/home/yeap/APC_2022_Prac/airsimversion/autoware.ai/install/astar_search/share:/home/yeap/APC_2022_Prac/airsimversion/autoware.ai/install/autoware_msgs/share:/home/yeap/APC_2022_Prac/airsimversion/autoware.ai/install/autoware_build_flags/share:${ROS_PACKAGE_PATH} /usr/bin/cmake --build /home/yeap/APC_2022_Prac/airsimversion/autoware.ai/build/freespace_planner --target tests -- -j6 -l6
[13.936s] Invoking command in '/home/yeap/APC_2022_Prac/airsimversion/autoware.ai/build/freespace_planner': CMAKE_PREFIX_PATH=/home/yeap/APC_2022_Prac/airsimversion/autoware.ai/install/astar_search:/home/yeap/APC_2022_Prac/airsimversion/autoware.ai/install/autoware_msgs:/home/yeap/APC_2022_Prac/airsimversion/autoware.ai/install/autoware_build_flags:${CMAKE_PREFIX_PATH} LD_LIBRARY_PATH=/home/yeap/APC_2022_Prac/airsimversion/autoware.ai/install/astar_search/lib:${LD_LIBRARY_PATH} PKG_CONFIG_PATH=/home/yeap/APC_2022_Prac/airsimversion/autoware.ai/install/astar_search/lib/x86_64-linux-gnu/pkgconfig:/home/yeap/APC_2022_Prac/airsimversion/autoware.ai/install/astar_search/lib/pkgconfig:/home/yeap/APC_2022_Prac/airsimversion/autoware.ai/install/autoware_msgs/lib/x86_64-linux-gnu/pkgconfig:/home/yeap/APC_2022_Prac/airsimversion/autoware.ai/install/autoware_msgs/lib/pkgconfig:/home/yeap/APC_2022_Prac/airsimversion/autoware.ai/install/autoware_build_flags/lib/x86_64-linux-gnu/pkgconfig:/home/yeap/APC_2022_Prac/airsimversion/autoware.ai/install/autoware_build_flags/lib/pkgconfig:${PKG_CONFIG_PATH} PYTHONPATH=/home/yeap/APC_2022_Prac/airsimversion/autoware.ai/install/autoware_msgs/lib/python2.7/dist-packages:${PYTHONPATH} ROS_PACKAGE_PATH=/home/yeap/APC_2022_Prac/airsimversion/autoware.ai/install/astar_search/share:/home/yeap/APC_2022_Prac/airsimversion/autoware.ai/install/autoware_msgs/share:/home/yeap/APC_2022_Prac/airsimversion/autoware.ai/install/autoware_build_flags/share:${ROS_PACKAGE_PATH} /usr/bin/cmake --build /home/yeap/APC_2022_Prac/airsimversion/autoware.ai/build/freespace_planner --target install -- -j6 -l6
[14.000s] [  0%] Built target visualization_msgs_generate_messages_eus
[14.027s] [  0%] Built target roscpp_generate_messages_cpp
[14.052s] [  0%] Built target actionlib_generate_messages_cpp
[14.075s] [  0%] Built target pcl_msgs_generate_messages_eus
[14.098s] [  0%] Built target rosgraph_msgs_generate_messages_eus
[14.122s] [  0%] Built target jsk_recognition_msgs_generate_messages_lisp
[14.145s] [  0%] Built target jsk_recognition_msgs_generate_messages_eus
[14.168s] [  0%] Built target tf2_msgs_generate_messages_cpp
[14.190s] [  0%] Built target std_msgs_generate_messages_py
[14.214s] [  0%] Built target autoware_msgs_generate_messages_py
[14.238s] [  0%] Built target std_msgs_generate_messages_nodejs
[14.262s] [  0%] Built target sensor_msgs_generate_messages_eus
[14.286s] [  0%] Built target _catkin_empty_exported_target
[14.308s] [  0%] Built target sensor_msgs_generate_messages_cpp
[14.331s] [  0%] Built target autoware_msgs_generate_messages_cpp
[14.353s] [  0%] Built target rosgraph_msgs_generate_messages_cpp
[14.376s] [  0%] Built target jsk_recognition_msgs_generate_messages_py
[14.399s] [  0%] Built target sensor_msgs_generate_messages_py
[14.422s] [  0%] Built target tf_generate_messages_py
[14.445s] [  0%] Built target std_msgs_generate_messages_cpp
[14.468s] [  0%] Built target jsk_footstep_msgs_generate_messages_py
[14.494s] [  0%] Built target actionlib_msgs_generate_messages_nodejs
[14.517s] [  0%] Built target nav_msgs_generate_messages_nodejs
[14.542s] [  0%] Built target geometry_msgs_generate_messages_eus
[14.566s] [  0%] Built target std_msgs_generate_messages_lisp
[14.591s] [  0%] Built target roscpp_generate_messages_nodejs
[14.617s] [  0%] Built target geometry_msgs_generate_messages_nodejs
[14.642s] [  0%] Built target geometry_msgs_generate_messages_lisp
[14.667s] [  0%] Built target pcl_msgs_generate_messages_cpp
[14.691s] [  0%] Built target jsk_recognition_msgs_generate_messages_cpp
[14.715s] [  0%] Built target autoware_msgs_generate_messages_eus
[14.739s] [  0%] Built target autoware_msgs_generate_messages_lisp
[14.762s] [  0%] Built target visualization_msgs_generate_messages_lisp
[14.784s] [  0%] Built target std_msgs_generate_messages_eus
[14.808s] [  0%] Built target autoware_msgs_generate_messages_nodejs
[14.832s] [  0%] Built target jsk_footstep_msgs_generate_messages_eus
[14.856s] [  0%] Built target actionlib_msgs_generate_messages_py
[14.878s] [  0%] Built target jsk_footstep_msgs_generate_messages_lisp
[14.901s] [  0%] Built target jsk_footstep_msgs_generate_messages_nodejs
[14.924s] [  0%] Built target actionlib_msgs_generate_messages_lisp
[14.947s] [  0%] Built target sensor_msgs_generate_messages_lisp
[14.970s] [  0%] Built target nav_msgs_generate_messages_cpp
[15.003s] [  0%] Built target pcl_msgs_generate_messages_nodejs
[15.025s] [  0%] Built target nav_msgs_generate_messages_lisp
[15.048s] [  0%] Built target jsk_recognition_msgs_generate_messages_nodejs
[15.071s] [  0%] Built target roscpp_generate_messages_lisp
[15.094s] [  0%] Built target roscpp_generate_messages_py
[15.118s] [  0%] Built target rosgraph_msgs_generate_messages_lisp
[15.143s] [  0%] Built target rosgraph_msgs_generate_messages_nodejs
[15.167s] [  0%] Built target roscpp_generate_messages_eus
[15.190s] [  0%] Built target actionlib_msgs_generate_messages_eus
[15.213s] [  0%] Built target rosgraph_msgs_generate_messages_py
[15.237s] [  0%] Built target jsk_footstep_msgs_generate_messages_cpp
[15.260s] [  0%] Built target actionlib_msgs_generate_messages_cpp
[15.283s] [  0%] Built target tf_generate_messages_eus
[15.321s] [  0%] Built target tf_generate_messages_lisp
[15.344s] [  0%] Built target tf_generate_messages_nodejs
[15.367s] [  0%] Built target pcl_msgs_generate_messages_py
[15.390s] [  0%] Built target actionlib_generate_messages_eus
[15.414s] [  0%] Built target geometry_msgs_generate_messages_cpp
[15.438s] [  0%] Built target actionlib_generate_messages_lisp
[15.462s] [  0%] Built target pcl_msgs_generate_messages_lisp
[15.485s] [  0%] Built target tf_generate_messages_cpp
[15.509s] [  0%] Built target actionlib_generate_messages_nodejs
[15.532s] [  0%] Built target nav_msgs_generate_messages_py
[15.556s] [  0%] Built target tf2_msgs_generate_messages_lisp
[15.580s] [  0%] Built target actionlib_generate_messages_py
[15.604s] [  0%] Built target tf2_msgs_generate_messages_py
[15.628s] [  0%] Built target tf2_msgs_generate_messages_nodejs
[15.654s] [  0%] Built target nav_msgs_generate_messages_eus
[15.678s] [  0%] Built target tf2_msgs_generate_messages_eus
[15.702s] [  0%] Built target visualization_msgs_generate_messages_cpp
[15.726s] [  0%] Built target sensor_msgs_generate_messages_nodejs
[15.751s] [  0%] Built target geometry_msgs_generate_messages_py
[15.775s] [  0%] Built target visualization_msgs_generate_messages_nodejs
[15.799s] [  0%] Built target visualization_msgs_generate_messages_py
[15.830s] [100%] Built target astar_navi
[15.856s] [36mInstall the project...[0m
[15.867s] -- Install configuration: "Release"
[15.867s] -- Installing: /home/yeap/APC_2022_Prac/airsimversion/autoware.ai/install/freespace_planner/lib/pkgconfig/freespace_planner.pc
[15.868s] -- Installing: /home/yeap/APC_2022_Prac/airsimversion/autoware.ai/install/freespace_planner/share/freespace_planner/cmake/freespace_plannerConfig.cmake
[15.868s] -- Installing: /home/yeap/APC_2022_Prac/airsimversion/autoware.ai/install/freespace_planner/share/freespace_planner/cmake/freespace_plannerConfig-version.cmake
[15.869s] -- Installing: /home/yeap/APC_2022_Prac/airsimversion/autoware.ai/install/freespace_planner/share/freespace_planner/package.xml
[15.869s] -- Installing: /home/yeap/APC_2022_Prac/airsimversion/autoware.ai/install/freespace_planner/lib/freespace_planner/astar_navi
[15.870s] -- Set runtime path of "/home/yeap/APC_2022_Prac/airsimversion/autoware.ai/install/freespace_planner/lib/freespace_planner/astar_navi" to ""
[15.871s] -- Installing: /home/yeap/APC_2022_Prac/airsimversion/autoware.ai/install/freespace_planner/share/freespace_planner/launch
[15.879s] -- Installing: /home/yeap/APC_2022_Prac/airsimversion/autoware.ai/install/freespace_planner/share/freespace_planner/launch/astar_navi.launch
[15.888s] Invoked command in '/home/yeap/APC_2022_Prac/airsimversion/autoware.ai/build/freespace_planner' returned '0': CMAKE_PREFIX_PATH=/home/yeap/APC_2022_Prac/airsimversion/autoware.ai/install/astar_search:/home/yeap/APC_2022_Prac/airsimversion/autoware.ai/install/autoware_msgs:/home/yeap/APC_2022_Prac/airsimversion/autoware.ai/install/autoware_build_flags:${CMAKE_PREFIX_PATH} LD_LIBRARY_PATH=/home/yeap/APC_2022_Prac/airsimversion/autoware.ai/install/astar_search/lib:${LD_LIBRARY_PATH} PKG_CONFIG_PATH=/home/yeap/APC_2022_Prac/airsimversion/autoware.ai/install/astar_search/lib/x86_64-linux-gnu/pkgconfig:/home/yeap/APC_2022_Prac/airsimversion/autoware.ai/install/astar_search/lib/pkgconfig:/home/yeap/APC_2022_Prac/airsimversion/autoware.ai/install/autoware_msgs/lib/x86_64-linux-gnu/pkgconfig:/home/yeap/APC_2022_Prac/airsimversion/autoware.ai/install/autoware_msgs/lib/pkgconfig:/home/yeap/APC_2022_Prac/airsimversion/autoware.ai/install/autoware_build_flags/lib/x86_64-linux-gnu/pkgconfig:/home/yeap/APC_2022_Prac/airsimversion/autoware.ai/install/autoware_build_flags/lib/pkgconfig:${PKG_CONFIG_PATH} PYTHONPATH=/home/yeap/APC_2022_Prac/airsimversion/autoware.ai/install/autoware_msgs/lib/python2.7/dist-packages:${PYTHONPATH} ROS_PACKAGE_PATH=/home/yeap/APC_2022_Prac/airsimversion/autoware.ai/install/astar_search/share:/home/yeap/APC_2022_Prac/airsimversion/autoware.ai/install/autoware_msgs/share:/home/yeap/APC_2022_Prac/airsimversion/autoware.ai/install/autoware_build_flags/share:${ROS_PACKAGE_PATH} /usr/bin/cmake --build /home/yeap/APC_2022_Prac/airsimversion/autoware.ai/build/freespace_planner --target install -- -j6 -l6
