[0.020s] Invoking command in '/home/yeap/APC_2022_Prac/airsimversion/autoware.ai/build/multi_lidar_calibrator': CMAKE_PREFIX_PATH=/home/yeap/APC_2022_Prac/airsimversion/autoware.ai/install/autoware_build_flags:${CMAKE_PREFIX_PATH} PKG_CONFIG_PATH=/home/yeap/APC_2022_Prac/airsimversion/autoware.ai/install/autoware_build_flags/lib/x86_64-linux-gnu/pkgconfig:/home/yeap/APC_2022_Prac/airsimversion/autoware.ai/install/autoware_build_flags/lib/pkgconfig:${PKG_CONFIG_PATH} ROS_PACKAGE_PATH=/home/yeap/APC_2022_Prac/airsimversion/autoware.ai/install/autoware_build_flags/share:${ROS_PACKAGE_PATH} /usr/bin/cmake /home/yeap/APC_2022_Prac/airsimversion/autoware.ai/src/autoware/utilities/multi_lidar_calibrator -DCMAKE_BUILD_TYPE=Release -DCATKIN_INSTALL_INTO_PREFIX_ROOT=0 -DCMAKE_INSTALL_PREFIX=/home/yeap/APC_2022_Prac/airsimversion/autoware.ai/install/multi_lidar_calibrator
[0.093s] -- The C compiler identification is GNU 7.5.0
[0.167s] -- The CXX compiler identification is GNU 7.5.0
[0.172s] -- Check for working C compiler: /usr/bin/cc
[0.251s] -- Check for working C compiler: /usr/bin/cc -- works
[0.253s] -- Detecting C compiler ABI info
[0.331s] -- Detecting C compiler ABI info - done
[0.341s] -- Detecting C compile features
[0.573s] -- Detecting C compile features - done
[0.573s] -- Check for working CXX compiler: /usr/bin/c++
[0.664s] -- Check for working CXX compiler: /usr/bin/c++ -- works
[0.665s] -- Detecting CXX compiler ABI info
[0.752s] -- Detecting CXX compiler ABI info - done
[0.759s] -- Detecting CXX compile features
[1.137s] -- Detecting CXX compile features - done
[1.139s] -- CUDA compilation status: .
[1.141s] -- Using CATKIN_DEVEL_PREFIX: /home/yeap/APC_2022_Prac/airsimversion/autoware.ai/build/multi_lidar_calibrator/devel
[1.141s] -- Using CMAKE_PREFIX_PATH: /home/yeap/APC_2022_Prac/airsimversion/autoware.ai/install/autoware_build_flags;/opt/ros/melodic
[1.142s] -- This workspace overlays: /home/yeap/APC_2022_Prac/airsimversion/autoware.ai/install/autoware_build_flags;/opt/ros/melodic
[1.159s] -- Found PythonInterp: /usr/bin/python2 (found suitable version "2.7.17", minimum required is "2") 
[1.159s] -- Using PYTHON_EXECUTABLE: /usr/bin/python2
[1.159s] -- Using Debian Python package layout
[1.159s] -- Using empy: /usr/bin/empy
[1.333s] -- Using CATKIN_ENABLE_TESTING: ON
[1.333s] -- Call enable_testing()
[1.336s] -- Using CATKIN_TEST_RESULTS_DIR: /home/yeap/APC_2022_Prac/airsimversion/autoware.ai/build/multi_lidar_calibrator/test_results
[1.359s] -- Found gtest sources under '/usr/src/googletest': gtests will be built
[1.360s] -- Found gmock sources under '/usr/src/googletest': gmock will be built
[1.376s] -- Found PythonInterp: /usr/bin/python2 (found version "2.7.17") 
[1.376s] -- Looking for pthread.h
[1.452s] -- Looking for pthread.h - found
[1.453s] -- Looking for pthread_create
[1.535s] -- Looking for pthread_create - not found
[1.535s] -- Looking for pthread_create in pthreads
[1.591s] -- Looking for pthread_create in pthreads - not found
[1.592s] -- Looking for pthread_create in pthread
[1.672s] -- Looking for pthread_create in pthread - found
[1.673s] -- Found Threads: TRUE  
[1.676s] -- Using Python nosetests: /usr/bin/nosetests-2.7
[1.728s] -- catkin 0.7.29
[1.729s] -- BUILD_SHARED_LIBS is on
[2.536s] -- Using these message generators: gencpp;geneus;genlisp;gennodejs;genpy
[3.085s] -- Found OpenCV: /usr (found version "3.2.0") 
[3.089s] -- Configuring done
[3.168s] -- Generating done
[3.179s] -- Build files have been written to: /home/yeap/APC_2022_Prac/airsimversion/autoware.ai/build/multi_lidar_calibrator
[3.188s] Invoked command in '/home/yeap/APC_2022_Prac/airsimversion/autoware.ai/build/multi_lidar_calibrator' returned '0': CMAKE_PREFIX_PATH=/home/yeap/APC_2022_Prac/airsimversion/autoware.ai/install/autoware_build_flags:${CMAKE_PREFIX_PATH} PKG_CONFIG_PATH=/home/yeap/APC_2022_Prac/airsimversion/autoware.ai/install/autoware_build_flags/lib/x86_64-linux-gnu/pkgconfig:/home/yeap/APC_2022_Prac/airsimversion/autoware.ai/install/autoware_build_flags/lib/pkgconfig:${PKG_CONFIG_PATH} ROS_PACKAGE_PATH=/home/yeap/APC_2022_Prac/airsimversion/autoware.ai/install/autoware_build_flags/share:${ROS_PACKAGE_PATH} /usr/bin/cmake /home/yeap/APC_2022_Prac/airsimversion/autoware.ai/src/autoware/utilities/multi_lidar_calibrator -DCMAKE_BUILD_TYPE=Release -DCATKIN_INSTALL_INTO_PREFIX_ROOT=0 -DCMAKE_INSTALL_PREFIX=/home/yeap/APC_2022_Prac/airsimversion/autoware.ai/install/multi_lidar_calibrator
[3.189s] Invoking command in '/home/yeap/APC_2022_Prac/airsimversion/autoware.ai/build/multi_lidar_calibrator': CMAKE_PREFIX_PATH=/home/yeap/APC_2022_Prac/airsimversion/autoware.ai/install/autoware_build_flags:${CMAKE_PREFIX_PATH} PKG_CONFIG_PATH=/home/yeap/APC_2022_Prac/airsimversion/autoware.ai/install/autoware_build_flags/lib/x86_64-linux-gnu/pkgconfig:/home/yeap/APC_2022_Prac/airsimversion/autoware.ai/install/autoware_build_flags/lib/pkgconfig:${PKG_CONFIG_PATH} ROS_PACKAGE_PATH=/home/yeap/APC_2022_Prac/airsimversion/autoware.ai/install/autoware_build_flags/share:${ROS_PACKAGE_PATH} /usr/bin/cmake --build /home/yeap/APC_2022_Prac/airsimversion/autoware.ai/build/multi_lidar_calibrator -- -j6 -l6
[3.241s] [35m[1mScanning dependencies of target multi_lidar_calibrator_lib[0m
[3.335s] [ 25%] [32mBuilding CXX object CMakeFiles/multi_lidar_calibrator_lib.dir/src/multi_lidar_calibrator.cpp.o[0m
[38.697s] [ 50%] [32m[1mLinking CXX shared library devel/lib/libmulti_lidar_calibrator_lib.so[0m
[42.955s] [ 50%] Built target multi_lidar_calibrator_lib
[42.969s] [35m[1mScanning dependencies of target multi_lidar_calibrator[0m
[43.088s] [ 75%] [32mBuilding CXX object CMakeFiles/multi_lidar_calibrator.dir/src/multi_lidar_calibrator_node.cpp.o[0m
[59.756s] [100%] [32m[1mLinking CXX executable devel/lib/multi_lidar_calibrator/multi_lidar_calibrator[0m
[60.754s] [100%] Built target multi_lidar_calibrator
[60.773s] Invoked command in '/home/yeap/APC_2022_Prac/airsimversion/autoware.ai/build/multi_lidar_calibrator' returned '0': CMAKE_PREFIX_PATH=/home/yeap/APC_2022_Prac/airsimversion/autoware.ai/install/autoware_build_flags:${CMAKE_PREFIX_PATH} PKG_CONFIG_PATH=/home/yeap/APC_2022_Prac/airsimversion/autoware.ai/install/autoware_build_flags/lib/x86_64-linux-gnu/pkgconfig:/home/yeap/APC_2022_Prac/airsimversion/autoware.ai/install/autoware_build_flags/lib/pkgconfig:${PKG_CONFIG_PATH} ROS_PACKAGE_PATH=/home/yeap/APC_2022_Prac/airsimversion/autoware.ai/install/autoware_build_flags/share:${ROS_PACKAGE_PATH} /usr/bin/cmake --build /home/yeap/APC_2022_Prac/airsimversion/autoware.ai/build/multi_lidar_calibrator -- -j6 -l6
[60.882s] Invoking command in '/home/yeap/APC_2022_Prac/airsimversion/autoware.ai/build/multi_lidar_calibrator': CMAKE_PREFIX_PATH=/home/yeap/APC_2022_Prac/airsimversion/autoware.ai/install/autoware_build_flags:${CMAKE_PREFIX_PATH} PKG_CONFIG_PATH=/home/yeap/APC_2022_Prac/airsimversion/autoware.ai/install/autoware_build_flags/lib/x86_64-linux-gnu/pkgconfig:/home/yeap/APC_2022_Prac/airsimversion/autoware.ai/install/autoware_build_flags/lib/pkgconfig:${PKG_CONFIG_PATH} ROS_PACKAGE_PATH=/home/yeap/APC_2022_Prac/airsimversion/autoware.ai/install/autoware_build_flags/share:${ROS_PACKAGE_PATH} /usr/bin/cmake --build /home/yeap/APC_2022_Prac/airsimversion/autoware.ai/build/multi_lidar_calibrator --target tests -- -j6 -l6
[60.986s] [35m[1mScanning dependencies of target tests[0m
[61.001s] Built target tests
[61.017s] Invoked command in '/home/yeap/APC_2022_Prac/airsimversion/autoware.ai/build/multi_lidar_calibrator' returned '0': CMAKE_PREFIX_PATH=/home/yeap/APC_2022_Prac/airsimversion/autoware.ai/install/autoware_build_flags:${CMAKE_PREFIX_PATH} PKG_CONFIG_PATH=/home/yeap/APC_2022_Prac/airsimversion/autoware.ai/install/autoware_build_flags/lib/x86_64-linux-gnu/pkgconfig:/home/yeap/APC_2022_Prac/airsimversion/autoware.ai/install/autoware_build_flags/lib/pkgconfig:${PKG_CONFIG_PATH} ROS_PACKAGE_PATH=/home/yeap/APC_2022_Prac/airsimversion/autoware.ai/install/autoware_build_flags/share:${ROS_PACKAGE_PATH} /usr/bin/cmake --build /home/yeap/APC_2022_Prac/airsimversion/autoware.ai/build/multi_lidar_calibrator --target tests -- -j6 -l6
[61.124s] Invoking command in '/home/yeap/APC_2022_Prac/airsimversion/autoware.ai/build/multi_lidar_calibrator': CMAKE_PREFIX_PATH=/home/yeap/APC_2022_Prac/airsimversion/autoware.ai/install/autoware_build_flags:${CMAKE_PREFIX_PATH} PKG_CONFIG_PATH=/home/yeap/APC_2022_Prac/airsimversion/autoware.ai/install/autoware_build_flags/lib/x86_64-linux-gnu/pkgconfig:/home/yeap/APC_2022_Prac/airsimversion/autoware.ai/install/autoware_build_flags/lib/pkgconfig:${PKG_CONFIG_PATH} ROS_PACKAGE_PATH=/home/yeap/APC_2022_Prac/airsimversion/autoware.ai/install/autoware_build_flags/share:${ROS_PACKAGE_PATH} /usr/bin/cmake --build /home/yeap/APC_2022_Prac/airsimversion/autoware.ai/build/multi_lidar_calibrator --target install -- -j6 -l6
[61.210s] [ 50%] Built target multi_lidar_calibrator_lib
[61.252s] [100%] Built target multi_lidar_calibrator
[61.276s] [36mInstall the project...[0m
[61.288s] -- Install configuration: "Release"
[61.290s] -- Installing: /home/yeap/APC_2022_Prac/airsimversion/autoware.ai/install/multi_lidar_calibrator/lib/pkgconfig/multi_lidar_calibrator.pc
[61.291s] -- Installing: /home/yeap/APC_2022_Prac/airsimversion/autoware.ai/install/multi_lidar_calibrator/share/multi_lidar_calibrator/cmake/multi_lidar_calibratorConfig.cmake
[61.292s] -- Installing: /home/yeap/APC_2022_Prac/airsimversion/autoware.ai/install/multi_lidar_calibrator/share/multi_lidar_calibrator/cmake/multi_lidar_calibratorConfig-version.cmake
[61.292s] -- Installing: /home/yeap/APC_2022_Prac/airsimversion/autoware.ai/install/multi_lidar_calibrator/share/multi_lidar_calibrator/package.xml
[61.293s] -- Installing: /home/yeap/APC_2022_Prac/airsimversion/autoware.ai/install/multi_lidar_calibrator/lib/multi_lidar_calibrator/multi_lidar_calibrator
[61.301s] -- Set runtime path of "/home/yeap/APC_2022_Prac/airsimversion/autoware.ai/install/multi_lidar_calibrator/lib/multi_lidar_calibrator/multi_lidar_calibrator" to ""
[61.301s] -- Installing: /home/yeap/APC_2022_Prac/airsimversion/autoware.ai/install/multi_lidar_calibrator/lib/libmulti_lidar_calibrator_lib.so
[61.322s] -- Set runtime path of "/home/yeap/APC_2022_Prac/airsimversion/autoware.ai/install/multi_lidar_calibrator/lib/libmulti_lidar_calibrator_lib.so" to ""
[61.322s] -- Installing: /home/yeap/APC_2022_Prac/airsimversion/autoware.ai/install/multi_lidar_calibrator/share/multi_lidar_calibrator/launch
[61.322s] -- Installing: /home/yeap/APC_2022_Prac/airsimversion/autoware.ai/install/multi_lidar_calibrator/share/multi_lidar_calibrator/launch/multi_lidar_calibrator.launch
[61.329s] Invoked command in '/home/yeap/APC_2022_Prac/airsimversion/autoware.ai/build/multi_lidar_calibrator' returned '0': CMAKE_PREFIX_PATH=/home/yeap/APC_2022_Prac/airsimversion/autoware.ai/install/autoware_build_flags:${CMAKE_PREFIX_PATH} PKG_CONFIG_PATH=/home/yeap/APC_2022_Prac/airsimversion/autoware.ai/install/autoware_build_flags/lib/x86_64-linux-gnu/pkgconfig:/home/yeap/APC_2022_Prac/airsimversion/autoware.ai/install/autoware_build_flags/lib/pkgconfig:${PKG_CONFIG_PATH} ROS_PACKAGE_PATH=/home/yeap/APC_2022_Prac/airsimversion/autoware.ai/install/autoware_build_flags/share:${ROS_PACKAGE_PATH} /usr/bin/cmake --build /home/yeap/APC_2022_Prac/airsimversion/autoware.ai/build/multi_lidar_calibrator --target install -- -j6 -l6
