[0.042s] Invoking command in '/home/yeap/APC_2022_Prac/airsimversion/autoware.ai/build/twist_gate': CMAKE_PREFIX_PATH=/home/yeap/APC_2022_Prac/airsimversion/autoware.ai/install/autoware_health_checker:/home/yeap/APC_2022_Prac/airsimversion/autoware.ai/install/tablet_socket_msgs:/home/yeap/APC_2022_Prac/airsimversion/autoware.ai/install/ros_observer:/home/yeap/APC_2022_Prac/airsimversion/autoware.ai/install/autoware_system_msgs:/home/yeap/APC_2022_Prac/airsimversion/autoware.ai/install/autoware_msgs:/home/yeap/APC_2022_Prac/airsimversion/autoware.ai/install/autoware_config_msgs:/home/yeap/APC_2022_Prac/airsimversion/autoware.ai/install/autoware_build_flags:${CMAKE_PREFIX_PATH} LD_LIBRARY_PATH=/home/yeap/APC_2022_Prac/airsimversion/autoware.ai/install/autoware_health_checker/lib:/home/yeap/APC_2022_Prac/airsimversion/autoware.ai/install/ros_observer/lib:${LD_LIBRARY_PATH} PKG_CONFIG_PATH=/home/yeap/APC_2022_Prac/airsimversion/autoware.ai/install/autoware_health_checker/lib/x86_64-linux-gnu/pkgconfig:/home/yeap/APC_2022_Prac/airsimversion/autoware.ai/install/autoware_health_checker/lib/pkgconfig:/home/yeap/APC_2022_Prac/airsimversion/autoware.ai/install/tablet_socket_msgs/lib/x86_64-linux-gnu/pkgconfig:/home/yeap/APC_2022_Prac/airsimversion/autoware.ai/install/tablet_socket_msgs/lib/pkgconfig:/home/yeap/APC_2022_Prac/airsimversion/autoware.ai/install/ros_observer/lib/x86_64-linux-gnu/pkgconfig:/home/yeap/APC_2022_Prac/airsimversion/autoware.ai/install/ros_observer/lib/pkgconfig:/home/yeap/APC_2022_Prac/airsimversion/autoware.ai/install/autoware_system_msgs/lib/x86_64-linux-gnu/pkgconfig:/home/yeap/APC_2022_Prac/airsimversion/autoware.ai/install/autoware_system_msgs/lib/pkgconfig:/home/yeap/APC_2022_Prac/airsimversion/autoware.ai/install/autoware_msgs/lib/x86_64-linux-gnu/pkgconfig:/home/yeap/APC_2022_Prac/airsimversion/autoware.ai/install/autoware_msgs/lib/pkgconfig:/home/yeap/APC_2022_Prac/airsimversion/autoware.ai/install/autoware_config_msgs/lib/x86_64-linux-gnu/pkgconfig:/home/yeap/APC_2022_Prac/airsimversion/autoware.ai/install/autoware_config_msgs/lib/pkgconfig:/home/yeap/APC_2022_Prac/airsimversion/autoware.ai/install/autoware_build_flags/lib/x86_64-linux-gnu/pkgconfig:/home/yeap/APC_2022_Prac/airsimversion/autoware.ai/install/autoware_build_flags/lib/pkgconfig:${PKG_CONFIG_PATH} PYTHONPATH=/home/yeap/APC_2022_Prac/airsimversion/autoware.ai/install/tablet_socket_msgs/lib/python2.7/dist-packages:/home/yeap/APC_2022_Prac/airsimversion/autoware.ai/install/autoware_system_msgs/lib/python2.7/dist-packages:/home/yeap/APC_2022_Prac/airsimversion/autoware.ai/install/autoware_msgs/lib/python2.7/dist-packages:/home/yeap/APC_2022_Prac/airsimversion/autoware.ai/install/autoware_config_msgs/lib/python2.7/dist-packages:${PYTHONPATH} ROS_PACKAGE_PATH=/home/yeap/APC_2022_Prac/airsimversion/autoware.ai/install/autoware_health_checker/share:/home/yeap/APC_2022_Prac/airsimversion/autoware.ai/install/tablet_socket_msgs/share:/home/yeap/APC_2022_Prac/airsimversion/autoware.ai/install/ros_observer/share:/home/yeap/APC_2022_Prac/airsimversion/autoware.ai/install/autoware_system_msgs/share:/home/yeap/APC_2022_Prac/airsimversion/autoware.ai/install/autoware_msgs/share:/home/yeap/APC_2022_Prac/airsimversion/autoware.ai/install/autoware_config_msgs/share:/home/yeap/APC_2022_Prac/airsimversion/autoware.ai/install/autoware_build_flags/share:${ROS_PACKAGE_PATH} /usr/bin/cmake /home/yeap/APC_2022_Prac/airsimversion/autoware.ai/src/autoware/core_planning/twist_gate -DCMAKE_BUILD_TYPE=Release -DCATKIN_INSTALL_INTO_PREFIX_ROOT=0 -DCMAKE_INSTALL_PREFIX=/home/yeap/APC_2022_Prac/airsimversion/autoware.ai/install/twist_gate
[0.117s] -- The C compiler identification is GNU 7.5.0
[0.185s] -- The CXX compiler identification is GNU 7.5.0
[0.190s] -- Check for working C compiler: /usr/bin/cc
[0.268s] -- Check for working C compiler: /usr/bin/cc -- works
[0.269s] -- Detecting C compiler ABI info
[0.341s] -- Detecting C compiler ABI info - done
[0.350s] -- Detecting C compile features
[0.570s] -- Detecting C compile features - done
[0.574s] -- Check for working CXX compiler: /usr/bin/c++
[0.659s] -- Check for working CXX compiler: /usr/bin/c++ -- works
[0.660s] -- Detecting CXX compiler ABI info
[0.745s] -- Detecting CXX compiler ABI info - done
[0.754s] -- Detecting CXX compile features
[1.155s] -- Detecting CXX compile features - done
[1.158s] -- CUDA compilation status: .
[1.160s] -- Using CATKIN_DEVEL_PREFIX: /home/yeap/APC_2022_Prac/airsimversion/autoware.ai/build/twist_gate/devel
[1.161s] -- Using CMAKE_PREFIX_PATH: /home/yeap/APC_2022_Prac/airsimversion/autoware.ai/install/autoware_health_checker;/home/yeap/APC_2022_Prac/airsimversion/autoware.ai/install/tablet_socket_msgs;/home/yeap/APC_2022_Prac/airsimversion/autoware.ai/install/ros_observer;/home/yeap/APC_2022_Prac/airsimversion/autoware.ai/install/autoware_system_msgs;/home/yeap/APC_2022_Prac/airsimversion/autoware.ai/install/autoware_msgs;/home/yeap/APC_2022_Prac/airsimversion/autoware.ai/install/autoware_config_msgs;/home/yeap/APC_2022_Prac/airsimversion/autoware.ai/install/autoware_build_flags;/opt/ros/melodic
[1.162s] -- This workspace overlays: /home/yeap/APC_2022_Prac/airsimversion/autoware.ai/install/autoware_health_checker;/home/yeap/APC_2022_Prac/airsimversion/autoware.ai/install/tablet_socket_msgs;/home/yeap/APC_2022_Prac/airsimversion/autoware.ai/install/ros_observer;/home/yeap/APC_2022_Prac/airsimversion/autoware.ai/install/autoware_system_msgs;/home/yeap/APC_2022_Prac/airsimversion/autoware.ai/install/autoware_msgs;/home/yeap/APC_2022_Prac/airsimversion/autoware.ai/install/autoware_config_msgs;/home/yeap/APC_2022_Prac/airsimversion/autoware.ai/install/autoware_build_flags;/opt/ros/melodic
[1.178s] -- Found PythonInterp: /usr/bin/python2 (found suitable version "2.7.17", minimum required is "2") 
[1.179s] -- Using PYTHON_EXECUTABLE: /usr/bin/python2
[1.179s] -- Using Debian Python package layout
[1.180s] -- Using empy: /usr/bin/empy
[1.349s] -- Using CATKIN_ENABLE_TESTING: ON
[1.349s] -- Call enable_testing()
[1.360s] -- Using CATKIN_TEST_RESULTS_DIR: /home/yeap/APC_2022_Prac/airsimversion/autoware.ai/build/twist_gate/test_results
[1.376s] -- Found gtest sources under '/usr/src/googletest': gtests will be built
[1.377s] -- Found gmock sources under '/usr/src/googletest': gmock will be built
[1.392s] -- Found PythonInterp: /usr/bin/python2 (found version "2.7.17") 
[1.394s] -- Looking for pthread.h
[1.468s] -- Looking for pthread.h - found
[1.469s] -- Looking for pthread_create
[1.546s] -- Looking for pthread_create - not found
[1.546s] -- Looking for pthread_create in pthreads
[1.607s] -- Looking for pthread_create in pthreads - not found
[1.608s] -- Looking for pthread_create in pthread
[1.681s] -- Looking for pthread_create in pthread - found
[1.683s] -- Found Threads: TRUE  
[1.688s] -- Using Python nosetests: /usr/bin/nosetests-2.7
[1.741s] -- catkin 0.7.29
[1.741s] -- BUILD_SHARED_LIBS is on
[1.924s] -- Using these message generators: gencpp;geneus;genlisp;gennodejs;genpy
[2.210s] -- Configuring done
[2.254s] -- Generating done
[2.267s] -- Build files have been written to: /home/yeap/APC_2022_Prac/airsimversion/autoware.ai/build/twist_gate
[2.276s] Invoked command in '/home/yeap/APC_2022_Prac/airsimversion/autoware.ai/build/twist_gate' returned '0': CMAKE_PREFIX_PATH=/home/yeap/APC_2022_Prac/airsimversion/autoware.ai/install/autoware_health_checker:/home/yeap/APC_2022_Prac/airsimversion/autoware.ai/install/tablet_socket_msgs:/home/yeap/APC_2022_Prac/airsimversion/autoware.ai/install/ros_observer:/home/yeap/APC_2022_Prac/airsimversion/autoware.ai/install/autoware_system_msgs:/home/yeap/APC_2022_Prac/airsimversion/autoware.ai/install/autoware_msgs:/home/yeap/APC_2022_Prac/airsimversion/autoware.ai/install/autoware_config_msgs:/home/yeap/APC_2022_Prac/airsimversion/autoware.ai/install/autoware_build_flags:${CMAKE_PREFIX_PATH} LD_LIBRARY_PATH=/home/yeap/APC_2022_Prac/airsimversion/autoware.ai/install/autoware_health_checker/lib:/home/yeap/APC_2022_Prac/airsimversion/autoware.ai/install/ros_observer/lib:${LD_LIBRARY_PATH} PKG_CONFIG_PATH=/home/yeap/APC_2022_Prac/airsimversion/autoware.ai/install/autoware_health_checker/lib/x86_64-linux-gnu/pkgconfig:/home/yeap/APC_2022_Prac/airsimversion/autoware.ai/install/autoware_health_checker/lib/pkgconfig:/home/yeap/APC_2022_Prac/airsimversion/autoware.ai/install/tablet_socket_msgs/lib/x86_64-linux-gnu/pkgconfig:/home/yeap/APC_2022_Prac/airsimversion/autoware.ai/install/tablet_socket_msgs/lib/pkgconfig:/home/yeap/APC_2022_Prac/airsimversion/autoware.ai/install/ros_observer/lib/x86_64-linux-gnu/pkgconfig:/home/yeap/APC_2022_Prac/airsimversion/autoware.ai/install/ros_observer/lib/pkgconfig:/home/yeap/APC_2022_Prac/airsimversion/autoware.ai/install/autoware_system_msgs/lib/x86_64-linux-gnu/pkgconfig:/home/yeap/APC_2022_Prac/airsimversion/autoware.ai/install/autoware_system_msgs/lib/pkgconfig:/home/yeap/APC_2022_Prac/airsimversion/autoware.ai/install/autoware_msgs/lib/x86_64-linux-gnu/pkgconfig:/home/yeap/APC_2022_Prac/airsimversion/autoware.ai/install/autoware_msgs/lib/pkgconfig:/home/yeap/APC_2022_Prac/airsimversion/autoware.ai/install/autoware_config_msgs/lib/x86_64-linux-gnu/pkgconfig:/home/yeap/APC_2022_Prac/airsimversion/autoware.ai/install/autoware_config_msgs/lib/pkgconfig:/home/yeap/APC_2022_Prac/airsimversion/autoware.ai/install/autoware_build_flags/lib/x86_64-linux-gnu/pkgconfig:/home/yeap/APC_2022_Prac/airsimversion/autoware.ai/install/autoware_build_flags/lib/pkgconfig:${PKG_CONFIG_PATH} PYTHONPATH=/home/yeap/APC_2022_Prac/airsimversion/autoware.ai/install/tablet_socket_msgs/lib/python2.7/dist-packages:/home/yeap/APC_2022_Prac/airsimversion/autoware.ai/install/autoware_system_msgs/lib/python2.7/dist-packages:/home/yeap/APC_2022_Prac/airsimversion/autoware.ai/install/autoware_msgs/lib/python2.7/dist-packages:/home/yeap/APC_2022_Prac/airsimversion/autoware.ai/install/autoware_config_msgs/lib/python2.7/dist-packages:${PYTHONPATH} ROS_PACKAGE_PATH=/home/yeap/APC_2022_Prac/airsimversion/autoware.ai/install/autoware_health_checker/share:/home/yeap/APC_2022_Prac/airsimversion/autoware.ai/install/tablet_socket_msgs/share:/home/yeap/APC_2022_Prac/airsimversion/autoware.ai/install/ros_observer/share:/home/yeap/APC_2022_Prac/airsimversion/autoware.ai/install/autoware_system_msgs/share:/home/yeap/APC_2022_Prac/airsimversion/autoware.ai/install/autoware_msgs/share:/home/yeap/APC_2022_Prac/airsimversion/autoware.ai/install/autoware_config_msgs/share:/home/yeap/APC_2022_Prac/airsimversion/autoware.ai/install/autoware_build_flags/share:${ROS_PACKAGE_PATH} /usr/bin/cmake /home/yeap/APC_2022_Prac/airsimversion/autoware.ai/src/autoware/core_planning/twist_gate -DCMAKE_BUILD_TYPE=Release -DCATKIN_INSTALL_INTO_PREFIX_ROOT=0 -DCMAKE_INSTALL_PREFIX=/home/yeap/APC_2022_Prac/airsimversion/autoware.ai/install/twist_gate
[2.277s] Invoking command in '/home/yeap/APC_2022_Prac/airsimversion/autoware.ai/build/twist_gate': CMAKE_PREFIX_PATH=/home/yeap/APC_2022_Prac/airsimversion/autoware.ai/install/autoware_health_checker:/home/yeap/APC_2022_Prac/airsimversion/autoware.ai/install/tablet_socket_msgs:/home/yeap/APC_2022_Prac/airsimversion/autoware.ai/install/ros_observer:/home/yeap/APC_2022_Prac/airsimversion/autoware.ai/install/autoware_system_msgs:/home/yeap/APC_2022_Prac/airsimversion/autoware.ai/install/autoware_msgs:/home/yeap/APC_2022_Prac/airsimversion/autoware.ai/install/autoware_config_msgs:/home/yeap/APC_2022_Prac/airsimversion/autoware.ai/install/autoware_build_flags:${CMAKE_PREFIX_PATH} LD_LIBRARY_PATH=/home/yeap/APC_2022_Prac/airsimversion/autoware.ai/install/autoware_health_checker/lib:/home/yeap/APC_2022_Prac/airsimversion/autoware.ai/install/ros_observer/lib:${LD_LIBRARY_PATH} PKG_CONFIG_PATH=/home/yeap/APC_2022_Prac/airsimversion/autoware.ai/install/autoware_health_checker/lib/x86_64-linux-gnu/pkgconfig:/home/yeap/APC_2022_Prac/airsimversion/autoware.ai/install/autoware_health_checker/lib/pkgconfig:/home/yeap/APC_2022_Prac/airsimversion/autoware.ai/install/tablet_socket_msgs/lib/x86_64-linux-gnu/pkgconfig:/home/yeap/APC_2022_Prac/airsimversion/autoware.ai/install/tablet_socket_msgs/lib/pkgconfig:/home/yeap/APC_2022_Prac/airsimversion/autoware.ai/install/ros_observer/lib/x86_64-linux-gnu/pkgconfig:/home/yeap/APC_2022_Prac/airsimversion/autoware.ai/install/ros_observer/lib/pkgconfig:/home/yeap/APC_2022_Prac/airsimversion/autoware.ai/install/autoware_system_msgs/lib/x86_64-linux-gnu/pkgconfig:/home/yeap/APC_2022_Prac/airsimversion/autoware.ai/install/autoware_system_msgs/lib/pkgconfig:/home/yeap/APC_2022_Prac/airsimversion/autoware.ai/install/autoware_msgs/lib/x86_64-linux-gnu/pkgconfig:/home/yeap/APC_2022_Prac/airsimversion/autoware.ai/install/autoware_msgs/lib/pkgconfig:/home/yeap/APC_2022_Prac/airsimversion/autoware.ai/install/autoware_config_msgs/lib/x86_64-linux-gnu/pkgconfig:/home/yeap/APC_2022_Prac/airsimversion/autoware.ai/install/autoware_config_msgs/lib/pkgconfig:/home/yeap/APC_2022_Prac/airsimversion/autoware.ai/install/autoware_build_flags/lib/x86_64-linux-gnu/pkgconfig:/home/yeap/APC_2022_Prac/airsimversion/autoware.ai/install/autoware_build_flags/lib/pkgconfig:${PKG_CONFIG_PATH} PYTHONPATH=/home/yeap/APC_2022_Prac/airsimversion/autoware.ai/install/tablet_socket_msgs/lib/python2.7/dist-packages:/home/yeap/APC_2022_Prac/airsimversion/autoware.ai/install/autoware_system_msgs/lib/python2.7/dist-packages:/home/yeap/APC_2022_Prac/airsimversion/autoware.ai/install/autoware_msgs/lib/python2.7/dist-packages:/home/yeap/APC_2022_Prac/airsimversion/autoware.ai/install/autoware_config_msgs/lib/python2.7/dist-packages:${PYTHONPATH} ROS_PACKAGE_PATH=/home/yeap/APC_2022_Prac/airsimversion/autoware.ai/install/autoware_health_checker/share:/home/yeap/APC_2022_Prac/airsimversion/autoware.ai/install/tablet_socket_msgs/share:/home/yeap/APC_2022_Prac/airsimversion/autoware.ai/install/ros_observer/share:/home/yeap/APC_2022_Prac/airsimversion/autoware.ai/install/autoware_system_msgs/share:/home/yeap/APC_2022_Prac/airsimversion/autoware.ai/install/autoware_msgs/share:/home/yeap/APC_2022_Prac/airsimversion/autoware.ai/install/autoware_config_msgs/share:/home/yeap/APC_2022_Prac/airsimversion/autoware.ai/install/autoware_build_flags/share:${ROS_PACKAGE_PATH} /usr/bin/cmake --build /home/yeap/APC_2022_Prac/airsimversion/autoware.ai/build/twist_gate -- -j6 -l6
[2.341s] [35m[1mScanning dependencies of target autoware_msgs_generate_messages_cpp[0m
[2.353s] [  0%] Built target autoware_msgs_generate_messages_cpp
[2.365s] [35m[1mScanning dependencies of target autoware_system_msgs_generate_messages_cpp[0m
[2.377s] [  0%] Built target autoware_system_msgs_generate_messages_cpp
[2.389s] [35m[1mScanning dependencies of target autoware_config_msgs_generate_messages_nodejs[0m
[2.402s] [  0%] Built target autoware_config_msgs_generate_messages_nodejs
[2.414s] [35m[1mScanning dependencies of target autoware_msgs_generate_messages_lisp[0m
[2.426s] [  0%] Built target autoware_msgs_generate_messages_lisp
[2.439s] [35m[1mScanning dependencies of target jsk_recognition_msgs_generate_messages_cpp[0m
[2.451s] [  0%] Built target jsk_recognition_msgs_generate_messages_cpp
[2.463s] [35m[1mScanning dependencies of target autoware_msgs_generate_messages_eus[0m
[2.475s] [  0%] Built target autoware_msgs_generate_messages_eus
[2.488s] [35m[1mScanning dependencies of target rosgraph_msgs_generate_messages_cpp[0m
[2.500s] [  0%] Built target rosgraph_msgs_generate_messages_cpp
[2.512s] [35m[1mScanning dependencies of target rosgraph_msgs_generate_messages_lisp[0m
[2.524s] [  0%] Built target rosgraph_msgs_generate_messages_lisp
[2.536s] [35m[1mScanning dependencies of target autoware_system_msgs_generate_messages_eus[0m
[2.549s] [  0%] Built target autoware_system_msgs_generate_messages_eus
[2.561s] [35m[1mScanning dependencies of target jsk_recognition_msgs_generate_messages_eus[0m
[2.573s] [  0%] Built target jsk_recognition_msgs_generate_messages_eus
[2.585s] [35m[1mScanning dependencies of target sensor_msgs_generate_messages_lisp[0m
[2.597s] [  0%] Built target sensor_msgs_generate_messages_lisp
[2.610s] [35m[1mScanning dependencies of target rosgraph_msgs_generate_messages_eus[0m
[2.622s] [  0%] Built target rosgraph_msgs_generate_messages_eus
[2.634s] [35m[1mScanning dependencies of target autoware_msgs_generate_messages_py[0m
[2.646s] [  0%] Built target autoware_msgs_generate_messages_py
[2.657s] [35m[1mScanning dependencies of target std_msgs_generate_messages_py[0m
[2.669s] [  0%] Built target std_msgs_generate_messages_py
[2.681s] [35m[1mScanning dependencies of target std_msgs_generate_messages_cpp[0m
[2.693s] [  0%] Built target std_msgs_generate_messages_cpp
[2.705s] [35m[1mScanning dependencies of target actionlib_msgs_generate_messages_nodejs[0m
[2.718s] [  0%] Built target actionlib_msgs_generate_messages_nodejs
[2.729s] [35m[1mScanning dependencies of target autoware_system_msgs_generate_messages_lisp[0m
[2.741s] [  0%] Built target autoware_system_msgs_generate_messages_lisp
[2.754s] [35m[1mScanning dependencies of target autoware_config_msgs_generate_messages_py[0m
[2.765s] [  0%] Built target autoware_config_msgs_generate_messages_py
[2.777s] [35m[1mScanning dependencies of target roscpp_generate_messages_eus[0m
[2.789s] [  0%] Built target roscpp_generate_messages_eus
[2.801s] [35m[1mScanning dependencies of target actionlib_msgs_generate_messages_eus[0m
[2.813s] [  0%] Built target actionlib_msgs_generate_messages_eus
[2.825s] [35m[1mScanning dependencies of target rosgraph_msgs_generate_messages_py[0m
[2.836s] [  0%] Built target rosgraph_msgs_generate_messages_py
[2.848s] [35m[1mScanning dependencies of target autoware_msgs_generate_messages_nodejs[0m
[2.861s] [  0%] Built target autoware_msgs_generate_messages_nodejs
[2.872s] [35m[1mScanning dependencies of target autoware_config_msgs_generate_messages_cpp[0m
[2.884s] [  0%] Built target autoware_config_msgs_generate_messages_cpp
[2.896s] [35m[1mScanning dependencies of target rosgraph_msgs_generate_messages_nodejs[0m
[2.908s] [  0%] Built target rosgraph_msgs_generate_messages_nodejs
[2.920s] [35m[1mScanning dependencies of target std_msgs_generate_messages_eus[0m
[2.932s] [  0%] Built target std_msgs_generate_messages_eus
[2.944s] [35m[1mScanning dependencies of target geometry_msgs_generate_messages_nodejs[0m
[2.956s] [  0%] Built target geometry_msgs_generate_messages_nodejs
[2.968s] [35m[1mScanning dependencies of target autoware_config_msgs_generate_messages_eus[0m
[2.980s] [  0%] Built target autoware_config_msgs_generate_messages_eus
[2.992s] [35m[1mScanning dependencies of target jsk_footstep_msgs_generate_messages_py[0m
[3.004s] [  0%] Built target jsk_footstep_msgs_generate_messages_py
[3.016s] [35m[1mScanning dependencies of target tablet_socket_msgs_generate_messages_py[0m
[3.028s] [  0%] Built target tablet_socket_msgs_generate_messages_py
[3.039s] [35m[1mScanning dependencies of target roscpp_generate_messages_nodejs[0m
[3.051s] [  0%] Built target roscpp_generate_messages_nodejs
[3.063s] [35m[1mScanning dependencies of target std_msgs_generate_messages_lisp[0m
[3.075s] [  0%] Built target std_msgs_generate_messages_lisp
[3.087s] [35m[1mScanning dependencies of target std_msgs_generate_messages_nodejs[0m
[3.099s] [  0%] Built target std_msgs_generate_messages_nodejs
[3.112s] [35m[1mScanning dependencies of target jsk_recognition_msgs_generate_messages_lisp[0m
[3.124s] [  0%] Built target jsk_recognition_msgs_generate_messages_lisp
[3.135s] [35m[1mScanning dependencies of target jsk_recognition_msgs_generate_messages_py[0m
[3.147s] [  0%] Built target jsk_recognition_msgs_generate_messages_py
[3.159s] [35m[1mScanning dependencies of target sensor_msgs_generate_messages_cpp[0m
[3.171s] [  0%] Built target sensor_msgs_generate_messages_cpp
[3.183s] [35m[1mScanning dependencies of target sensor_msgs_generate_messages_eus[0m
[3.194s] [  0%] Built target sensor_msgs_generate_messages_eus
[3.206s] [35m[1mScanning dependencies of target autoware_system_msgs_generate_messages_py[0m
[3.218s] [  0%] Built target autoware_system_msgs_generate_messages_py
[3.230s] [35m[1mScanning dependencies of target sensor_msgs_generate_messages_nodejs[0m
[3.242s] [  0%] Built target sensor_msgs_generate_messages_nodejs
[3.254s] [35m[1mScanning dependencies of target roscpp_generate_messages_cpp[0m
[3.266s] [  0%] Built target roscpp_generate_messages_cpp
[3.277s] [35m[1mScanning dependencies of target sensor_msgs_generate_messages_py[0m
[3.289s] [  0%] Built target sensor_msgs_generate_messages_py
[3.301s] [35m[1mScanning dependencies of target pcl_msgs_generate_messages_cpp[0m
[3.313s] [  0%] Built target pcl_msgs_generate_messages_cpp
[3.325s] [35m[1mScanning dependencies of target pcl_msgs_generate_messages_eus[0m
[3.337s] [  0%] Built target pcl_msgs_generate_messages_eus
[3.349s] [35m[1mScanning dependencies of target pcl_msgs_generate_messages_lisp[0m
[3.361s] [  0%] Built target pcl_msgs_generate_messages_lisp
[3.373s] [35m[1mScanning dependencies of target pcl_msgs_generate_messages_nodejs[0m
[3.385s] [  0%] Built target pcl_msgs_generate_messages_nodejs
[3.397s] [35m[1mScanning dependencies of target pcl_msgs_generate_messages_py[0m
[3.409s] [  0%] Built target pcl_msgs_generate_messages_py
[3.421s] [35m[1mScanning dependencies of target jsk_footstep_msgs_generate_messages_eus[0m
[3.433s] [  0%] Built target jsk_footstep_msgs_generate_messages_eus
[3.445s] [35m[1mScanning dependencies of target actionlib_msgs_generate_messages_py[0m
[3.457s] [  0%] Built target actionlib_msgs_generate_messages_py
[3.469s] [35m[1mScanning dependencies of target jsk_footstep_msgs_generate_messages_lisp[0m
[3.481s] [  0%] Built target jsk_footstep_msgs_generate_messages_lisp
[3.493s] [35m[1mScanning dependencies of target jsk_footstep_msgs_generate_messages_nodejs[0m
[3.505s] [  0%] Built target jsk_footstep_msgs_generate_messages_nodejs
[3.517s] [35m[1mScanning dependencies of target jsk_footstep_msgs_generate_messages_cpp[0m
[3.529s] [  0%] Built target jsk_footstep_msgs_generate_messages_cpp
[3.541s] [35m[1mScanning dependencies of target actionlib_msgs_generate_messages_cpp[0m
[3.553s] [  0%] Built target actionlib_msgs_generate_messages_cpp
[3.565s] [35m[1mScanning dependencies of target autoware_system_msgs_generate_messages_nodejs[0m
[3.577s] [  0%] Built target autoware_system_msgs_generate_messages_nodejs
[3.588s] [35m[1mScanning dependencies of target actionlib_msgs_generate_messages_lisp[0m
[3.600s] [  0%] Built target actionlib_msgs_generate_messages_lisp
[3.612s] [35m[1mScanning dependencies of target jsk_recognition_msgs_generate_messages_nodejs[0m
[3.624s] [  0%] Built target jsk_recognition_msgs_generate_messages_nodejs
[3.636s] [35m[1mScanning dependencies of target roscpp_generate_messages_lisp[0m
[3.648s] [  0%] Built target roscpp_generate_messages_lisp
[3.659s] [35m[1mScanning dependencies of target roscpp_generate_messages_py[0m
[3.672s] [  0%] Built target roscpp_generate_messages_py
[3.684s] [35m[1mScanning dependencies of target autoware_config_msgs_generate_messages_lisp[0m
[3.696s] [  0%] Built target autoware_config_msgs_generate_messages_lisp
[3.709s] [35m[1mScanning dependencies of target tablet_socket_msgs_generate_messages_cpp[0m
[3.721s] [  0%] Built target tablet_socket_msgs_generate_messages_cpp
[3.741s] [35m[1mScanning dependencies of target tablet_socket_msgs_generate_messages_eus[0m
[3.753s] [  0%] Built target tablet_socket_msgs_generate_messages_eus
[3.765s] [35m[1mScanning dependencies of target tablet_socket_msgs_generate_messages_lisp[0m
[3.777s] [  0%] Built target tablet_socket_msgs_generate_messages_lisp
[3.788s] [35m[1mScanning dependencies of target tablet_socket_msgs_generate_messages_nodejs[0m
[3.800s] [  0%] Built target tablet_socket_msgs_generate_messages_nodejs
[3.813s] [35m[1mScanning dependencies of target geometry_msgs_generate_messages_eus[0m
[3.825s] [  0%] Built target geometry_msgs_generate_messages_eus
[3.836s] [35m[1mScanning dependencies of target geometry_msgs_generate_messages_cpp[0m
[3.848s] [  0%] Built target geometry_msgs_generate_messages_cpp
[3.860s] [35m[1mScanning dependencies of target geometry_msgs_generate_messages_lisp[0m
[3.872s] [  0%] Built target geometry_msgs_generate_messages_lisp
[3.883s] [35m[1mScanning dependencies of target geometry_msgs_generate_messages_py[0m
[3.895s] [  0%] Built target geometry_msgs_generate_messages_py
[3.907s] [35m[1mScanning dependencies of target twist_gate[0m
[3.940s] [ 33%] [32mBuilding CXX object CMakeFiles/twist_gate.dir/src/twist_gate_node.cpp.o[0m
[5.906s] [ 66%] [32mBuilding CXX object CMakeFiles/twist_gate.dir/src/twist_gate.cpp.o[0m
[16.711s] [100%] [32m[1mLinking CXX executable devel/lib/twist_gate/twist_gate[0m
[16.985s] [100%] Built target twist_gate
[17.001s] Invoked command in '/home/yeap/APC_2022_Prac/airsimversion/autoware.ai/build/twist_gate' returned '0': CMAKE_PREFIX_PATH=/home/yeap/APC_2022_Prac/airsimversion/autoware.ai/install/autoware_health_checker:/home/yeap/APC_2022_Prac/airsimversion/autoware.ai/install/tablet_socket_msgs:/home/yeap/APC_2022_Prac/airsimversion/autoware.ai/install/ros_observer:/home/yeap/APC_2022_Prac/airsimversion/autoware.ai/install/autoware_system_msgs:/home/yeap/APC_2022_Prac/airsimversion/autoware.ai/install/autoware_msgs:/home/yeap/APC_2022_Prac/airsimversion/autoware.ai/install/autoware_config_msgs:/home/yeap/APC_2022_Prac/airsimversion/autoware.ai/install/autoware_build_flags:${CMAKE_PREFIX_PATH} LD_LIBRARY_PATH=/home/yeap/APC_2022_Prac/airsimversion/autoware.ai/install/autoware_health_checker/lib:/home/yeap/APC_2022_Prac/airsimversion/autoware.ai/install/ros_observer/lib:${LD_LIBRARY_PATH} PKG_CONFIG_PATH=/home/yeap/APC_2022_Prac/airsimversion/autoware.ai/install/autoware_health_checker/lib/x86_64-linux-gnu/pkgconfig:/home/yeap/APC_2022_Prac/airsimversion/autoware.ai/install/autoware_health_checker/lib/pkgconfig:/home/yeap/APC_2022_Prac/airsimversion/autoware.ai/install/tablet_socket_msgs/lib/x86_64-linux-gnu/pkgconfig:/home/yeap/APC_2022_Prac/airsimversion/autoware.ai/install/tablet_socket_msgs/lib/pkgconfig:/home/yeap/APC_2022_Prac/airsimversion/autoware.ai/install/ros_observer/lib/x86_64-linux-gnu/pkgconfig:/home/yeap/APC_2022_Prac/airsimversion/autoware.ai/install/ros_observer/lib/pkgconfig:/home/yeap/APC_2022_Prac/airsimversion/autoware.ai/install/autoware_system_msgs/lib/x86_64-linux-gnu/pkgconfig:/home/yeap/APC_2022_Prac/airsimversion/autoware.ai/install/autoware_system_msgs/lib/pkgconfig:/home/yeap/APC_2022_Prac/airsimversion/autoware.ai/install/autoware_msgs/lib/x86_64-linux-gnu/pkgconfig:/home/yeap/APC_2022_Prac/airsimversion/autoware.ai/install/autoware_msgs/lib/pkgconfig:/home/yeap/APC_2022_Prac/airsimversion/autoware.ai/install/autoware_config_msgs/lib/x86_64-linux-gnu/pkgconfig:/home/yeap/APC_2022_Prac/airsimversion/autoware.ai/install/autoware_config_msgs/lib/pkgconfig:/home/yeap/APC_2022_Prac/airsimversion/autoware.ai/install/autoware_build_flags/lib/x86_64-linux-gnu/pkgconfig:/home/yeap/APC_2022_Prac/airsimversion/autoware.ai/install/autoware_build_flags/lib/pkgconfig:${PKG_CONFIG_PATH} PYTHONPATH=/home/yeap/APC_2022_Prac/airsimversion/autoware.ai/install/tablet_socket_msgs/lib/python2.7/dist-packages:/home/yeap/APC_2022_Prac/airsimversion/autoware.ai/install/autoware_system_msgs/lib/python2.7/dist-packages:/home/yeap/APC_2022_Prac/airsimversion/autoware.ai/install/autoware_msgs/lib/python2.7/dist-packages:/home/yeap/APC_2022_Prac/airsimversion/autoware.ai/install/autoware_config_msgs/lib/python2.7/dist-packages:${PYTHONPATH} ROS_PACKAGE_PATH=/home/yeap/APC_2022_Prac/airsimversion/autoware.ai/install/autoware_health_checker/share:/home/yeap/APC_2022_Prac/airsimversion/autoware.ai/install/tablet_socket_msgs/share:/home/yeap/APC_2022_Prac/airsimversion/autoware.ai/install/ros_observer/share:/home/yeap/APC_2022_Prac/airsimversion/autoware.ai/install/autoware_system_msgs/share:/home/yeap/APC_2022_Prac/airsimversion/autoware.ai/install/autoware_msgs/share:/home/yeap/APC_2022_Prac/airsimversion/autoware.ai/install/autoware_config_msgs/share:/home/yeap/APC_2022_Prac/airsimversion/autoware.ai/install/autoware_build_flags/share:${ROS_PACKAGE_PATH} /usr/bin/cmake --build /home/yeap/APC_2022_Prac/airsimversion/autoware.ai/build/twist_gate -- -j6 -l6
[17.103s] Invoking command in '/home/yeap/APC_2022_Prac/airsimversion/autoware.ai/build/twist_gate': CMAKE_PREFIX_PATH=/home/yeap/APC_2022_Prac/airsimversion/autoware.ai/install/autoware_health_checker:/home/yeap/APC_2022_Prac/airsimversion/autoware.ai/install/tablet_socket_msgs:/home/yeap/APC_2022_Prac/airsimversion/autoware.ai/install/ros_observer:/home/yeap/APC_2022_Prac/airsimversion/autoware.ai/install/autoware_system_msgs:/home/yeap/APC_2022_Prac/airsimversion/autoware.ai/install/autoware_msgs:/home/yeap/APC_2022_Prac/airsimversion/autoware.ai/install/autoware_config_msgs:/home/yeap/APC_2022_Prac/airsimversion/autoware.ai/install/autoware_build_flags:${CMAKE_PREFIX_PATH} LD_LIBRARY_PATH=/home/yeap/APC_2022_Prac/airsimversion/autoware.ai/install/autoware_health_checker/lib:/home/yeap/APC_2022_Prac/airsimversion/autoware.ai/install/ros_observer/lib:${LD_LIBRARY_PATH} PKG_CONFIG_PATH=/home/yeap/APC_2022_Prac/airsimversion/autoware.ai/install/autoware_health_checker/lib/x86_64-linux-gnu/pkgconfig:/home/yeap/APC_2022_Prac/airsimversion/autoware.ai/install/autoware_health_checker/lib/pkgconfig:/home/yeap/APC_2022_Prac/airsimversion/autoware.ai/install/tablet_socket_msgs/lib/x86_64-linux-gnu/pkgconfig:/home/yeap/APC_2022_Prac/airsimversion/autoware.ai/install/tablet_socket_msgs/lib/pkgconfig:/home/yeap/APC_2022_Prac/airsimversion/autoware.ai/install/ros_observer/lib/x86_64-linux-gnu/pkgconfig:/home/yeap/APC_2022_Prac/airsimversion/autoware.ai/install/ros_observer/lib/pkgconfig:/home/yeap/APC_2022_Prac/airsimversion/autoware.ai/install/autoware_system_msgs/lib/x86_64-linux-gnu/pkgconfig:/home/yeap/APC_2022_Prac/airsimversion/autoware.ai/install/autoware_system_msgs/lib/pkgconfig:/home/yeap/APC_2022_Prac/airsimversion/autoware.ai/install/autoware_msgs/lib/x86_64-linux-gnu/pkgconfig:/home/yeap/APC_2022_Prac/airsimversion/autoware.ai/install/autoware_msgs/lib/pkgconfig:/home/yeap/APC_2022_Prac/airsimversion/autoware.ai/install/autoware_config_msgs/lib/x86_64-linux-gnu/pkgconfig:/home/yeap/APC_2022_Prac/airsimversion/autoware.ai/install/autoware_config_msgs/lib/pkgconfig:/home/yeap/APC_2022_Prac/airsimversion/autoware.ai/install/autoware_build_flags/lib/x86_64-linux-gnu/pkgconfig:/home/yeap/APC_2022_Prac/airsimversion/autoware.ai/install/autoware_build_flags/lib/pkgconfig:${PKG_CONFIG_PATH} PYTHONPATH=/home/yeap/APC_2022_Prac/airsimversion/autoware.ai/install/tablet_socket_msgs/lib/python2.7/dist-packages:/home/yeap/APC_2022_Prac/airsimversion/autoware.ai/install/autoware_system_msgs/lib/python2.7/dist-packages:/home/yeap/APC_2022_Prac/airsimversion/autoware.ai/install/autoware_msgs/lib/python2.7/dist-packages:/home/yeap/APC_2022_Prac/airsimversion/autoware.ai/install/autoware_config_msgs/lib/python2.7/dist-packages:${PYTHONPATH} ROS_PACKAGE_PATH=/home/yeap/APC_2022_Prac/airsimversion/autoware.ai/install/autoware_health_checker/share:/home/yeap/APC_2022_Prac/airsimversion/autoware.ai/install/tablet_socket_msgs/share:/home/yeap/APC_2022_Prac/airsimversion/autoware.ai/install/ros_observer/share:/home/yeap/APC_2022_Prac/airsimversion/autoware.ai/install/autoware_system_msgs/share:/home/yeap/APC_2022_Prac/airsimversion/autoware.ai/install/autoware_msgs/share:/home/yeap/APC_2022_Prac/airsimversion/autoware.ai/install/autoware_config_msgs/share:/home/yeap/APC_2022_Prac/airsimversion/autoware.ai/install/autoware_build_flags/share:${ROS_PACKAGE_PATH} /usr/bin/cmake --build /home/yeap/APC_2022_Prac/airsimversion/autoware.ai/build/twist_gate --target tests -- -j6 -l6
[17.175s] [35m[1mScanning dependencies of target gtest[0m
[17.196s] [ 20%] [32mBuilding CXX object gtest/googlemock/gtest/CMakeFiles/gtest.dir/src/gtest-all.cc.o[0m
[22.291s] [ 40%] [32m[1mLinking CXX shared library libgtest.so[0m
[22.401s] [ 40%] Built target gtest
[22.430s] [ 40%] Built target autoware_system_msgs_generate_messages_cpp
[22.451s] [ 40%] Built target autoware_config_msgs_generate_messages_nodejs
[22.475s] [ 40%] Built target autoware_msgs_generate_messages_lisp
[22.500s] [ 40%] Built target jsk_recognition_msgs_generate_messages_cpp
[22.522s] [ 40%] Built target autoware_msgs_generate_messages_eus
[22.544s] [ 40%] Built target rosgraph_msgs_generate_messages_cpp
[22.566s] [ 40%] Built target rosgraph_msgs_generate_messages_lisp
[22.588s] [ 40%] Built target autoware_system_msgs_generate_messages_eus
[22.613s] [ 40%] Built target jsk_recognition_msgs_generate_messages_eus
[22.639s] [ 40%] Built target sensor_msgs_generate_messages_lisp
[22.662s] [ 40%] Built target rosgraph_msgs_generate_messages_eus
[22.694s] [ 40%] Built target autoware_msgs_generate_messages_py
[22.720s] [ 40%] Built target std_msgs_generate_messages_py
[22.749s] [ 40%] Built target std_msgs_generate_messages_cpp
[22.771s] [ 40%] Built target actionlib_msgs_generate_messages_nodejs
[22.794s] [ 40%] Built target autoware_system_msgs_generate_messages_lisp
[22.817s] [ 40%] Built target autoware_config_msgs_generate_messages_py
[22.840s] [ 40%] Built target roscpp_generate_messages_eus
[22.864s] [ 40%] Built target actionlib_msgs_generate_messages_eus
[22.885s] [ 40%] Built target rosgraph_msgs_generate_messages_py
[22.908s] [ 40%] Built target autoware_msgs_generate_messages_nodejs
[22.932s] [ 40%] Built target autoware_config_msgs_generate_messages_cpp
[22.954s] [ 40%] Built target rosgraph_msgs_generate_messages_nodejs
[22.981s] [ 40%] Built target std_msgs_generate_messages_eus
[23.003s] [ 40%] Built target geometry_msgs_generate_messages_nodejs
[23.024s] [ 40%] Built target autoware_config_msgs_generate_messages_eus
[23.046s] [ 40%] Built target jsk_footstep_msgs_generate_messages_py
[23.069s] [ 40%] Built target tablet_socket_msgs_generate_messages_py
[23.091s] [ 40%] Built target roscpp_generate_messages_nodejs
[23.118s] [ 40%] Built target std_msgs_generate_messages_lisp
[23.150s] [ 40%] Built target std_msgs_generate_messages_nodejs
[23.179s] [ 40%] Built target jsk_recognition_msgs_generate_messages_lisp
[23.201s] [ 40%] Built target jsk_recognition_msgs_generate_messages_py
[23.227s] [ 40%] Built target sensor_msgs_generate_messages_cpp
[23.249s] [ 40%] Built target sensor_msgs_generate_messages_eus
[23.271s] [ 40%] Built target autoware_system_msgs_generate_messages_py
[23.294s] [ 40%] Built target sensor_msgs_generate_messages_nodejs
[23.316s] [ 40%] Built target roscpp_generate_messages_cpp
[23.345s] [ 40%] Built target sensor_msgs_generate_messages_py
[23.365s] [ 40%] Built target pcl_msgs_generate_messages_cpp
[23.387s] [ 40%] Built target pcl_msgs_generate_messages_eus
[23.412s] [ 40%] Built target pcl_msgs_generate_messages_lisp
[23.451s] [ 40%] Built target pcl_msgs_generate_messages_nodejs
[23.473s] [ 40%] Built target pcl_msgs_generate_messages_py
[23.495s] [ 40%] Built target jsk_footstep_msgs_generate_messages_eus
[23.518s] [ 40%] Built target actionlib_msgs_generate_messages_py
[23.547s] [ 40%] Built target jsk_footstep_msgs_generate_messages_lisp
[23.577s] [ 40%] Built target jsk_footstep_msgs_generate_messages_nodejs
[23.598s] [ 40%] Built target jsk_footstep_msgs_generate_messages_cpp
[23.622s] [ 40%] Built target actionlib_msgs_generate_messages_cpp
[23.644s] [ 40%] Built target autoware_system_msgs_generate_messages_nodejs
[23.667s] [ 40%] Built target actionlib_msgs_generate_messages_lisp
[23.706s] [ 40%] Built target jsk_recognition_msgs_generate_messages_nodejs
[23.729s] [ 40%] Built target roscpp_generate_messages_lisp
[23.750s] [ 40%] Built target roscpp_generate_messages_py
[23.771s] [ 40%] Built target autoware_config_msgs_generate_messages_lisp
[23.796s] [ 40%] Built target tablet_socket_msgs_generate_messages_cpp
[23.822s] [ 40%] Built target tablet_socket_msgs_generate_messages_eus
[23.844s] [ 40%] Built target tablet_socket_msgs_generate_messages_lisp
[23.865s] [ 40%] Built target tablet_socket_msgs_generate_messages_nodejs
[23.897s] [ 40%] Built target autoware_msgs_generate_messages_cpp
[23.918s] [ 40%] Built target geometry_msgs_generate_messages_eus
[23.940s] [ 40%] Built target geometry_msgs_generate_messages_cpp
[23.965s] [ 40%] Built target geometry_msgs_generate_messages_lisp
[23.987s] [ 40%] Built target geometry_msgs_generate_messages_py
[24.000s] [35m[1mScanning dependencies of target test-twist_gate[0m
[24.034s] [ 60%] [32mBuilding CXX object CMakeFiles/test-twist_gate.dir/test/src/test_twist_gate.cpp.o[0m
[30.031s] [ 80%] [32mBuilding CXX object CMakeFiles/test-twist_gate.dir/src/twist_gate.cpp.o[0m
[40.609s] [100%] [32m[1mLinking CXX executable devel/lib/twist_gate/test-twist_gate[0m
[40.921s] [100%] Built target test-twist_gate
[40.932s] [35m[1mScanning dependencies of target tests[0m
[40.944s] [100%] Built target tests
[40.960s] Invoked command in '/home/yeap/APC_2022_Prac/airsimversion/autoware.ai/build/twist_gate' returned '0': CMAKE_PREFIX_PATH=/home/yeap/APC_2022_Prac/airsimversion/autoware.ai/install/autoware_health_checker:/home/yeap/APC_2022_Prac/airsimversion/autoware.ai/install/tablet_socket_msgs:/home/yeap/APC_2022_Prac/airsimversion/autoware.ai/install/ros_observer:/home/yeap/APC_2022_Prac/airsimversion/autoware.ai/install/autoware_system_msgs:/home/yeap/APC_2022_Prac/airsimversion/autoware.ai/install/autoware_msgs:/home/yeap/APC_2022_Prac/airsimversion/autoware.ai/install/autoware_config_msgs:/home/yeap/APC_2022_Prac/airsimversion/autoware.ai/install/autoware_build_flags:${CMAKE_PREFIX_PATH} LD_LIBRARY_PATH=/home/yeap/APC_2022_Prac/airsimversion/autoware.ai/install/autoware_health_checker/lib:/home/yeap/APC_2022_Prac/airsimversion/autoware.ai/install/ros_observer/lib:${LD_LIBRARY_PATH} PKG_CONFIG_PATH=/home/yeap/APC_2022_Prac/airsimversion/autoware.ai/install/autoware_health_checker/lib/x86_64-linux-gnu/pkgconfig:/home/yeap/APC_2022_Prac/airsimversion/autoware.ai/install/autoware_health_checker/lib/pkgconfig:/home/yeap/APC_2022_Prac/airsimversion/autoware.ai/install/tablet_socket_msgs/lib/x86_64-linux-gnu/pkgconfig:/home/yeap/APC_2022_Prac/airsimversion/autoware.ai/install/tablet_socket_msgs/lib/pkgconfig:/home/yeap/APC_2022_Prac/airsimversion/autoware.ai/install/ros_observer/lib/x86_64-linux-gnu/pkgconfig:/home/yeap/APC_2022_Prac/airsimversion/autoware.ai/install/ros_observer/lib/pkgconfig:/home/yeap/APC_2022_Prac/airsimversion/autoware.ai/install/autoware_system_msgs/lib/x86_64-linux-gnu/pkgconfig:/home/yeap/APC_2022_Prac/airsimversion/autoware.ai/install/autoware_system_msgs/lib/pkgconfig:/home/yeap/APC_2022_Prac/airsimversion/autoware.ai/install/autoware_msgs/lib/x86_64-linux-gnu/pkgconfig:/home/yeap/APC_2022_Prac/airsimversion/autoware.ai/install/autoware_msgs/lib/pkgconfig:/home/yeap/APC_2022_Prac/airsimversion/autoware.ai/install/autoware_config_msgs/lib/x86_64-linux-gnu/pkgconfig:/home/yeap/APC_2022_Prac/airsimversion/autoware.ai/install/autoware_config_msgs/lib/pkgconfig:/home/yeap/APC_2022_Prac/airsimversion/autoware.ai/install/autoware_build_flags/lib/x86_64-linux-gnu/pkgconfig:/home/yeap/APC_2022_Prac/airsimversion/autoware.ai/install/autoware_build_flags/lib/pkgconfig:${PKG_CONFIG_PATH} PYTHONPATH=/home/yeap/APC_2022_Prac/airsimversion/autoware.ai/install/tablet_socket_msgs/lib/python2.7/dist-packages:/home/yeap/APC_2022_Prac/airsimversion/autoware.ai/install/autoware_system_msgs/lib/python2.7/dist-packages:/home/yeap/APC_2022_Prac/airsimversion/autoware.ai/install/autoware_msgs/lib/python2.7/dist-packages:/home/yeap/APC_2022_Prac/airsimversion/autoware.ai/install/autoware_config_msgs/lib/python2.7/dist-packages:${PYTHONPATH} ROS_PACKAGE_PATH=/home/yeap/APC_2022_Prac/airsimversion/autoware.ai/install/autoware_health_checker/share:/home/yeap/APC_2022_Prac/airsimversion/autoware.ai/install/tablet_socket_msgs/share:/home/yeap/APC_2022_Prac/airsimversion/autoware.ai/install/ros_observer/share:/home/yeap/APC_2022_Prac/airsimversion/autoware.ai/install/autoware_system_msgs/share:/home/yeap/APC_2022_Prac/airsimversion/autoware.ai/install/autoware_msgs/share:/home/yeap/APC_2022_Prac/airsimversion/autoware.ai/install/autoware_config_msgs/share:/home/yeap/APC_2022_Prac/airsimversion/autoware.ai/install/autoware_build_flags/share:${ROS_PACKAGE_PATH} /usr/bin/cmake --build /home/yeap/APC_2022_Prac/airsimversion/autoware.ai/build/twist_gate --target tests -- -j6 -l6
[41.063s] Invoking command in '/home/yeap/APC_2022_Prac/airsimversion/autoware.ai/build/twist_gate': CMAKE_PREFIX_PATH=/home/yeap/APC_2022_Prac/airsimversion/autoware.ai/install/autoware_health_checker:/home/yeap/APC_2022_Prac/airsimversion/autoware.ai/install/tablet_socket_msgs:/home/yeap/APC_2022_Prac/airsimversion/autoware.ai/install/ros_observer:/home/yeap/APC_2022_Prac/airsimversion/autoware.ai/install/autoware_system_msgs:/home/yeap/APC_2022_Prac/airsimversion/autoware.ai/install/autoware_msgs:/home/yeap/APC_2022_Prac/airsimversion/autoware.ai/install/autoware_config_msgs:/home/yeap/APC_2022_Prac/airsimversion/autoware.ai/install/autoware_build_flags:${CMAKE_PREFIX_PATH} LD_LIBRARY_PATH=/home/yeap/APC_2022_Prac/airsimversion/autoware.ai/install/autoware_health_checker/lib:/home/yeap/APC_2022_Prac/airsimversion/autoware.ai/install/ros_observer/lib:${LD_LIBRARY_PATH} PKG_CONFIG_PATH=/home/yeap/APC_2022_Prac/airsimversion/autoware.ai/install/autoware_health_checker/lib/x86_64-linux-gnu/pkgconfig:/home/yeap/APC_2022_Prac/airsimversion/autoware.ai/install/autoware_health_checker/lib/pkgconfig:/home/yeap/APC_2022_Prac/airsimversion/autoware.ai/install/tablet_socket_msgs/lib/x86_64-linux-gnu/pkgconfig:/home/yeap/APC_2022_Prac/airsimversion/autoware.ai/install/tablet_socket_msgs/lib/pkgconfig:/home/yeap/APC_2022_Prac/airsimversion/autoware.ai/install/ros_observer/lib/x86_64-linux-gnu/pkgconfig:/home/yeap/APC_2022_Prac/airsimversion/autoware.ai/install/ros_observer/lib/pkgconfig:/home/yeap/APC_2022_Prac/airsimversion/autoware.ai/install/autoware_system_msgs/lib/x86_64-linux-gnu/pkgconfig:/home/yeap/APC_2022_Prac/airsimversion/autoware.ai/install/autoware_system_msgs/lib/pkgconfig:/home/yeap/APC_2022_Prac/airsimversion/autoware.ai/install/autoware_msgs/lib/x86_64-linux-gnu/pkgconfig:/home/yeap/APC_2022_Prac/airsimversion/autoware.ai/install/autoware_msgs/lib/pkgconfig:/home/yeap/APC_2022_Prac/airsimversion/autoware.ai/install/autoware_config_msgs/lib/x86_64-linux-gnu/pkgconfig:/home/yeap/APC_2022_Prac/airsimversion/autoware.ai/install/autoware_config_msgs/lib/pkgconfig:/home/yeap/APC_2022_Prac/airsimversion/autoware.ai/install/autoware_build_flags/lib/x86_64-linux-gnu/pkgconfig:/home/yeap/APC_2022_Prac/airsimversion/autoware.ai/install/autoware_build_flags/lib/pkgconfig:${PKG_CONFIG_PATH} PYTHONPATH=/home/yeap/APC_2022_Prac/airsimversion/autoware.ai/install/tablet_socket_msgs/lib/python2.7/dist-packages:/home/yeap/APC_2022_Prac/airsimversion/autoware.ai/install/autoware_system_msgs/lib/python2.7/dist-packages:/home/yeap/APC_2022_Prac/airsimversion/autoware.ai/install/autoware_msgs/lib/python2.7/dist-packages:/home/yeap/APC_2022_Prac/airsimversion/autoware.ai/install/autoware_config_msgs/lib/python2.7/dist-packages:${PYTHONPATH} ROS_PACKAGE_PATH=/home/yeap/APC_2022_Prac/airsimversion/autoware.ai/install/autoware_health_checker/share:/home/yeap/APC_2022_Prac/airsimversion/autoware.ai/install/tablet_socket_msgs/share:/home/yeap/APC_2022_Prac/airsimversion/autoware.ai/install/ros_observer/share:/home/yeap/APC_2022_Prac/airsimversion/autoware.ai/install/autoware_system_msgs/share:/home/yeap/APC_2022_Prac/airsimversion/autoware.ai/install/autoware_msgs/share:/home/yeap/APC_2022_Prac/airsimversion/autoware.ai/install/autoware_config_msgs/share:/home/yeap/APC_2022_Prac/airsimversion/autoware.ai/install/autoware_build_flags/share:${ROS_PACKAGE_PATH} /usr/bin/cmake --build /home/yeap/APC_2022_Prac/airsimversion/autoware.ai/build/twist_gate --target install -- -j6 -l6
[41.126s] [  0%] Built target autoware_msgs_generate_messages_cpp
[41.149s] [  0%] Built target autoware_system_msgs_generate_messages_cpp
[41.172s] [  0%] Built target autoware_config_msgs_generate_messages_nodejs
[41.195s] [  0%] Built target autoware_msgs_generate_messages_lisp
[41.218s] [  0%] Built target jsk_recognition_msgs_generate_messages_cpp
[41.241s] [  0%] Built target autoware_msgs_generate_messages_eus
[41.264s] [  0%] Built target rosgraph_msgs_generate_messages_cpp
[41.287s] [  0%] Built target rosgraph_msgs_generate_messages_lisp
[41.309s] [  0%] Built target autoware_system_msgs_generate_messages_eus
[41.332s] [  0%] Built target jsk_recognition_msgs_generate_messages_eus
[41.355s] [  0%] Built target sensor_msgs_generate_messages_lisp
[41.378s] [  0%] Built target rosgraph_msgs_generate_messages_eus
[41.403s] [  0%] Built target autoware_msgs_generate_messages_py
[41.426s] [  0%] Built target std_msgs_generate_messages_py
[41.449s] [  0%] Built target std_msgs_generate_messages_cpp
[41.473s] [  0%] Built target actionlib_msgs_generate_messages_nodejs
[41.498s] [  0%] Built target autoware_system_msgs_generate_messages_lisp
[41.521s] [  0%] Built target autoware_config_msgs_generate_messages_py
[41.545s] [  0%] Built target roscpp_generate_messages_eus
[41.569s] [  0%] Built target actionlib_msgs_generate_messages_eus
[41.593s] [  0%] Built target rosgraph_msgs_generate_messages_py
[41.617s] [  0%] Built target autoware_msgs_generate_messages_nodejs
[41.641s] [  0%] Built target autoware_config_msgs_generate_messages_cpp
[41.666s] [  0%] Built target rosgraph_msgs_generate_messages_nodejs
[41.690s] [  0%] Built target std_msgs_generate_messages_eus
[41.714s] [  0%] Built target geometry_msgs_generate_messages_nodejs
[41.737s] [  0%] Built target autoware_config_msgs_generate_messages_eus
[41.761s] [  0%] Built target jsk_footstep_msgs_generate_messages_py
[41.789s] [  0%] Built target tablet_socket_msgs_generate_messages_py
[41.812s] [  0%] Built target roscpp_generate_messages_nodejs
[41.835s] [  0%] Built target std_msgs_generate_messages_lisp
[41.858s] [  0%] Built target std_msgs_generate_messages_nodejs
[41.882s] [  0%] Built target jsk_recognition_msgs_generate_messages_lisp
[41.905s] [  0%] Built target jsk_recognition_msgs_generate_messages_py
[41.928s] [  0%] Built target sensor_msgs_generate_messages_cpp
[41.951s] [  0%] Built target sensor_msgs_generate_messages_eus
[41.975s] [  0%] Built target autoware_system_msgs_generate_messages_py
[41.998s] [  0%] Built target sensor_msgs_generate_messages_nodejs
[42.023s] [  0%] Built target roscpp_generate_messages_cpp
[42.046s] [  0%] Built target sensor_msgs_generate_messages_py
[42.073s] [  0%] Built target pcl_msgs_generate_messages_cpp
[42.098s] [  0%] Built target pcl_msgs_generate_messages_eus
[42.121s] [  0%] Built target pcl_msgs_generate_messages_lisp
[42.145s] [  0%] Built target pcl_msgs_generate_messages_nodejs
[42.170s] [  0%] Built target pcl_msgs_generate_messages_py
[42.193s] [  0%] Built target jsk_footstep_msgs_generate_messages_eus
[42.215s] [  0%] Built target actionlib_msgs_generate_messages_py
[42.238s] [  0%] Built target jsk_footstep_msgs_generate_messages_lisp
[42.265s] [  0%] Built target jsk_footstep_msgs_generate_messages_nodejs
[42.290s] [  0%] Built target jsk_footstep_msgs_generate_messages_cpp
[42.314s] [  0%] Built target actionlib_msgs_generate_messages_cpp
[42.337s] [  0%] Built target autoware_system_msgs_generate_messages_nodejs
[42.365s] [  0%] Built target actionlib_msgs_generate_messages_lisp
[42.388s] [  0%] Built target jsk_recognition_msgs_generate_messages_nodejs
[42.412s] [  0%] Built target roscpp_generate_messages_lisp
[42.435s] [  0%] Built target roscpp_generate_messages_py
[42.460s] [  0%] Built target autoware_config_msgs_generate_messages_lisp
[42.484s] [  0%] Built target tablet_socket_msgs_generate_messages_cpp
[42.508s] [  0%] Built target tablet_socket_msgs_generate_messages_eus
[42.531s] [  0%] Built target tablet_socket_msgs_generate_messages_lisp
[42.555s] [  0%] Built target tablet_socket_msgs_generate_messages_nodejs
[42.580s] [  0%] Built target geometry_msgs_generate_messages_eus
[42.603s] [  0%] Built target geometry_msgs_generate_messages_cpp
[42.627s] [  0%] Built target geometry_msgs_generate_messages_lisp
[42.650s] [  0%] Built target geometry_msgs_generate_messages_py
[42.681s] [100%] Built target twist_gate
[42.704s] [36mInstall the project...[0m
[42.715s] -- Install configuration: "Release"
[42.715s] -- Installing: /home/yeap/APC_2022_Prac/airsimversion/autoware.ai/install/twist_gate/lib/pkgconfig/twist_gate.pc
[42.716s] -- Installing: /home/yeap/APC_2022_Prac/airsimversion/autoware.ai/install/twist_gate/share/twist_gate/cmake/twist_gateConfig.cmake
[42.717s] -- Installing: /home/yeap/APC_2022_Prac/airsimversion/autoware.ai/install/twist_gate/share/twist_gate/cmake/twist_gateConfig-version.cmake
[42.717s] -- Installing: /home/yeap/APC_2022_Prac/airsimversion/autoware.ai/install/twist_gate/share/twist_gate/package.xml
[42.717s] -- Installing: /home/yeap/APC_2022_Prac/airsimversion/autoware.ai/install/twist_gate/lib/twist_gate/twist_gate
[42.722s] -- Set runtime path of "/home/yeap/APC_2022_Prac/airsimversion/autoware.ai/install/twist_gate/lib/twist_gate/twist_gate" to ""
[42.727s] Invoked command in '/home/yeap/APC_2022_Prac/airsimversion/autoware.ai/build/twist_gate' returned '0': CMAKE_PREFIX_PATH=/home/yeap/APC_2022_Prac/airsimversion/autoware.ai/install/autoware_health_checker:/home/yeap/APC_2022_Prac/airsimversion/autoware.ai/install/tablet_socket_msgs:/home/yeap/APC_2022_Prac/airsimversion/autoware.ai/install/ros_observer:/home/yeap/APC_2022_Prac/airsimversion/autoware.ai/install/autoware_system_msgs:/home/yeap/APC_2022_Prac/airsimversion/autoware.ai/install/autoware_msgs:/home/yeap/APC_2022_Prac/airsimversion/autoware.ai/install/autoware_config_msgs:/home/yeap/APC_2022_Prac/airsimversion/autoware.ai/install/autoware_build_flags:${CMAKE_PREFIX_PATH} LD_LIBRARY_PATH=/home/yeap/APC_2022_Prac/airsimversion/autoware.ai/install/autoware_health_checker/lib:/home/yeap/APC_2022_Prac/airsimversion/autoware.ai/install/ros_observer/lib:${LD_LIBRARY_PATH} PKG_CONFIG_PATH=/home/yeap/APC_2022_Prac/airsimversion/autoware.ai/install/autoware_health_checker/lib/x86_64-linux-gnu/pkgconfig:/home/yeap/APC_2022_Prac/airsimversion/autoware.ai/install/autoware_health_checker/lib/pkgconfig:/home/yeap/APC_2022_Prac/airsimversion/autoware.ai/install/tablet_socket_msgs/lib/x86_64-linux-gnu/pkgconfig:/home/yeap/APC_2022_Prac/airsimversion/autoware.ai/install/tablet_socket_msgs/lib/pkgconfig:/home/yeap/APC_2022_Prac/airsimversion/autoware.ai/install/ros_observer/lib/x86_64-linux-gnu/pkgconfig:/home/yeap/APC_2022_Prac/airsimversion/autoware.ai/install/ros_observer/lib/pkgconfig:/home/yeap/APC_2022_Prac/airsimversion/autoware.ai/install/autoware_system_msgs/lib/x86_64-linux-gnu/pkgconfig:/home/yeap/APC_2022_Prac/airsimversion/autoware.ai/install/autoware_system_msgs/lib/pkgconfig:/home/yeap/APC_2022_Prac/airsimversion/autoware.ai/install/autoware_msgs/lib/x86_64-linux-gnu/pkgconfig:/home/yeap/APC_2022_Prac/airsimversion/autoware.ai/install/autoware_msgs/lib/pkgconfig:/home/yeap/APC_2022_Prac/airsimversion/autoware.ai/install/autoware_config_msgs/lib/x86_64-linux-gnu/pkgconfig:/home/yeap/APC_2022_Prac/airsimversion/autoware.ai/install/autoware_config_msgs/lib/pkgconfig:/home/yeap/APC_2022_Prac/airsimversion/autoware.ai/install/autoware_build_flags/lib/x86_64-linux-gnu/pkgconfig:/home/yeap/APC_2022_Prac/airsimversion/autoware.ai/install/autoware_build_flags/lib/pkgconfig:${PKG_CONFIG_PATH} PYTHONPATH=/home/yeap/APC_2022_Prac/airsimversion/autoware.ai/install/tablet_socket_msgs/lib/python2.7/dist-packages:/home/yeap/APC_2022_Prac/airsimversion/autoware.ai/install/autoware_system_msgs/lib/python2.7/dist-packages:/home/yeap/APC_2022_Prac/airsimversion/autoware.ai/install/autoware_msgs/lib/python2.7/dist-packages:/home/yeap/APC_2022_Prac/airsimversion/autoware.ai/install/autoware_config_msgs/lib/python2.7/dist-packages:${PYTHONPATH} ROS_PACKAGE_PATH=/home/yeap/APC_2022_Prac/airsimversion/autoware.ai/install/autoware_health_checker/share:/home/yeap/APC_2022_Prac/airsimversion/autoware.ai/install/tablet_socket_msgs/share:/home/yeap/APC_2022_Prac/airsimversion/autoware.ai/install/ros_observer/share:/home/yeap/APC_2022_Prac/airsimversion/autoware.ai/install/autoware_system_msgs/share:/home/yeap/APC_2022_Prac/airsimversion/autoware.ai/install/autoware_msgs/share:/home/yeap/APC_2022_Prac/airsimversion/autoware.ai/install/autoware_config_msgs/share:/home/yeap/APC_2022_Prac/airsimversion/autoware.ai/install/autoware_build_flags/share:${ROS_PACKAGE_PATH} /usr/bin/cmake --build /home/yeap/APC_2022_Prac/airsimversion/autoware.ai/build/twist_gate --target install -- -j6 -l6
