[0.024s] Invoking command in '/home/yeap/APC_2022_Prac/airsimversion/autoware.ai/build/points_preprocessor': CMAKE_PREFIX_PATH=/home/yeap/APC_2022_Prac/airsimversion/autoware.ai/install/autoware_health_checker:/home/yeap/APC_2022_Prac/airsimversion/autoware.ai/install/ros_observer:/home/yeap/APC_2022_Prac/airsimversion/autoware.ai/install/autoware_system_msgs:/home/yeap/APC_2022_Prac/airsimversion/autoware.ai/install/autoware_config_msgs:/home/yeap/APC_2022_Prac/airsimversion/autoware.ai/install/autoware_build_flags:${CMAKE_PREFIX_PATH} LD_LIBRARY_PATH=/home/yeap/APC_2022_Prac/airsimversion/autoware.ai/install/autoware_health_checker/lib:/home/yeap/APC_2022_Prac/airsimversion/autoware.ai/install/ros_observer/lib:${LD_LIBRARY_PATH} PKG_CONFIG_PATH=/home/yeap/APC_2022_Prac/airsimversion/autoware.ai/install/autoware_health_checker/lib/x86_64-linux-gnu/pkgconfig:/home/yeap/APC_2022_Prac/airsimversion/autoware.ai/install/autoware_health_checker/lib/pkgconfig:/home/yeap/APC_2022_Prac/airsimversion/autoware.ai/install/ros_observer/lib/x86_64-linux-gnu/pkgconfig:/home/yeap/APC_2022_Prac/airsimversion/autoware.ai/install/ros_observer/lib/pkgconfig:/home/yeap/APC_2022_Prac/airsimversion/autoware.ai/install/autoware_system_msgs/lib/x86_64-linux-gnu/pkgconfig:/home/yeap/APC_2022_Prac/airsimversion/autoware.ai/install/autoware_system_msgs/lib/pkgconfig:/home/yeap/APC_2022_Prac/airsimversion/autoware.ai/install/autoware_config_msgs/lib/x86_64-linux-gnu/pkgconfig:/home/yeap/APC_2022_Prac/airsimversion/autoware.ai/install/autoware_config_msgs/lib/pkgconfig:/home/yeap/APC_2022_Prac/airsimversion/autoware.ai/install/autoware_build_flags/lib/x86_64-linux-gnu/pkgconfig:/home/yeap/APC_2022_Prac/airsimversion/autoware.ai/install/autoware_build_flags/lib/pkgconfig:${PKG_CONFIG_PATH} PYTHONPATH=/home/yeap/APC_2022_Prac/airsimversion/autoware.ai/install/autoware_system_msgs/lib/python2.7/dist-packages:/home/yeap/APC_2022_Prac/airsimversion/autoware.ai/install/autoware_config_msgs/lib/python2.7/dist-packages:${PYTHONPATH} ROS_PACKAGE_PATH=/home/yeap/APC_2022_Prac/airsimversion/autoware.ai/install/autoware_health_checker/share:/home/yeap/APC_2022_Prac/airsimversion/autoware.ai/install/ros_observer/share:/home/yeap/APC_2022_Prac/airsimversion/autoware.ai/install/autoware_system_msgs/share:/home/yeap/APC_2022_Prac/airsimversion/autoware.ai/install/autoware_config_msgs/share:/home/yeap/APC_2022_Prac/airsimversion/autoware.ai/install/autoware_build_flags/share:${ROS_PACKAGE_PATH} /usr/bin/cmake /home/yeap/APC_2022_Prac/airsimversion/autoware.ai/src/autoware/core_perception/points_preprocessor -DCMAKE_BUILD_TYPE=Release -DCATKIN_INSTALL_INTO_PREFIX_ROOT=0 -DCMAKE_INSTALL_PREFIX=/home/yeap/APC_2022_Prac/airsimversion/autoware.ai/install/points_preprocessor
[0.103s] -- The C compiler identification is GNU 7.5.0
[0.167s] -- The CXX compiler identification is GNU 7.5.0
[0.172s] -- Check for working C compiler: /usr/bin/cc
[0.247s] -- Check for working C compiler: /usr/bin/cc -- works
[0.247s] -- Detecting C compiler ABI info
[0.326s] -- Detecting C compiler ABI info - done
[0.336s] -- Detecting C compile features
[0.574s] -- Detecting C compile features - done
[0.578s] -- Check for working CXX compiler: /usr/bin/c++
[0.662s] -- Check for working CXX compiler: /usr/bin/c++ -- works
[0.668s] -- Detecting CXX compiler ABI info
[0.751s] -- Detecting CXX compiler ABI info - done
[0.754s] -- Detecting CXX compile features
[1.122s] -- Detecting CXX compile features - done
[1.124s] -- CUDA compilation status: .
[1.126s] -- Using CATKIN_DEVEL_PREFIX: /home/yeap/APC_2022_Prac/airsimversion/autoware.ai/build/points_preprocessor/devel
[1.127s] -- Using CMAKE_PREFIX_PATH: /home/yeap/APC_2022_Prac/airsimversion/autoware.ai/install/autoware_health_checker;/home/yeap/APC_2022_Prac/airsimversion/autoware.ai/install/ros_observer;/home/yeap/APC_2022_Prac/airsimversion/autoware.ai/install/autoware_system_msgs;/home/yeap/APC_2022_Prac/airsimversion/autoware.ai/install/autoware_config_msgs;/home/yeap/APC_2022_Prac/airsimversion/autoware.ai/install/autoware_build_flags;/opt/ros/melodic
[1.128s] -- This workspace overlays: /home/yeap/APC_2022_Prac/airsimversion/autoware.ai/install/autoware_health_checker;/home/yeap/APC_2022_Prac/airsimversion/autoware.ai/install/ros_observer;/home/yeap/APC_2022_Prac/airsimversion/autoware.ai/install/autoware_system_msgs;/home/yeap/APC_2022_Prac/airsimversion/autoware.ai/install/autoware_config_msgs;/home/yeap/APC_2022_Prac/airsimversion/autoware.ai/install/autoware_build_flags;/opt/ros/melodic
[1.144s] -- Found PythonInterp: /usr/bin/python2 (found suitable version "2.7.17", minimum required is "2") 
[1.144s] -- Using PYTHON_EXECUTABLE: /usr/bin/python2
[1.145s] -- Using Debian Python package layout
[1.145s] -- Using empy: /usr/bin/empy
[1.311s] -- Using CATKIN_ENABLE_TESTING: ON
[1.311s] -- Call enable_testing()
[1.313s] -- Using CATKIN_TEST_RESULTS_DIR: /home/yeap/APC_2022_Prac/airsimversion/autoware.ai/build/points_preprocessor/test_results
[1.336s] -- Found gtest sources under '/usr/src/googletest': gtests will be built
[1.336s] -- Found gmock sources under '/usr/src/googletest': gmock will be built
[1.351s] -- Found PythonInterp: /usr/bin/python2 (found version "2.7.17") 
[1.352s] -- Looking for pthread.h
[1.426s] -- Looking for pthread.h - found
[1.427s] -- Looking for pthread_create
[1.507s] -- Looking for pthread_create - not found
[1.507s] -- Looking for pthread_create in pthreads
[1.563s] -- Looking for pthread_create in pthreads - not found
[1.563s] -- Looking for pthread_create in pthread
[1.639s] -- Looking for pthread_create in pthread - found
[1.641s] -- Found Threads: TRUE  
[1.647s] -- Using Python nosetests: /usr/bin/nosetests-2.7
[1.696s] -- catkin 0.7.29
[1.696s] -- BUILD_SHARED_LIBS is on
[2.493s] -- Using these message generators: gencpp;geneus;genlisp;gennodejs;genpy
[3.518s] -- Found OpenCV: /usr (found version "3.2.0") 
[3.527s] -- Checking for module 'eigen3'
[3.544s] --   Found eigen3, version 3.3.4
[3.590s] -- Found eigen: /usr/include/eigen3  
[3.682s] -- Boost version: 1.65.1
[3.682s] -- Found the following Boost libraries:
[3.683s] --   system
[3.683s] --   filesystem
[3.683s] --   thread
[3.683s] --   date_time
[3.683s] --   iostreams
[3.684s] --   serialization
[3.684s] --   chrono
[3.684s] --   atomic
[3.684s] --   regex
[3.688s] -- Checking for module 'libopenni'
[3.705s] --   Found libopenni, version 1.5.4.0
[3.757s] -- Found openni: /usr/lib/libOpenNI.so  
[3.758s] -- Checking for module 'libopenni2'
[3.777s] --   Found libopenni2, version 2.2.0.3
[3.827s] -- Found OpenNI2: /usr/lib/libOpenNI2.so  
[3.834s] -- Could NOT find ensenso (missing: ENSENSO_LIBRARY ENSENSO_INCLUDE_DIR) 
[3.835s] ** WARNING ** io features related to ensenso will be disabled
[3.839s] -- Could NOT find DAVIDSDK (missing: DAVIDSDK_LIBRARY DAVIDSDK_INCLUDE_DIR) 
[3.839s] ** WARNING ** io features related to davidSDK will be disabled
[3.842s] -- Could NOT find DSSDK (missing: _DSSDK_LIBRARIES) 
[3.843s] ** WARNING ** io features related to dssdk will be disabled
[3.843s] ** WARNING ** io features related to pcap will be disabled
[3.843s] ** WARNING ** io features related to png will be disabled
[3.917s] -- The imported target "vtkRenderingPythonTkWidgets" references the file
[3.917s]    "/usr/lib/x86_64-linux-gnu/libvtkRenderingPythonTkWidgets.so"
[3.918s] but this file does not exist.  Possible reasons include:
[3.918s] * The file was deleted, renamed, or moved to another location.
[3.918s] * An install or uninstall procedure did not complete successfully.
[3.918s] * The installation package was faulty and contained
[3.918s]    "/usr/lib/cmake/vtk-6.3/VTKTargets.cmake"
[3.918s] but not all the files it references.
[3.918s] 
[3.920s] -- The imported target "vtk" references the file
[3.920s]    "/usr/bin/vtk"
[3.920s] but this file does not exist.  Possible reasons include:
[3.920s] * The file was deleted, renamed, or moved to another location.
[3.920s] * An install or uninstall procedure did not complete successfully.
[3.920s] * The installation package was faulty and contained
[3.920s]    "/usr/lib/cmake/vtk-6.3/VTKTargets.cmake"
[3.920s] but not all the files it references.
[3.921s] 
[3.993s] -- Found libusb-1.0: /usr/include  
[3.994s] ** WARNING ** io features related to libusb-1.0 will be disabled
[3.995s] -- Checking for module 'flann'
[4.013s] --   Found flann, version 1.9.1
[4.064s] -- Found Flann: /usr/lib/x86_64-linux-gnu/libflann_cpp_s.a  
[4.115s] -- Could NOT find ensenso (missing: ENSENSO_LIBRARY ENSENSO_INCLUDE_DIR) 
[4.116s] ** WARNING ** visualization features related to ensenso will be disabled
[4.120s] -- Could NOT find DAVIDSDK (missing: DAVIDSDK_LIBRARY DAVIDSDK_INCLUDE_DIR) 
[4.120s] ** WARNING ** visualization features related to davidSDK will be disabled
[4.122s] -- Could NOT find DSSDK (missing: _DSSDK_LIBRARIES) 
[4.122s] ** WARNING ** visualization features related to dssdk will be disabled
[4.124s] -- Could NOT find RSSDK (missing: _RSSDK_LIBRARIES) 
[4.124s] ** WARNING ** visualization features related to rssdk will be disabled
[4.167s] -- Found qhull: /usr/lib/x86_64-linux-gnu/libqhull.so  
[4.207s] -- looking for PCL_COMMON
[4.210s] -- Found PCL_COMMON: /usr/lib/x86_64-linux-gnu/libpcl_common.so  
[4.210s] -- looking for PCL_OCTREE
[4.212s] -- Found PCL_OCTREE: /usr/lib/x86_64-linux-gnu/libpcl_octree.so  
[4.213s] -- looking for PCL_IO
[4.216s] -- Found PCL_IO: /usr/lib/x86_64-linux-gnu/libpcl_io.so  
[4.216s] -- looking for PCL_KDTREE
[4.219s] -- Found PCL_KDTREE: /usr/lib/x86_64-linux-gnu/libpcl_kdtree.so  
[4.219s] -- looking for PCL_SEARCH
[4.222s] -- Found PCL_SEARCH: /usr/lib/x86_64-linux-gnu/libpcl_search.so  
[4.223s] -- looking for PCL_SAMPLE_CONSENSUS
[4.225s] -- Found PCL_SAMPLE_CONSENSUS: /usr/lib/x86_64-linux-gnu/libpcl_sample_consensus.so  
[4.226s] -- looking for PCL_FILTERS
[4.228s] -- Found PCL_FILTERS: /usr/lib/x86_64-linux-gnu/libpcl_filters.so  
[4.229s] -- looking for PCL_2D
[4.230s] -- Found PCL_2D: /usr/include/pcl-1.8  
[4.231s] -- looking for PCL_GEOMETRY
[4.232s] -- Found PCL_GEOMETRY: /usr/include/pcl-1.8  
[4.233s] -- looking for PCL_FEATURES
[4.235s] -- Found PCL_FEATURES: /usr/lib/x86_64-linux-gnu/libpcl_features.so  
[4.236s] -- looking for PCL_ML
[4.238s] -- Found PCL_ML: /usr/lib/x86_64-linux-gnu/libpcl_ml.so  
[4.239s] -- looking for PCL_SEGMENTATION
[4.242s] -- Found PCL_SEGMENTATION: /usr/lib/x86_64-linux-gnu/libpcl_segmentation.so  
[4.243s] -- looking for PCL_VISUALIZATION
[4.245s] -- Found PCL_VISUALIZATION: /usr/lib/x86_64-linux-gnu/libpcl_visualization.so  
[4.246s] -- looking for PCL_SURFACE
[4.248s] -- Found PCL_SURFACE: /usr/lib/x86_64-linux-gnu/libpcl_surface.so  
[4.249s] -- looking for PCL_REGISTRATION
[4.252s] -- Found PCL_REGISTRATION: /usr/lib/x86_64-linux-gnu/libpcl_registration.so  
[4.253s] -- looking for PCL_KEYPOINTS
[4.255s] -- Found PCL_KEYPOINTS: /usr/lib/x86_64-linux-gnu/libpcl_keypoints.so  
[4.257s] -- looking for PCL_TRACKING
[4.259s] -- Found PCL_TRACKING: /usr/lib/x86_64-linux-gnu/libpcl_tracking.so  
[4.260s] -- looking for PCL_RECOGNITION
[4.262s] -- Found PCL_RECOGNITION: /usr/lib/x86_64-linux-gnu/libpcl_recognition.so  
[4.264s] -- looking for PCL_STEREO
[4.267s] -- Found PCL_STEREO: /usr/lib/x86_64-linux-gnu/libpcl_stereo.so  
[4.268s] -- looking for PCL_APPS
[4.270s] -- Found PCL_APPS: /usr/lib/x86_64-linux-gnu/libpcl_apps.so  
[4.273s] -- looking for PCL_IN_HAND_SCANNER
[4.274s] -- Found PCL_IN_HAND_SCANNER: /usr/include/pcl-1.8  
[4.275s] -- looking for PCL_MODELER
[4.276s] -- Found PCL_MODELER: /usr/include/pcl-1.8  
[4.276s] -- looking for PCL_POINT_CLOUD_EDITOR
[4.278s] -- Found PCL_POINT_CLOUD_EDITOR: /usr/include/pcl-1.8  
[4.278s] -- looking for PCL_OUTOFCORE
[4.281s] -- Found PCL_OUTOFCORE: /usr/lib/x86_64-linux-gnu/libpcl_outofcore.so  
[4.282s] -- looking for PCL_PEOPLE
[4.285s] -- Found PCL_PEOPLE: /usr/lib/x86_64-linux-gnu/libpcl_people.so  
[4.314s] -- Found PCL: /usr/lib/x86_64-linux-gnu/libboost_system.so;/usr/lib/x86_64-linux-gnu/libboost_filesystem.so;/usr/lib/x86_64-linux-gnu/libboost_thread.so;/usr/lib/x86_64-linux-gnu/libboost_date_time.so;/usr/lib/x86_64-linux-gnu/libboost_iostreams.so;/usr/lib/x86_64-linux-gnu/libboost_serialization.so;/usr/lib/x86_64-linux-gnu/libboost_chrono.so;/usr/lib/x86_64-linux-gnu/libboost_atomic.so;/usr/lib/x86_64-linux-gnu/libboost_regex.so;/usr/lib/x86_64-linux-gnu/libpthread.so;optimized;/usr/lib/x86_64-linux-gnu/libpcl_common.so;debug;/usr/lib/x86_64-linux-gnu/libpcl_common.so;optimized;/usr/lib/x86_64-linux-gnu/libpcl_octree.so;debug;/usr/lib/x86_64-linux-gnu/libpcl_octree.so;/usr/lib/libOpenNI.so;/usr/lib/libOpenNI2.so;vtkChartsCore;vtkCommonColor;vtkCommonDataModel;vtkCommonMath;vtkCommonCore;vtksys;vtkCommonMisc;vtkCommonSystem;vtkCommonTransforms;vtkInfovisCore;vtkFiltersExtraction;vtkCommonExecutionModel;vtkFiltersCore;vtkFiltersGeneral;vtkCommonComputationalGeometry;vtkFiltersStatistics;vtkImagingFourier;vtkImagingCore;vtkalglib;vtkRenderingContext2D;vtkRenderingCore;vtkFiltersGeometry;vtkFiltersSources;vtkRenderingFreeType;/usr/lib/x86_64-linux-gnu/libfreetype.so;/usr/lib/x86_64-linux-gnu/libz.so;vtkftgl;vtkDICOMParser;vtkDomainsChemistry;vtkIOXML;vtkIOGeometry;vtkIOCore;vtkIOXMLParser;/usr/lib/x86_64-linux-gnu/libexpat.so;vtkFiltersAMR;vtkParallelCore;vtkIOLegacy;vtkFiltersFlowPaths;vtkFiltersGeneric;vtkFiltersHybrid;vtkImagingSources;vtkFiltersHyperTree;vtkFiltersImaging;vtkImagingGeneral;vtkFiltersModeling;vtkFiltersParallel;vtkFiltersParallelFlowPaths;vtkParallelMPI;vtkFiltersParallelGeometry;vtkFiltersParallelImaging;vtkFiltersParallelMPI;vtkFiltersParallelStatistics;vtkFiltersProgrammable;vtkFiltersPython;/usr/lib/x86_64-linux-gnu/libpython2.7.so;vtkWrappingPythonCore;vtkWrappingTools;vtkFiltersReebGraph;vtkFiltersSMP;vtkFiltersSelection;vtkFiltersTexture;vtkFiltersVerdict;verdict;vtkGUISupportQt;vtkInteractionStyle;vtkRenderingOpenGL;vtkImagingHybrid;vtkIOImage;vtkmetaio;/usr/lib/x86_64-linux-gnu/libjpeg.so;/usr/lib/x86_64-linux-gnu/libpng.so;/usr/lib/x86_64-linux-gnu/libtiff.so;vtkGUISupportQtOpenGL;vtkGUISupportQtSQL;vtkIOSQL;sqlite3;vtkGUISupportQtWebkit;vtkViewsQt;vtkViewsInfovis;vtkInfovisLayout;vtkInfovisBoostGraphAlgorithms;vtkRenderingLabel;vtkViewsCore;vtkInteractionWidgets;vtkRenderingAnnotation;vtkImagingColor;vtkRenderingVolume;vtkGeovisCore;/usr/lib/x86_64-linux-gnu/libproj.so;vtkIOAMR;/usr/lib/x86_64-linux-gnu/hdf5/openmpi/libhdf5.so;/usr/lib/x86_64-linux-gnu/libsz.so;/usr/lib/x86_64-linux-gnu/libdl.so;/usr/lib/x86_64-linux-gnu/libm.so;/usr/lib/x86_64-linux-gnu/openmpi/lib/libmpi.so;vtkIOEnSight;vtkIOExodus;vtkexoIIc;/usr/lib/x86_64-linux-gnu/libnetcdf_c++.so;/usr/lib/x86_64-linux-gnu/libnetcdf.so;vtkIOExport;vtkRenderingGL2PS;vtkRenderingContextOpenGL;/usr/lib/x86_64-linux-gnu/libgl2ps.so;vtkIOFFMPEG;vtkIOMovie;/usr/lib/x86_64-linux-gnu/libtheoraenc.so;/usr/lib/x86_64-linux-gnu/libtheoradec.so;/usr/lib/x86_64-linux-gnu/libogg.so;vtkIOGDAL;vtkIOGeoJSON;vtkIOImport;vtkIOInfovis;/usr/lib/x86_64-linux-gnu/libxml2.so;vtkIOLSDyna;vtkIOMINC;vtkIOMPIImage;vtkIOMPIParallel;vtkIOParallel;vtkIONetCDF;/usr/lib/x86_64-linux-gnu/libjsoncpp.so;vtkIOMySQL;vtkIOODBC;vtkIOPLY;vtkIOParallelExodus;vtkIOParallelLSDyna;vtkIOParallelNetCDF;vtkIOParallelXML;vtkIOPostgreSQL;vtkIOVPIC;VPIC;vtkIOVideo;vtkIOXdmf2;vtkxdmf2;vtkImagingMath;vtkImagingMorphological;vtkImagingStatistics;vtkImagingStencil;vtkInteractionImage;vtkLocalExample;vtkParallelMPI4Py;vtkPythonInterpreter;vtkRenderingExternal;vtkRenderingFreeTypeFontConfig;vtkRenderingImage;vtkRenderingLIC;vtkRenderingLOD;vtkRenderingMatplotlib;vtkRenderingParallel;vtkRenderingParallelLIC;vtkRenderingQt;vtkRenderingVolumeAMR;vtkRenderingVolumeOpenGL;vtkTestingGenericBridge;vtkTestingIOSQL;vtkTestingRendering;vtkViewsContext2D;vtkViewsGeovis;vtkWrappingJava;optimized;/usr/lib/x86_64-linux-gnu/libpcl_io.so;debug;/usr/lib/x86_64-linux-gnu/libpcl_io.so;optimized;/usr/lib/x86_64-linux-gnu/libflann_cpp_s.a;debug;/usr/lib/x86_64-linux-gnu/libflann_cpp_s.a;optimized;/usr/lib/x86_64-linux-gnu/libpcl_kdtree.so;debug;/usr/lib/x86_64-linux-gnu/libpcl_kdtree.so;optimized;/usr/lib/x86_64-linux-gnu/libpcl_search.so;debug;/usr/lib/x86_64-linux-gnu/libpcl_search.so;optimized;/usr/lib/x86_64-linux-gnu/libpcl_sample_consensus.so;debug;/usr/lib/x86_64-linux-gnu/libpcl_sample_consensus.so;optimized;/usr/lib/x86_64-linux-gnu/libpcl_filters.so;debug;/usr/lib/x86_64-linux-gnu/libpcl_filters.so;optimized;/usr/lib/x86_64-linux-gnu/libpcl_features.so;debug;/usr/lib/x86_64-linux-gnu/libpcl_features.so;optimized;/usr/lib/x86_64-linux-gnu/libpcl_ml.so;debug;/usr/lib/x86_64-linux-gnu/libpcl_ml.so;optimized;/usr/lib/x86_64-linux-gnu/libpcl_segmentation.so;debug;/usr/lib/x86_64-linux-gnu/libpcl_segmentation.so;optimized;/usr/lib/x86_64-linux-gnu/libpcl_visualization.so;debug;/usr/lib/x86_64-linux-gnu/libpcl_visualization.so;optimized;/usr/lib/x86_64-linux-gnu/libqhull.so;debug;/usr/lib/x86_64-linux-gnu/libqhull.so;optimized;/usr/lib/x86_64-linux-gnu/libpcl_surface.so;debug;/usr/lib/x86_64-linux-gnu/libpcl_surface.so;optimized;/usr/lib/x86_64-linux-gnu/libpcl_registration.so;debug;/usr/lib/x86_64-linux-gnu/libpcl_registration.so;optimized;/usr/lib/x86_64-linux-gnu/libpcl_keypoints.so;debug;/usr/lib/x86_64-linux-gnu/libpcl_keypoints.so;optimized;/usr/lib/x86_64-linux-gnu/libpcl_tracking.so;debug;/usr/lib/x86_64-linux-gnu/libpcl_tracking.so;optimized;/usr/lib/x86_64-linux-gnu/libpcl_recognition.so;debug;/usr/lib/x86_64-linux-gnu/libpcl_recognition.so;optimized;/usr/lib/x86_64-linux-gnu/libpcl_stereo.so;debug;/usr/lib/x86_64-linux-gnu/libpcl_stereo.so;optimized;/usr/lib/x86_64-linux-gnu/libpcl_apps.so;debug;/usr/lib/x86_64-linux-gnu/libpcl_apps.so;optimized;/usr/lib/x86_64-linux-gnu/libpcl_outofcore.so;debug;/usr/lib/x86_64-linux-gnu/libpcl_outofcore.so;optimized;/usr/lib/x86_64-linux-gnu/libpcl_people.so;debug;/usr/lib/x86_64-linux-gnu/libpcl_people.so;/usr/lib/x86_64-linux-gnu/libboost_system.so;/usr/lib/x86_64-linux-gnu/libboost_filesystem.so;/usr/lib/x86_64-linux-gnu/libboost_thread.so;/usr/lib/x86_64-linux-gnu/libboost_date_time.so;/usr/lib/x86_64-linux-gnu/libboost_iostreams.so;/usr/lib/x86_64-linux-gnu/libboost_serialization.so;/usr/lib/x86_64-linux-gnu/libboost_chrono.so;/usr/lib/x86_64-linux-gnu/libboost_atomic.so;/usr/lib/x86_64-linux-gnu/libboost_regex.so;/usr/lib/x86_64-linux-gnu/libpthread.so;optimized;/usr/lib/x86_64-linux-gnu/libqhull.so;debug;/usr/lib/x86_64-linux-gnu/libqhull.so;/usr/lib/libOpenNI.so;/usr/lib/libOpenNI2.so;optimized;/usr/lib/x86_64-linux-gnu/libflann_cpp_s.a;debug;/usr/lib/x86_64-linux-gnu/libflann_cpp_s.a;vtkChartsCore;vtkCommonColor;vtkCommonDataModel;vtkCommonMath;vtkCommonCore;vtksys;vtkCommonMisc;vtkCommonSystem;vtkCommonTransforms;vtkInfovisCore;vtkFiltersExtraction;vtkCommonExecutionModel;vtkFiltersCore;vtkFiltersGeneral;vtkCommonComputationalGeometry;vtkFiltersStatistics;vtkImagingFourier;vtkImagingCore;vtkalglib;vtkRenderingContext2D;vtkRenderingCore;vtkFiltersGeometry;vtkFiltersSources;vtkRenderingFreeType;/usr/lib/x86_64-linux-gnu/libfreetype.so;/usr/lib/x86_64-linux-gnu/libz.so;vtkftgl;vtkDICOMParser;vtkDomainsChemistry;vtkIOXML;vtkIOGeometry;vtkIOCore;vtkIOXMLParser;/usr/lib/x86_64-linux-gnu/libexpat.so;vtkFiltersAMR;vtkParallelCore;vtkIOLegacy;vtkFiltersFlowPaths;vtkFiltersGeneric;vtkFiltersHybrid;vtkImagingSources;vtkFiltersHyperTree;vtkFiltersImaging;vtkImagingGeneral;vtkFiltersModeling;vtkFiltersParallel;vtkFiltersParallelFlowPaths;vtkParallelMPI;vtkFiltersParallelGeometry;vtkFiltersParallelImaging;vtkFiltersParallelMPI;vtkFiltersParallelStatistics;vtkFiltersProgrammable;vtkFiltersPython;/usr/lib/x86_64-linux-gnu/libpython2.7.so;vtkWrappingPythonCore;vtkWrappingTools;vtkFiltersReebGraph;vtkFiltersSMP;vtkFiltersSelection;vtkFiltersTexture;vtkFiltersVerdict;verdict;vtkGUISupportQt;vtkInteractionStyle;vtkRenderingOpenGL;vtkImagingHybrid;vtkIOImage;vtkmetaio;/usr/lib/x86_64-linux-gnu/libjpeg.so;/usr/lib/x86_64-linux-gnu/libpng.so;/usr/lib/x86_64-linux-gnu/libtiff.so;vtkGUISupportQtOpenGL;vtkGUISupportQtSQL;vtkIOSQL;sqlite3;vtkGUISupportQtWebkit;vtkViewsQt;vtkViewsInfovis;vtkInfovisLayout;vtkInfovisBoostGraphAlgorithms;vtkRenderingLabel;vtkViewsCore;vtkInteractionWidgets;vtkRenderingAnnotation;vtkImagingColor;vtkRenderingVolume;vtkGeovisCore;/usr/lib/x86_64-linux-gnu/libproj.so;vtkIOAMR;/usr/lib/x86_64-linux-gnu/hdf5/openmpi/libhdf5.so;/usr/lib/x86_64-linux-gnu/libsz.so;/usr/lib/x86_64-linux-gnu/libdl.so;/usr/lib/x86_64-linux-gnu/libm.so;/usr/lib/x86_64-linux-gnu/openmpi/lib/libmpi.so;vtkIOEnSight;vtkIOExodus;vtkexoIIc;/usr/lib/x86_64-linux-gnu/libnetcdf_c++.so;/usr/lib/x86_64-linux-gnu/libnetcdf.so;vtkIOExport;vtkRenderingGL2PS;vtkRenderingContextOpenGL;/usr/lib/x86_64-linux-gnu/libgl2ps.so;vtkIOFFMPEG;vtkIOMovie;/usr/lib/x86_64-linux-gnu/libtheoraenc.so;/usr/lib/x86_64-linux-gnu/libtheoradec.so;/usr/lib/x86_64-linux-gnu/libogg.so;vtkIOGDAL;vtkIOGeoJSON;vtkIOImport;vtkIOInfovis;/usr/lib/x86_64-linux-gnu/libxml2.so;vtkIOLSDyna;vtkIOMINC;vtkIOMPIImage;vtkIOMPIParallel;vtkIOParallel;vtkIONetCDF;/usr/lib/x86_64-linux-gnu/libjsoncpp.so;vtkIOMySQL;vtkIOODBC;vtkIOPLY;vtkIOParallelExodus;vtkIOParallelLSDyna;vtkIOParallelNetCDF;vtkIOParallelXML;vtkIOPostgreSQL;vtkIOVPIC;VPIC;vtkIOVideo;vtkIOXdmf2;vtkxdmf2;vtkImagingMath;vtkImagingMorphological;vtkImagingStatistics;vtkImagingStencil;vtkInteractionImage;vtkLocalExample;vtkParallelMPI4Py;vtkPythonInterpreter;vtkRenderingExternal;vtkRenderingFreeTypeFontConfig;vtkRenderingImage;vtkRenderingLIC;vtkRenderingLOD;vtkRenderingMatplotlib;vtkRenderingParallel;vtkRenderingParallelLIC;vtkRenderingQt;vtkRenderingVolumeAMR;vtkRenderingVolumeOpenGL;vtkTestingGenericBridge;vtkTestingIOSQL;vtkTestingRendering;vtkViewsContext2D;vtkViewsGeovis;vtkWrappingJava (Required is at least version "1.7") 
[4.590s] -- Found OpenMP_C: -fopenmp (found version "4.5") 
[4.707s] -- Found OpenMP_CXX: -fopenmp (found version "4.5") 
[4.707s] -- Found OpenMP: TRUE (found version "4.5")  
[4.712s] -- Found PkgConfig: /usr/bin/pkg-config (found version "0.29.1") 
[4.714s] -- Checking for module 'yaml-cpp'
[4.733s] --   Found yaml-cpp, version 0.5.2
[4.811s] -- Configuring done
[5.405s] -- Generating done
[5.425s] -- Build files have been written to: /home/yeap/APC_2022_Prac/airsimversion/autoware.ai/build/points_preprocessor
[5.445s] Invoked command in '/home/yeap/APC_2022_Prac/airsimversion/autoware.ai/build/points_preprocessor' returned '0': CMAKE_PREFIX_PATH=/home/yeap/APC_2022_Prac/airsimversion/autoware.ai/install/autoware_health_checker:/home/yeap/APC_2022_Prac/airsimversion/autoware.ai/install/ros_observer:/home/yeap/APC_2022_Prac/airsimversion/autoware.ai/install/autoware_system_msgs:/home/yeap/APC_2022_Prac/airsimversion/autoware.ai/install/autoware_config_msgs:/home/yeap/APC_2022_Prac/airsimversion/autoware.ai/install/autoware_build_flags:${CMAKE_PREFIX_PATH} LD_LIBRARY_PATH=/home/yeap/APC_2022_Prac/airsimversion/autoware.ai/install/autoware_health_checker/lib:/home/yeap/APC_2022_Prac/airsimversion/autoware.ai/install/ros_observer/lib:${LD_LIBRARY_PATH} PKG_CONFIG_PATH=/home/yeap/APC_2022_Prac/airsimversion/autoware.ai/install/autoware_health_checker/lib/x86_64-linux-gnu/pkgconfig:/home/yeap/APC_2022_Prac/airsimversion/autoware.ai/install/autoware_health_checker/lib/pkgconfig:/home/yeap/APC_2022_Prac/airsimversion/autoware.ai/install/ros_observer/lib/x86_64-linux-gnu/pkgconfig:/home/yeap/APC_2022_Prac/airsimversion/autoware.ai/install/ros_observer/lib/pkgconfig:/home/yeap/APC_2022_Prac/airsimversion/autoware.ai/install/autoware_system_msgs/lib/x86_64-linux-gnu/pkgconfig:/home/yeap/APC_2022_Prac/airsimversion/autoware.ai/install/autoware_system_msgs/lib/pkgconfig:/home/yeap/APC_2022_Prac/airsimversion/autoware.ai/install/autoware_config_msgs/lib/x86_64-linux-gnu/pkgconfig:/home/yeap/APC_2022_Prac/airsimversion/autoware.ai/install/autoware_config_msgs/lib/pkgconfig:/home/yeap/APC_2022_Prac/airsimversion/autoware.ai/install/autoware_build_flags/lib/x86_64-linux-gnu/pkgconfig:/home/yeap/APC_2022_Prac/airsimversion/autoware.ai/install/autoware_build_flags/lib/pkgconfig:${PKG_CONFIG_PATH} PYTHONPATH=/home/yeap/APC_2022_Prac/airsimversion/autoware.ai/install/autoware_system_msgs/lib/python2.7/dist-packages:/home/yeap/APC_2022_Prac/airsimversion/autoware.ai/install/autoware_config_msgs/lib/python2.7/dist-packages:${PYTHONPATH} ROS_PACKAGE_PATH=/home/yeap/APC_2022_Prac/airsimversion/autoware.ai/install/autoware_health_checker/share:/home/yeap/APC_2022_Prac/airsimversion/autoware.ai/install/ros_observer/share:/home/yeap/APC_2022_Prac/airsimversion/autoware.ai/install/autoware_system_msgs/share:/home/yeap/APC_2022_Prac/airsimversion/autoware.ai/install/autoware_config_msgs/share:/home/yeap/APC_2022_Prac/airsimversion/autoware.ai/install/autoware_build_flags/share:${ROS_PACKAGE_PATH} /usr/bin/cmake /home/yeap/APC_2022_Prac/airsimversion/autoware.ai/src/autoware/core_perception/points_preprocessor -DCMAKE_BUILD_TYPE=Release -DCATKIN_INSTALL_INTO_PREFIX_ROOT=0 -DCMAKE_INSTALL_PREFIX=/home/yeap/APC_2022_Prac/airsimversion/autoware.ai/install/points_preprocessor
[5.446s] Invoking command in '/home/yeap/APC_2022_Prac/airsimversion/autoware.ai/build/points_preprocessor': CMAKE_PREFIX_PATH=/home/yeap/APC_2022_Prac/airsimversion/autoware.ai/install/autoware_health_checker:/home/yeap/APC_2022_Prac/airsimversion/autoware.ai/install/ros_observer:/home/yeap/APC_2022_Prac/airsimversion/autoware.ai/install/autoware_system_msgs:/home/yeap/APC_2022_Prac/airsimversion/autoware.ai/install/autoware_config_msgs:/home/yeap/APC_2022_Prac/airsimversion/autoware.ai/install/autoware_build_flags:${CMAKE_PREFIX_PATH} LD_LIBRARY_PATH=/home/yeap/APC_2022_Prac/airsimversion/autoware.ai/install/autoware_health_checker/lib:/home/yeap/APC_2022_Prac/airsimversion/autoware.ai/install/ros_observer/lib:${LD_LIBRARY_PATH} PKG_CONFIG_PATH=/home/yeap/APC_2022_Prac/airsimversion/autoware.ai/install/autoware_health_checker/lib/x86_64-linux-gnu/pkgconfig:/home/yeap/APC_2022_Prac/airsimversion/autoware.ai/install/autoware_health_checker/lib/pkgconfig:/home/yeap/APC_2022_Prac/airsimversion/autoware.ai/install/ros_observer/lib/x86_64-linux-gnu/pkgconfig:/home/yeap/APC_2022_Prac/airsimversion/autoware.ai/install/ros_observer/lib/pkgconfig:/home/yeap/APC_2022_Prac/airsimversion/autoware.ai/install/autoware_system_msgs/lib/x86_64-linux-gnu/pkgconfig:/home/yeap/APC_2022_Prac/airsimversion/autoware.ai/install/autoware_system_msgs/lib/pkgconfig:/home/yeap/APC_2022_Prac/airsimversion/autoware.ai/install/autoware_config_msgs/lib/x86_64-linux-gnu/pkgconfig:/home/yeap/APC_2022_Prac/airsimversion/autoware.ai/install/autoware_config_msgs/lib/pkgconfig:/home/yeap/APC_2022_Prac/airsimversion/autoware.ai/install/autoware_build_flags/lib/x86_64-linux-gnu/pkgconfig:/home/yeap/APC_2022_Prac/airsimversion/autoware.ai/install/autoware_build_flags/lib/pkgconfig:${PKG_CONFIG_PATH} PYTHONPATH=/home/yeap/APC_2022_Prac/airsimversion/autoware.ai/install/autoware_system_msgs/lib/python2.7/dist-packages:/home/yeap/APC_2022_Prac/airsimversion/autoware.ai/install/autoware_config_msgs/lib/python2.7/dist-packages:${PYTHONPATH} ROS_PACKAGE_PATH=/home/yeap/APC_2022_Prac/airsimversion/autoware.ai/install/autoware_health_checker/share:/home/yeap/APC_2022_Prac/airsimversion/autoware.ai/install/ros_observer/share:/home/yeap/APC_2022_Prac/airsimversion/autoware.ai/install/autoware_system_msgs/share:/home/yeap/APC_2022_Prac/airsimversion/autoware.ai/install/autoware_config_msgs/share:/home/yeap/APC_2022_Prac/airsimversion/autoware.ai/install/autoware_build_flags/share:${ROS_PACKAGE_PATH} /usr/bin/cmake --build /home/yeap/APC_2022_Prac/airsimversion/autoware.ai/build/points_preprocessor -- -j6 -l6
[5.509s] [35m[1mScanning dependencies of target tf_generate_messages_nodejs[0m
[5.521s] [  0%] Built target tf_generate_messages_nodejs
[5.533s] [35m[1mScanning dependencies of target velodyne_msgs_generate_messages_cpp[0m
[5.545s] [  0%] Built target velodyne_msgs_generate_messages_cpp
[5.557s] [35m[1mScanning dependencies of target diagnostic_msgs_generate_messages_nodejs[0m
[5.569s] [  0%] Built target diagnostic_msgs_generate_messages_nodejs
[5.582s] [35m[1mScanning dependencies of target diagnostic_msgs_generate_messages_lisp[0m
[5.594s] [  0%] Built target diagnostic_msgs_generate_messages_lisp
[5.608s] [35m[1mScanning dependencies of target diagnostic_msgs_generate_messages_eus[0m
[5.621s] [  0%] Built target diagnostic_msgs_generate_messages_eus
[5.634s] [35m[1mScanning dependencies of target velodyne_driver_gencfg[0m
[5.646s] [  0%] Built target velodyne_driver_gencfg
[5.658s] [35m[1mScanning dependencies of target velodyne_pointcloud_gencfg[0m
[5.670s] [  0%] Built target velodyne_pointcloud_gencfg
[5.682s] [35m[1mScanning dependencies of target tf2_msgs_generate_messages_nodejs[0m
[5.693s] [  0%] Built target tf2_msgs_generate_messages_nodejs
[5.706s] [35m[1mScanning dependencies of target tf2_msgs_generate_messages_eus[0m
[5.718s] [  0%] Built target tf2_msgs_generate_messages_eus
[5.730s] [35m[1mScanning dependencies of target tf2_msgs_generate_messages_cpp[0m
[5.742s] [  0%] Built target tf2_msgs_generate_messages_cpp
[5.754s] [35m[1mScanning dependencies of target actionlib_msgs_generate_messages_py[0m
[5.767s] [  0%] Built target actionlib_msgs_generate_messages_py
[5.780s] [35m[1mScanning dependencies of target tf2_msgs_generate_messages_py[0m
[5.792s] [  0%] Built target tf2_msgs_generate_messages_py
[5.804s] [35m[1mScanning dependencies of target actionlib_generate_messages_py[0m
[5.817s] [  0%] Built target actionlib_generate_messages_py
[5.829s] [35m[1mScanning dependencies of target actionlib_generate_messages_cpp[0m
[5.840s] [  0%] Built target actionlib_generate_messages_cpp
[5.852s] [35m[1mScanning dependencies of target geometry_msgs_generate_messages_py[0m
[5.864s] [  0%] Built target geometry_msgs_generate_messages_py
[5.877s] [35m[1mScanning dependencies of target geometry_msgs_generate_messages_lisp[0m
[5.889s] [  0%] Built target geometry_msgs_generate_messages_lisp
[5.901s] [35m[1mScanning dependencies of target actionlib_generate_messages_lisp[0m
[5.913s] [  0%] Built target actionlib_generate_messages_lisp
[5.924s] [35m[1mScanning dependencies of target geometry_msgs_generate_messages_cpp[0m
[5.936s] [  0%] Built target geometry_msgs_generate_messages_cpp
[5.947s] [35m[1mScanning dependencies of target geometry_msgs_generate_messages_eus[0m
[5.959s] [  0%] Built target geometry_msgs_generate_messages_eus
[5.970s] [35m[1mScanning dependencies of target autoware_system_msgs_generate_messages_cpp[0m
[5.982s] [  0%] Built target autoware_system_msgs_generate_messages_cpp
[5.994s] [35m[1mScanning dependencies of target roscpp_generate_messages_cpp[0m
[6.006s] [  0%] Built target roscpp_generate_messages_cpp
[6.018s] [35m[1mScanning dependencies of target pcl_msgs_generate_messages_cpp[0m
[6.030s] [  0%] Built target pcl_msgs_generate_messages_cpp
[6.042s] [35m[1mScanning dependencies of target dynamic_reconfigure_generate_messages_lisp[0m
[6.054s] [  0%] Built target dynamic_reconfigure_generate_messages_lisp
[6.065s] [35m[1mScanning dependencies of target sensor_msgs_generate_messages_lisp[0m
[6.078s] [  0%] Built target sensor_msgs_generate_messages_lisp
[6.090s] [35m[1mScanning dependencies of target rosgraph_msgs_generate_messages_lisp[0m
[6.101s] [  0%] Built target rosgraph_msgs_generate_messages_lisp
[6.113s] [35m[1mScanning dependencies of target rosgraph_msgs_generate_messages_cpp[0m
[6.125s] [  0%] Built target rosgraph_msgs_generate_messages_cpp
[6.137s] [35m[1mScanning dependencies of target topic_tools_generate_messages_cpp[0m
[6.149s] [  0%] Built target topic_tools_generate_messages_cpp
[6.162s] [35m[1mScanning dependencies of target diagnostic_msgs_generate_messages_py[0m
[6.176s] [  0%] Built target diagnostic_msgs_generate_messages_py
[6.188s] [35m[1mScanning dependencies of target autoware_system_msgs_generate_messages_eus[0m
[6.199s] [  0%] Built target autoware_system_msgs_generate_messages_eus
[6.212s] [35m[1mScanning dependencies of target dynamic_reconfigure_generate_messages_cpp[0m
[6.224s] [  0%] Built target dynamic_reconfigure_generate_messages_cpp
[6.236s] [35m[1mScanning dependencies of target tf_generate_messages_py[0m
[6.248s] [  0%] Built target tf_generate_messages_py
[6.260s] [35m[1mScanning dependencies of target rosgraph_msgs_generate_messages_eus[0m
[6.273s] [  0%] Built target rosgraph_msgs_generate_messages_eus
[6.285s] [35m[1mScanning dependencies of target std_msgs_generate_messages_cpp[0m
[6.297s] [  0%] Built target std_msgs_generate_messages_cpp
[6.310s] [35m[1mScanning dependencies of target sensor_msgs_generate_messages_py[0m
[6.323s] [  0%] Built target sensor_msgs_generate_messages_py
[6.335s] [35m[1mScanning dependencies of target nodelet_generate_messages_py[0m
[6.348s] [  0%] Built target nodelet_generate_messages_py
[6.361s] [35m[1mScanning dependencies of target actionlib_msgs_generate_messages_lisp[0m
[6.374s] [  0%] Built target actionlib_msgs_generate_messages_lisp
[6.388s] [35m[1mScanning dependencies of target autoware_system_msgs_generate_messages_nodejs[0m
[6.401s] [  0%] Built target autoware_system_msgs_generate_messages_nodejs
[6.413s] [35m[1mScanning dependencies of target autoware_system_msgs_generate_messages_lisp[0m
[6.426s] [  0%] Built target autoware_system_msgs_generate_messages_lisp
[6.438s] [35m[1mScanning dependencies of target actionlib_msgs_generate_messages_eus[0m
[6.450s] [  0%] Built target actionlib_msgs_generate_messages_eus
[6.462s] [35m[1mScanning dependencies of target roscpp_generate_messages_eus[0m
[6.474s] [  0%] Built target roscpp_generate_messages_eus
[6.487s] [35m[1mScanning dependencies of target rosgraph_msgs_generate_messages_py[0m
[6.499s] [  0%] Built target rosgraph_msgs_generate_messages_py
[6.512s] [35m[1mScanning dependencies of target autoware_config_msgs_generate_messages_cpp[0m
[6.524s] [  0%] Built target autoware_config_msgs_generate_messages_cpp
[6.537s] [35m[1mScanning dependencies of target rosgraph_msgs_generate_messages_nodejs[0m
[6.550s] [  0%] Built target rosgraph_msgs_generate_messages_nodejs
[6.562s] [35m[1mScanning dependencies of target std_msgs_generate_messages_eus[0m
[6.574s] [  0%] Built target std_msgs_generate_messages_eus
[6.586s] [35m[1mScanning dependencies of target geometry_msgs_generate_messages_nodejs[0m
[6.598s] [  0%] Built target geometry_msgs_generate_messages_nodejs
[6.611s] [35m[1mScanning dependencies of target autoware_config_msgs_generate_messages_eus[0m
[6.623s] [  0%] Built target autoware_config_msgs_generate_messages_eus
[6.638s] [35m[1mScanning dependencies of target autoware_config_msgs_generate_messages_lisp[0m
[6.653s] [  0%] Built target autoware_config_msgs_generate_messages_lisp
[6.666s] [35m[1mScanning dependencies of target sensor_msgs_generate_messages_eus[0m
[6.677s] [  0%] Built target sensor_msgs_generate_messages_eus
[6.688s] [35m[1mScanning dependencies of target sensor_msgs_generate_messages_cpp[0m
[6.707s] [  0%] Built target sensor_msgs_generate_messages_cpp
[6.719s] [35m[1mScanning dependencies of target sensor_msgs_generate_messages_nodejs[0m
[6.732s] [  0%] Built target sensor_msgs_generate_messages_nodejs
[6.745s] [35m[1mScanning dependencies of target autoware_system_msgs_generate_messages_py[0m
[6.758s] [  0%] Built target autoware_system_msgs_generate_messages_py
[6.771s] [35m[1mScanning dependencies of target dynamic_reconfigure_generate_messages_eus[0m
[6.785s] [  0%] Built target dynamic_reconfigure_generate_messages_eus
[6.798s] [35m[1mScanning dependencies of target roscpp_generate_messages_nodejs[0m
[6.814s] [  0%] Built target roscpp_generate_messages_nodejs
[6.827s] [35m[1mScanning dependencies of target std_msgs_generate_messages_lisp[0m
[6.840s] [  0%] Built target std_msgs_generate_messages_lisp
[6.863s] [35m[1mScanning dependencies of target std_msgs_generate_messages_nodejs[0m
[6.877s] [  0%] Built target std_msgs_generate_messages_nodejs
[6.889s] [35m[1mScanning dependencies of target bond_generate_messages_lisp[0m
[6.902s] [  0%] Built target bond_generate_messages_lisp
[6.916s] [35m[1mScanning dependencies of target std_msgs_generate_messages_py[0m
[6.930s] [  0%] Built target std_msgs_generate_messages_py
[6.942s] [35m[1mScanning dependencies of target pcl_msgs_generate_messages_eus[0m
[6.955s] [  0%] Built target pcl_msgs_generate_messages_eus
[6.966s] [35m[1mScanning dependencies of target topic_tools_generate_messages_eus[0m
[6.979s] [  0%] Built target topic_tools_generate_messages_eus
[6.992s] [35m[1mScanning dependencies of target pcl_msgs_generate_messages_nodejs[0m
[7.005s] [  0%] Built target pcl_msgs_generate_messages_nodejs
[7.017s] [35m[1mScanning dependencies of target nodelet_generate_messages_nodejs[0m
[7.030s] [  0%] Built target nodelet_generate_messages_nodejs
[7.042s] [35m[1mScanning dependencies of target diagnostic_msgs_generate_messages_cpp[0m
[7.054s] [  0%] Built target diagnostic_msgs_generate_messages_cpp
[7.067s] [35m[1mScanning dependencies of target actionlib_generate_messages_eus[0m
[7.078s] [  0%] Built target actionlib_generate_messages_eus
[7.106s] [35m[1mScanning dependencies of target pcl_msgs_generate_messages_py[0m
[7.117s] [  0%] Built target pcl_msgs_generate_messages_py
[7.129s] [35m[1mScanning dependencies of target std_srvs_generate_messages_eus[0m
[7.142s] [  0%] Built target std_srvs_generate_messages_eus
[7.154s] [35m[1mScanning dependencies of target roscpp_generate_messages_lisp[0m
[7.165s] [  0%] Built target roscpp_generate_messages_lisp
[7.176s] [35m[1mScanning dependencies of target bond_generate_messages_eus[0m
[7.187s] [  0%] Built target bond_generate_messages_eus
[7.199s] [35m[1mScanning dependencies of target roscpp_generate_messages_py[0m
[7.210s] [  0%] Built target roscpp_generate_messages_py
[7.222s] [35m[1mScanning dependencies of target pcl_ros_gencfg[0m
[7.233s] [  0%] Built target pcl_ros_gencfg
[7.244s] [35m[1mScanning dependencies of target topic_tools_generate_messages_nodejs[0m
[7.255s] [  0%] Built target topic_tools_generate_messages_nodejs
[7.268s] [35m[1mScanning dependencies of target dynamic_reconfigure_generate_messages_nodejs[0m
[7.280s] [  0%] Built target dynamic_reconfigure_generate_messages_nodejs
[7.291s] [35m[1mScanning dependencies of target dynamic_reconfigure_generate_messages_py[0m
[7.304s] [  0%] Built target dynamic_reconfigure_generate_messages_py
[7.315s] [35m[1mScanning dependencies of target tf2_msgs_generate_messages_lisp[0m
[7.327s] [  0%] Built target tf2_msgs_generate_messages_lisp
[7.338s] [35m[1mScanning dependencies of target dynamic_reconfigure_gencfg[0m
[7.349s] [  0%] Built target dynamic_reconfigure_gencfg
[7.361s] [35m[1mScanning dependencies of target nodelet_generate_messages_cpp[0m
[7.372s] [  0%] Built target nodelet_generate_messages_cpp
[7.384s] [35m[1mScanning dependencies of target bond_generate_messages_py[0m
[7.395s] [  0%] Built target bond_generate_messages_py
[7.407s] [35m[1mScanning dependencies of target std_srvs_generate_messages_nodejs[0m
[7.419s] [  0%] Built target std_srvs_generate_messages_nodejs
[7.431s] [35m[1mScanning dependencies of target nodelet_generate_messages_eus[0m
[7.443s] [  0%] Built target nodelet_generate_messages_eus
[7.455s] [35m[1mScanning dependencies of target nodelet_generate_messages_lisp[0m
[7.466s] [  0%] Built target nodelet_generate_messages_lisp
[7.477s] [35m[1mScanning dependencies of target bond_generate_messages_cpp[0m
[7.489s] [  0%] Built target bond_generate_messages_cpp
[7.500s] [35m[1mScanning dependencies of target actionlib_msgs_generate_messages_cpp[0m
[7.512s] [  0%] Built target actionlib_msgs_generate_messages_cpp
[7.524s] [35m[1mScanning dependencies of target tf_generate_messages_eus[0m
[7.535s] [  0%] Built target tf_generate_messages_eus
[7.546s] [35m[1mScanning dependencies of target autoware_config_msgs_generate_messages_py[0m
[7.558s] [  0%] Built target autoware_config_msgs_generate_messages_py
[7.569s] [35m[1mScanning dependencies of target bond_generate_messages_nodejs[0m
[7.580s] [  0%] Built target bond_generate_messages_nodejs
[7.592s] [35m[1mScanning dependencies of target actionlib_msgs_generate_messages_nodejs[0m
[7.604s] [  0%] Built target actionlib_msgs_generate_messages_nodejs
[7.616s] [35m[1mScanning dependencies of target topic_tools_generate_messages_py[0m
[7.627s] [  0%] Built target topic_tools_generate_messages_py
[7.638s] [35m[1mScanning dependencies of target nodelet_topic_tools_gencfg[0m
[7.650s] [  0%] Built target nodelet_topic_tools_gencfg
[7.661s] [35m[1mScanning dependencies of target std_srvs_generate_messages_lisp[0m
[7.672s] [  0%] Built target std_srvs_generate_messages_lisp
[7.684s] [35m[1mScanning dependencies of target topic_tools_generate_messages_lisp[0m
[7.695s] [  0%] Built target topic_tools_generate_messages_lisp
[7.707s] [35m[1mScanning dependencies of target std_srvs_generate_messages_cpp[0m
[7.719s] [  0%] Built target std_srvs_generate_messages_cpp
[7.731s] [35m[1mScanning dependencies of target std_srvs_generate_messages_py[0m
[7.746s] [  0%] Built target std_srvs_generate_messages_py
[7.757s] [35m[1mScanning dependencies of target actionlib_generate_messages_nodejs[0m
[7.768s] [  0%] Built target actionlib_generate_messages_nodejs
[7.779s] [35m[1mScanning dependencies of target pcl_msgs_generate_messages_lisp[0m
[7.791s] [  0%] Built target pcl_msgs_generate_messages_lisp
[7.803s] [35m[1mScanning dependencies of target tf_generate_messages_cpp[0m
[7.814s] [  0%] Built target tf_generate_messages_cpp
[7.826s] [35m[1mScanning dependencies of target tf_generate_messages_lisp[0m
[7.837s] [  0%] Built target tf_generate_messages_lisp
[7.849s] [35m[1mScanning dependencies of target autoware_config_msgs_generate_messages_nodejs[0m
[7.860s] [  0%] Built target autoware_config_msgs_generate_messages_nodejs
[7.872s] [35m[1mScanning dependencies of target velodyne_msgs_generate_messages_eus[0m
[7.884s] [  0%] Built target velodyne_msgs_generate_messages_eus
[7.896s] [35m[1mScanning dependencies of target velodyne_msgs_generate_messages_lisp[0m
[7.908s] [  0%] Built target velodyne_msgs_generate_messages_lisp
[7.919s] [35m[1mScanning dependencies of target velodyne_msgs_generate_messages_nodejs[0m
[7.931s] [  0%] Built target velodyne_msgs_generate_messages_nodejs
[7.943s] [35m[1mScanning dependencies of target velodyne_msgs_generate_messages_py[0m
[7.955s] [  0%] Built target velodyne_msgs_generate_messages_py
[7.969s] [35m[1mScanning dependencies of target compare_map_filter[0m
[8.068s] [  7%] [32mBuilding CXX object CMakeFiles/compare_map_filter.dir/nodes/compare_map_filter/compare_map_filter.cpp.o[0m
[24.933s] [ 14%] [32m[1mLinking CXX executable devel/lib/points_preprocessor/compare_map_filter[0m
[27.186s] [ 14%] Built target compare_map_filter
[27.210s] [35m[1mScanning dependencies of target space_filter[0m
[27.286s] [ 21%] [32mBuilding CXX object CMakeFiles/space_filter.dir/nodes/space_filter/space_filter.cpp.o[0m
[36.906s] [ 28%] [32m[1mLinking CXX executable devel/lib/points_preprocessor/space_filter[0m
[49.240s] [ 28%] Built target space_filter
[49.256s] [35m[1mScanning dependencies of target points_concat_filter[0m
[49.344s] [ 35%] [32mBuilding CXX object CMakeFiles/points_concat_filter.dir/nodes/points_concat_filter/points_concat_filter.cpp.o[0m
[70.325s] [ 42%] [32m[1mLinking CXX executable devel/lib/points_preprocessor/points_concat_filter[0m
[72.173s] [ 42%] Built target points_concat_filter
[72.188s] [35m[1mScanning dependencies of target cloud_transformer[0m
[72.271s] [ 50%] [32mBuilding CXX object CMakeFiles/cloud_transformer.dir/nodes/cloud_transformer/cloud_transformer_node.cpp.o[0m
[88.265s] [ 57%] [32m[1mLinking CXX executable devel/lib/points_preprocessor/cloud_transformer[0m
[90.029s] [ 57%] Built target cloud_transformer
[90.043s] [35m[1mScanning dependencies of target ring_ground_filter[0m
[90.113s] [ 64%] [32mBuilding CXX object CMakeFiles/ring_ground_filter.dir/nodes/ring_ground_filter/ring_ground_filter.cpp.o[0m
[99.503s] [ 71%] [32m[1mLinking CXX executable devel/lib/points_preprocessor/ring_ground_filter[0m
[102.207s] [ 71%] Built target ring_ground_filter
[102.226s] [35m[1mScanning dependencies of target ray_ground_filter_lib[0m
[102.343s] [ 78%] [32mBuilding CXX object CMakeFiles/ray_ground_filter_lib.dir/nodes/ray_ground_filter/ray_ground_filter.cpp.o[0m
[127.394s] [ 85%] [32m[1mLinking CXX shared library devel/lib/libray_ground_filter_lib.so[0m
[140.669s] [ 85%] Built target ray_ground_filter_lib
[140.693s] [35m[1mScanning dependencies of target ray_ground_filter[0m
[140.779s] [ 92%] [32mBuilding CXX object CMakeFiles/ray_ground_filter.dir/nodes/ray_ground_filter/ray_ground_filter_main.cpp.o[0m
[162.303s] [100%] [32m[1mLinking CXX executable devel/lib/points_preprocessor/ray_ground_filter[0m
[164.489s] [100%] Built target ray_ground_filter
[164.543s] Invoked command in '/home/yeap/APC_2022_Prac/airsimversion/autoware.ai/build/points_preprocessor' returned '0': CMAKE_PREFIX_PATH=/home/yeap/APC_2022_Prac/airsimversion/autoware.ai/install/autoware_health_checker:/home/yeap/APC_2022_Prac/airsimversion/autoware.ai/install/ros_observer:/home/yeap/APC_2022_Prac/airsimversion/autoware.ai/install/autoware_system_msgs:/home/yeap/APC_2022_Prac/airsimversion/autoware.ai/install/autoware_config_msgs:/home/yeap/APC_2022_Prac/airsimversion/autoware.ai/install/autoware_build_flags:${CMAKE_PREFIX_PATH} LD_LIBRARY_PATH=/home/yeap/APC_2022_Prac/airsimversion/autoware.ai/install/autoware_health_checker/lib:/home/yeap/APC_2022_Prac/airsimversion/autoware.ai/install/ros_observer/lib:${LD_LIBRARY_PATH} PKG_CONFIG_PATH=/home/yeap/APC_2022_Prac/airsimversion/autoware.ai/install/autoware_health_checker/lib/x86_64-linux-gnu/pkgconfig:/home/yeap/APC_2022_Prac/airsimversion/autoware.ai/install/autoware_health_checker/lib/pkgconfig:/home/yeap/APC_2022_Prac/airsimversion/autoware.ai/install/ros_observer/lib/x86_64-linux-gnu/pkgconfig:/home/yeap/APC_2022_Prac/airsimversion/autoware.ai/install/ros_observer/lib/pkgconfig:/home/yeap/APC_2022_Prac/airsimversion/autoware.ai/install/autoware_system_msgs/lib/x86_64-linux-gnu/pkgconfig:/home/yeap/APC_2022_Prac/airsimversion/autoware.ai/install/autoware_system_msgs/lib/pkgconfig:/home/yeap/APC_2022_Prac/airsimversion/autoware.ai/install/autoware_config_msgs/lib/x86_64-linux-gnu/pkgconfig:/home/yeap/APC_2022_Prac/airsimversion/autoware.ai/install/autoware_config_msgs/lib/pkgconfig:/home/yeap/APC_2022_Prac/airsimversion/autoware.ai/install/autoware_build_flags/lib/x86_64-linux-gnu/pkgconfig:/home/yeap/APC_2022_Prac/airsimversion/autoware.ai/install/autoware_build_flags/lib/pkgconfig:${PKG_CONFIG_PATH} PYTHONPATH=/home/yeap/APC_2022_Prac/airsimversion/autoware.ai/install/autoware_system_msgs/lib/python2.7/dist-packages:/home/yeap/APC_2022_Prac/airsimversion/autoware.ai/install/autoware_config_msgs/lib/python2.7/dist-packages:${PYTHONPATH} ROS_PACKAGE_PATH=/home/yeap/APC_2022_Prac/airsimversion/autoware.ai/install/autoware_health_checker/share:/home/yeap/APC_2022_Prac/airsimversion/autoware.ai/install/ros_observer/share:/home/yeap/APC_2022_Prac/airsimversion/autoware.ai/install/autoware_system_msgs/share:/home/yeap/APC_2022_Prac/airsimversion/autoware.ai/install/autoware_config_msgs/share:/home/yeap/APC_2022_Prac/airsimversion/autoware.ai/install/autoware_build_flags/share:${ROS_PACKAGE_PATH} /usr/bin/cmake --build /home/yeap/APC_2022_Prac/airsimversion/autoware.ai/build/points_preprocessor -- -j6 -l6
[164.713s] Invoking command in '/home/yeap/APC_2022_Prac/airsimversion/autoware.ai/build/points_preprocessor': CMAKE_PREFIX_PATH=/home/yeap/APC_2022_Prac/airsimversion/autoware.ai/install/autoware_health_checker:/home/yeap/APC_2022_Prac/airsimversion/autoware.ai/install/ros_observer:/home/yeap/APC_2022_Prac/airsimversion/autoware.ai/install/autoware_system_msgs:/home/yeap/APC_2022_Prac/airsimversion/autoware.ai/install/autoware_config_msgs:/home/yeap/APC_2022_Prac/airsimversion/autoware.ai/install/autoware_build_flags:${CMAKE_PREFIX_PATH} LD_LIBRARY_PATH=/home/yeap/APC_2022_Prac/airsimversion/autoware.ai/install/autoware_health_checker/lib:/home/yeap/APC_2022_Prac/airsimversion/autoware.ai/install/ros_observer/lib:${LD_LIBRARY_PATH} PKG_CONFIG_PATH=/home/yeap/APC_2022_Prac/airsimversion/autoware.ai/install/autoware_health_checker/lib/x86_64-linux-gnu/pkgconfig:/home/yeap/APC_2022_Prac/airsimversion/autoware.ai/install/autoware_health_checker/lib/pkgconfig:/home/yeap/APC_2022_Prac/airsimversion/autoware.ai/install/ros_observer/lib/x86_64-linux-gnu/pkgconfig:/home/yeap/APC_2022_Prac/airsimversion/autoware.ai/install/ros_observer/lib/pkgconfig:/home/yeap/APC_2022_Prac/airsimversion/autoware.ai/install/autoware_system_msgs/lib/x86_64-linux-gnu/pkgconfig:/home/yeap/APC_2022_Prac/airsimversion/autoware.ai/install/autoware_system_msgs/lib/pkgconfig:/home/yeap/APC_2022_Prac/airsimversion/autoware.ai/install/autoware_config_msgs/lib/x86_64-linux-gnu/pkgconfig:/home/yeap/APC_2022_Prac/airsimversion/autoware.ai/install/autoware_config_msgs/lib/pkgconfig:/home/yeap/APC_2022_Prac/airsimversion/autoware.ai/install/autoware_build_flags/lib/x86_64-linux-gnu/pkgconfig:/home/yeap/APC_2022_Prac/airsimversion/autoware.ai/install/autoware_build_flags/lib/pkgconfig:${PKG_CONFIG_PATH} PYTHONPATH=/home/yeap/APC_2022_Prac/airsimversion/autoware.ai/install/autoware_system_msgs/lib/python2.7/dist-packages:/home/yeap/APC_2022_Prac/airsimversion/autoware.ai/install/autoware_config_msgs/lib/python2.7/dist-packages:${PYTHONPATH} ROS_PACKAGE_PATH=/home/yeap/APC_2022_Prac/airsimversion/autoware.ai/install/autoware_health_checker/share:/home/yeap/APC_2022_Prac/airsimversion/autoware.ai/install/ros_observer/share:/home/yeap/APC_2022_Prac/airsimversion/autoware.ai/install/autoware_system_msgs/share:/home/yeap/APC_2022_Prac/airsimversion/autoware.ai/install/autoware_config_msgs/share:/home/yeap/APC_2022_Prac/airsimversion/autoware.ai/install/autoware_build_flags/share:${ROS_PACKAGE_PATH} /usr/bin/cmake --build /home/yeap/APC_2022_Prac/airsimversion/autoware.ai/build/points_preprocessor --target tests -- -j6 -l6
[164.823s] [35m[1mScanning dependencies of target tests[0m
[164.837s] Built target tests
[164.851s] Invoked command in '/home/yeap/APC_2022_Prac/airsimversion/autoware.ai/build/points_preprocessor' returned '0': CMAKE_PREFIX_PATH=/home/yeap/APC_2022_Prac/airsimversion/autoware.ai/install/autoware_health_checker:/home/yeap/APC_2022_Prac/airsimversion/autoware.ai/install/ros_observer:/home/yeap/APC_2022_Prac/airsimversion/autoware.ai/install/autoware_system_msgs:/home/yeap/APC_2022_Prac/airsimversion/autoware.ai/install/autoware_config_msgs:/home/yeap/APC_2022_Prac/airsimversion/autoware.ai/install/autoware_build_flags:${CMAKE_PREFIX_PATH} LD_LIBRARY_PATH=/home/yeap/APC_2022_Prac/airsimversion/autoware.ai/install/autoware_health_checker/lib:/home/yeap/APC_2022_Prac/airsimversion/autoware.ai/install/ros_observer/lib:${LD_LIBRARY_PATH} PKG_CONFIG_PATH=/home/yeap/APC_2022_Prac/airsimversion/autoware.ai/install/autoware_health_checker/lib/x86_64-linux-gnu/pkgconfig:/home/yeap/APC_2022_Prac/airsimversion/autoware.ai/install/autoware_health_checker/lib/pkgconfig:/home/yeap/APC_2022_Prac/airsimversion/autoware.ai/install/ros_observer/lib/x86_64-linux-gnu/pkgconfig:/home/yeap/APC_2022_Prac/airsimversion/autoware.ai/install/ros_observer/lib/pkgconfig:/home/yeap/APC_2022_Prac/airsimversion/autoware.ai/install/autoware_system_msgs/lib/x86_64-linux-gnu/pkgconfig:/home/yeap/APC_2022_Prac/airsimversion/autoware.ai/install/autoware_system_msgs/lib/pkgconfig:/home/yeap/APC_2022_Prac/airsimversion/autoware.ai/install/autoware_config_msgs/lib/x86_64-linux-gnu/pkgconfig:/home/yeap/APC_2022_Prac/airsimversion/autoware.ai/install/autoware_config_msgs/lib/pkgconfig:/home/yeap/APC_2022_Prac/airsimversion/autoware.ai/install/autoware_build_flags/lib/x86_64-linux-gnu/pkgconfig:/home/yeap/APC_2022_Prac/airsimversion/autoware.ai/install/autoware_build_flags/lib/pkgconfig:${PKG_CONFIG_PATH} PYTHONPATH=/home/yeap/APC_2022_Prac/airsimversion/autoware.ai/install/autoware_system_msgs/lib/python2.7/dist-packages:/home/yeap/APC_2022_Prac/airsimversion/autoware.ai/install/autoware_config_msgs/lib/python2.7/dist-packages:${PYTHONPATH} ROS_PACKAGE_PATH=/home/yeap/APC_2022_Prac/airsimversion/autoware.ai/install/autoware_health_checker/share:/home/yeap/APC_2022_Prac/airsimversion/autoware.ai/install/ros_observer/share:/home/yeap/APC_2022_Prac/airsimversion/autoware.ai/install/autoware_system_msgs/share:/home/yeap/APC_2022_Prac/airsimversion/autoware.ai/install/autoware_config_msgs/share:/home/yeap/APC_2022_Prac/airsimversion/autoware.ai/install/autoware_build_flags/share:${ROS_PACKAGE_PATH} /usr/bin/cmake --build /home/yeap/APC_2022_Prac/airsimversion/autoware.ai/build/points_preprocessor --target tests -- -j6 -l6
[164.995s] Invoking command in '/home/yeap/APC_2022_Prac/airsimversion/autoware.ai/build/points_preprocessor': CMAKE_PREFIX_PATH=/home/yeap/APC_2022_Prac/airsimversion/autoware.ai/install/autoware_health_checker:/home/yeap/APC_2022_Prac/airsimversion/autoware.ai/install/ros_observer:/home/yeap/APC_2022_Prac/airsimversion/autoware.ai/install/autoware_system_msgs:/home/yeap/APC_2022_Prac/airsimversion/autoware.ai/install/autoware_config_msgs:/home/yeap/APC_2022_Prac/airsimversion/autoware.ai/install/autoware_build_flags:${CMAKE_PREFIX_PATH} LD_LIBRARY_PATH=/home/yeap/APC_2022_Prac/airsimversion/autoware.ai/install/autoware_health_checker/lib:/home/yeap/APC_2022_Prac/airsimversion/autoware.ai/install/ros_observer/lib:${LD_LIBRARY_PATH} PKG_CONFIG_PATH=/home/yeap/APC_2022_Prac/airsimversion/autoware.ai/install/autoware_health_checker/lib/x86_64-linux-gnu/pkgconfig:/home/yeap/APC_2022_Prac/airsimversion/autoware.ai/install/autoware_health_checker/lib/pkgconfig:/home/yeap/APC_2022_Prac/airsimversion/autoware.ai/install/ros_observer/lib/x86_64-linux-gnu/pkgconfig:/home/yeap/APC_2022_Prac/airsimversion/autoware.ai/install/ros_observer/lib/pkgconfig:/home/yeap/APC_2022_Prac/airsimversion/autoware.ai/install/autoware_system_msgs/lib/x86_64-linux-gnu/pkgconfig:/home/yeap/APC_2022_Prac/airsimversion/autoware.ai/install/autoware_system_msgs/lib/pkgconfig:/home/yeap/APC_2022_Prac/airsimversion/autoware.ai/install/autoware_config_msgs/lib/x86_64-linux-gnu/pkgconfig:/home/yeap/APC_2022_Prac/airsimversion/autoware.ai/install/autoware_config_msgs/lib/pkgconfig:/home/yeap/APC_2022_Prac/airsimversion/autoware.ai/install/autoware_build_flags/lib/x86_64-linux-gnu/pkgconfig:/home/yeap/APC_2022_Prac/airsimversion/autoware.ai/install/autoware_build_flags/lib/pkgconfig:${PKG_CONFIG_PATH} PYTHONPATH=/home/yeap/APC_2022_Prac/airsimversion/autoware.ai/install/autoware_system_msgs/lib/python2.7/dist-packages:/home/yeap/APC_2022_Prac/airsimversion/autoware.ai/install/autoware_config_msgs/lib/python2.7/dist-packages:${PYTHONPATH} ROS_PACKAGE_PATH=/home/yeap/APC_2022_Prac/airsimversion/autoware.ai/install/autoware_health_checker/share:/home/yeap/APC_2022_Prac/airsimversion/autoware.ai/install/ros_observer/share:/home/yeap/APC_2022_Prac/airsimversion/autoware.ai/install/autoware_system_msgs/share:/home/yeap/APC_2022_Prac/airsimversion/autoware.ai/install/autoware_config_msgs/share:/home/yeap/APC_2022_Prac/airsimversion/autoware.ai/install/autoware_build_flags/share:${ROS_PACKAGE_PATH} /usr/bin/cmake --build /home/yeap/APC_2022_Prac/airsimversion/autoware.ai/build/points_preprocessor --target install -- -j6 -l6
[165.069s] [  0%] Built target tf_generate_messages_nodejs
[165.103s] [  0%] Built target velodyne_msgs_generate_messages_cpp
[165.135s] [  0%] Built target diagnostic_msgs_generate_messages_nodejs
[165.163s] [  0%] Built target diagnostic_msgs_generate_messages_lisp
[165.197s] [  0%] Built target diagnostic_msgs_generate_messages_eus
[165.226s] [  0%] Built target velodyne_driver_gencfg
[165.254s] [  0%] Built target velodyne_pointcloud_gencfg
[165.292s] [  0%] Built target tf2_msgs_generate_messages_nodejs
[165.318s] [  0%] Built target tf2_msgs_generate_messages_eus
[165.356s] [  0%] Built target tf2_msgs_generate_messages_cpp
[165.389s] [  0%] Built target actionlib_msgs_generate_messages_py
[165.417s] [  0%] Built target tf2_msgs_generate_messages_py
[165.450s] [  0%] Built target actionlib_generate_messages_py
[165.485s] [  0%] Built target actionlib_generate_messages_cpp
[165.511s] [  0%] Built target geometry_msgs_generate_messages_py
[165.550s] [  0%] Built target geometry_msgs_generate_messages_lisp
[165.584s] [  0%] Built target actionlib_generate_messages_lisp
[165.611s] [  0%] Built target geometry_msgs_generate_messages_cpp
[165.647s] [  0%] Built target geometry_msgs_generate_messages_eus
[165.681s] [  0%] Built target autoware_system_msgs_generate_messages_cpp
[165.708s] [  0%] Built target roscpp_generate_messages_cpp
[165.738s] [  0%] Built target pcl_msgs_generate_messages_cpp
[165.768s] [  0%] Built target dynamic_reconfigure_generate_messages_lisp
[165.796s] [  0%] Built target sensor_msgs_generate_messages_lisp
[165.826s] [  0%] Built target rosgraph_msgs_generate_messages_lisp
[165.864s] [  0%] Built target rosgraph_msgs_generate_messages_cpp
[165.890s] [  0%] Built target topic_tools_generate_messages_cpp
[165.924s] [  0%] Built target diagnostic_msgs_generate_messages_py
[165.962s] [  0%] Built target autoware_system_msgs_generate_messages_eus
[165.998s] [  0%] Built target dynamic_reconfigure_generate_messages_cpp
[166.036s] [  0%] Built target tf_generate_messages_py
[166.065s] [  0%] Built target rosgraph_msgs_generate_messages_eus
[166.093s] [  0%] Built target std_msgs_generate_messages_cpp
[166.121s] [  0%] Built target sensor_msgs_generate_messages_py
[166.161s] [  0%] Built target nodelet_generate_messages_py
[166.184s] [  0%] Built target actionlib_msgs_generate_messages_lisp
[166.216s] [  0%] Built target autoware_system_msgs_generate_messages_nodejs
[166.251s] [  0%] Built target autoware_system_msgs_generate_messages_lisp
[166.285s] [  0%] Built target actionlib_msgs_generate_messages_eus
[166.312s] [  0%] Built target roscpp_generate_messages_eus
[166.343s] [  0%] Built target rosgraph_msgs_generate_messages_py
[166.380s] [  0%] Built target autoware_config_msgs_generate_messages_cpp
[166.414s] [  0%] Built target rosgraph_msgs_generate_messages_nodejs
[166.451s] [  0%] Built target std_msgs_generate_messages_eus
[166.481s] [  0%] Built target geometry_msgs_generate_messages_nodejs
[166.510s] [  0%] Built target autoware_config_msgs_generate_messages_eus
[166.541s] [  0%] Built target autoware_config_msgs_generate_messages_lisp
[166.572s] [  0%] Built target sensor_msgs_generate_messages_eus
[166.599s] [  0%] Built target sensor_msgs_generate_messages_cpp
[166.630s] [  0%] Built target sensor_msgs_generate_messages_nodejs
[166.661s] [  0%] Built target autoware_system_msgs_generate_messages_py
[166.688s] [  0%] Built target dynamic_reconfigure_generate_messages_eus
[166.722s] [  0%] Built target roscpp_generate_messages_nodejs
[166.766s] [  0%] Built target std_msgs_generate_messages_lisp
[166.796s] [  0%] Built target std_msgs_generate_messages_nodejs
[166.974s] [  0%] Built target bond_generate_messages_lisp
[166.997s] [  0%] Built target std_msgs_generate_messages_py
[167.020s] [  0%] Built target pcl_msgs_generate_messages_eus
[167.044s] [  0%] Built target topic_tools_generate_messages_eus
[167.077s] [  0%] Built target pcl_msgs_generate_messages_nodejs
[167.111s] [  0%] Built target nodelet_generate_messages_nodejs
[167.136s] [  0%] Built target diagnostic_msgs_generate_messages_cpp
[167.176s] [  0%] Built target actionlib_generate_messages_eus
[167.207s] [  0%] Built target pcl_msgs_generate_messages_py
[167.240s] [  0%] Built target std_srvs_generate_messages_eus
[167.263s] [  0%] Built target roscpp_generate_messages_lisp
[167.295s] [  0%] Built target bond_generate_messages_eus
[167.324s] [  0%] Built target roscpp_generate_messages_py
[167.353s] [  0%] Built target pcl_ros_gencfg
[167.380s] [  0%] Built target topic_tools_generate_messages_nodejs
[167.412s] [  0%] Built target dynamic_reconfigure_generate_messages_nodejs
[167.440s] [  0%] Built target dynamic_reconfigure_generate_messages_py
[167.464s] [  0%] Built target tf2_msgs_generate_messages_lisp
[167.496s] [  0%] Built target dynamic_reconfigure_gencfg
[167.524s] [  0%] Built target nodelet_generate_messages_cpp
[167.553s] [  0%] Built target bond_generate_messages_py
[167.583s] [  0%] Built target std_srvs_generate_messages_nodejs
[167.616s] [  0%] Built target nodelet_generate_messages_eus
[167.649s] [  0%] Built target nodelet_generate_messages_lisp
[167.687s] [  0%] Built target bond_generate_messages_cpp
[167.722s] [  0%] Built target actionlib_msgs_generate_messages_cpp
[167.764s] [  0%] Built target tf_generate_messages_eus
[167.796s] [  0%] Built target autoware_config_msgs_generate_messages_py
[167.821s] [  0%] Built target bond_generate_messages_nodejs
[167.857s] [  0%] Built target actionlib_msgs_generate_messages_nodejs
[167.893s] [  0%] Built target topic_tools_generate_messages_py
[167.917s] [  0%] Built target nodelet_topic_tools_gencfg
[167.953s] [  0%] Built target std_srvs_generate_messages_lisp
[167.989s] [  0%] Built target topic_tools_generate_messages_lisp
[168.017s] [  0%] Built target std_srvs_generate_messages_cpp
[168.046s] [  0%] Built target std_srvs_generate_messages_py
[168.081s] [  0%] Built target actionlib_generate_messages_nodejs
[168.110s] [  0%] Built target pcl_msgs_generate_messages_lisp
[168.144s] [  0%] Built target tf_generate_messages_cpp
[168.177s] [  0%] Built target tf_generate_messages_lisp
[168.213s] [  0%] Built target autoware_config_msgs_generate_messages_nodejs
[168.249s] [  0%] Built target velodyne_msgs_generate_messages_eus
[168.297s] [  0%] Built target velodyne_msgs_generate_messages_lisp
[168.324s] [  0%] Built target velodyne_msgs_generate_messages_nodejs
[168.357s] [  0%] Built target velodyne_msgs_generate_messages_py
[168.413s] [ 14%] Built target compare_map_filter
[168.470s] [ 28%] Built target space_filter
[168.526s] [ 42%] Built target points_concat_filter
[168.583s] [ 57%] Built target cloud_transformer
[168.641s] [ 71%] Built target ring_ground_filter
[168.700s] [ 85%] Built target ray_ground_filter_lib
[168.760s] [100%] Built target ray_ground_filter
[168.788s] [36mInstall the project...[0m
[168.799s] -- Install configuration: "Release"
[168.801s] -- Installing: /home/yeap/APC_2022_Prac/airsimversion/autoware.ai/install/points_preprocessor/lib/pkgconfig/points_preprocessor.pc
[168.802s] -- Installing: /home/yeap/APC_2022_Prac/airsimversion/autoware.ai/install/points_preprocessor/share/points_preprocessor/cmake/points_preprocessorConfig.cmake
[168.802s] -- Installing: /home/yeap/APC_2022_Prac/airsimversion/autoware.ai/install/points_preprocessor/share/points_preprocessor/cmake/points_preprocessorConfig-version.cmake
[168.803s] -- Installing: /home/yeap/APC_2022_Prac/airsimversion/autoware.ai/install/points_preprocessor/share/points_preprocessor/package.xml
[168.805s] -- Installing: /home/yeap/APC_2022_Prac/airsimversion/autoware.ai/install/points_preprocessor/lib/points_preprocessor/cloud_transformer
[168.824s] -- Set runtime path of "/home/yeap/APC_2022_Prac/airsimversion/autoware.ai/install/points_preprocessor/lib/points_preprocessor/cloud_transformer" to ""
[168.825s] -- Installing: /home/yeap/APC_2022_Prac/airsimversion/autoware.ai/install/points_preprocessor/lib/points_preprocessor/points_concat_filter
[168.847s] -- Set runtime path of "/home/yeap/APC_2022_Prac/airsimversion/autoware.ai/install/points_preprocessor/lib/points_preprocessor/points_concat_filter" to ""
[168.848s] -- Installing: /home/yeap/APC_2022_Prac/airsimversion/autoware.ai/install/points_preprocessor/lib/libray_ground_filter_lib.so
[168.873s] -- Set runtime path of "/home/yeap/APC_2022_Prac/airsimversion/autoware.ai/install/points_preprocessor/lib/libray_ground_filter_lib.so" to ""
[168.873s] -- Installing: /home/yeap/APC_2022_Prac/airsimversion/autoware.ai/install/points_preprocessor/lib/points_preprocessor/ray_ground_filter
[168.882s] -- Set runtime path of "/home/yeap/APC_2022_Prac/airsimversion/autoware.ai/install/points_preprocessor/lib/points_preprocessor/ray_ground_filter" to ""
[168.882s] -- Installing: /home/yeap/APC_2022_Prac/airsimversion/autoware.ai/install/points_preprocessor/lib/points_preprocessor/ring_ground_filter
[168.889s] -- Set runtime path of "/home/yeap/APC_2022_Prac/airsimversion/autoware.ai/install/points_preprocessor/lib/points_preprocessor/ring_ground_filter" to ""
[168.889s] -- Installing: /home/yeap/APC_2022_Prac/airsimversion/autoware.ai/install/points_preprocessor/lib/points_preprocessor/space_filter
[168.896s] -- Set runtime path of "/home/yeap/APC_2022_Prac/airsimversion/autoware.ai/install/points_preprocessor/lib/points_preprocessor/space_filter" to ""
[168.896s] -- Installing: /home/yeap/APC_2022_Prac/airsimversion/autoware.ai/install/points_preprocessor/lib/points_preprocessor/compare_map_filter
[168.916s] -- Set runtime path of "/home/yeap/APC_2022_Prac/airsimversion/autoware.ai/install/points_preprocessor/lib/points_preprocessor/compare_map_filter" to ""
[168.916s] -- Installing: /home/yeap/APC_2022_Prac/airsimversion/autoware.ai/install/points_preprocessor/include
[168.916s] -- Installing: /home/yeap/APC_2022_Prac/airsimversion/autoware.ai/install/points_preprocessor/include/gencolors.cpp
[168.917s] -- Installing: /home/yeap/APC_2022_Prac/airsimversion/autoware.ai/install/points_preprocessor/include/points_preprocessor
[168.917s] -- Installing: /home/yeap/APC_2022_Prac/airsimversion/autoware.ai/install/points_preprocessor/include/points_preprocessor/ray_ground_filter
[168.917s] -- Installing: /home/yeap/APC_2022_Prac/airsimversion/autoware.ai/install/points_preprocessor/include/points_preprocessor/ray_ground_filter/ray_ground_filter.h
[168.918s] -- Installing: /home/yeap/APC_2022_Prac/airsimversion/autoware.ai/install/points_preprocessor/share/points_preprocessor/launch
[168.918s] -- Installing: /home/yeap/APC_2022_Prac/airsimversion/autoware.ai/install/points_preprocessor/share/points_preprocessor/launch/ring_ground_filter.launch
[168.919s] -- Installing: /home/yeap/APC_2022_Prac/airsimversion/autoware.ai/install/points_preprocessor/share/points_preprocessor/launch/space_filter.launch
[168.919s] -- Installing: /home/yeap/APC_2022_Prac/airsimversion/autoware.ai/install/points_preprocessor/share/points_preprocessor/launch/points_concat_filter.launch
[168.919s] -- Installing: /home/yeap/APC_2022_Prac/airsimversion/autoware.ai/install/points_preprocessor/share/points_preprocessor/launch/compare_map_filter.launch
[168.920s] -- Installing: /home/yeap/APC_2022_Prac/airsimversion/autoware.ai/install/points_preprocessor/share/points_preprocessor/launch/ray_ground_filter.launch
[168.920s] -- Installing: /home/yeap/APC_2022_Prac/airsimversion/autoware.ai/install/points_preprocessor/share/points_preprocessor/launch/cloud_transformer.launch
[168.925s] Invoked command in '/home/yeap/APC_2022_Prac/airsimversion/autoware.ai/build/points_preprocessor' returned '0': CMAKE_PREFIX_PATH=/home/yeap/APC_2022_Prac/airsimversion/autoware.ai/install/autoware_health_checker:/home/yeap/APC_2022_Prac/airsimversion/autoware.ai/install/ros_observer:/home/yeap/APC_2022_Prac/airsimversion/autoware.ai/install/autoware_system_msgs:/home/yeap/APC_2022_Prac/airsimversion/autoware.ai/install/autoware_config_msgs:/home/yeap/APC_2022_Prac/airsimversion/autoware.ai/install/autoware_build_flags:${CMAKE_PREFIX_PATH} LD_LIBRARY_PATH=/home/yeap/APC_2022_Prac/airsimversion/autoware.ai/install/autoware_health_checker/lib:/home/yeap/APC_2022_Prac/airsimversion/autoware.ai/install/ros_observer/lib:${LD_LIBRARY_PATH} PKG_CONFIG_PATH=/home/yeap/APC_2022_Prac/airsimversion/autoware.ai/install/autoware_health_checker/lib/x86_64-linux-gnu/pkgconfig:/home/yeap/APC_2022_Prac/airsimversion/autoware.ai/install/autoware_health_checker/lib/pkgconfig:/home/yeap/APC_2022_Prac/airsimversion/autoware.ai/install/ros_observer/lib/x86_64-linux-gnu/pkgconfig:/home/yeap/APC_2022_Prac/airsimversion/autoware.ai/install/ros_observer/lib/pkgconfig:/home/yeap/APC_2022_Prac/airsimversion/autoware.ai/install/autoware_system_msgs/lib/x86_64-linux-gnu/pkgconfig:/home/yeap/APC_2022_Prac/airsimversion/autoware.ai/install/autoware_system_msgs/lib/pkgconfig:/home/yeap/APC_2022_Prac/airsimversion/autoware.ai/install/autoware_config_msgs/lib/x86_64-linux-gnu/pkgconfig:/home/yeap/APC_2022_Prac/airsimversion/autoware.ai/install/autoware_config_msgs/lib/pkgconfig:/home/yeap/APC_2022_Prac/airsimversion/autoware.ai/install/autoware_build_flags/lib/x86_64-linux-gnu/pkgconfig:/home/yeap/APC_2022_Prac/airsimversion/autoware.ai/install/autoware_build_flags/lib/pkgconfig:${PKG_CONFIG_PATH} PYTHONPATH=/home/yeap/APC_2022_Prac/airsimversion/autoware.ai/install/autoware_system_msgs/lib/python2.7/dist-packages:/home/yeap/APC_2022_Prac/airsimversion/autoware.ai/install/autoware_config_msgs/lib/python2.7/dist-packages:${PYTHONPATH} ROS_PACKAGE_PATH=/home/yeap/APC_2022_Prac/airsimversion/autoware.ai/install/autoware_health_checker/share:/home/yeap/APC_2022_Prac/airsimversion/autoware.ai/install/ros_observer/share:/home/yeap/APC_2022_Prac/airsimversion/autoware.ai/install/autoware_system_msgs/share:/home/yeap/APC_2022_Prac/airsimversion/autoware.ai/install/autoware_config_msgs/share:/home/yeap/APC_2022_Prac/airsimversion/autoware.ai/install/autoware_build_flags/share:${ROS_PACKAGE_PATH} /usr/bin/cmake --build /home/yeap/APC_2022_Prac/airsimversion/autoware.ai/build/points_preprocessor --target install -- -j6 -l6
