[0.069s] Invoking command in '/home/yeap/APC_2022_Prac/airsimversion/autoware.ai/build/lidar_naive_l_shape_detect': CMAKE_PREFIX_PATH=/home/yeap/APC_2022_Prac/airsimversion/autoware.ai/install/autoware_msgs:/home/yeap/APC_2022_Prac/airsimversion/autoware.ai/install/autoware_build_flags:${CMAKE_PREFIX_PATH} PKG_CONFIG_PATH=/home/yeap/APC_2022_Prac/airsimversion/autoware.ai/install/autoware_msgs/lib/x86_64-linux-gnu/pkgconfig:/home/yeap/APC_2022_Prac/airsimversion/autoware.ai/install/autoware_msgs/lib/pkgconfig:/home/yeap/APC_2022_Prac/airsimversion/autoware.ai/install/autoware_build_flags/lib/x86_64-linux-gnu/pkgconfig:/home/yeap/APC_2022_Prac/airsimversion/autoware.ai/install/autoware_build_flags/lib/pkgconfig:${PKG_CONFIG_PATH} PYTHONPATH=/home/yeap/APC_2022_Prac/airsimversion/autoware.ai/install/autoware_msgs/lib/python2.7/dist-packages:${PYTHONPATH} ROS_PACKAGE_PATH=/home/yeap/APC_2022_Prac/airsimversion/autoware.ai/install/autoware_msgs/share:/home/yeap/APC_2022_Prac/airsimversion/autoware.ai/install/autoware_build_flags/share:${ROS_PACKAGE_PATH} /usr/bin/cmake --build /home/yeap/APC_2022_Prac/airsimversion/autoware.ai/build/lidar_naive_l_shape_detect -- -j6 -l6
[0.166s] [  0%] Built target tf2_msgs_generate_messages_nodejs
[0.168s] [  0%] Built target tf2_msgs_generate_messages_eus
[0.178s] [  0%] Built target std_srvs_generate_messages_lisp
[0.188s] [  0%] Built target tf2_msgs_generate_messages_cpp
[0.199s] [  0%] Built target actionlib_generate_messages_cpp
[0.210s] [  0%] Built target actionlib_generate_messages_py
[0.219s] [  0%] Built target tf_generate_messages_nodejs
[0.234s] [  0%] Built target tf_generate_messages_lisp
[0.236s] [  0%] Built target topic_tools_generate_messages_nodejs
[0.247s] [  0%] Built target topic_tools_generate_messages_cpp
[0.265s] [  0%] Built target topic_tools_generate_messages_eus
[0.283s] [  0%] Built target std_srvs_generate_messages_py
[0.284s] [  0%] Built target geometry_msgs_generate_messages_py
[0.309s] [  0%] Built target sensor_msgs_generate_messages_nodejs
[0.320s] [  0%] Built target pcl_msgs_generate_messages_eus
[0.328s] [  0%] Built target roscpp_generate_messages_cpp
[0.339s] [  0%] Built target rosgraph_msgs_generate_messages_eus
[0.364s] [  0%] Built target jsk_recognition_msgs_generate_messages_lisp
[0.367s] [  0%] Built target std_msgs_generate_messages_py
[0.383s] [  0%] Built target std_msgs_generate_messages_nodejs
[0.389s] [  0%] Built target jsk_recognition_msgs_generate_messages_eus
[0.415s] [  0%] Built target sensor_msgs_generate_messages_eus
[0.415s] [  0%] Built target bond_generate_messages_lisp
[0.426s] [  0%] Built target sensor_msgs_generate_messages_cpp
[0.428s] [  0%] Built target autoware_msgs_generate_messages_cpp
[0.451s] [  0%] Built target dynamic_reconfigure_generate_messages_cpp
[0.454s] [  0%] Built target tf_generate_messages_py
[0.471s] [  0%] Built target pcl_msgs_generate_messages_nodejs
[0.478s] [  0%] Built target rosgraph_msgs_generate_messages_cpp
[0.517s] [  0%] Built target nodelet_generate_messages_nodejs
[0.526s] [  0%] Built target std_msgs_generate_messages_cpp
[0.533s] [  0%] Built target sensor_msgs_generate_messages_lisp
[0.534s] [  0%] Built target jsk_recognition_msgs_generate_messages_py
[0.555s] [  0%] Built target jsk_footstep_msgs_generate_messages_py
[0.578s] [  0%] Built target nodelet_generate_messages_py
[0.588s] [  0%] Built target sensor_msgs_generate_messages_py
[0.589s] [  0%] Built target std_msgs_generate_messages_lisp
[0.589s] [  0%] Built target geometry_msgs_generate_messages_eus
[0.635s] [  0%] Built target pcl_msgs_generate_messages_py
[0.642s] [  0%] Built target roscpp_generate_messages_nodejs
[0.642s] [  0%] Built target actionlib_generate_messages_eus
[0.653s] [  0%] Built target geometry_msgs_generate_messages_nodejs
[0.699s] [  0%] Built target geometry_msgs_generate_messages_lisp
[0.700s] [  0%] Built target tf2_msgs_generate_messages_py
[0.705s] [  0%] Built target actionlib_generate_messages_lisp
[0.733s] [  0%] Built target pcl_msgs_generate_messages_cpp
[0.753s] [  0%] Built target geometry_msgs_generate_messages_cpp
[0.765s] [  0%] Built target jsk_recognition_msgs_generate_messages_cpp
[0.767s] [  0%] Built target dynamic_reconfigure_generate_messages_lisp
[0.787s] [  0%] Built target autoware_msgs_generate_messages_eus
[0.798s] [  0%] Built target autoware_msgs_generate_messages_lisp
[0.824s] [  0%] Built target nodelet_generate_messages_lisp
[0.837s] [  0%] Built target autoware_msgs_generate_messages_py
[0.845s] [  0%] Built target actionlib_generate_messages_nodejs
[0.865s] [  0%] Built target tf_generate_messages_cpp
[0.872s] [  0%] Built target std_msgs_generate_messages_eus
[0.884s] [  0%] Built target pcl_msgs_generate_messages_lisp
[0.910s] [  0%] Built target actionlib_msgs_generate_messages_py
[0.926s] [  0%] Built target jsk_footstep_msgs_generate_messages_eus
[0.937s] [  0%] Built target autoware_msgs_generate_messages_nodejs
[0.945s] [  0%] Built target jsk_footstep_msgs_generate_messages_lisp
[0.966s] [  0%] Built target topic_tools_generate_messages_lisp
[0.994s] [  0%] Built target jsk_footstep_msgs_generate_messages_nodejs
[0.998s] [  0%] Built target jsk_footstep_msgs_generate_messages_cpp
[1.020s] [  0%] Built target actionlib_msgs_generate_messages_cpp
[1.027s] [  0%] Built target std_srvs_generate_messages_cpp
[1.030s] [  0%] Built target tf_generate_messages_eus
[1.042s] [  0%] Built target actionlib_msgs_generate_messages_lisp
[1.049s] [  0%] Built target pcl_ros_gencfg
[1.085s] [  0%] Built target dynamic_reconfigure_generate_messages_eus
[1.091s] [  0%] Built target dynamic_reconfigure_generate_messages_nodejs
[1.105s] [  0%] Built target dynamic_reconfigure_generate_messages_py
[1.115s] [  0%] Built target tf2_msgs_generate_messages_lisp
[1.127s] [  0%] Built target dynamic_reconfigure_gencfg
[1.137s] [  0%] Built target std_srvs_generate_messages_eus
[1.150s] [  0%] Built target jsk_recognition_msgs_generate_messages_nodejs
[1.169s] [  0%] Built target roscpp_generate_messages_lisp
[1.191s] [  0%] Built target bond_generate_messages_eus
[1.191s] [  0%] Built target roscpp_generate_messages_py
[1.214s] [  0%] Built target rosgraph_msgs_generate_messages_nodejs
[1.223s] [  0%] Built target rosgraph_msgs_generate_messages_lisp
[1.224s] [  0%] Built target roscpp_generate_messages_eus
[1.260s] [  0%] Built target bond_generate_messages_py
[1.271s] [  0%] Built target actionlib_msgs_generate_messages_eus
[1.284s] [  0%] Built target rosgraph_msgs_generate_messages_py
[1.287s] [  0%] Built target nodelet_generate_messages_cpp
[1.289s] [  0%] Built target std_srvs_generate_messages_nodejs
[1.332s] [  0%] Built target bond_generate_messages_cpp
[1.336s] [  0%] Built target actionlib_msgs_generate_messages_nodejs
[1.339s] [  0%] Built target nodelet_generate_messages_eus
[1.354s] [  0%] Built target bond_generate_messages_nodejs
[1.371s] [  0%] Built target topic_tools_generate_messages_py
[1.388s] [  0%] Built target nodelet_topic_tools_gencfg
[1.397s] [  0%] Built target _catkin_empty_exported_target
[1.480s] [100%] Built target lidar_naive_l_shape_detect
[1.507s] Invoked command in '/home/yeap/APC_2022_Prac/airsimversion/autoware.ai/build/lidar_naive_l_shape_detect' returned '0': CMAKE_PREFIX_PATH=/home/yeap/APC_2022_Prac/airsimversion/autoware.ai/install/autoware_msgs:/home/yeap/APC_2022_Prac/airsimversion/autoware.ai/install/autoware_build_flags:${CMAKE_PREFIX_PATH} PKG_CONFIG_PATH=/home/yeap/APC_2022_Prac/airsimversion/autoware.ai/install/autoware_msgs/lib/x86_64-linux-gnu/pkgconfig:/home/yeap/APC_2022_Prac/airsimversion/autoware.ai/install/autoware_msgs/lib/pkgconfig:/home/yeap/APC_2022_Prac/airsimversion/autoware.ai/install/autoware_build_flags/lib/x86_64-linux-gnu/pkgconfig:/home/yeap/APC_2022_Prac/airsimversion/autoware.ai/install/autoware_build_flags/lib/pkgconfig:${PKG_CONFIG_PATH} PYTHONPATH=/home/yeap/APC_2022_Prac/airsimversion/autoware.ai/install/autoware_msgs/lib/python2.7/dist-packages:${PYTHONPATH} ROS_PACKAGE_PATH=/home/yeap/APC_2022_Prac/airsimversion/autoware.ai/install/autoware_msgs/share:/home/yeap/APC_2022_Prac/airsimversion/autoware.ai/install/autoware_build_flags/share:${ROS_PACKAGE_PATH} /usr/bin/cmake --build /home/yeap/APC_2022_Prac/airsimversion/autoware.ai/build/lidar_naive_l_shape_detect -- -j6 -l6
[1.765s] Invoking command in '/home/yeap/APC_2022_Prac/airsimversion/autoware.ai/build/lidar_naive_l_shape_detect': CMAKE_PREFIX_PATH=/home/yeap/APC_2022_Prac/airsimversion/autoware.ai/install/autoware_msgs:/home/yeap/APC_2022_Prac/airsimversion/autoware.ai/install/autoware_build_flags:${CMAKE_PREFIX_PATH} PKG_CONFIG_PATH=/home/yeap/APC_2022_Prac/airsimversion/autoware.ai/install/autoware_msgs/lib/x86_64-linux-gnu/pkgconfig:/home/yeap/APC_2022_Prac/airsimversion/autoware.ai/install/autoware_msgs/lib/pkgconfig:/home/yeap/APC_2022_Prac/airsimversion/autoware.ai/install/autoware_build_flags/lib/x86_64-linux-gnu/pkgconfig:/home/yeap/APC_2022_Prac/airsimversion/autoware.ai/install/autoware_build_flags/lib/pkgconfig:${PKG_CONFIG_PATH} PYTHONPATH=/home/yeap/APC_2022_Prac/airsimversion/autoware.ai/install/autoware_msgs/lib/python2.7/dist-packages:${PYTHONPATH} ROS_PACKAGE_PATH=/home/yeap/APC_2022_Prac/airsimversion/autoware.ai/install/autoware_msgs/share:/home/yeap/APC_2022_Prac/airsimversion/autoware.ai/install/autoware_build_flags/share:${ROS_PACKAGE_PATH} /usr/bin/cmake --build /home/yeap/APC_2022_Prac/airsimversion/autoware.ai/build/lidar_naive_l_shape_detect --target tests -- -j6 -l6
[1.847s] Built target tests
[1.862s] Invoked command in '/home/yeap/APC_2022_Prac/airsimversion/autoware.ai/build/lidar_naive_l_shape_detect' returned '0': CMAKE_PREFIX_PATH=/home/yeap/APC_2022_Prac/airsimversion/autoware.ai/install/autoware_msgs:/home/yeap/APC_2022_Prac/airsimversion/autoware.ai/install/autoware_build_flags:${CMAKE_PREFIX_PATH} PKG_CONFIG_PATH=/home/yeap/APC_2022_Prac/airsimversion/autoware.ai/install/autoware_msgs/lib/x86_64-linux-gnu/pkgconfig:/home/yeap/APC_2022_Prac/airsimversion/autoware.ai/install/autoware_msgs/lib/pkgconfig:/home/yeap/APC_2022_Prac/airsimversion/autoware.ai/install/autoware_build_flags/lib/x86_64-linux-gnu/pkgconfig:/home/yeap/APC_2022_Prac/airsimversion/autoware.ai/install/autoware_build_flags/lib/pkgconfig:${PKG_CONFIG_PATH} PYTHONPATH=/home/yeap/APC_2022_Prac/airsimversion/autoware.ai/install/autoware_msgs/lib/python2.7/dist-packages:${PYTHONPATH} ROS_PACKAGE_PATH=/home/yeap/APC_2022_Prac/airsimversion/autoware.ai/install/autoware_msgs/share:/home/yeap/APC_2022_Prac/airsimversion/autoware.ai/install/autoware_build_flags/share:${ROS_PACKAGE_PATH} /usr/bin/cmake --build /home/yeap/APC_2022_Prac/airsimversion/autoware.ai/build/lidar_naive_l_shape_detect --target tests -- -j6 -l6
[2.130s] Invoking command in '/home/yeap/APC_2022_Prac/airsimversion/autoware.ai/build/lidar_naive_l_shape_detect': CMAKE_PREFIX_PATH=/home/yeap/APC_2022_Prac/airsimversion/autoware.ai/install/autoware_msgs:/home/yeap/APC_2022_Prac/airsimversion/autoware.ai/install/autoware_build_flags:${CMAKE_PREFIX_PATH} PKG_CONFIG_PATH=/home/yeap/APC_2022_Prac/airsimversion/autoware.ai/install/autoware_msgs/lib/x86_64-linux-gnu/pkgconfig:/home/yeap/APC_2022_Prac/airsimversion/autoware.ai/install/autoware_msgs/lib/pkgconfig:/home/yeap/APC_2022_Prac/airsimversion/autoware.ai/install/autoware_build_flags/lib/x86_64-linux-gnu/pkgconfig:/home/yeap/APC_2022_Prac/airsimversion/autoware.ai/install/autoware_build_flags/lib/pkgconfig:${PKG_CONFIG_PATH} PYTHONPATH=/home/yeap/APC_2022_Prac/airsimversion/autoware.ai/install/autoware_msgs/lib/python2.7/dist-packages:${PYTHONPATH} ROS_PACKAGE_PATH=/home/yeap/APC_2022_Prac/airsimversion/autoware.ai/install/autoware_msgs/share:/home/yeap/APC_2022_Prac/airsimversion/autoware.ai/install/autoware_build_flags/share:${ROS_PACKAGE_PATH} /usr/bin/cmake --build /home/yeap/APC_2022_Prac/airsimversion/autoware.ai/build/lidar_naive_l_shape_detect --target install -- -j6 -l6
[2.216s] [  0%] Built target tf2_msgs_generate_messages_nodejs
[2.229s] [  0%] Built target std_srvs_generate_messages_lisp
[2.243s] [  0%] Built target actionlib_generate_messages_py
[2.259s] [  0%] Built target actionlib_generate_messages_cpp
[2.290s] [  0%] Built target tf_generate_messages_nodejs
[2.295s] [  0%] Built target tf_generate_messages_lisp
[2.330s] [  0%] Built target topic_tools_generate_messages_eus
[2.334s] [  0%] Built target topic_tools_generate_messages_nodejs
[2.370s] [  0%] Built target std_srvs_generate_messages_py
[2.372s] [  0%] Built target topic_tools_generate_messages_cpp
[2.411s] [  0%] Built target geometry_msgs_generate_messages_py
[2.420s] [  0%] Built target sensor_msgs_generate_messages_nodejs
[2.441s] [  0%] Built target roscpp_generate_messages_cpp
[2.465s] [  0%] Built target pcl_msgs_generate_messages_eus
[2.482s] [  0%] Built target rosgraph_msgs_generate_messages_eus
[2.497s] [  0%] Built target jsk_recognition_msgs_generate_messages_lisp
[2.513s] [  0%] Built target jsk_recognition_msgs_generate_messages_eus
[2.526s] [  0%] Built target std_msgs_generate_messages_py
[2.548s] [  0%] Built target std_msgs_generate_messages_nodejs
[2.569s] [  0%] Built target bond_generate_messages_lisp
[2.584s] [  0%] Built target sensor_msgs_generate_messages_eus
[2.611s] [  0%] Built target sensor_msgs_generate_messages_cpp
[2.619s] [  0%] Built target autoware_msgs_generate_messages_cpp
[2.640s] [  0%] Built target tf_generate_messages_py
[2.648s] [  0%] Built target dynamic_reconfigure_generate_messages_cpp
[2.667s] [  0%] Built target rosgraph_msgs_generate_messages_cpp
[2.676s] [  0%] Built target pcl_msgs_generate_messages_nodejs
[2.693s] [  0%] Built target nodelet_generate_messages_nodejs
[2.702s] [  0%] Built target jsk_recognition_msgs_generate_messages_py
[2.721s] [  0%] Built target sensor_msgs_generate_messages_lisp
[2.731s] [  0%] Built target std_msgs_generate_messages_cpp
[2.744s] [  0%] Built target jsk_footstep_msgs_generate_messages_py
[2.755s] [  0%] Built target sensor_msgs_generate_messages_py
[2.766s] [  0%] Built target nodelet_generate_messages_py
[2.781s] [  0%] Built target geometry_msgs_generate_messages_eus
[2.798s] [  0%] Built target std_msgs_generate_messages_lisp
[2.831s] [  0%] Built target roscpp_generate_messages_nodejs
[2.837s] [  0%] Built target geometry_msgs_generate_messages_nodejs
[2.857s] [  0%] Built target actionlib_generate_messages_eus
[2.864s] [  0%] Built target pcl_msgs_generate_messages_py
[2.887s] [  0%] Built target geometry_msgs_generate_messages_lisp
[2.897s] [  0%] Built target actionlib_generate_messages_lisp
[2.912s] [  0%] Built target geometry_msgs_generate_messages_cpp
[2.923s] [  0%] Built target tf2_msgs_generate_messages_py
[2.946s] [  0%] Built target pcl_msgs_generate_messages_cpp
[2.953s] [  0%] Built target dynamic_reconfigure_generate_messages_lisp
[2.956s] [  0%] Built target topic_tools_generate_messages_lisp
[2.978s] [  0%] Built target jsk_recognition_msgs_generate_messages_cpp
[2.987s] [  0%] Built target autoware_msgs_generate_messages_eus
[2.997s] [  0%] Built target autoware_msgs_generate_messages_lisp
[3.011s] [  0%] Built target autoware_msgs_generate_messages_py
[3.020s] [  0%] Built target nodelet_generate_messages_lisp
[3.036s] [  0%] Built target actionlib_generate_messages_nodejs
[3.048s] [  0%] Built target tf_generate_messages_cpp
[3.056s] [  0%] Built target pcl_msgs_generate_messages_lisp
[3.078s] [  0%] Built target std_msgs_generate_messages_eus
[3.083s] [  0%] Built target autoware_msgs_generate_messages_nodejs
[3.101s] [  0%] Built target jsk_footstep_msgs_generate_messages_eus
[3.110s] [  0%] Built target actionlib_msgs_generate_messages_py
[3.118s] [  0%] Built target jsk_footstep_msgs_generate_messages_lisp
[3.139s] [  0%] Built target tf_generate_messages_eus
[3.149s] [  0%] Built target jsk_footstep_msgs_generate_messages_nodejs
[3.160s] [  0%] Built target jsk_footstep_msgs_generate_messages_cpp
[3.182s] [  0%] Built target actionlib_msgs_generate_messages_lisp
[3.182s] [  0%] Built target actionlib_msgs_generate_messages_cpp
[3.201s] [  0%] Built target std_srvs_generate_messages_cpp
[3.216s] [  0%] Built target dynamic_reconfigure_generate_messages_eus
[3.225s] [  0%] Built target pcl_ros_gencfg
[3.250s] [  0%] Built target dynamic_reconfigure_generate_messages_nodejs
[3.253s] [  0%] Built target tf2_msgs_generate_messages_lisp
[3.255s] [  0%] Built target dynamic_reconfigure_generate_messages_py
[3.297s] [  0%] Built target jsk_recognition_msgs_generate_messages_nodejs
[3.310s] [  0%] Built target std_srvs_generate_messages_eus
[3.314s] [  0%] Built target dynamic_reconfigure_gencfg
[3.329s] [  0%] Built target roscpp_generate_messages_lisp
[3.351s] [  0%] Built target bond_generate_messages_eus
[3.361s] [  0%] Built target roscpp_generate_messages_py
[3.379s] [  0%] Built target rosgraph_msgs_generate_messages_nodejs
[3.384s] [  0%] Built target rosgraph_msgs_generate_messages_lisp
[3.409s] [  0%] Built target actionlib_msgs_generate_messages_eus
[3.409s] [  0%] Built target roscpp_generate_messages_eus
[3.420s] [  0%] Built target rosgraph_msgs_generate_messages_py
[3.445s] [  0%] Built target nodelet_generate_messages_cpp
[3.450s] [  0%] Built target std_srvs_generate_messages_nodejs
[3.477s] [  0%] Built target bond_generate_messages_cpp
[3.478s] [  0%] Built target nodelet_generate_messages_eus
[3.505s] [  0%] Built target bond_generate_messages_nodejs
[3.508s] [  0%] Built target topic_tools_generate_messages_py
[3.528s] [  0%] Built target actionlib_msgs_generate_messages_nodejs
[3.547s] [  0%] Built target nodelet_topic_tools_gencfg
[3.561s] [  0%] Built target _catkin_empty_exported_target
[3.585s] [  0%] Built target bond_generate_messages_py
[3.596s] [  0%] Built target tf2_msgs_generate_messages_cpp
[3.623s] [  0%] Built target tf2_msgs_generate_messages_eus
[3.677s] [100%] Built target lidar_naive_l_shape_detect
[3.702s] [36mInstall the project...[0m
[3.715s] -- Install configuration: "Release"
[3.716s] -- Up-to-date: /home/yeap/APC_2022_Prac/airsimversion/autoware.ai/install/lidar_naive_l_shape_detect/lib/pkgconfig/lidar_naive_l_shape_detect.pc
[3.718s] -- Up-to-date: /home/yeap/APC_2022_Prac/airsimversion/autoware.ai/install/lidar_naive_l_shape_detect/share/lidar_naive_l_shape_detect/cmake/lidar_naive_l_shape_detectConfig.cmake
[3.718s] -- Up-to-date: /home/yeap/APC_2022_Prac/airsimversion/autoware.ai/install/lidar_naive_l_shape_detect/share/lidar_naive_l_shape_detect/cmake/lidar_naive_l_shape_detectConfig-version.cmake
[3.719s] -- Up-to-date: /home/yeap/APC_2022_Prac/airsimversion/autoware.ai/install/lidar_naive_l_shape_detect/share/lidar_naive_l_shape_detect/package.xml
[3.719s] -- Up-to-date: /home/yeap/APC_2022_Prac/airsimversion/autoware.ai/install/lidar_naive_l_shape_detect/lib/lidar_naive_l_shape_detect/lidar_naive_l_shape_detect
[3.719s] -- Up-to-date: /home/yeap/APC_2022_Prac/airsimversion/autoware.ai/install/lidar_naive_l_shape_detect/share/lidar_naive_l_shape_detect/launch
[3.719s] -- Up-to-date: /home/yeap/APC_2022_Prac/airsimversion/autoware.ai/install/lidar_naive_l_shape_detect/share/lidar_naive_l_shape_detect/launch/lidar_naive_l_shape_detect.launch
[3.726s] Invoked command in '/home/yeap/APC_2022_Prac/airsimversion/autoware.ai/build/lidar_naive_l_shape_detect' returned '0': CMAKE_PREFIX_PATH=/home/yeap/APC_2022_Prac/airsimversion/autoware.ai/install/autoware_msgs:/home/yeap/APC_2022_Prac/airsimversion/autoware.ai/install/autoware_build_flags:${CMAKE_PREFIX_PATH} PKG_CONFIG_PATH=/home/yeap/APC_2022_Prac/airsimversion/autoware.ai/install/autoware_msgs/lib/x86_64-linux-gnu/pkgconfig:/home/yeap/APC_2022_Prac/airsimversion/autoware.ai/install/autoware_msgs/lib/pkgconfig:/home/yeap/APC_2022_Prac/airsimversion/autoware.ai/install/autoware_build_flags/lib/x86_64-linux-gnu/pkgconfig:/home/yeap/APC_2022_Prac/airsimversion/autoware.ai/install/autoware_build_flags/lib/pkgconfig:${PKG_CONFIG_PATH} PYTHONPATH=/home/yeap/APC_2022_Prac/airsimversion/autoware.ai/install/autoware_msgs/lib/python2.7/dist-packages:${PYTHONPATH} ROS_PACKAGE_PATH=/home/yeap/APC_2022_Prac/airsimversion/autoware.ai/install/autoware_msgs/share:/home/yeap/APC_2022_Prac/airsimversion/autoware.ai/install/autoware_build_flags/share:${ROS_PACKAGE_PATH} /usr/bin/cmake --build /home/yeap/APC_2022_Prac/airsimversion/autoware.ai/build/lidar_naive_l_shape_detect --target install -- -j6 -l6
