[0.039s] Invoking command in '/home/yeap/APC_2022_Prac/airsimversion/autoware.ai/build/sound_player': /usr/bin/cmake --build /home/yeap/APC_2022_Prac/airsimversion/autoware.ai/build/sound_player -- -j6 -l6
[0.103s] Invoked command in '/home/yeap/APC_2022_Prac/airsimversion/autoware.ai/build/sound_player' returned '0': /usr/bin/cmake --build /home/yeap/APC_2022_Prac/airsimversion/autoware.ai/build/sound_player -- -j6 -l6
[0.172s] Invoking command in '/home/yeap/APC_2022_Prac/airsimversion/autoware.ai/build/sound_player': /usr/bin/cmake --build /home/yeap/APC_2022_Prac/airsimversion/autoware.ai/build/sound_player --target tests -- -j6 -l6
[0.264s] Built target tests
[0.279s] Invoked command in '/home/yeap/APC_2022_Prac/airsimversion/autoware.ai/build/sound_player' returned '0': /usr/bin/cmake --build /home/yeap/APC_2022_Prac/airsimversion/autoware.ai/build/sound_player --target tests -- -j6 -l6
[0.343s] Invoking command in '/home/yeap/APC_2022_Prac/airsimversion/autoware.ai/build/sound_player': /usr/bin/cmake --build /home/yeap/APC_2022_Prac/airsimversion/autoware.ai/build/sound_player --target install -- -j6 -l6
[0.397s] [36mInstall the project...[0m
[0.405s] -- Install configuration: "Release"
[0.406s] -- Up-to-date: /home/yeap/APC_2022_Prac/airsimversion/autoware.ai/install/sound_player/lib/pkgconfig/sound_player.pc
[0.406s] -- Up-to-date: /home/yeap/APC_2022_Prac/airsimversion/autoware.ai/install/sound_player/share/sound_player/cmake/sound_playerConfig.cmake
[0.406s] -- Up-to-date: /home/yeap/APC_2022_Prac/airsimversion/autoware.ai/install/sound_player/share/sound_player/cmake/sound_playerConfig-version.cmake
[0.406s] -- Up-to-date: /home/yeap/APC_2022_Prac/airsimversion/autoware.ai/install/sound_player/share/sound_player/package.xml
[0.406s] -- Up-to-date: /home/yeap/APC_2022_Prac/airsimversion/autoware.ai/install/sound_player/lib/sound_player/sound_player.py
[0.407s] -- Up-to-date: /home/yeap/APC_2022_Prac/airsimversion/autoware.ai/install/sound_player/lib/sound_player/sound_player.yaml
[0.407s] -- Up-to-date: /home/yeap/APC_2022_Prac/airsimversion/autoware.ai/install/sound_player/share/sound_player
[0.407s] -- Up-to-date: /home/yeap/APC_2022_Prac/airsimversion/autoware.ai/install/sound_player/share/sound_player/beep4.wav
[0.407s] -- Up-to-date: /home/yeap/APC_2022_Prac/airsimversion/autoware.ai/install/sound_player/share/sound_player/deceleration.wav
[0.407s] -- Up-to-date: /home/yeap/APC_2022_Prac/airsimversion/autoware.ai/install/sound_player/share/sound_player/red.wav
[0.407s] -- Up-to-date: /home/yeap/APC_2022_Prac/airsimversion/autoware.ai/install/sound_player/share/sound_player/return_normal.wav
[0.407s] -- Up-to-date: /home/yeap/APC_2022_Prac/airsimversion/autoware.ai/install/sound_player/share/sound_player/pede.wav
[0.407s] -- Up-to-date: /home/yeap/APC_2022_Prac/airsimversion/autoware.ai/install/sound_player/share/sound_player/start.wav
[0.407s] -- Up-to-date: /home/yeap/APC_2022_Prac/airsimversion/autoware.ai/install/sound_player/share/sound_player/green.wav
[0.408s] -- Up-to-date: /home/yeap/APC_2022_Prac/airsimversion/autoware.ai/install/sound_player/share/sound_player/beep2.wav
[0.408s] -- Up-to-date: /home/yeap/APC_2022_Prac/airsimversion/autoware.ai/install/sound_player/share/sound_player/beep1.wav
[0.408s] -- Up-to-date: /home/yeap/APC_2022_Prac/airsimversion/autoware.ai/install/sound_player/share/sound_player/ndt_warning.wav
[0.408s] -- Up-to-date: /home/yeap/APC_2022_Prac/airsimversion/autoware.ai/install/sound_player/share/sound_player/stop.wav
[0.408s] -- Up-to-date: /home/yeap/APC_2022_Prac/airsimversion/autoware.ai/install/sound_player/share/sound_player/beep3.wav
[0.425s] Invoked command in '/home/yeap/APC_2022_Prac/airsimversion/autoware.ai/build/sound_player' returned '0': /usr/bin/cmake --build /home/yeap/APC_2022_Prac/airsimversion/autoware.ai/build/sound_player --target install -- -j6 -l6
