[0.047s] Invoking command in '/home/yeap/APC_2022_Prac/airsimversion/autoware.ai/build/pure_pursuit': CMAKE_PREFIX_PATH=/home/yeap/APC_2022_Prac/airsimversion/autoware.ai/install/libwaypoint_follower:/home/yeap/APC_2022_Prac/airsimversion/autoware.ai/install/autoware_health_checker:/home/yeap/APC_2022_Prac/airsimversion/autoware.ai/install/amathutils_lib:/home/yeap/APC_2022_Prac/airsimversion/autoware.ai/install/ros_observer:/home/yeap/APC_2022_Prac/airsimversion/autoware.ai/install/autoware_system_msgs:/home/yeap/APC_2022_Prac/airsimversion/autoware.ai/install/autoware_msgs:/home/yeap/APC_2022_Prac/airsimversion/autoware.ai/install/autoware_config_msgs:/home/yeap/APC_2022_Prac/airsimversion/autoware.ai/install/autoware_build_flags:${CMAKE_PREFIX_PATH} LD_LIBRARY_PATH=/home/yeap/APC_2022_Prac/airsimversion/autoware.ai/install/libwaypoint_follower/lib:/home/yeap/APC_2022_Prac/airsimversion/autoware.ai/install/autoware_health_checker/lib:/home/yeap/APC_2022_Prac/airsimversion/autoware.ai/install/amathutils_lib/lib:/home/yeap/APC_2022_Prac/airsimversion/autoware.ai/install/ros_observer/lib:${LD_LIBRARY_PATH} PKG_CONFIG_PATH=/home/yeap/APC_2022_Prac/airsimversion/autoware.ai/install/libwaypoint_follower/lib/x86_64-linux-gnu/pkgconfig:/home/yeap/APC_2022_Prac/airsimversion/autoware.ai/install/libwaypoint_follower/lib/pkgconfig:/home/yeap/APC_2022_Prac/airsimversion/autoware.ai/install/autoware_health_checker/lib/x86_64-linux-gnu/pkgconfig:/home/yeap/APC_2022_Prac/airsimversion/autoware.ai/install/autoware_health_checker/lib/pkgconfig:/home/yeap/APC_2022_Prac/airsimversion/autoware.ai/install/amathutils_lib/lib/x86_64-linux-gnu/pkgconfig:/home/yeap/APC_2022_Prac/airsimversion/autoware.ai/install/amathutils_lib/lib/pkgconfig:/home/yeap/APC_2022_Prac/airsimversion/autoware.ai/install/ros_observer/lib/x86_64-linux-gnu/pkgconfig:/home/yeap/APC_2022_Prac/airsimversion/autoware.ai/install/ros_observer/lib/pkgconfig:/home/yeap/APC_2022_Prac/airsimversion/autoware.ai/install/autoware_system_msgs/lib/x86_64-linux-gnu/pkgconfig:/home/yeap/APC_2022_Prac/airsimversion/autoware.ai/install/autoware_system_msgs/lib/pkgconfig:/home/yeap/APC_2022_Prac/airsimversion/autoware.ai/install/autoware_msgs/lib/x86_64-linux-gnu/pkgconfig:/home/yeap/APC_2022_Prac/airsimversion/autoware.ai/install/autoware_msgs/lib/pkgconfig:/home/yeap/APC_2022_Prac/airsimversion/autoware.ai/install/autoware_config_msgs/lib/x86_64-linux-gnu/pkgconfig:/home/yeap/APC_2022_Prac/airsimversion/autoware.ai/install/autoware_config_msgs/lib/pkgconfig:/home/yeap/APC_2022_Prac/airsimversion/autoware.ai/install/autoware_build_flags/lib/x86_64-linux-gnu/pkgconfig:/home/yeap/APC_2022_Prac/airsimversion/autoware.ai/install/autoware_build_flags/lib/pkgconfig:${PKG_CONFIG_PATH} PYTHONPATH=/home/yeap/APC_2022_Prac/airsimversion/autoware.ai/install/autoware_system_msgs/lib/python2.7/dist-packages:/home/yeap/APC_2022_Prac/airsimversion/autoware.ai/install/autoware_msgs/lib/python2.7/dist-packages:/home/yeap/APC_2022_Prac/airsimversion/autoware.ai/install/autoware_config_msgs/lib/python2.7/dist-packages:${PYTHONPATH} ROS_PACKAGE_PATH=/home/yeap/APC_2022_Prac/airsimversion/autoware.ai/install/libwaypoint_follower/share:/home/yeap/APC_2022_Prac/airsimversion/autoware.ai/install/autoware_health_checker/share:/home/yeap/APC_2022_Prac/airsimversion/autoware.ai/install/amathutils_lib/share:/home/yeap/APC_2022_Prac/airsimversion/autoware.ai/install/ros_observer/share:/home/yeap/APC_2022_Prac/airsimversion/autoware.ai/install/autoware_system_msgs/share:/home/yeap/APC_2022_Prac/airsimversion/autoware.ai/install/autoware_msgs/share:/home/yeap/APC_2022_Prac/airsimversion/autoware.ai/install/autoware_config_msgs/share:/home/yeap/APC_2022_Prac/airsimversion/autoware.ai/install/autoware_build_flags/share:${ROS_PACKAGE_PATH} /usr/bin/cmake --build /home/yeap/APC_2022_Prac/airsimversion/autoware.ai/build/pure_pursuit -- -j6 -l6
[0.114s] [  0%] Built target autoware_config_msgs_generate_messages_lisp
[0.140s] [  0%] Built target roscpp_generate_messages_cpp
[0.168s] [  0%] Built target actionlib_generate_messages_cpp
[0.190s] [  0%] Built target pcl_msgs_generate_messages_eus
[0.221s] [  0%] Built target rosgraph_msgs_generate_messages_eus
[0.246s] [  0%] Built target jsk_recognition_msgs_generate_messages_lisp
[0.273s] [  0%] Built target jsk_recognition_msgs_generate_messages_eus
[0.298s] [  0%] Built target tf2_msgs_generate_messages_cpp
[0.324s] [  0%] Built target std_msgs_generate_messages_py
[0.354s] [  0%] Built target autoware_msgs_generate_messages_py
[0.381s] [  0%] Built target std_msgs_generate_messages_nodejs
[0.405s] [  0%] Built target sensor_msgs_generate_messages_eus
[0.433s] [  0%] Built target _catkin_empty_exported_target
[0.454s] [  0%] Built target sensor_msgs_generate_messages_cpp
[0.488s] [  0%] Built target autoware_msgs_generate_messages_cpp
[0.521s] [  0%] Built target rosgraph_msgs_generate_messages_cpp
[0.544s] [  0%] Built target pcl_msgs_generate_messages_nodejs
[0.565s] [  0%] Built target jsk_recognition_msgs_generate_messages_py
[0.593s] [  0%] Built target sensor_msgs_generate_messages_lisp
[0.619s] [  0%] Built target sensor_msgs_generate_messages_py
[0.651s] [  0%] Built target tf_generate_messages_py
[0.674s] [  0%] Built target std_msgs_generate_messages_cpp
[0.705s] [  0%] Built target jsk_footstep_msgs_generate_messages_py
[0.732s] [  0%] Built target actionlib_msgs_generate_messages_nodejs
[0.764s] [  0%] Built target geometry_msgs_generate_messages_eus
[0.790s] [  0%] Built target std_msgs_generate_messages_lisp
[0.813s] [  0%] Built target roscpp_generate_messages_nodejs
[0.840s] [  0%] Built target autoware_system_msgs_generate_messages_cpp
[0.872s] [  0%] Built target geometry_msgs_generate_messages_nodejs
[0.899s] [  0%] Built target geometry_msgs_generate_messages_lisp
[0.923s] [  0%] Built target pcl_msgs_generate_messages_cpp
[0.956s] [  0%] Built target jsk_recognition_msgs_generate_messages_cpp
[0.989s] [  0%] Built target autoware_msgs_generate_messages_eus
[1.021s] [  0%] Built target autoware_msgs_generate_messages_lisp
[1.050s] [  0%] Built target std_msgs_generate_messages_eus
[1.076s] [  0%] Built target autoware_msgs_generate_messages_nodejs
[1.100s] [  0%] Built target jsk_footstep_msgs_generate_messages_eus
[1.130s] [  0%] Built target actionlib_msgs_generate_messages_py
[1.151s] [  0%] Built target autoware_config_msgs_generate_messages_eus
[1.177s] [  0%] Built target jsk_footstep_msgs_generate_messages_lisp
[1.199s] [  0%] Built target jsk_footstep_msgs_generate_messages_nodejs
[1.221s] [  0%] Built target autoware_system_msgs_generate_messages_nodejs
[1.245s] [  0%] Built target actionlib_msgs_generate_messages_lisp
[1.265s] [  0%] Built target jsk_footstep_msgs_generate_messages_cpp
[1.292s] [  0%] Built target actionlib_msgs_generate_messages_cpp
[1.318s] [  0%] Built target tf_generate_messages_eus
[1.343s] [  0%] Built target tf_generate_messages_lisp
[1.371s] [  0%] Built target autoware_config_msgs_generate_messages_nodejs
[1.394s] [  0%] Built target tf_generate_messages_nodejs
[1.417s] [  0%] Built target jsk_recognition_msgs_generate_messages_nodejs
[1.442s] [  0%] Built target roscpp_generate_messages_lisp
[1.468s] [  0%] Built target roscpp_generate_messages_py
[1.497s] [  0%] Built target rosgraph_msgs_generate_messages_lisp
[1.535s] [  0%] Built target autoware_config_msgs_generate_messages_cpp
[1.561s] [  0%] Built target rosgraph_msgs_generate_messages_nodejs
[1.586s] [  0%] Built target roscpp_generate_messages_eus
[1.609s] [  0%] Built target actionlib_msgs_generate_messages_eus
[1.634s] [  0%] Built target rosgraph_msgs_generate_messages_py
[1.663s] [  0%] Built target autoware_config_msgs_generate_messages_py
[1.694s] [  0%] Built target pcl_msgs_generate_messages_py
[1.717s] [  0%] Built target actionlib_generate_messages_eus
[1.738s] [  0%] Built target geometry_msgs_generate_messages_cpp
[1.759s] [  0%] Built target actionlib_generate_messages_lisp
[1.785s] [  0%] Built target pcl_msgs_generate_messages_lisp
[1.811s] [  0%] Built target tf_generate_messages_cpp
[1.839s] [  0%] Built target actionlib_generate_messages_nodejs
[1.861s] [  0%] Built target autoware_system_msgs_generate_messages_eus
[1.892s] [  0%] Built target tf2_msgs_generate_messages_eus
[1.915s] [  0%] Built target tf2_msgs_generate_messages_lisp
[1.938s] [  0%] Built target actionlib_generate_messages_py
[1.970s] [  0%] Built target tf2_msgs_generate_messages_py
[1.993s] [  0%] Built target tf2_msgs_generate_messages_nodejs
[2.017s] [  0%] Built target sensor_msgs_generate_messages_nodejs
[2.042s] [  0%] Built target autoware_system_msgs_generate_messages_py
[2.072s] [  0%] Built target geometry_msgs_generate_messages_py
[2.096s] [  0%] Built target autoware_system_msgs_generate_messages_lisp
[2.134s] [100%] Built target pure_pursuit
[2.149s] Invoked command in '/home/yeap/APC_2022_Prac/airsimversion/autoware.ai/build/pure_pursuit' returned '0': CMAKE_PREFIX_PATH=/home/yeap/APC_2022_Prac/airsimversion/autoware.ai/install/libwaypoint_follower:/home/yeap/APC_2022_Prac/airsimversion/autoware.ai/install/autoware_health_checker:/home/yeap/APC_2022_Prac/airsimversion/autoware.ai/install/amathutils_lib:/home/yeap/APC_2022_Prac/airsimversion/autoware.ai/install/ros_observer:/home/yeap/APC_2022_Prac/airsimversion/autoware.ai/install/autoware_system_msgs:/home/yeap/APC_2022_Prac/airsimversion/autoware.ai/install/autoware_msgs:/home/yeap/APC_2022_Prac/airsimversion/autoware.ai/install/autoware_config_msgs:/home/yeap/APC_2022_Prac/airsimversion/autoware.ai/install/autoware_build_flags:${CMAKE_PREFIX_PATH} LD_LIBRARY_PATH=/home/yeap/APC_2022_Prac/airsimversion/autoware.ai/install/libwaypoint_follower/lib:/home/yeap/APC_2022_Prac/airsimversion/autoware.ai/install/autoware_health_checker/lib:/home/yeap/APC_2022_Prac/airsimversion/autoware.ai/install/amathutils_lib/lib:/home/yeap/APC_2022_Prac/airsimversion/autoware.ai/install/ros_observer/lib:${LD_LIBRARY_PATH} PKG_CONFIG_PATH=/home/yeap/APC_2022_Prac/airsimversion/autoware.ai/install/libwaypoint_follower/lib/x86_64-linux-gnu/pkgconfig:/home/yeap/APC_2022_Prac/airsimversion/autoware.ai/install/libwaypoint_follower/lib/pkgconfig:/home/yeap/APC_2022_Prac/airsimversion/autoware.ai/install/autoware_health_checker/lib/x86_64-linux-gnu/pkgconfig:/home/yeap/APC_2022_Prac/airsimversion/autoware.ai/install/autoware_health_checker/lib/pkgconfig:/home/yeap/APC_2022_Prac/airsimversion/autoware.ai/install/amathutils_lib/lib/x86_64-linux-gnu/pkgconfig:/home/yeap/APC_2022_Prac/airsimversion/autoware.ai/install/amathutils_lib/lib/pkgconfig:/home/yeap/APC_2022_Prac/airsimversion/autoware.ai/install/ros_observer/lib/x86_64-linux-gnu/pkgconfig:/home/yeap/APC_2022_Prac/airsimversion/autoware.ai/install/ros_observer/lib/pkgconfig:/home/yeap/APC_2022_Prac/airsimversion/autoware.ai/install/autoware_system_msgs/lib/x86_64-linux-gnu/pkgconfig:/home/yeap/APC_2022_Prac/airsimversion/autoware.ai/install/autoware_system_msgs/lib/pkgconfig:/home/yeap/APC_2022_Prac/airsimversion/autoware.ai/install/autoware_msgs/lib/x86_64-linux-gnu/pkgconfig:/home/yeap/APC_2022_Prac/airsimversion/autoware.ai/install/autoware_msgs/lib/pkgconfig:/home/yeap/APC_2022_Prac/airsimversion/autoware.ai/install/autoware_config_msgs/lib/x86_64-linux-gnu/pkgconfig:/home/yeap/APC_2022_Prac/airsimversion/autoware.ai/install/autoware_config_msgs/lib/pkgconfig:/home/yeap/APC_2022_Prac/airsimversion/autoware.ai/install/autoware_build_flags/lib/x86_64-linux-gnu/pkgconfig:/home/yeap/APC_2022_Prac/airsimversion/autoware.ai/install/autoware_build_flags/lib/pkgconfig:${PKG_CONFIG_PATH} PYTHONPATH=/home/yeap/APC_2022_Prac/airsimversion/autoware.ai/install/autoware_system_msgs/lib/python2.7/dist-packages:/home/yeap/APC_2022_Prac/airsimversion/autoware.ai/install/autoware_msgs/lib/python2.7/dist-packages:/home/yeap/APC_2022_Prac/airsimversion/autoware.ai/install/autoware_config_msgs/lib/python2.7/dist-packages:${PYTHONPATH} ROS_PACKAGE_PATH=/home/yeap/APC_2022_Prac/airsimversion/autoware.ai/install/libwaypoint_follower/share:/home/yeap/APC_2022_Prac/airsimversion/autoware.ai/install/autoware_health_checker/share:/home/yeap/APC_2022_Prac/airsimversion/autoware.ai/install/amathutils_lib/share:/home/yeap/APC_2022_Prac/airsimversion/autoware.ai/install/ros_observer/share:/home/yeap/APC_2022_Prac/airsimversion/autoware.ai/install/autoware_system_msgs/share:/home/yeap/APC_2022_Prac/airsimversion/autoware.ai/install/autoware_msgs/share:/home/yeap/APC_2022_Prac/airsimversion/autoware.ai/install/autoware_config_msgs/share:/home/yeap/APC_2022_Prac/airsimversion/autoware.ai/install/autoware_build_flags/share:${ROS_PACKAGE_PATH} /usr/bin/cmake --build /home/yeap/APC_2022_Prac/airsimversion/autoware.ai/build/pure_pursuit -- -j6 -l6
[2.289s] Invoking command in '/home/yeap/APC_2022_Prac/airsimversion/autoware.ai/build/pure_pursuit': CMAKE_PREFIX_PATH=/home/yeap/APC_2022_Prac/airsimversion/autoware.ai/install/libwaypoint_follower:/home/yeap/APC_2022_Prac/airsimversion/autoware.ai/install/autoware_health_checker:/home/yeap/APC_2022_Prac/airsimversion/autoware.ai/install/amathutils_lib:/home/yeap/APC_2022_Prac/airsimversion/autoware.ai/install/ros_observer:/home/yeap/APC_2022_Prac/airsimversion/autoware.ai/install/autoware_system_msgs:/home/yeap/APC_2022_Prac/airsimversion/autoware.ai/install/autoware_msgs:/home/yeap/APC_2022_Prac/airsimversion/autoware.ai/install/autoware_config_msgs:/home/yeap/APC_2022_Prac/airsimversion/autoware.ai/install/autoware_build_flags:${CMAKE_PREFIX_PATH} LD_LIBRARY_PATH=/home/yeap/APC_2022_Prac/airsimversion/autoware.ai/install/libwaypoint_follower/lib:/home/yeap/APC_2022_Prac/airsimversion/autoware.ai/install/autoware_health_checker/lib:/home/yeap/APC_2022_Prac/airsimversion/autoware.ai/install/amathutils_lib/lib:/home/yeap/APC_2022_Prac/airsimversion/autoware.ai/install/ros_observer/lib:${LD_LIBRARY_PATH} PKG_CONFIG_PATH=/home/yeap/APC_2022_Prac/airsimversion/autoware.ai/install/libwaypoint_follower/lib/x86_64-linux-gnu/pkgconfig:/home/yeap/APC_2022_Prac/airsimversion/autoware.ai/install/libwaypoint_follower/lib/pkgconfig:/home/yeap/APC_2022_Prac/airsimversion/autoware.ai/install/autoware_health_checker/lib/x86_64-linux-gnu/pkgconfig:/home/yeap/APC_2022_Prac/airsimversion/autoware.ai/install/autoware_health_checker/lib/pkgconfig:/home/yeap/APC_2022_Prac/airsimversion/autoware.ai/install/amathutils_lib/lib/x86_64-linux-gnu/pkgconfig:/home/yeap/APC_2022_Prac/airsimversion/autoware.ai/install/amathutils_lib/lib/pkgconfig:/home/yeap/APC_2022_Prac/airsimversion/autoware.ai/install/ros_observer/lib/x86_64-linux-gnu/pkgconfig:/home/yeap/APC_2022_Prac/airsimversion/autoware.ai/install/ros_observer/lib/pkgconfig:/home/yeap/APC_2022_Prac/airsimversion/autoware.ai/install/autoware_system_msgs/lib/x86_64-linux-gnu/pkgconfig:/home/yeap/APC_2022_Prac/airsimversion/autoware.ai/install/autoware_system_msgs/lib/pkgconfig:/home/yeap/APC_2022_Prac/airsimversion/autoware.ai/install/autoware_msgs/lib/x86_64-linux-gnu/pkgconfig:/home/yeap/APC_2022_Prac/airsimversion/autoware.ai/install/autoware_msgs/lib/pkgconfig:/home/yeap/APC_2022_Prac/airsimversion/autoware.ai/install/autoware_config_msgs/lib/x86_64-linux-gnu/pkgconfig:/home/yeap/APC_2022_Prac/airsimversion/autoware.ai/install/autoware_config_msgs/lib/pkgconfig:/home/yeap/APC_2022_Prac/airsimversion/autoware.ai/install/autoware_build_flags/lib/x86_64-linux-gnu/pkgconfig:/home/yeap/APC_2022_Prac/airsimversion/autoware.ai/install/autoware_build_flags/lib/pkgconfig:${PKG_CONFIG_PATH} PYTHONPATH=/home/yeap/APC_2022_Prac/airsimversion/autoware.ai/install/autoware_system_msgs/lib/python2.7/dist-packages:/home/yeap/APC_2022_Prac/airsimversion/autoware.ai/install/autoware_msgs/lib/python2.7/dist-packages:/home/yeap/APC_2022_Prac/airsimversion/autoware.ai/install/autoware_config_msgs/lib/python2.7/dist-packages:${PYTHONPATH} ROS_PACKAGE_PATH=/home/yeap/APC_2022_Prac/airsimversion/autoware.ai/install/libwaypoint_follower/share:/home/yeap/APC_2022_Prac/airsimversion/autoware.ai/install/autoware_health_checker/share:/home/yeap/APC_2022_Prac/airsimversion/autoware.ai/install/amathutils_lib/share:/home/yeap/APC_2022_Prac/airsimversion/autoware.ai/install/ros_observer/share:/home/yeap/APC_2022_Prac/airsimversion/autoware.ai/install/autoware_system_msgs/share:/home/yeap/APC_2022_Prac/airsimversion/autoware.ai/install/autoware_msgs/share:/home/yeap/APC_2022_Prac/airsimversion/autoware.ai/install/autoware_config_msgs/share:/home/yeap/APC_2022_Prac/airsimversion/autoware.ai/install/autoware_build_flags/share:${ROS_PACKAGE_PATH} /usr/bin/cmake --build /home/yeap/APC_2022_Prac/airsimversion/autoware.ai/build/pure_pursuit --target tests -- -j6 -l6
[2.370s] [ 28%] Built target gtest
[2.391s] [ 28%] Built target roscpp_generate_messages_cpp
[2.417s] [ 28%] Built target actionlib_generate_messages_cpp
[2.443s] [ 28%] Built target pcl_msgs_generate_messages_eus
[2.466s] [ 28%] Built target rosgraph_msgs_generate_messages_eus
[2.494s] [ 28%] Built target jsk_recognition_msgs_generate_messages_lisp
[2.523s] [ 28%] Built target jsk_recognition_msgs_generate_messages_eus
[2.547s] [ 28%] Built target tf2_msgs_generate_messages_cpp
[2.569s] [ 28%] Built target std_msgs_generate_messages_py
[2.592s] [ 28%] Built target autoware_msgs_generate_messages_py
[2.619s] [ 28%] Built target std_msgs_generate_messages_nodejs
[2.642s] [ 28%] Built target sensor_msgs_generate_messages_eus
[2.671s] [ 28%] Built target _catkin_empty_exported_target
[2.692s] [ 28%] Built target sensor_msgs_generate_messages_cpp
[2.721s] [ 28%] Built target autoware_msgs_generate_messages_cpp
[2.740s] [ 28%] Built target rosgraph_msgs_generate_messages_cpp
[2.762s] [ 28%] Built target pcl_msgs_generate_messages_nodejs
[2.782s] [ 28%] Built target jsk_recognition_msgs_generate_messages_py
[2.806s] [ 28%] Built target sensor_msgs_generate_messages_lisp
[2.836s] [ 28%] Built target sensor_msgs_generate_messages_py
[2.862s] [ 28%] Built target tf_generate_messages_py
[2.883s] [ 28%] Built target std_msgs_generate_messages_cpp
[2.905s] [ 28%] Built target jsk_footstep_msgs_generate_messages_py
[2.934s] [ 28%] Built target actionlib_msgs_generate_messages_nodejs
[2.960s] [ 28%] Built target geometry_msgs_generate_messages_eus
[2.983s] [ 28%] Built target std_msgs_generate_messages_lisp
[3.005s] [ 28%] Built target roscpp_generate_messages_nodejs
[3.025s] [ 28%] Built target autoware_system_msgs_generate_messages_cpp
[3.047s] [ 28%] Built target geometry_msgs_generate_messages_nodejs
[3.074s] [ 28%] Built target geometry_msgs_generate_messages_lisp
[3.096s] [ 28%] Built target pcl_msgs_generate_messages_cpp
[3.129s] [ 28%] Built target jsk_recognition_msgs_generate_messages_cpp
[3.153s] [ 28%] Built target autoware_msgs_generate_messages_eus
[3.181s] [ 28%] Built target autoware_msgs_generate_messages_lisp
[3.207s] [ 28%] Built target std_msgs_generate_messages_eus
[3.233s] [ 28%] Built target autoware_msgs_generate_messages_nodejs
[3.262s] [ 28%] Built target jsk_footstep_msgs_generate_messages_eus
[3.296s] [ 28%] Built target actionlib_msgs_generate_messages_py
[3.322s] [ 28%] Built target autoware_config_msgs_generate_messages_eus
[3.343s] [ 28%] Built target jsk_footstep_msgs_generate_messages_lisp
[3.367s] [ 28%] Built target jsk_footstep_msgs_generate_messages_nodejs
[3.392s] [ 28%] Built target autoware_system_msgs_generate_messages_nodejs
[3.415s] [ 28%] Built target actionlib_msgs_generate_messages_lisp
[3.442s] [ 28%] Built target jsk_footstep_msgs_generate_messages_cpp
[3.467s] [ 28%] Built target actionlib_msgs_generate_messages_cpp
[3.491s] [ 28%] Built target tf_generate_messages_eus
[3.516s] [ 28%] Built target tf_generate_messages_lisp
[3.541s] [ 28%] Built target autoware_config_msgs_generate_messages_nodejs
[3.563s] [ 28%] Built target tf_generate_messages_nodejs
[3.585s] [ 28%] Built target jsk_recognition_msgs_generate_messages_nodejs
[3.606s] [ 28%] Built target roscpp_generate_messages_lisp
[3.627s] [ 28%] Built target roscpp_generate_messages_py
[3.652s] [ 28%] Built target rosgraph_msgs_generate_messages_lisp
[3.674s] [ 28%] Built target autoware_config_msgs_generate_messages_cpp
[3.697s] [ 28%] Built target rosgraph_msgs_generate_messages_nodejs
[3.724s] [ 28%] Built target roscpp_generate_messages_eus
[3.748s] [ 28%] Built target actionlib_msgs_generate_messages_eus
[3.775s] [ 28%] Built target rosgraph_msgs_generate_messages_py
[3.796s] [ 28%] Built target autoware_config_msgs_generate_messages_py
[3.822s] [ 28%] Built target pcl_msgs_generate_messages_py
[3.845s] [ 28%] Built target actionlib_generate_messages_eus
[3.866s] [ 28%] Built target geometry_msgs_generate_messages_cpp
[3.887s] [ 28%] Built target actionlib_generate_messages_lisp
[3.908s] [ 28%] Built target pcl_msgs_generate_messages_lisp
[3.934s] [ 28%] Built target tf_generate_messages_cpp
[3.962s] [ 28%] Built target actionlib_generate_messages_nodejs
[3.981s] [ 28%] Built target autoware_system_msgs_generate_messages_eus
[4.006s] [ 28%] Built target tf2_msgs_generate_messages_eus
[4.033s] [ 28%] Built target tf2_msgs_generate_messages_lisp
[4.056s] [ 28%] Built target actionlib_generate_messages_py
[4.080s] [ 28%] Built target tf2_msgs_generate_messages_py
[4.105s] [ 28%] Built target tf2_msgs_generate_messages_nodejs
[4.129s] [ 28%] Built target autoware_config_msgs_generate_messages_lisp
[4.160s] [ 28%] Built target sensor_msgs_generate_messages_nodejs
[4.183s] [ 28%] Built target autoware_system_msgs_generate_messages_py
[4.212s] [ 28%] Built target geometry_msgs_generate_messages_py
[4.241s] [ 28%] Built target autoware_system_msgs_generate_messages_lisp
[4.281s] [100%] Built target test-pure_pursuit
[4.303s] [100%] Built target tests
[4.318s] Invoked command in '/home/yeap/APC_2022_Prac/airsimversion/autoware.ai/build/pure_pursuit' returned '0': CMAKE_PREFIX_PATH=/home/yeap/APC_2022_Prac/airsimversion/autoware.ai/install/libwaypoint_follower:/home/yeap/APC_2022_Prac/airsimversion/autoware.ai/install/autoware_health_checker:/home/yeap/APC_2022_Prac/airsimversion/autoware.ai/install/amathutils_lib:/home/yeap/APC_2022_Prac/airsimversion/autoware.ai/install/ros_observer:/home/yeap/APC_2022_Prac/airsimversion/autoware.ai/install/autoware_system_msgs:/home/yeap/APC_2022_Prac/airsimversion/autoware.ai/install/autoware_msgs:/home/yeap/APC_2022_Prac/airsimversion/autoware.ai/install/autoware_config_msgs:/home/yeap/APC_2022_Prac/airsimversion/autoware.ai/install/autoware_build_flags:${CMAKE_PREFIX_PATH} LD_LIBRARY_PATH=/home/yeap/APC_2022_Prac/airsimversion/autoware.ai/install/libwaypoint_follower/lib:/home/yeap/APC_2022_Prac/airsimversion/autoware.ai/install/autoware_health_checker/lib:/home/yeap/APC_2022_Prac/airsimversion/autoware.ai/install/amathutils_lib/lib:/home/yeap/APC_2022_Prac/airsimversion/autoware.ai/install/ros_observer/lib:${LD_LIBRARY_PATH} PKG_CONFIG_PATH=/home/yeap/APC_2022_Prac/airsimversion/autoware.ai/install/libwaypoint_follower/lib/x86_64-linux-gnu/pkgconfig:/home/yeap/APC_2022_Prac/airsimversion/autoware.ai/install/libwaypoint_follower/lib/pkgconfig:/home/yeap/APC_2022_Prac/airsimversion/autoware.ai/install/autoware_health_checker/lib/x86_64-linux-gnu/pkgconfig:/home/yeap/APC_2022_Prac/airsimversion/autoware.ai/install/autoware_health_checker/lib/pkgconfig:/home/yeap/APC_2022_Prac/airsimversion/autoware.ai/install/amathutils_lib/lib/x86_64-linux-gnu/pkgconfig:/home/yeap/APC_2022_Prac/airsimversion/autoware.ai/install/amathutils_lib/lib/pkgconfig:/home/yeap/APC_2022_Prac/airsimversion/autoware.ai/install/ros_observer/lib/x86_64-linux-gnu/pkgconfig:/home/yeap/APC_2022_Prac/airsimversion/autoware.ai/install/ros_observer/lib/pkgconfig:/home/yeap/APC_2022_Prac/airsimversion/autoware.ai/install/autoware_system_msgs/lib/x86_64-linux-gnu/pkgconfig:/home/yeap/APC_2022_Prac/airsimversion/autoware.ai/install/autoware_system_msgs/lib/pkgconfig:/home/yeap/APC_2022_Prac/airsimversion/autoware.ai/install/autoware_msgs/lib/x86_64-linux-gnu/pkgconfig:/home/yeap/APC_2022_Prac/airsimversion/autoware.ai/install/autoware_msgs/lib/pkgconfig:/home/yeap/APC_2022_Prac/airsimversion/autoware.ai/install/autoware_config_msgs/lib/x86_64-linux-gnu/pkgconfig:/home/yeap/APC_2022_Prac/airsimversion/autoware.ai/install/autoware_config_msgs/lib/pkgconfig:/home/yeap/APC_2022_Prac/airsimversion/autoware.ai/install/autoware_build_flags/lib/x86_64-linux-gnu/pkgconfig:/home/yeap/APC_2022_Prac/airsimversion/autoware.ai/install/autoware_build_flags/lib/pkgconfig:${PKG_CONFIG_PATH} PYTHONPATH=/home/yeap/APC_2022_Prac/airsimversion/autoware.ai/install/autoware_system_msgs/lib/python2.7/dist-packages:/home/yeap/APC_2022_Prac/airsimversion/autoware.ai/install/autoware_msgs/lib/python2.7/dist-packages:/home/yeap/APC_2022_Prac/airsimversion/autoware.ai/install/autoware_config_msgs/lib/python2.7/dist-packages:${PYTHONPATH} ROS_PACKAGE_PATH=/home/yeap/APC_2022_Prac/airsimversion/autoware.ai/install/libwaypoint_follower/share:/home/yeap/APC_2022_Prac/airsimversion/autoware.ai/install/autoware_health_checker/share:/home/yeap/APC_2022_Prac/airsimversion/autoware.ai/install/amathutils_lib/share:/home/yeap/APC_2022_Prac/airsimversion/autoware.ai/install/ros_observer/share:/home/yeap/APC_2022_Prac/airsimversion/autoware.ai/install/autoware_system_msgs/share:/home/yeap/APC_2022_Prac/airsimversion/autoware.ai/install/autoware_msgs/share:/home/yeap/APC_2022_Prac/airsimversion/autoware.ai/install/autoware_config_msgs/share:/home/yeap/APC_2022_Prac/airsimversion/autoware.ai/install/autoware_build_flags/share:${ROS_PACKAGE_PATH} /usr/bin/cmake --build /home/yeap/APC_2022_Prac/airsimversion/autoware.ai/build/pure_pursuit --target tests -- -j6 -l6
[4.458s] Invoking command in '/home/yeap/APC_2022_Prac/airsimversion/autoware.ai/build/pure_pursuit': CMAKE_PREFIX_PATH=/home/yeap/APC_2022_Prac/airsimversion/autoware.ai/install/libwaypoint_follower:/home/yeap/APC_2022_Prac/airsimversion/autoware.ai/install/autoware_health_checker:/home/yeap/APC_2022_Prac/airsimversion/autoware.ai/install/amathutils_lib:/home/yeap/APC_2022_Prac/airsimversion/autoware.ai/install/ros_observer:/home/yeap/APC_2022_Prac/airsimversion/autoware.ai/install/autoware_system_msgs:/home/yeap/APC_2022_Prac/airsimversion/autoware.ai/install/autoware_msgs:/home/yeap/APC_2022_Prac/airsimversion/autoware.ai/install/autoware_config_msgs:/home/yeap/APC_2022_Prac/airsimversion/autoware.ai/install/autoware_build_flags:${CMAKE_PREFIX_PATH} LD_LIBRARY_PATH=/home/yeap/APC_2022_Prac/airsimversion/autoware.ai/install/libwaypoint_follower/lib:/home/yeap/APC_2022_Prac/airsimversion/autoware.ai/install/autoware_health_checker/lib:/home/yeap/APC_2022_Prac/airsimversion/autoware.ai/install/amathutils_lib/lib:/home/yeap/APC_2022_Prac/airsimversion/autoware.ai/install/ros_observer/lib:${LD_LIBRARY_PATH} PKG_CONFIG_PATH=/home/yeap/APC_2022_Prac/airsimversion/autoware.ai/install/libwaypoint_follower/lib/x86_64-linux-gnu/pkgconfig:/home/yeap/APC_2022_Prac/airsimversion/autoware.ai/install/libwaypoint_follower/lib/pkgconfig:/home/yeap/APC_2022_Prac/airsimversion/autoware.ai/install/autoware_health_checker/lib/x86_64-linux-gnu/pkgconfig:/home/yeap/APC_2022_Prac/airsimversion/autoware.ai/install/autoware_health_checker/lib/pkgconfig:/home/yeap/APC_2022_Prac/airsimversion/autoware.ai/install/amathutils_lib/lib/x86_64-linux-gnu/pkgconfig:/home/yeap/APC_2022_Prac/airsimversion/autoware.ai/install/amathutils_lib/lib/pkgconfig:/home/yeap/APC_2022_Prac/airsimversion/autoware.ai/install/ros_observer/lib/x86_64-linux-gnu/pkgconfig:/home/yeap/APC_2022_Prac/airsimversion/autoware.ai/install/ros_observer/lib/pkgconfig:/home/yeap/APC_2022_Prac/airsimversion/autoware.ai/install/autoware_system_msgs/lib/x86_64-linux-gnu/pkgconfig:/home/yeap/APC_2022_Prac/airsimversion/autoware.ai/install/autoware_system_msgs/lib/pkgconfig:/home/yeap/APC_2022_Prac/airsimversion/autoware.ai/install/autoware_msgs/lib/x86_64-linux-gnu/pkgconfig:/home/yeap/APC_2022_Prac/airsimversion/autoware.ai/install/autoware_msgs/lib/pkgconfig:/home/yeap/APC_2022_Prac/airsimversion/autoware.ai/install/autoware_config_msgs/lib/x86_64-linux-gnu/pkgconfig:/home/yeap/APC_2022_Prac/airsimversion/autoware.ai/install/autoware_config_msgs/lib/pkgconfig:/home/yeap/APC_2022_Prac/airsimversion/autoware.ai/install/autoware_build_flags/lib/x86_64-linux-gnu/pkgconfig:/home/yeap/APC_2022_Prac/airsimversion/autoware.ai/install/autoware_build_flags/lib/pkgconfig:${PKG_CONFIG_PATH} PYTHONPATH=/home/yeap/APC_2022_Prac/airsimversion/autoware.ai/install/autoware_system_msgs/lib/python2.7/dist-packages:/home/yeap/APC_2022_Prac/airsimversion/autoware.ai/install/autoware_msgs/lib/python2.7/dist-packages:/home/yeap/APC_2022_Prac/airsimversion/autoware.ai/install/autoware_config_msgs/lib/python2.7/dist-packages:${PYTHONPATH} ROS_PACKAGE_PATH=/home/yeap/APC_2022_Prac/airsimversion/autoware.ai/install/libwaypoint_follower/share:/home/yeap/APC_2022_Prac/airsimversion/autoware.ai/install/autoware_health_checker/share:/home/yeap/APC_2022_Prac/airsimversion/autoware.ai/install/amathutils_lib/share:/home/yeap/APC_2022_Prac/airsimversion/autoware.ai/install/ros_observer/share:/home/yeap/APC_2022_Prac/airsimversion/autoware.ai/install/autoware_system_msgs/share:/home/yeap/APC_2022_Prac/airsimversion/autoware.ai/install/autoware_msgs/share:/home/yeap/APC_2022_Prac/airsimversion/autoware.ai/install/autoware_config_msgs/share:/home/yeap/APC_2022_Prac/airsimversion/autoware.ai/install/autoware_build_flags/share:${ROS_PACKAGE_PATH} /usr/bin/cmake --build /home/yeap/APC_2022_Prac/airsimversion/autoware.ai/build/pure_pursuit --target install -- -j6 -l6
[4.524s] [  0%] Built target autoware_config_msgs_generate_messages_lisp
[4.546s] [  0%] Built target roscpp_generate_messages_cpp
[4.567s] [  0%] Built target actionlib_generate_messages_cpp
[4.593s] [  0%] Built target pcl_msgs_generate_messages_eus
[4.617s] [  0%] Built target rosgraph_msgs_generate_messages_eus
[4.640s] [  0%] Built target jsk_recognition_msgs_generate_messages_lisp
[4.665s] [  0%] Built target jsk_recognition_msgs_generate_messages_eus
[4.688s] [  0%] Built target tf2_msgs_generate_messages_cpp
[4.710s] [  0%] Built target std_msgs_generate_messages_py
[4.734s] [  0%] Built target autoware_msgs_generate_messages_py
[4.756s] [  0%] Built target std_msgs_generate_messages_nodejs
[4.781s] [  0%] Built target sensor_msgs_generate_messages_eus
[4.803s] [  0%] Built target _catkin_empty_exported_target
[4.824s] [  0%] Built target sensor_msgs_generate_messages_cpp
[4.844s] [  0%] Built target autoware_msgs_generate_messages_cpp
[4.866s] [  0%] Built target rosgraph_msgs_generate_messages_cpp
[4.888s] [  0%] Built target pcl_msgs_generate_messages_nodejs
[4.917s] [  0%] Built target jsk_recognition_msgs_generate_messages_py
[4.939s] [  0%] Built target sensor_msgs_generate_messages_lisp
[4.961s] [  0%] Built target sensor_msgs_generate_messages_py
[4.981s] [  0%] Built target tf_generate_messages_py
[5.002s] [  0%] Built target std_msgs_generate_messages_cpp
[5.024s] [  0%] Built target jsk_footstep_msgs_generate_messages_py
[5.046s] [  0%] Built target actionlib_msgs_generate_messages_nodejs
[5.068s] [  0%] Built target geometry_msgs_generate_messages_eus
[5.089s] [  0%] Built target std_msgs_generate_messages_lisp
[5.123s] [  0%] Built target roscpp_generate_messages_nodejs
[5.146s] [  0%] Built target autoware_system_msgs_generate_messages_cpp
[5.168s] [  0%] Built target geometry_msgs_generate_messages_nodejs
[5.190s] [  0%] Built target geometry_msgs_generate_messages_lisp
[5.212s] [  0%] Built target pcl_msgs_generate_messages_cpp
[5.233s] [  0%] Built target jsk_recognition_msgs_generate_messages_cpp
[5.256s] [  0%] Built target autoware_msgs_generate_messages_eus
[5.277s] [  0%] Built target autoware_msgs_generate_messages_lisp
[5.299s] [  0%] Built target std_msgs_generate_messages_eus
[5.321s] [  0%] Built target autoware_msgs_generate_messages_nodejs
[5.343s] [  0%] Built target jsk_footstep_msgs_generate_messages_eus
[5.373s] [  0%] Built target actionlib_msgs_generate_messages_py
[5.397s] [  0%] Built target autoware_config_msgs_generate_messages_eus
[5.429s] [  0%] Built target jsk_footstep_msgs_generate_messages_lisp
[5.450s] [  0%] Built target jsk_footstep_msgs_generate_messages_nodejs
[5.480s] [  0%] Built target autoware_system_msgs_generate_messages_nodejs
[5.502s] [  0%] Built target actionlib_msgs_generate_messages_lisp
[5.525s] [  0%] Built target jsk_footstep_msgs_generate_messages_cpp
[5.547s] [  0%] Built target actionlib_msgs_generate_messages_cpp
[5.568s] [  0%] Built target tf_generate_messages_eus
[5.590s] [  0%] Built target tf_generate_messages_lisp
[5.616s] [  0%] Built target autoware_config_msgs_generate_messages_nodejs
[5.636s] [  0%] Built target tf_generate_messages_nodejs
[5.658s] [  0%] Built target jsk_recognition_msgs_generate_messages_nodejs
[5.680s] [  0%] Built target roscpp_generate_messages_lisp
[5.702s] [  0%] Built target roscpp_generate_messages_py
[5.725s] [  0%] Built target rosgraph_msgs_generate_messages_lisp
[5.747s] [  0%] Built target autoware_config_msgs_generate_messages_cpp
[5.770s] [  0%] Built target rosgraph_msgs_generate_messages_nodejs
[5.792s] [  0%] Built target roscpp_generate_messages_eus
[5.812s] [  0%] Built target actionlib_msgs_generate_messages_eus
[5.833s] [  0%] Built target rosgraph_msgs_generate_messages_py
[5.856s] [  0%] Built target autoware_config_msgs_generate_messages_py
[5.877s] [  0%] Built target pcl_msgs_generate_messages_py
[5.900s] [  0%] Built target actionlib_generate_messages_eus
[5.923s] [  0%] Built target geometry_msgs_generate_messages_cpp
[5.945s] [  0%] Built target actionlib_generate_messages_lisp
[5.970s] [  0%] Built target pcl_msgs_generate_messages_lisp
[5.995s] [  0%] Built target tf_generate_messages_cpp
[6.018s] [  0%] Built target actionlib_generate_messages_nodejs
[6.042s] [  0%] Built target autoware_system_msgs_generate_messages_eus
[6.066s] [  0%] Built target tf2_msgs_generate_messages_eus
[6.092s] [  0%] Built target tf2_msgs_generate_messages_lisp
[6.114s] [  0%] Built target actionlib_generate_messages_py
[6.140s] [  0%] Built target tf2_msgs_generate_messages_py
[6.163s] [  0%] Built target tf2_msgs_generate_messages_nodejs
[6.186s] [  0%] Built target sensor_msgs_generate_messages_nodejs
[6.211s] [  0%] Built target autoware_system_msgs_generate_messages_py
[6.234s] [  0%] Built target geometry_msgs_generate_messages_py
[6.257s] [  0%] Built target autoware_system_msgs_generate_messages_lisp
[6.291s] [100%] Built target pure_pursuit
[6.318s] [36mInstall the project...[0m
[6.331s] -- Install configuration: "Release"
[6.331s] -- Up-to-date: /home/yeap/APC_2022_Prac/airsimversion/autoware.ai/install/pure_pursuit/lib/pkgconfig/pure_pursuit.pc
[6.332s] -- Up-to-date: /home/yeap/APC_2022_Prac/airsimversion/autoware.ai/install/pure_pursuit/share/pure_pursuit/cmake/pure_pursuitConfig.cmake
[6.332s] -- Up-to-date: /home/yeap/APC_2022_Prac/airsimversion/autoware.ai/install/pure_pursuit/share/pure_pursuit/cmake/pure_pursuitConfig-version.cmake
[6.332s] -- Up-to-date: /home/yeap/APC_2022_Prac/airsimversion/autoware.ai/install/pure_pursuit/share/pure_pursuit/package.xml
[6.332s] -- Up-to-date: /home/yeap/APC_2022_Prac/airsimversion/autoware.ai/install/pure_pursuit/lib/pure_pursuit/pure_pursuit
[6.332s] -- Up-to-date: /home/yeap/APC_2022_Prac/airsimversion/autoware.ai/install/pure_pursuit/share/pure_pursuit/launch
[6.332s] -- Up-to-date: /home/yeap/APC_2022_Prac/airsimversion/autoware.ai/install/pure_pursuit/share/pure_pursuit/launch/pure_pursuit.launch
[6.337s] Invoked command in '/home/yeap/APC_2022_Prac/airsimversion/autoware.ai/build/pure_pursuit' returned '0': CMAKE_PREFIX_PATH=/home/yeap/APC_2022_Prac/airsimversion/autoware.ai/install/libwaypoint_follower:/home/yeap/APC_2022_Prac/airsimversion/autoware.ai/install/autoware_health_checker:/home/yeap/APC_2022_Prac/airsimversion/autoware.ai/install/amathutils_lib:/home/yeap/APC_2022_Prac/airsimversion/autoware.ai/install/ros_observer:/home/yeap/APC_2022_Prac/airsimversion/autoware.ai/install/autoware_system_msgs:/home/yeap/APC_2022_Prac/airsimversion/autoware.ai/install/autoware_msgs:/home/yeap/APC_2022_Prac/airsimversion/autoware.ai/install/autoware_config_msgs:/home/yeap/APC_2022_Prac/airsimversion/autoware.ai/install/autoware_build_flags:${CMAKE_PREFIX_PATH} LD_LIBRARY_PATH=/home/yeap/APC_2022_Prac/airsimversion/autoware.ai/install/libwaypoint_follower/lib:/home/yeap/APC_2022_Prac/airsimversion/autoware.ai/install/autoware_health_checker/lib:/home/yeap/APC_2022_Prac/airsimversion/autoware.ai/install/amathutils_lib/lib:/home/yeap/APC_2022_Prac/airsimversion/autoware.ai/install/ros_observer/lib:${LD_LIBRARY_PATH} PKG_CONFIG_PATH=/home/yeap/APC_2022_Prac/airsimversion/autoware.ai/install/libwaypoint_follower/lib/x86_64-linux-gnu/pkgconfig:/home/yeap/APC_2022_Prac/airsimversion/autoware.ai/install/libwaypoint_follower/lib/pkgconfig:/home/yeap/APC_2022_Prac/airsimversion/autoware.ai/install/autoware_health_checker/lib/x86_64-linux-gnu/pkgconfig:/home/yeap/APC_2022_Prac/airsimversion/autoware.ai/install/autoware_health_checker/lib/pkgconfig:/home/yeap/APC_2022_Prac/airsimversion/autoware.ai/install/amathutils_lib/lib/x86_64-linux-gnu/pkgconfig:/home/yeap/APC_2022_Prac/airsimversion/autoware.ai/install/amathutils_lib/lib/pkgconfig:/home/yeap/APC_2022_Prac/airsimversion/autoware.ai/install/ros_observer/lib/x86_64-linux-gnu/pkgconfig:/home/yeap/APC_2022_Prac/airsimversion/autoware.ai/install/ros_observer/lib/pkgconfig:/home/yeap/APC_2022_Prac/airsimversion/autoware.ai/install/autoware_system_msgs/lib/x86_64-linux-gnu/pkgconfig:/home/yeap/APC_2022_Prac/airsimversion/autoware.ai/install/autoware_system_msgs/lib/pkgconfig:/home/yeap/APC_2022_Prac/airsimversion/autoware.ai/install/autoware_msgs/lib/x86_64-linux-gnu/pkgconfig:/home/yeap/APC_2022_Prac/airsimversion/autoware.ai/install/autoware_msgs/lib/pkgconfig:/home/yeap/APC_2022_Prac/airsimversion/autoware.ai/install/autoware_config_msgs/lib/x86_64-linux-gnu/pkgconfig:/home/yeap/APC_2022_Prac/airsimversion/autoware.ai/install/autoware_config_msgs/lib/pkgconfig:/home/yeap/APC_2022_Prac/airsimversion/autoware.ai/install/autoware_build_flags/lib/x86_64-linux-gnu/pkgconfig:/home/yeap/APC_2022_Prac/airsimversion/autoware.ai/install/autoware_build_flags/lib/pkgconfig:${PKG_CONFIG_PATH} PYTHONPATH=/home/yeap/APC_2022_Prac/airsimversion/autoware.ai/install/autoware_system_msgs/lib/python2.7/dist-packages:/home/yeap/APC_2022_Prac/airsimversion/autoware.ai/install/autoware_msgs/lib/python2.7/dist-packages:/home/yeap/APC_2022_Prac/airsimversion/autoware.ai/install/autoware_config_msgs/lib/python2.7/dist-packages:${PYTHONPATH} ROS_PACKAGE_PATH=/home/yeap/APC_2022_Prac/airsimversion/autoware.ai/install/libwaypoint_follower/share:/home/yeap/APC_2022_Prac/airsimversion/autoware.ai/install/autoware_health_checker/share:/home/yeap/APC_2022_Prac/airsimversion/autoware.ai/install/amathutils_lib/share:/home/yeap/APC_2022_Prac/airsimversion/autoware.ai/install/ros_observer/share:/home/yeap/APC_2022_Prac/airsimversion/autoware.ai/install/autoware_system_msgs/share:/home/yeap/APC_2022_Prac/airsimversion/autoware.ai/install/autoware_msgs/share:/home/yeap/APC_2022_Prac/airsimversion/autoware.ai/install/autoware_config_msgs/share:/home/yeap/APC_2022_Prac/airsimversion/autoware.ai/install/autoware_build_flags/share:${ROS_PACKAGE_PATH} /usr/bin/cmake --build /home/yeap/APC_2022_Prac/airsimversion/autoware.ai/build/pure_pursuit --target install -- -j6 -l6
