[0.014s] Invoking command in '/home/yeap/APC_2022_Prac/airsimversion/autoware.ai/build/microstrain_driver': /usr/bin/cmake /home/yeap/APC_2022_Prac/airsimversion/autoware.ai/src/drivers/awf_drivers/microstrain -DCMAKE_BUILD_TYPE=Release -DCATKIN_INSTALL_INTO_PREFIX_ROOT=0 -DCMAKE_INSTALL_PREFIX=/home/yeap/APC_2022_Prac/airsimversion/autoware.ai/install/microstrain_driver
[0.092s] -- The C compiler identification is GNU 7.5.0
[0.171s] -- The CXX compiler identification is GNU 7.5.0
[0.176s] -- Check for working C compiler: /usr/bin/cc
[0.259s] -- Check for working C compiler: /usr/bin/cc -- works
[0.259s] -- Detecting C compiler ABI info
[0.334s] -- Detecting C compiler ABI info - done
[0.344s] -- Detecting C compile features
[0.600s] -- Detecting C compile features - done
[0.604s] -- Check for working CXX compiler: /usr/bin/c++
[0.692s] -- Check for working CXX compiler: /usr/bin/c++ -- works
[0.693s] -- Detecting CXX compiler ABI info
[0.771s] -- Detecting CXX compiler ABI info - done
[0.780s] -- Detecting CXX compile features
[1.177s] -- Detecting CXX compile features - done
[1.179s] -- Using CATKIN_DEVEL_PREFIX: /home/yeap/APC_2022_Prac/airsimversion/autoware.ai/build/microstrain_driver/devel
[1.180s] -- Using CMAKE_PREFIX_PATH: /opt/ros/melodic
[1.180s] -- This workspace overlays: /opt/ros/melodic
[1.195s] -- Found PythonInterp: /usr/bin/python2 (found suitable version "2.7.17", minimum required is "2") 
[1.195s] -- Using PYTHON_EXECUTABLE: /usr/bin/python2
[1.196s] -- Using Debian Python package layout
[1.196s] -- Using empy: /usr/bin/empy
[1.369s] -- Using CATKIN_ENABLE_TESTING: ON
[1.370s] -- Call enable_testing()
[1.376s] -- Using CATKIN_TEST_RESULTS_DIR: /home/yeap/APC_2022_Prac/airsimversion/autoware.ai/build/microstrain_driver/test_results
[1.395s] -- Found gtest sources under '/usr/src/googletest': gtests will be built
[1.395s] -- Found gmock sources under '/usr/src/googletest': gmock will be built
[1.410s] -- Found PythonInterp: /usr/bin/python2 (found version "2.7.17") 
[1.412s] -- Looking for pthread.h
[1.513s] -- Looking for pthread.h - found
[1.514s] -- Looking for pthread_create
[1.591s] -- Looking for pthread_create - not found
[1.592s] -- Looking for pthread_create in pthreads
[1.655s] -- Looking for pthread_create in pthreads - not found
[1.655s] -- Looking for pthread_create in pthread
[1.737s] -- Looking for pthread_create in pthread - found
[1.738s] -- Found Threads: TRUE  
[1.744s] -- Using Python nosetests: /usr/bin/nosetests-2.7
[1.794s] -- catkin 0.7.29
[1.795s] -- BUILD_SHARED_LIBS is on
[1.928s] -- Using these message generators: gencpp;geneus;genlisp;gennodejs;genpy
[2.224s] -- Configuring done
[2.264s] -- Generating done
[2.273s] -- Build files have been written to: /home/yeap/APC_2022_Prac/airsimversion/autoware.ai/build/microstrain_driver
[2.282s] Invoked command in '/home/yeap/APC_2022_Prac/airsimversion/autoware.ai/build/microstrain_driver' returned '0': /usr/bin/cmake /home/yeap/APC_2022_Prac/airsimversion/autoware.ai/src/drivers/awf_drivers/microstrain -DCMAKE_BUILD_TYPE=Release -DCATKIN_INSTALL_INTO_PREFIX_ROOT=0 -DCMAKE_INSTALL_PREFIX=/home/yeap/APC_2022_Prac/airsimversion/autoware.ai/install/microstrain_driver
[2.283s] Invoking command in '/home/yeap/APC_2022_Prac/airsimversion/autoware.ai/build/microstrain_driver': /usr/bin/cmake --build /home/yeap/APC_2022_Prac/airsimversion/autoware.ai/build/microstrain_driver -- -j6 -l6
[2.337s] [35m[1mScanning dependencies of target microstrain_driver[0m
[2.374s] [  5%] [32mBuilding CXX object CMakeFiles/microstrain_driver.dir/src/microstrain.cpp.o[0m
[5.300s] [ 11%] [32mBuilding C object CMakeFiles/microstrain_driver.dir/MIPSDK/C/Library/Source/mip_sdk_3dm.c.o[0m
[5.518s] [ 17%] [32mBuilding C object CMakeFiles/microstrain_driver.dir/MIPSDK/C/Library/Source/mip_sdk_filter.c.o[0m
[5.761s] [ 23%] [32mBuilding C object CMakeFiles/microstrain_driver.dir/MIPSDK/C/Library/Source/mip_sdk_system.c.o[0m
[5.812s] [ 29%] [32mBuilding C object CMakeFiles/microstrain_driver.dir/MIPSDK/C/Library/Source/mip_sdk_ahrs.c.o[0m
[5.898s] [ 35%] [32mBuilding C object CMakeFiles/microstrain_driver.dir/MIPSDK/C/Library/Source/mip_sdk_gps.c.o[0m
[5.967s] [ 41%] [32mBuilding C object CMakeFiles/microstrain_driver.dir/MIPSDK/C/Library/Source/ring_buffer.c.o[0m
[6.081s] [ 47%] [32mBuilding C object CMakeFiles/microstrain_driver.dir/MIPSDK/C/Utilities/Source/byteswap_utilities.c.o[0m
[6.113s] [ 52%] [32mBuilding C object CMakeFiles/microstrain_driver.dir/MIPSDK/C/Library/Source/mip_sdk_inteface.c.o[0m
[6.141s] [01m[K/home/yeap/APC_2022_Prac/airsimversion/autoware.ai/src/drivers/awf_drivers/microstrain/MIPSDK/C/Library/Source/mip_sdk_inteface.c:[m[K In function ‘[01m[K__mip_interface_command_response_handler[m[K’:
[6.141s] [01m[K/home/yeap/APC_2022_Prac/airsimversion/autoware.ai/src/drivers/awf_drivers/microstrain/MIPSDK/C/Library/Source/mip_sdk_inteface.c:755:49:[m[K [01;35m[Kwarning: [m[Kassignment from incompatible pointer type [[01;35m[K-Wincompatible-pointer-types[m[K]
[6.141s]     device_interface->command_response_data      [01;35m[K=[m[K field_header_ptr;
[6.141s] 
[6.141s]                                                  [01;35m[K^[m[K
[6.245s] [ 58%] [32mBuilding C object CMakeFiles/microstrain_driver.dir/MIPSDK/C/Library/Source/mip_sdk_base.c.o[0m
[6.310s] [ 64%] [32mBuilding C object CMakeFiles/microstrain_driver.dir/MIPSDK/C/Library/Source/mip.c.o[0m
[6.318s] [01m[K/home/yeap/APC_2022_Prac/airsimversion/autoware.ai/src/drivers/awf_drivers/microstrain/MIPSDK/C/Library/Source/mip.c:[m[K In function ‘[01m[Kmip_add_field[m[K’:
[6.318s] [01m[K/home/yeap/APC_2022_Prac/airsimversion/autoware.ai/src/drivers/awf_drivers/microstrain/MIPSDK/C/Library/Source/mip.c:189:3:[m[K [01;35m[Kwarning: [m[Kimplicit declaration of function ‘[01m[Kmemcpy[m[K’ [[01;35m[K-Wimplicit-function-declaration[m[K]
[6.318s]    [01;35m[Kmemcpy[m[K(field_data_ptr, field_data, data_size);
[6.318s] 
[6.319s]    [01;35m[K^~~~~~[m[K
[6.319s] [01m[K/home/yeap/APC_2022_Prac/airsimversion/autoware.ai/src/drivers/awf_drivers/microstrain/MIPSDK/C/Library/Source/mip.c:189:3:[m[K [01;35m[Kwarning: [m[Kincompatible implicit declaration of built-in function ‘[01m[Kmemcpy[m[K’
[6.319s] [01m[K/home/yeap/APC_2022_Prac/airsimversion/autoware.ai/src/drivers/awf_drivers/microstrain/MIPSDK/C/Library/Source/mip.c:189:3:[m[K [01;36m[Knote: [m[Kinclude ‘[01m[K<string.h>[m[K’ or provide a declaration of ‘[01m[Kmemcpy[m[K’
[6.319s] [01m[K/home/yeap/APC_2022_Prac/airsimversion/autoware.ai/src/drivers/awf_drivers/microstrain/MIPSDK/C/Library/Source/mip.c:[m[K In function ‘[01m[Kmip_add_formatted_field[m[K’:
[6.319s] [01m[K/home/yeap/APC_2022_Prac/airsimversion/autoware.ai/src/drivers/awf_drivers/microstrain/MIPSDK/C/Library/Source/mip.c:250:2:[m[K [01;35m[Kwarning: [m[Kincompatible implicit declaration of built-in function ‘[01m[Kmemcpy[m[K’
[6.320s]   [01;35m[Kmemcpy[m[K(field_location, field, field_header_ptr->size);
[6.320s] 
[6.320s]   [01;35m[K^~~~~~[m[K
[6.320s] [01m[K/home/yeap/APC_2022_Prac/airsimversion/autoware.ai/src/drivers/awf_drivers/microstrain/MIPSDK/C/Library/Source/mip.c:250:2:[m[K [01;36m[Knote: [m[Kinclude ‘[01m[K<string.h>[m[K’ or provide a declaration of ‘[01m[Kmemcpy[m[K’
[6.382s] [ 70%] [32mBuilding C object CMakeFiles/microstrain_driver.dir/src/mip_sdk_user_functions.c.o[0m
[6.457s] [ 76%] [32m[1mLinking CXX shared library devel/lib/libmicrostrain_driver.so[0m
[6.596s] [ 76%] Built target microstrain_driver
[6.608s] [35m[1mScanning dependencies of target 3dm_gx5_15_node[0m
[6.633s] [ 82%] [32mBuilding CXX object CMakeFiles/3dm_gx5_15_node.dir/src/3dm_gx5_15_node.cpp.o[0m
[7.973s] [ 88%] [32m[1mLinking CXX executable devel/lib/microstrain_driver/3dm_gx5_15_node[0m
[8.159s] [ 88%] Built target 3dm_gx5_15_node
[8.171s] [35m[1mScanning dependencies of target 3dm_gx5_45_node[0m
[8.196s] [ 94%] [32mBuilding CXX object CMakeFiles/3dm_gx5_45_node.dir/src/3dm_gx5_45_node.cpp.o[0m
[9.523s] [100%] [32m[1mLinking CXX executable devel/lib/microstrain_driver/3dm_gx5_45_node[0m
[9.708s] [100%] Built target 3dm_gx5_45_node
[9.723s] Invoked command in '/home/yeap/APC_2022_Prac/airsimversion/autoware.ai/build/microstrain_driver' returned '0': /usr/bin/cmake --build /home/yeap/APC_2022_Prac/airsimversion/autoware.ai/build/microstrain_driver -- -j6 -l6
[9.833s] Invoking command in '/home/yeap/APC_2022_Prac/airsimversion/autoware.ai/build/microstrain_driver': /usr/bin/cmake --build /home/yeap/APC_2022_Prac/airsimversion/autoware.ai/build/microstrain_driver --target tests -- -j6 -l6
[9.895s] [35m[1mScanning dependencies of target tests[0m
[9.907s] Built target tests
[9.923s] Invoked command in '/home/yeap/APC_2022_Prac/airsimversion/autoware.ai/build/microstrain_driver' returned '0': /usr/bin/cmake --build /home/yeap/APC_2022_Prac/airsimversion/autoware.ai/build/microstrain_driver --target tests -- -j6 -l6
[10.028s] Invoking command in '/home/yeap/APC_2022_Prac/airsimversion/autoware.ai/build/microstrain_driver': /usr/bin/cmake --build /home/yeap/APC_2022_Prac/airsimversion/autoware.ai/build/microstrain_driver --target install -- -j6 -l6
[10.096s] [ 76%] Built target microstrain_driver
[10.124s] [ 88%] Built target 3dm_gx5_15_node
[10.152s] [100%] Built target 3dm_gx5_45_node
[10.175s] [36mInstall the project...[0m
[10.184s] -- Install configuration: "Release"
[10.185s] -- Installing: /home/yeap/APC_2022_Prac/airsimversion/autoware.ai/install/microstrain_driver/lib/pkgconfig/microstrain_driver.pc
[10.185s] -- Installing: /home/yeap/APC_2022_Prac/airsimversion/autoware.ai/install/microstrain_driver/share/microstrain_driver/cmake/microstrain_driverConfig.cmake
[10.186s] -- Installing: /home/yeap/APC_2022_Prac/airsimversion/autoware.ai/install/microstrain_driver/share/microstrain_driver/cmake/microstrain_driverConfig-version.cmake
[10.186s] -- Installing: /home/yeap/APC_2022_Prac/airsimversion/autoware.ai/install/microstrain_driver/share/microstrain_driver/package.xml
[10.187s] -- Installing: /home/yeap/APC_2022_Prac/airsimversion/autoware.ai/install/microstrain_driver/lib/libmicrostrain_driver.so
[10.188s] -- Set runtime path of "/home/yeap/APC_2022_Prac/airsimversion/autoware.ai/install/microstrain_driver/lib/libmicrostrain_driver.so" to ""
[10.188s] -- Installing: /home/yeap/APC_2022_Prac/airsimversion/autoware.ai/install/microstrain_driver/lib/microstrain_driver/3dm_gx5_15_node
[10.189s] -- Set runtime path of "/home/yeap/APC_2022_Prac/airsimversion/autoware.ai/install/microstrain_driver/lib/microstrain_driver/3dm_gx5_15_node" to ""
[10.189s] -- Installing: /home/yeap/APC_2022_Prac/airsimversion/autoware.ai/install/microstrain_driver/lib/microstrain_driver/3dm_gx5_45_node
[10.189s] -- Set runtime path of "/home/yeap/APC_2022_Prac/airsimversion/autoware.ai/install/microstrain_driver/lib/microstrain_driver/3dm_gx5_45_node" to ""
[10.190s] -- Installing: /home/yeap/APC_2022_Prac/airsimversion/autoware.ai/install/microstrain_driver/share/microstrain_driver/launch
[10.190s] -- Installing: /home/yeap/APC_2022_Prac/airsimversion/autoware.ai/install/microstrain_driver/share/microstrain_driver/launch/microstrain.launch
[10.190s] -- Installing: /home/yeap/APC_2022_Prac/airsimversion/autoware.ai/install/microstrain_driver/share/microstrain_driver/launch/3dm_gx5_15.launch
[10.196s] Invoked command in '/home/yeap/APC_2022_Prac/airsimversion/autoware.ai/build/microstrain_driver' returned '0': /usr/bin/cmake --build /home/yeap/APC_2022_Prac/airsimversion/autoware.ai/build/microstrain_driver --target install -- -j6 -l6
