[0.023s] Invoking command in '/home/yeap/APC_2022_Prac/airsimversion/autoware.ai/build/rosinterface': CMAKE_PREFIX_PATH=/home/yeap/APC_2022_Prac/airsimversion/autoware.ai/install/autoware_build_flags:${CMAKE_PREFIX_PATH} PKG_CONFIG_PATH=/home/yeap/APC_2022_Prac/airsimversion/autoware.ai/install/autoware_build_flags/lib/x86_64-linux-gnu/pkgconfig:/home/yeap/APC_2022_Prac/airsimversion/autoware.ai/install/autoware_build_flags/lib/pkgconfig:${PKG_CONFIG_PATH} ROS_PACKAGE_PATH=/home/yeap/APC_2022_Prac/airsimversion/autoware.ai/install/autoware_build_flags/share:${ROS_PACKAGE_PATH} /usr/bin/cmake --build /home/yeap/APC_2022_Prac/airsimversion/autoware.ai/build/rosinterface -- -j6 -l6
[0.118s] [ 16%] [34m[1mAutomatic MOC for target rosinterface[0m
[0.149s] [ 16%] Built target rosinterface_autogen
[0.232s] [100%] Built target rosinterface
[0.254s] Invoked command in '/home/yeap/APC_2022_Prac/airsimversion/autoware.ai/build/rosinterface' returned '0': CMAKE_PREFIX_PATH=/home/yeap/APC_2022_Prac/airsimversion/autoware.ai/install/autoware_build_flags:${CMAKE_PREFIX_PATH} PKG_CONFIG_PATH=/home/yeap/APC_2022_Prac/airsimversion/autoware.ai/install/autoware_build_flags/lib/x86_64-linux-gnu/pkgconfig:/home/yeap/APC_2022_Prac/airsimversion/autoware.ai/install/autoware_build_flags/lib/pkgconfig:${PKG_CONFIG_PATH} ROS_PACKAGE_PATH=/home/yeap/APC_2022_Prac/airsimversion/autoware.ai/install/autoware_build_flags/share:${ROS_PACKAGE_PATH} /usr/bin/cmake --build /home/yeap/APC_2022_Prac/airsimversion/autoware.ai/build/rosinterface -- -j6 -l6
[0.603s] Invoking command in '/home/yeap/APC_2022_Prac/airsimversion/autoware.ai/build/rosinterface': CMAKE_PREFIX_PATH=/home/yeap/APC_2022_Prac/airsimversion/autoware.ai/install/autoware_build_flags:${CMAKE_PREFIX_PATH} PKG_CONFIG_PATH=/home/yeap/APC_2022_Prac/airsimversion/autoware.ai/install/autoware_build_flags/lib/x86_64-linux-gnu/pkgconfig:/home/yeap/APC_2022_Prac/airsimversion/autoware.ai/install/autoware_build_flags/lib/pkgconfig:${PKG_CONFIG_PATH} ROS_PACKAGE_PATH=/home/yeap/APC_2022_Prac/airsimversion/autoware.ai/install/autoware_build_flags/share:${ROS_PACKAGE_PATH} /usr/bin/cmake --build /home/yeap/APC_2022_Prac/airsimversion/autoware.ai/build/rosinterface --target tests -- -j6 -l6
[0.696s] Built target tests
[0.714s] Invoked command in '/home/yeap/APC_2022_Prac/airsimversion/autoware.ai/build/rosinterface' returned '0': CMAKE_PREFIX_PATH=/home/yeap/APC_2022_Prac/airsimversion/autoware.ai/install/autoware_build_flags:${CMAKE_PREFIX_PATH} PKG_CONFIG_PATH=/home/yeap/APC_2022_Prac/airsimversion/autoware.ai/install/autoware_build_flags/lib/x86_64-linux-gnu/pkgconfig:/home/yeap/APC_2022_Prac/airsimversion/autoware.ai/install/autoware_build_flags/lib/pkgconfig:${PKG_CONFIG_PATH} ROS_PACKAGE_PATH=/home/yeap/APC_2022_Prac/airsimversion/autoware.ai/install/autoware_build_flags/share:${ROS_PACKAGE_PATH} /usr/bin/cmake --build /home/yeap/APC_2022_Prac/airsimversion/autoware.ai/build/rosinterface --target tests -- -j6 -l6
[0.856s] Invoking command in '/home/yeap/APC_2022_Prac/airsimversion/autoware.ai/build/rosinterface': CMAKE_PREFIX_PATH=/home/yeap/APC_2022_Prac/airsimversion/autoware.ai/install/autoware_build_flags:${CMAKE_PREFIX_PATH} PKG_CONFIG_PATH=/home/yeap/APC_2022_Prac/airsimversion/autoware.ai/install/autoware_build_flags/lib/x86_64-linux-gnu/pkgconfig:/home/yeap/APC_2022_Prac/airsimversion/autoware.ai/install/autoware_build_flags/lib/pkgconfig:${PKG_CONFIG_PATH} ROS_PACKAGE_PATH=/home/yeap/APC_2022_Prac/airsimversion/autoware.ai/install/autoware_build_flags/share:${ROS_PACKAGE_PATH} /usr/bin/cmake --build /home/yeap/APC_2022_Prac/airsimversion/autoware.ai/build/rosinterface --target install -- -j6 -l6
[0.914s] [ 16%] [34m[1mAutomatic MOC for target rosinterface[0m
[0.931s] [ 16%] Built target rosinterface_autogen
[0.968s] [100%] Built target rosinterface
[0.992s] [36mInstall the project...[0m
[1.008s] -- Install configuration: "Release"
[1.008s] -- Up-to-date: /home/yeap/APC_2022_Prac/airsimversion/autoware.ai/install/rosinterface/lib/pkgconfig/rosinterface.pc
[1.008s] -- Up-to-date: /home/yeap/APC_2022_Prac/airsimversion/autoware.ai/install/rosinterface/share/rosinterface/cmake/rosinterfaceConfig.cmake
[1.008s] -- Up-to-date: /home/yeap/APC_2022_Prac/airsimversion/autoware.ai/install/rosinterface/share/rosinterface/cmake/rosinterfaceConfig-version.cmake
[1.008s] -- Up-to-date: /home/yeap/APC_2022_Prac/airsimversion/autoware.ai/install/rosinterface/share/rosinterface/package.xml
[1.008s] -- Up-to-date: /home/yeap/APC_2022_Prac/airsimversion/autoware.ai/install/rosinterface/include/rosinterface
[1.008s] -- Up-to-date: /home/yeap/APC_2022_Prac/airsimversion/autoware.ai/install/rosinterface/include/rosinterface/rosinterface.h
[1.009s] -- Up-to-date: /home/yeap/APC_2022_Prac/airsimversion/autoware.ai/install/rosinterface/lib/librosinterface.so
[1.015s] Invoked command in '/home/yeap/APC_2022_Prac/airsimversion/autoware.ai/build/rosinterface' returned '0': CMAKE_PREFIX_PATH=/home/yeap/APC_2022_Prac/airsimversion/autoware.ai/install/autoware_build_flags:${CMAKE_PREFIX_PATH} PKG_CONFIG_PATH=/home/yeap/APC_2022_Prac/airsimversion/autoware.ai/install/autoware_build_flags/lib/x86_64-linux-gnu/pkgconfig:/home/yeap/APC_2022_Prac/airsimversion/autoware.ai/install/autoware_build_flags/lib/pkgconfig:${PKG_CONFIG_PATH} ROS_PACKAGE_PATH=/home/yeap/APC_2022_Prac/airsimversion/autoware.ai/install/autoware_build_flags/share:${ROS_PACKAGE_PATH} /usr/bin/cmake --build /home/yeap/APC_2022_Prac/airsimversion/autoware.ai/build/rosinterface --target install -- -j6 -l6
