[0.018s] Invoking command in '/home/yeap/APC_2022_Prac/airsimversion/autoware.ai/build/lanelet2_traffic_rules': CMAKE_PREFIX_PATH=/home/yeap/APC_2022_Prac/airsimversion/autoware.ai/install/lanelet2_core:/home/yeap/APC_2022_Prac/airsimversion/autoware.ai/install/mrt_cmake_modules:${CMAKE_PREFIX_PATH} LD_LIBRARY_PATH=/home/yeap/APC_2022_Prac/airsimversion/autoware.ai/install/lanelet2_core/lib:${LD_LIBRARY_PATH} PKG_CONFIG_PATH=/home/yeap/APC_2022_Prac/airsimversion/autoware.ai/install/lanelet2_core/lib/x86_64-linux-gnu/pkgconfig:/home/yeap/APC_2022_Prac/airsimversion/autoware.ai/install/lanelet2_core/lib/pkgconfig:/home/yeap/APC_2022_Prac/airsimversion/autoware.ai/install/mrt_cmake_modules/lib/x86_64-linux-gnu/pkgconfig:/home/yeap/APC_2022_Prac/airsimversion/autoware.ai/install/mrt_cmake_modules/lib/pkgconfig:${PKG_CONFIG_PATH} PYTHONPATH=/home/yeap/APC_2022_Prac/airsimversion/autoware.ai/install/mrt_cmake_modules/lib/python2.7/dist-packages:${PYTHONPATH} ROS_PACKAGE_PATH=/home/yeap/APC_2022_Prac/airsimversion/autoware.ai/install/lanelet2_core/share:/home/yeap/APC_2022_Prac/airsimversion/autoware.ai/install/mrt_cmake_modules/share:${ROS_PACKAGE_PATH} /usr/bin/cmake /home/yeap/APC_2022_Prac/airsimversion/autoware.ai/src/vendor/lanelet2/lanelet2_traffic_rules -DCMAKE_BUILD_TYPE=Release -DCATKIN_INSTALL_INTO_PREFIX_ROOT=0 -DCMAKE_INSTALL_PREFIX=/home/yeap/APC_2022_Prac/airsimversion/autoware.ai/install/lanelet2_traffic_rules
[0.088s] -- The C compiler identification is GNU 7.5.0
[0.154s] -- The CXX compiler identification is GNU 7.5.0
[0.159s] -- Check for working C compiler: /usr/bin/cc
[0.232s] -- Check for working C compiler: /usr/bin/cc -- works
[0.232s] -- Detecting C compiler ABI info
[0.305s] -- Detecting C compiler ABI info - done
[0.314s] -- Detecting C compile features
[0.537s] -- Detecting C compile features - done
[0.541s] -- Check for working CXX compiler: /usr/bin/c++
[0.623s] -- Check for working CXX compiler: /usr/bin/c++ -- works
[0.624s] -- Detecting CXX compiler ABI info
[0.707s] -- Detecting CXX compiler ABI info - done
[0.716s] -- Detecting CXX compile features
[1.098s] -- Detecting CXX compile features - done
[1.103s] -- MRT_ARCH not set and X86 target detected (x86_64)
[1.103s] -- Setting -march to sandybridge
[1.390s] -- Found OpenMP_C: -fopenmp (found version "4.5") 
[1.484s] -- Found OpenMP_CXX: -fopenmp (found version "4.5") 
[1.485s] -- Found OpenMP: TRUE (found version "4.5")  
[1.491s] -- Performing Test FLAG_AVAILABLE
[1.574s] -- Performing Test FLAG_AVAILABLE - Success
[1.577s] -- Using CATKIN_DEVEL_PREFIX: /home/yeap/APC_2022_Prac/airsimversion/autoware.ai/build/lanelet2_traffic_rules/devel
[1.578s] -- Using CMAKE_PREFIX_PATH: /home/yeap/APC_2022_Prac/airsimversion/autoware.ai/install/lanelet2_core;/home/yeap/APC_2022_Prac/airsimversion/autoware.ai/install/mrt_cmake_modules;/opt/ros/melodic
[1.578s] -- This workspace overlays: /home/yeap/APC_2022_Prac/airsimversion/autoware.ai/install/lanelet2_core;/home/yeap/APC_2022_Prac/airsimversion/autoware.ai/install/mrt_cmake_modules;/opt/ros/melodic
[1.595s] -- Found PythonInterp: /usr/bin/python2 (found suitable version "2.7.17", minimum required is "2") 
[1.595s] -- Using PYTHON_EXECUTABLE: /usr/bin/python2
[1.596s] -- Using Debian Python package layout
[1.596s] -- Using empy: /usr/bin/empy
[1.775s] -- Using CATKIN_ENABLE_TESTING: ON
[1.775s] -- Call enable_testing()
[1.778s] -- Using CATKIN_TEST_RESULTS_DIR: /home/yeap/APC_2022_Prac/airsimversion/autoware.ai/build/lanelet2_traffic_rules/test_results
[1.799s] -- Found gtest sources under '/usr/src/googletest': gtests will be built
[1.799s] -- Found gmock sources under '/usr/src/googletest': gmock will be built
[1.815s] -- Found PythonInterp: /usr/bin/python2 (found version "2.7.17") 
[1.817s] -- Looking for pthread.h
[1.896s] -- Looking for pthread.h - found
[1.897s] -- Looking for pthread_create
[1.978s] -- Looking for pthread_create - found
[1.979s] -- Found Threads: TRUE  
[1.985s] -- Using Python nosetests: /usr/bin/nosetests-2.7
[2.036s] -- catkin 0.7.29
[2.036s] -- BUILD_SHARED_LIBS is on
[2.607s] -- Adding library "lanelet2_traffic_rules" with source src/GenericTrafficRules.cpp;src/GermanTrafficRules.cpp;src/TrafficRulesFactory.cpp
[2.608s] -- Marking targets "lanelet2_traffic_rules" of package "lanelet2_traffic_rules" for installation
[2.609s] -- Marking HEADER FILES in "include" folder of package "lanelet2_traffic_rules" for installation
[2.610s] -- Adding gtest unittest "lanelet2_traffic_rules-lanelet2_traffic_rules-test" with working dir /home/yeap/APC_2022_Prac/airsimversion/autoware.ai/src/vendor/lanelet2/lanelet2_traffic_rules/test
[2.613s] -- Adding nosetests in folder test
[2.616s] -- Configuring done
[2.643s] -- Generating done
[2.647s] -- Build files have been written to: /home/yeap/APC_2022_Prac/airsimversion/autoware.ai/build/lanelet2_traffic_rules
[2.656s] Invoked command in '/home/yeap/APC_2022_Prac/airsimversion/autoware.ai/build/lanelet2_traffic_rules' returned '0': CMAKE_PREFIX_PATH=/home/yeap/APC_2022_Prac/airsimversion/autoware.ai/install/lanelet2_core:/home/yeap/APC_2022_Prac/airsimversion/autoware.ai/install/mrt_cmake_modules:${CMAKE_PREFIX_PATH} LD_LIBRARY_PATH=/home/yeap/APC_2022_Prac/airsimversion/autoware.ai/install/lanelet2_core/lib:${LD_LIBRARY_PATH} PKG_CONFIG_PATH=/home/yeap/APC_2022_Prac/airsimversion/autoware.ai/install/lanelet2_core/lib/x86_64-linux-gnu/pkgconfig:/home/yeap/APC_2022_Prac/airsimversion/autoware.ai/install/lanelet2_core/lib/pkgconfig:/home/yeap/APC_2022_Prac/airsimversion/autoware.ai/install/mrt_cmake_modules/lib/x86_64-linux-gnu/pkgconfig:/home/yeap/APC_2022_Prac/airsimversion/autoware.ai/install/mrt_cmake_modules/lib/pkgconfig:${PKG_CONFIG_PATH} PYTHONPATH=/home/yeap/APC_2022_Prac/airsimversion/autoware.ai/install/mrt_cmake_modules/lib/python2.7/dist-packages:${PYTHONPATH} ROS_PACKAGE_PATH=/home/yeap/APC_2022_Prac/airsimversion/autoware.ai/install/lanelet2_core/share:/home/yeap/APC_2022_Prac/airsimversion/autoware.ai/install/mrt_cmake_modules/share:${ROS_PACKAGE_PATH} /usr/bin/cmake /home/yeap/APC_2022_Prac/airsimversion/autoware.ai/src/vendor/lanelet2/lanelet2_traffic_rules -DCMAKE_BUILD_TYPE=Release -DCATKIN_INSTALL_INTO_PREFIX_ROOT=0 -DCMAKE_INSTALL_PREFIX=/home/yeap/APC_2022_Prac/airsimversion/autoware.ai/install/lanelet2_traffic_rules
[2.657s] Invoking command in '/home/yeap/APC_2022_Prac/airsimversion/autoware.ai/build/lanelet2_traffic_rules': CMAKE_PREFIX_PATH=/home/yeap/APC_2022_Prac/airsimversion/autoware.ai/install/lanelet2_core:/home/yeap/APC_2022_Prac/airsimversion/autoware.ai/install/mrt_cmake_modules:${CMAKE_PREFIX_PATH} LD_LIBRARY_PATH=/home/yeap/APC_2022_Prac/airsimversion/autoware.ai/install/lanelet2_core/lib:${LD_LIBRARY_PATH} PKG_CONFIG_PATH=/home/yeap/APC_2022_Prac/airsimversion/autoware.ai/install/lanelet2_core/lib/x86_64-linux-gnu/pkgconfig:/home/yeap/APC_2022_Prac/airsimversion/autoware.ai/install/lanelet2_core/lib/pkgconfig:/home/yeap/APC_2022_Prac/airsimversion/autoware.ai/install/mrt_cmake_modules/lib/x86_64-linux-gnu/pkgconfig:/home/yeap/APC_2022_Prac/airsimversion/autoware.ai/install/mrt_cmake_modules/lib/pkgconfig:${PKG_CONFIG_PATH} PYTHONPATH=/home/yeap/APC_2022_Prac/airsimversion/autoware.ai/install/mrt_cmake_modules/lib/python2.7/dist-packages:${PYTHONPATH} ROS_PACKAGE_PATH=/home/yeap/APC_2022_Prac/airsimversion/autoware.ai/install/lanelet2_core/share:/home/yeap/APC_2022_Prac/airsimversion/autoware.ai/install/mrt_cmake_modules/share:${ROS_PACKAGE_PATH} /usr/bin/cmake --build /home/yeap/APC_2022_Prac/airsimversion/autoware.ai/build/lanelet2_traffic_rules -- -j6 -l6
[2.704s] [35m[1mScanning dependencies of target _catkin_empty_exported_target[0m
[2.716s] [  0%] Built target _catkin_empty_exported_target
[2.729s] [35m[1mScanning dependencies of target lanelet2_traffic_rules[0m
[2.786s] [ 25%] [32mBuilding CXX object CMakeFiles/lanelet2_traffic_rules.dir/src/GenericTrafficRules.cpp.o[0m
[9.830s] [ 50%] [32mBuilding CXX object CMakeFiles/lanelet2_traffic_rules.dir/src/TrafficRulesFactory.cpp.o[0m
[12.553s] [ 75%] [32mBuilding CXX object CMakeFiles/lanelet2_traffic_rules.dir/src/GermanTrafficRules.cpp.o[0m
[16.499s] [100%] [32m[1mLinking CXX shared library devel/lib/liblanelet2_traffic_rules.so[0m
[16.567s] [100%] Built target lanelet2_traffic_rules
[16.581s] Invoked command in '/home/yeap/APC_2022_Prac/airsimversion/autoware.ai/build/lanelet2_traffic_rules' returned '0': CMAKE_PREFIX_PATH=/home/yeap/APC_2022_Prac/airsimversion/autoware.ai/install/lanelet2_core:/home/yeap/APC_2022_Prac/airsimversion/autoware.ai/install/mrt_cmake_modules:${CMAKE_PREFIX_PATH} LD_LIBRARY_PATH=/home/yeap/APC_2022_Prac/airsimversion/autoware.ai/install/lanelet2_core/lib:${LD_LIBRARY_PATH} PKG_CONFIG_PATH=/home/yeap/APC_2022_Prac/airsimversion/autoware.ai/install/lanelet2_core/lib/x86_64-linux-gnu/pkgconfig:/home/yeap/APC_2022_Prac/airsimversion/autoware.ai/install/lanelet2_core/lib/pkgconfig:/home/yeap/APC_2022_Prac/airsimversion/autoware.ai/install/mrt_cmake_modules/lib/x86_64-linux-gnu/pkgconfig:/home/yeap/APC_2022_Prac/airsimversion/autoware.ai/install/mrt_cmake_modules/lib/pkgconfig:${PKG_CONFIG_PATH} PYTHONPATH=/home/yeap/APC_2022_Prac/airsimversion/autoware.ai/install/mrt_cmake_modules/lib/python2.7/dist-packages:${PYTHONPATH} ROS_PACKAGE_PATH=/home/yeap/APC_2022_Prac/airsimversion/autoware.ai/install/lanelet2_core/share:/home/yeap/APC_2022_Prac/airsimversion/autoware.ai/install/mrt_cmake_modules/share:${ROS_PACKAGE_PATH} /usr/bin/cmake --build /home/yeap/APC_2022_Prac/airsimversion/autoware.ai/build/lanelet2_traffic_rules -- -j6 -l6
[16.636s] Invoking command in '/home/yeap/APC_2022_Prac/airsimversion/autoware.ai/build/lanelet2_traffic_rules': CMAKE_PREFIX_PATH=/home/yeap/APC_2022_Prac/airsimversion/autoware.ai/install/lanelet2_core:/home/yeap/APC_2022_Prac/airsimversion/autoware.ai/install/mrt_cmake_modules:${CMAKE_PREFIX_PATH} LD_LIBRARY_PATH=/home/yeap/APC_2022_Prac/airsimversion/autoware.ai/install/lanelet2_core/lib:${LD_LIBRARY_PATH} PKG_CONFIG_PATH=/home/yeap/APC_2022_Prac/airsimversion/autoware.ai/install/lanelet2_core/lib/x86_64-linux-gnu/pkgconfig:/home/yeap/APC_2022_Prac/airsimversion/autoware.ai/install/lanelet2_core/lib/pkgconfig:/home/yeap/APC_2022_Prac/airsimversion/autoware.ai/install/mrt_cmake_modules/lib/x86_64-linux-gnu/pkgconfig:/home/yeap/APC_2022_Prac/airsimversion/autoware.ai/install/mrt_cmake_modules/lib/pkgconfig:${PKG_CONFIG_PATH} PYTHONPATH=/home/yeap/APC_2022_Prac/airsimversion/autoware.ai/install/mrt_cmake_modules/lib/python2.7/dist-packages:${PYTHONPATH} ROS_PACKAGE_PATH=/home/yeap/APC_2022_Prac/airsimversion/autoware.ai/install/lanelet2_core/share:/home/yeap/APC_2022_Prac/airsimversion/autoware.ai/install/mrt_cmake_modules/share:${ROS_PACKAGE_PATH} /usr/bin/cmake --build /home/yeap/APC_2022_Prac/airsimversion/autoware.ai/build/lanelet2_traffic_rules --target tests -- -j6 -l6
[16.696s] [35m[1mScanning dependencies of target gtest[0m
[16.719s] [ 10%] [32mBuilding CXX object gtest/googlemock/gtest/CMakeFiles/gtest.dir/src/gtest-all.cc.o[0m
[22.234s] [ 20%] [32m[1mLinking CXX shared library libgtest.so[0m
[22.285s] [ 20%] Built target gtest
[22.308s] [ 20%] Built target _catkin_empty_exported_target
[22.322s] [35m[1mScanning dependencies of target gtest_main[0m
[22.339s] [ 30%] [32mBuilding CXX object gtest/googlemock/gtest/CMakeFiles/gtest_main.dir/src/gtest_main.cc.o[0m
[22.935s] [ 40%] [32m[1mLinking CXX shared library libgtest_main.so[0m
[22.986s] [ 40%] Built target gtest_main
[23.024s] [ 80%] Built target lanelet2_traffic_rules
[23.036s] [35m[1mScanning dependencies of target lanelet2_traffic_rules-lanelet2_traffic_rules-test[0m
[23.091s] [ 90%] [32mBuilding CXX object CMakeFiles/lanelet2_traffic_rules-lanelet2_traffic_rules-test.dir/test/lanelet2_traffic_rules.cpp.o[0m
[31.402s] [100%] [32m[1mLinking CXX executable devel/lib/lanelet2_traffic_rules/lanelet2_traffic_rules-lanelet2_traffic_rules-test[0m
[31.480s] [100%] Built target lanelet2_traffic_rules-lanelet2_traffic_rules-test
[31.491s] [35m[1mScanning dependencies of target tests[0m
[31.503s] [100%] Built target tests
[31.524s] Invoked command in '/home/yeap/APC_2022_Prac/airsimversion/autoware.ai/build/lanelet2_traffic_rules' returned '0': CMAKE_PREFIX_PATH=/home/yeap/APC_2022_Prac/airsimversion/autoware.ai/install/lanelet2_core:/home/yeap/APC_2022_Prac/airsimversion/autoware.ai/install/mrt_cmake_modules:${CMAKE_PREFIX_PATH} LD_LIBRARY_PATH=/home/yeap/APC_2022_Prac/airsimversion/autoware.ai/install/lanelet2_core/lib:${LD_LIBRARY_PATH} PKG_CONFIG_PATH=/home/yeap/APC_2022_Prac/airsimversion/autoware.ai/install/lanelet2_core/lib/x86_64-linux-gnu/pkgconfig:/home/yeap/APC_2022_Prac/airsimversion/autoware.ai/install/lanelet2_core/lib/pkgconfig:/home/yeap/APC_2022_Prac/airsimversion/autoware.ai/install/mrt_cmake_modules/lib/x86_64-linux-gnu/pkgconfig:/home/yeap/APC_2022_Prac/airsimversion/autoware.ai/install/mrt_cmake_modules/lib/pkgconfig:${PKG_CONFIG_PATH} PYTHONPATH=/home/yeap/APC_2022_Prac/airsimversion/autoware.ai/install/mrt_cmake_modules/lib/python2.7/dist-packages:${PYTHONPATH} ROS_PACKAGE_PATH=/home/yeap/APC_2022_Prac/airsimversion/autoware.ai/install/lanelet2_core/share:/home/yeap/APC_2022_Prac/airsimversion/autoware.ai/install/mrt_cmake_modules/share:${ROS_PACKAGE_PATH} /usr/bin/cmake --build /home/yeap/APC_2022_Prac/airsimversion/autoware.ai/build/lanelet2_traffic_rules --target tests -- -j6 -l6
[31.620s] Invoking command in '/home/yeap/APC_2022_Prac/airsimversion/autoware.ai/build/lanelet2_traffic_rules': CMAKE_PREFIX_PATH=/home/yeap/APC_2022_Prac/airsimversion/autoware.ai/install/lanelet2_core:/home/yeap/APC_2022_Prac/airsimversion/autoware.ai/install/mrt_cmake_modules:${CMAKE_PREFIX_PATH} LD_LIBRARY_PATH=/home/yeap/APC_2022_Prac/airsimversion/autoware.ai/install/lanelet2_core/lib:${LD_LIBRARY_PATH} PKG_CONFIG_PATH=/home/yeap/APC_2022_Prac/airsimversion/autoware.ai/install/lanelet2_core/lib/x86_64-linux-gnu/pkgconfig:/home/yeap/APC_2022_Prac/airsimversion/autoware.ai/install/lanelet2_core/lib/pkgconfig:/home/yeap/APC_2022_Prac/airsimversion/autoware.ai/install/mrt_cmake_modules/lib/x86_64-linux-gnu/pkgconfig:/home/yeap/APC_2022_Prac/airsimversion/autoware.ai/install/mrt_cmake_modules/lib/pkgconfig:${PKG_CONFIG_PATH} PYTHONPATH=/home/yeap/APC_2022_Prac/airsimversion/autoware.ai/install/mrt_cmake_modules/lib/python2.7/dist-packages:${PYTHONPATH} ROS_PACKAGE_PATH=/home/yeap/APC_2022_Prac/airsimversion/autoware.ai/install/lanelet2_core/share:/home/yeap/APC_2022_Prac/airsimversion/autoware.ai/install/mrt_cmake_modules/share:${ROS_PACKAGE_PATH} /usr/bin/cmake --build /home/yeap/APC_2022_Prac/airsimversion/autoware.ai/build/lanelet2_traffic_rules --target install -- -j6 -l6
[31.682s] [  0%] Built target _catkin_empty_exported_target
[31.718s] [100%] Built target lanelet2_traffic_rules
[31.742s] [36mInstall the project...[0m
[31.752s] -- Install configuration: "Release"
[31.753s] -- Installing: /home/yeap/APC_2022_Prac/airsimversion/autoware.ai/install/lanelet2_traffic_rules/lib/pkgconfig/lanelet2_traffic_rules.pc
[31.753s] -- Installing: /home/yeap/APC_2022_Prac/airsimversion/autoware.ai/install/lanelet2_traffic_rules/share/lanelet2_traffic_rules/cmake/lanelet2_traffic_rulesConfig.cmake
[31.753s] -- Installing: /home/yeap/APC_2022_Prac/airsimversion/autoware.ai/install/lanelet2_traffic_rules/share/lanelet2_traffic_rules/cmake/lanelet2_traffic_rulesConfig-version.cmake
[31.754s] -- Installing: /home/yeap/APC_2022_Prac/airsimversion/autoware.ai/install/lanelet2_traffic_rules/share/lanelet2_traffic_rules/package.xml
[31.754s] -- Installing: /home/yeap/APC_2022_Prac/airsimversion/autoware.ai/install/lanelet2_traffic_rules/lib/liblanelet2_traffic_rules.so
[31.756s] -- Set runtime path of "/home/yeap/APC_2022_Prac/airsimversion/autoware.ai/install/lanelet2_traffic_rules/lib/liblanelet2_traffic_rules.so" to ""
[31.756s] -- Installing: /home/yeap/APC_2022_Prac/airsimversion/autoware.ai/install/lanelet2_traffic_rules/include/lanelet2_traffic_rules
[31.756s] -- Installing: /home/yeap/APC_2022_Prac/airsimversion/autoware.ai/install/lanelet2_traffic_rules/include/lanelet2_traffic_rules/internal
[31.757s] -- Installing: /home/yeap/APC_2022_Prac/airsimversion/autoware.ai/install/lanelet2_traffic_rules/include/lanelet2_traffic_rules/TrafficRulesFactory.h
[31.757s] -- Installing: /home/yeap/APC_2022_Prac/airsimversion/autoware.ai/install/lanelet2_traffic_rules/include/lanelet2_traffic_rules/Exceptions.h
[31.757s] -- Installing: /home/yeap/APC_2022_Prac/airsimversion/autoware.ai/install/lanelet2_traffic_rules/include/lanelet2_traffic_rules/GenericTrafficRules.h
[31.757s] -- Installing: /home/yeap/APC_2022_Prac/airsimversion/autoware.ai/install/lanelet2_traffic_rules/include/lanelet2_traffic_rules/GermanTrafficRules.h
[31.758s] -- Installing: /home/yeap/APC_2022_Prac/airsimversion/autoware.ai/install/lanelet2_traffic_rules/include/lanelet2_traffic_rules/TrafficRules.h
[31.764s] Invoked command in '/home/yeap/APC_2022_Prac/airsimversion/autoware.ai/build/lanelet2_traffic_rules' returned '0': CMAKE_PREFIX_PATH=/home/yeap/APC_2022_Prac/airsimversion/autoware.ai/install/lanelet2_core:/home/yeap/APC_2022_Prac/airsimversion/autoware.ai/install/mrt_cmake_modules:${CMAKE_PREFIX_PATH} LD_LIBRARY_PATH=/home/yeap/APC_2022_Prac/airsimversion/autoware.ai/install/lanelet2_core/lib:${LD_LIBRARY_PATH} PKG_CONFIG_PATH=/home/yeap/APC_2022_Prac/airsimversion/autoware.ai/install/lanelet2_core/lib/x86_64-linux-gnu/pkgconfig:/home/yeap/APC_2022_Prac/airsimversion/autoware.ai/install/lanelet2_core/lib/pkgconfig:/home/yeap/APC_2022_Prac/airsimversion/autoware.ai/install/mrt_cmake_modules/lib/x86_64-linux-gnu/pkgconfig:/home/yeap/APC_2022_Prac/airsimversion/autoware.ai/install/mrt_cmake_modules/lib/pkgconfig:${PKG_CONFIG_PATH} PYTHONPATH=/home/yeap/APC_2022_Prac/airsimversion/autoware.ai/install/mrt_cmake_modules/lib/python2.7/dist-packages:${PYTHONPATH} ROS_PACKAGE_PATH=/home/yeap/APC_2022_Prac/airsimversion/autoware.ai/install/lanelet2_core/share:/home/yeap/APC_2022_Prac/airsimversion/autoware.ai/install/mrt_cmake_modules/share:${ROS_PACKAGE_PATH} /usr/bin/cmake --build /home/yeap/APC_2022_Prac/airsimversion/autoware.ai/build/lanelet2_traffic_rules --target install -- -j6 -l6
