[0.015s] Invoking command in '/home/yeap/APC_2022_Prac/airsimversion/autoware.ai/build/nmea_navsat': /usr/bin/cmake /home/yeap/APC_2022_Prac/airsimversion/autoware.ai/src/drivers/awf_drivers/nmea_navsat -DCMAKE_BUILD_TYPE=Release -DCATKIN_INSTALL_INTO_PREFIX_ROOT=0 -DCMAKE_INSTALL_PREFIX=/home/yeap/APC_2022_Prac/airsimversion/autoware.ai/install/nmea_navsat
[0.087s] -- The C compiler identification is GNU 7.5.0
[0.152s] -- The CXX compiler identification is GNU 7.5.0
[0.158s] -- Check for working C compiler: /usr/bin/cc
[0.233s] -- Check for working C compiler: /usr/bin/cc -- works
[0.233s] -- Detecting C compiler ABI info
[0.325s] -- Detecting C compiler ABI info - done
[0.334s] -- Detecting C compile features
[0.552s] -- Detecting C compile features - done
[0.557s] -- Check for working CXX compiler: /usr/bin/c++
[0.638s] -- Check for working CXX compiler: /usr/bin/c++ -- works
[0.640s] -- Detecting CXX compiler ABI info
[0.736s] -- Detecting CXX compiler ABI info - done
[0.742s] -- Detecting CXX compile features
[1.151s] -- Detecting CXX compile features - done
[1.154s] -- Using CATKIN_DEVEL_PREFIX: /home/yeap/APC_2022_Prac/airsimversion/autoware.ai/build/nmea_navsat/devel
[1.154s] -- Using CMAKE_PREFIX_PATH: /opt/ros/melodic
[1.154s] -- This workspace overlays: /opt/ros/melodic
[1.169s] -- Found PythonInterp: /usr/bin/python2 (found suitable version "2.7.17", minimum required is "2") 
[1.169s] -- Using PYTHON_EXECUTABLE: /usr/bin/python2
[1.169s] -- Using Debian Python package layout
[1.169s] -- Using empy: /usr/bin/empy
[1.364s] -- Using CATKIN_ENABLE_TESTING: ON
[1.364s] -- Call enable_testing()
[1.366s] -- Using CATKIN_TEST_RESULTS_DIR: /home/yeap/APC_2022_Prac/airsimversion/autoware.ai/build/nmea_navsat/test_results
[1.387s] -- Found gtest sources under '/usr/src/googletest': gtests will be built
[1.387s] -- Found gmock sources under '/usr/src/googletest': gmock will be built
[1.401s] -- Found PythonInterp: /usr/bin/python2 (found version "2.7.17") 
[1.402s] -- Looking for pthread.h
[1.475s] -- Looking for pthread.h - found
[1.475s] -- Looking for pthread_create
[1.551s] -- Looking for pthread_create - not found
[1.552s] -- Looking for pthread_create in pthreads
[1.619s] -- Looking for pthread_create in pthreads - not found
[1.620s] -- Looking for pthread_create in pthread
[1.695s] -- Looking for pthread_create in pthread - found
[1.701s] -- Found Threads: TRUE  
[1.701s] -- Using Python nosetests: /usr/bin/nosetests-2.7
[1.748s] -- catkin 0.7.29
[1.749s] -- BUILD_SHARED_LIBS is on
[1.975s] -- Configuring done
[1.986s] -- Generating done
[1.989s] -- Build files have been written to: /home/yeap/APC_2022_Prac/airsimversion/autoware.ai/build/nmea_navsat
[1.996s] Invoked command in '/home/yeap/APC_2022_Prac/airsimversion/autoware.ai/build/nmea_navsat' returned '0': /usr/bin/cmake /home/yeap/APC_2022_Prac/airsimversion/autoware.ai/src/drivers/awf_drivers/nmea_navsat -DCMAKE_BUILD_TYPE=Release -DCATKIN_INSTALL_INTO_PREFIX_ROOT=0 -DCMAKE_INSTALL_PREFIX=/home/yeap/APC_2022_Prac/airsimversion/autoware.ai/install/nmea_navsat
[1.998s] Invoking command in '/home/yeap/APC_2022_Prac/airsimversion/autoware.ai/build/nmea_navsat': /usr/bin/cmake --build /home/yeap/APC_2022_Prac/airsimversion/autoware.ai/build/nmea_navsat -- -j6 -l6
[2.056s] Invoked command in '/home/yeap/APC_2022_Prac/airsimversion/autoware.ai/build/nmea_navsat' returned '0': /usr/bin/cmake --build /home/yeap/APC_2022_Prac/airsimversion/autoware.ai/build/nmea_navsat -- -j6 -l6
[2.090s] Invoking command in '/home/yeap/APC_2022_Prac/airsimversion/autoware.ai/build/nmea_navsat': /usr/bin/cmake --build /home/yeap/APC_2022_Prac/airsimversion/autoware.ai/build/nmea_navsat --target tests -- -j6 -l6
[2.156s] [35m[1mScanning dependencies of target tests[0m
[2.169s] Built target tests
[2.197s] Invoked command in '/home/yeap/APC_2022_Prac/airsimversion/autoware.ai/build/nmea_navsat' returned '0': /usr/bin/cmake --build /home/yeap/APC_2022_Prac/airsimversion/autoware.ai/build/nmea_navsat --target tests -- -j6 -l6
[2.227s] Invoking command in '/home/yeap/APC_2022_Prac/airsimversion/autoware.ai/build/nmea_navsat': /usr/bin/cmake --build /home/yeap/APC_2022_Prac/airsimversion/autoware.ai/build/nmea_navsat --target install -- -j6 -l6
[2.281s] [36mInstall the project...[0m
[2.291s] -- Install configuration: "Release"
[2.291s] -- Installing: /home/yeap/APC_2022_Prac/airsimversion/autoware.ai/install/nmea_navsat/lib/pkgconfig/nmea_navsat.pc
[2.291s] -- Installing: /home/yeap/APC_2022_Prac/airsimversion/autoware.ai/install/nmea_navsat/share/nmea_navsat/cmake/nmea_navsatConfig.cmake
[2.291s] -- Installing: /home/yeap/APC_2022_Prac/airsimversion/autoware.ai/install/nmea_navsat/share/nmea_navsat/cmake/nmea_navsatConfig-version.cmake
[2.292s] -- Installing: /home/yeap/APC_2022_Prac/airsimversion/autoware.ai/install/nmea_navsat/share/nmea_navsat/package.xml
[2.292s] -- Installing: /home/yeap/APC_2022_Prac/airsimversion/autoware.ai/install/nmea_navsat/share/nmea_navsat/launch
[2.292s] -- Installing: /home/yeap/APC_2022_Prac/airsimversion/autoware.ai/install/nmea_navsat/share/nmea_navsat/launch/nmea_navsat.launch
[2.292s] -- Installing: /home/yeap/APC_2022_Prac/airsimversion/autoware.ai/install/nmea_navsat/share/nmea_navsat/launch/README.md
[2.297s] Invoked command in '/home/yeap/APC_2022_Prac/airsimversion/autoware.ai/build/nmea_navsat' returned '0': /usr/bin/cmake --build /home/yeap/APC_2022_Prac/airsimversion/autoware.ai/build/nmea_navsat --target install -- -j6 -l6
