[0.017s] Invoking command in '/home/yeap/APC_2022_Prac/airsimversion/autoware.ai/build/autoware_camera_lidar_calibrator': CMAKE_PREFIX_PATH=/home/yeap/APC_2022_Prac/airsimversion/autoware.ai/install/autoware_msgs:/home/yeap/APC_2022_Prac/airsimversion/autoware.ai/install/autoware_build_flags:${CMAKE_PREFIX_PATH} PKG_CONFIG_PATH=/home/yeap/APC_2022_Prac/airsimversion/autoware.ai/install/autoware_msgs/lib/x86_64-linux-gnu/pkgconfig:/home/yeap/APC_2022_Prac/airsimversion/autoware.ai/install/autoware_msgs/lib/pkgconfig:/home/yeap/APC_2022_Prac/airsimversion/autoware.ai/install/autoware_build_flags/lib/x86_64-linux-gnu/pkgconfig:/home/yeap/APC_2022_Prac/airsimversion/autoware.ai/install/autoware_build_flags/lib/pkgconfig:${PKG_CONFIG_PATH} PYTHONPATH=/home/yeap/APC_2022_Prac/airsimversion/autoware.ai/install/autoware_msgs/lib/python2.7/dist-packages:${PYTHONPATH} ROS_PACKAGE_PATH=/home/yeap/APC_2022_Prac/airsimversion/autoware.ai/install/autoware_msgs/share:/home/yeap/APC_2022_Prac/airsimversion/autoware.ai/install/autoware_build_flags/share:${ROS_PACKAGE_PATH} /usr/bin/cmake /home/yeap/APC_2022_Prac/airsimversion/autoware.ai/src/autoware/utilities/autoware_camera_lidar_calibrator -DCMAKE_BUILD_TYPE=Release -DCATKIN_INSTALL_INTO_PREFIX_ROOT=0 -DCMAKE_INSTALL_PREFIX=/home/yeap/APC_2022_Prac/airsimversion/autoware.ai/install/autoware_camera_lidar_calibrator
[0.090s] -- The C compiler identification is GNU 7.5.0
[0.154s] -- The CXX compiler identification is GNU 7.5.0
[0.160s] -- Check for working C compiler: /usr/bin/cc
[0.234s] -- Check for working C compiler: /usr/bin/cc -- works
[0.235s] -- Detecting C compiler ABI info
[0.311s] -- Detecting C compiler ABI info - done
[0.320s] -- Detecting C compile features
[0.564s] -- Detecting C compile features - done
[0.568s] -- Check for working CXX compiler: /usr/bin/c++
[0.651s] -- Check for working CXX compiler: /usr/bin/c++ -- works
[0.652s] -- Detecting CXX compiler ABI info
[0.737s] -- Detecting CXX compiler ABI info - done
[0.747s] -- Detecting CXX compile features
[1.148s] -- Detecting CXX compile features - done
[1.153s] -- Found PkgConfig: /usr/bin/pkg-config (found version "0.29.1") 
[1.155s] -- CUDA compilation status: .
[1.157s] -- Using CATKIN_DEVEL_PREFIX: /home/yeap/APC_2022_Prac/airsimversion/autoware.ai/build/autoware_camera_lidar_calibrator/devel
[1.157s] -- Using CMAKE_PREFIX_PATH: /home/yeap/APC_2022_Prac/airsimversion/autoware.ai/install/autoware_msgs;/home/yeap/APC_2022_Prac/airsimversion/autoware.ai/install/autoware_build_flags;/opt/ros/melodic
[1.158s] -- This workspace overlays: /home/yeap/APC_2022_Prac/airsimversion/autoware.ai/install/autoware_msgs;/home/yeap/APC_2022_Prac/airsimversion/autoware.ai/install/autoware_build_flags;/opt/ros/melodic
[1.173s] -- Found PythonInterp: /usr/bin/python2 (found suitable version "2.7.17", minimum required is "2") 
[1.174s] -- Using PYTHON_EXECUTABLE: /usr/bin/python2
[1.174s] -- Using Debian Python package layout
[1.175s] -- Using empy: /usr/bin/empy
[1.355s] -- Using CATKIN_ENABLE_TESTING: ON
[1.356s] -- Call enable_testing()
[1.358s] -- Using CATKIN_TEST_RESULTS_DIR: /home/yeap/APC_2022_Prac/airsimversion/autoware.ai/build/autoware_camera_lidar_calibrator/test_results
[1.383s] -- Found gtest sources under '/usr/src/googletest': gtests will be built
[1.383s] -- Found gmock sources under '/usr/src/googletest': gmock will be built
[1.402s] -- Found PythonInterp: /usr/bin/python2 (found version "2.7.17") 
[1.402s] -- Looking for pthread.h
[1.474s] -- Looking for pthread.h - found
[1.475s] -- Looking for pthread_create
[1.552s] -- Looking for pthread_create - not found
[1.553s] -- Looking for pthread_create in pthreads
[1.633s] -- Looking for pthread_create in pthreads - not found
[1.633s] -- Looking for pthread_create in pthread
[1.739s] -- Looking for pthread_create in pthread - found
[1.741s] -- Found Threads: TRUE  
[1.748s] -- Using Python nosetests: /usr/bin/nosetests-2.7
[1.795s] -- catkin 0.7.29
[1.796s] -- BUILD_SHARED_LIBS is on
[1.951s] -- Using these message generators: gencpp;geneus;genlisp;gennodejs;genpy
[3.003s] -- Found OpenCV: /usr (found version "3.2.0") 
[3.012s] -- Checking for module 'eigen3'
[3.029s] --   Found eigen3, version 3.3.4
[3.073s] -- Found eigen: /usr/include/eigen3  
[3.161s] -- Boost version: 1.65.1
[3.161s] -- Found the following Boost libraries:
[3.161s] --   system
[3.161s] --   filesystem
[3.161s] --   thread
[3.162s] --   date_time
[3.162s] --   iostreams
[3.162s] --   serialization
[3.162s] --   chrono
[3.162s] --   atomic
[3.162s] --   regex
[3.164s] -- Checking for module 'libopenni'
[3.185s] --   Found libopenni, version 1.5.4.0
[3.237s] -- Found openni: /usr/lib/libOpenNI.so  
[3.238s] -- Checking for module 'libopenni2'
[3.270s] --   Found libopenni2, version 2.2.0.3
[3.320s] -- Found OpenNI2: /usr/lib/libOpenNI2.so  
[3.329s] -- Could NOT find ensenso (missing: ENSENSO_LIBRARY ENSENSO_INCLUDE_DIR) 
[3.330s] ** WARNING ** io features related to ensenso will be disabled
[3.333s] -- Could NOT find DAVIDSDK (missing: DAVIDSDK_LIBRARY DAVIDSDK_INCLUDE_DIR) 
[3.334s] ** WARNING ** io features related to davidSDK will be disabled
[3.335s] -- Could NOT find DSSDK (missing: _DSSDK_LIBRARIES) 
[3.336s] ** WARNING ** io features related to dssdk will be disabled
[3.336s] ** WARNING ** io features related to pcap will be disabled
[3.337s] ** WARNING ** io features related to png will be disabled
[3.411s] -- The imported target "vtkRenderingPythonTkWidgets" references the file
[3.411s]    "/usr/lib/x86_64-linux-gnu/libvtkRenderingPythonTkWidgets.so"
[3.411s] but this file does not exist.  Possible reasons include:
[3.411s] * The file was deleted, renamed, or moved to another location.
[3.411s] * An install or uninstall procedure did not complete successfully.
[3.411s] * The installation package was faulty and contained
[3.411s]    "/usr/lib/cmake/vtk-6.3/VTKTargets.cmake"
[3.411s] but not all the files it references.
[3.411s] 
[3.411s] -- The imported target "vtk" references the file
[3.411s]    "/usr/bin/vtk"
[3.412s] but this file does not exist.  Possible reasons include:
[3.412s] * The file was deleted, renamed, or moved to another location.
[3.412s] * An install or uninstall procedure did not complete successfully.
[3.412s] * The installation package was faulty and contained
[3.412s]    "/usr/lib/cmake/vtk-6.3/VTKTargets.cmake"
[3.412s] but not all the files it references.
[3.412s] 
[3.486s] -- Found libusb-1.0: /usr/include  
[3.486s] ** WARNING ** io features related to libusb-1.0 will be disabled
[3.486s] -- Checking for module 'flann'
[3.506s] --   Found flann, version 1.9.1
[3.557s] -- Found Flann: /usr/lib/x86_64-linux-gnu/libflann_cpp_s.a  
[3.609s] -- Could NOT find ensenso (missing: ENSENSO_LIBRARY ENSENSO_INCLUDE_DIR) 
[3.610s] ** WARNING ** visualization features related to ensenso will be disabled
[3.613s] -- Could NOT find DAVIDSDK (missing: DAVIDSDK_LIBRARY DAVIDSDK_INCLUDE_DIR) 
[3.614s] ** WARNING ** visualization features related to davidSDK will be disabled
[3.615s] -- Could NOT find DSSDK (missing: _DSSDK_LIBRARIES) 
[3.615s] ** WARNING ** visualization features related to dssdk will be disabled
[3.616s] -- Could NOT find RSSDK (missing: _RSSDK_LIBRARIES) 
[3.616s] ** WARNING ** visualization features related to rssdk will be disabled
[3.658s] -- Found qhull: /usr/lib/x86_64-linux-gnu/libqhull.so  
[3.699s] -- looking for PCL_COMMON
[3.701s] -- Found PCL_COMMON: /usr/lib/x86_64-linux-gnu/libpcl_common.so  
[3.701s] -- looking for PCL_OCTREE
[3.703s] -- Found PCL_OCTREE: /usr/lib/x86_64-linux-gnu/libpcl_octree.so  
[3.703s] -- looking for PCL_IO
[3.705s] -- Found PCL_IO: /usr/lib/x86_64-linux-gnu/libpcl_io.so  
[3.705s] -- looking for PCL_KDTREE
[3.707s] -- Found PCL_KDTREE: /usr/lib/x86_64-linux-gnu/libpcl_kdtree.so  
[3.707s] -- looking for PCL_SEARCH
[3.709s] -- Found PCL_SEARCH: /usr/lib/x86_64-linux-gnu/libpcl_search.so  
[3.710s] -- looking for PCL_SAMPLE_CONSENSUS
[3.712s] -- Found PCL_SAMPLE_CONSENSUS: /usr/lib/x86_64-linux-gnu/libpcl_sample_consensus.so  
[3.712s] -- looking for PCL_FILTERS
[3.714s] -- Found PCL_FILTERS: /usr/lib/x86_64-linux-gnu/libpcl_filters.so  
[3.715s] -- looking for PCL_2D
[3.716s] -- Found PCL_2D: /usr/include/pcl-1.8  
[3.716s] -- looking for PCL_GEOMETRY
[3.717s] -- Found PCL_GEOMETRY: /usr/include/pcl-1.8  
[3.717s] -- looking for PCL_FEATURES
[3.719s] -- Found PCL_FEATURES: /usr/lib/x86_64-linux-gnu/libpcl_features.so  
[3.720s] -- looking for PCL_ML
[3.722s] -- Found PCL_ML: /usr/lib/x86_64-linux-gnu/libpcl_ml.so  
[3.722s] -- looking for PCL_SEGMENTATION
[3.724s] -- Found PCL_SEGMENTATION: /usr/lib/x86_64-linux-gnu/libpcl_segmentation.so  
[3.725s] -- looking for PCL_VISUALIZATION
[3.727s] -- Found PCL_VISUALIZATION: /usr/lib/x86_64-linux-gnu/libpcl_visualization.so  
[3.728s] -- looking for PCL_SURFACE
[3.730s] -- Found PCL_SURFACE: /usr/lib/x86_64-linux-gnu/libpcl_surface.so  
[3.730s] -- looking for PCL_REGISTRATION
[3.732s] -- Found PCL_REGISTRATION: /usr/lib/x86_64-linux-gnu/libpcl_registration.so  
[3.733s] -- looking for PCL_KEYPOINTS
[3.738s] -- Found PCL_KEYPOINTS: /usr/lib/x86_64-linux-gnu/libpcl_keypoints.so  
[3.738s] -- looking for PCL_TRACKING
[3.743s] -- Found PCL_TRACKING: /usr/lib/x86_64-linux-gnu/libpcl_tracking.so  
[3.744s] -- looking for PCL_RECOGNITION
[3.744s] -- Found PCL_RECOGNITION: /usr/lib/x86_64-linux-gnu/libpcl_recognition.so  
[3.744s] -- looking for PCL_STEREO
[3.744s] -- Found PCL_STEREO: /usr/lib/x86_64-linux-gnu/libpcl_stereo.so  
[3.744s] -- looking for PCL_APPS
[3.746s] -- Found PCL_APPS: /usr/lib/x86_64-linux-gnu/libpcl_apps.so  
[3.749s] -- looking for PCL_IN_HAND_SCANNER
[3.750s] -- Found PCL_IN_HAND_SCANNER: /usr/include/pcl-1.8  
[3.750s] -- looking for PCL_MODELER
[3.751s] -- Found PCL_MODELER: /usr/include/pcl-1.8  
[3.751s] -- looking for PCL_POINT_CLOUD_EDITOR
[3.752s] -- Found PCL_POINT_CLOUD_EDITOR: /usr/include/pcl-1.8  
[3.752s] -- looking for PCL_OUTOFCORE
[3.755s] -- Found PCL_OUTOFCORE: /usr/lib/x86_64-linux-gnu/libpcl_outofcore.so  
[3.755s] -- looking for PCL_PEOPLE
[3.757s] -- Found PCL_PEOPLE: /usr/lib/x86_64-linux-gnu/libpcl_people.so  
[3.786s] -- Found PCL: /usr/lib/x86_64-linux-gnu/libboost_system.so;/usr/lib/x86_64-linux-gnu/libboost_filesystem.so;/usr/lib/x86_64-linux-gnu/libboost_thread.so;/usr/lib/x86_64-linux-gnu/libboost_date_time.so;/usr/lib/x86_64-linux-gnu/libboost_iostreams.so;/usr/lib/x86_64-linux-gnu/libboost_serialization.so;/usr/lib/x86_64-linux-gnu/libboost_chrono.so;/usr/lib/x86_64-linux-gnu/libboost_atomic.so;/usr/lib/x86_64-linux-gnu/libboost_regex.so;/usr/lib/x86_64-linux-gnu/libpthread.so;optimized;/usr/lib/x86_64-linux-gnu/libpcl_common.so;debug;/usr/lib/x86_64-linux-gnu/libpcl_common.so;optimized;/usr/lib/x86_64-linux-gnu/libpcl_octree.so;debug;/usr/lib/x86_64-linux-gnu/libpcl_octree.so;/usr/lib/libOpenNI.so;/usr/lib/libOpenNI2.so;vtkChartsCore;vtkCommonColor;vtkCommonDataModel;vtkCommonMath;vtkCommonCore;vtksys;vtkCommonMisc;vtkCommonSystem;vtkCommonTransforms;vtkInfovisCore;vtkFiltersExtraction;vtkCommonExecutionModel;vtkFiltersCore;vtkFiltersGeneral;vtkCommonComputationalGeometry;vtkFiltersStatistics;vtkImagingFourier;vtkImagingCore;vtkalglib;vtkRenderingContext2D;vtkRenderingCore;vtkFiltersGeometry;vtkFiltersSources;vtkRenderingFreeType;/usr/lib/x86_64-linux-gnu/libfreetype.so;/usr/lib/x86_64-linux-gnu/libz.so;vtkftgl;vtkDICOMParser;vtkDomainsChemistry;vtkIOXML;vtkIOGeometry;vtkIOCore;vtkIOXMLParser;/usr/lib/x86_64-linux-gnu/libexpat.so;vtkFiltersAMR;vtkParallelCore;vtkIOLegacy;vtkFiltersFlowPaths;vtkFiltersGeneric;vtkFiltersHybrid;vtkImagingSources;vtkFiltersHyperTree;vtkFiltersImaging;vtkImagingGeneral;vtkFiltersModeling;vtkFiltersParallel;vtkFiltersParallelFlowPaths;vtkParallelMPI;vtkFiltersParallelGeometry;vtkFiltersParallelImaging;vtkFiltersParallelMPI;vtkFiltersParallelStatistics;vtkFiltersProgrammable;vtkFiltersPython;/usr/lib/x86_64-linux-gnu/libpython2.7.so;vtkWrappingPythonCore;vtkWrappingTools;vtkFiltersReebGraph;vtkFiltersSMP;vtkFiltersSelection;vtkFiltersTexture;vtkFiltersVerdict;verdict;vtkGUISupportQt;vtkInteractionStyle;vtkRenderingOpenGL;vtkImagingHybrid;vtkIOImage;vtkmetaio;/usr/lib/x86_64-linux-gnu/libjpeg.so;/usr/lib/x86_64-linux-gnu/libpng.so;/usr/lib/x86_64-linux-gnu/libtiff.so;vtkGUISupportQtOpenGL;vtkGUISupportQtSQL;vtkIOSQL;sqlite3;vtkGUISupportQtWebkit;vtkViewsQt;vtkViewsInfovis;vtkInfovisLayout;vtkInfovisBoostGraphAlgorithms;vtkRenderingLabel;vtkViewsCore;vtkInteractionWidgets;vtkRenderingAnnotation;vtkImagingColor;vtkRenderingVolume;vtkGeovisCore;/usr/lib/x86_64-linux-gnu/libproj.so;vtkIOAMR;/usr/lib/x86_64-linux-gnu/hdf5/openmpi/libhdf5.so;/usr/lib/x86_64-linux-gnu/libsz.so;/usr/lib/x86_64-linux-gnu/libdl.so;/usr/lib/x86_64-linux-gnu/libm.so;/usr/lib/x86_64-linux-gnu/openmpi/lib/libmpi.so;vtkIOEnSight;vtkIOExodus;vtkexoIIc;/usr/lib/x86_64-linux-gnu/libnetcdf_c++.so;/usr/lib/x86_64-linux-gnu/libnetcdf.so;vtkIOExport;vtkRenderingGL2PS;vtkRenderingContextOpenGL;/usr/lib/x86_64-linux-gnu/libgl2ps.so;vtkIOFFMPEG;vtkIOMovie;/usr/lib/x86_64-linux-gnu/libtheoraenc.so;/usr/lib/x86_64-linux-gnu/libtheoradec.so;/usr/lib/x86_64-linux-gnu/libogg.so;vtkIOGDAL;vtkIOGeoJSON;vtkIOImport;vtkIOInfovis;/usr/lib/x86_64-linux-gnu/libxml2.so;vtkIOLSDyna;vtkIOMINC;vtkIOMPIImage;vtkIOMPIParallel;vtkIOParallel;vtkIONetCDF;/usr/lib/x86_64-linux-gnu/libjsoncpp.so;vtkIOMySQL;vtkIOODBC;vtkIOPLY;vtkIOParallelExodus;vtkIOParallelLSDyna;vtkIOParallelNetCDF;vtkIOParallelXML;vtkIOPostgreSQL;vtkIOVPIC;VPIC;vtkIOVideo;vtkIOXdmf2;vtkxdmf2;vtkImagingMath;vtkImagingMorphological;vtkImagingStatistics;vtkImagingStencil;vtkInteractionImage;vtkLocalExample;vtkParallelMPI4Py;vtkPythonInterpreter;vtkRenderingExternal;vtkRenderingFreeTypeFontConfig;vtkRenderingImage;vtkRenderingLIC;vtkRenderingLOD;vtkRenderingMatplotlib;vtkRenderingParallel;vtkRenderingParallelLIC;vtkRenderingQt;vtkRenderingVolumeAMR;vtkRenderingVolumeOpenGL;vtkTestingGenericBridge;vtkTestingIOSQL;vtkTestingRendering;vtkViewsContext2D;vtkViewsGeovis;vtkWrappingJava;optimized;/usr/lib/x86_64-linux-gnu/libpcl_io.so;debug;/usr/lib/x86_64-linux-gnu/libpcl_io.so;optimized;/usr/lib/x86_64-linux-gnu/libflann_cpp_s.a;debug;/usr/lib/x86_64-linux-gnu/libflann_cpp_s.a;optimized;/usr/lib/x86_64-linux-gnu/libpcl_kdtree.so;debug;/usr/lib/x86_64-linux-gnu/libpcl_kdtree.so;optimized;/usr/lib/x86_64-linux-gnu/libpcl_search.so;debug;/usr/lib/x86_64-linux-gnu/libpcl_search.so;optimized;/usr/lib/x86_64-linux-gnu/libpcl_sample_consensus.so;debug;/usr/lib/x86_64-linux-gnu/libpcl_sample_consensus.so;optimized;/usr/lib/x86_64-linux-gnu/libpcl_filters.so;debug;/usr/lib/x86_64-linux-gnu/libpcl_filters.so;optimized;/usr/lib/x86_64-linux-gnu/libpcl_features.so;debug;/usr/lib/x86_64-linux-gnu/libpcl_features.so;optimized;/usr/lib/x86_64-linux-gnu/libpcl_ml.so;debug;/usr/lib/x86_64-linux-gnu/libpcl_ml.so;optimized;/usr/lib/x86_64-linux-gnu/libpcl_segmentation.so;debug;/usr/lib/x86_64-linux-gnu/libpcl_segmentation.so;optimized;/usr/lib/x86_64-linux-gnu/libpcl_visualization.so;debug;/usr/lib/x86_64-linux-gnu/libpcl_visualization.so;optimized;/usr/lib/x86_64-linux-gnu/libqhull.so;debug;/usr/lib/x86_64-linux-gnu/libqhull.so;optimized;/usr/lib/x86_64-linux-gnu/libpcl_surface.so;debug;/usr/lib/x86_64-linux-gnu/libpcl_surface.so;optimized;/usr/lib/x86_64-linux-gnu/libpcl_registration.so;debug;/usr/lib/x86_64-linux-gnu/libpcl_registration.so;optimized;/usr/lib/x86_64-linux-gnu/libpcl_keypoints.so;debug;/usr/lib/x86_64-linux-gnu/libpcl_keypoints.so;optimized;/usr/lib/x86_64-linux-gnu/libpcl_tracking.so;debug;/usr/lib/x86_64-linux-gnu/libpcl_tracking.so;optimized;/usr/lib/x86_64-linux-gnu/libpcl_recognition.so;debug;/usr/lib/x86_64-linux-gnu/libpcl_recognition.so;optimized;/usr/lib/x86_64-linux-gnu/libpcl_stereo.so;debug;/usr/lib/x86_64-linux-gnu/libpcl_stereo.so;optimized;/usr/lib/x86_64-linux-gnu/libpcl_apps.so;debug;/usr/lib/x86_64-linux-gnu/libpcl_apps.so;optimized;/usr/lib/x86_64-linux-gnu/libpcl_outofcore.so;debug;/usr/lib/x86_64-linux-gnu/libpcl_outofcore.so;optimized;/usr/lib/x86_64-linux-gnu/libpcl_people.so;debug;/usr/lib/x86_64-linux-gnu/libpcl_people.so;/usr/lib/x86_64-linux-gnu/libboost_system.so;/usr/lib/x86_64-linux-gnu/libboost_filesystem.so;/usr/lib/x86_64-linux-gnu/libboost_thread.so;/usr/lib/x86_64-linux-gnu/libboost_date_time.so;/usr/lib/x86_64-linux-gnu/libboost_iostreams.so;/usr/lib/x86_64-linux-gnu/libboost_serialization.so;/usr/lib/x86_64-linux-gnu/libboost_chrono.so;/usr/lib/x86_64-linux-gnu/libboost_atomic.so;/usr/lib/x86_64-linux-gnu/libboost_regex.so;/usr/lib/x86_64-linux-gnu/libpthread.so;optimized;/usr/lib/x86_64-linux-gnu/libqhull.so;debug;/usr/lib/x86_64-linux-gnu/libqhull.so;/usr/lib/libOpenNI.so;/usr/lib/libOpenNI2.so;optimized;/usr/lib/x86_64-linux-gnu/libflann_cpp_s.a;debug;/usr/lib/x86_64-linux-gnu/libflann_cpp_s.a;vtkChartsCore;vtkCommonColor;vtkCommonDataModel;vtkCommonMath;vtkCommonCore;vtksys;vtkCommonMisc;vtkCommonSystem;vtkCommonTransforms;vtkInfovisCore;vtkFiltersExtraction;vtkCommonExecutionModel;vtkFiltersCore;vtkFiltersGeneral;vtkCommonComputationalGeometry;vtkFiltersStatistics;vtkImagingFourier;vtkImagingCore;vtkalglib;vtkRenderingContext2D;vtkRenderingCore;vtkFiltersGeometry;vtkFiltersSources;vtkRenderingFreeType;/usr/lib/x86_64-linux-gnu/libfreetype.so;/usr/lib/x86_64-linux-gnu/libz.so;vtkftgl;vtkDICOMParser;vtkDomainsChemistry;vtkIOXML;vtkIOGeometry;vtkIOCore;vtkIOXMLParser;/usr/lib/x86_64-linux-gnu/libexpat.so;vtkFiltersAMR;vtkParallelCore;vtkIOLegacy;vtkFiltersFlowPaths;vtkFiltersGeneric;vtkFiltersHybrid;vtkImagingSources;vtkFiltersHyperTree;vtkFiltersImaging;vtkImagingGeneral;vtkFiltersModeling;vtkFiltersParallel;vtkFiltersParallelFlowPaths;vtkParallelMPI;vtkFiltersParallelGeometry;vtkFiltersParallelImaging;vtkFiltersParallelMPI;vtkFiltersParallelStatistics;vtkFiltersProgrammable;vtkFiltersPython;/usr/lib/x86_64-linux-gnu/libpython2.7.so;vtkWrappingPythonCore;vtkWrappingTools;vtkFiltersReebGraph;vtkFiltersSMP;vtkFiltersSelection;vtkFiltersTexture;vtkFiltersVerdict;verdict;vtkGUISupportQt;vtkInteractionStyle;vtkRenderingOpenGL;vtkImagingHybrid;vtkIOImage;vtkmetaio;/usr/lib/x86_64-linux-gnu/libjpeg.so;/usr/lib/x86_64-linux-gnu/libpng.so;/usr/lib/x86_64-linux-gnu/libtiff.so;vtkGUISupportQtOpenGL;vtkGUISupportQtSQL;vtkIOSQL;sqlite3;vtkGUISupportQtWebkit;vtkViewsQt;vtkViewsInfovis;vtkInfovisLayout;vtkInfovisBoostGraphAlgorithms;vtkRenderingLabel;vtkViewsCore;vtkInteractionWidgets;vtkRenderingAnnotation;vtkImagingColor;vtkRenderingVolume;vtkGeovisCore;/usr/lib/x86_64-linux-gnu/libproj.so;vtkIOAMR;/usr/lib/x86_64-linux-gnu/hdf5/openmpi/libhdf5.so;/usr/lib/x86_64-linux-gnu/libsz.so;/usr/lib/x86_64-linux-gnu/libdl.so;/usr/lib/x86_64-linux-gnu/libm.so;/usr/lib/x86_64-linux-gnu/openmpi/lib/libmpi.so;vtkIOEnSight;vtkIOExodus;vtkexoIIc;/usr/lib/x86_64-linux-gnu/libnetcdf_c++.so;/usr/lib/x86_64-linux-gnu/libnetcdf.so;vtkIOExport;vtkRenderingGL2PS;vtkRenderingContextOpenGL;/usr/lib/x86_64-linux-gnu/libgl2ps.so;vtkIOFFMPEG;vtkIOMovie;/usr/lib/x86_64-linux-gnu/libtheoraenc.so;/usr/lib/x86_64-linux-gnu/libtheoradec.so;/usr/lib/x86_64-linux-gnu/libogg.so;vtkIOGDAL;vtkIOGeoJSON;vtkIOImport;vtkIOInfovis;/usr/lib/x86_64-linux-gnu/libxml2.so;vtkIOLSDyna;vtkIOMINC;vtkIOMPIImage;vtkIOMPIParallel;vtkIOParallel;vtkIONetCDF;/usr/lib/x86_64-linux-gnu/libjsoncpp.so;vtkIOMySQL;vtkIOODBC;vtkIOPLY;vtkIOParallelExodus;vtkIOParallelLSDyna;vtkIOParallelNetCDF;vtkIOParallelXML;vtkIOPostgreSQL;vtkIOVPIC;VPIC;vtkIOVideo;vtkIOXdmf2;vtkxdmf2;vtkImagingMath;vtkImagingMorphological;vtkImagingStatistics;vtkImagingStencil;vtkInteractionImage;vtkLocalExample;vtkParallelMPI4Py;vtkPythonInterpreter;vtkRenderingExternal;vtkRenderingFreeTypeFontConfig;vtkRenderingImage;vtkRenderingLIC;vtkRenderingLOD;vtkRenderingMatplotlib;vtkRenderingParallel;vtkRenderingParallelLIC;vtkRenderingQt;vtkRenderingVolumeAMR;vtkRenderingVolumeOpenGL;vtkTestingGenericBridge;vtkTestingIOSQL;vtkTestingRendering;vtkViewsContext2D;vtkViewsGeovis;vtkWrappingJava  
[4.305s] -- Configuring done
[4.446s] -- Generating done
[4.460s] -- Build files have been written to: /home/yeap/APC_2022_Prac/airsimversion/autoware.ai/build/autoware_camera_lidar_calibrator
[4.473s] Invoked command in '/home/yeap/APC_2022_Prac/airsimversion/autoware.ai/build/autoware_camera_lidar_calibrator' returned '0': CMAKE_PREFIX_PATH=/home/yeap/APC_2022_Prac/airsimversion/autoware.ai/install/autoware_msgs:/home/yeap/APC_2022_Prac/airsimversion/autoware.ai/install/autoware_build_flags:${CMAKE_PREFIX_PATH} PKG_CONFIG_PATH=/home/yeap/APC_2022_Prac/airsimversion/autoware.ai/install/autoware_msgs/lib/x86_64-linux-gnu/pkgconfig:/home/yeap/APC_2022_Prac/airsimversion/autoware.ai/install/autoware_msgs/lib/pkgconfig:/home/yeap/APC_2022_Prac/airsimversion/autoware.ai/install/autoware_build_flags/lib/x86_64-linux-gnu/pkgconfig:/home/yeap/APC_2022_Prac/airsimversion/autoware.ai/install/autoware_build_flags/lib/pkgconfig:${PKG_CONFIG_PATH} PYTHONPATH=/home/yeap/APC_2022_Prac/airsimversion/autoware.ai/install/autoware_msgs/lib/python2.7/dist-packages:${PYTHONPATH} ROS_PACKAGE_PATH=/home/yeap/APC_2022_Prac/airsimversion/autoware.ai/install/autoware_msgs/share:/home/yeap/APC_2022_Prac/airsimversion/autoware.ai/install/autoware_build_flags/share:${ROS_PACKAGE_PATH} /usr/bin/cmake /home/yeap/APC_2022_Prac/airsimversion/autoware.ai/src/autoware/utilities/autoware_camera_lidar_calibrator -DCMAKE_BUILD_TYPE=Release -DCATKIN_INSTALL_INTO_PREFIX_ROOT=0 -DCMAKE_INSTALL_PREFIX=/home/yeap/APC_2022_Prac/airsimversion/autoware.ai/install/autoware_camera_lidar_calibrator
[4.477s] Invoking command in '/home/yeap/APC_2022_Prac/airsimversion/autoware.ai/build/autoware_camera_lidar_calibrator': CMAKE_PREFIX_PATH=/home/yeap/APC_2022_Prac/airsimversion/autoware.ai/install/autoware_msgs:/home/yeap/APC_2022_Prac/airsimversion/autoware.ai/install/autoware_build_flags:${CMAKE_PREFIX_PATH} PKG_CONFIG_PATH=/home/yeap/APC_2022_Prac/airsimversion/autoware.ai/install/autoware_msgs/lib/x86_64-linux-gnu/pkgconfig:/home/yeap/APC_2022_Prac/airsimversion/autoware.ai/install/autoware_msgs/lib/pkgconfig:/home/yeap/APC_2022_Prac/airsimversion/autoware.ai/install/autoware_build_flags/lib/x86_64-linux-gnu/pkgconfig:/home/yeap/APC_2022_Prac/airsimversion/autoware.ai/install/autoware_build_flags/lib/pkgconfig:${PKG_CONFIG_PATH} PYTHONPATH=/home/yeap/APC_2022_Prac/airsimversion/autoware.ai/install/autoware_msgs/lib/python2.7/dist-packages:${PYTHONPATH} ROS_PACKAGE_PATH=/home/yeap/APC_2022_Prac/airsimversion/autoware.ai/install/autoware_msgs/share:/home/yeap/APC_2022_Prac/airsimversion/autoware.ai/install/autoware_build_flags/share:${ROS_PACKAGE_PATH} /usr/bin/cmake --build /home/yeap/APC_2022_Prac/airsimversion/autoware.ai/build/autoware_camera_lidar_calibrator -- -j6 -l6
[4.539s] [35m[1mScanning dependencies of target std_srvs_generate_messages_lisp[0m
[4.560s] [  0%] Built target std_srvs_generate_messages_lisp
[4.572s] [35m[1mScanning dependencies of target actionlib_generate_messages_py[0m
[4.584s] [  0%] Built target actionlib_generate_messages_py
[4.597s] [35m[1mScanning dependencies of target actionlib_generate_messages_cpp[0m
[4.615s] [  0%] Built target actionlib_generate_messages_cpp
[4.629s] [35m[1mScanning dependencies of target tf_generate_messages_nodejs[0m
[4.640s] [  0%] Built target tf_generate_messages_nodejs
[4.658s] [35m[1mScanning dependencies of target tf_generate_messages_lisp[0m
[4.672s] [  0%] Built target tf_generate_messages_lisp
[4.684s] [35m[1mScanning dependencies of target topic_tools_generate_messages_nodejs[0m
[4.697s] [  0%] Built target topic_tools_generate_messages_nodejs
[4.709s] [35m[1mScanning dependencies of target topic_tools_generate_messages_eus[0m
[4.722s] [  0%] Built target topic_tools_generate_messages_eus
[4.735s] [35m[1mScanning dependencies of target topic_tools_generate_messages_cpp[0m
[4.747s] [  0%] Built target topic_tools_generate_messages_cpp
[4.760s] [35m[1mScanning dependencies of target std_srvs_generate_messages_py[0m
[4.772s] [  0%] Built target std_srvs_generate_messages_py
[4.783s] [35m[1mScanning dependencies of target geometry_msgs_generate_messages_py[0m
[4.795s] [  0%] Built target geometry_msgs_generate_messages_py
[4.806s] [35m[1mScanning dependencies of target sensor_msgs_generate_messages_nodejs[0m
[4.818s] [  0%] Built target sensor_msgs_generate_messages_nodejs
[4.831s] [35m[1mScanning dependencies of target roscpp_generate_messages_cpp[0m
[4.849s] [  0%] Built target roscpp_generate_messages_cpp
[4.860s] [35m[1mScanning dependencies of target pcl_msgs_generate_messages_eus[0m
[4.872s] [  0%] Built target pcl_msgs_generate_messages_eus
[4.884s] [35m[1mScanning dependencies of target rosgraph_msgs_generate_messages_eus[0m
[4.895s] [  0%] Built target rosgraph_msgs_generate_messages_eus
[4.907s] [35m[1mScanning dependencies of target jsk_recognition_msgs_generate_messages_lisp[0m
[4.919s] [  0%] Built target jsk_recognition_msgs_generate_messages_lisp
[4.931s] [35m[1mScanning dependencies of target jsk_recognition_msgs_generate_messages_eus[0m
[4.951s] [  0%] Built target jsk_recognition_msgs_generate_messages_eus
[4.962s] [35m[1mScanning dependencies of target std_msgs_generate_messages_py[0m
[4.973s] [  0%] Built target std_msgs_generate_messages_py
[4.986s] [35m[1mScanning dependencies of target std_msgs_generate_messages_nodejs[0m
[5.000s] [  0%] Built target std_msgs_generate_messages_nodejs
[5.012s] [35m[1mScanning dependencies of target bond_generate_messages_lisp[0m
[5.027s] [  0%] Built target bond_generate_messages_lisp
[5.041s] [35m[1mScanning dependencies of target sensor_msgs_generate_messages_eus[0m
[5.054s] [  0%] Built target sensor_msgs_generate_messages_eus
[5.067s] [35m[1mScanning dependencies of target sensor_msgs_generate_messages_cpp[0m
[5.080s] [  0%] Built target sensor_msgs_generate_messages_cpp
[5.093s] [35m[1mScanning dependencies of target autoware_msgs_generate_messages_cpp[0m
[5.106s] [  0%] Built target autoware_msgs_generate_messages_cpp
[5.119s] [35m[1mScanning dependencies of target rosgraph_msgs_generate_messages_cpp[0m
[5.132s] [  0%] Built target rosgraph_msgs_generate_messages_cpp
[5.145s] [35m[1mScanning dependencies of target tf_generate_messages_py[0m
[5.158s] [  0%] Built target tf_generate_messages_py
[5.170s] [35m[1mScanning dependencies of target dynamic_reconfigure_generate_messages_cpp[0m
[5.182s] [  0%] Built target dynamic_reconfigure_generate_messages_cpp
[5.193s] [35m[1mScanning dependencies of target pcl_msgs_generate_messages_nodejs[0m
[5.205s] [  0%] Built target pcl_msgs_generate_messages_nodejs
[5.217s] [35m[1mScanning dependencies of target nodelet_generate_messages_nodejs[0m
[5.229s] [  0%] Built target nodelet_generate_messages_nodejs
[5.241s] [35m[1mScanning dependencies of target jsk_recognition_msgs_generate_messages_py[0m
[5.254s] [  0%] Built target jsk_recognition_msgs_generate_messages_py
[5.267s] [35m[1mScanning dependencies of target sensor_msgs_generate_messages_lisp[0m
[5.281s] [  0%] Built target sensor_msgs_generate_messages_lisp
[5.294s] [35m[1mScanning dependencies of target std_msgs_generate_messages_cpp[0m
[5.308s] [  0%] Built target std_msgs_generate_messages_cpp
[5.320s] [35m[1mScanning dependencies of target jsk_footstep_msgs_generate_messages_py[0m
[5.332s] [  0%] Built target jsk_footstep_msgs_generate_messages_py
[5.344s] [35m[1mScanning dependencies of target sensor_msgs_generate_messages_py[0m
[5.357s] [  0%] Built target sensor_msgs_generate_messages_py
[5.370s] [35m[1mScanning dependencies of target nodelet_generate_messages_py[0m
[5.383s] [  0%] Built target nodelet_generate_messages_py
[5.396s] [35m[1mScanning dependencies of target geometry_msgs_generate_messages_eus[0m
[5.411s] [  0%] Built target geometry_msgs_generate_messages_eus
[5.423s] [35m[1mScanning dependencies of target std_msgs_generate_messages_lisp[0m
[5.436s] [  0%] Built target std_msgs_generate_messages_lisp
[5.446s] [35m[1mScanning dependencies of target roscpp_generate_messages_nodejs[0m
[5.457s] [  0%] Built target roscpp_generate_messages_nodejs
[5.468s] [35m[1mScanning dependencies of target geometry_msgs_generate_messages_nodejs[0m
[5.479s] [  0%] Built target geometry_msgs_generate_messages_nodejs
[5.489s] [35m[1mScanning dependencies of target actionlib_generate_messages_eus[0m
[5.503s] [  0%] Built target actionlib_generate_messages_eus
[5.515s] [35m[1mScanning dependencies of target pcl_msgs_generate_messages_py[0m
[5.526s] [  0%] Built target pcl_msgs_generate_messages_py
[5.537s] [35m[1mScanning dependencies of target geometry_msgs_generate_messages_lisp[0m
[5.546s] [  0%] Built target geometry_msgs_generate_messages_lisp
[5.558s] [35m[1mScanning dependencies of target actionlib_generate_messages_lisp[0m
[5.570s] [  0%] Built target actionlib_generate_messages_lisp
[5.581s] [35m[1mScanning dependencies of target geometry_msgs_generate_messages_cpp[0m
[5.592s] [  0%] Built target geometry_msgs_generate_messages_cpp
[5.603s] [35m[1mScanning dependencies of target pcl_msgs_generate_messages_cpp[0m
[5.613s] [  0%] Built target pcl_msgs_generate_messages_cpp
[5.626s] [35m[1mScanning dependencies of target dynamic_reconfigure_generate_messages_lisp[0m
[5.636s] [  0%] Built target dynamic_reconfigure_generate_messages_lisp
[5.648s] [35m[1mScanning dependencies of target topic_tools_generate_messages_lisp[0m
[5.659s] [  0%] Built target topic_tools_generate_messages_lisp
[5.673s] [35m[1mScanning dependencies of target jsk_recognition_msgs_generate_messages_cpp[0m
[5.690s] [  0%] Built target jsk_recognition_msgs_generate_messages_cpp
[5.699s] [35m[1mScanning dependencies of target autoware_msgs_generate_messages_eus[0m
[5.713s] [  0%] Built target autoware_msgs_generate_messages_eus
[5.728s] [35m[1mScanning dependencies of target autoware_msgs_generate_messages_lisp[0m
[5.741s] [  0%] Built target autoware_msgs_generate_messages_lisp
[5.757s] [35m[1mScanning dependencies of target autoware_msgs_generate_messages_py[0m
[5.767s] [  0%] Built target autoware_msgs_generate_messages_py
[5.777s] [35m[1mScanning dependencies of target nodelet_generate_messages_lisp[0m
[5.792s] [  0%] Built target nodelet_generate_messages_lisp
[5.808s] [35m[1mScanning dependencies of target actionlib_generate_messages_nodejs[0m
[5.819s] [  0%] Built target actionlib_generate_messages_nodejs
[5.840s] [35m[1mScanning dependencies of target tf_generate_messages_cpp[0m
[5.849s] [  0%] Built target tf_generate_messages_cpp
[5.864s] [35m[1mScanning dependencies of target pcl_msgs_generate_messages_lisp[0m
[5.878s] [  0%] Built target pcl_msgs_generate_messages_lisp
[5.888s] [35m[1mScanning dependencies of target std_msgs_generate_messages_eus[0m
[5.900s] [  0%] Built target std_msgs_generate_messages_eus
[5.912s] [35m[1mScanning dependencies of target autoware_msgs_generate_messages_nodejs[0m
[5.923s] [  0%] Built target autoware_msgs_generate_messages_nodejs
[5.934s] [35m[1mScanning dependencies of target jsk_footstep_msgs_generate_messages_eus[0m
[5.948s] [  0%] Built target jsk_footstep_msgs_generate_messages_eus
[5.959s] [35m[1mScanning dependencies of target actionlib_msgs_generate_messages_py[0m
[5.970s] [  0%] Built target actionlib_msgs_generate_messages_py
[5.985s] [35m[1mScanning dependencies of target jsk_footstep_msgs_generate_messages_lisp[0m
[5.997s] [  0%] Built target jsk_footstep_msgs_generate_messages_lisp
[6.009s] [35m[1mScanning dependencies of target jsk_footstep_msgs_generate_messages_nodejs[0m
[6.020s] [  0%] Built target jsk_footstep_msgs_generate_messages_nodejs
[6.037s] [35m[1mScanning dependencies of target tf_generate_messages_eus[0m
[6.045s] [  0%] Built target tf_generate_messages_eus
[6.056s] [35m[1mScanning dependencies of target jsk_footstep_msgs_generate_messages_cpp[0m
[6.068s] [  0%] Built target jsk_footstep_msgs_generate_messages_cpp
[6.080s] [35m[1mScanning dependencies of target actionlib_msgs_generate_messages_cpp[0m
[6.091s] [  0%] Built target actionlib_msgs_generate_messages_cpp
[6.104s] [35m[1mScanning dependencies of target std_srvs_generate_messages_cpp[0m
[6.115s] [  0%] Built target std_srvs_generate_messages_cpp
[6.126s] [35m[1mScanning dependencies of target actionlib_msgs_generate_messages_lisp[0m
[6.138s] [  0%] Built target actionlib_msgs_generate_messages_lisp
[6.151s] [35m[1mScanning dependencies of target jsk_recognition_msgs_generate_messages_nodejs[0m
[6.163s] [  0%] Built target jsk_recognition_msgs_generate_messages_nodejs
[6.176s] [35m[1mScanning dependencies of target std_srvs_generate_messages_eus[0m
[6.188s] [  0%] Built target std_srvs_generate_messages_eus
[6.200s] [35m[1mScanning dependencies of target roscpp_generate_messages_lisp[0m
[6.212s] [  0%] Built target roscpp_generate_messages_lisp
[6.223s] [35m[1mScanning dependencies of target bond_generate_messages_eus[0m
[6.234s] [  0%] Built target bond_generate_messages_eus
[6.244s] [35m[1mScanning dependencies of target roscpp_generate_messages_py[0m
[6.256s] [  0%] Built target roscpp_generate_messages_py
[6.266s] [35m[1mScanning dependencies of target rosgraph_msgs_generate_messages_lisp[0m
[6.277s] [  0%] Built target rosgraph_msgs_generate_messages_lisp
[6.297s] [35m[1mScanning dependencies of target rosgraph_msgs_generate_messages_nodejs[0m
[6.310s] [  0%] Built target rosgraph_msgs_generate_messages_nodejs
[6.322s] [35m[1mScanning dependencies of target roscpp_generate_messages_eus[0m
[6.333s] [  0%] Built target roscpp_generate_messages_eus
[6.345s] [35m[1mScanning dependencies of target actionlib_msgs_generate_messages_eus[0m
[6.357s] [  0%] Built target actionlib_msgs_generate_messages_eus
[6.369s] [35m[1mScanning dependencies of target rosgraph_msgs_generate_messages_py[0m
[6.381s] [  0%] Built target rosgraph_msgs_generate_messages_py
[6.397s] [35m[1mScanning dependencies of target pcl_ros_gencfg[0m
[6.410s] [  0%] Built target pcl_ros_gencfg
[6.423s] [35m[1mScanning dependencies of target dynamic_reconfigure_generate_messages_eus[0m
[6.435s] [  0%] Built target dynamic_reconfigure_generate_messages_eus
[6.446s] [35m[1mScanning dependencies of target dynamic_reconfigure_generate_messages_nodejs[0m
[6.457s] [  0%] Built target dynamic_reconfigure_generate_messages_nodejs
[6.468s] [35m[1mScanning dependencies of target dynamic_reconfigure_generate_messages_py[0m
[6.479s] [  0%] Built target dynamic_reconfigure_generate_messages_py
[6.491s] [35m[1mScanning dependencies of target tf2_msgs_generate_messages_lisp[0m
[6.503s] [  0%] Built target tf2_msgs_generate_messages_lisp
[6.515s] [35m[1mScanning dependencies of target dynamic_reconfigure_gencfg[0m
[6.526s] [  0%] Built target dynamic_reconfigure_gencfg
[6.538s] [35m[1mScanning dependencies of target nodelet_generate_messages_cpp[0m
[6.550s] [  0%] Built target nodelet_generate_messages_cpp
[6.561s] [35m[1mScanning dependencies of target bond_generate_messages_py[0m
[6.572s] [  0%] Built target bond_generate_messages_py
[6.584s] [35m[1mScanning dependencies of target std_srvs_generate_messages_nodejs[0m
[6.595s] [  0%] Built target std_srvs_generate_messages_nodejs
[6.611s] [35m[1mScanning dependencies of target nodelet_generate_messages_eus[0m
[6.623s] [  0%] Built target nodelet_generate_messages_eus
[6.634s] [35m[1mScanning dependencies of target bond_generate_messages_cpp[0m
[6.645s] [  0%] Built target bond_generate_messages_cpp
[6.656s] [35m[1mScanning dependencies of target bond_generate_messages_nodejs[0m
[6.668s] [  0%] Built target bond_generate_messages_nodejs
[6.680s] [35m[1mScanning dependencies of target topic_tools_generate_messages_py[0m
[6.691s] [  0%] Built target topic_tools_generate_messages_py
[6.705s] [35m[1mScanning dependencies of target actionlib_msgs_generate_messages_nodejs[0m
[6.719s] [  0%] Built target actionlib_msgs_generate_messages_nodejs
[6.730s] [35m[1mScanning dependencies of target nodelet_topic_tools_gencfg[0m
[6.741s] [  0%] Built target nodelet_topic_tools_gencfg
[6.753s] [35m[1mScanning dependencies of target _catkin_empty_exported_target[0m
[6.764s] [  0%] Built target _catkin_empty_exported_target
[6.777s] [35m[1mScanning dependencies of target tf2_msgs_generate_messages_py[0m
[6.789s] [  0%] Built target tf2_msgs_generate_messages_py
[6.803s] [35m[1mScanning dependencies of target tf2_msgs_generate_messages_cpp[0m
[6.816s] [  0%] Built target tf2_msgs_generate_messages_cpp
[6.828s] [35m[1mScanning dependencies of target tf2_msgs_generate_messages_eus[0m
[6.840s] [  0%] Built target tf2_msgs_generate_messages_eus
[6.852s] [35m[1mScanning dependencies of target tf2_msgs_generate_messages_nodejs[0m
[6.864s] [  0%] Built target tf2_msgs_generate_messages_nodejs
[6.879s] [35m[1mScanning dependencies of target autoware_camera_lidar_calibration_node[0m
[6.958s] [ 50%] [32mBuilding CXX object CMakeFiles/autoware_camera_lidar_calibration_node.dir/src/autoware_camera_lidar_calibration/camera_lidar_calibration_node.cpp.o[0m
[16.626s] [100%] [32m[1mLinking CXX executable devel/lib/autoware_camera_lidar_calibrator/autoware_camera_lidar_calibration_node[0m
[18.568s] [100%] Built target autoware_camera_lidar_calibration_node
[18.582s] Invoked command in '/home/yeap/APC_2022_Prac/airsimversion/autoware.ai/build/autoware_camera_lidar_calibrator' returned '0': CMAKE_PREFIX_PATH=/home/yeap/APC_2022_Prac/airsimversion/autoware.ai/install/autoware_msgs:/home/yeap/APC_2022_Prac/airsimversion/autoware.ai/install/autoware_build_flags:${CMAKE_PREFIX_PATH} PKG_CONFIG_PATH=/home/yeap/APC_2022_Prac/airsimversion/autoware.ai/install/autoware_msgs/lib/x86_64-linux-gnu/pkgconfig:/home/yeap/APC_2022_Prac/airsimversion/autoware.ai/install/autoware_msgs/lib/pkgconfig:/home/yeap/APC_2022_Prac/airsimversion/autoware.ai/install/autoware_build_flags/lib/x86_64-linux-gnu/pkgconfig:/home/yeap/APC_2022_Prac/airsimversion/autoware.ai/install/autoware_build_flags/lib/pkgconfig:${PKG_CONFIG_PATH} PYTHONPATH=/home/yeap/APC_2022_Prac/airsimversion/autoware.ai/install/autoware_msgs/lib/python2.7/dist-packages:${PYTHONPATH} ROS_PACKAGE_PATH=/home/yeap/APC_2022_Prac/airsimversion/autoware.ai/install/autoware_msgs/share:/home/yeap/APC_2022_Prac/airsimversion/autoware.ai/install/autoware_build_flags/share:${ROS_PACKAGE_PATH} /usr/bin/cmake --build /home/yeap/APC_2022_Prac/airsimversion/autoware.ai/build/autoware_camera_lidar_calibrator -- -j6 -l6
[18.720s] Invoking command in '/home/yeap/APC_2022_Prac/airsimversion/autoware.ai/build/autoware_camera_lidar_calibrator': CMAKE_PREFIX_PATH=/home/yeap/APC_2022_Prac/airsimversion/autoware.ai/install/autoware_msgs:/home/yeap/APC_2022_Prac/airsimversion/autoware.ai/install/autoware_build_flags:${CMAKE_PREFIX_PATH} PKG_CONFIG_PATH=/home/yeap/APC_2022_Prac/airsimversion/autoware.ai/install/autoware_msgs/lib/x86_64-linux-gnu/pkgconfig:/home/yeap/APC_2022_Prac/airsimversion/autoware.ai/install/autoware_msgs/lib/pkgconfig:/home/yeap/APC_2022_Prac/airsimversion/autoware.ai/install/autoware_build_flags/lib/x86_64-linux-gnu/pkgconfig:/home/yeap/APC_2022_Prac/airsimversion/autoware.ai/install/autoware_build_flags/lib/pkgconfig:${PKG_CONFIG_PATH} PYTHONPATH=/home/yeap/APC_2022_Prac/airsimversion/autoware.ai/install/autoware_msgs/lib/python2.7/dist-packages:${PYTHONPATH} ROS_PACKAGE_PATH=/home/yeap/APC_2022_Prac/airsimversion/autoware.ai/install/autoware_msgs/share:/home/yeap/APC_2022_Prac/airsimversion/autoware.ai/install/autoware_build_flags/share:${ROS_PACKAGE_PATH} /usr/bin/cmake --build /home/yeap/APC_2022_Prac/airsimversion/autoware.ai/build/autoware_camera_lidar_calibrator --target tests -- -j6 -l6
[18.807s] [35m[1mScanning dependencies of target tests[0m
[18.821s] Built target tests
[18.839s] Invoked command in '/home/yeap/APC_2022_Prac/airsimversion/autoware.ai/build/autoware_camera_lidar_calibrator' returned '0': CMAKE_PREFIX_PATH=/home/yeap/APC_2022_Prac/airsimversion/autoware.ai/install/autoware_msgs:/home/yeap/APC_2022_Prac/airsimversion/autoware.ai/install/autoware_build_flags:${CMAKE_PREFIX_PATH} PKG_CONFIG_PATH=/home/yeap/APC_2022_Prac/airsimversion/autoware.ai/install/autoware_msgs/lib/x86_64-linux-gnu/pkgconfig:/home/yeap/APC_2022_Prac/airsimversion/autoware.ai/install/autoware_msgs/lib/pkgconfig:/home/yeap/APC_2022_Prac/airsimversion/autoware.ai/install/autoware_build_flags/lib/x86_64-linux-gnu/pkgconfig:/home/yeap/APC_2022_Prac/airsimversion/autoware.ai/install/autoware_build_flags/lib/pkgconfig:${PKG_CONFIG_PATH} PYTHONPATH=/home/yeap/APC_2022_Prac/airsimversion/autoware.ai/install/autoware_msgs/lib/python2.7/dist-packages:${PYTHONPATH} ROS_PACKAGE_PATH=/home/yeap/APC_2022_Prac/airsimversion/autoware.ai/install/autoware_msgs/share:/home/yeap/APC_2022_Prac/airsimversion/autoware.ai/install/autoware_build_flags/share:${ROS_PACKAGE_PATH} /usr/bin/cmake --build /home/yeap/APC_2022_Prac/airsimversion/autoware.ai/build/autoware_camera_lidar_calibrator --target tests -- -j6 -l6
[18.949s] Invoking command in '/home/yeap/APC_2022_Prac/airsimversion/autoware.ai/build/autoware_camera_lidar_calibrator': CMAKE_PREFIX_PATH=/home/yeap/APC_2022_Prac/airsimversion/autoware.ai/install/autoware_msgs:/home/yeap/APC_2022_Prac/airsimversion/autoware.ai/install/autoware_build_flags:${CMAKE_PREFIX_PATH} PKG_CONFIG_PATH=/home/yeap/APC_2022_Prac/airsimversion/autoware.ai/install/autoware_msgs/lib/x86_64-linux-gnu/pkgconfig:/home/yeap/APC_2022_Prac/airsimversion/autoware.ai/install/autoware_msgs/lib/pkgconfig:/home/yeap/APC_2022_Prac/airsimversion/autoware.ai/install/autoware_build_flags/lib/x86_64-linux-gnu/pkgconfig:/home/yeap/APC_2022_Prac/airsimversion/autoware.ai/install/autoware_build_flags/lib/pkgconfig:${PKG_CONFIG_PATH} PYTHONPATH=/home/yeap/APC_2022_Prac/airsimversion/autoware.ai/install/autoware_msgs/lib/python2.7/dist-packages:${PYTHONPATH} ROS_PACKAGE_PATH=/home/yeap/APC_2022_Prac/airsimversion/autoware.ai/install/autoware_msgs/share:/home/yeap/APC_2022_Prac/airsimversion/autoware.ai/install/autoware_build_flags/share:${ROS_PACKAGE_PATH} /usr/bin/cmake --build /home/yeap/APC_2022_Prac/airsimversion/autoware.ai/build/autoware_camera_lidar_calibrator --target install -- -j6 -l6
[19.015s] [  0%] Built target std_srvs_generate_messages_lisp
[19.036s] [  0%] Built target actionlib_generate_messages_py
[19.064s] [  0%] Built target actionlib_generate_messages_cpp
[19.089s] [  0%] Built target tf_generate_messages_nodejs
[19.122s] [  0%] Built target tf_generate_messages_lisp
[19.151s] [  0%] Built target topic_tools_generate_messages_nodejs
[19.176s] [  0%] Built target topic_tools_generate_messages_eus
[19.209s] [  0%] Built target topic_tools_generate_messages_cpp
[19.229s] [  0%] Built target std_srvs_generate_messages_py
[19.255s] [  0%] Built target geometry_msgs_generate_messages_py
[19.283s] [  0%] Built target sensor_msgs_generate_messages_nodejs
[19.367s] [  0%] Built target roscpp_generate_messages_cpp
[19.391s] [  0%] Built target pcl_msgs_generate_messages_eus
[19.420s] [  0%] Built target rosgraph_msgs_generate_messages_eus
[19.443s] [  0%] Built target jsk_recognition_msgs_generate_messages_lisp
[19.468s] [  0%] Built target jsk_recognition_msgs_generate_messages_eus
[19.490s] [  0%] Built target std_msgs_generate_messages_py
[19.512s] [  0%] Built target std_msgs_generate_messages_nodejs
[19.533s] [  0%] Built target bond_generate_messages_lisp
[19.564s] [  0%] Built target sensor_msgs_generate_messages_eus
[19.592s] [  0%] Built target sensor_msgs_generate_messages_cpp
[19.616s] [  0%] Built target autoware_msgs_generate_messages_cpp
[19.635s] [  0%] Built target rosgraph_msgs_generate_messages_cpp
[19.663s] [  0%] Built target tf_generate_messages_py
[19.692s] [  0%] Built target dynamic_reconfigure_generate_messages_cpp
[19.725s] [  0%] Built target pcl_msgs_generate_messages_nodejs
[19.744s] [  0%] Built target nodelet_generate_messages_nodejs
[19.764s] [  0%] Built target jsk_recognition_msgs_generate_messages_py
[19.789s] [  0%] Built target sensor_msgs_generate_messages_lisp
[19.817s] [  0%] Built target std_msgs_generate_messages_cpp
[19.837s] [  0%] Built target jsk_footstep_msgs_generate_messages_py
[19.864s] [  0%] Built target sensor_msgs_generate_messages_py
[19.885s] [  0%] Built target nodelet_generate_messages_py
[19.916s] [  0%] Built target geometry_msgs_generate_messages_eus
[19.942s] [  0%] Built target std_msgs_generate_messages_lisp
[19.971s] [  0%] Built target roscpp_generate_messages_nodejs
[19.996s] [  0%] Built target geometry_msgs_generate_messages_nodejs
[20.017s] [  0%] Built target actionlib_generate_messages_eus
[20.042s] [  0%] Built target pcl_msgs_generate_messages_py
[20.063s] [  0%] Built target geometry_msgs_generate_messages_lisp
[20.091s] [  0%] Built target actionlib_generate_messages_lisp
[20.116s] [  0%] Built target geometry_msgs_generate_messages_cpp
[20.136s] [  0%] Built target pcl_msgs_generate_messages_cpp
[20.173s] [  0%] Built target dynamic_reconfigure_generate_messages_lisp
[20.197s] [  0%] Built target topic_tools_generate_messages_lisp
[20.219s] [  0%] Built target jsk_recognition_msgs_generate_messages_cpp
[20.242s] [  0%] Built target autoware_msgs_generate_messages_eus
[20.263s] [  0%] Built target autoware_msgs_generate_messages_lisp
[20.292s] [  0%] Built target autoware_msgs_generate_messages_py
[20.312s] [  0%] Built target nodelet_generate_messages_lisp
[20.335s] [  0%] Built target actionlib_generate_messages_nodejs
[20.358s] [  0%] Built target tf_generate_messages_cpp
[20.391s] [  0%] Built target pcl_msgs_generate_messages_lisp
[20.415s] [  0%] Built target std_msgs_generate_messages_eus
[20.443s] [  0%] Built target autoware_msgs_generate_messages_nodejs
[20.465s] [  0%] Built target jsk_footstep_msgs_generate_messages_eus
[20.486s] [  0%] Built target actionlib_msgs_generate_messages_py
[20.511s] [  0%] Built target jsk_footstep_msgs_generate_messages_lisp
[20.533s] [  0%] Built target jsk_footstep_msgs_generate_messages_nodejs
[20.556s] [  0%] Built target tf_generate_messages_eus
[20.578s] [  0%] Built target jsk_footstep_msgs_generate_messages_cpp
[20.608s] [  0%] Built target actionlib_msgs_generate_messages_cpp
[20.632s] [  0%] Built target std_srvs_generate_messages_cpp
[20.659s] [  0%] Built target actionlib_msgs_generate_messages_lisp
[20.681s] [  0%] Built target jsk_recognition_msgs_generate_messages_nodejs
[20.703s] [  0%] Built target std_srvs_generate_messages_eus
[20.724s] [  0%] Built target roscpp_generate_messages_lisp
[20.748s] [  0%] Built target bond_generate_messages_eus
[20.770s] [  0%] Built target roscpp_generate_messages_py
[20.792s] [  0%] Built target rosgraph_msgs_generate_messages_lisp
[20.814s] [  0%] Built target rosgraph_msgs_generate_messages_nodejs
[20.835s] [  0%] Built target roscpp_generate_messages_eus
[20.856s] [  0%] Built target actionlib_msgs_generate_messages_eus
[20.878s] [  0%] Built target rosgraph_msgs_generate_messages_py
[20.899s] [  0%] Built target pcl_ros_gencfg
[20.932s] [  0%] Built target dynamic_reconfigure_generate_messages_eus
[20.954s] [  0%] Built target dynamic_reconfigure_generate_messages_nodejs
[20.983s] [  0%] Built target dynamic_reconfigure_generate_messages_py
[21.003s] [  0%] Built target tf2_msgs_generate_messages_lisp
[21.024s] [  0%] Built target dynamic_reconfigure_gencfg
[21.046s] [  0%] Built target nodelet_generate_messages_cpp
[21.072s] [  0%] Built target bond_generate_messages_py
[21.100s] [  0%] Built target std_srvs_generate_messages_nodejs
[21.124s] [  0%] Built target nodelet_generate_messages_eus
[21.151s] [  0%] Built target bond_generate_messages_cpp
[21.175s] [  0%] Built target bond_generate_messages_nodejs
[21.203s] [  0%] Built target topic_tools_generate_messages_py
[21.228s] [  0%] Built target actionlib_msgs_generate_messages_nodejs
[21.253s] [  0%] Built target nodelet_topic_tools_gencfg
[21.274s] [  0%] Built target _catkin_empty_exported_target
[21.298s] [  0%] Built target tf2_msgs_generate_messages_py
[21.327s] [  0%] Built target tf2_msgs_generate_messages_cpp
[21.360s] [  0%] Built target tf2_msgs_generate_messages_eus
[21.389s] [  0%] Built target tf2_msgs_generate_messages_nodejs
[21.444s] [100%] Built target autoware_camera_lidar_calibration_node
[21.469s] [36mInstall the project...[0m
[21.478s] -- Install configuration: "Release"
[21.478s] -- Installing: /home/yeap/APC_2022_Prac/airsimversion/autoware.ai/install/autoware_camera_lidar_calibrator/lib/pkgconfig/autoware_camera_lidar_calibrator.pc
[21.479s] -- Installing: /home/yeap/APC_2022_Prac/airsimversion/autoware.ai/install/autoware_camera_lidar_calibrator/share/autoware_camera_lidar_calibrator/cmake/autoware_camera_lidar_calibratorConfig.cmake
[21.479s] -- Installing: /home/yeap/APC_2022_Prac/airsimversion/autoware.ai/install/autoware_camera_lidar_calibrator/share/autoware_camera_lidar_calibrator/cmake/autoware_camera_lidar_calibratorConfig-version.cmake
[21.479s] -- Installing: /home/yeap/APC_2022_Prac/airsimversion/autoware.ai/install/autoware_camera_lidar_calibrator/share/autoware_camera_lidar_calibrator/package.xml
[21.480s] + cd /home/yeap/APC_2022_Prac/airsimversion/autoware.ai/src/autoware/utilities/autoware_camera_lidar_calibrator
[21.481s] + mkdir -p /home/yeap/APC_2022_Prac/airsimversion/autoware.ai/install/autoware_camera_lidar_calibrator/lib/python2.7/dist-packages
[21.483s] + /usr/bin/env PYTHONPATH=/home/yeap/APC_2022_Prac/airsimversion/autoware.ai/install/autoware_camera_lidar_calibrator/lib/python2.7/dist-packages:/home/yeap/APC_2022_Prac/airsimversion/autoware.ai/build/autoware_camera_lidar_calibrator/lib/python2.7/dist-packages:/home/yeap/APC_2022_Prac/airsimversion/autoware.ai/install/autoware_msgs/lib/python2.7/dist-packages:/opt/ros/melodic/lib/python2.7/dist-packages CATKIN_BINARY_DIR=/home/yeap/APC_2022_Prac/airsimversion/autoware.ai/build/autoware_camera_lidar_calibrator /usr/bin/python2 /home/yeap/APC_2022_Prac/airsimversion/autoware.ai/src/autoware/utilities/autoware_camera_lidar_calibrator/setup.py build --build-base /home/yeap/APC_2022_Prac/airsimversion/autoware.ai/build/autoware_camera_lidar_calibrator install --root=/ --install-layout=deb --prefix=/home/yeap/APC_2022_Prac/airsimversion/autoware.ai/install/autoware_camera_lidar_calibrator --install-scripts=/home/yeap/APC_2022_Prac/airsimversion/autoware.ai/install/autoware_camera_lidar_calibrator/bin
[21.524s] running build
[21.524s] running build_py
[21.525s] creating /home/yeap/APC_2022_Prac/airsimversion/autoware.ai/build/autoware_camera_lidar_calibrator/lib.linux-x86_64-2.7
[21.530s] creating /home/yeap/APC_2022_Prac/airsimversion/autoware.ai/build/autoware_camera_lidar_calibrator/lib.linux-x86_64-2.7/autoware_camera_calibration
[21.530s] copying src/autoware_camera_calibration/calibrator.py -> /home/yeap/APC_2022_Prac/airsimversion/autoware.ai/build/autoware_camera_lidar_calibrator/lib.linux-x86_64-2.7/autoware_camera_calibration
[21.530s] copying src/autoware_camera_calibration/camera_calibrator.py -> /home/yeap/APC_2022_Prac/airsimversion/autoware.ai/build/autoware_camera_lidar_calibrator/lib.linux-x86_64-2.7/autoware_camera_calibration
[21.530s] copying src/autoware_camera_calibration/camera_checker.py -> /home/yeap/APC_2022_Prac/airsimversion/autoware.ai/build/autoware_camera_lidar_calibrator/lib.linux-x86_64-2.7/autoware_camera_calibration
[21.530s] copying src/autoware_camera_calibration/__init__.py -> /home/yeap/APC_2022_Prac/airsimversion/autoware.ai/build/autoware_camera_lidar_calibrator/lib.linux-x86_64-2.7/autoware_camera_calibration
[21.530s] running install
[21.530s] running install_lib
[21.530s] creating /home/yeap/APC_2022_Prac/airsimversion/autoware.ai/install/autoware_camera_lidar_calibrator/lib/python2.7/dist-packages/autoware_camera_calibration
[21.530s] copying /home/yeap/APC_2022_Prac/airsimversion/autoware.ai/build/autoware_camera_lidar_calibrator/lib.linux-x86_64-2.7/autoware_camera_calibration/calibrator.py -> /home/yeap/APC_2022_Prac/airsimversion/autoware.ai/install/autoware_camera_lidar_calibrator/lib/python2.7/dist-packages/autoware_camera_calibration
[21.530s] copying /home/yeap/APC_2022_Prac/airsimversion/autoware.ai/build/autoware_camera_lidar_calibrator/lib.linux-x86_64-2.7/autoware_camera_calibration/camera_calibrator.py -> /home/yeap/APC_2022_Prac/airsimversion/autoware.ai/install/autoware_camera_lidar_calibrator/lib/python2.7/dist-packages/autoware_camera_calibration
[21.531s] copying /home/yeap/APC_2022_Prac/airsimversion/autoware.ai/build/autoware_camera_lidar_calibrator/lib.linux-x86_64-2.7/autoware_camera_calibration/camera_checker.py -> /home/yeap/APC_2022_Prac/airsimversion/autoware.ai/install/autoware_camera_lidar_calibrator/lib/python2.7/dist-packages/autoware_camera_calibration
[21.531s] copying /home/yeap/APC_2022_Prac/airsimversion/autoware.ai/build/autoware_camera_lidar_calibrator/lib.linux-x86_64-2.7/autoware_camera_calibration/__init__.py -> /home/yeap/APC_2022_Prac/airsimversion/autoware.ai/install/autoware_camera_lidar_calibrator/lib/python2.7/dist-packages/autoware_camera_calibration
[21.531s] byte-compiling /home/yeap/APC_2022_Prac/airsimversion/autoware.ai/install/autoware_camera_lidar_calibrator/lib/python2.7/dist-packages/autoware_camera_calibration/calibrator.py to calibrator.pyc
[21.539s] byte-compiling /home/yeap/APC_2022_Prac/airsimversion/autoware.ai/install/autoware_camera_lidar_calibrator/lib/python2.7/dist-packages/autoware_camera_calibration/camera_calibrator.py to camera_calibrator.pyc
[21.541s] byte-compiling /home/yeap/APC_2022_Prac/airsimversion/autoware.ai/install/autoware_camera_lidar_calibrator/lib/python2.7/dist-packages/autoware_camera_calibration/camera_checker.py to camera_checker.pyc
[21.541s] byte-compiling /home/yeap/APC_2022_Prac/airsimversion/autoware.ai/install/autoware_camera_lidar_calibrator/lib/python2.7/dist-packages/autoware_camera_calibration/__init__.py to __init__.pyc
[21.542s] running install_egg_info
[21.542s] Writing /home/yeap/APC_2022_Prac/airsimversion/autoware.ai/install/autoware_camera_lidar_calibrator/lib/python2.7/dist-packages/autoware_camera_lidar_calibrator-1.12.0.egg-info
[21.549s] -- Installing: /home/yeap/APC_2022_Prac/airsimversion/autoware.ai/install/autoware_camera_lidar_calibrator/lib/autoware_camera_lidar_calibrator/cameracalibrator.py
[21.549s] -- Installing: /home/yeap/APC_2022_Prac/airsimversion/autoware.ai/install/autoware_camera_lidar_calibrator/lib/autoware_camera_lidar_calibrator/cameracheck.py
[21.549s] -- Installing: /home/yeap/APC_2022_Prac/airsimversion/autoware.ai/install/autoware_camera_lidar_calibrator/lib/autoware_camera_lidar_calibrator/tarfile_calibration.py
[21.549s] -- Installing: /home/yeap/APC_2022_Prac/airsimversion/autoware.ai/install/autoware_camera_lidar_calibrator/lib/autoware_camera_lidar_calibrator/autoware_camera_lidar_calibration_node
[21.552s] -- Set runtime path of "/home/yeap/APC_2022_Prac/airsimversion/autoware.ai/install/autoware_camera_lidar_calibrator/lib/autoware_camera_lidar_calibrator/autoware_camera_lidar_calibration_node" to ""
[21.552s] -- Installing: /home/yeap/APC_2022_Prac/airsimversion/autoware.ai/install/autoware_camera_lidar_calibrator/share/autoware_camera_lidar_calibrator/launch
[21.552s] -- Installing: /home/yeap/APC_2022_Prac/airsimversion/autoware.ai/install/autoware_camera_lidar_calibrator/share/autoware_camera_lidar_calibrator/launch/camera_lidar_calibration.launch
[21.552s] -- Installing: /home/yeap/APC_2022_Prac/airsimversion/autoware.ai/install/autoware_camera_lidar_calibrator/share/autoware_camera_lidar_calibrator/docs
[21.553s] -- Installing: /home/yeap/APC_2022_Prac/airsimversion/autoware.ai/install/autoware_camera_lidar_calibrator/share/autoware_camera_lidar_calibrator/docs/camera_calibration.jpg
[21.553s] -- Installing: /home/yeap/APC_2022_Prac/airsimversion/autoware.ai/install/autoware_camera_lidar_calibrator/share/autoware_camera_lidar_calibrator/docs/camera_lidar_calibration.jpg
[21.554s] -- Installing: /home/yeap/APC_2022_Prac/airsimversion/autoware.ai/install/autoware_camera_lidar_calibrator/share/autoware_camera_lidar_calibrator/docs/autoware_logo.jpg
[21.558s] Invoked command in '/home/yeap/APC_2022_Prac/airsimversion/autoware.ai/build/autoware_camera_lidar_calibrator' returned '0': CMAKE_PREFIX_PATH=/home/yeap/APC_2022_Prac/airsimversion/autoware.ai/install/autoware_msgs:/home/yeap/APC_2022_Prac/airsimversion/autoware.ai/install/autoware_build_flags:${CMAKE_PREFIX_PATH} PKG_CONFIG_PATH=/home/yeap/APC_2022_Prac/airsimversion/autoware.ai/install/autoware_msgs/lib/x86_64-linux-gnu/pkgconfig:/home/yeap/APC_2022_Prac/airsimversion/autoware.ai/install/autoware_msgs/lib/pkgconfig:/home/yeap/APC_2022_Prac/airsimversion/autoware.ai/install/autoware_build_flags/lib/x86_64-linux-gnu/pkgconfig:/home/yeap/APC_2022_Prac/airsimversion/autoware.ai/install/autoware_build_flags/lib/pkgconfig:${PKG_CONFIG_PATH} PYTHONPATH=/home/yeap/APC_2022_Prac/airsimversion/autoware.ai/install/autoware_msgs/lib/python2.7/dist-packages:${PYTHONPATH} ROS_PACKAGE_PATH=/home/yeap/APC_2022_Prac/airsimversion/autoware.ai/install/autoware_msgs/share:/home/yeap/APC_2022_Prac/airsimversion/autoware.ai/install/autoware_build_flags/share:${ROS_PACKAGE_PATH} /usr/bin/cmake --build /home/yeap/APC_2022_Prac/airsimversion/autoware.ai/build/autoware_camera_lidar_calibrator --target install -- -j6 -l6
