[0.014s] Invoking command in '/home/yeap/APC_2022_Prac/airsimversion/autoware.ai/build/kitti_box_publisher': CMAKE_PREFIX_PATH=/home/yeap/APC_2022_Prac/airsimversion/autoware.ai/install/autoware_msgs:${CMAKE_PREFIX_PATH} PKG_CONFIG_PATH=/home/yeap/APC_2022_Prac/airsimversion/autoware.ai/install/autoware_msgs/lib/x86_64-linux-gnu/pkgconfig:/home/yeap/APC_2022_Prac/airsimversion/autoware.ai/install/autoware_msgs/lib/pkgconfig:${PKG_CONFIG_PATH} PYTHONPATH=/home/yeap/APC_2022_Prac/airsimversion/autoware.ai/install/autoware_msgs/lib/python2.7/dist-packages:${PYTHONPATH} ROS_PACKAGE_PATH=/home/yeap/APC_2022_Prac/airsimversion/autoware.ai/install/autoware_msgs/share:${ROS_PACKAGE_PATH} /usr/bin/cmake /home/yeap/APC_2022_Prac/airsimversion/autoware.ai/src/autoware/utilities/kitti_box_publisher -DCMAKE_BUILD_TYPE=Release -DCATKIN_INSTALL_INTO_PREFIX_ROOT=0 -DCMAKE_INSTALL_PREFIX=/home/yeap/APC_2022_Prac/airsimversion/autoware.ai/install/kitti_box_publisher
[0.081s] -- The C compiler identification is GNU 7.5.0
[0.144s] -- The CXX compiler identification is GNU 7.5.0
[0.150s] -- Check for working C compiler: /usr/bin/cc
[0.226s] -- Check for working C compiler: /usr/bin/cc -- works
[0.227s] -- Detecting C compiler ABI info
[0.297s] -- Detecting C compiler ABI info - done
[0.308s] -- Detecting C compile features
[0.544s] -- Detecting C compile features - done
[0.548s] -- Check for working CXX compiler: /usr/bin/c++
[0.641s] -- Check for working CXX compiler: /usr/bin/c++ -- works
[0.641s] -- Detecting CXX compiler ABI info
[0.729s] -- Detecting CXX compiler ABI info - done
[0.738s] -- Detecting CXX compile features
[1.114s] -- Detecting CXX compile features - done
[1.117s] -- Using CATKIN_DEVEL_PREFIX: /home/yeap/APC_2022_Prac/airsimversion/autoware.ai/build/kitti_box_publisher/devel
[1.117s] -- Using CMAKE_PREFIX_PATH: /home/yeap/APC_2022_Prac/airsimversion/autoware.ai/install/autoware_msgs;/opt/ros/melodic
[1.117s] -- This workspace overlays: /home/yeap/APC_2022_Prac/airsimversion/autoware.ai/install/autoware_msgs;/opt/ros/melodic
[1.133s] -- Found PythonInterp: /usr/bin/python2 (found suitable version "2.7.17", minimum required is "2") 
[1.133s] -- Using PYTHON_EXECUTABLE: /usr/bin/python2
[1.134s] -- Using Debian Python package layout
[1.134s] -- Using empy: /usr/bin/empy
[1.308s] -- Using CATKIN_ENABLE_TESTING: ON
[1.309s] -- Call enable_testing()
[1.315s] -- Using CATKIN_TEST_RESULTS_DIR: /home/yeap/APC_2022_Prac/airsimversion/autoware.ai/build/kitti_box_publisher/test_results
[1.333s] -- Found gtest sources under '/usr/src/googletest': gtests will be built
[1.333s] -- Found gmock sources under '/usr/src/googletest': gmock will be built
[1.347s] -- Found PythonInterp: /usr/bin/python2 (found version "2.7.17") 
[1.348s] -- Looking for pthread.h
[1.429s] -- Looking for pthread.h - found
[1.429s] -- Looking for pthread_create
[1.507s] -- Looking for pthread_create - not found
[1.508s] -- Looking for pthread_create in pthreads
[1.573s] -- Looking for pthread_create in pthreads - not found
[1.573s] -- Looking for pthread_create in pthread
[1.645s] -- Looking for pthread_create in pthread - found
[1.647s] -- Found Threads: TRUE  
[1.652s] -- Using Python nosetests: /usr/bin/nosetests-2.7
[1.702s] -- catkin 0.7.29
[1.702s] -- BUILD_SHARED_LIBS is on
[1.854s] -- Using these message generators: gencpp;geneus;genlisp;gennodejs;genpy
[2.061s] -- Configuring done
[2.084s] -- Generating done
[2.092s] -- Build files have been written to: /home/yeap/APC_2022_Prac/airsimversion/autoware.ai/build/kitti_box_publisher
[2.102s] Invoked command in '/home/yeap/APC_2022_Prac/airsimversion/autoware.ai/build/kitti_box_publisher' returned '0': CMAKE_PREFIX_PATH=/home/yeap/APC_2022_Prac/airsimversion/autoware.ai/install/autoware_msgs:${CMAKE_PREFIX_PATH} PKG_CONFIG_PATH=/home/yeap/APC_2022_Prac/airsimversion/autoware.ai/install/autoware_msgs/lib/x86_64-linux-gnu/pkgconfig:/home/yeap/APC_2022_Prac/airsimversion/autoware.ai/install/autoware_msgs/lib/pkgconfig:${PKG_CONFIG_PATH} PYTHONPATH=/home/yeap/APC_2022_Prac/airsimversion/autoware.ai/install/autoware_msgs/lib/python2.7/dist-packages:${PYTHONPATH} ROS_PACKAGE_PATH=/home/yeap/APC_2022_Prac/airsimversion/autoware.ai/install/autoware_msgs/share:${ROS_PACKAGE_PATH} /usr/bin/cmake /home/yeap/APC_2022_Prac/airsimversion/autoware.ai/src/autoware/utilities/kitti_box_publisher -DCMAKE_BUILD_TYPE=Release -DCATKIN_INSTALL_INTO_PREFIX_ROOT=0 -DCMAKE_INSTALL_PREFIX=/home/yeap/APC_2022_Prac/airsimversion/autoware.ai/install/kitti_box_publisher
[2.103s] Invoking command in '/home/yeap/APC_2022_Prac/airsimversion/autoware.ai/build/kitti_box_publisher': CMAKE_PREFIX_PATH=/home/yeap/APC_2022_Prac/airsimversion/autoware.ai/install/autoware_msgs:${CMAKE_PREFIX_PATH} PKG_CONFIG_PATH=/home/yeap/APC_2022_Prac/airsimversion/autoware.ai/install/autoware_msgs/lib/x86_64-linux-gnu/pkgconfig:/home/yeap/APC_2022_Prac/airsimversion/autoware.ai/install/autoware_msgs/lib/pkgconfig:${PKG_CONFIG_PATH} PYTHONPATH=/home/yeap/APC_2022_Prac/airsimversion/autoware.ai/install/autoware_msgs/lib/python2.7/dist-packages:${PYTHONPATH} ROS_PACKAGE_PATH=/home/yeap/APC_2022_Prac/airsimversion/autoware.ai/install/autoware_msgs/share:${ROS_PACKAGE_PATH} /usr/bin/cmake --build /home/yeap/APC_2022_Prac/airsimversion/autoware.ai/build/kitti_box_publisher -- -j6 -l6
[2.153s] Invoked command in '/home/yeap/APC_2022_Prac/airsimversion/autoware.ai/build/kitti_box_publisher' returned '0': CMAKE_PREFIX_PATH=/home/yeap/APC_2022_Prac/airsimversion/autoware.ai/install/autoware_msgs:${CMAKE_PREFIX_PATH} PKG_CONFIG_PATH=/home/yeap/APC_2022_Prac/airsimversion/autoware.ai/install/autoware_msgs/lib/x86_64-linux-gnu/pkgconfig:/home/yeap/APC_2022_Prac/airsimversion/autoware.ai/install/autoware_msgs/lib/pkgconfig:${PKG_CONFIG_PATH} PYTHONPATH=/home/yeap/APC_2022_Prac/airsimversion/autoware.ai/install/autoware_msgs/lib/python2.7/dist-packages:${PYTHONPATH} ROS_PACKAGE_PATH=/home/yeap/APC_2022_Prac/airsimversion/autoware.ai/install/autoware_msgs/share:${ROS_PACKAGE_PATH} /usr/bin/cmake --build /home/yeap/APC_2022_Prac/airsimversion/autoware.ai/build/kitti_box_publisher -- -j6 -l6
[2.222s] Invoking command in '/home/yeap/APC_2022_Prac/airsimversion/autoware.ai/build/kitti_box_publisher': CMAKE_PREFIX_PATH=/home/yeap/APC_2022_Prac/airsimversion/autoware.ai/install/autoware_msgs:${CMAKE_PREFIX_PATH} PKG_CONFIG_PATH=/home/yeap/APC_2022_Prac/airsimversion/autoware.ai/install/autoware_msgs/lib/x86_64-linux-gnu/pkgconfig:/home/yeap/APC_2022_Prac/airsimversion/autoware.ai/install/autoware_msgs/lib/pkgconfig:${PKG_CONFIG_PATH} PYTHONPATH=/home/yeap/APC_2022_Prac/airsimversion/autoware.ai/install/autoware_msgs/lib/python2.7/dist-packages:${PYTHONPATH} ROS_PACKAGE_PATH=/home/yeap/APC_2022_Prac/airsimversion/autoware.ai/install/autoware_msgs/share:${ROS_PACKAGE_PATH} /usr/bin/cmake --build /home/yeap/APC_2022_Prac/airsimversion/autoware.ai/build/kitti_box_publisher --target tests -- -j6 -l6
[2.283s] [35m[1mScanning dependencies of target tests[0m
[2.295s] Built target tests
[2.311s] Invoked command in '/home/yeap/APC_2022_Prac/airsimversion/autoware.ai/build/kitti_box_publisher' returned '0': CMAKE_PREFIX_PATH=/home/yeap/APC_2022_Prac/airsimversion/autoware.ai/install/autoware_msgs:${CMAKE_PREFIX_PATH} PKG_CONFIG_PATH=/home/yeap/APC_2022_Prac/airsimversion/autoware.ai/install/autoware_msgs/lib/x86_64-linux-gnu/pkgconfig:/home/yeap/APC_2022_Prac/airsimversion/autoware.ai/install/autoware_msgs/lib/pkgconfig:${PKG_CONFIG_PATH} PYTHONPATH=/home/yeap/APC_2022_Prac/airsimversion/autoware.ai/install/autoware_msgs/lib/python2.7/dist-packages:${PYTHONPATH} ROS_PACKAGE_PATH=/home/yeap/APC_2022_Prac/airsimversion/autoware.ai/install/autoware_msgs/share:${ROS_PACKAGE_PATH} /usr/bin/cmake --build /home/yeap/APC_2022_Prac/airsimversion/autoware.ai/build/kitti_box_publisher --target tests -- -j6 -l6
[2.375s] Invoking command in '/home/yeap/APC_2022_Prac/airsimversion/autoware.ai/build/kitti_box_publisher': CMAKE_PREFIX_PATH=/home/yeap/APC_2022_Prac/airsimversion/autoware.ai/install/autoware_msgs:${CMAKE_PREFIX_PATH} PKG_CONFIG_PATH=/home/yeap/APC_2022_Prac/airsimversion/autoware.ai/install/autoware_msgs/lib/x86_64-linux-gnu/pkgconfig:/home/yeap/APC_2022_Prac/airsimversion/autoware.ai/install/autoware_msgs/lib/pkgconfig:${PKG_CONFIG_PATH} PYTHONPATH=/home/yeap/APC_2022_Prac/airsimversion/autoware.ai/install/autoware_msgs/lib/python2.7/dist-packages:${PYTHONPATH} ROS_PACKAGE_PATH=/home/yeap/APC_2022_Prac/airsimversion/autoware.ai/install/autoware_msgs/share:${ROS_PACKAGE_PATH} /usr/bin/cmake --build /home/yeap/APC_2022_Prac/airsimversion/autoware.ai/build/kitti_box_publisher --target install -- -j6 -l6
[2.434s] [36mInstall the project...[0m
[2.444s] -- Install configuration: "Release"
[2.445s] -- Installing: /home/yeap/APC_2022_Prac/airsimversion/autoware.ai/install/kitti_box_publisher/lib/pkgconfig/kitti_box_publisher.pc
[2.445s] -- Installing: /home/yeap/APC_2022_Prac/airsimversion/autoware.ai/install/kitti_box_publisher/share/kitti_box_publisher/cmake/kitti_box_publisherConfig.cmake
[2.446s] -- Installing: /home/yeap/APC_2022_Prac/airsimversion/autoware.ai/install/kitti_box_publisher/share/kitti_box_publisher/cmake/kitti_box_publisherConfig-version.cmake
[2.446s] -- Installing: /home/yeap/APC_2022_Prac/airsimversion/autoware.ai/install/kitti_box_publisher/share/kitti_box_publisher/package.xml
[2.447s] -- Installing: /home/yeap/APC_2022_Prac/airsimversion/autoware.ai/install/kitti_box_publisher/lib/kitti_box_publisher/kitti_box_publisher.py
[2.453s] Invoked command in '/home/yeap/APC_2022_Prac/airsimversion/autoware.ai/build/kitti_box_publisher' returned '0': CMAKE_PREFIX_PATH=/home/yeap/APC_2022_Prac/airsimversion/autoware.ai/install/autoware_msgs:${CMAKE_PREFIX_PATH} PKG_CONFIG_PATH=/home/yeap/APC_2022_Prac/airsimversion/autoware.ai/install/autoware_msgs/lib/x86_64-linux-gnu/pkgconfig:/home/yeap/APC_2022_Prac/airsimversion/autoware.ai/install/autoware_msgs/lib/pkgconfig:${PKG_CONFIG_PATH} PYTHONPATH=/home/yeap/APC_2022_Prac/airsimversion/autoware.ai/install/autoware_msgs/lib/python2.7/dist-packages:${PYTHONPATH} ROS_PACKAGE_PATH=/home/yeap/APC_2022_Prac/airsimversion/autoware.ai/install/autoware_msgs/share:${ROS_PACKAGE_PATH} /usr/bin/cmake --build /home/yeap/APC_2022_Prac/airsimversion/autoware.ai/build/kitti_box_publisher --target install -- -j6 -l6
