[0.026s] Invoking command in '/home/yeap/APC_2022_Prac/airsimversion/autoware.ai/build/lidar_shape_estimation': CMAKE_PREFIX_PATH=/home/yeap/APC_2022_Prac/airsimversion/autoware.ai/install/autoware_msgs:/home/yeap/APC_2022_Prac/airsimversion/autoware.ai/install/autoware_build_flags:${CMAKE_PREFIX_PATH} PKG_CONFIG_PATH=/home/yeap/APC_2022_Prac/airsimversion/autoware.ai/install/autoware_msgs/lib/x86_64-linux-gnu/pkgconfig:/home/yeap/APC_2022_Prac/airsimversion/autoware.ai/install/autoware_msgs/lib/pkgconfig:/home/yeap/APC_2022_Prac/airsimversion/autoware.ai/install/autoware_build_flags/lib/x86_64-linux-gnu/pkgconfig:/home/yeap/APC_2022_Prac/airsimversion/autoware.ai/install/autoware_build_flags/lib/pkgconfig:${PKG_CONFIG_PATH} PYTHONPATH=/home/yeap/APC_2022_Prac/airsimversion/autoware.ai/install/autoware_msgs/lib/python2.7/dist-packages:${PYTHONPATH} ROS_PACKAGE_PATH=/home/yeap/APC_2022_Prac/airsimversion/autoware.ai/install/autoware_msgs/share:/home/yeap/APC_2022_Prac/airsimversion/autoware.ai/install/autoware_build_flags/share:${ROS_PACKAGE_PATH} /usr/bin/cmake /home/yeap/APC_2022_Prac/airsimversion/autoware.ai/src/autoware/core_perception/lidar_shape_estimation -DCMAKE_BUILD_TYPE=Release -DCATKIN_INSTALL_INTO_PREFIX_ROOT=0 -DCMAKE_INSTALL_PREFIX=/home/yeap/APC_2022_Prac/airsimversion/autoware.ai/install/lidar_shape_estimation
[0.108s] -- The C compiler identification is GNU 7.5.0
[0.173s] -- The CXX compiler identification is GNU 7.5.0
[0.180s] -- Check for working C compiler: /usr/bin/cc
[0.257s] -- Check for working C compiler: /usr/bin/cc -- works
[0.258s] -- Detecting C compiler ABI info
[0.338s] -- Detecting C compiler ABI info - done
[0.348s] -- Detecting C compile features
[0.573s] -- Detecting C compile features - done
[0.577s] -- Check for working CXX compiler: /usr/bin/c++
[0.661s] -- Check for working CXX compiler: /usr/bin/c++ -- works
[0.663s] -- Detecting CXX compiler ABI info
[0.743s] -- Detecting CXX compiler ABI info - done
[0.753s] -- Detecting CXX compile features
[1.123s] -- Detecting CXX compile features - done
[1.126s] -- CUDA compilation status: .
[1.128s] -- Using CATKIN_DEVEL_PREFIX: /home/yeap/APC_2022_Prac/airsimversion/autoware.ai/build/lidar_shape_estimation/devel
[1.129s] -- Using CMAKE_PREFIX_PATH: /home/yeap/APC_2022_Prac/airsimversion/autoware.ai/install/autoware_msgs;/home/yeap/APC_2022_Prac/airsimversion/autoware.ai/install/autoware_build_flags;/opt/ros/melodic
[1.129s] -- This workspace overlays: /home/yeap/APC_2022_Prac/airsimversion/autoware.ai/install/autoware_msgs;/home/yeap/APC_2022_Prac/airsimversion/autoware.ai/install/autoware_build_flags;/opt/ros/melodic
[1.145s] -- Found PythonInterp: /usr/bin/python2 (found suitable version "2.7.17", minimum required is "2") 
[1.146s] -- Using PYTHON_EXECUTABLE: /usr/bin/python2
[1.146s] -- Using Debian Python package layout
[1.147s] -- Using empy: /usr/bin/empy
[1.330s] -- Using CATKIN_ENABLE_TESTING: ON
[1.330s] -- Call enable_testing()
[1.333s] -- Using CATKIN_TEST_RESULTS_DIR: /home/yeap/APC_2022_Prac/airsimversion/autoware.ai/build/lidar_shape_estimation/test_results
[1.357s] -- Found gtest sources under '/usr/src/googletest': gtests will be built
[1.357s] -- Found gmock sources under '/usr/src/googletest': gmock will be built
[1.377s] -- Found PythonInterp: /usr/bin/python2 (found version "2.7.17") 
[1.377s] -- Looking for pthread.h
[1.452s] -- Looking for pthread.h - found
[1.453s] -- Looking for pthread_create
[1.534s] -- Looking for pthread_create - not found
[1.535s] -- Looking for pthread_create in pthreads
[1.596s] -- Looking for pthread_create in pthreads - not found
[1.596s] -- Looking for pthread_create in pthread
[1.673s] -- Looking for pthread_create in pthread - found
[1.673s] -- Found Threads: TRUE  
[1.677s] -- Using Python nosetests: /usr/bin/nosetests-2.7
[1.724s] -- catkin 0.7.29
[1.725s] -- BUILD_SHARED_LIBS is on
[1.881s] -- Using these message generators: gencpp;geneus;genlisp;gennodejs;genpy
[2.874s] -- Checking for module 'eigen3'
[2.891s] --   Found eigen3, version 3.3.4
[2.939s] -- Found eigen: /usr/include/eigen3  
[3.028s] -- Boost version: 1.65.1
[3.028s] -- Found the following Boost libraries:
[3.028s] --   system
[3.028s] --   filesystem
[3.029s] --   thread
[3.029s] --   date_time
[3.029s] --   iostreams
[3.029s] --   serialization
[3.029s] --   chrono
[3.030s] --   atomic
[3.030s] --   regex
[3.034s] -- Checking for module 'libopenni'
[3.052s] --   Found libopenni, version 1.5.4.0
[3.104s] -- Found openni: /usr/lib/libOpenNI.so  
[3.106s] -- Checking for module 'libopenni2'
[3.124s] --   Found libopenni2, version 2.2.0.3
[3.175s] -- Found OpenNI2: /usr/lib/libOpenNI2.so  
[3.182s] -- Could NOT find ensenso (missing: ENSENSO_LIBRARY ENSENSO_INCLUDE_DIR) 
[3.183s] ** WARNING ** io features related to ensenso will be disabled
[3.187s] -- Could NOT find DAVIDSDK (missing: DAVIDSDK_LIBRARY DAVIDSDK_INCLUDE_DIR) 
[3.187s] ** WARNING ** io features related to davidSDK will be disabled
[3.189s] -- Could NOT find DSSDK (missing: _DSSDK_LIBRARIES) 
[3.190s] ** WARNING ** io features related to dssdk will be disabled
[3.190s] ** WARNING ** io features related to pcap will be disabled
[3.191s] ** WARNING ** io features related to png will be disabled
[3.266s] -- The imported target "vtkRenderingPythonTkWidgets" references the file
[3.266s]    "/usr/lib/x86_64-linux-gnu/libvtkRenderingPythonTkWidgets.so"
[3.266s] but this file does not exist.  Possible reasons include:
[3.267s] * The file was deleted, renamed, or moved to another location.
[3.267s] * An install or uninstall procedure did not complete successfully.
[3.267s] * The installation package was faulty and contained
[3.267s]    "/usr/lib/cmake/vtk-6.3/VTKTargets.cmake"
[3.267s] but not all the files it references.
[3.267s] 
[3.268s] -- The imported target "vtk" references the file
[3.268s]    "/usr/bin/vtk"
[3.269s] but this file does not exist.  Possible reasons include:
[3.269s] * The file was deleted, renamed, or moved to another location.
[3.269s] * An install or uninstall procedure did not complete successfully.
[3.269s] * The installation package was faulty and contained
[3.269s]    "/usr/lib/cmake/vtk-6.3/VTKTargets.cmake"
[3.269s] but not all the files it references.
[3.269s] 
[3.345s] -- Found libusb-1.0: /usr/include  
[3.346s] ** WARNING ** io features related to libusb-1.0 will be disabled
[3.347s] -- Checking for module 'flann'
[3.366s] --   Found flann, version 1.9.1
[3.419s] -- Found Flann: /usr/lib/x86_64-linux-gnu/libflann_cpp_s.a  
[3.471s] -- Could NOT find ensenso (missing: ENSENSO_LIBRARY ENSENSO_INCLUDE_DIR) 
[3.471s] ** WARNING ** visualization features related to ensenso will be disabled
[3.475s] -- Could NOT find DAVIDSDK (missing: DAVIDSDK_LIBRARY DAVIDSDK_INCLUDE_DIR) 
[3.476s] ** WARNING ** visualization features related to davidSDK will be disabled
[3.477s] -- Could NOT find DSSDK (missing: _DSSDK_LIBRARIES) 
[3.478s] ** WARNING ** visualization features related to dssdk will be disabled
[3.479s] -- Could NOT find RSSDK (missing: _RSSDK_LIBRARIES) 
[3.480s] ** WARNING ** visualization features related to rssdk will be disabled
[3.522s] -- Found qhull: /usr/lib/x86_64-linux-gnu/libqhull.so  
[3.565s] -- looking for PCL_COMMON
[3.568s] -- Found PCL_COMMON: /usr/lib/x86_64-linux-gnu/libpcl_common.so  
[3.568s] -- looking for PCL_OCTREE
[3.571s] -- Found PCL_OCTREE: /usr/lib/x86_64-linux-gnu/libpcl_octree.so  
[3.571s] -- looking for PCL_IO
[3.574s] -- Found PCL_IO: /usr/lib/x86_64-linux-gnu/libpcl_io.so  
[3.574s] -- looking for PCL_KDTREE
[3.577s] -- Found PCL_KDTREE: /usr/lib/x86_64-linux-gnu/libpcl_kdtree.so  
[3.578s] -- looking for PCL_SEARCH
[3.580s] -- Found PCL_SEARCH: /usr/lib/x86_64-linux-gnu/libpcl_search.so  
[3.581s] -- looking for PCL_SAMPLE_CONSENSUS
[3.583s] -- Found PCL_SAMPLE_CONSENSUS: /usr/lib/x86_64-linux-gnu/libpcl_sample_consensus.so  
[3.584s] -- looking for PCL_FILTERS
[3.586s] -- Found PCL_FILTERS: /usr/lib/x86_64-linux-gnu/libpcl_filters.so  
[3.587s] -- looking for PCL_2D
[3.589s] -- Found PCL_2D: /usr/include/pcl-1.8  
[3.589s] -- looking for PCL_GEOMETRY
[3.591s] -- Found PCL_GEOMETRY: /usr/include/pcl-1.8  
[3.591s] -- looking for PCL_FEATURES
[3.594s] -- Found PCL_FEATURES: /usr/lib/x86_64-linux-gnu/libpcl_features.so  
[3.595s] -- looking for PCL_ML
[3.597s] -- Found PCL_ML: /usr/lib/x86_64-linux-gnu/libpcl_ml.so  
[3.598s] -- looking for PCL_SEGMENTATION
[3.600s] -- Found PCL_SEGMENTATION: /usr/lib/x86_64-linux-gnu/libpcl_segmentation.so  
[3.602s] -- looking for PCL_VISUALIZATION
[3.604s] -- Found PCL_VISUALIZATION: /usr/lib/x86_64-linux-gnu/libpcl_visualization.so  
[3.605s] -- looking for PCL_SURFACE
[3.607s] -- Found PCL_SURFACE: /usr/lib/x86_64-linux-gnu/libpcl_surface.so  
[3.608s] -- looking for PCL_REGISTRATION
[3.611s] -- Found PCL_REGISTRATION: /usr/lib/x86_64-linux-gnu/libpcl_registration.so  
[3.612s] -- looking for PCL_KEYPOINTS
[3.614s] -- Found PCL_KEYPOINTS: /usr/lib/x86_64-linux-gnu/libpcl_keypoints.so  
[3.616s] -- looking for PCL_TRACKING
[3.618s] -- Found PCL_TRACKING: /usr/lib/x86_64-linux-gnu/libpcl_tracking.so  
[3.619s] -- looking for PCL_RECOGNITION
[3.622s] -- Found PCL_RECOGNITION: /usr/lib/x86_64-linux-gnu/libpcl_recognition.so  
[3.623s] -- looking for PCL_STEREO
[3.626s] -- Found PCL_STEREO: /usr/lib/x86_64-linux-gnu/libpcl_stereo.so  
[3.627s] -- looking for PCL_APPS
[3.629s] -- Found PCL_APPS: /usr/lib/x86_64-linux-gnu/libpcl_apps.so  
[3.633s] -- looking for PCL_IN_HAND_SCANNER
[3.634s] -- Found PCL_IN_HAND_SCANNER: /usr/include/pcl-1.8  
[3.635s] -- looking for PCL_MODELER
[3.636s] -- Found PCL_MODELER: /usr/include/pcl-1.8  
[3.637s] -- looking for PCL_POINT_CLOUD_EDITOR
[3.638s] -- Found PCL_POINT_CLOUD_EDITOR: /usr/include/pcl-1.8  
[3.639s] -- looking for PCL_OUTOFCORE
[3.641s] -- Found PCL_OUTOFCORE: /usr/lib/x86_64-linux-gnu/libpcl_outofcore.so  
[3.642s] -- looking for PCL_PEOPLE
[3.645s] -- Found PCL_PEOPLE: /usr/lib/x86_64-linux-gnu/libpcl_people.so  
[3.675s] -- Found PCL: /usr/lib/x86_64-linux-gnu/libboost_system.so;/usr/lib/x86_64-linux-gnu/libboost_filesystem.so;/usr/lib/x86_64-linux-gnu/libboost_thread.so;/usr/lib/x86_64-linux-gnu/libboost_date_time.so;/usr/lib/x86_64-linux-gnu/libboost_iostreams.so;/usr/lib/x86_64-linux-gnu/libboost_serialization.so;/usr/lib/x86_64-linux-gnu/libboost_chrono.so;/usr/lib/x86_64-linux-gnu/libboost_atomic.so;/usr/lib/x86_64-linux-gnu/libboost_regex.so;/usr/lib/x86_64-linux-gnu/libpthread.so;optimized;/usr/lib/x86_64-linux-gnu/libpcl_common.so;debug;/usr/lib/x86_64-linux-gnu/libpcl_common.so;optimized;/usr/lib/x86_64-linux-gnu/libpcl_octree.so;debug;/usr/lib/x86_64-linux-gnu/libpcl_octree.so;/usr/lib/libOpenNI.so;/usr/lib/libOpenNI2.so;vtkChartsCore;vtkCommonColor;vtkCommonDataModel;vtkCommonMath;vtkCommonCore;vtksys;vtkCommonMisc;vtkCommonSystem;vtkCommonTransforms;vtkInfovisCore;vtkFiltersExtraction;vtkCommonExecutionModel;vtkFiltersCore;vtkFiltersGeneral;vtkCommonComputationalGeometry;vtkFiltersStatistics;vtkImagingFourier;vtkImagingCore;vtkalglib;vtkRenderingContext2D;vtkRenderingCore;vtkFiltersGeometry;vtkFiltersSources;vtkRenderingFreeType;/usr/lib/x86_64-linux-gnu/libfreetype.so;/usr/lib/x86_64-linux-gnu/libz.so;vtkftgl;vtkDICOMParser;vtkDomainsChemistry;vtkIOXML;vtkIOGeometry;vtkIOCore;vtkIOXMLParser;/usr/lib/x86_64-linux-gnu/libexpat.so;vtkFiltersAMR;vtkParallelCore;vtkIOLegacy;vtkFiltersFlowPaths;vtkFiltersGeneric;vtkFiltersHybrid;vtkImagingSources;vtkFiltersHyperTree;vtkFiltersImaging;vtkImagingGeneral;vtkFiltersModeling;vtkFiltersParallel;vtkFiltersParallelFlowPaths;vtkParallelMPI;vtkFiltersParallelGeometry;vtkFiltersParallelImaging;vtkFiltersParallelMPI;vtkFiltersParallelStatistics;vtkFiltersProgrammable;vtkFiltersPython;/usr/lib/x86_64-linux-gnu/libpython2.7.so;vtkWrappingPythonCore;vtkWrappingTools;vtkFiltersReebGraph;vtkFiltersSMP;vtkFiltersSelection;vtkFiltersTexture;vtkFiltersVerdict;verdict;vtkGUISupportQt;vtkInteractionStyle;vtkRenderingOpenGL;vtkImagingHybrid;vtkIOImage;vtkmetaio;/usr/lib/x86_64-linux-gnu/libjpeg.so;/usr/lib/x86_64-linux-gnu/libpng.so;/usr/lib/x86_64-linux-gnu/libtiff.so;vtkGUISupportQtOpenGL;vtkGUISupportQtSQL;vtkIOSQL;sqlite3;vtkGUISupportQtWebkit;vtkViewsQt;vtkViewsInfovis;vtkInfovisLayout;vtkInfovisBoostGraphAlgorithms;vtkRenderingLabel;vtkViewsCore;vtkInteractionWidgets;vtkRenderingAnnotation;vtkImagingColor;vtkRenderingVolume;vtkGeovisCore;/usr/lib/x86_64-linux-gnu/libproj.so;vtkIOAMR;/usr/lib/x86_64-linux-gnu/hdf5/openmpi/libhdf5.so;/usr/lib/x86_64-linux-gnu/libsz.so;/usr/lib/x86_64-linux-gnu/libdl.so;/usr/lib/x86_64-linux-gnu/libm.so;/usr/lib/x86_64-linux-gnu/openmpi/lib/libmpi.so;vtkIOEnSight;vtkIOExodus;vtkexoIIc;/usr/lib/x86_64-linux-gnu/libnetcdf_c++.so;/usr/lib/x86_64-linux-gnu/libnetcdf.so;vtkIOExport;vtkRenderingGL2PS;vtkRenderingContextOpenGL;/usr/lib/x86_64-linux-gnu/libgl2ps.so;vtkIOFFMPEG;vtkIOMovie;/usr/lib/x86_64-linux-gnu/libtheoraenc.so;/usr/lib/x86_64-linux-gnu/libtheoradec.so;/usr/lib/x86_64-linux-gnu/libogg.so;vtkIOGDAL;vtkIOGeoJSON;vtkIOImport;vtkIOInfovis;/usr/lib/x86_64-linux-gnu/libxml2.so;vtkIOLSDyna;vtkIOMINC;vtkIOMPIImage;vtkIOMPIParallel;vtkIOParallel;vtkIONetCDF;/usr/lib/x86_64-linux-gnu/libjsoncpp.so;vtkIOMySQL;vtkIOODBC;vtkIOPLY;vtkIOParallelExodus;vtkIOParallelLSDyna;vtkIOParallelNetCDF;vtkIOParallelXML;vtkIOPostgreSQL;vtkIOVPIC;VPIC;vtkIOVideo;vtkIOXdmf2;vtkxdmf2;vtkImagingMath;vtkImagingMorphological;vtkImagingStatistics;vtkImagingStencil;vtkInteractionImage;vtkLocalExample;vtkParallelMPI4Py;vtkPythonInterpreter;vtkRenderingExternal;vtkRenderingFreeTypeFontConfig;vtkRenderingImage;vtkRenderingLIC;vtkRenderingLOD;vtkRenderingMatplotlib;vtkRenderingParallel;vtkRenderingParallelLIC;vtkRenderingQt;vtkRenderingVolumeAMR;vtkRenderingVolumeOpenGL;vtkTestingGenericBridge;vtkTestingIOSQL;vtkTestingRendering;vtkViewsContext2D;vtkViewsGeovis;vtkWrappingJava;optimized;/usr/lib/x86_64-linux-gnu/libpcl_io.so;debug;/usr/lib/x86_64-linux-gnu/libpcl_io.so;optimized;/usr/lib/x86_64-linux-gnu/libflann_cpp_s.a;debug;/usr/lib/x86_64-linux-gnu/libflann_cpp_s.a;optimized;/usr/lib/x86_64-linux-gnu/libpcl_kdtree.so;debug;/usr/lib/x86_64-linux-gnu/libpcl_kdtree.so;optimized;/usr/lib/x86_64-linux-gnu/libpcl_search.so;debug;/usr/lib/x86_64-linux-gnu/libpcl_search.so;optimized;/usr/lib/x86_64-linux-gnu/libpcl_sample_consensus.so;debug;/usr/lib/x86_64-linux-gnu/libpcl_sample_consensus.so;optimized;/usr/lib/x86_64-linux-gnu/libpcl_filters.so;debug;/usr/lib/x86_64-linux-gnu/libpcl_filters.so;optimized;/usr/lib/x86_64-linux-gnu/libpcl_features.so;debug;/usr/lib/x86_64-linux-gnu/libpcl_features.so;optimized;/usr/lib/x86_64-linux-gnu/libpcl_ml.so;debug;/usr/lib/x86_64-linux-gnu/libpcl_ml.so;optimized;/usr/lib/x86_64-linux-gnu/libpcl_segmentation.so;debug;/usr/lib/x86_64-linux-gnu/libpcl_segmentation.so;optimized;/usr/lib/x86_64-linux-gnu/libpcl_visualization.so;debug;/usr/lib/x86_64-linux-gnu/libpcl_visualization.so;optimized;/usr/lib/x86_64-linux-gnu/libqhull.so;debug;/usr/lib/x86_64-linux-gnu/libqhull.so;optimized;/usr/lib/x86_64-linux-gnu/libpcl_surface.so;debug;/usr/lib/x86_64-linux-gnu/libpcl_surface.so;optimized;/usr/lib/x86_64-linux-gnu/libpcl_registration.so;debug;/usr/lib/x86_64-linux-gnu/libpcl_registration.so;optimized;/usr/lib/x86_64-linux-gnu/libpcl_keypoints.so;debug;/usr/lib/x86_64-linux-gnu/libpcl_keypoints.so;optimized;/usr/lib/x86_64-linux-gnu/libpcl_tracking.so;debug;/usr/lib/x86_64-linux-gnu/libpcl_tracking.so;optimized;/usr/lib/x86_64-linux-gnu/libpcl_recognition.so;debug;/usr/lib/x86_64-linux-gnu/libpcl_recognition.so;optimized;/usr/lib/x86_64-linux-gnu/libpcl_stereo.so;debug;/usr/lib/x86_64-linux-gnu/libpcl_stereo.so;optimized;/usr/lib/x86_64-linux-gnu/libpcl_apps.so;debug;/usr/lib/x86_64-linux-gnu/libpcl_apps.so;optimized;/usr/lib/x86_64-linux-gnu/libpcl_outofcore.so;debug;/usr/lib/x86_64-linux-gnu/libpcl_outofcore.so;optimized;/usr/lib/x86_64-linux-gnu/libpcl_people.so;debug;/usr/lib/x86_64-linux-gnu/libpcl_people.so;/usr/lib/x86_64-linux-gnu/libboost_system.so;/usr/lib/x86_64-linux-gnu/libboost_filesystem.so;/usr/lib/x86_64-linux-gnu/libboost_thread.so;/usr/lib/x86_64-linux-gnu/libboost_date_time.so;/usr/lib/x86_64-linux-gnu/libboost_iostreams.so;/usr/lib/x86_64-linux-gnu/libboost_serialization.so;/usr/lib/x86_64-linux-gnu/libboost_chrono.so;/usr/lib/x86_64-linux-gnu/libboost_atomic.so;/usr/lib/x86_64-linux-gnu/libboost_regex.so;/usr/lib/x86_64-linux-gnu/libpthread.so;optimized;/usr/lib/x86_64-linux-gnu/libqhull.so;debug;/usr/lib/x86_64-linux-gnu/libqhull.so;/usr/lib/libOpenNI.so;/usr/lib/libOpenNI2.so;optimized;/usr/lib/x86_64-linux-gnu/libflann_cpp_s.a;debug;/usr/lib/x86_64-linux-gnu/libflann_cpp_s.a;vtkChartsCore;vtkCommonColor;vtkCommonDataModel;vtkCommonMath;vtkCommonCore;vtksys;vtkCommonMisc;vtkCommonSystem;vtkCommonTransforms;vtkInfovisCore;vtkFiltersExtraction;vtkCommonExecutionModel;vtkFiltersCore;vtkFiltersGeneral;vtkCommonComputationalGeometry;vtkFiltersStatistics;vtkImagingFourier;vtkImagingCore;vtkalglib;vtkRenderingContext2D;vtkRenderingCore;vtkFiltersGeometry;vtkFiltersSources;vtkRenderingFreeType;/usr/lib/x86_64-linux-gnu/libfreetype.so;/usr/lib/x86_64-linux-gnu/libz.so;vtkftgl;vtkDICOMParser;vtkDomainsChemistry;vtkIOXML;vtkIOGeometry;vtkIOCore;vtkIOXMLParser;/usr/lib/x86_64-linux-gnu/libexpat.so;vtkFiltersAMR;vtkParallelCore;vtkIOLegacy;vtkFiltersFlowPaths;vtkFiltersGeneric;vtkFiltersHybrid;vtkImagingSources;vtkFiltersHyperTree;vtkFiltersImaging;vtkImagingGeneral;vtkFiltersModeling;vtkFiltersParallel;vtkFiltersParallelFlowPaths;vtkParallelMPI;vtkFiltersParallelGeometry;vtkFiltersParallelImaging;vtkFiltersParallelMPI;vtkFiltersParallelStatistics;vtkFiltersProgrammable;vtkFiltersPython;/usr/lib/x86_64-linux-gnu/libpython2.7.so;vtkWrappingPythonCore;vtkWrappingTools;vtkFiltersReebGraph;vtkFiltersSMP;vtkFiltersSelection;vtkFiltersTexture;vtkFiltersVerdict;verdict;vtkGUISupportQt;vtkInteractionStyle;vtkRenderingOpenGL;vtkImagingHybrid;vtkIOImage;vtkmetaio;/usr/lib/x86_64-linux-gnu/libjpeg.so;/usr/lib/x86_64-linux-gnu/libpng.so;/usr/lib/x86_64-linux-gnu/libtiff.so;vtkGUISupportQtOpenGL;vtkGUISupportQtSQL;vtkIOSQL;sqlite3;vtkGUISupportQtWebkit;vtkViewsQt;vtkViewsInfovis;vtkInfovisLayout;vtkInfovisBoostGraphAlgorithms;vtkRenderingLabel;vtkViewsCore;vtkInteractionWidgets;vtkRenderingAnnotation;vtkImagingColor;vtkRenderingVolume;vtkGeovisCore;/usr/lib/x86_64-linux-gnu/libproj.so;vtkIOAMR;/usr/lib/x86_64-linux-gnu/hdf5/openmpi/libhdf5.so;/usr/lib/x86_64-linux-gnu/libsz.so;/usr/lib/x86_64-linux-gnu/libdl.so;/usr/lib/x86_64-linux-gnu/libm.so;/usr/lib/x86_64-linux-gnu/openmpi/lib/libmpi.so;vtkIOEnSight;vtkIOExodus;vtkexoIIc;/usr/lib/x86_64-linux-gnu/libnetcdf_c++.so;/usr/lib/x86_64-linux-gnu/libnetcdf.so;vtkIOExport;vtkRenderingGL2PS;vtkRenderingContextOpenGL;/usr/lib/x86_64-linux-gnu/libgl2ps.so;vtkIOFFMPEG;vtkIOMovie;/usr/lib/x86_64-linux-gnu/libtheoraenc.so;/usr/lib/x86_64-linux-gnu/libtheoradec.so;/usr/lib/x86_64-linux-gnu/libogg.so;vtkIOGDAL;vtkIOGeoJSON;vtkIOImport;vtkIOInfovis;/usr/lib/x86_64-linux-gnu/libxml2.so;vtkIOLSDyna;vtkIOMINC;vtkIOMPIImage;vtkIOMPIParallel;vtkIOParallel;vtkIONetCDF;/usr/lib/x86_64-linux-gnu/libjsoncpp.so;vtkIOMySQL;vtkIOODBC;vtkIOPLY;vtkIOParallelExodus;vtkIOParallelLSDyna;vtkIOParallelNetCDF;vtkIOParallelXML;vtkIOPostgreSQL;vtkIOVPIC;VPIC;vtkIOVideo;vtkIOXdmf2;vtkxdmf2;vtkImagingMath;vtkImagingMorphological;vtkImagingStatistics;vtkImagingStencil;vtkInteractionImage;vtkLocalExample;vtkParallelMPI4Py;vtkPythonInterpreter;vtkRenderingExternal;vtkRenderingFreeTypeFontConfig;vtkRenderingImage;vtkRenderingLIC;vtkRenderingLOD;vtkRenderingMatplotlib;vtkRenderingParallel;vtkRenderingParallelLIC;vtkRenderingQt;vtkRenderingVolumeAMR;vtkRenderingVolumeOpenGL;vtkTestingGenericBridge;vtkTestingIOSQL;vtkTestingRendering;vtkViewsContext2D;vtkViewsGeovis;vtkWrappingJava (Required is at least version "1.7") 
[3.694s] -- Found OpenCV: /usr (found version "3.2.0") 
[3.860s] -- Configuring done
[4.066s] -- Generating done
[4.081s] -- Build files have been written to: /home/yeap/APC_2022_Prac/airsimversion/autoware.ai/build/lidar_shape_estimation
[4.096s] Invoked command in '/home/yeap/APC_2022_Prac/airsimversion/autoware.ai/build/lidar_shape_estimation' returned '0': CMAKE_PREFIX_PATH=/home/yeap/APC_2022_Prac/airsimversion/autoware.ai/install/autoware_msgs:/home/yeap/APC_2022_Prac/airsimversion/autoware.ai/install/autoware_build_flags:${CMAKE_PREFIX_PATH} PKG_CONFIG_PATH=/home/yeap/APC_2022_Prac/airsimversion/autoware.ai/install/autoware_msgs/lib/x86_64-linux-gnu/pkgconfig:/home/yeap/APC_2022_Prac/airsimversion/autoware.ai/install/autoware_msgs/lib/pkgconfig:/home/yeap/APC_2022_Prac/airsimversion/autoware.ai/install/autoware_build_flags/lib/x86_64-linux-gnu/pkgconfig:/home/yeap/APC_2022_Prac/airsimversion/autoware.ai/install/autoware_build_flags/lib/pkgconfig:${PKG_CONFIG_PATH} PYTHONPATH=/home/yeap/APC_2022_Prac/airsimversion/autoware.ai/install/autoware_msgs/lib/python2.7/dist-packages:${PYTHONPATH} ROS_PACKAGE_PATH=/home/yeap/APC_2022_Prac/airsimversion/autoware.ai/install/autoware_msgs/share:/home/yeap/APC_2022_Prac/airsimversion/autoware.ai/install/autoware_build_flags/share:${ROS_PACKAGE_PATH} /usr/bin/cmake /home/yeap/APC_2022_Prac/airsimversion/autoware.ai/src/autoware/core_perception/lidar_shape_estimation -DCMAKE_BUILD_TYPE=Release -DCATKIN_INSTALL_INTO_PREFIX_ROOT=0 -DCMAKE_INSTALL_PREFIX=/home/yeap/APC_2022_Prac/airsimversion/autoware.ai/install/lidar_shape_estimation
[4.097s] Invoking command in '/home/yeap/APC_2022_Prac/airsimversion/autoware.ai/build/lidar_shape_estimation': CMAKE_PREFIX_PATH=/home/yeap/APC_2022_Prac/airsimversion/autoware.ai/install/autoware_msgs:/home/yeap/APC_2022_Prac/airsimversion/autoware.ai/install/autoware_build_flags:${CMAKE_PREFIX_PATH} PKG_CONFIG_PATH=/home/yeap/APC_2022_Prac/airsimversion/autoware.ai/install/autoware_msgs/lib/x86_64-linux-gnu/pkgconfig:/home/yeap/APC_2022_Prac/airsimversion/autoware.ai/install/autoware_msgs/lib/pkgconfig:/home/yeap/APC_2022_Prac/airsimversion/autoware.ai/install/autoware_build_flags/lib/x86_64-linux-gnu/pkgconfig:/home/yeap/APC_2022_Prac/airsimversion/autoware.ai/install/autoware_build_flags/lib/pkgconfig:${PKG_CONFIG_PATH} PYTHONPATH=/home/yeap/APC_2022_Prac/airsimversion/autoware.ai/install/autoware_msgs/lib/python2.7/dist-packages:${PYTHONPATH} ROS_PACKAGE_PATH=/home/yeap/APC_2022_Prac/airsimversion/autoware.ai/install/autoware_msgs/share:/home/yeap/APC_2022_Prac/airsimversion/autoware.ai/install/autoware_build_flags/share:${ROS_PACKAGE_PATH} /usr/bin/cmake --build /home/yeap/APC_2022_Prac/airsimversion/autoware.ai/build/lidar_shape_estimation -- -j6 -l6
[4.150s] [35m[1mScanning dependencies of target std_srvs_generate_messages_lisp[0m
[4.161s] [  0%] Built target std_srvs_generate_messages_lisp
[4.173s] [35m[1mScanning dependencies of target actionlib_generate_messages_py[0m
[4.184s] [  0%] Built target actionlib_generate_messages_py
[4.196s] [35m[1mScanning dependencies of target actionlib_generate_messages_cpp[0m
[4.207s] [  0%] Built target actionlib_generate_messages_cpp
[4.218s] [35m[1mScanning dependencies of target tf_generate_messages_nodejs[0m
[4.229s] [  0%] Built target tf_generate_messages_nodejs
[4.241s] [35m[1mScanning dependencies of target tf_generate_messages_lisp[0m
[4.254s] [  0%] Built target tf_generate_messages_lisp
[4.267s] [35m[1mScanning dependencies of target topic_tools_generate_messages_nodejs[0m
[4.278s] [  0%] Built target topic_tools_generate_messages_nodejs
[4.290s] [35m[1mScanning dependencies of target topic_tools_generate_messages_eus[0m
[4.301s] [  0%] Built target topic_tools_generate_messages_eus
[4.312s] [35m[1mScanning dependencies of target topic_tools_generate_messages_cpp[0m
[4.323s] [  0%] Built target topic_tools_generate_messages_cpp
[4.335s] [35m[1mScanning dependencies of target std_srvs_generate_messages_py[0m
[4.348s] [  0%] Built target std_srvs_generate_messages_py
[4.358s] [35m[1mScanning dependencies of target geometry_msgs_generate_messages_py[0m
[4.371s] [  0%] Built target geometry_msgs_generate_messages_py
[4.382s] [35m[1mScanning dependencies of target sensor_msgs_generate_messages_nodejs[0m
[4.393s] [  0%] Built target sensor_msgs_generate_messages_nodejs
[4.404s] [35m[1mScanning dependencies of target roscpp_generate_messages_cpp[0m
[4.415s] [  0%] Built target roscpp_generate_messages_cpp
[4.427s] [35m[1mScanning dependencies of target pcl_msgs_generate_messages_eus[0m
[4.439s] [  0%] Built target pcl_msgs_generate_messages_eus
[4.450s] [35m[1mScanning dependencies of target rosgraph_msgs_generate_messages_eus[0m
[4.463s] [  0%] Built target rosgraph_msgs_generate_messages_eus
[4.474s] [35m[1mScanning dependencies of target jsk_recognition_msgs_generate_messages_lisp[0m
[4.486s] [  0%] Built target jsk_recognition_msgs_generate_messages_lisp
[4.498s] [35m[1mScanning dependencies of target jsk_recognition_msgs_generate_messages_eus[0m
[4.509s] [  0%] Built target jsk_recognition_msgs_generate_messages_eus
[4.520s] [35m[1mScanning dependencies of target std_msgs_generate_messages_py[0m
[4.531s] [  0%] Built target std_msgs_generate_messages_py
[4.543s] [35m[1mScanning dependencies of target std_msgs_generate_messages_nodejs[0m
[4.554s] [  0%] Built target std_msgs_generate_messages_nodejs
[4.566s] [35m[1mScanning dependencies of target bond_generate_messages_lisp[0m
[4.578s] [  0%] Built target bond_generate_messages_lisp
[4.589s] [35m[1mScanning dependencies of target sensor_msgs_generate_messages_eus[0m
[4.601s] [  0%] Built target sensor_msgs_generate_messages_eus
[4.613s] [35m[1mScanning dependencies of target sensor_msgs_generate_messages_cpp[0m
[4.624s] [  0%] Built target sensor_msgs_generate_messages_cpp
[4.636s] [35m[1mScanning dependencies of target autoware_msgs_generate_messages_cpp[0m
[4.649s] [  0%] Built target autoware_msgs_generate_messages_cpp
[4.661s] [35m[1mScanning dependencies of target tf_generate_messages_py[0m
[4.673s] [  0%] Built target tf_generate_messages_py
[4.684s] [35m[1mScanning dependencies of target dynamic_reconfigure_generate_messages_cpp[0m
[4.696s] [  0%] Built target dynamic_reconfigure_generate_messages_cpp
[4.707s] [35m[1mScanning dependencies of target rosgraph_msgs_generate_messages_cpp[0m
[4.719s] [  0%] Built target rosgraph_msgs_generate_messages_cpp
[4.730s] [35m[1mScanning dependencies of target pcl_msgs_generate_messages_nodejs[0m
[4.743s] [  0%] Built target pcl_msgs_generate_messages_nodejs
[4.758s] [35m[1mScanning dependencies of target nodelet_generate_messages_nodejs[0m
[4.770s] [  0%] Built target nodelet_generate_messages_nodejs
[4.782s] [35m[1mScanning dependencies of target jsk_recognition_msgs_generate_messages_py[0m
[4.793s] [  0%] Built target jsk_recognition_msgs_generate_messages_py
[4.805s] [35m[1mScanning dependencies of target sensor_msgs_generate_messages_lisp[0m
[4.816s] [  0%] Built target sensor_msgs_generate_messages_lisp
[4.827s] [35m[1mScanning dependencies of target std_msgs_generate_messages_cpp[0m
[4.839s] [  0%] Built target std_msgs_generate_messages_cpp
[4.851s] [35m[1mScanning dependencies of target jsk_footstep_msgs_generate_messages_py[0m
[4.863s] [  0%] Built target jsk_footstep_msgs_generate_messages_py
[4.875s] [35m[1mScanning dependencies of target sensor_msgs_generate_messages_py[0m
[4.886s] [  0%] Built target sensor_msgs_generate_messages_py
[4.898s] [35m[1mScanning dependencies of target nodelet_generate_messages_py[0m
[4.909s] [  0%] Built target nodelet_generate_messages_py
[4.921s] [35m[1mScanning dependencies of target geometry_msgs_generate_messages_eus[0m
[4.932s] [  0%] Built target geometry_msgs_generate_messages_eus
[4.944s] [35m[1mScanning dependencies of target std_msgs_generate_messages_lisp[0m
[4.956s] [  0%] Built target std_msgs_generate_messages_lisp
[4.968s] [35m[1mScanning dependencies of target roscpp_generate_messages_nodejs[0m
[4.980s] [  0%] Built target roscpp_generate_messages_nodejs
[4.991s] [35m[1mScanning dependencies of target geometry_msgs_generate_messages_nodejs[0m
[5.003s] [  0%] Built target geometry_msgs_generate_messages_nodejs
[5.014s] [35m[1mScanning dependencies of target actionlib_generate_messages_eus[0m
[5.025s] [  0%] Built target actionlib_generate_messages_eus
[5.037s] [35m[1mScanning dependencies of target pcl_msgs_generate_messages_py[0m
[5.049s] [  0%] Built target pcl_msgs_generate_messages_py
[5.060s] [35m[1mScanning dependencies of target geometry_msgs_generate_messages_lisp[0m
[5.071s] [  0%] Built target geometry_msgs_generate_messages_lisp
[5.083s] [35m[1mScanning dependencies of target actionlib_generate_messages_lisp[0m
[5.094s] [  0%] Built target actionlib_generate_messages_lisp
[5.106s] [35m[1mScanning dependencies of target geometry_msgs_generate_messages_cpp[0m
[5.117s] [  0%] Built target geometry_msgs_generate_messages_cpp
[5.128s] [35m[1mScanning dependencies of target pcl_msgs_generate_messages_cpp[0m
[5.141s] [  0%] Built target pcl_msgs_generate_messages_cpp
[5.152s] [35m[1mScanning dependencies of target dynamic_reconfigure_generate_messages_lisp[0m
[5.164s] [  0%] Built target dynamic_reconfigure_generate_messages_lisp
[5.175s] [35m[1mScanning dependencies of target topic_tools_generate_messages_lisp[0m
[5.187s] [  0%] Built target topic_tools_generate_messages_lisp
[5.198s] [35m[1mScanning dependencies of target jsk_recognition_msgs_generate_messages_cpp[0m
[5.209s] [  0%] Built target jsk_recognition_msgs_generate_messages_cpp
[5.222s] [35m[1mScanning dependencies of target autoware_msgs_generate_messages_eus[0m
[5.235s] [  0%] Built target autoware_msgs_generate_messages_eus
[5.246s] [35m[1mScanning dependencies of target autoware_msgs_generate_messages_lisp[0m
[5.258s] [  0%] Built target autoware_msgs_generate_messages_lisp
[5.269s] [35m[1mScanning dependencies of target autoware_msgs_generate_messages_py[0m
[5.280s] [  0%] Built target autoware_msgs_generate_messages_py
[5.291s] [35m[1mScanning dependencies of target nodelet_generate_messages_lisp[0m
[5.303s] [  0%] Built target nodelet_generate_messages_lisp
[5.313s] [35m[1mScanning dependencies of target actionlib_generate_messages_nodejs[0m
[5.324s] [  0%] Built target actionlib_generate_messages_nodejs
[5.335s] [35m[1mScanning dependencies of target tf_generate_messages_cpp[0m
[5.345s] [  0%] Built target tf_generate_messages_cpp
[5.356s] [35m[1mScanning dependencies of target pcl_msgs_generate_messages_lisp[0m
[5.368s] [  0%] Built target pcl_msgs_generate_messages_lisp
[5.379s] [35m[1mScanning dependencies of target std_msgs_generate_messages_eus[0m
[5.391s] [  0%] Built target std_msgs_generate_messages_eus
[5.402s] [35m[1mScanning dependencies of target autoware_msgs_generate_messages_nodejs[0m
[5.413s] [  0%] Built target autoware_msgs_generate_messages_nodejs
[5.432s] [35m[1mScanning dependencies of target jsk_footstep_msgs_generate_messages_eus[0m
[5.444s] [  0%] Built target jsk_footstep_msgs_generate_messages_eus
[5.455s] [35m[1mScanning dependencies of target actionlib_msgs_generate_messages_py[0m
[5.467s] [  0%] Built target actionlib_msgs_generate_messages_py
[5.478s] [35m[1mScanning dependencies of target jsk_footstep_msgs_generate_messages_lisp[0m
[5.490s] [  0%] Built target jsk_footstep_msgs_generate_messages_lisp
[5.502s] [35m[1mScanning dependencies of target jsk_footstep_msgs_generate_messages_nodejs[0m
[5.513s] [  0%] Built target jsk_footstep_msgs_generate_messages_nodejs
[5.525s] [35m[1mScanning dependencies of target tf_generate_messages_eus[0m
[5.538s] [  0%] Built target tf_generate_messages_eus
[5.549s] [35m[1mScanning dependencies of target jsk_footstep_msgs_generate_messages_cpp[0m
[5.561s] [  0%] Built target jsk_footstep_msgs_generate_messages_cpp
[5.573s] [35m[1mScanning dependencies of target actionlib_msgs_generate_messages_cpp[0m
[5.584s] [  0%] Built target actionlib_msgs_generate_messages_cpp
[5.596s] [35m[1mScanning dependencies of target std_srvs_generate_messages_cpp[0m
[5.608s] [  0%] Built target std_srvs_generate_messages_cpp
[5.619s] [35m[1mScanning dependencies of target actionlib_msgs_generate_messages_lisp[0m
[5.631s] [  0%] Built target actionlib_msgs_generate_messages_lisp
[5.643s] [35m[1mScanning dependencies of target pcl_ros_gencfg[0m
[5.654s] [  0%] Built target pcl_ros_gencfg
[5.666s] [35m[1mScanning dependencies of target dynamic_reconfigure_generate_messages_eus[0m
[5.678s] [  0%] Built target dynamic_reconfigure_generate_messages_eus
[5.689s] [35m[1mScanning dependencies of target dynamic_reconfigure_generate_messages_nodejs[0m
[5.701s] [  0%] Built target dynamic_reconfigure_generate_messages_nodejs
[5.713s] [35m[1mScanning dependencies of target dynamic_reconfigure_generate_messages_py[0m
[5.724s] [  0%] Built target dynamic_reconfigure_generate_messages_py
[5.736s] [35m[1mScanning dependencies of target tf2_msgs_generate_messages_lisp[0m
[5.748s] [  0%] Built target tf2_msgs_generate_messages_lisp
[5.760s] [35m[1mScanning dependencies of target dynamic_reconfigure_gencfg[0m
[5.772s] [  0%] Built target dynamic_reconfigure_gencfg
[5.784s] [35m[1mScanning dependencies of target jsk_recognition_msgs_generate_messages_nodejs[0m
[5.796s] [  0%] Built target jsk_recognition_msgs_generate_messages_nodejs
[5.807s] [35m[1mScanning dependencies of target std_srvs_generate_messages_eus[0m
[5.819s] [  0%] Built target std_srvs_generate_messages_eus
[5.830s] [35m[1mScanning dependencies of target roscpp_generate_messages_lisp[0m
[5.843s] [  0%] Built target roscpp_generate_messages_lisp
[5.854s] [35m[1mScanning dependencies of target bond_generate_messages_eus[0m
[5.866s] [  0%] Built target bond_generate_messages_eus
[5.878s] [35m[1mScanning dependencies of target roscpp_generate_messages_py[0m
[5.890s] [  0%] Built target roscpp_generate_messages_py
[5.901s] [35m[1mScanning dependencies of target rosgraph_msgs_generate_messages_lisp[0m
[5.913s] [  0%] Built target rosgraph_msgs_generate_messages_lisp
[5.924s] [35m[1mScanning dependencies of target rosgraph_msgs_generate_messages_nodejs[0m
[5.936s] [  0%] Built target rosgraph_msgs_generate_messages_nodejs
[5.948s] [35m[1mScanning dependencies of target roscpp_generate_messages_eus[0m
[5.960s] [  0%] Built target roscpp_generate_messages_eus
[5.972s] [35m[1mScanning dependencies of target actionlib_msgs_generate_messages_eus[0m
[5.983s] [  0%] Built target actionlib_msgs_generate_messages_eus
[5.995s] [35m[1mScanning dependencies of target rosgraph_msgs_generate_messages_py[0m
[6.007s] [  0%] Built target rosgraph_msgs_generate_messages_py
[6.018s] [35m[1mScanning dependencies of target nodelet_generate_messages_cpp[0m
[6.030s] [  0%] Built target nodelet_generate_messages_cpp
[6.042s] [35m[1mScanning dependencies of target bond_generate_messages_py[0m
[6.054s] [  0%] Built target bond_generate_messages_py
[6.065s] [35m[1mScanning dependencies of target std_srvs_generate_messages_nodejs[0m
[6.077s] [  0%] Built target std_srvs_generate_messages_nodejs
[6.089s] [35m[1mScanning dependencies of target nodelet_generate_messages_eus[0m
[6.101s] [  0%] Built target nodelet_generate_messages_eus
[6.112s] [35m[1mScanning dependencies of target bond_generate_messages_cpp[0m
[6.124s] [  0%] Built target bond_generate_messages_cpp
[6.135s] [35m[1mScanning dependencies of target bond_generate_messages_nodejs[0m
[6.147s] [  0%] Built target bond_generate_messages_nodejs
[6.158s] [35m[1mScanning dependencies of target topic_tools_generate_messages_py[0m
[6.170s] [  0%] Built target topic_tools_generate_messages_py
[6.182s] [35m[1mScanning dependencies of target actionlib_msgs_generate_messages_nodejs[0m
[6.193s] [  0%] Built target actionlib_msgs_generate_messages_nodejs
[6.205s] [35m[1mScanning dependencies of target nodelet_topic_tools_gencfg[0m
[6.216s] [  0%] Built target nodelet_topic_tools_gencfg
[6.227s] [35m[1mScanning dependencies of target _catkin_empty_exported_target[0m
[6.240s] [  0%] Built target _catkin_empty_exported_target
[6.251s] [35m[1mScanning dependencies of target tf2_msgs_generate_messages_py[0m
[6.263s] [  0%] Built target tf2_msgs_generate_messages_py
[6.275s] [35m[1mScanning dependencies of target tf2_msgs_generate_messages_cpp[0m
[6.287s] [  0%] Built target tf2_msgs_generate_messages_cpp
[6.298s] [35m[1mScanning dependencies of target tf2_msgs_generate_messages_eus[0m
[6.310s] [  0%] Built target tf2_msgs_generate_messages_eus
[6.321s] [35m[1mScanning dependencies of target tf2_msgs_generate_messages_nodejs[0m
[6.333s] [  0%] Built target tf2_msgs_generate_messages_nodejs
[6.347s] [35m[1mScanning dependencies of target lidar_shape_estimation[0m
[6.510s] [ 14%] [32mBuilding CXX object CMakeFiles/lidar_shape_estimation.dir/src/main.cpp.o[0m
[12.924s] [ 28%] [32mBuilding CXX object CMakeFiles/lidar_shape_estimation.dir/src/model/cylinder.cpp.o[0m
[19.593s] [ 42%] [32mBuilding CXX object CMakeFiles/lidar_shape_estimation.dir/src/model/convex_hull.cpp.o[0m
[25.837s] [ 57%] [32mBuilding CXX object CMakeFiles/lidar_shape_estimation.dir/src/model/bounding_box.cpp.o[0m
[32.700s] [ 71%] [32mBuilding CXX object CMakeFiles/lidar_shape_estimation.dir/src/shape_estimator.cpp.o[0m
[39.091s] [ 85%] [32mBuilding CXX object CMakeFiles/lidar_shape_estimation.dir/src/node.cpp.o[0m
[47.031s] [100%] [32m[1mLinking CXX executable devel/lib/lidar_shape_estimation/lidar_shape_estimation[0m
[49.204s] [100%] Built target lidar_shape_estimation
[49.217s] Invoked command in '/home/yeap/APC_2022_Prac/airsimversion/autoware.ai/build/lidar_shape_estimation' returned '0': CMAKE_PREFIX_PATH=/home/yeap/APC_2022_Prac/airsimversion/autoware.ai/install/autoware_msgs:/home/yeap/APC_2022_Prac/airsimversion/autoware.ai/install/autoware_build_flags:${CMAKE_PREFIX_PATH} PKG_CONFIG_PATH=/home/yeap/APC_2022_Prac/airsimversion/autoware.ai/install/autoware_msgs/lib/x86_64-linux-gnu/pkgconfig:/home/yeap/APC_2022_Prac/airsimversion/autoware.ai/install/autoware_msgs/lib/pkgconfig:/home/yeap/APC_2022_Prac/airsimversion/autoware.ai/install/autoware_build_flags/lib/x86_64-linux-gnu/pkgconfig:/home/yeap/APC_2022_Prac/airsimversion/autoware.ai/install/autoware_build_flags/lib/pkgconfig:${PKG_CONFIG_PATH} PYTHONPATH=/home/yeap/APC_2022_Prac/airsimversion/autoware.ai/install/autoware_msgs/lib/python2.7/dist-packages:${PYTHONPATH} ROS_PACKAGE_PATH=/home/yeap/APC_2022_Prac/airsimversion/autoware.ai/install/autoware_msgs/share:/home/yeap/APC_2022_Prac/airsimversion/autoware.ai/install/autoware_build_flags/share:${ROS_PACKAGE_PATH} /usr/bin/cmake --build /home/yeap/APC_2022_Prac/airsimversion/autoware.ai/build/lidar_shape_estimation -- -j6 -l6
[49.350s] Invoking command in '/home/yeap/APC_2022_Prac/airsimversion/autoware.ai/build/lidar_shape_estimation': CMAKE_PREFIX_PATH=/home/yeap/APC_2022_Prac/airsimversion/autoware.ai/install/autoware_msgs:/home/yeap/APC_2022_Prac/airsimversion/autoware.ai/install/autoware_build_flags:${CMAKE_PREFIX_PATH} PKG_CONFIG_PATH=/home/yeap/APC_2022_Prac/airsimversion/autoware.ai/install/autoware_msgs/lib/x86_64-linux-gnu/pkgconfig:/home/yeap/APC_2022_Prac/airsimversion/autoware.ai/install/autoware_msgs/lib/pkgconfig:/home/yeap/APC_2022_Prac/airsimversion/autoware.ai/install/autoware_build_flags/lib/x86_64-linux-gnu/pkgconfig:/home/yeap/APC_2022_Prac/airsimversion/autoware.ai/install/autoware_build_flags/lib/pkgconfig:${PKG_CONFIG_PATH} PYTHONPATH=/home/yeap/APC_2022_Prac/airsimversion/autoware.ai/install/autoware_msgs/lib/python2.7/dist-packages:${PYTHONPATH} ROS_PACKAGE_PATH=/home/yeap/APC_2022_Prac/airsimversion/autoware.ai/install/autoware_msgs/share:/home/yeap/APC_2022_Prac/airsimversion/autoware.ai/install/autoware_build_flags/share:${ROS_PACKAGE_PATH} /usr/bin/cmake --build /home/yeap/APC_2022_Prac/airsimversion/autoware.ai/build/lidar_shape_estimation --target tests -- -j6 -l6
[49.423s] [35m[1mScanning dependencies of target gtest[0m
[49.443s] [ 12%] [32mBuilding CXX object gtest/googlemock/gtest/CMakeFiles/gtest.dir/src/gtest-all.cc.o[0m
[54.504s] [ 25%] [32m[1mLinking CXX shared library libgtest.so[0m
[54.622s] [ 25%] Built target gtest
[54.639s] [35m[1mScanning dependencies of target test-lidar_shape_estimation[0m
[54.765s] [ 37%] [32mBuilding CXX object CMakeFiles/test-lidar_shape_estimation.dir/test/src/test_lidar_shape_estimation.cpp.o[0m
[62.638s] [ 50%] [32mBuilding CXX object CMakeFiles/test-lidar_shape_estimation.dir/src/model/cylinder.cpp.o[0m
[69.685s] [ 62%] [32mBuilding CXX object CMakeFiles/test-lidar_shape_estimation.dir/src/model/convex_hull.cpp.o[0m
[76.542s] [ 75%] [32mBuilding CXX object CMakeFiles/test-lidar_shape_estimation.dir/src/model/bounding_box.cpp.o[0m
[83.779s] [ 87%] [32mBuilding CXX object CMakeFiles/test-lidar_shape_estimation.dir/src/shape_estimator.cpp.o[0m
[90.081s] [100%] [32m[1mLinking CXX executable devel/lib/lidar_shape_estimation/test-lidar_shape_estimation[0m
[92.086s] [100%] Built target test-lidar_shape_estimation
[92.110s] [35m[1mScanning dependencies of target tests[0m
[92.122s] [100%] Built target tests
[92.139s] Invoked command in '/home/yeap/APC_2022_Prac/airsimversion/autoware.ai/build/lidar_shape_estimation' returned '0': CMAKE_PREFIX_PATH=/home/yeap/APC_2022_Prac/airsimversion/autoware.ai/install/autoware_msgs:/home/yeap/APC_2022_Prac/airsimversion/autoware.ai/install/autoware_build_flags:${CMAKE_PREFIX_PATH} PKG_CONFIG_PATH=/home/yeap/APC_2022_Prac/airsimversion/autoware.ai/install/autoware_msgs/lib/x86_64-linux-gnu/pkgconfig:/home/yeap/APC_2022_Prac/airsimversion/autoware.ai/install/autoware_msgs/lib/pkgconfig:/home/yeap/APC_2022_Prac/airsimversion/autoware.ai/install/autoware_build_flags/lib/x86_64-linux-gnu/pkgconfig:/home/yeap/APC_2022_Prac/airsimversion/autoware.ai/install/autoware_build_flags/lib/pkgconfig:${PKG_CONFIG_PATH} PYTHONPATH=/home/yeap/APC_2022_Prac/airsimversion/autoware.ai/install/autoware_msgs/lib/python2.7/dist-packages:${PYTHONPATH} ROS_PACKAGE_PATH=/home/yeap/APC_2022_Prac/airsimversion/autoware.ai/install/autoware_msgs/share:/home/yeap/APC_2022_Prac/airsimversion/autoware.ai/install/autoware_build_flags/share:${ROS_PACKAGE_PATH} /usr/bin/cmake --build /home/yeap/APC_2022_Prac/airsimversion/autoware.ai/build/lidar_shape_estimation --target tests -- -j6 -l6
[92.292s] Invoking command in '/home/yeap/APC_2022_Prac/airsimversion/autoware.ai/build/lidar_shape_estimation': CMAKE_PREFIX_PATH=/home/yeap/APC_2022_Prac/airsimversion/autoware.ai/install/autoware_msgs:/home/yeap/APC_2022_Prac/airsimversion/autoware.ai/install/autoware_build_flags:${CMAKE_PREFIX_PATH} PKG_CONFIG_PATH=/home/yeap/APC_2022_Prac/airsimversion/autoware.ai/install/autoware_msgs/lib/x86_64-linux-gnu/pkgconfig:/home/yeap/APC_2022_Prac/airsimversion/autoware.ai/install/autoware_msgs/lib/pkgconfig:/home/yeap/APC_2022_Prac/airsimversion/autoware.ai/install/autoware_build_flags/lib/x86_64-linux-gnu/pkgconfig:/home/yeap/APC_2022_Prac/airsimversion/autoware.ai/install/autoware_build_flags/lib/pkgconfig:${PKG_CONFIG_PATH} PYTHONPATH=/home/yeap/APC_2022_Prac/airsimversion/autoware.ai/install/autoware_msgs/lib/python2.7/dist-packages:${PYTHONPATH} ROS_PACKAGE_PATH=/home/yeap/APC_2022_Prac/airsimversion/autoware.ai/install/autoware_msgs/share:/home/yeap/APC_2022_Prac/airsimversion/autoware.ai/install/autoware_build_flags/share:${ROS_PACKAGE_PATH} /usr/bin/cmake --build /home/yeap/APC_2022_Prac/airsimversion/autoware.ai/build/lidar_shape_estimation --target install -- -j6 -l6
[93.084s] [  0%] Built target std_srvs_generate_messages_lisp
[93.124s] [  0%] Built target actionlib_generate_messages_py
[93.148s] [  0%] Built target actionlib_generate_messages_cpp
[93.173s] [  0%] Built target tf_generate_messages_nodejs
[93.198s] [  0%] Built target tf_generate_messages_lisp
[93.225s] [  0%] Built target topic_tools_generate_messages_nodejs
[93.253s] [  0%] Built target topic_tools_generate_messages_eus
[93.277s] [  0%] Built target topic_tools_generate_messages_cpp
[93.310s] [  0%] Built target std_srvs_generate_messages_py
[93.343s] [  0%] Built target geometry_msgs_generate_messages_py
[93.373s] [  0%] Built target sensor_msgs_generate_messages_nodejs
[93.406s] [  0%] Built target roscpp_generate_messages_cpp
[93.440s] [  0%] Built target pcl_msgs_generate_messages_eus
[93.465s] [  0%] Built target rosgraph_msgs_generate_messages_eus
[93.490s] [  0%] Built target jsk_recognition_msgs_generate_messages_lisp
[93.526s] [  0%] Built target jsk_recognition_msgs_generate_messages_eus
[93.556s] [  0%] Built target std_msgs_generate_messages_py
[93.582s] [  0%] Built target std_msgs_generate_messages_nodejs
[93.606s] [  0%] Built target bond_generate_messages_lisp
[93.642s] [  0%] Built target sensor_msgs_generate_messages_eus
[93.665s] [  0%] Built target sensor_msgs_generate_messages_cpp
[93.701s] [  0%] Built target autoware_msgs_generate_messages_cpp
[93.730s] [  0%] Built target tf_generate_messages_py
[93.761s] [  0%] Built target dynamic_reconfigure_generate_messages_cpp
[93.800s] [  0%] Built target rosgraph_msgs_generate_messages_cpp
[93.830s] [  0%] Built target pcl_msgs_generate_messages_nodejs
[93.862s] [  0%] Built target nodelet_generate_messages_nodejs
[93.895s] [  0%] Built target jsk_recognition_msgs_generate_messages_py
[93.930s] [  0%] Built target sensor_msgs_generate_messages_lisp
[93.955s] [  0%] Built target std_msgs_generate_messages_cpp
[93.983s] [  0%] Built target jsk_footstep_msgs_generate_messages_py
[94.010s] [  0%] Built target sensor_msgs_generate_messages_py
[94.039s] [  0%] Built target nodelet_generate_messages_py
[94.064s] [  0%] Built target geometry_msgs_generate_messages_eus
[94.103s] [  0%] Built target std_msgs_generate_messages_lisp
[94.139s] [  0%] Built target roscpp_generate_messages_nodejs
[94.165s] [  0%] Built target geometry_msgs_generate_messages_nodejs
[94.201s] [  0%] Built target actionlib_generate_messages_eus
[94.231s] [  0%] Built target pcl_msgs_generate_messages_py
[94.264s] [  0%] Built target geometry_msgs_generate_messages_lisp
[94.291s] [  0%] Built target actionlib_generate_messages_lisp
[94.321s] [  0%] Built target geometry_msgs_generate_messages_cpp
[94.348s] [  0%] Built target pcl_msgs_generate_messages_cpp
[94.374s] [  0%] Built target dynamic_reconfigure_generate_messages_lisp
[94.400s] [  0%] Built target topic_tools_generate_messages_lisp
[94.430s] [  0%] Built target jsk_recognition_msgs_generate_messages_cpp
[94.459s] [  0%] Built target autoware_msgs_generate_messages_eus
[94.484s] [  0%] Built target autoware_msgs_generate_messages_lisp
[94.515s] [  0%] Built target autoware_msgs_generate_messages_py
[94.549s] [  0%] Built target nodelet_generate_messages_lisp
[94.576s] [  0%] Built target actionlib_generate_messages_nodejs
[94.620s] [  0%] Built target tf_generate_messages_cpp
[94.651s] [  0%] Built target pcl_msgs_generate_messages_lisp
[94.678s] [  0%] Built target std_msgs_generate_messages_eus
[94.705s] [  0%] Built target autoware_msgs_generate_messages_nodejs
[94.730s] [  0%] Built target jsk_footstep_msgs_generate_messages_eus
[94.762s] [  0%] Built target actionlib_msgs_generate_messages_py
[94.798s] [  0%] Built target jsk_footstep_msgs_generate_messages_lisp
[94.841s] [  0%] Built target jsk_footstep_msgs_generate_messages_nodejs
[94.868s] [  0%] Built target tf_generate_messages_eus
[94.903s] [  0%] Built target jsk_footstep_msgs_generate_messages_cpp
[94.934s] [  0%] Built target actionlib_msgs_generate_messages_cpp
[94.961s] [  0%] Built target std_srvs_generate_messages_cpp
[95.041s] [  0%] Built target actionlib_msgs_generate_messages_lisp
[95.072s] [  0%] Built target pcl_ros_gencfg
[95.098s] [  0%] Built target dynamic_reconfigure_generate_messages_eus
[95.120s] [  0%] Built target dynamic_reconfigure_generate_messages_nodejs
[95.150s] [  0%] Built target dynamic_reconfigure_generate_messages_py
[95.172s] [  0%] Built target tf2_msgs_generate_messages_lisp
[95.199s] [  0%] Built target dynamic_reconfigure_gencfg
[95.222s] [  0%] Built target jsk_recognition_msgs_generate_messages_nodejs
[95.249s] [  0%] Built target std_srvs_generate_messages_eus
[95.280s] [  0%] Built target roscpp_generate_messages_lisp
[95.311s] [  0%] Built target bond_generate_messages_eus
[95.340s] [  0%] Built target roscpp_generate_messages_py
[95.366s] [  0%] Built target rosgraph_msgs_generate_messages_lisp
[95.398s] [  0%] Built target rosgraph_msgs_generate_messages_nodejs
[95.425s] [  0%] Built target roscpp_generate_messages_eus
[95.454s] [  0%] Built target actionlib_msgs_generate_messages_eus
[95.482s] [  0%] Built target rosgraph_msgs_generate_messages_py
[95.514s] [  0%] Built target nodelet_generate_messages_cpp
[95.541s] [  0%] Built target bond_generate_messages_py
[95.594s] [  0%] Built target std_srvs_generate_messages_nodejs
[95.626s] [  0%] Built target nodelet_generate_messages_eus
[95.663s] [  0%] Built target bond_generate_messages_cpp
[95.687s] [  0%] Built target bond_generate_messages_nodejs
[95.716s] [  0%] Built target topic_tools_generate_messages_py
[95.754s] [  0%] Built target actionlib_msgs_generate_messages_nodejs
[95.787s] [  0%] Built target nodelet_topic_tools_gencfg
[95.826s] [  0%] Built target _catkin_empty_exported_target
[95.858s] [  0%] Built target tf2_msgs_generate_messages_py
[95.885s] [  0%] Built target tf2_msgs_generate_messages_cpp
[95.920s] [  0%] Built target tf2_msgs_generate_messages_eus
[95.949s] [  0%] Built target tf2_msgs_generate_messages_nodejs
[96.015s] [100%] Built target lidar_shape_estimation
[96.041s] [36mInstall the project...[0m
[96.056s] -- Install configuration: "Release"
[96.057s] -- Installing: /home/yeap/APC_2022_Prac/airsimversion/autoware.ai/install/lidar_shape_estimation/lib/pkgconfig/lidar_shape_estimation.pc
[96.057s] -- Installing: /home/yeap/APC_2022_Prac/airsimversion/autoware.ai/install/lidar_shape_estimation/share/lidar_shape_estimation/cmake/lidar_shape_estimationConfig.cmake
[96.058s] -- Installing: /home/yeap/APC_2022_Prac/airsimversion/autoware.ai/install/lidar_shape_estimation/share/lidar_shape_estimation/cmake/lidar_shape_estimationConfig-version.cmake
[96.058s] -- Installing: /home/yeap/APC_2022_Prac/airsimversion/autoware.ai/install/lidar_shape_estimation/share/lidar_shape_estimation/package.xml
[96.059s] -- Installing: /home/yeap/APC_2022_Prac/airsimversion/autoware.ai/install/lidar_shape_estimation/lib/lidar_shape_estimation/lidar_shape_estimation
[96.061s] -- Set runtime path of "/home/yeap/APC_2022_Prac/airsimversion/autoware.ai/install/lidar_shape_estimation/lib/lidar_shape_estimation/lidar_shape_estimation" to ""
[96.061s] -- Installing: /home/yeap/APC_2022_Prac/airsimversion/autoware.ai/install/lidar_shape_estimation/share/lidar_shape_estimation/launch
[96.062s] -- Installing: /home/yeap/APC_2022_Prac/airsimversion/autoware.ai/install/lidar_shape_estimation/share/lidar_shape_estimation/launch/shape_estimation_tracking.launch
[96.062s] -- Installing: /home/yeap/APC_2022_Prac/airsimversion/autoware.ai/install/lidar_shape_estimation/share/lidar_shape_estimation/launch/shape_estimation_clustering.launch
[96.062s] -- Installing: /home/yeap/APC_2022_Prac/airsimversion/autoware.ai/install/lidar_shape_estimation/share/lidar_shape_estimation/launch/shape_estimation_fusion.launch
[96.071s] Invoked command in '/home/yeap/APC_2022_Prac/airsimversion/autoware.ai/build/lidar_shape_estimation' returned '0': CMAKE_PREFIX_PATH=/home/yeap/APC_2022_Prac/airsimversion/autoware.ai/install/autoware_msgs:/home/yeap/APC_2022_Prac/airsimversion/autoware.ai/install/autoware_build_flags:${CMAKE_PREFIX_PATH} PKG_CONFIG_PATH=/home/yeap/APC_2022_Prac/airsimversion/autoware.ai/install/autoware_msgs/lib/x86_64-linux-gnu/pkgconfig:/home/yeap/APC_2022_Prac/airsimversion/autoware.ai/install/autoware_msgs/lib/pkgconfig:/home/yeap/APC_2022_Prac/airsimversion/autoware.ai/install/autoware_build_flags/lib/x86_64-linux-gnu/pkgconfig:/home/yeap/APC_2022_Prac/airsimversion/autoware.ai/install/autoware_build_flags/lib/pkgconfig:${PKG_CONFIG_PATH} PYTHONPATH=/home/yeap/APC_2022_Prac/airsimversion/autoware.ai/install/autoware_msgs/lib/python2.7/dist-packages:${PYTHONPATH} ROS_PACKAGE_PATH=/home/yeap/APC_2022_Prac/airsimversion/autoware.ai/install/autoware_msgs/share:/home/yeap/APC_2022_Prac/airsimversion/autoware.ai/install/autoware_build_flags/share:${ROS_PACKAGE_PATH} /usr/bin/cmake --build /home/yeap/APC_2022_Prac/airsimversion/autoware.ai/build/lidar_shape_estimation --target install -- -j6 -l6
