[0.027s] Invoking command in '/home/yeap/APC_2022_Prac/airsimversion/autoware.ai/build/lidar_shape_estimation': CMAKE_PREFIX_PATH=/home/yeap/APC_2022_Prac/airsimversion/autoware.ai/install/autoware_msgs:/home/yeap/APC_2022_Prac/airsimversion/autoware.ai/install/autoware_build_flags:${CMAKE_PREFIX_PATH} PKG_CONFIG_PATH=/home/yeap/APC_2022_Prac/airsimversion/autoware.ai/install/autoware_msgs/lib/x86_64-linux-gnu/pkgconfig:/home/yeap/APC_2022_Prac/airsimversion/autoware.ai/install/autoware_msgs/lib/pkgconfig:/home/yeap/APC_2022_Prac/airsimversion/autoware.ai/install/autoware_build_flags/lib/x86_64-linux-gnu/pkgconfig:/home/yeap/APC_2022_Prac/airsimversion/autoware.ai/install/autoware_build_flags/lib/pkgconfig:${PKG_CONFIG_PATH} PYTHONPATH=/home/yeap/APC_2022_Prac/airsimversion/autoware.ai/install/autoware_msgs/lib/python2.7/dist-packages:${PYTHONPATH} ROS_PACKAGE_PATH=/home/yeap/APC_2022_Prac/airsimversion/autoware.ai/install/autoware_msgs/share:/home/yeap/APC_2022_Prac/airsimversion/autoware.ai/install/autoware_build_flags/share:${ROS_PACKAGE_PATH} /usr/bin/cmake --build /home/yeap/APC_2022_Prac/airsimversion/autoware.ai/build/lidar_shape_estimation -- -j6 -l6
[0.138s] [  0%] Built target tf2_msgs_generate_messages_nodejs
[0.159s] [  0%] Built target tf2_msgs_generate_messages_cpp
[0.160s] [  0%] Built target tf2_msgs_generate_messages_eus
[0.168s] [  0%] Built target std_srvs_generate_messages_lisp
[0.193s] [  0%] Built target actionlib_generate_messages_py
[0.206s] [  0%] Built target tf_generate_messages_nodejs
[0.217s] [  0%] Built target actionlib_generate_messages_cpp
[0.217s] [  0%] Built target tf_generate_messages_lisp
[0.234s] [  0%] Built target topic_tools_generate_messages_nodejs
[0.247s] [  0%] Built target topic_tools_generate_messages_eus
[0.261s] [  0%] Built target topic_tools_generate_messages_cpp
[0.270s] [  0%] Built target std_srvs_generate_messages_py
[0.282s] [  0%] Built target geometry_msgs_generate_messages_py
[0.292s] [  0%] Built target sensor_msgs_generate_messages_nodejs
[0.293s] [  0%] Built target roscpp_generate_messages_cpp
[0.299s] [  0%] Built target pcl_msgs_generate_messages_eus
[0.312s] [  0%] Built target rosgraph_msgs_generate_messages_eus
[0.335s] [  0%] Built target jsk_recognition_msgs_generate_messages_eus
[0.345s] [  0%] Built target std_msgs_generate_messages_py
[0.356s] [  0%] Built target jsk_recognition_msgs_generate_messages_lisp
[0.395s] [  0%] Built target sensor_msgs_generate_messages_eus
[0.403s] [  0%] Built target bond_generate_messages_lisp
[0.406s] [  0%] Built target std_msgs_generate_messages_nodejs
[0.420s] [  0%] Built target sensor_msgs_generate_messages_cpp
[0.452s] [  0%] Built target rosgraph_msgs_generate_messages_cpp
[0.455s] [  0%] Built target autoware_msgs_generate_messages_cpp
[0.458s] [  0%] Built target tf_generate_messages_py
[0.480s] [  0%] Built target dynamic_reconfigure_generate_messages_cpp
[0.501s] [  0%] Built target jsk_recognition_msgs_generate_messages_py
[0.517s] [  0%] Built target nodelet_generate_messages_nodejs
[0.527s] [  0%] Built target pcl_msgs_generate_messages_nodejs
[0.535s] [  0%] Built target sensor_msgs_generate_messages_lisp
[0.554s] [  0%] Built target jsk_footstep_msgs_generate_messages_py
[0.566s] [  0%] Built target std_msgs_generate_messages_cpp
[0.579s] [  0%] Built target sensor_msgs_generate_messages_py
[0.589s] [  0%] Built target nodelet_generate_messages_py
[0.603s] [  0%] Built target std_msgs_generate_messages_lisp
[0.626s] [  0%] Built target roscpp_generate_messages_nodejs
[0.629s] [  0%] Built target geometry_msgs_generate_messages_eus
[0.634s] [  0%] Built target tf2_msgs_generate_messages_py
[0.679s] [  0%] Built target actionlib_generate_messages_eus
[0.680s] [  0%] Built target pcl_msgs_generate_messages_py
[0.707s] [  0%] Built target actionlib_generate_messages_lisp
[0.709s] [  0%] Built target geometry_msgs_generate_messages_nodejs
[0.719s] [  0%] Built target geometry_msgs_generate_messages_lisp
[0.722s] [  0%] Built target geometry_msgs_generate_messages_cpp
[0.727s] [  0%] Built target pcl_msgs_generate_messages_cpp
[0.751s] [  0%] Built target dynamic_reconfigure_generate_messages_lisp
[0.776s] [  0%] Built target topic_tools_generate_messages_lisp
[0.776s] [  0%] Built target autoware_msgs_generate_messages_py
[0.791s] [  0%] Built target jsk_recognition_msgs_generate_messages_cpp
[0.799s] [  0%] Built target autoware_msgs_generate_messages_lisp
[0.820s] [  0%] Built target autoware_msgs_generate_messages_eus
[0.830s] [  0%] Built target actionlib_generate_messages_nodejs
[0.838s] [  0%] Built target tf_generate_messages_cpp
[0.845s] [  0%] Built target nodelet_generate_messages_lisp
[0.858s] [  0%] Built target pcl_msgs_generate_messages_lisp
[0.882s] [  0%] Built target jsk_footstep_msgs_generate_messages_eus
[0.887s] [  0%] Built target jsk_footstep_msgs_generate_messages_lisp
[0.888s] [  0%] Built target std_msgs_generate_messages_eus
[0.899s] [  0%] Built target autoware_msgs_generate_messages_nodejs
[0.923s] [  0%] Built target jsk_footstep_msgs_generate_messages_nodejs
[0.928s] [  0%] Built target actionlib_msgs_generate_messages_py
[0.938s] [  0%] Built target tf_generate_messages_eus
[0.940s] [  0%] Built target std_srvs_generate_messages_cpp
[0.954s] [  0%] Built target actionlib_msgs_generate_messages_cpp
[0.965s] [  0%] Built target jsk_footstep_msgs_generate_messages_cpp
[0.987s] [  0%] Built target actionlib_msgs_generate_messages_lisp
[0.988s] [  0%] Built target pcl_ros_gencfg
[1.019s] [  0%] Built target dynamic_reconfigure_generate_messages_nodejs
[1.025s] [  0%] Built target dynamic_reconfigure_generate_messages_py
[1.038s] [  0%] Built target dynamic_reconfigure_generate_messages_eus
[1.048s] [  0%] Built target tf2_msgs_generate_messages_lisp
[1.062s] [  0%] Built target dynamic_reconfigure_gencfg
[1.074s] [  0%] Built target jsk_recognition_msgs_generate_messages_nodejs
[1.083s] [  0%] Built target std_srvs_generate_messages_eus
[1.087s] [  0%] Built target roscpp_generate_messages_lisp
[1.093s] [  0%] Built target bond_generate_messages_eus
[1.094s] [  0%] Built target roscpp_generate_messages_py
[1.106s] [  0%] Built target rosgraph_msgs_generate_messages_lisp
[1.140s] [  0%] Built target roscpp_generate_messages_eus
[1.140s] [  0%] Built target rosgraph_msgs_generate_messages_py
[1.144s] [  0%] Built target nodelet_generate_messages_cpp
[1.151s] [  0%] Built target rosgraph_msgs_generate_messages_nodejs
[1.151s] [  0%] Built target actionlib_msgs_generate_messages_eus
[1.155s] [  0%] Built target bond_generate_messages_py
[1.193s] [  0%] Built target nodelet_generate_messages_eus
[1.203s] [  0%] Built target bond_generate_messages_cpp
[1.204s] [  0%] Built target std_srvs_generate_messages_nodejs
[1.213s] [  0%] Built target bond_generate_messages_nodejs
[1.216s] [  0%] Built target actionlib_msgs_generate_messages_nodejs
[1.224s] [  0%] Built target topic_tools_generate_messages_py
[1.228s] [  0%] Built target nodelet_topic_tools_gencfg
[1.257s] [  0%] Built target _catkin_empty_exported_target
[1.337s] [100%] Built target lidar_shape_estimation
[1.351s] Invoked command in '/home/yeap/APC_2022_Prac/airsimversion/autoware.ai/build/lidar_shape_estimation' returned '0': CMAKE_PREFIX_PATH=/home/yeap/APC_2022_Prac/airsimversion/autoware.ai/install/autoware_msgs:/home/yeap/APC_2022_Prac/airsimversion/autoware.ai/install/autoware_build_flags:${CMAKE_PREFIX_PATH} PKG_CONFIG_PATH=/home/yeap/APC_2022_Prac/airsimversion/autoware.ai/install/autoware_msgs/lib/x86_64-linux-gnu/pkgconfig:/home/yeap/APC_2022_Prac/airsimversion/autoware.ai/install/autoware_msgs/lib/pkgconfig:/home/yeap/APC_2022_Prac/airsimversion/autoware.ai/install/autoware_build_flags/lib/x86_64-linux-gnu/pkgconfig:/home/yeap/APC_2022_Prac/airsimversion/autoware.ai/install/autoware_build_flags/lib/pkgconfig:${PKG_CONFIG_PATH} PYTHONPATH=/home/yeap/APC_2022_Prac/airsimversion/autoware.ai/install/autoware_msgs/lib/python2.7/dist-packages:${PYTHONPATH} ROS_PACKAGE_PATH=/home/yeap/APC_2022_Prac/airsimversion/autoware.ai/install/autoware_msgs/share:/home/yeap/APC_2022_Prac/airsimversion/autoware.ai/install/autoware_build_flags/share:${ROS_PACKAGE_PATH} /usr/bin/cmake --build /home/yeap/APC_2022_Prac/airsimversion/autoware.ai/build/lidar_shape_estimation -- -j6 -l6
[1.510s] Invoking command in '/home/yeap/APC_2022_Prac/airsimversion/autoware.ai/build/lidar_shape_estimation': CMAKE_PREFIX_PATH=/home/yeap/APC_2022_Prac/airsimversion/autoware.ai/install/autoware_msgs:/home/yeap/APC_2022_Prac/airsimversion/autoware.ai/install/autoware_build_flags:${CMAKE_PREFIX_PATH} PKG_CONFIG_PATH=/home/yeap/APC_2022_Prac/airsimversion/autoware.ai/install/autoware_msgs/lib/x86_64-linux-gnu/pkgconfig:/home/yeap/APC_2022_Prac/airsimversion/autoware.ai/install/autoware_msgs/lib/pkgconfig:/home/yeap/APC_2022_Prac/airsimversion/autoware.ai/install/autoware_build_flags/lib/x86_64-linux-gnu/pkgconfig:/home/yeap/APC_2022_Prac/airsimversion/autoware.ai/install/autoware_build_flags/lib/pkgconfig:${PKG_CONFIG_PATH} PYTHONPATH=/home/yeap/APC_2022_Prac/airsimversion/autoware.ai/install/autoware_msgs/lib/python2.7/dist-packages:${PYTHONPATH} ROS_PACKAGE_PATH=/home/yeap/APC_2022_Prac/airsimversion/autoware.ai/install/autoware_msgs/share:/home/yeap/APC_2022_Prac/airsimversion/autoware.ai/install/autoware_build_flags/share:${ROS_PACKAGE_PATH} /usr/bin/cmake --build /home/yeap/APC_2022_Prac/airsimversion/autoware.ai/build/lidar_shape_estimation --target tests -- -j6 -l6
[1.599s] [ 25%] Built target gtest
[1.679s] [100%] Built target test-lidar_shape_estimation
[1.702s] [100%] Built target tests
[1.727s] Invoked command in '/home/yeap/APC_2022_Prac/airsimversion/autoware.ai/build/lidar_shape_estimation' returned '0': CMAKE_PREFIX_PATH=/home/yeap/APC_2022_Prac/airsimversion/autoware.ai/install/autoware_msgs:/home/yeap/APC_2022_Prac/airsimversion/autoware.ai/install/autoware_build_flags:${CMAKE_PREFIX_PATH} PKG_CONFIG_PATH=/home/yeap/APC_2022_Prac/airsimversion/autoware.ai/install/autoware_msgs/lib/x86_64-linux-gnu/pkgconfig:/home/yeap/APC_2022_Prac/airsimversion/autoware.ai/install/autoware_msgs/lib/pkgconfig:/home/yeap/APC_2022_Prac/airsimversion/autoware.ai/install/autoware_build_flags/lib/x86_64-linux-gnu/pkgconfig:/home/yeap/APC_2022_Prac/airsimversion/autoware.ai/install/autoware_build_flags/lib/pkgconfig:${PKG_CONFIG_PATH} PYTHONPATH=/home/yeap/APC_2022_Prac/airsimversion/autoware.ai/install/autoware_msgs/lib/python2.7/dist-packages:${PYTHONPATH} ROS_PACKAGE_PATH=/home/yeap/APC_2022_Prac/airsimversion/autoware.ai/install/autoware_msgs/share:/home/yeap/APC_2022_Prac/airsimversion/autoware.ai/install/autoware_build_flags/share:${ROS_PACKAGE_PATH} /usr/bin/cmake --build /home/yeap/APC_2022_Prac/airsimversion/autoware.ai/build/lidar_shape_estimation --target tests -- -j6 -l6
[2.142s] Invoking command in '/home/yeap/APC_2022_Prac/airsimversion/autoware.ai/build/lidar_shape_estimation': CMAKE_PREFIX_PATH=/home/yeap/APC_2022_Prac/airsimversion/autoware.ai/install/autoware_msgs:/home/yeap/APC_2022_Prac/airsimversion/autoware.ai/install/autoware_build_flags:${CMAKE_PREFIX_PATH} PKG_CONFIG_PATH=/home/yeap/APC_2022_Prac/airsimversion/autoware.ai/install/autoware_msgs/lib/x86_64-linux-gnu/pkgconfig:/home/yeap/APC_2022_Prac/airsimversion/autoware.ai/install/autoware_msgs/lib/pkgconfig:/home/yeap/APC_2022_Prac/airsimversion/autoware.ai/install/autoware_build_flags/lib/x86_64-linux-gnu/pkgconfig:/home/yeap/APC_2022_Prac/airsimversion/autoware.ai/install/autoware_build_flags/lib/pkgconfig:${PKG_CONFIG_PATH} PYTHONPATH=/home/yeap/APC_2022_Prac/airsimversion/autoware.ai/install/autoware_msgs/lib/python2.7/dist-packages:${PYTHONPATH} ROS_PACKAGE_PATH=/home/yeap/APC_2022_Prac/airsimversion/autoware.ai/install/autoware_msgs/share:/home/yeap/APC_2022_Prac/airsimversion/autoware.ai/install/autoware_build_flags/share:${ROS_PACKAGE_PATH} /usr/bin/cmake --build /home/yeap/APC_2022_Prac/airsimversion/autoware.ai/build/lidar_shape_estimation --target install -- -j6 -l6
[2.221s] [  0%] Built target std_srvs_generate_messages_lisp
[2.232s] [  0%] Built target tf2_msgs_generate_messages_nodejs
[2.251s] [  0%] Built target actionlib_generate_messages_py
[2.269s] [  0%] Built target actionlib_generate_messages_cpp
[2.287s] [  0%] Built target tf_generate_messages_nodejs
[2.303s] [  0%] Built target tf_generate_messages_lisp
[2.318s] [  0%] Built target topic_tools_generate_messages_nodejs
[2.336s] [  0%] Built target topic_tools_generate_messages_eus
[2.345s] [  0%] Built target topic_tools_generate_messages_cpp
[2.370s] [  0%] Built target geometry_msgs_generate_messages_py
[2.381s] [  0%] Built target std_srvs_generate_messages_py
[2.405s] [  0%] Built target roscpp_generate_messages_cpp
[2.408s] [  0%] Built target sensor_msgs_generate_messages_nodejs
[2.430s] [  0%] Built target pcl_msgs_generate_messages_eus
[2.443s] [  0%] Built target rosgraph_msgs_generate_messages_eus
[2.459s] [  0%] Built target jsk_recognition_msgs_generate_messages_lisp
[2.478s] [  0%] Built target jsk_recognition_msgs_generate_messages_eus
[2.486s] [  0%] Built target std_msgs_generate_messages_py
[2.509s] [  0%] Built target bond_generate_messages_lisp
[2.510s] [  0%] Built target std_msgs_generate_messages_nodejs
[2.532s] [  0%] Built target sensor_msgs_generate_messages_eus
[2.533s] [  0%] Built target sensor_msgs_generate_messages_cpp
[2.555s] [  0%] Built target autoware_msgs_generate_messages_cpp
[2.575s] [  0%] Built target tf_generate_messages_py
[2.589s] [  0%] Built target dynamic_reconfigure_generate_messages_cpp
[2.589s] [  0%] Built target tf2_msgs_generate_messages_py
[2.618s] [  0%] Built target rosgraph_msgs_generate_messages_cpp
[2.628s] [  0%] Built target pcl_msgs_generate_messages_nodejs
[2.628s] [  0%] Built target tf2_msgs_generate_messages_cpp
[2.645s] [  0%] Built target jsk_recognition_msgs_generate_messages_py
[2.666s] [  0%] Built target nodelet_generate_messages_nodejs
[2.673s] [  0%] Built target jsk_footstep_msgs_generate_messages_py
[2.679s] [  0%] Built target sensor_msgs_generate_messages_lisp
[2.704s] [  0%] Built target nodelet_generate_messages_py
[2.706s] [  0%] Built target sensor_msgs_generate_messages_py
[2.708s] [  0%] Built target geometry_msgs_generate_messages_eus
[2.729s] [  0%] Built target roscpp_generate_messages_nodejs
[2.746s] [  0%] Built target std_msgs_generate_messages_lisp
[2.746s] [  0%] Built target geometry_msgs_generate_messages_nodejs
[2.765s] [  0%] Built target actionlib_generate_messages_eus
[2.783s] [  0%] Built target geometry_msgs_generate_messages_lisp
[2.788s] [  0%] Built target pcl_msgs_generate_messages_py
[2.791s] [  0%] Built target actionlib_generate_messages_lisp
[2.812s] [  0%] Built target pcl_msgs_generate_messages_cpp
[2.823s] [  0%] Built target geometry_msgs_generate_messages_cpp
[2.846s] [  0%] Built target dynamic_reconfigure_generate_messages_lisp
[2.853s] [  0%] Built target topic_tools_generate_messages_lisp
[2.874s] [  0%] Built target jsk_recognition_msgs_generate_messages_cpp
[2.903s] [  0%] Built target autoware_msgs_generate_messages_lisp
[2.915s] [  0%] Built target autoware_msgs_generate_messages_eus
[2.915s] [  0%] Built target autoware_msgs_generate_messages_py
[2.947s] [  0%] Built target tf_generate_messages_cpp
[2.949s] [  0%] Built target nodelet_generate_messages_lisp
[2.959s] [  0%] Built target actionlib_generate_messages_nodejs
[2.986s] [  0%] Built target pcl_msgs_generate_messages_lisp
[2.999s] [  0%] Built target std_msgs_generate_messages_eus
[3.010s] [  0%] Built target autoware_msgs_generate_messages_nodejs
[3.028s] [  0%] Built target jsk_footstep_msgs_generate_messages_eus
[3.045s] [  0%] Built target actionlib_msgs_generate_messages_py
[3.068s] [  0%] Built target jsk_footstep_msgs_generate_messages_nodejs
[3.072s] [  0%] Built target jsk_footstep_msgs_generate_messages_lisp
[3.096s] [  0%] Built target tf_generate_messages_eus
[3.096s] [  0%] Built target actionlib_msgs_generate_messages_cpp
[3.117s] [  0%] Built target jsk_footstep_msgs_generate_messages_cpp
[3.133s] [  0%] Built target std_srvs_generate_messages_cpp
[3.156s] [  0%] Built target pcl_ros_gencfg
[3.167s] [  0%] Built target dynamic_reconfigure_generate_messages_eus
[3.188s] [  0%] Built target dynamic_reconfigure_generate_messages_nodejs
[3.190s] [  0%] Built target dynamic_reconfigure_generate_messages_py
[3.214s] [  0%] Built target tf2_msgs_generate_messages_lisp
[3.222s] [  0%] Built target dynamic_reconfigure_gencfg
[3.251s] [  0%] Built target jsk_recognition_msgs_generate_messages_nodejs
[3.259s] [  0%] Built target std_srvs_generate_messages_eus
[3.284s] [  0%] Built target roscpp_generate_messages_lisp
[3.290s] [  0%] Built target bond_generate_messages_eus
[3.311s] [  0%] Built target roscpp_generate_messages_py
[3.327s] [  0%] Built target rosgraph_msgs_generate_messages_lisp
[3.338s] [  0%] Built target rosgraph_msgs_generate_messages_nodejs
[3.360s] [  0%] Built target roscpp_generate_messages_eus
[3.373s] [  0%] Built target actionlib_msgs_generate_messages_eus
[3.400s] [  0%] Built target rosgraph_msgs_generate_messages_py
[3.415s] [  0%] Built target nodelet_generate_messages_cpp
[3.426s] [  0%] Built target bond_generate_messages_py
[3.447s] [  0%] Built target std_srvs_generate_messages_nodejs
[3.457s] [  0%] Built target nodelet_generate_messages_eus
[3.476s] [  0%] Built target bond_generate_messages_cpp
[3.500s] [  0%] Built target bond_generate_messages_nodejs
[3.510s] [  0%] Built target topic_tools_generate_messages_py
[3.529s] [  0%] Built target actionlib_msgs_generate_messages_nodejs
[3.539s] [  0%] Built target nodelet_topic_tools_gencfg
[3.556s] [  0%] Built target _catkin_empty_exported_target
[3.572s] [  0%] Built target actionlib_msgs_generate_messages_lisp
[3.584s] [  0%] Built target std_msgs_generate_messages_cpp
[3.606s] [  0%] Built target tf2_msgs_generate_messages_eus
[3.660s] [100%] Built target lidar_shape_estimation
[3.691s] [36mInstall the project...[0m
[3.701s] -- Install configuration: "Release"
[3.702s] -- Up-to-date: /home/yeap/APC_2022_Prac/airsimversion/autoware.ai/install/lidar_shape_estimation/lib/pkgconfig/lidar_shape_estimation.pc
[3.702s] -- Up-to-date: /home/yeap/APC_2022_Prac/airsimversion/autoware.ai/install/lidar_shape_estimation/share/lidar_shape_estimation/cmake/lidar_shape_estimationConfig.cmake
[3.702s] -- Up-to-date: /home/yeap/APC_2022_Prac/airsimversion/autoware.ai/install/lidar_shape_estimation/share/lidar_shape_estimation/cmake/lidar_shape_estimationConfig-version.cmake
[3.702s] -- Up-to-date: /home/yeap/APC_2022_Prac/airsimversion/autoware.ai/install/lidar_shape_estimation/share/lidar_shape_estimation/package.xml
[3.702s] -- Up-to-date: /home/yeap/APC_2022_Prac/airsimversion/autoware.ai/install/lidar_shape_estimation/lib/lidar_shape_estimation/lidar_shape_estimation
[3.703s] -- Up-to-date: /home/yeap/APC_2022_Prac/airsimversion/autoware.ai/install/lidar_shape_estimation/share/lidar_shape_estimation/launch
[3.703s] -- Up-to-date: /home/yeap/APC_2022_Prac/airsimversion/autoware.ai/install/lidar_shape_estimation/share/lidar_shape_estimation/launch/shape_estimation_tracking.launch
[3.703s] -- Up-to-date: /home/yeap/APC_2022_Prac/airsimversion/autoware.ai/install/lidar_shape_estimation/share/lidar_shape_estimation/launch/shape_estimation_clustering.launch
[3.703s] -- Up-to-date: /home/yeap/APC_2022_Prac/airsimversion/autoware.ai/install/lidar_shape_estimation/share/lidar_shape_estimation/launch/shape_estimation_fusion.launch
[3.715s] Invoked command in '/home/yeap/APC_2022_Prac/airsimversion/autoware.ai/build/lidar_shape_estimation' returned '0': CMAKE_PREFIX_PATH=/home/yeap/APC_2022_Prac/airsimversion/autoware.ai/install/autoware_msgs:/home/yeap/APC_2022_Prac/airsimversion/autoware.ai/install/autoware_build_flags:${CMAKE_PREFIX_PATH} PKG_CONFIG_PATH=/home/yeap/APC_2022_Prac/airsimversion/autoware.ai/install/autoware_msgs/lib/x86_64-linux-gnu/pkgconfig:/home/yeap/APC_2022_Prac/airsimversion/autoware.ai/install/autoware_msgs/lib/pkgconfig:/home/yeap/APC_2022_Prac/airsimversion/autoware.ai/install/autoware_build_flags/lib/x86_64-linux-gnu/pkgconfig:/home/yeap/APC_2022_Prac/airsimversion/autoware.ai/install/autoware_build_flags/lib/pkgconfig:${PKG_CONFIG_PATH} PYTHONPATH=/home/yeap/APC_2022_Prac/airsimversion/autoware.ai/install/autoware_msgs/lib/python2.7/dist-packages:${PYTHONPATH} ROS_PACKAGE_PATH=/home/yeap/APC_2022_Prac/airsimversion/autoware.ai/install/autoware_msgs/share:/home/yeap/APC_2022_Prac/airsimversion/autoware.ai/install/autoware_build_flags/share:${ROS_PACKAGE_PATH} /usr/bin/cmake --build /home/yeap/APC_2022_Prac/airsimversion/autoware.ai/build/lidar_shape_estimation --target install -- -j6 -l6
