-- The C compiler identification is GNU 7.5.0
-- The CXX compiler identification is GNU 7.5.0
-- Check for working C compiler: /usr/bin/cc
-- Check for working C compiler: /usr/bin/cc -- works
-- Detecting C compiler ABI info
-- Detecting C compiler ABI info - done
-- Detecting C compile features
-- Detecting C compile features - done
-- Check for working CXX compiler: /usr/bin/c++
-- Check for working CXX compiler: /usr/bin/c++ -- works
-- Detecting CXX compiler ABI info
-- Detecting CXX compiler ABI info - done
-- Detecting CXX compile features
-- Detecting CXX compile features - done
-- CUDA compilation status: .
-- Using CATKIN_DEVEL_PREFIX: /home/yeap/APC_2022_Prac/airsimversion/autoware.ai/build/hokuyo/devel
-- Using CMAKE_PREFIX_PATH: /home/yeap/APC_2022_Prac/airsimversion/autoware.ai/install/autoware_build_flags;/opt/ros/melodic
-- This workspace overlays: /home/yeap/APC_2022_Prac/airsimversion/autoware.ai/install/autoware_build_flags;/opt/ros/melodic
-- Found PythonInterp: /usr/bin/python2 (found suitable version "2.7.17", minimum required is "2") 
-- Using PYTHON_EXECUTABLE: /usr/bin/python2
-- Using Debian Python package layout
-- Using empy: /usr/bin/empy
-- Using CATKIN_ENABLE_TESTING: ON
-- Call enable_testing()
-- Using CATKIN_TEST_RESULTS_DIR: /home/yeap/APC_2022_Prac/airsimversion/autoware.ai/build/hokuyo/test_results
-- Found gtest sources under '/usr/src/googletest': gtests will be built
-- Found gmock sources under '/usr/src/googletest': gmock will be built
-- Found PythonInterp: /usr/bin/python2 (found version "2.7.17") 
-- Looking for pthread.h
-- Looking for pthread.h - found
-- Looking for pthread_create
-- Looking for pthread_create - not found
-- Looking for pthread_create in pthreads
-- Looking for pthread_create in pthreads - not found
-- Looking for pthread_create in pthread
-- Looking for pthread_create in pthread - found
-- Found Threads: TRUE  
-- Using Python nosetests: /usr/bin/nosetests-2.7
-- catkin 0.7.29
-- BUILD_SHARED_LIBS is on
-- Boost version: 1.65.1
-- Found the following Boost libraries:
--   system
--   serialization
-- Configuring done
-- Generating done
-- Build files have been written to: /home/yeap/APC_2022_Prac/airsimversion/autoware.ai/build/hokuyo
[35m[1mScanning dependencies of target hokuyo_3d[0m
[ 50%] [32mBuilding CXX object CMakeFiles/hokuyo_3d.dir/nodes/hokuyo_3d/hokuyo_3d.cpp.o[0m
[100%] [32m[1mLinking CXX executable devel/lib/hokuyo/hokuyo_3d[0m
[100%] Built target hokuyo_3d
[35m[1mScanning dependencies of target tests[0m
Built target tests
[100%] Built target hokuyo_3d
[36mInstall the project...[0m
-- Install configuration: "Release"
-- Installing: /home/yeap/APC_2022_Prac/airsimversion/autoware.ai/install/hokuyo/lib/pkgconfig/hokuyo.pc
-- Installing: /home/yeap/APC_2022_Prac/airsimversion/autoware.ai/install/hokuyo/share/hokuyo/cmake/hokuyoConfig.cmake
-- Installing: /home/yeap/APC_2022_Prac/airsimversion/autoware.ai/install/hokuyo/share/hokuyo/cmake/hokuyoConfig-version.cmake
-- Installing: /home/yeap/APC_2022_Prac/airsimversion/autoware.ai/install/hokuyo/share/hokuyo/package.xml
-- Installing: /home/yeap/APC_2022_Prac/airsimversion/autoware.ai/install/hokuyo/lib/hokuyo/hokuyo_3d
-- Set runtime path of "/home/yeap/APC_2022_Prac/airsimversion/autoware.ai/install/hokuyo/lib/hokuyo/hokuyo_3d" to ""
-- Installing: /home/yeap/APC_2022_Prac/airsimversion/autoware.ai/install/hokuyo/share/hokuyo/launch
-- Installing: /home/yeap/APC_2022_Prac/airsimversion/autoware.ai/install/hokuyo/share/hokuyo/launch/top_urg.launch
-- Installing: /home/yeap/APC_2022_Prac/airsimversion/autoware.ai/install/hokuyo/share/hokuyo/launch/hokuyo_3d.launch
