[0.015s] Invoking command in '/home/yeap/APC_2022_Prac/airsimversion/autoware.ai/build/hokuyo': CMAKE_PREFIX_PATH=/home/yeap/APC_2022_Prac/airsimversion/autoware.ai/install/autoware_build_flags:${CMAKE_PREFIX_PATH} PKG_CONFIG_PATH=/home/yeap/APC_2022_Prac/airsimversion/autoware.ai/install/autoware_build_flags/lib/x86_64-linux-gnu/pkgconfig:/home/yeap/APC_2022_Prac/airsimversion/autoware.ai/install/autoware_build_flags/lib/pkgconfig:${PKG_CONFIG_PATH} ROS_PACKAGE_PATH=/home/yeap/APC_2022_Prac/airsimversion/autoware.ai/install/autoware_build_flags/share:${ROS_PACKAGE_PATH} /usr/bin/cmake /home/yeap/APC_2022_Prac/airsimversion/autoware.ai/src/drivers/awf_drivers/hokuyo -DCMAKE_BUILD_TYPE=Release -DCATKIN_INSTALL_INTO_PREFIX_ROOT=0 -DCMAKE_INSTALL_PREFIX=/home/yeap/APC_2022_Prac/airsimversion/autoware.ai/install/hokuyo
[0.093s] -- The C compiler identification is GNU 7.5.0
[0.156s] -- The CXX compiler identification is GNU 7.5.0
[0.162s] -- Check for working C compiler: /usr/bin/cc
[0.236s] -- Check for working C compiler: /usr/bin/cc -- works
[0.237s] -- Detecting C compiler ABI info
[0.313s] -- Detecting C compiler ABI info - done
[0.325s] -- Detecting C compile features
[0.545s] -- Detecting C compile features - done
[0.550s] -- Check for working CXX compiler: /usr/bin/c++
[0.635s] -- Check for working CXX compiler: /usr/bin/c++ -- works
[0.637s] -- Detecting CXX compiler ABI info
[0.724s] -- Detecting CXX compiler ABI info - done
[0.734s] -- Detecting CXX compile features
[1.114s] -- Detecting CXX compile features - done
[1.117s] -- CUDA compilation status: .
[1.119s] -- Using CATKIN_DEVEL_PREFIX: /home/yeap/APC_2022_Prac/airsimversion/autoware.ai/build/hokuyo/devel
[1.119s] -- Using CMAKE_PREFIX_PATH: /home/yeap/APC_2022_Prac/airsimversion/autoware.ai/install/autoware_build_flags;/opt/ros/melodic
[1.120s] -- This workspace overlays: /home/yeap/APC_2022_Prac/airsimversion/autoware.ai/install/autoware_build_flags;/opt/ros/melodic
[1.136s] -- Found PythonInterp: /usr/bin/python2 (found suitable version "2.7.17", minimum required is "2") 
[1.136s] -- Using PYTHON_EXECUTABLE: /usr/bin/python2
[1.136s] -- Using Debian Python package layout
[1.137s] -- Using empy: /usr/bin/empy
[1.316s] -- Using CATKIN_ENABLE_TESTING: ON
[1.316s] -- Call enable_testing()
[1.319s] -- Using CATKIN_TEST_RESULTS_DIR: /home/yeap/APC_2022_Prac/airsimversion/autoware.ai/build/hokuyo/test_results
[1.342s] -- Found gtest sources under '/usr/src/googletest': gtests will be built
[1.343s] -- Found gmock sources under '/usr/src/googletest': gmock will be built
[1.358s] -- Found PythonInterp: /usr/bin/python2 (found version "2.7.17") 
[1.359s] -- Looking for pthread.h
[1.436s] -- Looking for pthread.h - found
[1.437s] -- Looking for pthread_create
[1.514s] -- Looking for pthread_create - not found
[1.514s] -- Looking for pthread_create in pthreads
[1.575s] -- Looking for pthread_create in pthreads - not found
[1.575s] -- Looking for pthread_create in pthread
[1.648s] -- Looking for pthread_create in pthread - found
[1.650s] -- Found Threads: TRUE  
[1.655s] -- Using Python nosetests: /usr/bin/nosetests-2.7
[1.706s] -- catkin 0.7.29
[1.706s] -- BUILD_SHARED_LIBS is on
[1.943s] -- Boost version: 1.65.1
[1.943s] -- Found the following Boost libraries:
[1.943s] --   system
[1.943s] --   serialization
[2.085s] -- Configuring done
[2.108s] -- Generating done
[2.113s] -- Build files have been written to: /home/yeap/APC_2022_Prac/airsimversion/autoware.ai/build/hokuyo
[2.124s] Invoked command in '/home/yeap/APC_2022_Prac/airsimversion/autoware.ai/build/hokuyo' returned '0': CMAKE_PREFIX_PATH=/home/yeap/APC_2022_Prac/airsimversion/autoware.ai/install/autoware_build_flags:${CMAKE_PREFIX_PATH} PKG_CONFIG_PATH=/home/yeap/APC_2022_Prac/airsimversion/autoware.ai/install/autoware_build_flags/lib/x86_64-linux-gnu/pkgconfig:/home/yeap/APC_2022_Prac/airsimversion/autoware.ai/install/autoware_build_flags/lib/pkgconfig:${PKG_CONFIG_PATH} ROS_PACKAGE_PATH=/home/yeap/APC_2022_Prac/airsimversion/autoware.ai/install/autoware_build_flags/share:${ROS_PACKAGE_PATH} /usr/bin/cmake /home/yeap/APC_2022_Prac/airsimversion/autoware.ai/src/drivers/awf_drivers/hokuyo -DCMAKE_BUILD_TYPE=Release -DCATKIN_INSTALL_INTO_PREFIX_ROOT=0 -DCMAKE_INSTALL_PREFIX=/home/yeap/APC_2022_Prac/airsimversion/autoware.ai/install/hokuyo
[2.125s] Invoking command in '/home/yeap/APC_2022_Prac/airsimversion/autoware.ai/build/hokuyo': CMAKE_PREFIX_PATH=/home/yeap/APC_2022_Prac/airsimversion/autoware.ai/install/autoware_build_flags:${CMAKE_PREFIX_PATH} PKG_CONFIG_PATH=/home/yeap/APC_2022_Prac/airsimversion/autoware.ai/install/autoware_build_flags/lib/x86_64-linux-gnu/pkgconfig:/home/yeap/APC_2022_Prac/airsimversion/autoware.ai/install/autoware_build_flags/lib/pkgconfig:${PKG_CONFIG_PATH} ROS_PACKAGE_PATH=/home/yeap/APC_2022_Prac/airsimversion/autoware.ai/install/autoware_build_flags/share:${ROS_PACKAGE_PATH} /usr/bin/cmake --build /home/yeap/APC_2022_Prac/airsimversion/autoware.ai/build/hokuyo -- -j6 -l6
[2.173s] [35m[1mScanning dependencies of target hokuyo_3d[0m
[2.199s] [ 50%] [32mBuilding CXX object CMakeFiles/hokuyo_3d.dir/nodes/hokuyo_3d/hokuyo_3d.cpp.o[0m
[8.786s] [100%] [32m[1mLinking CXX executable devel/lib/hokuyo/hokuyo_3d[0m
[9.005s] [100%] Built target hokuyo_3d
[9.020s] Invoked command in '/home/yeap/APC_2022_Prac/airsimversion/autoware.ai/build/hokuyo' returned '0': CMAKE_PREFIX_PATH=/home/yeap/APC_2022_Prac/airsimversion/autoware.ai/install/autoware_build_flags:${CMAKE_PREFIX_PATH} PKG_CONFIG_PATH=/home/yeap/APC_2022_Prac/airsimversion/autoware.ai/install/autoware_build_flags/lib/x86_64-linux-gnu/pkgconfig:/home/yeap/APC_2022_Prac/airsimversion/autoware.ai/install/autoware_build_flags/lib/pkgconfig:${PKG_CONFIG_PATH} ROS_PACKAGE_PATH=/home/yeap/APC_2022_Prac/airsimversion/autoware.ai/install/autoware_build_flags/share:${ROS_PACKAGE_PATH} /usr/bin/cmake --build /home/yeap/APC_2022_Prac/airsimversion/autoware.ai/build/hokuyo -- -j6 -l6
[9.092s] Invoking command in '/home/yeap/APC_2022_Prac/airsimversion/autoware.ai/build/hokuyo': CMAKE_PREFIX_PATH=/home/yeap/APC_2022_Prac/airsimversion/autoware.ai/install/autoware_build_flags:${CMAKE_PREFIX_PATH} PKG_CONFIG_PATH=/home/yeap/APC_2022_Prac/airsimversion/autoware.ai/install/autoware_build_flags/lib/x86_64-linux-gnu/pkgconfig:/home/yeap/APC_2022_Prac/airsimversion/autoware.ai/install/autoware_build_flags/lib/pkgconfig:${PKG_CONFIG_PATH} ROS_PACKAGE_PATH=/home/yeap/APC_2022_Prac/airsimversion/autoware.ai/install/autoware_build_flags/share:${ROS_PACKAGE_PATH} /usr/bin/cmake --build /home/yeap/APC_2022_Prac/airsimversion/autoware.ai/build/hokuyo --target tests -- -j6 -l6
[9.163s] [35m[1mScanning dependencies of target tests[0m
[9.175s] Built target tests
[9.191s] Invoked command in '/home/yeap/APC_2022_Prac/airsimversion/autoware.ai/build/hokuyo' returned '0': CMAKE_PREFIX_PATH=/home/yeap/APC_2022_Prac/airsimversion/autoware.ai/install/autoware_build_flags:${CMAKE_PREFIX_PATH} PKG_CONFIG_PATH=/home/yeap/APC_2022_Prac/airsimversion/autoware.ai/install/autoware_build_flags/lib/x86_64-linux-gnu/pkgconfig:/home/yeap/APC_2022_Prac/airsimversion/autoware.ai/install/autoware_build_flags/lib/pkgconfig:${PKG_CONFIG_PATH} ROS_PACKAGE_PATH=/home/yeap/APC_2022_Prac/airsimversion/autoware.ai/install/autoware_build_flags/share:${ROS_PACKAGE_PATH} /usr/bin/cmake --build /home/yeap/APC_2022_Prac/airsimversion/autoware.ai/build/hokuyo --target tests -- -j6 -l6
[9.270s] Invoking command in '/home/yeap/APC_2022_Prac/airsimversion/autoware.ai/build/hokuyo': CMAKE_PREFIX_PATH=/home/yeap/APC_2022_Prac/airsimversion/autoware.ai/install/autoware_build_flags:${CMAKE_PREFIX_PATH} PKG_CONFIG_PATH=/home/yeap/APC_2022_Prac/airsimversion/autoware.ai/install/autoware_build_flags/lib/x86_64-linux-gnu/pkgconfig:/home/yeap/APC_2022_Prac/airsimversion/autoware.ai/install/autoware_build_flags/lib/pkgconfig:${PKG_CONFIG_PATH} ROS_PACKAGE_PATH=/home/yeap/APC_2022_Prac/airsimversion/autoware.ai/install/autoware_build_flags/share:${ROS_PACKAGE_PATH} /usr/bin/cmake --build /home/yeap/APC_2022_Prac/airsimversion/autoware.ai/build/hokuyo --target install -- -j6 -l6
[9.336s] [100%] Built target hokuyo_3d
[9.356s] [36mInstall the project...[0m
[9.365s] -- Install configuration: "Release"
[9.366s] -- Installing: /home/yeap/APC_2022_Prac/airsimversion/autoware.ai/install/hokuyo/lib/pkgconfig/hokuyo.pc
[9.366s] -- Installing: /home/yeap/APC_2022_Prac/airsimversion/autoware.ai/install/hokuyo/share/hokuyo/cmake/hokuyoConfig.cmake
[9.366s] -- Installing: /home/yeap/APC_2022_Prac/airsimversion/autoware.ai/install/hokuyo/share/hokuyo/cmake/hokuyoConfig-version.cmake
[9.366s] -- Installing: /home/yeap/APC_2022_Prac/airsimversion/autoware.ai/install/hokuyo/share/hokuyo/package.xml
[9.366s] -- Installing: /home/yeap/APC_2022_Prac/airsimversion/autoware.ai/install/hokuyo/lib/hokuyo/hokuyo_3d
[9.367s] -- Set runtime path of "/home/yeap/APC_2022_Prac/airsimversion/autoware.ai/install/hokuyo/lib/hokuyo/hokuyo_3d" to ""
[9.367s] -- Installing: /home/yeap/APC_2022_Prac/airsimversion/autoware.ai/install/hokuyo/share/hokuyo/launch
[9.367s] -- Installing: /home/yeap/APC_2022_Prac/airsimversion/autoware.ai/install/hokuyo/share/hokuyo/launch/top_urg.launch
[9.367s] -- Installing: /home/yeap/APC_2022_Prac/airsimversion/autoware.ai/install/hokuyo/share/hokuyo/launch/hokuyo_3d.launch
[9.374s] Invoked command in '/home/yeap/APC_2022_Prac/airsimversion/autoware.ai/build/hokuyo' returned '0': CMAKE_PREFIX_PATH=/home/yeap/APC_2022_Prac/airsimversion/autoware.ai/install/autoware_build_flags:${CMAKE_PREFIX_PATH} PKG_CONFIG_PATH=/home/yeap/APC_2022_Prac/airsimversion/autoware.ai/install/autoware_build_flags/lib/x86_64-linux-gnu/pkgconfig:/home/yeap/APC_2022_Prac/airsimversion/autoware.ai/install/autoware_build_flags/lib/pkgconfig:${PKG_CONFIG_PATH} ROS_PACKAGE_PATH=/home/yeap/APC_2022_Prac/airsimversion/autoware.ai/install/autoware_build_flags/share:${ROS_PACKAGE_PATH} /usr/bin/cmake --build /home/yeap/APC_2022_Prac/airsimversion/autoware.ai/build/hokuyo --target install -- -j6 -l6
