[0.040s] Invoking command in '/home/yeap/APC_2022_Prac/airsimversion/autoware.ai/build/points_preprocessor': CMAKE_PREFIX_PATH=/home/yeap/APC_2022_Prac/airsimversion/autoware.ai/install/autoware_health_checker:/home/yeap/APC_2022_Prac/airsimversion/autoware.ai/install/ros_observer:/home/yeap/APC_2022_Prac/airsimversion/autoware.ai/install/autoware_system_msgs:/home/yeap/APC_2022_Prac/airsimversion/autoware.ai/install/autoware_config_msgs:/home/yeap/APC_2022_Prac/airsimversion/autoware.ai/install/autoware_build_flags:${CMAKE_PREFIX_PATH} LD_LIBRARY_PATH=/home/yeap/APC_2022_Prac/airsimversion/autoware.ai/install/autoware_health_checker/lib:/home/yeap/APC_2022_Prac/airsimversion/autoware.ai/install/ros_observer/lib:${LD_LIBRARY_PATH} PKG_CONFIG_PATH=/home/yeap/APC_2022_Prac/airsimversion/autoware.ai/install/autoware_health_checker/lib/x86_64-linux-gnu/pkgconfig:/home/yeap/APC_2022_Prac/airsimversion/autoware.ai/install/autoware_health_checker/lib/pkgconfig:/home/yeap/APC_2022_Prac/airsimversion/autoware.ai/install/ros_observer/lib/x86_64-linux-gnu/pkgconfig:/home/yeap/APC_2022_Prac/airsimversion/autoware.ai/install/ros_observer/lib/pkgconfig:/home/yeap/APC_2022_Prac/airsimversion/autoware.ai/install/autoware_system_msgs/lib/x86_64-linux-gnu/pkgconfig:/home/yeap/APC_2022_Prac/airsimversion/autoware.ai/install/autoware_system_msgs/lib/pkgconfig:/home/yeap/APC_2022_Prac/airsimversion/autoware.ai/install/autoware_config_msgs/lib/x86_64-linux-gnu/pkgconfig:/home/yeap/APC_2022_Prac/airsimversion/autoware.ai/install/autoware_config_msgs/lib/pkgconfig:/home/yeap/APC_2022_Prac/airsimversion/autoware.ai/install/autoware_build_flags/lib/x86_64-linux-gnu/pkgconfig:/home/yeap/APC_2022_Prac/airsimversion/autoware.ai/install/autoware_build_flags/lib/pkgconfig:${PKG_CONFIG_PATH} PYTHONPATH=/home/yeap/APC_2022_Prac/airsimversion/autoware.ai/install/autoware_system_msgs/lib/python2.7/dist-packages:/home/yeap/APC_2022_Prac/airsimversion/autoware.ai/install/autoware_config_msgs/lib/python2.7/dist-packages:${PYTHONPATH} ROS_PACKAGE_PATH=/home/yeap/APC_2022_Prac/airsimversion/autoware.ai/install/autoware_health_checker/share:/home/yeap/APC_2022_Prac/airsimversion/autoware.ai/install/ros_observer/share:/home/yeap/APC_2022_Prac/airsimversion/autoware.ai/install/autoware_system_msgs/share:/home/yeap/APC_2022_Prac/airsimversion/autoware.ai/install/autoware_config_msgs/share:/home/yeap/APC_2022_Prac/airsimversion/autoware.ai/install/autoware_build_flags/share:${ROS_PACKAGE_PATH} /usr/bin/cmake --build /home/yeap/APC_2022_Prac/airsimversion/autoware.ai/build/points_preprocessor -- -j6 -l6
[0.120s] [  0%] Built target tf_generate_messages_nodejs
[0.143s] [  0%] Built target velodyne_msgs_generate_messages_cpp
[0.165s] [  0%] Built target diagnostic_msgs_generate_messages_nodejs
[0.188s] [  0%] Built target diagnostic_msgs_generate_messages_lisp
[0.220s] [  0%] Built target diagnostic_msgs_generate_messages_eus
[0.248s] [  0%] Built target velodyne_driver_gencfg
[0.272s] [  0%] Built target velodyne_pointcloud_gencfg
[0.295s] [  0%] Built target tf2_msgs_generate_messages_nodejs
[0.322s] [  0%] Built target tf2_msgs_generate_messages_eus
[0.349s] [  0%] Built target tf2_msgs_generate_messages_cpp
[0.375s] [  0%] Built target actionlib_msgs_generate_messages_py
[0.401s] [  0%] Built target tf2_msgs_generate_messages_py
[0.429s] [  0%] Built target actionlib_generate_messages_py
[0.453s] [  0%] Built target actionlib_generate_messages_cpp
[0.484s] [  0%] Built target geometry_msgs_generate_messages_py
[0.512s] [  0%] Built target geometry_msgs_generate_messages_lisp
[0.541s] [  0%] Built target actionlib_generate_messages_lisp
[0.565s] [  0%] Built target geometry_msgs_generate_messages_cpp
[0.592s] [  0%] Built target geometry_msgs_generate_messages_eus
[0.619s] [  0%] Built target autoware_system_msgs_generate_messages_cpp
[0.642s] [  0%] Built target roscpp_generate_messages_cpp
[0.670s] [  0%] Built target pcl_msgs_generate_messages_cpp
[0.697s] [  0%] Built target dynamic_reconfigure_generate_messages_lisp
[0.724s] [  0%] Built target sensor_msgs_generate_messages_lisp
[0.758s] [  0%] Built target rosgraph_msgs_generate_messages_lisp
[0.779s] [  0%] Built target rosgraph_msgs_generate_messages_cpp
[0.800s] [  0%] Built target topic_tools_generate_messages_cpp
[0.823s] [  0%] Built target diagnostic_msgs_generate_messages_py
[0.853s] [  0%] Built target autoware_system_msgs_generate_messages_eus
[0.874s] [  0%] Built target dynamic_reconfigure_generate_messages_cpp
[0.898s] [  0%] Built target tf_generate_messages_py
[0.930s] [  0%] Built target rosgraph_msgs_generate_messages_eus
[0.954s] [  0%] Built target std_msgs_generate_messages_cpp
[0.979s] [  0%] Built target sensor_msgs_generate_messages_py
[1.002s] [  0%] Built target nodelet_generate_messages_py
[1.025s] [  0%] Built target actionlib_msgs_generate_messages_lisp
[1.051s] [  0%] Built target autoware_system_msgs_generate_messages_nodejs
[1.075s] [  0%] Built target autoware_system_msgs_generate_messages_lisp
[1.107s] [  0%] Built target actionlib_msgs_generate_messages_eus
[1.138s] [  0%] Built target roscpp_generate_messages_eus
[1.171s] [  0%] Built target rosgraph_msgs_generate_messages_py
[1.202s] [  0%] Built target autoware_config_msgs_generate_messages_cpp
[1.234s] [  0%] Built target rosgraph_msgs_generate_messages_nodejs
[1.259s] [  0%] Built target std_msgs_generate_messages_eus
[1.287s] [  0%] Built target geometry_msgs_generate_messages_nodejs
[1.315s] [  0%] Built target autoware_config_msgs_generate_messages_eus
[1.341s] [  0%] Built target autoware_config_msgs_generate_messages_lisp
[1.365s] [  0%] Built target sensor_msgs_generate_messages_eus
[1.387s] [  0%] Built target sensor_msgs_generate_messages_cpp
[1.408s] [  0%] Built target sensor_msgs_generate_messages_nodejs
[1.432s] [  0%] Built target autoware_system_msgs_generate_messages_py
[1.475s] [  0%] Built target dynamic_reconfigure_generate_messages_eus
[1.498s] [  0%] Built target roscpp_generate_messages_nodejs
[1.539s] [  0%] Built target std_msgs_generate_messages_lisp
[1.560s] [  0%] Built target std_msgs_generate_messages_nodejs
[1.580s] [  0%] Built target bond_generate_messages_lisp
[1.609s] [  0%] Built target std_msgs_generate_messages_py
[1.631s] [  0%] Built target pcl_msgs_generate_messages_eus
[1.659s] [  0%] Built target topic_tools_generate_messages_eus
[1.683s] [  0%] Built target pcl_msgs_generate_messages_nodejs
[1.718s] [  0%] Built target nodelet_generate_messages_nodejs
[1.744s] [  0%] Built target diagnostic_msgs_generate_messages_cpp
[1.772s] [  0%] Built target actionlib_generate_messages_eus
[1.796s] [  0%] Built target pcl_msgs_generate_messages_py
[1.817s] [  0%] Built target std_srvs_generate_messages_eus
[1.846s] [  0%] Built target roscpp_generate_messages_lisp
[1.869s] [  0%] Built target bond_generate_messages_eus
[1.892s] [  0%] Built target roscpp_generate_messages_py
[1.913s] [  0%] Built target pcl_ros_gencfg
[1.935s] [  0%] Built target topic_tools_generate_messages_nodejs
[1.958s] [  0%] Built target dynamic_reconfigure_generate_messages_nodejs
[1.991s] [  0%] Built target dynamic_reconfigure_generate_messages_py
[2.018s] [  0%] Built target tf2_msgs_generate_messages_lisp
[2.045s] [  0%] Built target dynamic_reconfigure_gencfg
[2.068s] [  0%] Built target nodelet_generate_messages_cpp
[2.099s] [  0%] Built target bond_generate_messages_py
[2.120s] [  0%] Built target std_srvs_generate_messages_nodejs
[2.145s] [  0%] Built target nodelet_generate_messages_eus
[2.176s] [  0%] Built target nodelet_generate_messages_lisp
[2.219s] [  0%] Built target bond_generate_messages_cpp
[2.243s] [  0%] Built target actionlib_msgs_generate_messages_cpp
[2.269s] [  0%] Built target tf_generate_messages_eus
[2.295s] [  0%] Built target autoware_config_msgs_generate_messages_py
[2.318s] [  0%] Built target bond_generate_messages_nodejs
[2.340s] [  0%] Built target actionlib_msgs_generate_messages_nodejs
[2.363s] [  0%] Built target topic_tools_generate_messages_py
[2.389s] [  0%] Built target nodelet_topic_tools_gencfg
[2.417s] [  0%] Built target std_srvs_generate_messages_lisp
[2.445s] [  0%] Built target topic_tools_generate_messages_lisp
[2.476s] [  0%] Built target std_srvs_generate_messages_cpp
[2.497s] [  0%] Built target std_srvs_generate_messages_py
[2.528s] [  0%] Built target actionlib_generate_messages_nodejs
[2.554s] [  0%] Built target pcl_msgs_generate_messages_lisp
[2.578s] [  0%] Built target tf_generate_messages_cpp
[2.603s] [  0%] Built target tf_generate_messages_lisp
[2.632s] [  0%] Built target autoware_config_msgs_generate_messages_nodejs
[2.660s] [  0%] Built target velodyne_msgs_generate_messages_eus
[2.683s] [  0%] Built target velodyne_msgs_generate_messages_lisp
[2.713s] [  0%] Built target velodyne_msgs_generate_messages_nodejs
[2.745s] [  0%] Built target velodyne_msgs_generate_messages_py
[2.794s] [ 14%] Built target compare_map_filter
[2.846s] [ 28%] Built target space_filter
[2.898s] [ 42%] Built target points_concat_filter
[2.952s] [ 57%] Built target cloud_transformer
[2.999s] [ 71%] Built target ring_ground_filter
[3.048s] [ 85%] Built target ray_ground_filter_lib
[3.096s] [100%] Built target ray_ground_filter
[3.112s] Invoked command in '/home/yeap/APC_2022_Prac/airsimversion/autoware.ai/build/points_preprocessor' returned '0': CMAKE_PREFIX_PATH=/home/yeap/APC_2022_Prac/airsimversion/autoware.ai/install/autoware_health_checker:/home/yeap/APC_2022_Prac/airsimversion/autoware.ai/install/ros_observer:/home/yeap/APC_2022_Prac/airsimversion/autoware.ai/install/autoware_system_msgs:/home/yeap/APC_2022_Prac/airsimversion/autoware.ai/install/autoware_config_msgs:/home/yeap/APC_2022_Prac/airsimversion/autoware.ai/install/autoware_build_flags:${CMAKE_PREFIX_PATH} LD_LIBRARY_PATH=/home/yeap/APC_2022_Prac/airsimversion/autoware.ai/install/autoware_health_checker/lib:/home/yeap/APC_2022_Prac/airsimversion/autoware.ai/install/ros_observer/lib:${LD_LIBRARY_PATH} PKG_CONFIG_PATH=/home/yeap/APC_2022_Prac/airsimversion/autoware.ai/install/autoware_health_checker/lib/x86_64-linux-gnu/pkgconfig:/home/yeap/APC_2022_Prac/airsimversion/autoware.ai/install/autoware_health_checker/lib/pkgconfig:/home/yeap/APC_2022_Prac/airsimversion/autoware.ai/install/ros_observer/lib/x86_64-linux-gnu/pkgconfig:/home/yeap/APC_2022_Prac/airsimversion/autoware.ai/install/ros_observer/lib/pkgconfig:/home/yeap/APC_2022_Prac/airsimversion/autoware.ai/install/autoware_system_msgs/lib/x86_64-linux-gnu/pkgconfig:/home/yeap/APC_2022_Prac/airsimversion/autoware.ai/install/autoware_system_msgs/lib/pkgconfig:/home/yeap/APC_2022_Prac/airsimversion/autoware.ai/install/autoware_config_msgs/lib/x86_64-linux-gnu/pkgconfig:/home/yeap/APC_2022_Prac/airsimversion/autoware.ai/install/autoware_config_msgs/lib/pkgconfig:/home/yeap/APC_2022_Prac/airsimversion/autoware.ai/install/autoware_build_flags/lib/x86_64-linux-gnu/pkgconfig:/home/yeap/APC_2022_Prac/airsimversion/autoware.ai/install/autoware_build_flags/lib/pkgconfig:${PKG_CONFIG_PATH} PYTHONPATH=/home/yeap/APC_2022_Prac/airsimversion/autoware.ai/install/autoware_system_msgs/lib/python2.7/dist-packages:/home/yeap/APC_2022_Prac/airsimversion/autoware.ai/install/autoware_config_msgs/lib/python2.7/dist-packages:${PYTHONPATH} ROS_PACKAGE_PATH=/home/yeap/APC_2022_Prac/airsimversion/autoware.ai/install/autoware_health_checker/share:/home/yeap/APC_2022_Prac/airsimversion/autoware.ai/install/ros_observer/share:/home/yeap/APC_2022_Prac/airsimversion/autoware.ai/install/autoware_system_msgs/share:/home/yeap/APC_2022_Prac/airsimversion/autoware.ai/install/autoware_config_msgs/share:/home/yeap/APC_2022_Prac/airsimversion/autoware.ai/install/autoware_build_flags/share:${ROS_PACKAGE_PATH} /usr/bin/cmake --build /home/yeap/APC_2022_Prac/airsimversion/autoware.ai/build/points_preprocessor -- -j6 -l6
[3.305s] Invoking command in '/home/yeap/APC_2022_Prac/airsimversion/autoware.ai/build/points_preprocessor': CMAKE_PREFIX_PATH=/home/yeap/APC_2022_Prac/airsimversion/autoware.ai/install/autoware_health_checker:/home/yeap/APC_2022_Prac/airsimversion/autoware.ai/install/ros_observer:/home/yeap/APC_2022_Prac/airsimversion/autoware.ai/install/autoware_system_msgs:/home/yeap/APC_2022_Prac/airsimversion/autoware.ai/install/autoware_config_msgs:/home/yeap/APC_2022_Prac/airsimversion/autoware.ai/install/autoware_build_flags:${CMAKE_PREFIX_PATH} LD_LIBRARY_PATH=/home/yeap/APC_2022_Prac/airsimversion/autoware.ai/install/autoware_health_checker/lib:/home/yeap/APC_2022_Prac/airsimversion/autoware.ai/install/ros_observer/lib:${LD_LIBRARY_PATH} PKG_CONFIG_PATH=/home/yeap/APC_2022_Prac/airsimversion/autoware.ai/install/autoware_health_checker/lib/x86_64-linux-gnu/pkgconfig:/home/yeap/APC_2022_Prac/airsimversion/autoware.ai/install/autoware_health_checker/lib/pkgconfig:/home/yeap/APC_2022_Prac/airsimversion/autoware.ai/install/ros_observer/lib/x86_64-linux-gnu/pkgconfig:/home/yeap/APC_2022_Prac/airsimversion/autoware.ai/install/ros_observer/lib/pkgconfig:/home/yeap/APC_2022_Prac/airsimversion/autoware.ai/install/autoware_system_msgs/lib/x86_64-linux-gnu/pkgconfig:/home/yeap/APC_2022_Prac/airsimversion/autoware.ai/install/autoware_system_msgs/lib/pkgconfig:/home/yeap/APC_2022_Prac/airsimversion/autoware.ai/install/autoware_config_msgs/lib/x86_64-linux-gnu/pkgconfig:/home/yeap/APC_2022_Prac/airsimversion/autoware.ai/install/autoware_config_msgs/lib/pkgconfig:/home/yeap/APC_2022_Prac/airsimversion/autoware.ai/install/autoware_build_flags/lib/x86_64-linux-gnu/pkgconfig:/home/yeap/APC_2022_Prac/airsimversion/autoware.ai/install/autoware_build_flags/lib/pkgconfig:${PKG_CONFIG_PATH} PYTHONPATH=/home/yeap/APC_2022_Prac/airsimversion/autoware.ai/install/autoware_system_msgs/lib/python2.7/dist-packages:/home/yeap/APC_2022_Prac/airsimversion/autoware.ai/install/autoware_config_msgs/lib/python2.7/dist-packages:${PYTHONPATH} ROS_PACKAGE_PATH=/home/yeap/APC_2022_Prac/airsimversion/autoware.ai/install/autoware_health_checker/share:/home/yeap/APC_2022_Prac/airsimversion/autoware.ai/install/ros_observer/share:/home/yeap/APC_2022_Prac/airsimversion/autoware.ai/install/autoware_system_msgs/share:/home/yeap/APC_2022_Prac/airsimversion/autoware.ai/install/autoware_config_msgs/share:/home/yeap/APC_2022_Prac/airsimversion/autoware.ai/install/autoware_build_flags/share:${ROS_PACKAGE_PATH} /usr/bin/cmake --build /home/yeap/APC_2022_Prac/airsimversion/autoware.ai/build/points_preprocessor --target tests -- -j6 -l6
[3.388s] Built target tests
[3.401s] Invoked command in '/home/yeap/APC_2022_Prac/airsimversion/autoware.ai/build/points_preprocessor' returned '0': CMAKE_PREFIX_PATH=/home/yeap/APC_2022_Prac/airsimversion/autoware.ai/install/autoware_health_checker:/home/yeap/APC_2022_Prac/airsimversion/autoware.ai/install/ros_observer:/home/yeap/APC_2022_Prac/airsimversion/autoware.ai/install/autoware_system_msgs:/home/yeap/APC_2022_Prac/airsimversion/autoware.ai/install/autoware_config_msgs:/home/yeap/APC_2022_Prac/airsimversion/autoware.ai/install/autoware_build_flags:${CMAKE_PREFIX_PATH} LD_LIBRARY_PATH=/home/yeap/APC_2022_Prac/airsimversion/autoware.ai/install/autoware_health_checker/lib:/home/yeap/APC_2022_Prac/airsimversion/autoware.ai/install/ros_observer/lib:${LD_LIBRARY_PATH} PKG_CONFIG_PATH=/home/yeap/APC_2022_Prac/airsimversion/autoware.ai/install/autoware_health_checker/lib/x86_64-linux-gnu/pkgconfig:/home/yeap/APC_2022_Prac/airsimversion/autoware.ai/install/autoware_health_checker/lib/pkgconfig:/home/yeap/APC_2022_Prac/airsimversion/autoware.ai/install/ros_observer/lib/x86_64-linux-gnu/pkgconfig:/home/yeap/APC_2022_Prac/airsimversion/autoware.ai/install/ros_observer/lib/pkgconfig:/home/yeap/APC_2022_Prac/airsimversion/autoware.ai/install/autoware_system_msgs/lib/x86_64-linux-gnu/pkgconfig:/home/yeap/APC_2022_Prac/airsimversion/autoware.ai/install/autoware_system_msgs/lib/pkgconfig:/home/yeap/APC_2022_Prac/airsimversion/autoware.ai/install/autoware_config_msgs/lib/x86_64-linux-gnu/pkgconfig:/home/yeap/APC_2022_Prac/airsimversion/autoware.ai/install/autoware_config_msgs/lib/pkgconfig:/home/yeap/APC_2022_Prac/airsimversion/autoware.ai/install/autoware_build_flags/lib/x86_64-linux-gnu/pkgconfig:/home/yeap/APC_2022_Prac/airsimversion/autoware.ai/install/autoware_build_flags/lib/pkgconfig:${PKG_CONFIG_PATH} PYTHONPATH=/home/yeap/APC_2022_Prac/airsimversion/autoware.ai/install/autoware_system_msgs/lib/python2.7/dist-packages:/home/yeap/APC_2022_Prac/airsimversion/autoware.ai/install/autoware_config_msgs/lib/python2.7/dist-packages:${PYTHONPATH} ROS_PACKAGE_PATH=/home/yeap/APC_2022_Prac/airsimversion/autoware.ai/install/autoware_health_checker/share:/home/yeap/APC_2022_Prac/airsimversion/autoware.ai/install/ros_observer/share:/home/yeap/APC_2022_Prac/airsimversion/autoware.ai/install/autoware_system_msgs/share:/home/yeap/APC_2022_Prac/airsimversion/autoware.ai/install/autoware_config_msgs/share:/home/yeap/APC_2022_Prac/airsimversion/autoware.ai/install/autoware_build_flags/share:${ROS_PACKAGE_PATH} /usr/bin/cmake --build /home/yeap/APC_2022_Prac/airsimversion/autoware.ai/build/points_preprocessor --target tests -- -j6 -l6
[3.565s] Invoking command in '/home/yeap/APC_2022_Prac/airsimversion/autoware.ai/build/points_preprocessor': CMAKE_PREFIX_PATH=/home/yeap/APC_2022_Prac/airsimversion/autoware.ai/install/autoware_health_checker:/home/yeap/APC_2022_Prac/airsimversion/autoware.ai/install/ros_observer:/home/yeap/APC_2022_Prac/airsimversion/autoware.ai/install/autoware_system_msgs:/home/yeap/APC_2022_Prac/airsimversion/autoware.ai/install/autoware_config_msgs:/home/yeap/APC_2022_Prac/airsimversion/autoware.ai/install/autoware_build_flags:${CMAKE_PREFIX_PATH} LD_LIBRARY_PATH=/home/yeap/APC_2022_Prac/airsimversion/autoware.ai/install/autoware_health_checker/lib:/home/yeap/APC_2022_Prac/airsimversion/autoware.ai/install/ros_observer/lib:${LD_LIBRARY_PATH} PKG_CONFIG_PATH=/home/yeap/APC_2022_Prac/airsimversion/autoware.ai/install/autoware_health_checker/lib/x86_64-linux-gnu/pkgconfig:/home/yeap/APC_2022_Prac/airsimversion/autoware.ai/install/autoware_health_checker/lib/pkgconfig:/home/yeap/APC_2022_Prac/airsimversion/autoware.ai/install/ros_observer/lib/x86_64-linux-gnu/pkgconfig:/home/yeap/APC_2022_Prac/airsimversion/autoware.ai/install/ros_observer/lib/pkgconfig:/home/yeap/APC_2022_Prac/airsimversion/autoware.ai/install/autoware_system_msgs/lib/x86_64-linux-gnu/pkgconfig:/home/yeap/APC_2022_Prac/airsimversion/autoware.ai/install/autoware_system_msgs/lib/pkgconfig:/home/yeap/APC_2022_Prac/airsimversion/autoware.ai/install/autoware_config_msgs/lib/x86_64-linux-gnu/pkgconfig:/home/yeap/APC_2022_Prac/airsimversion/autoware.ai/install/autoware_config_msgs/lib/pkgconfig:/home/yeap/APC_2022_Prac/airsimversion/autoware.ai/install/autoware_build_flags/lib/x86_64-linux-gnu/pkgconfig:/home/yeap/APC_2022_Prac/airsimversion/autoware.ai/install/autoware_build_flags/lib/pkgconfig:${PKG_CONFIG_PATH} PYTHONPATH=/home/yeap/APC_2022_Prac/airsimversion/autoware.ai/install/autoware_system_msgs/lib/python2.7/dist-packages:/home/yeap/APC_2022_Prac/airsimversion/autoware.ai/install/autoware_config_msgs/lib/python2.7/dist-packages:${PYTHONPATH} ROS_PACKAGE_PATH=/home/yeap/APC_2022_Prac/airsimversion/autoware.ai/install/autoware_health_checker/share:/home/yeap/APC_2022_Prac/airsimversion/autoware.ai/install/ros_observer/share:/home/yeap/APC_2022_Prac/airsimversion/autoware.ai/install/autoware_system_msgs/share:/home/yeap/APC_2022_Prac/airsimversion/autoware.ai/install/autoware_config_msgs/share:/home/yeap/APC_2022_Prac/airsimversion/autoware.ai/install/autoware_build_flags/share:${ROS_PACKAGE_PATH} /usr/bin/cmake --build /home/yeap/APC_2022_Prac/airsimversion/autoware.ai/build/points_preprocessor --target install -- -j6 -l6
[3.634s] [  0%] Built target tf_generate_messages_nodejs
[3.656s] [  0%] Built target velodyne_msgs_generate_messages_cpp
[3.677s] [  0%] Built target diagnostic_msgs_generate_messages_nodejs
[3.700s] [  0%] Built target diagnostic_msgs_generate_messages_lisp
[3.728s] [  0%] Built target diagnostic_msgs_generate_messages_eus
[3.757s] [  0%] Built target velodyne_driver_gencfg
[3.779s] [  0%] Built target velodyne_pointcloud_gencfg
[3.800s] [  0%] Built target tf2_msgs_generate_messages_nodejs
[3.826s] [  0%] Built target tf2_msgs_generate_messages_eus
[3.847s] [  0%] Built target tf2_msgs_generate_messages_cpp
[3.868s] [  0%] Built target actionlib_msgs_generate_messages_py
[3.888s] [  0%] Built target tf2_msgs_generate_messages_py
[3.910s] [  0%] Built target actionlib_generate_messages_py
[3.931s] [  0%] Built target actionlib_generate_messages_cpp
[3.955s] [  0%] Built target geometry_msgs_generate_messages_py
[3.981s] [  0%] Built target geometry_msgs_generate_messages_lisp
[4.003s] [  0%] Built target actionlib_generate_messages_lisp
[4.024s] [  0%] Built target geometry_msgs_generate_messages_cpp
[4.045s] [  0%] Built target geometry_msgs_generate_messages_eus
[4.069s] [  0%] Built target autoware_system_msgs_generate_messages_cpp
[4.107s] [  0%] Built target roscpp_generate_messages_cpp
[4.139s] [  0%] Built target pcl_msgs_generate_messages_cpp
[4.160s] [  0%] Built target dynamic_reconfigure_generate_messages_lisp
[4.180s] [  0%] Built target sensor_msgs_generate_messages_lisp
[4.202s] [  0%] Built target rosgraph_msgs_generate_messages_lisp
[4.233s] [  0%] Built target rosgraph_msgs_generate_messages_cpp
[4.257s] [  0%] Built target topic_tools_generate_messages_cpp
[4.286s] [  0%] Built target diagnostic_msgs_generate_messages_py
[4.306s] [  0%] Built target autoware_system_msgs_generate_messages_eus
[4.332s] [  0%] Built target dynamic_reconfigure_generate_messages_cpp
[4.354s] [  0%] Built target tf_generate_messages_py
[4.375s] [  0%] Built target rosgraph_msgs_generate_messages_eus
[4.395s] [  0%] Built target std_msgs_generate_messages_cpp
[4.416s] [  0%] Built target sensor_msgs_generate_messages_py
[4.436s] [  0%] Built target nodelet_generate_messages_py
[4.464s] [  0%] Built target actionlib_msgs_generate_messages_lisp
[4.485s] [  0%] Built target autoware_system_msgs_generate_messages_nodejs
[4.507s] [  0%] Built target autoware_system_msgs_generate_messages_lisp
[4.531s] [  0%] Built target actionlib_msgs_generate_messages_eus
[4.554s] [  0%] Built target roscpp_generate_messages_eus
[4.575s] [  0%] Built target rosgraph_msgs_generate_messages_py
[4.603s] [  0%] Built target autoware_config_msgs_generate_messages_cpp
[4.628s] [  0%] Built target rosgraph_msgs_generate_messages_nodejs
[4.650s] [  0%] Built target std_msgs_generate_messages_eus
[4.675s] [  0%] Built target geometry_msgs_generate_messages_nodejs
[4.696s] [  0%] Built target autoware_config_msgs_generate_messages_eus
[4.724s] [  0%] Built target autoware_config_msgs_generate_messages_lisp
[4.743s] [  0%] Built target sensor_msgs_generate_messages_eus
[4.763s] [  0%] Built target sensor_msgs_generate_messages_cpp
[4.785s] [  0%] Built target sensor_msgs_generate_messages_nodejs
[4.816s] [  0%] Built target autoware_system_msgs_generate_messages_py
[4.847s] [  0%] Built target dynamic_reconfigure_generate_messages_eus
[4.869s] [  0%] Built target roscpp_generate_messages_nodejs
[4.894s] [  0%] Built target std_msgs_generate_messages_lisp
[4.915s] [  0%] Built target std_msgs_generate_messages_nodejs
[4.938s] [  0%] Built target bond_generate_messages_lisp
[4.961s] [  0%] Built target std_msgs_generate_messages_py
[4.982s] [  0%] Built target pcl_msgs_generate_messages_eus
[5.012s] [  0%] Built target topic_tools_generate_messages_eus
[5.034s] [  0%] Built target pcl_msgs_generate_messages_nodejs
[5.057s] [  0%] Built target nodelet_generate_messages_nodejs
[5.078s] [  0%] Built target diagnostic_msgs_generate_messages_cpp
[5.102s] [  0%] Built target actionlib_generate_messages_eus
[5.124s] [  0%] Built target pcl_msgs_generate_messages_py
[5.148s] [  0%] Built target std_srvs_generate_messages_eus
[5.173s] [  0%] Built target roscpp_generate_messages_lisp
[5.199s] [  0%] Built target bond_generate_messages_eus
[5.221s] [  0%] Built target roscpp_generate_messages_py
[5.242s] [  0%] Built target pcl_ros_gencfg
[5.273s] [  0%] Built target topic_tools_generate_messages_nodejs
[5.295s] [  0%] Built target dynamic_reconfigure_generate_messages_nodejs
[5.316s] [  0%] Built target dynamic_reconfigure_generate_messages_py
[5.337s] [  0%] Built target tf2_msgs_generate_messages_lisp
[5.358s] [  0%] Built target dynamic_reconfigure_gencfg
[5.382s] [  0%] Built target nodelet_generate_messages_cpp
[5.403s] [  0%] Built target bond_generate_messages_py
[5.425s] [  0%] Built target std_srvs_generate_messages_nodejs
[5.448s] [  0%] Built target nodelet_generate_messages_eus
[5.475s] [  0%] Built target nodelet_generate_messages_lisp
[5.506s] [  0%] Built target bond_generate_messages_cpp
[5.528s] [  0%] Built target actionlib_msgs_generate_messages_cpp
[5.552s] [  0%] Built target tf_generate_messages_eus
[5.577s] [  0%] Built target autoware_config_msgs_generate_messages_py
[5.599s] [  0%] Built target bond_generate_messages_nodejs
[5.621s] [  0%] Built target actionlib_msgs_generate_messages_nodejs
[5.645s] [  0%] Built target topic_tools_generate_messages_py
[5.675s] [  0%] Built target nodelet_topic_tools_gencfg
[5.699s] [  0%] Built target std_srvs_generate_messages_lisp
[5.722s] [  0%] Built target topic_tools_generate_messages_lisp
[5.743s] [  0%] Built target std_srvs_generate_messages_cpp
[5.767s] [  0%] Built target std_srvs_generate_messages_py
[5.788s] [  0%] Built target actionlib_generate_messages_nodejs
[5.809s] [  0%] Built target pcl_msgs_generate_messages_lisp
[5.830s] [  0%] Built target tf_generate_messages_cpp
[5.851s] [  0%] Built target tf_generate_messages_lisp
[5.871s] [  0%] Built target autoware_config_msgs_generate_messages_nodejs
[5.897s] [  0%] Built target velodyne_msgs_generate_messages_eus
[5.920s] [  0%] Built target velodyne_msgs_generate_messages_lisp
[5.942s] [  0%] Built target velodyne_msgs_generate_messages_nodejs
[5.974s] [  0%] Built target velodyne_msgs_generate_messages_py
[6.041s] [ 14%] Built target compare_map_filter
[6.082s] [ 28%] Built target space_filter
[6.126s] [ 42%] Built target points_concat_filter
[6.180s] [ 57%] Built target cloud_transformer
[6.227s] [ 71%] Built target ring_ground_filter
[6.271s] [ 85%] Built target ray_ground_filter_lib
[6.316s] [100%] Built target ray_ground_filter
[6.340s] [36mInstall the project...[0m
[6.350s] -- Install configuration: "Release"
[6.350s] -- Up-to-date: /home/yeap/APC_2022_Prac/airsimversion/autoware.ai/install/points_preprocessor/lib/pkgconfig/points_preprocessor.pc
[6.350s] -- Up-to-date: /home/yeap/APC_2022_Prac/airsimversion/autoware.ai/install/points_preprocessor/share/points_preprocessor/cmake/points_preprocessorConfig.cmake
[6.350s] -- Up-to-date: /home/yeap/APC_2022_Prac/airsimversion/autoware.ai/install/points_preprocessor/share/points_preprocessor/cmake/points_preprocessorConfig-version.cmake
[6.350s] -- Up-to-date: /home/yeap/APC_2022_Prac/airsimversion/autoware.ai/install/points_preprocessor/share/points_preprocessor/package.xml
[6.350s] -- Up-to-date: /home/yeap/APC_2022_Prac/airsimversion/autoware.ai/install/points_preprocessor/lib/points_preprocessor/cloud_transformer
[6.352s] -- Up-to-date: /home/yeap/APC_2022_Prac/airsimversion/autoware.ai/install/points_preprocessor/lib/points_preprocessor/points_concat_filter
[6.353s] -- Up-to-date: /home/yeap/APC_2022_Prac/airsimversion/autoware.ai/install/points_preprocessor/lib/libray_ground_filter_lib.so
[6.354s] -- Up-to-date: /home/yeap/APC_2022_Prac/airsimversion/autoware.ai/install/points_preprocessor/lib/points_preprocessor/ray_ground_filter
[6.354s] -- Up-to-date: /home/yeap/APC_2022_Prac/airsimversion/autoware.ai/install/points_preprocessor/lib/points_preprocessor/ring_ground_filter
[6.355s] -- Up-to-date: /home/yeap/APC_2022_Prac/airsimversion/autoware.ai/install/points_preprocessor/lib/points_preprocessor/space_filter
[6.356s] -- Up-to-date: /home/yeap/APC_2022_Prac/airsimversion/autoware.ai/install/points_preprocessor/lib/points_preprocessor/compare_map_filter
[6.357s] -- Up-to-date: /home/yeap/APC_2022_Prac/airsimversion/autoware.ai/install/points_preprocessor/include
[6.357s] -- Up-to-date: /home/yeap/APC_2022_Prac/airsimversion/autoware.ai/install/points_preprocessor/include/gencolors.cpp
[6.357s] -- Up-to-date: /home/yeap/APC_2022_Prac/airsimversion/autoware.ai/install/points_preprocessor/include/points_preprocessor
[6.357s] -- Up-to-date: /home/yeap/APC_2022_Prac/airsimversion/autoware.ai/install/points_preprocessor/include/points_preprocessor/ray_ground_filter
[6.357s] -- Up-to-date: /home/yeap/APC_2022_Prac/airsimversion/autoware.ai/install/points_preprocessor/include/points_preprocessor/ray_ground_filter/ray_ground_filter.h
[6.357s] -- Up-to-date: /home/yeap/APC_2022_Prac/airsimversion/autoware.ai/install/points_preprocessor/share/points_preprocessor/launch
[6.357s] -- Up-to-date: /home/yeap/APC_2022_Prac/airsimversion/autoware.ai/install/points_preprocessor/share/points_preprocessor/launch/ring_ground_filter.launch
[6.358s] -- Up-to-date: /home/yeap/APC_2022_Prac/airsimversion/autoware.ai/install/points_preprocessor/share/points_preprocessor/launch/space_filter.launch
[6.358s] -- Up-to-date: /home/yeap/APC_2022_Prac/airsimversion/autoware.ai/install/points_preprocessor/share/points_preprocessor/launch/points_concat_filter.launch
[6.358s] -- Up-to-date: /home/yeap/APC_2022_Prac/airsimversion/autoware.ai/install/points_preprocessor/share/points_preprocessor/launch/compare_map_filter.launch
[6.358s] -- Up-to-date: /home/yeap/APC_2022_Prac/airsimversion/autoware.ai/install/points_preprocessor/share/points_preprocessor/launch/ray_ground_filter.launch
[6.358s] -- Up-to-date: /home/yeap/APC_2022_Prac/airsimversion/autoware.ai/install/points_preprocessor/share/points_preprocessor/launch/cloud_transformer.launch
[6.361s] Invoked command in '/home/yeap/APC_2022_Prac/airsimversion/autoware.ai/build/points_preprocessor' returned '0': CMAKE_PREFIX_PATH=/home/yeap/APC_2022_Prac/airsimversion/autoware.ai/install/autoware_health_checker:/home/yeap/APC_2022_Prac/airsimversion/autoware.ai/install/ros_observer:/home/yeap/APC_2022_Prac/airsimversion/autoware.ai/install/autoware_system_msgs:/home/yeap/APC_2022_Prac/airsimversion/autoware.ai/install/autoware_config_msgs:/home/yeap/APC_2022_Prac/airsimversion/autoware.ai/install/autoware_build_flags:${CMAKE_PREFIX_PATH} LD_LIBRARY_PATH=/home/yeap/APC_2022_Prac/airsimversion/autoware.ai/install/autoware_health_checker/lib:/home/yeap/APC_2022_Prac/airsimversion/autoware.ai/install/ros_observer/lib:${LD_LIBRARY_PATH} PKG_CONFIG_PATH=/home/yeap/APC_2022_Prac/airsimversion/autoware.ai/install/autoware_health_checker/lib/x86_64-linux-gnu/pkgconfig:/home/yeap/APC_2022_Prac/airsimversion/autoware.ai/install/autoware_health_checker/lib/pkgconfig:/home/yeap/APC_2022_Prac/airsimversion/autoware.ai/install/ros_observer/lib/x86_64-linux-gnu/pkgconfig:/home/yeap/APC_2022_Prac/airsimversion/autoware.ai/install/ros_observer/lib/pkgconfig:/home/yeap/APC_2022_Prac/airsimversion/autoware.ai/install/autoware_system_msgs/lib/x86_64-linux-gnu/pkgconfig:/home/yeap/APC_2022_Prac/airsimversion/autoware.ai/install/autoware_system_msgs/lib/pkgconfig:/home/yeap/APC_2022_Prac/airsimversion/autoware.ai/install/autoware_config_msgs/lib/x86_64-linux-gnu/pkgconfig:/home/yeap/APC_2022_Prac/airsimversion/autoware.ai/install/autoware_config_msgs/lib/pkgconfig:/home/yeap/APC_2022_Prac/airsimversion/autoware.ai/install/autoware_build_flags/lib/x86_64-linux-gnu/pkgconfig:/home/yeap/APC_2022_Prac/airsimversion/autoware.ai/install/autoware_build_flags/lib/pkgconfig:${PKG_CONFIG_PATH} PYTHONPATH=/home/yeap/APC_2022_Prac/airsimversion/autoware.ai/install/autoware_system_msgs/lib/python2.7/dist-packages:/home/yeap/APC_2022_Prac/airsimversion/autoware.ai/install/autoware_config_msgs/lib/python2.7/dist-packages:${PYTHONPATH} ROS_PACKAGE_PATH=/home/yeap/APC_2022_Prac/airsimversion/autoware.ai/install/autoware_health_checker/share:/home/yeap/APC_2022_Prac/airsimversion/autoware.ai/install/ros_observer/share:/home/yeap/APC_2022_Prac/airsimversion/autoware.ai/install/autoware_system_msgs/share:/home/yeap/APC_2022_Prac/airsimversion/autoware.ai/install/autoware_config_msgs/share:/home/yeap/APC_2022_Prac/airsimversion/autoware.ai/install/autoware_build_flags/share:${ROS_PACKAGE_PATH} /usr/bin/cmake --build /home/yeap/APC_2022_Prac/airsimversion/autoware.ai/build/points_preprocessor --target install -- -j6 -l6
