[0.056s] Invoking command in '/home/yeap/APC_2022_Prac/airsimversion/autoware.ai/build/pure_pursuit': CMAKE_PREFIX_PATH=/home/yeap/APC_2022_Prac/airsimversion/autoware.ai/install/libwaypoint_follower:/home/yeap/APC_2022_Prac/airsimversion/autoware.ai/install/autoware_health_checker:/home/yeap/APC_2022_Prac/airsimversion/autoware.ai/install/amathutils_lib:/home/yeap/APC_2022_Prac/airsimversion/autoware.ai/install/ros_observer:/home/yeap/APC_2022_Prac/airsimversion/autoware.ai/install/autoware_system_msgs:/home/yeap/APC_2022_Prac/airsimversion/autoware.ai/install/autoware_msgs:/home/yeap/APC_2022_Prac/airsimversion/autoware.ai/install/autoware_config_msgs:/home/yeap/APC_2022_Prac/airsimversion/autoware.ai/install/autoware_build_flags:${CMAKE_PREFIX_PATH} LD_LIBRARY_PATH=/home/yeap/APC_2022_Prac/airsimversion/autoware.ai/install/libwaypoint_follower/lib:/home/yeap/APC_2022_Prac/airsimversion/autoware.ai/install/autoware_health_checker/lib:/home/yeap/APC_2022_Prac/airsimversion/autoware.ai/install/amathutils_lib/lib:/home/yeap/APC_2022_Prac/airsimversion/autoware.ai/install/ros_observer/lib:${LD_LIBRARY_PATH} PKG_CONFIG_PATH=/home/yeap/APC_2022_Prac/airsimversion/autoware.ai/install/libwaypoint_follower/lib/x86_64-linux-gnu/pkgconfig:/home/yeap/APC_2022_Prac/airsimversion/autoware.ai/install/libwaypoint_follower/lib/pkgconfig:/home/yeap/APC_2022_Prac/airsimversion/autoware.ai/install/autoware_health_checker/lib/x86_64-linux-gnu/pkgconfig:/home/yeap/APC_2022_Prac/airsimversion/autoware.ai/install/autoware_health_checker/lib/pkgconfig:/home/yeap/APC_2022_Prac/airsimversion/autoware.ai/install/amathutils_lib/lib/x86_64-linux-gnu/pkgconfig:/home/yeap/APC_2022_Prac/airsimversion/autoware.ai/install/amathutils_lib/lib/pkgconfig:/home/yeap/APC_2022_Prac/airsimversion/autoware.ai/install/ros_observer/lib/x86_64-linux-gnu/pkgconfig:/home/yeap/APC_2022_Prac/airsimversion/autoware.ai/install/ros_observer/lib/pkgconfig:/home/yeap/APC_2022_Prac/airsimversion/autoware.ai/install/autoware_system_msgs/lib/x86_64-linux-gnu/pkgconfig:/home/yeap/APC_2022_Prac/airsimversion/autoware.ai/install/autoware_system_msgs/lib/pkgconfig:/home/yeap/APC_2022_Prac/airsimversion/autoware.ai/install/autoware_msgs/lib/x86_64-linux-gnu/pkgconfig:/home/yeap/APC_2022_Prac/airsimversion/autoware.ai/install/autoware_msgs/lib/pkgconfig:/home/yeap/APC_2022_Prac/airsimversion/autoware.ai/install/autoware_config_msgs/lib/x86_64-linux-gnu/pkgconfig:/home/yeap/APC_2022_Prac/airsimversion/autoware.ai/install/autoware_config_msgs/lib/pkgconfig:/home/yeap/APC_2022_Prac/airsimversion/autoware.ai/install/autoware_build_flags/lib/x86_64-linux-gnu/pkgconfig:/home/yeap/APC_2022_Prac/airsimversion/autoware.ai/install/autoware_build_flags/lib/pkgconfig:${PKG_CONFIG_PATH} PYTHONPATH=/home/yeap/APC_2022_Prac/airsimversion/autoware.ai/install/autoware_system_msgs/lib/python2.7/dist-packages:/home/yeap/APC_2022_Prac/airsimversion/autoware.ai/install/autoware_msgs/lib/python2.7/dist-packages:/home/yeap/APC_2022_Prac/airsimversion/autoware.ai/install/autoware_config_msgs/lib/python2.7/dist-packages:${PYTHONPATH} ROS_PACKAGE_PATH=/home/yeap/APC_2022_Prac/airsimversion/autoware.ai/install/libwaypoint_follower/share:/home/yeap/APC_2022_Prac/airsimversion/autoware.ai/install/autoware_health_checker/share:/home/yeap/APC_2022_Prac/airsimversion/autoware.ai/install/amathutils_lib/share:/home/yeap/APC_2022_Prac/airsimversion/autoware.ai/install/ros_observer/share:/home/yeap/APC_2022_Prac/airsimversion/autoware.ai/install/autoware_system_msgs/share:/home/yeap/APC_2022_Prac/airsimversion/autoware.ai/install/autoware_msgs/share:/home/yeap/APC_2022_Prac/airsimversion/autoware.ai/install/autoware_config_msgs/share:/home/yeap/APC_2022_Prac/airsimversion/autoware.ai/install/autoware_build_flags/share:${ROS_PACKAGE_PATH} /usr/bin/cmake /home/yeap/APC_2022_Prac/airsimversion/autoware.ai/src/autoware/core_planning/pure_pursuit -DCMAKE_BUILD_TYPE=Release -DCATKIN_INSTALL_INTO_PREFIX_ROOT=0 -DCMAKE_INSTALL_PREFIX=/home/yeap/APC_2022_Prac/airsimversion/autoware.ai/install/pure_pursuit
[0.156s] -- The C compiler identification is GNU 7.5.0
[0.221s] -- The CXX compiler identification is GNU 7.5.0
[0.228s] -- Check for working C compiler: /usr/bin/cc
[0.299s] -- Check for working C compiler: /usr/bin/cc -- works
[0.299s] -- Detecting C compiler ABI info
[0.374s] -- Detecting C compiler ABI info - done
[0.383s] -- Detecting C compile features
[0.614s] -- Detecting C compile features - done
[0.615s] -- Check for working CXX compiler: /usr/bin/c++
[0.700s] -- Check for working CXX compiler: /usr/bin/c++ -- works
[0.701s] -- Detecting CXX compiler ABI info
[0.786s] -- Detecting CXX compiler ABI info - done
[0.796s] -- Detecting CXX compile features
[1.171s] -- Detecting CXX compile features - done
[1.173s] -- CUDA compilation status: .
[1.176s] -- Using CATKIN_DEVEL_PREFIX: /home/yeap/APC_2022_Prac/airsimversion/autoware.ai/build/pure_pursuit/devel
[1.177s] -- Using CMAKE_PREFIX_PATH: /home/yeap/APC_2022_Prac/airsimversion/autoware.ai/install/libwaypoint_follower;/home/yeap/APC_2022_Prac/airsimversion/autoware.ai/install/autoware_health_checker;/home/yeap/APC_2022_Prac/airsimversion/autoware.ai/install/amathutils_lib;/home/yeap/APC_2022_Prac/airsimversion/autoware.ai/install/ros_observer;/home/yeap/APC_2022_Prac/airsimversion/autoware.ai/install/autoware_system_msgs;/home/yeap/APC_2022_Prac/airsimversion/autoware.ai/install/autoware_msgs;/home/yeap/APC_2022_Prac/airsimversion/autoware.ai/install/autoware_config_msgs;/home/yeap/APC_2022_Prac/airsimversion/autoware.ai/install/autoware_build_flags;/opt/ros/melodic
[1.177s] -- This workspace overlays: /home/yeap/APC_2022_Prac/airsimversion/autoware.ai/install/libwaypoint_follower;/home/yeap/APC_2022_Prac/airsimversion/autoware.ai/install/autoware_health_checker;/home/yeap/APC_2022_Prac/airsimversion/autoware.ai/install/amathutils_lib;/home/yeap/APC_2022_Prac/airsimversion/autoware.ai/install/ros_observer;/home/yeap/APC_2022_Prac/airsimversion/autoware.ai/install/autoware_system_msgs;/home/yeap/APC_2022_Prac/airsimversion/autoware.ai/install/autoware_msgs;/home/yeap/APC_2022_Prac/airsimversion/autoware.ai/install/autoware_config_msgs;/home/yeap/APC_2022_Prac/airsimversion/autoware.ai/install/autoware_build_flags;/opt/ros/melodic
[1.193s] -- Found PythonInterp: /usr/bin/python2 (found suitable version "2.7.17", minimum required is "2") 
[1.194s] -- Using PYTHON_EXECUTABLE: /usr/bin/python2
[1.194s] -- Using Debian Python package layout
[1.195s] -- Using empy: /usr/bin/empy
[1.362s] -- Using CATKIN_ENABLE_TESTING: ON
[1.362s] -- Call enable_testing()
[1.365s] -- Using CATKIN_TEST_RESULTS_DIR: /home/yeap/APC_2022_Prac/airsimversion/autoware.ai/build/pure_pursuit/test_results
[1.389s] -- Found gtest sources under '/usr/src/googletest': gtests will be built
[1.389s] -- Found gmock sources under '/usr/src/googletest': gmock will be built
[1.405s] -- Found PythonInterp: /usr/bin/python2 (found version "2.7.17") 
[1.407s] -- Looking for pthread.h
[1.482s] -- Looking for pthread.h - found
[1.483s] -- Looking for pthread_create
[1.573s] -- Looking for pthread_create - not found
[1.573s] -- Looking for pthread_create in pthreads
[1.634s] -- Looking for pthread_create in pthreads - not found
[1.634s] -- Looking for pthread_create in pthread
[1.702s] -- Looking for pthread_create in pthread - found
[1.703s] -- Found Threads: TRUE  
[1.708s] -- Using Python nosetests: /usr/bin/nosetests-2.7
[1.757s] -- catkin 0.7.29
[1.757s] -- BUILD_SHARED_LIBS is on
[1.923s] -- Using these message generators: gencpp;geneus;genlisp;gennodejs;genpy
[2.354s] -- Configuring done
[2.412s] -- Generating done
[2.427s] -- Build files have been written to: /home/yeap/APC_2022_Prac/airsimversion/autoware.ai/build/pure_pursuit
[2.438s] Invoked command in '/home/yeap/APC_2022_Prac/airsimversion/autoware.ai/build/pure_pursuit' returned '0': CMAKE_PREFIX_PATH=/home/yeap/APC_2022_Prac/airsimversion/autoware.ai/install/libwaypoint_follower:/home/yeap/APC_2022_Prac/airsimversion/autoware.ai/install/autoware_health_checker:/home/yeap/APC_2022_Prac/airsimversion/autoware.ai/install/amathutils_lib:/home/yeap/APC_2022_Prac/airsimversion/autoware.ai/install/ros_observer:/home/yeap/APC_2022_Prac/airsimversion/autoware.ai/install/autoware_system_msgs:/home/yeap/APC_2022_Prac/airsimversion/autoware.ai/install/autoware_msgs:/home/yeap/APC_2022_Prac/airsimversion/autoware.ai/install/autoware_config_msgs:/home/yeap/APC_2022_Prac/airsimversion/autoware.ai/install/autoware_build_flags:${CMAKE_PREFIX_PATH} LD_LIBRARY_PATH=/home/yeap/APC_2022_Prac/airsimversion/autoware.ai/install/libwaypoint_follower/lib:/home/yeap/APC_2022_Prac/airsimversion/autoware.ai/install/autoware_health_checker/lib:/home/yeap/APC_2022_Prac/airsimversion/autoware.ai/install/amathutils_lib/lib:/home/yeap/APC_2022_Prac/airsimversion/autoware.ai/install/ros_observer/lib:${LD_LIBRARY_PATH} PKG_CONFIG_PATH=/home/yeap/APC_2022_Prac/airsimversion/autoware.ai/install/libwaypoint_follower/lib/x86_64-linux-gnu/pkgconfig:/home/yeap/APC_2022_Prac/airsimversion/autoware.ai/install/libwaypoint_follower/lib/pkgconfig:/home/yeap/APC_2022_Prac/airsimversion/autoware.ai/install/autoware_health_checker/lib/x86_64-linux-gnu/pkgconfig:/home/yeap/APC_2022_Prac/airsimversion/autoware.ai/install/autoware_health_checker/lib/pkgconfig:/home/yeap/APC_2022_Prac/airsimversion/autoware.ai/install/amathutils_lib/lib/x86_64-linux-gnu/pkgconfig:/home/yeap/APC_2022_Prac/airsimversion/autoware.ai/install/amathutils_lib/lib/pkgconfig:/home/yeap/APC_2022_Prac/airsimversion/autoware.ai/install/ros_observer/lib/x86_64-linux-gnu/pkgconfig:/home/yeap/APC_2022_Prac/airsimversion/autoware.ai/install/ros_observer/lib/pkgconfig:/home/yeap/APC_2022_Prac/airsimversion/autoware.ai/install/autoware_system_msgs/lib/x86_64-linux-gnu/pkgconfig:/home/yeap/APC_2022_Prac/airsimversion/autoware.ai/install/autoware_system_msgs/lib/pkgconfig:/home/yeap/APC_2022_Prac/airsimversion/autoware.ai/install/autoware_msgs/lib/x86_64-linux-gnu/pkgconfig:/home/yeap/APC_2022_Prac/airsimversion/autoware.ai/install/autoware_msgs/lib/pkgconfig:/home/yeap/APC_2022_Prac/airsimversion/autoware.ai/install/autoware_config_msgs/lib/x86_64-linux-gnu/pkgconfig:/home/yeap/APC_2022_Prac/airsimversion/autoware.ai/install/autoware_config_msgs/lib/pkgconfig:/home/yeap/APC_2022_Prac/airsimversion/autoware.ai/install/autoware_build_flags/lib/x86_64-linux-gnu/pkgconfig:/home/yeap/APC_2022_Prac/airsimversion/autoware.ai/install/autoware_build_flags/lib/pkgconfig:${PKG_CONFIG_PATH} PYTHONPATH=/home/yeap/APC_2022_Prac/airsimversion/autoware.ai/install/autoware_system_msgs/lib/python2.7/dist-packages:/home/yeap/APC_2022_Prac/airsimversion/autoware.ai/install/autoware_msgs/lib/python2.7/dist-packages:/home/yeap/APC_2022_Prac/airsimversion/autoware.ai/install/autoware_config_msgs/lib/python2.7/dist-packages:${PYTHONPATH} ROS_PACKAGE_PATH=/home/yeap/APC_2022_Prac/airsimversion/autoware.ai/install/libwaypoint_follower/share:/home/yeap/APC_2022_Prac/airsimversion/autoware.ai/install/autoware_health_checker/share:/home/yeap/APC_2022_Prac/airsimversion/autoware.ai/install/amathutils_lib/share:/home/yeap/APC_2022_Prac/airsimversion/autoware.ai/install/ros_observer/share:/home/yeap/APC_2022_Prac/airsimversion/autoware.ai/install/autoware_system_msgs/share:/home/yeap/APC_2022_Prac/airsimversion/autoware.ai/install/autoware_msgs/share:/home/yeap/APC_2022_Prac/airsimversion/autoware.ai/install/autoware_config_msgs/share:/home/yeap/APC_2022_Prac/airsimversion/autoware.ai/install/autoware_build_flags/share:${ROS_PACKAGE_PATH} /usr/bin/cmake /home/yeap/APC_2022_Prac/airsimversion/autoware.ai/src/autoware/core_planning/pure_pursuit -DCMAKE_BUILD_TYPE=Release -DCATKIN_INSTALL_INTO_PREFIX_ROOT=0 -DCMAKE_INSTALL_PREFIX=/home/yeap/APC_2022_Prac/airsimversion/autoware.ai/install/pure_pursuit
[2.440s] Invoking command in '/home/yeap/APC_2022_Prac/airsimversion/autoware.ai/build/pure_pursuit': CMAKE_PREFIX_PATH=/home/yeap/APC_2022_Prac/airsimversion/autoware.ai/install/libwaypoint_follower:/home/yeap/APC_2022_Prac/airsimversion/autoware.ai/install/autoware_health_checker:/home/yeap/APC_2022_Prac/airsimversion/autoware.ai/install/amathutils_lib:/home/yeap/APC_2022_Prac/airsimversion/autoware.ai/install/ros_observer:/home/yeap/APC_2022_Prac/airsimversion/autoware.ai/install/autoware_system_msgs:/home/yeap/APC_2022_Prac/airsimversion/autoware.ai/install/autoware_msgs:/home/yeap/APC_2022_Prac/airsimversion/autoware.ai/install/autoware_config_msgs:/home/yeap/APC_2022_Prac/airsimversion/autoware.ai/install/autoware_build_flags:${CMAKE_PREFIX_PATH} LD_LIBRARY_PATH=/home/yeap/APC_2022_Prac/airsimversion/autoware.ai/install/libwaypoint_follower/lib:/home/yeap/APC_2022_Prac/airsimversion/autoware.ai/install/autoware_health_checker/lib:/home/yeap/APC_2022_Prac/airsimversion/autoware.ai/install/amathutils_lib/lib:/home/yeap/APC_2022_Prac/airsimversion/autoware.ai/install/ros_observer/lib:${LD_LIBRARY_PATH} PKG_CONFIG_PATH=/home/yeap/APC_2022_Prac/airsimversion/autoware.ai/install/libwaypoint_follower/lib/x86_64-linux-gnu/pkgconfig:/home/yeap/APC_2022_Prac/airsimversion/autoware.ai/install/libwaypoint_follower/lib/pkgconfig:/home/yeap/APC_2022_Prac/airsimversion/autoware.ai/install/autoware_health_checker/lib/x86_64-linux-gnu/pkgconfig:/home/yeap/APC_2022_Prac/airsimversion/autoware.ai/install/autoware_health_checker/lib/pkgconfig:/home/yeap/APC_2022_Prac/airsimversion/autoware.ai/install/amathutils_lib/lib/x86_64-linux-gnu/pkgconfig:/home/yeap/APC_2022_Prac/airsimversion/autoware.ai/install/amathutils_lib/lib/pkgconfig:/home/yeap/APC_2022_Prac/airsimversion/autoware.ai/install/ros_observer/lib/x86_64-linux-gnu/pkgconfig:/home/yeap/APC_2022_Prac/airsimversion/autoware.ai/install/ros_observer/lib/pkgconfig:/home/yeap/APC_2022_Prac/airsimversion/autoware.ai/install/autoware_system_msgs/lib/x86_64-linux-gnu/pkgconfig:/home/yeap/APC_2022_Prac/airsimversion/autoware.ai/install/autoware_system_msgs/lib/pkgconfig:/home/yeap/APC_2022_Prac/airsimversion/autoware.ai/install/autoware_msgs/lib/x86_64-linux-gnu/pkgconfig:/home/yeap/APC_2022_Prac/airsimversion/autoware.ai/install/autoware_msgs/lib/pkgconfig:/home/yeap/APC_2022_Prac/airsimversion/autoware.ai/install/autoware_config_msgs/lib/x86_64-linux-gnu/pkgconfig:/home/yeap/APC_2022_Prac/airsimversion/autoware.ai/install/autoware_config_msgs/lib/pkgconfig:/home/yeap/APC_2022_Prac/airsimversion/autoware.ai/install/autoware_build_flags/lib/x86_64-linux-gnu/pkgconfig:/home/yeap/APC_2022_Prac/airsimversion/autoware.ai/install/autoware_build_flags/lib/pkgconfig:${PKG_CONFIG_PATH} PYTHONPATH=/home/yeap/APC_2022_Prac/airsimversion/autoware.ai/install/autoware_system_msgs/lib/python2.7/dist-packages:/home/yeap/APC_2022_Prac/airsimversion/autoware.ai/install/autoware_msgs/lib/python2.7/dist-packages:/home/yeap/APC_2022_Prac/airsimversion/autoware.ai/install/autoware_config_msgs/lib/python2.7/dist-packages:${PYTHONPATH} ROS_PACKAGE_PATH=/home/yeap/APC_2022_Prac/airsimversion/autoware.ai/install/libwaypoint_follower/share:/home/yeap/APC_2022_Prac/airsimversion/autoware.ai/install/autoware_health_checker/share:/home/yeap/APC_2022_Prac/airsimversion/autoware.ai/install/amathutils_lib/share:/home/yeap/APC_2022_Prac/airsimversion/autoware.ai/install/ros_observer/share:/home/yeap/APC_2022_Prac/airsimversion/autoware.ai/install/autoware_system_msgs/share:/home/yeap/APC_2022_Prac/airsimversion/autoware.ai/install/autoware_msgs/share:/home/yeap/APC_2022_Prac/airsimversion/autoware.ai/install/autoware_config_msgs/share:/home/yeap/APC_2022_Prac/airsimversion/autoware.ai/install/autoware_build_flags/share:${ROS_PACKAGE_PATH} /usr/bin/cmake --build /home/yeap/APC_2022_Prac/airsimversion/autoware.ai/build/pure_pursuit -- -j6 -l6
[2.492s] [35m[1mScanning dependencies of target autoware_config_msgs_generate_messages_lisp[0m
[2.503s] [  0%] Built target autoware_config_msgs_generate_messages_lisp
[2.513s] [35m[1mScanning dependencies of target roscpp_generate_messages_cpp[0m
[2.525s] [  0%] Built target roscpp_generate_messages_cpp
[2.537s] [35m[1mScanning dependencies of target actionlib_generate_messages_cpp[0m
[2.549s] [  0%] Built target actionlib_generate_messages_cpp
[2.561s] [35m[1mScanning dependencies of target pcl_msgs_generate_messages_eus[0m
[2.572s] [  0%] Built target pcl_msgs_generate_messages_eus
[2.584s] [35m[1mScanning dependencies of target rosgraph_msgs_generate_messages_eus[0m
[2.595s] [  0%] Built target rosgraph_msgs_generate_messages_eus
[2.607s] [35m[1mScanning dependencies of target jsk_recognition_msgs_generate_messages_lisp[0m
[2.619s] [  0%] Built target jsk_recognition_msgs_generate_messages_lisp
[2.630s] [35m[1mScanning dependencies of target jsk_recognition_msgs_generate_messages_eus[0m
[2.642s] [  0%] Built target jsk_recognition_msgs_generate_messages_eus
[2.654s] [35m[1mScanning dependencies of target tf2_msgs_generate_messages_cpp[0m
[2.670s] [  0%] Built target tf2_msgs_generate_messages_cpp
[2.688s] [35m[1mScanning dependencies of target std_msgs_generate_messages_py[0m
[2.701s] [  0%] Built target std_msgs_generate_messages_py
[2.718s] [35m[1mScanning dependencies of target autoware_msgs_generate_messages_py[0m
[2.727s] [  0%] Built target autoware_msgs_generate_messages_py
[2.740s] [35m[1mScanning dependencies of target std_msgs_generate_messages_nodejs[0m
[2.752s] [  0%] Built target std_msgs_generate_messages_nodejs
[2.764s] [35m[1mScanning dependencies of target sensor_msgs_generate_messages_eus[0m
[2.775s] [  0%] Built target sensor_msgs_generate_messages_eus
[2.787s] [35m[1mScanning dependencies of target _catkin_empty_exported_target[0m
[2.799s] [  0%] Built target _catkin_empty_exported_target
[2.811s] [35m[1mScanning dependencies of target sensor_msgs_generate_messages_cpp[0m
[2.822s] [  0%] Built target sensor_msgs_generate_messages_cpp
[2.838s] [35m[1mScanning dependencies of target autoware_msgs_generate_messages_cpp[0m
[2.852s] [  0%] Built target autoware_msgs_generate_messages_cpp
[2.866s] [35m[1mScanning dependencies of target rosgraph_msgs_generate_messages_cpp[0m
[2.880s] [  0%] Built target rosgraph_msgs_generate_messages_cpp
[2.891s] [35m[1mScanning dependencies of target pcl_msgs_generate_messages_nodejs[0m
[2.903s] [  0%] Built target pcl_msgs_generate_messages_nodejs
[2.915s] [35m[1mScanning dependencies of target jsk_recognition_msgs_generate_messages_py[0m
[2.928s] [  0%] Built target jsk_recognition_msgs_generate_messages_py
[2.941s] [35m[1mScanning dependencies of target sensor_msgs_generate_messages_lisp[0m
[2.959s] [  0%] Built target sensor_msgs_generate_messages_lisp
[2.973s] [35m[1mScanning dependencies of target sensor_msgs_generate_messages_py[0m
[2.986s] [  0%] Built target sensor_msgs_generate_messages_py
[3.001s] [35m[1mScanning dependencies of target tf_generate_messages_py[0m
[3.013s] [  0%] Built target tf_generate_messages_py
[3.025s] [35m[1mScanning dependencies of target std_msgs_generate_messages_cpp[0m
[3.037s] [  0%] Built target std_msgs_generate_messages_cpp
[3.049s] [35m[1mScanning dependencies of target jsk_footstep_msgs_generate_messages_py[0m
[3.062s] [  0%] Built target jsk_footstep_msgs_generate_messages_py
[3.074s] [35m[1mScanning dependencies of target actionlib_msgs_generate_messages_nodejs[0m
[3.086s] [  0%] Built target actionlib_msgs_generate_messages_nodejs
[3.098s] [35m[1mScanning dependencies of target geometry_msgs_generate_messages_eus[0m
[3.110s] [  0%] Built target geometry_msgs_generate_messages_eus
[3.122s] [35m[1mScanning dependencies of target std_msgs_generate_messages_lisp[0m
[3.135s] [  0%] Built target std_msgs_generate_messages_lisp
[3.147s] [35m[1mScanning dependencies of target roscpp_generate_messages_nodejs[0m
[3.159s] [  0%] Built target roscpp_generate_messages_nodejs
[3.171s] [35m[1mScanning dependencies of target autoware_system_msgs_generate_messages_cpp[0m
[3.183s] [  0%] Built target autoware_system_msgs_generate_messages_cpp
[3.195s] [35m[1mScanning dependencies of target geometry_msgs_generate_messages_nodejs[0m
[3.206s] [  0%] Built target geometry_msgs_generate_messages_nodejs
[3.219s] [35m[1mScanning dependencies of target geometry_msgs_generate_messages_lisp[0m
[3.231s] [  0%] Built target geometry_msgs_generate_messages_lisp
[3.244s] [35m[1mScanning dependencies of target pcl_msgs_generate_messages_cpp[0m
[3.256s] [  0%] Built target pcl_msgs_generate_messages_cpp
[3.268s] [35m[1mScanning dependencies of target jsk_recognition_msgs_generate_messages_cpp[0m
[3.280s] [  0%] Built target jsk_recognition_msgs_generate_messages_cpp
[3.292s] [35m[1mScanning dependencies of target autoware_msgs_generate_messages_eus[0m
[3.307s] [  0%] Built target autoware_msgs_generate_messages_eus
[3.325s] [35m[1mScanning dependencies of target autoware_msgs_generate_messages_lisp[0m
[3.341s] [  0%] Built target autoware_msgs_generate_messages_lisp
[3.354s] [35m[1mScanning dependencies of target std_msgs_generate_messages_eus[0m
[3.367s] [  0%] Built target std_msgs_generate_messages_eus
[3.379s] [35m[1mScanning dependencies of target autoware_msgs_generate_messages_nodejs[0m
[3.392s] [  0%] Built target autoware_msgs_generate_messages_nodejs
[3.404s] [35m[1mScanning dependencies of target jsk_footstep_msgs_generate_messages_eus[0m
[3.416s] [  0%] Built target jsk_footstep_msgs_generate_messages_eus
[3.428s] [35m[1mScanning dependencies of target actionlib_msgs_generate_messages_py[0m
[3.439s] [  0%] Built target actionlib_msgs_generate_messages_py
[3.452s] [35m[1mScanning dependencies of target autoware_config_msgs_generate_messages_eus[0m
[3.464s] [  0%] Built target autoware_config_msgs_generate_messages_eus
[3.476s] [35m[1mScanning dependencies of target jsk_footstep_msgs_generate_messages_lisp[0m
[3.488s] [  0%] Built target jsk_footstep_msgs_generate_messages_lisp
[3.499s] [35m[1mScanning dependencies of target jsk_footstep_msgs_generate_messages_nodejs[0m
[3.511s] [  0%] Built target jsk_footstep_msgs_generate_messages_nodejs
[3.522s] [35m[1mScanning dependencies of target autoware_system_msgs_generate_messages_nodejs[0m
[3.534s] [  0%] Built target autoware_system_msgs_generate_messages_nodejs
[3.547s] [35m[1mScanning dependencies of target actionlib_msgs_generate_messages_lisp[0m
[3.559s] [  0%] Built target actionlib_msgs_generate_messages_lisp
[3.574s] [35m[1mScanning dependencies of target jsk_footstep_msgs_generate_messages_cpp[0m
[3.586s] [  0%] Built target jsk_footstep_msgs_generate_messages_cpp
[3.598s] [35m[1mScanning dependencies of target actionlib_msgs_generate_messages_cpp[0m
[3.610s] [  0%] Built target actionlib_msgs_generate_messages_cpp
[3.621s] [35m[1mScanning dependencies of target tf_generate_messages_eus[0m
[3.633s] [  0%] Built target tf_generate_messages_eus
[3.646s] [35m[1mScanning dependencies of target tf_generate_messages_lisp[0m
[3.657s] [  0%] Built target tf_generate_messages_lisp
[3.669s] [35m[1mScanning dependencies of target autoware_config_msgs_generate_messages_nodejs[0m
[3.681s] [  0%] Built target autoware_config_msgs_generate_messages_nodejs
[3.693s] [35m[1mScanning dependencies of target tf_generate_messages_nodejs[0m
[3.705s] [  0%] Built target tf_generate_messages_nodejs
[3.718s] [35m[1mScanning dependencies of target jsk_recognition_msgs_generate_messages_nodejs[0m
[3.731s] [  0%] Built target jsk_recognition_msgs_generate_messages_nodejs
[3.745s] [35m[1mScanning dependencies of target roscpp_generate_messages_lisp[0m
[3.757s] [  0%] Built target roscpp_generate_messages_lisp
[3.770s] [35m[1mScanning dependencies of target roscpp_generate_messages_py[0m
[3.783s] [  0%] Built target roscpp_generate_messages_py
[3.796s] [35m[1mScanning dependencies of target rosgraph_msgs_generate_messages_lisp[0m
[3.809s] [  0%] Built target rosgraph_msgs_generate_messages_lisp
[3.821s] [35m[1mScanning dependencies of target autoware_config_msgs_generate_messages_cpp[0m
[3.832s] [  0%] Built target autoware_config_msgs_generate_messages_cpp
[3.845s] [35m[1mScanning dependencies of target rosgraph_msgs_generate_messages_nodejs[0m
[3.857s] [  0%] Built target rosgraph_msgs_generate_messages_nodejs
[3.870s] [35m[1mScanning dependencies of target roscpp_generate_messages_eus[0m
[3.882s] [  0%] Built target roscpp_generate_messages_eus
[3.895s] [35m[1mScanning dependencies of target actionlib_msgs_generate_messages_eus[0m
[3.908s] [  0%] Built target actionlib_msgs_generate_messages_eus
[3.921s] [35m[1mScanning dependencies of target rosgraph_msgs_generate_messages_py[0m
[3.934s] [  0%] Built target rosgraph_msgs_generate_messages_py
[3.947s] [35m[1mScanning dependencies of target autoware_config_msgs_generate_messages_py[0m
[3.959s] [  0%] Built target autoware_config_msgs_generate_messages_py
[3.971s] [35m[1mScanning dependencies of target pcl_msgs_generate_messages_py[0m
[3.983s] [  0%] Built target pcl_msgs_generate_messages_py
[3.995s] [35m[1mScanning dependencies of target actionlib_generate_messages_eus[0m
[4.008s] [  0%] Built target actionlib_generate_messages_eus
[4.021s] [35m[1mScanning dependencies of target geometry_msgs_generate_messages_cpp[0m
[4.034s] [  0%] Built target geometry_msgs_generate_messages_cpp
[4.047s] [35m[1mScanning dependencies of target actionlib_generate_messages_lisp[0m
[4.060s] [  0%] Built target actionlib_generate_messages_lisp
[4.073s] [35m[1mScanning dependencies of target pcl_msgs_generate_messages_lisp[0m
[4.086s] [  0%] Built target pcl_msgs_generate_messages_lisp
[4.099s] [35m[1mScanning dependencies of target tf_generate_messages_cpp[0m
[4.111s] [  0%] Built target tf_generate_messages_cpp
[4.124s] [35m[1mScanning dependencies of target actionlib_generate_messages_nodejs[0m
[4.137s] [  0%] Built target actionlib_generate_messages_nodejs
[4.150s] [35m[1mScanning dependencies of target autoware_system_msgs_generate_messages_eus[0m
[4.163s] [  0%] Built target autoware_system_msgs_generate_messages_eus
[4.175s] [35m[1mScanning dependencies of target tf2_msgs_generate_messages_eus[0m
[4.188s] [  0%] Built target tf2_msgs_generate_messages_eus
[4.200s] [35m[1mScanning dependencies of target tf2_msgs_generate_messages_lisp[0m
[4.213s] [  0%] Built target tf2_msgs_generate_messages_lisp
[4.224s] [35m[1mScanning dependencies of target actionlib_generate_messages_py[0m
[4.238s] [  0%] Built target actionlib_generate_messages_py
[4.250s] [35m[1mScanning dependencies of target tf2_msgs_generate_messages_py[0m
[4.263s] [  0%] Built target tf2_msgs_generate_messages_py
[4.275s] [35m[1mScanning dependencies of target tf2_msgs_generate_messages_nodejs[0m
[4.288s] [  0%] Built target tf2_msgs_generate_messages_nodejs
[4.300s] [35m[1mScanning dependencies of target sensor_msgs_generate_messages_nodejs[0m
[4.313s] [  0%] Built target sensor_msgs_generate_messages_nodejs
[4.325s] [35m[1mScanning dependencies of target autoware_system_msgs_generate_messages_py[0m
[4.338s] [  0%] Built target autoware_system_msgs_generate_messages_py
[4.350s] [35m[1mScanning dependencies of target geometry_msgs_generate_messages_py[0m
[4.363s] [  0%] Built target geometry_msgs_generate_messages_py
[4.374s] [35m[1mScanning dependencies of target autoware_system_msgs_generate_messages_lisp[0m
[4.395s] [  0%] Built target autoware_system_msgs_generate_messages_lisp
[4.407s] [35m[1mScanning dependencies of target pure_pursuit[0m
[4.460s] [ 20%] [32mBuilding CXX object CMakeFiles/pure_pursuit.dir/src/pure_pursuit_node.cpp.o[0m
[9.785s] [ 40%] [32mBuilding CXX object CMakeFiles/pure_pursuit.dir/src/pure_pursuit_viz.cpp.o[0m
[14.869s] [ 60%] [32mBuilding CXX object CMakeFiles/pure_pursuit.dir/src/pure_pursuit_core.cpp.o[0m
[22.910s] [ 80%] [32mBuilding CXX object CMakeFiles/pure_pursuit.dir/src/pure_pursuit.cpp.o[0m
[27.871s] [100%] [32m[1mLinking CXX executable devel/lib/pure_pursuit/pure_pursuit[0m
[28.176s] [100%] Built target pure_pursuit
[28.193s] Invoked command in '/home/yeap/APC_2022_Prac/airsimversion/autoware.ai/build/pure_pursuit' returned '0': CMAKE_PREFIX_PATH=/home/yeap/APC_2022_Prac/airsimversion/autoware.ai/install/libwaypoint_follower:/home/yeap/APC_2022_Prac/airsimversion/autoware.ai/install/autoware_health_checker:/home/yeap/APC_2022_Prac/airsimversion/autoware.ai/install/amathutils_lib:/home/yeap/APC_2022_Prac/airsimversion/autoware.ai/install/ros_observer:/home/yeap/APC_2022_Prac/airsimversion/autoware.ai/install/autoware_system_msgs:/home/yeap/APC_2022_Prac/airsimversion/autoware.ai/install/autoware_msgs:/home/yeap/APC_2022_Prac/airsimversion/autoware.ai/install/autoware_config_msgs:/home/yeap/APC_2022_Prac/airsimversion/autoware.ai/install/autoware_build_flags:${CMAKE_PREFIX_PATH} LD_LIBRARY_PATH=/home/yeap/APC_2022_Prac/airsimversion/autoware.ai/install/libwaypoint_follower/lib:/home/yeap/APC_2022_Prac/airsimversion/autoware.ai/install/autoware_health_checker/lib:/home/yeap/APC_2022_Prac/airsimversion/autoware.ai/install/amathutils_lib/lib:/home/yeap/APC_2022_Prac/airsimversion/autoware.ai/install/ros_observer/lib:${LD_LIBRARY_PATH} PKG_CONFIG_PATH=/home/yeap/APC_2022_Prac/airsimversion/autoware.ai/install/libwaypoint_follower/lib/x86_64-linux-gnu/pkgconfig:/home/yeap/APC_2022_Prac/airsimversion/autoware.ai/install/libwaypoint_follower/lib/pkgconfig:/home/yeap/APC_2022_Prac/airsimversion/autoware.ai/install/autoware_health_checker/lib/x86_64-linux-gnu/pkgconfig:/home/yeap/APC_2022_Prac/airsimversion/autoware.ai/install/autoware_health_checker/lib/pkgconfig:/home/yeap/APC_2022_Prac/airsimversion/autoware.ai/install/amathutils_lib/lib/x86_64-linux-gnu/pkgconfig:/home/yeap/APC_2022_Prac/airsimversion/autoware.ai/install/amathutils_lib/lib/pkgconfig:/home/yeap/APC_2022_Prac/airsimversion/autoware.ai/install/ros_observer/lib/x86_64-linux-gnu/pkgconfig:/home/yeap/APC_2022_Prac/airsimversion/autoware.ai/install/ros_observer/lib/pkgconfig:/home/yeap/APC_2022_Prac/airsimversion/autoware.ai/install/autoware_system_msgs/lib/x86_64-linux-gnu/pkgconfig:/home/yeap/APC_2022_Prac/airsimversion/autoware.ai/install/autoware_system_msgs/lib/pkgconfig:/home/yeap/APC_2022_Prac/airsimversion/autoware.ai/install/autoware_msgs/lib/x86_64-linux-gnu/pkgconfig:/home/yeap/APC_2022_Prac/airsimversion/autoware.ai/install/autoware_msgs/lib/pkgconfig:/home/yeap/APC_2022_Prac/airsimversion/autoware.ai/install/autoware_config_msgs/lib/x86_64-linux-gnu/pkgconfig:/home/yeap/APC_2022_Prac/airsimversion/autoware.ai/install/autoware_config_msgs/lib/pkgconfig:/home/yeap/APC_2022_Prac/airsimversion/autoware.ai/install/autoware_build_flags/lib/x86_64-linux-gnu/pkgconfig:/home/yeap/APC_2022_Prac/airsimversion/autoware.ai/install/autoware_build_flags/lib/pkgconfig:${PKG_CONFIG_PATH} PYTHONPATH=/home/yeap/APC_2022_Prac/airsimversion/autoware.ai/install/autoware_system_msgs/lib/python2.7/dist-packages:/home/yeap/APC_2022_Prac/airsimversion/autoware.ai/install/autoware_msgs/lib/python2.7/dist-packages:/home/yeap/APC_2022_Prac/airsimversion/autoware.ai/install/autoware_config_msgs/lib/python2.7/dist-packages:${PYTHONPATH} ROS_PACKAGE_PATH=/home/yeap/APC_2022_Prac/airsimversion/autoware.ai/install/libwaypoint_follower/share:/home/yeap/APC_2022_Prac/airsimversion/autoware.ai/install/autoware_health_checker/share:/home/yeap/APC_2022_Prac/airsimversion/autoware.ai/install/amathutils_lib/share:/home/yeap/APC_2022_Prac/airsimversion/autoware.ai/install/ros_observer/share:/home/yeap/APC_2022_Prac/airsimversion/autoware.ai/install/autoware_system_msgs/share:/home/yeap/APC_2022_Prac/airsimversion/autoware.ai/install/autoware_msgs/share:/home/yeap/APC_2022_Prac/airsimversion/autoware.ai/install/autoware_config_msgs/share:/home/yeap/APC_2022_Prac/airsimversion/autoware.ai/install/autoware_build_flags/share:${ROS_PACKAGE_PATH} /usr/bin/cmake --build /home/yeap/APC_2022_Prac/airsimversion/autoware.ai/build/pure_pursuit -- -j6 -l6
[28.318s] Invoking command in '/home/yeap/APC_2022_Prac/airsimversion/autoware.ai/build/pure_pursuit': CMAKE_PREFIX_PATH=/home/yeap/APC_2022_Prac/airsimversion/autoware.ai/install/libwaypoint_follower:/home/yeap/APC_2022_Prac/airsimversion/autoware.ai/install/autoware_health_checker:/home/yeap/APC_2022_Prac/airsimversion/autoware.ai/install/amathutils_lib:/home/yeap/APC_2022_Prac/airsimversion/autoware.ai/install/ros_observer:/home/yeap/APC_2022_Prac/airsimversion/autoware.ai/install/autoware_system_msgs:/home/yeap/APC_2022_Prac/airsimversion/autoware.ai/install/autoware_msgs:/home/yeap/APC_2022_Prac/airsimversion/autoware.ai/install/autoware_config_msgs:/home/yeap/APC_2022_Prac/airsimversion/autoware.ai/install/autoware_build_flags:${CMAKE_PREFIX_PATH} LD_LIBRARY_PATH=/home/yeap/APC_2022_Prac/airsimversion/autoware.ai/install/libwaypoint_follower/lib:/home/yeap/APC_2022_Prac/airsimversion/autoware.ai/install/autoware_health_checker/lib:/home/yeap/APC_2022_Prac/airsimversion/autoware.ai/install/amathutils_lib/lib:/home/yeap/APC_2022_Prac/airsimversion/autoware.ai/install/ros_observer/lib:${LD_LIBRARY_PATH} PKG_CONFIG_PATH=/home/yeap/APC_2022_Prac/airsimversion/autoware.ai/install/libwaypoint_follower/lib/x86_64-linux-gnu/pkgconfig:/home/yeap/APC_2022_Prac/airsimversion/autoware.ai/install/libwaypoint_follower/lib/pkgconfig:/home/yeap/APC_2022_Prac/airsimversion/autoware.ai/install/autoware_health_checker/lib/x86_64-linux-gnu/pkgconfig:/home/yeap/APC_2022_Prac/airsimversion/autoware.ai/install/autoware_health_checker/lib/pkgconfig:/home/yeap/APC_2022_Prac/airsimversion/autoware.ai/install/amathutils_lib/lib/x86_64-linux-gnu/pkgconfig:/home/yeap/APC_2022_Prac/airsimversion/autoware.ai/install/amathutils_lib/lib/pkgconfig:/home/yeap/APC_2022_Prac/airsimversion/autoware.ai/install/ros_observer/lib/x86_64-linux-gnu/pkgconfig:/home/yeap/APC_2022_Prac/airsimversion/autoware.ai/install/ros_observer/lib/pkgconfig:/home/yeap/APC_2022_Prac/airsimversion/autoware.ai/install/autoware_system_msgs/lib/x86_64-linux-gnu/pkgconfig:/home/yeap/APC_2022_Prac/airsimversion/autoware.ai/install/autoware_system_msgs/lib/pkgconfig:/home/yeap/APC_2022_Prac/airsimversion/autoware.ai/install/autoware_msgs/lib/x86_64-linux-gnu/pkgconfig:/home/yeap/APC_2022_Prac/airsimversion/autoware.ai/install/autoware_msgs/lib/pkgconfig:/home/yeap/APC_2022_Prac/airsimversion/autoware.ai/install/autoware_config_msgs/lib/x86_64-linux-gnu/pkgconfig:/home/yeap/APC_2022_Prac/airsimversion/autoware.ai/install/autoware_config_msgs/lib/pkgconfig:/home/yeap/APC_2022_Prac/airsimversion/autoware.ai/install/autoware_build_flags/lib/x86_64-linux-gnu/pkgconfig:/home/yeap/APC_2022_Prac/airsimversion/autoware.ai/install/autoware_build_flags/lib/pkgconfig:${PKG_CONFIG_PATH} PYTHONPATH=/home/yeap/APC_2022_Prac/airsimversion/autoware.ai/install/autoware_system_msgs/lib/python2.7/dist-packages:/home/yeap/APC_2022_Prac/airsimversion/autoware.ai/install/autoware_msgs/lib/python2.7/dist-packages:/home/yeap/APC_2022_Prac/airsimversion/autoware.ai/install/autoware_config_msgs/lib/python2.7/dist-packages:${PYTHONPATH} ROS_PACKAGE_PATH=/home/yeap/APC_2022_Prac/airsimversion/autoware.ai/install/libwaypoint_follower/share:/home/yeap/APC_2022_Prac/airsimversion/autoware.ai/install/autoware_health_checker/share:/home/yeap/APC_2022_Prac/airsimversion/autoware.ai/install/amathutils_lib/share:/home/yeap/APC_2022_Prac/airsimversion/autoware.ai/install/ros_observer/share:/home/yeap/APC_2022_Prac/airsimversion/autoware.ai/install/autoware_system_msgs/share:/home/yeap/APC_2022_Prac/airsimversion/autoware.ai/install/autoware_msgs/share:/home/yeap/APC_2022_Prac/airsimversion/autoware.ai/install/autoware_config_msgs/share:/home/yeap/APC_2022_Prac/airsimversion/autoware.ai/install/autoware_build_flags/share:${ROS_PACKAGE_PATH} /usr/bin/cmake --build /home/yeap/APC_2022_Prac/airsimversion/autoware.ai/build/pure_pursuit --target tests -- -j6 -l6
[28.393s] [35m[1mScanning dependencies of target gtest[0m
[28.417s] [ 14%] [32mBuilding CXX object gtest/googlemock/gtest/CMakeFiles/gtest.dir/src/gtest-all.cc.o[0m
[33.588s] [ 28%] [32m[1mLinking CXX shared library libgtest.so[0m
[33.697s] [ 28%] Built target gtest
[33.720s] [ 28%] Built target roscpp_generate_messages_cpp
[33.742s] [ 28%] Built target actionlib_generate_messages_cpp
[33.765s] [ 28%] Built target pcl_msgs_generate_messages_eus
[33.790s] [ 28%] Built target rosgraph_msgs_generate_messages_eus
[33.814s] [ 28%] Built target jsk_recognition_msgs_generate_messages_lisp
[33.847s] [ 28%] Built target jsk_recognition_msgs_generate_messages_eus
[33.875s] [ 28%] Built target tf2_msgs_generate_messages_cpp
[33.900s] [ 28%] Built target std_msgs_generate_messages_py
[33.935s] [ 28%] Built target autoware_msgs_generate_messages_py
[33.957s] [ 28%] Built target std_msgs_generate_messages_nodejs
[33.979s] [ 28%] Built target sensor_msgs_generate_messages_eus
[34.012s] [ 28%] Built target _catkin_empty_exported_target
[34.052s] [ 28%] Built target sensor_msgs_generate_messages_cpp
[34.076s] [ 28%] Built target autoware_msgs_generate_messages_cpp
[34.105s] [ 28%] Built target rosgraph_msgs_generate_messages_cpp
[34.129s] [ 28%] Built target pcl_msgs_generate_messages_nodejs
[34.153s] [ 28%] Built target jsk_recognition_msgs_generate_messages_py
[34.176s] [ 28%] Built target sensor_msgs_generate_messages_lisp
[34.200s] [ 28%] Built target sensor_msgs_generate_messages_py
[34.227s] [ 28%] Built target tf_generate_messages_py
[34.251s] [ 28%] Built target std_msgs_generate_messages_cpp
[34.274s] [ 28%] Built target jsk_footstep_msgs_generate_messages_py
[34.301s] [ 28%] Built target actionlib_msgs_generate_messages_nodejs
[34.327s] [ 28%] Built target geometry_msgs_generate_messages_eus
[34.350s] [ 28%] Built target std_msgs_generate_messages_lisp
[34.373s] [ 28%] Built target roscpp_generate_messages_nodejs
[34.405s] [ 28%] Built target autoware_system_msgs_generate_messages_cpp
[34.432s] [ 28%] Built target geometry_msgs_generate_messages_nodejs
[34.460s] [ 28%] Built target geometry_msgs_generate_messages_lisp
[34.482s] [ 28%] Built target pcl_msgs_generate_messages_cpp
[34.506s] [ 28%] Built target jsk_recognition_msgs_generate_messages_cpp
[34.528s] [ 28%] Built target autoware_msgs_generate_messages_eus
[34.551s] [ 28%] Built target autoware_msgs_generate_messages_lisp
[34.574s] [ 28%] Built target std_msgs_generate_messages_eus
[34.608s] [ 28%] Built target autoware_msgs_generate_messages_nodejs
[34.648s] [ 28%] Built target jsk_footstep_msgs_generate_messages_eus
[34.667s] [ 28%] Built target actionlib_msgs_generate_messages_py
[34.697s] [ 28%] Built target autoware_config_msgs_generate_messages_eus
[34.719s] [ 28%] Built target jsk_footstep_msgs_generate_messages_lisp
[34.744s] [ 28%] Built target jsk_footstep_msgs_generate_messages_nodejs
[34.769s] [ 28%] Built target autoware_system_msgs_generate_messages_nodejs
[34.788s] [ 28%] Built target actionlib_msgs_generate_messages_lisp
[34.811s] [ 28%] Built target jsk_footstep_msgs_generate_messages_cpp
[34.834s] [ 28%] Built target actionlib_msgs_generate_messages_cpp
[34.857s] [ 28%] Built target tf_generate_messages_eus
[34.882s] [ 28%] Built target tf_generate_messages_lisp
[34.907s] [ 28%] Built target autoware_config_msgs_generate_messages_nodejs
[34.938s] [ 28%] Built target tf_generate_messages_nodejs
[34.963s] [ 28%] Built target jsk_recognition_msgs_generate_messages_nodejs
[34.987s] [ 28%] Built target roscpp_generate_messages_lisp
[35.013s] [ 28%] Built target roscpp_generate_messages_py
[35.038s] [ 28%] Built target rosgraph_msgs_generate_messages_lisp
[35.063s] [ 28%] Built target autoware_config_msgs_generate_messages_cpp
[35.086s] [ 28%] Built target rosgraph_msgs_generate_messages_nodejs
[35.113s] [ 28%] Built target roscpp_generate_messages_eus
[35.137s] [ 28%] Built target actionlib_msgs_generate_messages_eus
[35.166s] [ 28%] Built target rosgraph_msgs_generate_messages_py
[35.194s] [ 28%] Built target autoware_config_msgs_generate_messages_py
[35.220s] [ 28%] Built target pcl_msgs_generate_messages_py
[35.244s] [ 28%] Built target actionlib_generate_messages_eus
[35.266s] [ 28%] Built target geometry_msgs_generate_messages_cpp
[35.289s] [ 28%] Built target actionlib_generate_messages_lisp
[35.313s] [ 28%] Built target pcl_msgs_generate_messages_lisp
[35.336s] [ 28%] Built target tf_generate_messages_cpp
[35.359s] [ 28%] Built target actionlib_generate_messages_nodejs
[35.382s] [ 28%] Built target autoware_system_msgs_generate_messages_eus
[35.406s] [ 28%] Built target tf2_msgs_generate_messages_eus
[35.430s] [ 28%] Built target tf2_msgs_generate_messages_lisp
[35.460s] [ 28%] Built target actionlib_generate_messages_py
[35.483s] [ 28%] Built target tf2_msgs_generate_messages_py
[35.509s] [ 28%] Built target tf2_msgs_generate_messages_nodejs
[35.534s] [ 28%] Built target autoware_config_msgs_generate_messages_lisp
[35.559s] [ 28%] Built target sensor_msgs_generate_messages_nodejs
[35.582s] [ 28%] Built target autoware_system_msgs_generate_messages_py
[35.607s] [ 28%] Built target geometry_msgs_generate_messages_py
[35.631s] [ 28%] Built target autoware_system_msgs_generate_messages_lisp
[35.644s] [35m[1mScanning dependencies of target test-pure_pursuit[0m
[35.689s] [ 42%] [32mBuilding CXX object CMakeFiles/test-pure_pursuit.dir/test/src/test_pure_pursuit.cpp.o[0m
[42.401s] [ 57%] [32mBuilding CXX object CMakeFiles/test-pure_pursuit.dir/src/pure_pursuit_viz.cpp.o[0m
[47.649s] [ 71%] [32mBuilding CXX object CMakeFiles/test-pure_pursuit.dir/src/pure_pursuit.cpp.o[0m
[52.741s] [ 85%] [32mBuilding CXX object CMakeFiles/test-pure_pursuit.dir/src/pure_pursuit_core.cpp.o[0m
[61.005s] [100%] [32m[1mLinking CXX executable devel/lib/pure_pursuit/test-pure_pursuit[0m
[61.304s] [100%] Built target test-pure_pursuit
[61.316s] [35m[1mScanning dependencies of target tests[0m
[61.327s] [100%] Built target tests
[61.343s] Invoked command in '/home/yeap/APC_2022_Prac/airsimversion/autoware.ai/build/pure_pursuit' returned '0': CMAKE_PREFIX_PATH=/home/yeap/APC_2022_Prac/airsimversion/autoware.ai/install/libwaypoint_follower:/home/yeap/APC_2022_Prac/airsimversion/autoware.ai/install/autoware_health_checker:/home/yeap/APC_2022_Prac/airsimversion/autoware.ai/install/amathutils_lib:/home/yeap/APC_2022_Prac/airsimversion/autoware.ai/install/ros_observer:/home/yeap/APC_2022_Prac/airsimversion/autoware.ai/install/autoware_system_msgs:/home/yeap/APC_2022_Prac/airsimversion/autoware.ai/install/autoware_msgs:/home/yeap/APC_2022_Prac/airsimversion/autoware.ai/install/autoware_config_msgs:/home/yeap/APC_2022_Prac/airsimversion/autoware.ai/install/autoware_build_flags:${CMAKE_PREFIX_PATH} LD_LIBRARY_PATH=/home/yeap/APC_2022_Prac/airsimversion/autoware.ai/install/libwaypoint_follower/lib:/home/yeap/APC_2022_Prac/airsimversion/autoware.ai/install/autoware_health_checker/lib:/home/yeap/APC_2022_Prac/airsimversion/autoware.ai/install/amathutils_lib/lib:/home/yeap/APC_2022_Prac/airsimversion/autoware.ai/install/ros_observer/lib:${LD_LIBRARY_PATH} PKG_CONFIG_PATH=/home/yeap/APC_2022_Prac/airsimversion/autoware.ai/install/libwaypoint_follower/lib/x86_64-linux-gnu/pkgconfig:/home/yeap/APC_2022_Prac/airsimversion/autoware.ai/install/libwaypoint_follower/lib/pkgconfig:/home/yeap/APC_2022_Prac/airsimversion/autoware.ai/install/autoware_health_checker/lib/x86_64-linux-gnu/pkgconfig:/home/yeap/APC_2022_Prac/airsimversion/autoware.ai/install/autoware_health_checker/lib/pkgconfig:/home/yeap/APC_2022_Prac/airsimversion/autoware.ai/install/amathutils_lib/lib/x86_64-linux-gnu/pkgconfig:/home/yeap/APC_2022_Prac/airsimversion/autoware.ai/install/amathutils_lib/lib/pkgconfig:/home/yeap/APC_2022_Prac/airsimversion/autoware.ai/install/ros_observer/lib/x86_64-linux-gnu/pkgconfig:/home/yeap/APC_2022_Prac/airsimversion/autoware.ai/install/ros_observer/lib/pkgconfig:/home/yeap/APC_2022_Prac/airsimversion/autoware.ai/install/autoware_system_msgs/lib/x86_64-linux-gnu/pkgconfig:/home/yeap/APC_2022_Prac/airsimversion/autoware.ai/install/autoware_system_msgs/lib/pkgconfig:/home/yeap/APC_2022_Prac/airsimversion/autoware.ai/install/autoware_msgs/lib/x86_64-linux-gnu/pkgconfig:/home/yeap/APC_2022_Prac/airsimversion/autoware.ai/install/autoware_msgs/lib/pkgconfig:/home/yeap/APC_2022_Prac/airsimversion/autoware.ai/install/autoware_config_msgs/lib/x86_64-linux-gnu/pkgconfig:/home/yeap/APC_2022_Prac/airsimversion/autoware.ai/install/autoware_config_msgs/lib/pkgconfig:/home/yeap/APC_2022_Prac/airsimversion/autoware.ai/install/autoware_build_flags/lib/x86_64-linux-gnu/pkgconfig:/home/yeap/APC_2022_Prac/airsimversion/autoware.ai/install/autoware_build_flags/lib/pkgconfig:${PKG_CONFIG_PATH} PYTHONPATH=/home/yeap/APC_2022_Prac/airsimversion/autoware.ai/install/autoware_system_msgs/lib/python2.7/dist-packages:/home/yeap/APC_2022_Prac/airsimversion/autoware.ai/install/autoware_msgs/lib/python2.7/dist-packages:/home/yeap/APC_2022_Prac/airsimversion/autoware.ai/install/autoware_config_msgs/lib/python2.7/dist-packages:${PYTHONPATH} ROS_PACKAGE_PATH=/home/yeap/APC_2022_Prac/airsimversion/autoware.ai/install/libwaypoint_follower/share:/home/yeap/APC_2022_Prac/airsimversion/autoware.ai/install/autoware_health_checker/share:/home/yeap/APC_2022_Prac/airsimversion/autoware.ai/install/amathutils_lib/share:/home/yeap/APC_2022_Prac/airsimversion/autoware.ai/install/ros_observer/share:/home/yeap/APC_2022_Prac/airsimversion/autoware.ai/install/autoware_system_msgs/share:/home/yeap/APC_2022_Prac/airsimversion/autoware.ai/install/autoware_msgs/share:/home/yeap/APC_2022_Prac/airsimversion/autoware.ai/install/autoware_config_msgs/share:/home/yeap/APC_2022_Prac/airsimversion/autoware.ai/install/autoware_build_flags/share:${ROS_PACKAGE_PATH} /usr/bin/cmake --build /home/yeap/APC_2022_Prac/airsimversion/autoware.ai/build/pure_pursuit --target tests -- -j6 -l6
[61.474s] Invoking command in '/home/yeap/APC_2022_Prac/airsimversion/autoware.ai/build/pure_pursuit': CMAKE_PREFIX_PATH=/home/yeap/APC_2022_Prac/airsimversion/autoware.ai/install/libwaypoint_follower:/home/yeap/APC_2022_Prac/airsimversion/autoware.ai/install/autoware_health_checker:/home/yeap/APC_2022_Prac/airsimversion/autoware.ai/install/amathutils_lib:/home/yeap/APC_2022_Prac/airsimversion/autoware.ai/install/ros_observer:/home/yeap/APC_2022_Prac/airsimversion/autoware.ai/install/autoware_system_msgs:/home/yeap/APC_2022_Prac/airsimversion/autoware.ai/install/autoware_msgs:/home/yeap/APC_2022_Prac/airsimversion/autoware.ai/install/autoware_config_msgs:/home/yeap/APC_2022_Prac/airsimversion/autoware.ai/install/autoware_build_flags:${CMAKE_PREFIX_PATH} LD_LIBRARY_PATH=/home/yeap/APC_2022_Prac/airsimversion/autoware.ai/install/libwaypoint_follower/lib:/home/yeap/APC_2022_Prac/airsimversion/autoware.ai/install/autoware_health_checker/lib:/home/yeap/APC_2022_Prac/airsimversion/autoware.ai/install/amathutils_lib/lib:/home/yeap/APC_2022_Prac/airsimversion/autoware.ai/install/ros_observer/lib:${LD_LIBRARY_PATH} PKG_CONFIG_PATH=/home/yeap/APC_2022_Prac/airsimversion/autoware.ai/install/libwaypoint_follower/lib/x86_64-linux-gnu/pkgconfig:/home/yeap/APC_2022_Prac/airsimversion/autoware.ai/install/libwaypoint_follower/lib/pkgconfig:/home/yeap/APC_2022_Prac/airsimversion/autoware.ai/install/autoware_health_checker/lib/x86_64-linux-gnu/pkgconfig:/home/yeap/APC_2022_Prac/airsimversion/autoware.ai/install/autoware_health_checker/lib/pkgconfig:/home/yeap/APC_2022_Prac/airsimversion/autoware.ai/install/amathutils_lib/lib/x86_64-linux-gnu/pkgconfig:/home/yeap/APC_2022_Prac/airsimversion/autoware.ai/install/amathutils_lib/lib/pkgconfig:/home/yeap/APC_2022_Prac/airsimversion/autoware.ai/install/ros_observer/lib/x86_64-linux-gnu/pkgconfig:/home/yeap/APC_2022_Prac/airsimversion/autoware.ai/install/ros_observer/lib/pkgconfig:/home/yeap/APC_2022_Prac/airsimversion/autoware.ai/install/autoware_system_msgs/lib/x86_64-linux-gnu/pkgconfig:/home/yeap/APC_2022_Prac/airsimversion/autoware.ai/install/autoware_system_msgs/lib/pkgconfig:/home/yeap/APC_2022_Prac/airsimversion/autoware.ai/install/autoware_msgs/lib/x86_64-linux-gnu/pkgconfig:/home/yeap/APC_2022_Prac/airsimversion/autoware.ai/install/autoware_msgs/lib/pkgconfig:/home/yeap/APC_2022_Prac/airsimversion/autoware.ai/install/autoware_config_msgs/lib/x86_64-linux-gnu/pkgconfig:/home/yeap/APC_2022_Prac/airsimversion/autoware.ai/install/autoware_config_msgs/lib/pkgconfig:/home/yeap/APC_2022_Prac/airsimversion/autoware.ai/install/autoware_build_flags/lib/x86_64-linux-gnu/pkgconfig:/home/yeap/APC_2022_Prac/airsimversion/autoware.ai/install/autoware_build_flags/lib/pkgconfig:${PKG_CONFIG_PATH} PYTHONPATH=/home/yeap/APC_2022_Prac/airsimversion/autoware.ai/install/autoware_system_msgs/lib/python2.7/dist-packages:/home/yeap/APC_2022_Prac/airsimversion/autoware.ai/install/autoware_msgs/lib/python2.7/dist-packages:/home/yeap/APC_2022_Prac/airsimversion/autoware.ai/install/autoware_config_msgs/lib/python2.7/dist-packages:${PYTHONPATH} ROS_PACKAGE_PATH=/home/yeap/APC_2022_Prac/airsimversion/autoware.ai/install/libwaypoint_follower/share:/home/yeap/APC_2022_Prac/airsimversion/autoware.ai/install/autoware_health_checker/share:/home/yeap/APC_2022_Prac/airsimversion/autoware.ai/install/amathutils_lib/share:/home/yeap/APC_2022_Prac/airsimversion/autoware.ai/install/ros_observer/share:/home/yeap/APC_2022_Prac/airsimversion/autoware.ai/install/autoware_system_msgs/share:/home/yeap/APC_2022_Prac/airsimversion/autoware.ai/install/autoware_msgs/share:/home/yeap/APC_2022_Prac/airsimversion/autoware.ai/install/autoware_config_msgs/share:/home/yeap/APC_2022_Prac/airsimversion/autoware.ai/install/autoware_build_flags/share:${ROS_PACKAGE_PATH} /usr/bin/cmake --build /home/yeap/APC_2022_Prac/airsimversion/autoware.ai/build/pure_pursuit --target install -- -j6 -l6
[61.542s] [  0%] Built target autoware_config_msgs_generate_messages_lisp
[61.565s] [  0%] Built target roscpp_generate_messages_cpp
[61.590s] [  0%] Built target actionlib_generate_messages_cpp
[61.616s] [  0%] Built target pcl_msgs_generate_messages_eus
[61.640s] [  0%] Built target rosgraph_msgs_generate_messages_eus
[61.662s] [  0%] Built target jsk_recognition_msgs_generate_messages_lisp
[61.686s] [  0%] Built target jsk_recognition_msgs_generate_messages_eus
[61.713s] [  0%] Built target tf2_msgs_generate_messages_cpp
[61.736s] [  0%] Built target std_msgs_generate_messages_py
[61.760s] [  0%] Built target autoware_msgs_generate_messages_py
[61.784s] [  0%] Built target std_msgs_generate_messages_nodejs
[61.811s] [  0%] Built target sensor_msgs_generate_messages_eus
[61.849s] [  0%] Built target _catkin_empty_exported_target
[61.872s] [  0%] Built target sensor_msgs_generate_messages_cpp
[61.903s] [  0%] Built target autoware_msgs_generate_messages_cpp
[61.929s] [  0%] Built target rosgraph_msgs_generate_messages_cpp
[61.954s] [  0%] Built target pcl_msgs_generate_messages_nodejs
[61.978s] [  0%] Built target jsk_recognition_msgs_generate_messages_py
[62.003s] [  0%] Built target sensor_msgs_generate_messages_lisp
[62.029s] [  0%] Built target sensor_msgs_generate_messages_py
[62.054s] [  0%] Built target tf_generate_messages_py
[62.078s] [  0%] Built target std_msgs_generate_messages_cpp
[62.103s] [  0%] Built target jsk_footstep_msgs_generate_messages_py
[62.129s] [  0%] Built target actionlib_msgs_generate_messages_nodejs
[62.152s] [  0%] Built target geometry_msgs_generate_messages_eus
[62.177s] [  0%] Built target std_msgs_generate_messages_lisp
[62.202s] [  0%] Built target roscpp_generate_messages_nodejs
[62.227s] [  0%] Built target autoware_system_msgs_generate_messages_cpp
[62.250s] [  0%] Built target geometry_msgs_generate_messages_nodejs
[62.272s] [  0%] Built target geometry_msgs_generate_messages_lisp
[62.296s] [  0%] Built target pcl_msgs_generate_messages_cpp
[62.321s] [  0%] Built target jsk_recognition_msgs_generate_messages_cpp
[62.344s] [  0%] Built target autoware_msgs_generate_messages_eus
[62.366s] [  0%] Built target autoware_msgs_generate_messages_lisp
[62.389s] [  0%] Built target std_msgs_generate_messages_eus
[62.412s] [  0%] Built target autoware_msgs_generate_messages_nodejs
[62.435s] [  0%] Built target jsk_footstep_msgs_generate_messages_eus
[62.458s] [  0%] Built target actionlib_msgs_generate_messages_py
[62.481s] [  0%] Built target autoware_config_msgs_generate_messages_eus
[62.508s] [  0%] Built target jsk_footstep_msgs_generate_messages_lisp
[62.533s] [  0%] Built target jsk_footstep_msgs_generate_messages_nodejs
[62.556s] [  0%] Built target autoware_system_msgs_generate_messages_nodejs
[62.578s] [  0%] Built target actionlib_msgs_generate_messages_lisp
[62.602s] [  0%] Built target jsk_footstep_msgs_generate_messages_cpp
[62.627s] [  0%] Built target actionlib_msgs_generate_messages_cpp
[62.650s] [  0%] Built target tf_generate_messages_eus
[62.675s] [  0%] Built target tf_generate_messages_lisp
[62.697s] [  0%] Built target autoware_config_msgs_generate_messages_nodejs
[62.721s] [  0%] Built target tf_generate_messages_nodejs
[62.744s] [  0%] Built target jsk_recognition_msgs_generate_messages_nodejs
[62.766s] [  0%] Built target roscpp_generate_messages_lisp
[62.788s] [  0%] Built target roscpp_generate_messages_py
[62.813s] [  0%] Built target rosgraph_msgs_generate_messages_lisp
[62.836s] [  0%] Built target autoware_config_msgs_generate_messages_cpp
[62.866s] [  0%] Built target rosgraph_msgs_generate_messages_nodejs
[62.896s] [  0%] Built target roscpp_generate_messages_eus
[62.922s] [  0%] Built target actionlib_msgs_generate_messages_eus
[62.946s] [  0%] Built target rosgraph_msgs_generate_messages_py
[62.995s] [  0%] Built target autoware_config_msgs_generate_messages_py
[63.036s] [  0%] Built target pcl_msgs_generate_messages_py
[63.064s] [  0%] Built target actionlib_generate_messages_eus
[63.101s] [  0%] Built target geometry_msgs_generate_messages_cpp
[63.139s] [  0%] Built target actionlib_generate_messages_lisp
[63.205s] [  0%] Built target pcl_msgs_generate_messages_lisp
[63.243s] [  0%] Built target tf_generate_messages_cpp
[63.275s] [  0%] Built target actionlib_generate_messages_nodejs
[63.311s] [  0%] Built target autoware_system_msgs_generate_messages_eus
[63.347s] [  0%] Built target tf2_msgs_generate_messages_eus
[63.387s] [  0%] Built target tf2_msgs_generate_messages_lisp
[63.427s] [  0%] Built target actionlib_generate_messages_py
[63.511s] [  0%] Built target tf2_msgs_generate_messages_py
[63.538s] [  0%] Built target tf2_msgs_generate_messages_nodejs
[63.590s] [  0%] Built target sensor_msgs_generate_messages_nodejs
[63.706s] [  0%] Built target autoware_system_msgs_generate_messages_py
[63.826s] [  0%] Built target geometry_msgs_generate_messages_py
[63.854s] [  0%] Built target autoware_system_msgs_generate_messages_lisp
[64.011s] [100%] Built target pure_pursuit
[64.072s] [36mInstall the project...[0m
[64.086s] -- Install configuration: "Release"
[64.086s] -- Installing: /home/yeap/APC_2022_Prac/airsimversion/autoware.ai/install/pure_pursuit/lib/pkgconfig/pure_pursuit.pc
[64.088s] -- Installing: /home/yeap/APC_2022_Prac/airsimversion/autoware.ai/install/pure_pursuit/share/pure_pursuit/cmake/pure_pursuitConfig.cmake
[64.089s] -- Installing: /home/yeap/APC_2022_Prac/airsimversion/autoware.ai/install/pure_pursuit/share/pure_pursuit/cmake/pure_pursuitConfig-version.cmake
[64.089s] -- Installing: /home/yeap/APC_2022_Prac/airsimversion/autoware.ai/install/pure_pursuit/share/pure_pursuit/package.xml
[64.089s] -- Installing: /home/yeap/APC_2022_Prac/airsimversion/autoware.ai/install/pure_pursuit/lib/pure_pursuit/pure_pursuit
[64.094s] -- Set runtime path of "/home/yeap/APC_2022_Prac/airsimversion/autoware.ai/install/pure_pursuit/lib/pure_pursuit/pure_pursuit" to ""
[64.094s] -- Installing: /home/yeap/APC_2022_Prac/airsimversion/autoware.ai/install/pure_pursuit/share/pure_pursuit/launch
[64.094s] -- Installing: /home/yeap/APC_2022_Prac/airsimversion/autoware.ai/install/pure_pursuit/share/pure_pursuit/launch/pure_pursuit.launch
[64.101s] Invoked command in '/home/yeap/APC_2022_Prac/airsimversion/autoware.ai/build/pure_pursuit' returned '0': CMAKE_PREFIX_PATH=/home/yeap/APC_2022_Prac/airsimversion/autoware.ai/install/libwaypoint_follower:/home/yeap/APC_2022_Prac/airsimversion/autoware.ai/install/autoware_health_checker:/home/yeap/APC_2022_Prac/airsimversion/autoware.ai/install/amathutils_lib:/home/yeap/APC_2022_Prac/airsimversion/autoware.ai/install/ros_observer:/home/yeap/APC_2022_Prac/airsimversion/autoware.ai/install/autoware_system_msgs:/home/yeap/APC_2022_Prac/airsimversion/autoware.ai/install/autoware_msgs:/home/yeap/APC_2022_Prac/airsimversion/autoware.ai/install/autoware_config_msgs:/home/yeap/APC_2022_Prac/airsimversion/autoware.ai/install/autoware_build_flags:${CMAKE_PREFIX_PATH} LD_LIBRARY_PATH=/home/yeap/APC_2022_Prac/airsimversion/autoware.ai/install/libwaypoint_follower/lib:/home/yeap/APC_2022_Prac/airsimversion/autoware.ai/install/autoware_health_checker/lib:/home/yeap/APC_2022_Prac/airsimversion/autoware.ai/install/amathutils_lib/lib:/home/yeap/APC_2022_Prac/airsimversion/autoware.ai/install/ros_observer/lib:${LD_LIBRARY_PATH} PKG_CONFIG_PATH=/home/yeap/APC_2022_Prac/airsimversion/autoware.ai/install/libwaypoint_follower/lib/x86_64-linux-gnu/pkgconfig:/home/yeap/APC_2022_Prac/airsimversion/autoware.ai/install/libwaypoint_follower/lib/pkgconfig:/home/yeap/APC_2022_Prac/airsimversion/autoware.ai/install/autoware_health_checker/lib/x86_64-linux-gnu/pkgconfig:/home/yeap/APC_2022_Prac/airsimversion/autoware.ai/install/autoware_health_checker/lib/pkgconfig:/home/yeap/APC_2022_Prac/airsimversion/autoware.ai/install/amathutils_lib/lib/x86_64-linux-gnu/pkgconfig:/home/yeap/APC_2022_Prac/airsimversion/autoware.ai/install/amathutils_lib/lib/pkgconfig:/home/yeap/APC_2022_Prac/airsimversion/autoware.ai/install/ros_observer/lib/x86_64-linux-gnu/pkgconfig:/home/yeap/APC_2022_Prac/airsimversion/autoware.ai/install/ros_observer/lib/pkgconfig:/home/yeap/APC_2022_Prac/airsimversion/autoware.ai/install/autoware_system_msgs/lib/x86_64-linux-gnu/pkgconfig:/home/yeap/APC_2022_Prac/airsimversion/autoware.ai/install/autoware_system_msgs/lib/pkgconfig:/home/yeap/APC_2022_Prac/airsimversion/autoware.ai/install/autoware_msgs/lib/x86_64-linux-gnu/pkgconfig:/home/yeap/APC_2022_Prac/airsimversion/autoware.ai/install/autoware_msgs/lib/pkgconfig:/home/yeap/APC_2022_Prac/airsimversion/autoware.ai/install/autoware_config_msgs/lib/x86_64-linux-gnu/pkgconfig:/home/yeap/APC_2022_Prac/airsimversion/autoware.ai/install/autoware_config_msgs/lib/pkgconfig:/home/yeap/APC_2022_Prac/airsimversion/autoware.ai/install/autoware_build_flags/lib/x86_64-linux-gnu/pkgconfig:/home/yeap/APC_2022_Prac/airsimversion/autoware.ai/install/autoware_build_flags/lib/pkgconfig:${PKG_CONFIG_PATH} PYTHONPATH=/home/yeap/APC_2022_Prac/airsimversion/autoware.ai/install/autoware_system_msgs/lib/python2.7/dist-packages:/home/yeap/APC_2022_Prac/airsimversion/autoware.ai/install/autoware_msgs/lib/python2.7/dist-packages:/home/yeap/APC_2022_Prac/airsimversion/autoware.ai/install/autoware_config_msgs/lib/python2.7/dist-packages:${PYTHONPATH} ROS_PACKAGE_PATH=/home/yeap/APC_2022_Prac/airsimversion/autoware.ai/install/libwaypoint_follower/share:/home/yeap/APC_2022_Prac/airsimversion/autoware.ai/install/autoware_health_checker/share:/home/yeap/APC_2022_Prac/airsimversion/autoware.ai/install/amathutils_lib/share:/home/yeap/APC_2022_Prac/airsimversion/autoware.ai/install/ros_observer/share:/home/yeap/APC_2022_Prac/airsimversion/autoware.ai/install/autoware_system_msgs/share:/home/yeap/APC_2022_Prac/airsimversion/autoware.ai/install/autoware_msgs/share:/home/yeap/APC_2022_Prac/airsimversion/autoware.ai/install/autoware_config_msgs/share:/home/yeap/APC_2022_Prac/airsimversion/autoware.ai/install/autoware_build_flags/share:${ROS_PACKAGE_PATH} /usr/bin/cmake --build /home/yeap/APC_2022_Prac/airsimversion/autoware.ai/build/pure_pursuit --target install -- -j6 -l6
